#
# A fatal error has been detected by the Java Runtime Environment:
#
#  EXCEPTION_ACCESS_VIOLATION (0xc0000005) at pc=0x00007ffd7f94366c, pid=23896, tid=23272
#
# JRE version: Java(TM) SE Runtime Environment (21.0.1+12) (build 21.0.1+12-LTS-29)
# Java VM: Java HotSpot(TM) 64-Bit Server VM (21.0.1+12-LTS-29, mixed mode, sharing, tiered, compressed oops, compressed class ptrs, g1 gc, windows-amd64)
# Problematic frame:
# C  [igxelpicd64.dll+0x13366c]
#
# No core dump will be written. Minidumps are not enabled by default on client versions of Windows
#
# If you would like to submit a bug report, please visit:
#   https://bugreport.java.com/bugreport/crash.jsp
#

---------------  S U M M A R Y ------------

Command Line: -javaagent:D:\IntelliJ IDEA Community Edition 2023.3.3\lib\idea_rt.jar=57172:D:\IntelliJ IDEA Community Edition 2023.3.3\bin -Dfile.encoding=UTF-8 -Dsun.stdout.encoding=UTF-8 -Dsun.stderr.encoding=UTF-8 main.Main

Host: 11th Gen Intel(R) Core(TM) i5-11400H @ 2.70GHz, 12 cores, 15G,  Windows 11 , 64 bit Build 22621 (10.0.22621.3085)
Time: Wed Feb 21 01:36:01 2024 SE Asia Standard Time elapsed time: 125.137057 seconds (0d 0h 2m 5s)

---------------  T H R E A D  ---------------

Current thread (0x000001f6e5ae64e0):  VMThread "VM Thread"          [id=23272, stack(0x000000c3cb600000,0x000000c3cb700000) (1024K)]

Stack: [0x000000c3cb600000,0x000000c3cb700000],  sp=0x000000c3cb6fe590,  free space=1017k
Native frames: (J=compiled Java code, j=interpreted, Vv=VM code, C=native code)
C  [igxelpicd64.dll+0x13366c]


siginfo: EXCEPTION_ACCESS_VIOLATION (0xc0000005), reading address 0x00000000000356f8


Registers:
RAX=0x000001f6f3c392a8, RBX=0x000001f6f3c391a0, RCX=0x0000000000000000, RDX=0x0000000000000000
RSP=0x000000c3cb6fe590, RBP=0x0000000000000000, RSI=0x000001f6f3c39770, RDI=0x000001f6ea536ef0
R8 =0x0000000000000014, R9 =0x0000000000000000, R10=0x0000000000000000, R11=0x0000000000000000
R12=0x0000000000000000, R13=0x000001f6f3c363b0, R14=0x00000000001bbd00, R15=0x0000000000000016
RIP=0x00007ffd7f94366c, EFLAGS=0x0000000000010202


Register to memory mapping:

RAX=0x000001f6f3c392a8 points into unknown readable memory: 0x00000000001bbdf7 | f7 bd 1b 00 00 00 00 00
RBX=0x000001f6f3c391a0 points into unknown readable memory: 0x000001f6ea5a74d0 | d0 74 5a ea f6 01 00 00
RCX=0x0 is null
RDX=0x0 is null
RSP=0x000000c3cb6fe590 points into unknown readable memory: 0x000001f6ea4f5cf0 | f0 5c 4f ea f6 01 00 00
RBP=0x0 is null
RSI=0x000001f6f3c39770 points into unknown readable memory: 0x000001f6f3c363b0 | b0 63 c3 f3 f6 01 00 00
RDI=0x000001f6ea536ef0 points into unknown readable memory: 0x000001f6ea510500 | 00 05 51 ea f6 01 00 00
R8 =0x0000000000000014 is an unknown value
R9 =0x0 is null
R10=0x0 is null
R11=0x0 is null
R12=0x0 is null
R13=0x000001f6f3c363b0 points into unknown readable memory: 0x000001f6ea5a74d0 | d0 74 5a ea f6 01 00 00
R14=0x00000000001bbd00 is an unknown value
R15=0x0000000000000016 is an unknown value

Top of Stack: (sp=0x000000c3cb6fe590)
0x000000c3cb6fe590:   000001f6ea4f5cf0 0000000000000000
0x000000c3cb6fe5a0:   01e7a98b02cb738b 00007ffe1b2533b4
0x000000c3cb6fe5b0:   02579f8c016efd8b 02b8758d02ac5b8d
0x000000c3cb6fe5c0:   01c6908e00a2788e 0191d88e01dea28e
0x000000c3cb6fe5d0:   000001f6ea5ebdf8 00000000001bbdfe
0x000000c3cb6fe5e0:   0000000000000000 000000000000000e
0x000000c3cb6fe5f0:   0000000000000000 0000000000000000
0x000000c3cb6fe600:   000000c3cb6fe710 00007ffd7fabbc3c
0x000000c3cb6fe610:   000001f6ea4f5cf0 000001f6ea536ef0
0x000000c3cb6fe620:   018cce93023dca00 01f739940274e600
0x000000c3cb6fe630:   000000c300000f44 0000b802001a0000
0x000000c3cb6fe640:   0000000000000000 01339f9500519b95
0x000000c3cb6fe650:   01e3979602948d96 02b9ec9601ebba96
0x000000c3cb6fe660:   028a2397028e1197 00c4f69702c0e397
0x000000c3cb6fe670:   01f1ad9802631398 00007ffd7fab19a0
0x000000c3cb6fe680:   01730b9a02766799 0254649a026a529a
0x000000c3cb6fe690:   02a8a59a02827c9a 02b00b9b020ec89a
0x000000c3cb6fe6a0:   02e3a79c02224d9c 028a9a9d00a8e09c
0x000000c3cb6fe6b0:   01901e9e00929d9d 00007ffd7f893cdf
0x000000c3cb6fe6c0:   0000b802001a0000 0000000000000f44
0x000000c3cb6fe6d0:   0000000000000000 4000170000000001
0x000000c3cb6fe6e0:   0000000000000000 0000000000000000
0x000000c3cb6fe6f0:   0000000000000000 0000000000000000
0x000000c3cb6fe700:   0000000000000000 0000000000000000
0x000000c3cb6fe710:   0000000000000000 0000000000000000
0x000000c3cb6fe720:   0000000000000000 0000000000000000
0x000000c3cb6fe730:   0000000000000000 0000000000000000
0x000000c3cb6fe740:   0000000000000000 0000000000000000
0x000000c3cb6fe750:   0000000000000000 0000000000000000
0x000000c3cb6fe760:   0000000000000000 0000000000000000
0x000000c3cb6fe770:   0000000000000000 0000000000000000
0x000000c3cb6fe780:   0000000000000000 0000000000000000 

Instructions: (pc=0x00007ffd7f94366c)
0x00007ffd7f94356c:   ec 40 45 8a e1 48 8b fa 48 8b e9 48 8b 1d 42 08
0x00007ffd7f94357c:   e0 00 48 89 58 08 48 8b cb ff 15 85 5b 9a 00 90
0x00007ffd7f94358c:   4c 8b af 78 02 00 00 48 8b 05 c6 e4 cf 00 44 8b
0x00007ffd7f94359c:   b8 40 0b 00 00 45 33 db 45 8a f3 4c 89 9f 78 02
0x00007ffd7f9435ac:   00 00 44 89 9f 80 02 00 00 4c 89 9f 98 02 00 00
0x00007ffd7f9435bc:   4c 89 9f 88 02 00 00 48 85 ed 75 38 8b 35 4a e2
0x00007ffd7f9435cc:   df 00 65 48 8b 04 25 58 00 00 00 b9 14 00 00 00
0x00007ffd7f9435dc:   48 8b 04 f0 44 38 1c 01 0f 84 9d da 86 00 65 48
0x00007ffd7f9435ec:   8b 04 25 58 00 00 00 bd 20 00 00 00 48 8b 04 f0
0x00007ffd7f9435fc:   48 8b 2c 28 48 3b 2d 39 07 e0 00 45 0f 44 fb 4d
0x00007ffd7f94360c:   85 ed 0f 84 21 01 00 00 44 8a a4 24 90 00 00 00
0x00007ffd7f94361c:   49 8b dd 49 8d b5 d0 05 00 00 4c 8b 2e 45 84 e4
0x00007ffd7f94362c:   0f 85 2a 03 00 00 8b 97 c8 01 00 00 48 8b 05 21
0x00007ffd7f94363c:   e4 cf 00 83 b8 78 03 00 00 02 75 31 83 fa 10 0f
0x00007ffd7f94364c:   83 20 01 00 00 48 8d 04 d5 21 00 00 00 48 03 c2
0x00007ffd7f94365c:   48 8d 04 c3 48 85 c0 0f 85 ff 00 00 00 49 8b cb
0x00007ffd7f94366c:   48 3b 8d f8 56 03 00 0f 87 f3 02 00 00 4c 39 9b
0x00007ffd7f94367c:   48 06 00 00 0f 85 41 da 86 00 44 8b 97 c8 01 00
0x00007ffd7f94368c:   00 48 8b 87 e0 01 00 00 4c 8b 08 8b 97 c8 01 00
0x00007ffd7f94369c:   00 83 fa 10 0f 83 03 01 00 00 48 8d 04 d5 21 00
0x00007ffd7f9436ac:   00 00 48 03 c2 48 8d 04 c3 48 85 c0 0f 85 e2 00
0x00007ffd7f9436bc:   00 00 49 8b cb 49 3b c9 0f 86 0e 01 00 00 48 8b
0x00007ffd7f9436cc:   87 78 02 00 00 48 89 06 48 89 9f 78 02 00 00 ff
0x00007ffd7f9436dc:   87 80 02 00 00 48 8b 43 08 48 8b 88 18 01 00 00
0x00007ffd7f9436ec:   48 81 e1 00 00 ff ff 48 81 c1 00 00 01 00 48 01
0x00007ffd7f9436fc:   8f 88 02 00 00 48 8b 43 08 48 8b 88 18 01 00 00
0x00007ffd7f94370c:   48 01 8f 98 02 00 00 4d 85 ed 0f 85 00 ff ff ff
0x00007ffd7f94371c:   45 84 f6 44 8a a4 24 98 00 00 00 0f 85 82 03 00
0x00007ffd7f94372c:   00 48 8b 9c 24 80 00 00 00 48 8b cf 45 84 e4 0f
0x00007ffd7f94373c:   85 8a 03 00 00 e8 fa f9 ff ff 90 48 8b cb 48 8b
0x00007ffd7f94374c:   9c 24 88 00 00 00 48 83 c4 40 41 5f 41 5e 41 5d
0x00007ffd7f94375c:   41 5c 5f 5e 5d 48 ff 25 b0 59 9a 00 48 8b 48 08 


Stack slot to memory mapping:

stack at sp + 0 slots: 0x000001f6ea4f5cf0 points into unknown readable memory: 0xffffffffffffffff | ff ff ff ff ff ff ff ff
stack at sp + 1 slots: 0x0 is null
stack at sp + 2 slots: 0x01e7a98b02cb738b is an unknown value
stack at sp + 3 slots: 0x00007ffe1b2533b4 ntdll.dll
stack at sp + 4 slots: 0x02579f8c016efd8b is an unknown value
stack at sp + 5 slots: 0x02b8758d02ac5b8d is an unknown value
stack at sp + 6 slots: 0x01c6908e00a2788e is an unknown value
stack at sp + 7 slots: 0x0191d88e01dea28e is an unknown value

VM_Operation (0x000000c3cacfec90): Exit, mode: safepoint, requested by thread 0x000001f6fa9ad8a0


---------------  P R O C E S S  ---------------

Threads class SMR info:
_java_thread_list=0x000001f6f328f000, length=13, elements={
0x000001f6c44d0510, 0x000001f6e5b06de0, 0x000001f6e5b07b00, 0x000001f6e5b0a690,
0x000001f6e5b0c210, 0x000001f6e5b14c80, 0x000001f6e5b156e0, 0x000001f6e5b189c0,
0x000001f6e5b1deb0, 0x000001f6e5ad42d0, 0x000001f6ea3c9ac0, 0x000001f6ea3d00b0,
0x000001f6fa9ad8a0
}

Java Threads: ( => current thread )
  0x000001f6c44d0510 JavaThread "main"                              [_thread_blocked, id=4196, stack(0x000000c3caf00000,0x000000c3cb000000) (1024K)]
  0x000001f6e5b06de0 JavaThread "Reference Handler"          daemon [_thread_blocked, id=1444, stack(0x000000c3cb700000,0x000000c3cb800000) (1024K)]
  0x000001f6e5b07b00 JavaThread "Finalizer"                  daemon [_thread_blocked, id=21120, stack(0x000000c3cb800000,0x000000c3cb900000) (1024K)]
  0x000001f6e5b0a690 JavaThread "Signal Dispatcher"          daemon [_thread_blocked, id=18240, stack(0x000000c3cb900000,0x000000c3cba00000) (1024K)]
  0x000001f6e5b0c210 JavaThread "Attach Listener"            daemon [_thread_blocked, id=8384, stack(0x000000c3cba00000,0x000000c3cbb00000) (1024K)]
  0x000001f6e5b14c80 JavaThread "Service Thread"             daemon [_thread_blocked, id=17536, stack(0x000000c3cbb00000,0x000000c3cbc00000) (1024K)]
  0x000001f6e5b156e0 JavaThread "Monitor Deflation Thread"   daemon [_thread_blocked, id=22888, stack(0x000000c3cbc00000,0x000000c3cbd00000) (1024K)]
  0x000001f6e5b189c0 JavaThread "C2 CompilerThread0"         daemon [_thread_blocked, id=21376, stack(0x000000c3cbd00000,0x000000c3cbe00000) (1024K)]
  0x000001f6e5b1deb0 JavaThread "C1 CompilerThread0"         daemon [_thread_blocked, id=16028, stack(0x000000c3cbe00000,0x000000c3cbf00000) (1024K)]
  0x000001f6e5ad42d0 JavaThread "Common-Cleaner"             daemon [_thread_blocked, id=22240, stack(0x000000c3cbf00000,0x000000c3cc000000) (1024K)]
  0x000001f6ea3c9ac0 JavaThread "Monitor Ctrl-Break"         daemon [_thread_in_native, id=18352, stack(0x000000c3cc000000,0x000000c3cc100000) (1024K)]
  0x000001f6ea3d00b0 JavaThread "Notification Thread"        daemon [_thread_blocked, id=18068, stack(0x000000c3cc100000,0x000000c3cc200000) (1024K)]
  0x000001f6fa9ad8a0 JavaThread "SIGINT handler"             daemon [_thread_blocked, id=23828, stack(0x000000c3cac00000,0x000000c3cad00000) (1024K)]
Total: 13

Other Threads:
=>0x000001f6e5ae64e0 VMThread "VM Thread"                           [id=23272, stack(0x000000c3cb600000,0x000000c3cb700000) (1024K)]
  0x000001f6c46b1050 WorkerThread "GC Thread#0"                     [id=3428, stack(0x000000c3cb000000,0x000000c3cb100000) (1024K)]
  0x000001f6f3308790 WorkerThread "GC Thread#1"                     [id=16564, stack(0x000000c3ccb00000,0x000000c3ccc00000) (1024K)]
  0x000001f6f3308b30 WorkerThread "GC Thread#2"                     [id=23808, stack(0x000000c3ccc00000,0x000000c3ccd00000) (1024K)]
  0x000001f6f3308ed0 WorkerThread "GC Thread#3"                     [id=8308, stack(0x000000c3ccd00000,0x000000c3cce00000) (1024K)]
  0x000001f6f3d148c0 WorkerThread "GC Thread#4"                     [id=10592, stack(0x000000c3cce00000,0x000000c3ccf00000) (1024K)]
  0x000001f6f3d15270 WorkerThread "GC Thread#5"                     [id=14552, stack(0x000000c3ccf00000,0x000000c3cd000000) (1024K)]
  0x000001f6f3d0fa30 WorkerThread "GC Thread#6"                     [id=24312, stack(0x000000c3cd000000,0x000000c3cd100000) (1024K)]
  0x000001f6f3b897f0 WorkerThread "GC Thread#7"                     [id=20648, stack(0x000000c3cd100000,0x000000c3cd200000) (1024K)]
  0x000001f6f3b8a670 WorkerThread "GC Thread#8"                     [id=18468, stack(0x000000c3cd200000,0x000000c3cd300000) (1024K)]
  0x000001f6f3b890b0 WorkerThread "GC Thread#9"                     [id=11024, stack(0x000000c3cd300000,0x000000c3cd400000) (1024K)]
  0x000001f6c46c2b90 ConcurrentGCThread "G1 Main Marker"            terminated
  0x000001f6c46c3740 WorkerThread "G1 Conc#0"                       [id=16212, stack(0x000000c3cb200000,0x000000c3cb300000) (1024K)]
  0x000001f6e59a49b0 ConcurrentGCThread "G1 Refine#0"               terminated
  0x000001f6e59a5330 ConcurrentGCThread "G1 Service"                terminated
Total: 15

Threads with active compile tasks:
C1 CompilerThread0   125172 2218   !   3       java.util.concurrent.ConcurrentHashMap::replaceNode (437 bytes)
Total: 1

VM state: at safepoint (shutting down)

VM Mutex/Monitor currently owned by a thread:  ([mutex/lock_event])
[0x00007ffd8f7ca5f8] Threads_lock - owner thread: 0x000001f6e5ae64e0
[0x00007ffd8f7ca6f8] Heap_lock - owner thread: 0x000001f6fa9ad8a0

Heap address: 0x0000000703a00000, size: 4038 MB, Compressed Oops mode: Zero based, Oop shift amount: 3

CDS archive(s) mapped at: [0x000001f680000000-0x000001f680c90000-0x000001f680c90000), size 13172736, SharedBaseAddress: 0x000001f680000000, ArchiveRelocationMode: 1.
Compressed class space mapped at: 0x000001f681000000-0x000001f6c1000000, reserved size: 1073741824
Narrow klass base: 0x000001f680000000, Narrow klass shift: 0, Narrow klass range: 0x100000000

GC Precious Log:
 CardTable entry size: 512
 Card Set container configuration: InlinePtr #cards 4 size 8 Array Of Cards #cards 16 size 48 Howl #buckets 8 coarsen threshold 3686 Howl Bitmap #cards 512 size 80 coarsen threshold 460 Card regions per heap region 1 cards per card region 4096
 CPUs: 12 total, 12 available
 Memory: 16147M
 Large Page Support: Disabled
 NUMA Support: Disabled
 Compressed Oops: Enabled (Zero based)
 Heap Region Size: 2M
 Heap Min Capacity: 8M
 Heap Initial Capacity: 254M
 Heap Max Capacity: 4038M
 Pre-touch: Disabled
 Parallel Workers: 10
 Concurrent Workers: 3
 Concurrent Refinement Workers: 10
 Periodic GC: Disabled

Heap:
 garbage-first heap   total 260096K, used 133530K [0x0000000703a00000, 0x0000000800000000)
  region size 2048K, 65 young (133120K), 4 survivors (8192K)
 Metaspace       used 9751K, committed 9984K, reserved 1114112K
  class space    used 680K, committed 768K, reserved 1048576K

Heap Regions: E=young(eden), S=young(survivor), O=old, HS=humongous(starts), HC=humongous(continues), CS=collection set, F=free, TAMS=top-at-mark-start, PB=parsable bottom
|   0|0x0000000703a00000, 0x0000000703c00000, 0x0000000703c00000|100%| O|  |TAMS 0x0000000703a00000| PB 0x0000000703a00000| Untracked 
|   1|0x0000000703c00000, 0x0000000703d59750, 0x0000000703e00000| 67%| O|  |TAMS 0x0000000703c00000| PB 0x0000000703c00000| Untracked 
|   2|0x0000000703e00000, 0x0000000703e00000, 0x0000000704000000|  0%| F|  |TAMS 0x0000000703e00000| PB 0x0000000703e00000| Untracked 
|   3|0x0000000704000000, 0x0000000704000000, 0x0000000704200000|  0%| F|  |TAMS 0x0000000704000000| PB 0x0000000704000000| Untracked 
|   4|0x0000000704200000, 0x0000000704200000, 0x0000000704400000|  0%| F|  |TAMS 0x0000000704200000| PB 0x0000000704200000| Untracked 
|   5|0x0000000704400000, 0x0000000704400000, 0x0000000704600000|  0%| F|  |TAMS 0x0000000704400000| PB 0x0000000704400000| Untracked 
|   6|0x0000000704600000, 0x0000000704600000, 0x0000000704800000|  0%| F|  |TAMS 0x0000000704600000| PB 0x0000000704600000| Untracked 
|   7|0x0000000704800000, 0x0000000704800000, 0x0000000704a00000|  0%| F|  |TAMS 0x0000000704800000| PB 0x0000000704800000| Untracked 
|   8|0x0000000704a00000, 0x0000000704a00000, 0x0000000704c00000|  0%| F|  |TAMS 0x0000000704a00000| PB 0x0000000704a00000| Untracked 
|   9|0x0000000704c00000, 0x0000000704c00000, 0x0000000704e00000|  0%| F|  |TAMS 0x0000000704c00000| PB 0x0000000704c00000| Untracked 
|  10|0x0000000704e00000, 0x0000000704e00000, 0x0000000705000000|  0%| F|  |TAMS 0x0000000704e00000| PB 0x0000000704e00000| Untracked 
|  11|0x0000000705000000, 0x0000000705000000, 0x0000000705200000|  0%| F|  |TAMS 0x0000000705000000| PB 0x0000000705000000| Untracked 
|  12|0x0000000705200000, 0x0000000705200000, 0x0000000705400000|  0%| F|  |TAMS 0x0000000705200000| PB 0x0000000705200000| Untracked 
|  13|0x0000000705400000, 0x0000000705400000, 0x0000000705600000|  0%| F|  |TAMS 0x0000000705400000| PB 0x0000000705400000| Untracked 
|  14|0x0000000705600000, 0x0000000705600000, 0x0000000705800000|  0%| F|  |TAMS 0x0000000705600000| PB 0x0000000705600000| Untracked 
|  15|0x0000000705800000, 0x0000000705800000, 0x0000000705a00000|  0%| F|  |TAMS 0x0000000705800000| PB 0x0000000705800000| Untracked 
|  16|0x0000000705a00000, 0x0000000705a00000, 0x0000000705c00000|  0%| F|  |TAMS 0x0000000705a00000| PB 0x0000000705a00000| Untracked 
|  17|0x0000000705c00000, 0x0000000705c00000, 0x0000000705e00000|  0%| F|  |TAMS 0x0000000705c00000| PB 0x0000000705c00000| Untracked 
|  18|0x0000000705e00000, 0x0000000705e00000, 0x0000000706000000|  0%| F|  |TAMS 0x0000000705e00000| PB 0x0000000705e00000| Untracked 
|  19|0x0000000706000000, 0x0000000706000000, 0x0000000706200000|  0%| F|  |TAMS 0x0000000706000000| PB 0x0000000706000000| Untracked 
|  20|0x0000000706200000, 0x0000000706200000, 0x0000000706400000|  0%| F|  |TAMS 0x0000000706200000| PB 0x0000000706200000| Untracked 
|  21|0x0000000706400000, 0x0000000706400000, 0x0000000706600000|  0%| F|  |TAMS 0x0000000706400000| PB 0x0000000706400000| Untracked 
|  22|0x0000000706600000, 0x0000000706600000, 0x0000000706800000|  0%| F|  |TAMS 0x0000000706600000| PB 0x0000000706600000| Untracked 
|  23|0x0000000706800000, 0x0000000706800000, 0x0000000706a00000|  0%| F|  |TAMS 0x0000000706800000| PB 0x0000000706800000| Untracked 
|  24|0x0000000706a00000, 0x0000000706a00000, 0x0000000706c00000|  0%| F|  |TAMS 0x0000000706a00000| PB 0x0000000706a00000| Untracked 
|  25|0x0000000706c00000, 0x0000000706c00000, 0x0000000706e00000|  0%| F|  |TAMS 0x0000000706c00000| PB 0x0000000706c00000| Untracked 
|  26|0x0000000706e00000, 0x0000000706e00000, 0x0000000707000000|  0%| F|  |TAMS 0x0000000706e00000| PB 0x0000000706e00000| Untracked 
|  27|0x0000000707000000, 0x0000000707000000, 0x0000000707200000|  0%| F|  |TAMS 0x0000000707000000| PB 0x0000000707000000| Untracked 
|  28|0x0000000707200000, 0x0000000707200000, 0x0000000707400000|  0%| F|  |TAMS 0x0000000707200000| PB 0x0000000707200000| Untracked 
|  29|0x0000000707400000, 0x0000000707400000, 0x0000000707600000|  0%| F|  |TAMS 0x0000000707400000| PB 0x0000000707400000| Untracked 
|  30|0x0000000707600000, 0x0000000707600000, 0x0000000707800000|  0%| F|  |TAMS 0x0000000707600000| PB 0x0000000707600000| Untracked 
|  31|0x0000000707800000, 0x0000000707800000, 0x0000000707a00000|  0%| F|  |TAMS 0x0000000707800000| PB 0x0000000707800000| Untracked 
|  32|0x0000000707a00000, 0x0000000707a00000, 0x0000000707c00000|  0%| F|  |TAMS 0x0000000707a00000| PB 0x0000000707a00000| Untracked 
|  33|0x0000000707c00000, 0x0000000707c00000, 0x0000000707e00000|  0%| F|  |TAMS 0x0000000707c00000| PB 0x0000000707c00000| Untracked 
|  34|0x0000000707e00000, 0x0000000707e00000, 0x0000000708000000|  0%| F|  |TAMS 0x0000000707e00000| PB 0x0000000707e00000| Untracked 
|  35|0x0000000708000000, 0x0000000708000000, 0x0000000708200000|  0%| F|  |TAMS 0x0000000708000000| PB 0x0000000708000000| Untracked 
|  36|0x0000000708200000, 0x0000000708200000, 0x0000000708400000|  0%| F|  |TAMS 0x0000000708200000| PB 0x0000000708200000| Untracked 
|  37|0x0000000708400000, 0x0000000708400000, 0x0000000708600000|  0%| F|  |TAMS 0x0000000708400000| PB 0x0000000708400000| Untracked 
|  38|0x0000000708600000, 0x0000000708600000, 0x0000000708800000|  0%| F|  |TAMS 0x0000000708600000| PB 0x0000000708600000| Untracked 
|  39|0x0000000708800000, 0x0000000708800000, 0x0000000708a00000|  0%| F|  |TAMS 0x0000000708800000| PB 0x0000000708800000| Untracked 
|  40|0x0000000708a00000, 0x0000000708a00000, 0x0000000708c00000|  0%| F|  |TAMS 0x0000000708a00000| PB 0x0000000708a00000| Untracked 
|  41|0x0000000708c00000, 0x0000000708c00000, 0x0000000708e00000|  0%| F|  |TAMS 0x0000000708c00000| PB 0x0000000708c00000| Untracked 
|  42|0x0000000708e00000, 0x0000000708e00000, 0x0000000709000000|  0%| F|  |TAMS 0x0000000708e00000| PB 0x0000000708e00000| Untracked 
|  43|0x0000000709000000, 0x0000000709000000, 0x0000000709200000|  0%| F|  |TAMS 0x0000000709000000| PB 0x0000000709000000| Untracked 
|  44|0x0000000709200000, 0x0000000709200000, 0x0000000709400000|  0%| F|  |TAMS 0x0000000709200000| PB 0x0000000709200000| Untracked 
|  45|0x0000000709400000, 0x0000000709400000, 0x0000000709600000|  0%| F|  |TAMS 0x0000000709400000| PB 0x0000000709400000| Untracked 
|  46|0x0000000709600000, 0x0000000709600000, 0x0000000709800000|  0%| F|  |TAMS 0x0000000709600000| PB 0x0000000709600000| Untracked 
|  47|0x0000000709800000, 0x0000000709800000, 0x0000000709a00000|  0%| F|  |TAMS 0x0000000709800000| PB 0x0000000709800000| Untracked 
|  48|0x0000000709a00000, 0x0000000709a00000, 0x0000000709c00000|  0%| F|  |TAMS 0x0000000709a00000| PB 0x0000000709a00000| Untracked 
|  49|0x0000000709c00000, 0x0000000709c00000, 0x0000000709e00000|  0%| F|  |TAMS 0x0000000709c00000| PB 0x0000000709c00000| Untracked 
|  50|0x0000000709e00000, 0x0000000709e00000, 0x000000070a000000|  0%| F|  |TAMS 0x0000000709e00000| PB 0x0000000709e00000| Untracked 
|  51|0x000000070a000000, 0x000000070a10d250, 0x000000070a200000| 52%| S|CS|TAMS 0x000000070a000000| PB 0x000000070a000000| Complete 
|  52|0x000000070a200000, 0x000000070a400000, 0x000000070a400000|100%| S|CS|TAMS 0x000000070a200000| PB 0x000000070a200000| Complete 
|  53|0x000000070a400000, 0x000000070a600000, 0x000000070a600000|100%| S|CS|TAMS 0x000000070a400000| PB 0x000000070a400000| Complete 
|  54|0x000000070a600000, 0x000000070a800000, 0x000000070a800000|100%| S|CS|TAMS 0x000000070a600000| PB 0x000000070a600000| Complete 
|  55|0x000000070a800000, 0x000000070a800000, 0x000000070aa00000|  0%| F|  |TAMS 0x000000070a800000| PB 0x000000070a800000| Untracked 
|  56|0x000000070aa00000, 0x000000070aa00000, 0x000000070ac00000|  0%| F|  |TAMS 0x000000070aa00000| PB 0x000000070aa00000| Untracked 
|  57|0x000000070ac00000, 0x000000070ac00000, 0x000000070ae00000|  0%| F|  |TAMS 0x000000070ac00000| PB 0x000000070ac00000| Untracked 
|  58|0x000000070ae00000, 0x000000070ae00000, 0x000000070b000000|  0%| F|  |TAMS 0x000000070ae00000| PB 0x000000070ae00000| Untracked 
|  59|0x000000070b000000, 0x000000070b000000, 0x000000070b200000|  0%| F|  |TAMS 0x000000070b000000| PB 0x000000070b000000| Untracked 
|  60|0x000000070b200000, 0x000000070b200000, 0x000000070b400000|  0%| F|  |TAMS 0x000000070b200000| PB 0x000000070b200000| Untracked 
|  61|0x000000070b400000, 0x000000070b400000, 0x000000070b600000|  0%| F|  |TAMS 0x000000070b400000| PB 0x000000070b400000| Untracked 
|  62|0x000000070b600000, 0x000000070b600000, 0x000000070b800000|  0%| F|  |TAMS 0x000000070b600000| PB 0x000000070b600000| Untracked 
|  63|0x000000070b800000, 0x000000070b800000, 0x000000070ba00000|  0%| F|  |TAMS 0x000000070b800000| PB 0x000000070b800000| Untracked 
|  64|0x000000070ba00000, 0x000000070ba00000, 0x000000070bc00000|  0%| F|  |TAMS 0x000000070ba00000| PB 0x000000070ba00000| Untracked 
|  65|0x000000070bc00000, 0x000000070bc00000, 0x000000070be00000|  0%| F|  |TAMS 0x000000070bc00000| PB 0x000000070bc00000| Untracked 
|  66|0x000000070be00000, 0x000000070bf00800, 0x000000070c000000| 50%| E|  |TAMS 0x000000070be00000| PB 0x000000070be00000| Complete 
|  67|0x000000070c000000, 0x000000070c200000, 0x000000070c200000|100%| E|CS|TAMS 0x000000070c000000| PB 0x000000070c000000| Complete 
|  68|0x000000070c200000, 0x000000070c400000, 0x000000070c400000|100%| E|CS|TAMS 0x000000070c200000| PB 0x000000070c200000| Complete 
|  69|0x000000070c400000, 0x000000070c600000, 0x000000070c600000|100%| E|CS|TAMS 0x000000070c400000| PB 0x000000070c400000| Complete 
|  70|0x000000070c600000, 0x000000070c800000, 0x000000070c800000|100%| E|CS|TAMS 0x000000070c600000| PB 0x000000070c600000| Complete 
|  71|0x000000070c800000, 0x000000070ca00000, 0x000000070ca00000|100%| E|CS|TAMS 0x000000070c800000| PB 0x000000070c800000| Complete 
|  72|0x000000070ca00000, 0x000000070cc00000, 0x000000070cc00000|100%| E|CS|TAMS 0x000000070ca00000| PB 0x000000070ca00000| Complete 
|  73|0x000000070cc00000, 0x000000070ce00000, 0x000000070ce00000|100%| E|CS|TAMS 0x000000070cc00000| PB 0x000000070cc00000| Complete 
|  74|0x000000070ce00000, 0x000000070d000000, 0x000000070d000000|100%| E|CS|TAMS 0x000000070ce00000| PB 0x000000070ce00000| Complete 
|  75|0x000000070d000000, 0x000000070d200000, 0x000000070d200000|100%| E|CS|TAMS 0x000000070d000000| PB 0x000000070d000000| Complete 
|  76|0x000000070d200000, 0x000000070d400000, 0x000000070d400000|100%| E|CS|TAMS 0x000000070d200000| PB 0x000000070d200000| Complete 
|  77|0x000000070d400000, 0x000000070d600000, 0x000000070d600000|100%| E|CS|TAMS 0x000000070d400000| PB 0x000000070d400000| Complete 
|  78|0x000000070d600000, 0x000000070d800000, 0x000000070d800000|100%| E|CS|TAMS 0x000000070d600000| PB 0x000000070d600000| Complete 
|  79|0x000000070d800000, 0x000000070da00000, 0x000000070da00000|100%| E|CS|TAMS 0x000000070d800000| PB 0x000000070d800000| Complete 
|  80|0x000000070da00000, 0x000000070dc00000, 0x000000070dc00000|100%| E|CS|TAMS 0x000000070da00000| PB 0x000000070da00000| Complete 
|  81|0x000000070dc00000, 0x000000070de00000, 0x000000070de00000|100%| E|CS|TAMS 0x000000070dc00000| PB 0x000000070dc00000| Complete 
|  82|0x000000070de00000, 0x000000070e000000, 0x000000070e000000|100%| E|CS|TAMS 0x000000070de00000| PB 0x000000070de00000| Complete 
|  83|0x000000070e000000, 0x000000070e200000, 0x000000070e200000|100%| E|CS|TAMS 0x000000070e000000| PB 0x000000070e000000| Complete 
|  84|0x000000070e200000, 0x000000070e400000, 0x000000070e400000|100%| E|CS|TAMS 0x000000070e200000| PB 0x000000070e200000| Complete 
|  85|0x000000070e400000, 0x000000070e600000, 0x000000070e600000|100%| E|CS|TAMS 0x000000070e400000| PB 0x000000070e400000| Complete 
|  86|0x000000070e600000, 0x000000070e800000, 0x000000070e800000|100%| E|CS|TAMS 0x000000070e600000| PB 0x000000070e600000| Complete 
|  87|0x000000070e800000, 0x000000070ea00000, 0x000000070ea00000|100%| E|CS|TAMS 0x000000070e800000| PB 0x000000070e800000| Complete 
|  88|0x000000070ea00000, 0x000000070ec00000, 0x000000070ec00000|100%| E|CS|TAMS 0x000000070ea00000| PB 0x000000070ea00000| Complete 
|  89|0x000000070ec00000, 0x000000070ee00000, 0x000000070ee00000|100%| E|CS|TAMS 0x000000070ec00000| PB 0x000000070ec00000| Complete 
|  90|0x000000070ee00000, 0x000000070f000000, 0x000000070f000000|100%| E|CS|TAMS 0x000000070ee00000| PB 0x000000070ee00000| Complete 
|  91|0x000000070f000000, 0x000000070f200000, 0x000000070f200000|100%| E|CS|TAMS 0x000000070f000000| PB 0x000000070f000000| Complete 
|  92|0x000000070f200000, 0x000000070f400000, 0x000000070f400000|100%| E|CS|TAMS 0x000000070f200000| PB 0x000000070f200000| Complete 
|  93|0x000000070f400000, 0x000000070f600000, 0x000000070f600000|100%| E|CS|TAMS 0x000000070f400000| PB 0x000000070f400000| Complete 
|  94|0x000000070f600000, 0x000000070f800000, 0x000000070f800000|100%| E|CS|TAMS 0x000000070f600000| PB 0x000000070f600000| Complete 
|  95|0x000000070f800000, 0x000000070fa00000, 0x000000070fa00000|100%| E|CS|TAMS 0x000000070f800000| PB 0x000000070f800000| Complete 
|  96|0x000000070fa00000, 0x000000070fc00000, 0x000000070fc00000|100%| E|CS|TAMS 0x000000070fa00000| PB 0x000000070fa00000| Complete 
|  97|0x000000070fc00000, 0x000000070fe00000, 0x000000070fe00000|100%| E|CS|TAMS 0x000000070fc00000| PB 0x000000070fc00000| Complete 
|  98|0x000000070fe00000, 0x0000000710000000, 0x0000000710000000|100%| E|CS|TAMS 0x000000070fe00000| PB 0x000000070fe00000| Complete 
|  99|0x0000000710000000, 0x0000000710200000, 0x0000000710200000|100%| E|CS|TAMS 0x0000000710000000| PB 0x0000000710000000| Complete 
| 100|0x0000000710200000, 0x0000000710400000, 0x0000000710400000|100%| E|CS|TAMS 0x0000000710200000| PB 0x0000000710200000| Complete 
| 101|0x0000000710400000, 0x0000000710600000, 0x0000000710600000|100%| E|CS|TAMS 0x0000000710400000| PB 0x0000000710400000| Complete 
| 102|0x0000000710600000, 0x0000000710800000, 0x0000000710800000|100%| E|CS|TAMS 0x0000000710600000| PB 0x0000000710600000| Complete 
| 103|0x0000000710800000, 0x0000000710a00000, 0x0000000710a00000|100%| E|CS|TAMS 0x0000000710800000| PB 0x0000000710800000| Complete 
| 104|0x0000000710a00000, 0x0000000710c00000, 0x0000000710c00000|100%| E|CS|TAMS 0x0000000710a00000| PB 0x0000000710a00000| Complete 
| 105|0x0000000710c00000, 0x0000000710e00000, 0x0000000710e00000|100%| E|CS|TAMS 0x0000000710c00000| PB 0x0000000710c00000| Complete 
| 106|0x0000000710e00000, 0x0000000711000000, 0x0000000711000000|100%| E|CS|TAMS 0x0000000710e00000| PB 0x0000000710e00000| Complete 
| 107|0x0000000711000000, 0x0000000711200000, 0x0000000711200000|100%| E|CS|TAMS 0x0000000711000000| PB 0x0000000711000000| Complete 
| 108|0x0000000711200000, 0x0000000711400000, 0x0000000711400000|100%| E|CS|TAMS 0x0000000711200000| PB 0x0000000711200000| Complete 
| 109|0x0000000711400000, 0x0000000711600000, 0x0000000711600000|100%| E|CS|TAMS 0x0000000711400000| PB 0x0000000711400000| Complete 
| 110|0x0000000711600000, 0x0000000711800000, 0x0000000711800000|100%| E|CS|TAMS 0x0000000711600000| PB 0x0000000711600000| Complete 
| 111|0x0000000711800000, 0x0000000711a00000, 0x0000000711a00000|100%| E|CS|TAMS 0x0000000711800000| PB 0x0000000711800000| Complete 
| 112|0x0000000711a00000, 0x0000000711c00000, 0x0000000711c00000|100%| E|CS|TAMS 0x0000000711a00000| PB 0x0000000711a00000| Complete 
| 113|0x0000000711c00000, 0x0000000711e00000, 0x0000000711e00000|100%| E|CS|TAMS 0x0000000711c00000| PB 0x0000000711c00000| Complete 
| 114|0x0000000711e00000, 0x0000000712000000, 0x0000000712000000|100%| E|CS|TAMS 0x0000000711e00000| PB 0x0000000711e00000| Complete 
| 115|0x0000000712000000, 0x0000000712200000, 0x0000000712200000|100%| E|CS|TAMS 0x0000000712000000| PB 0x0000000712000000| Complete 
| 116|0x0000000712200000, 0x0000000712400000, 0x0000000712400000|100%| E|CS|TAMS 0x0000000712200000| PB 0x0000000712200000| Complete 
| 117|0x0000000712400000, 0x0000000712600000, 0x0000000712600000|100%| E|CS|TAMS 0x0000000712400000| PB 0x0000000712400000| Complete 
| 118|0x0000000712600000, 0x0000000712800000, 0x0000000712800000|100%| E|CS|TAMS 0x0000000712600000| PB 0x0000000712600000| Complete 
| 119|0x0000000712800000, 0x0000000712a00000, 0x0000000712a00000|100%| E|CS|TAMS 0x0000000712800000| PB 0x0000000712800000| Complete 
| 120|0x0000000712a00000, 0x0000000712c00000, 0x0000000712c00000|100%| E|CS|TAMS 0x0000000712a00000| PB 0x0000000712a00000| Complete 
| 121|0x0000000712c00000, 0x0000000712e00000, 0x0000000712e00000|100%| E|CS|TAMS 0x0000000712c00000| PB 0x0000000712c00000| Complete 
| 122|0x0000000712e00000, 0x0000000713000000, 0x0000000713000000|100%| E|CS|TAMS 0x0000000712e00000| PB 0x0000000712e00000| Complete 
| 123|0x0000000713000000, 0x0000000713200000, 0x0000000713200000|100%| E|CS|TAMS 0x0000000713000000| PB 0x0000000713000000| Complete 
| 124|0x0000000713200000, 0x0000000713400000, 0x0000000713400000|100%| E|CS|TAMS 0x0000000713200000| PB 0x0000000713200000| Complete 
| 125|0x0000000713400000, 0x0000000713600000, 0x0000000713600000|100%| E|CS|TAMS 0x0000000713400000| PB 0x0000000713400000| Complete 
| 126|0x0000000713600000, 0x0000000713800000, 0x0000000713800000|100%| E|CS|TAMS 0x0000000713600000| PB 0x0000000713600000| Complete 

Card table byte_map: [0x000001f6de700000,0x000001f6deef0000] _byte_map_base: 0x000001f6daee3000

Marking Bits: (CMBitMap*) 0x000001f6c46b1650
 Bits: [0x000001f6deef0000, 0x000001f6e2e08000)

Polling page: 0x000001f6c4470000

Metaspace:

Usage:
  Non-class:      8.86 MB used.
      Class:    680.85 KB used.
       Both:      9.52 MB used.

Virtual space:
  Non-class space:       64.00 MB reserved,       9.00 MB ( 14%) committed,  1 nodes.
      Class space:        1.00 GB reserved,     768.00 KB ( <1%) committed,  1 nodes.
             Both:        1.06 GB reserved,       9.75 MB ( <1%) committed. 

Chunk freelists:
   Non-Class:  5.95 MB
       Class:  15.27 MB
        Both:  21.22 MB

MaxMetaspaceSize: unlimited
CompressedClassSpaceSize: 1.00 GB
Initial GC threshold: 21.00 MB
Current GC threshold: 21.00 MB
CDS: on
 - commit_granule_bytes: 65536.
 - commit_granule_words: 8192.
 - virtual_space_node_default_size: 8388608.
 - enlarge_chunks_in_place: 1.
 - use_allocation_guard: 0.


Internal statistics:

num_allocs_failed_limit: 0.
num_arena_births: 198.
num_arena_deaths: 0.
num_vsnodes_births: 2.
num_vsnodes_deaths: 0.
num_space_committed: 154.
num_space_uncommitted: 0.
num_chunks_returned_to_freelist: 0.
num_chunks_taken_from_freelist: 481.
num_chunk_merges: 0.
num_chunk_splits: 335.
num_chunks_enlarged: 247.
num_inconsistent_stats: 0.

CodeHeap 'non-profiled nmethods': size=120000Kb used=1253Kb max_used=1253Kb free=118746Kb
 bounds [0x000001f6d5d40000, 0x000001f6d5fb0000, 0x000001f6dd270000]
CodeHeap 'profiled nmethods': size=120000Kb used=3677Kb max_used=3677Kb free=116322Kb
 bounds [0x000001f6ce270000, 0x000001f6ce610000, 0x000001f6d57a0000]
CodeHeap 'non-nmethods': size=5760Kb used=2725Kb max_used=2755Kb free=3034Kb
 bounds [0x000001f6d57a0000, 0x000001f6d5a60000, 0x000001f6d5d40000]
 total_blobs=3492 nmethods=2217 adapters=1180
 compilation: enabled
              stopped_count=0, restarted_count=0
 full_count=0

Compilation events (20 events):
Event: 47.161 Thread 0x000001f6e5b189c0 nmethod 2208 0x000001f6d5e75090 code [0x000001f6d5e75260, 0x000001f6d5e75520]
Event: 47.163 Thread 0x000001f6e5b189c0 2209       4       components.TranslateGizmo::editorUpdate (79 bytes)
Event: 47.167 Thread 0x000001f6e5b189c0 nmethod 2209 0x000001f6d5e75790 code [0x000001f6d5e75960, 0x000001f6d5e75db8]
Event: 48.039 Thread 0x000001f6e5b189c0 2210       4       jade.MouseListener::endFrame (15 bytes)
Event: 48.039 Thread 0x000001f6e5b189c0 nmethod 2210 0x000001f6d5e76210 code [0x000001f6d5e763a0, 0x000001f6d5e76438]
Event: 48.045 Thread 0x000001f6e5b189c0 2211       4       components.ScaleGizmo::editorUpdate (79 bytes)
Event: 48.048 Thread 0x000001f6e5b189c0 nmethod 2211 0x000001f6d5e76510 code [0x000001f6d5e766e0, 0x000001f6d5e76b38]
Event: 66.092 Thread 0x000001f6e5b1deb0 2212       3       java.lang.Thread::interrupted (7 bytes)
Event: 66.093 Thread 0x000001f6e5b1deb0 nmethod 2212 0x000001f6ce605d90 code [0x000001f6ce605f40, 0x000001f6ce6061b0]
Event: 66.093 Thread 0x000001f6e5b1deb0 2213       3       java.lang.Thread::getAndClearInterrupt (19 bytes)
Event: 66.093 Thread 0x000001f6e5b1deb0 nmethod 2213 0x000001f6ce606290 code [0x000001f6ce606440, 0x000001f6ce6065d0]
Event: 66.994 Thread 0x000001f6e5b189c0 2214 % !   4       java.lang.ref.Reference::processPendingReferences @ 27 (118 bytes)
Event: 67.001 Thread 0x000001f6e5b189c0 nmethod 2214% 0x000001f6d5e76f90 code [0x000001f6d5e771c0, 0x000001f6d5e77e98]
Event: 98.645 Thread 0x000001f6e5b189c0 2215   !   4       java.lang.ref.Reference::processPendingReferences (118 bytes)
Event: 98.652 Thread 0x000001f6e5b189c0 nmethod 2215 0x000001f6d5e78210 code [0x000001f6d5e78480, 0x000001f6d5e79340]
Event: 124.634 Thread 0x000001f6e5b1deb0 2216       3       jdk.internal.loader.ClassLoaders::platformClassLoader (4 bytes)
Event: 124.634 Thread 0x000001f6e5b1deb0 nmethod 2216 0x000001f6ce606690 code [0x000001f6ce606820, 0x000001f6ce606918]
Event: 124.635 Thread 0x000001f6e5b1deb0 2217       3       java.lang.Class::getReflectionFactory (28 bytes)
Event: 124.635 Thread 0x000001f6e5b1deb0 nmethod 2217 0x000001f6ce606990 code [0x000001f6ce606bc0, 0x000001f6ce6072a0]
Event: 124.636 Thread 0x000001f6e5b1deb0 2218   !   3       java.util.concurrent.ConcurrentHashMap::replaceNode (437 bytes)

GC Heap History (10 events):
Event: 0.911 GC heap before
{Heap before GC invocations=0 (full 0):
 garbage-first heap   total 260096K, used 22528K [0x0000000703a00000, 0x0000000800000000)
  region size 2048K, 11 young (22528K), 0 survivors (0K)
 Metaspace       used 7057K, committed 7360K, reserved 1114112K
  class space    used 529K, committed 640K, reserved 1048576K
}
Event: 0.914 GC heap after
{Heap after GC invocations=1 (full 0):
 garbage-first heap   total 260096K, used 4029K [0x0000000703a00000, 0x0000000800000000)
  region size 2048K, 2 young (4096K), 2 survivors (4096K)
 Metaspace       used 7057K, committed 7360K, reserved 1114112K
  class space    used 529K, committed 640K, reserved 1048576K
}
Event: 6.081 GC heap before
{Heap before GC invocations=1 (full 0):
 garbage-first heap   total 260096K, used 34749K [0x0000000703a00000, 0x0000000800000000)
  region size 2048K, 18 young (36864K), 2 survivors (4096K)
 Metaspace       used 9659K, committed 9856K, reserved 1114112K
  class space    used 668K, committed 768K, reserved 1048576K
}
Event: 6.085 GC heap after
{Heap after GC invocations=2 (full 0):
 garbage-first heap   total 260096K, used 6476K [0x0000000703a00000, 0x0000000800000000)
  region size 2048K, 2 young (4096K), 2 survivors (4096K)
 Metaspace       used 9659K, committed 9856K, reserved 1114112K
  class space    used 668K, committed 768K, reserved 1048576K
}
Event: 34.830 GC heap before
{Heap before GC invocations=2 (full 0):
 garbage-first heap   total 260096K, used 141644K [0x0000000703a00000, 0x0000000800000000)
  region size 2048K, 68 young (139264K), 2 survivors (4096K)
 Metaspace       used 9662K, committed 9856K, reserved 1114112K
  class space    used 668K, committed 768K, reserved 1048576K
}
Event: 34.840 GC heap after
{Heap after GC invocations=3 (full 0):
 garbage-first heap   total 260096K, used 10000K [0x0000000703a00000, 0x0000000800000000)
  region size 2048K, 4 young (8192K), 4 survivors (8192K)
 Metaspace       used 9662K, committed 9856K, reserved 1114112K
  class space    used 668K, committed 768K, reserved 1048576K
}
Event: 66.976 GC heap before
{Heap before GC invocations=3 (full 0):
 garbage-first heap   total 260096K, used 157456K [0x0000000703a00000, 0x0000000800000000)
  region size 2048K, 76 young (155648K), 4 survivors (8192K)
 Metaspace       used 9663K, committed 9856K, reserved 1114112K
  class space    used 668K, committed 768K, reserved 1048576K
}
Event: 66.986 GC heap after
{Heap after GC invocations=4 (full 0):
 garbage-first heap   total 260096K, used 10913K [0x0000000703a00000, 0x0000000800000000)
  region size 2048K, 4 young (8192K), 4 survivors (8192K)
 Metaspace       used 9663K, committed 9856K, reserved 1114112K
  class space    used 668K, committed 768K, reserved 1048576K
}
Event: 98.629 GC heap before
{Heap before GC invocations=4 (full 0):
 garbage-first heap   total 260096K, used 158369K [0x0000000703a00000, 0x0000000800000000)
  region size 2048K, 76 young (155648K), 4 survivors (8192K)
 Metaspace       used 9663K, committed 9856K, reserved 1114112K
  class space    used 668K, committed 768K, reserved 1048576K
}
Event: 98.643 GC heap after
{Heap after GC invocations=5 (full 0):
 garbage-first heap   total 260096K, used 10650K [0x0000000703a00000, 0x0000000800000000)
  region size 2048K, 4 young (8192K), 4 survivors (8192K)
 Metaspace       used 9663K, committed 9856K, reserved 1114112K
  class space    used 668K, committed 768K, reserved 1048576K
}

Dll operation events (15 events):
Event: 0.007 Loaded shared library D:\jdk-21.0.1\bin\java.dll
Event: 0.033 Loaded shared library D:\jdk-21.0.1\bin\jsvml.dll
Event: 0.064 Loaded shared library D:\jdk-21.0.1\bin\zip.dll
Event: 0.066 Loaded shared library D:\jdk-21.0.1\bin\instrument.dll
Event: 0.069 Loaded shared library D:\jdk-21.0.1\bin\net.dll
Event: 0.070 Loaded shared library D:\jdk-21.0.1\bin\nio.dll
Event: 0.072 Loaded shared library D:\jdk-21.0.1\bin\zip.dll
Event: 0.095 Loaded shared library D:\IntelliJ IDEA Community Edition 2023.3.3\bin\breakgen64.dll
Event: 0.117 Loaded shared library D:\jdk-21.0.1\bin\extnet.dll
Event: 0.161 Loaded shared library D:\jdk-21.0.1\bin\jimage.dll
Event: 0.173 Loaded shared library C:\Users\Vu\AppData\Local\Temp\lwjglVu\3.3.1-build-7\lwjgl.dll
Event: 0.439 Loaded shared library C:\Users\Vu\AppData\Local\Temp\lwjglVu\3.3.1-build-7\lwjgl_opengl.dll
Event: 0.739 Loaded shared library C:\Users\Vu\AppData\Local\Temp\imgui-java-natives_1708454036864\imgui-java64.dll
Event: 0.854 Loaded shared library D:\jdk-21.0.1\bin\verify.dll
Event: 1.003 Loaded shared library C:\Users\Vu\AppData\Local\Temp\lwjglVu\3.3.1-build-7\lwjgl_stb.dll

Deoptimization events (20 events):
Event: 4.761 Thread 0x000001f6c44d0510 DEOPT PACKING pc=0x000001f6d5e15d14 sp=0x000000c3cafff340
Event: 4.761 Thread 0x000001f6c44d0510 DEOPT UNPACKING pc=0x000001f6d57f7da2 sp=0x000000c3cafff2a0 mode 2
Event: 6.088 Thread 0x000001f6c44d0510 Uncommon trap: trap_request=0xffffff45 fr.pc=0x000001f6d5e03270 relative=0x0000000000003110
Event: 6.088 Thread 0x000001f6c44d0510 Uncommon trap: reason=unstable_if action=reinterpret pc=0x000001f6d5e03270 method=java.nio.Bits.tryReserveMemory(JJ)Z @ 30 c2
Event: 6.088 Thread 0x000001f6c44d0510 DEOPT PACKING pc=0x000001f6d5e03270 sp=0x000000c3cafff440
Event: 6.088 Thread 0x000001f6c44d0510 DEOPT UNPACKING pc=0x000001f6d57f7da2 sp=0x000000c3cafff098 mode 2
Event: 6.103 Thread 0x000001f6c44d0510 DEOPT PACKING pc=0x000001f6ce58c792 sp=0x000000c3cafff4b0
Event: 6.103 Thread 0x000001f6c44d0510 DEOPT UNPACKING pc=0x000001f6d57f88e2 sp=0x000000c3caffe948 mode 0
Event: 6.109 Thread 0x000001f6c44d0510 DEOPT PACKING pc=0x000001f6ce58dc2b sp=0x000000c3cafff4f0
Event: 6.109 Thread 0x000001f6c44d0510 DEOPT UNPACKING pc=0x000001f6d57f88e2 sp=0x000000c3caffe9c8 mode 0
Event: 6.158 Thread 0x000001f6c44d0510 DEOPT PACKING pc=0x000001f6ce58f46d sp=0x000000c3cafff390
Event: 6.158 Thread 0x000001f6c44d0510 DEOPT UNPACKING pc=0x000001f6d57f88e2 sp=0x000000c3caffe830 mode 0
Event: 6.463 Thread 0x000001f6c44d0510 DEOPT PACKING pc=0x000001f6ce586cd4 sp=0x000000c3cafff220
Event: 6.463 Thread 0x000001f6c44d0510 DEOPT UNPACKING pc=0x000001f6d57f88e2 sp=0x000000c3caffe908 mode 0
Event: 98.645 Thread 0x000001f6e5b06de0 DEOPT PACKING pc=0x000001f6ce605999 sp=0x000000c3cb7ff510
Event: 98.645 Thread 0x000001f6e5b06de0 DEOPT UNPACKING pc=0x000001f6d57f88e2 sp=0x000000c3cb7fe9b0 mode 0
Event: 124.635 Thread 0x000001f6fa9ad8a0 Uncommon trap: trap_request=0xffffff45 fr.pc=0x000001f6d5e2b2e0 relative=0x0000000000000140
Event: 124.635 Thread 0x000001f6fa9ad8a0 Uncommon trap: reason=unstable_if action=reinterpret pc=0x000001f6d5e2b2e0 method=java.lang.Class.reflectionData()Ljava/lang/Class$ReflectionData; @ 11 c2
Event: 124.635 Thread 0x000001f6fa9ad8a0 DEOPT PACKING pc=0x000001f6d5e2b2e0 sp=0x000000c3cacfd8e0
Event: 124.635 Thread 0x000001f6fa9ad8a0 DEOPT UNPACKING pc=0x000001f6d57f7da2 sp=0x000000c3cacfd898 mode 2

Classes loaded (20 events):
Event: 124.635 Loading class jdk/internal/logger/AbstractLoggerWrapper
Event: 124.635 Loading class jdk/internal/logger/AbstractLoggerWrapper done
Event: 124.635 Loading class jdk/internal/logger/LazyLoggers$LazyLoggerWrapper done
Event: 124.635 Loading class jdk/internal/logger/LazyLoggers$JdkLazyLogger done
Event: 124.635 Loading class jdk/internal/logger/LazyLoggers$LazyLoggerAccessor
Event: 124.635 Loading class jdk/internal/logger/LazyLoggers$LoggerAccessor
Event: 124.635 Loading class jdk/internal/logger/LazyLoggers$LoggerAccessor done
Event: 124.635 Loading class jdk/internal/logger/LazyLoggers$LazyLoggerAccessor done
Event: 124.635 Loading class java/lang/System$Logger$Level
Event: 124.635 Loading class java/lang/System$Logger$Level done
Event: 124.636 Loading class jdk/internal/logger/SurrogateLogger
Event: 124.636 Loading class jdk/internal/logger/SimpleConsoleLogger
Event: 124.636 Loading class sun/util/logging/PlatformLogger$ConfigurableBridge$LoggerConfiguration
Event: 124.636 Loading class sun/util/logging/PlatformLogger$ConfigurableBridge$LoggerConfiguration done
Event: 124.636 Loading class jdk/internal/logger/SimpleConsoleLogger done
Event: 124.636 Loading class jdk/internal/logger/SurrogateLogger done
Event: 124.636 Loading class sun/util/logging/PlatformLogger
Event: 124.636 Loading class sun/util/logging/PlatformLogger done
Event: 124.636 Loading class sun/util/logging/PlatformLogger$Level
Event: 124.636 Loading class sun/util/logging/PlatformLogger$Level done

Classes unloaded (0 events):
No events

Classes redefined (0 events):
No events

Internal exceptions (20 events):
Event: 0.426 Thread 0x000001f6c44d0510 Exception <a 'java/lang/NoSuchMethodError'{0x00000007131e5488}: 'java.lang.Object java.lang.invoke.DirectMethodHandle$Holder.newInvokeSpecial(java.lang.Object, long)'> (0x00000007131e5488) 
thrown [s\open\src\hotspot\share\interpreter\linkResolver.cpp, line 773]
Event: 0.434 Thread 0x000001f6c44d0510 Exception <a 'java/lang/NoSuchMethodError'{0x0000000712e1f040}: 'void java.lang.System.load(java.lang.String, java.lang.Class)'> (0x0000000712e1f040) 
thrown [s\open\src\hotspot\share\interpreter\linkResolver.cpp, line 773]
Event: 0.435 Thread 0x000001f6c44d0510 Exception <a 'java/lang/NoSuchMethodError'{0x0000000712e219e0}: 'void java.lang.System.loadLibrary(java.lang.String, java.lang.Class)'> (0x0000000712e219e0) 
thrown [s\open\src\hotspot\share\interpreter\linkResolver.cpp, line 773]
Event: 0.438 Thread 0x000001f6c44d0510 Exception <a 'sun/nio/fs/WindowsException'{0x0000000712e31810}> (0x0000000712e31810) 
thrown [s\open\src\hotspot\share\prims\jni.cpp, line 520]
Event: 0.438 Thread 0x000001f6c44d0510 Exception <a 'sun/nio/fs/WindowsException'{0x0000000712e31b90}> (0x0000000712e31b90) 
thrown [s\open\src\hotspot\share\prims\jni.cpp, line 520]
Event: 0.441 Thread 0x000001f6c44d0510 Exception <a 'sun/nio/fs/WindowsException'{0x0000000712e38a70}> (0x0000000712e38a70) 
thrown [s\open\src\hotspot\share\prims\jni.cpp, line 520]
Event: 0.441 Thread 0x000001f6c44d0510 Exception <a 'sun/nio/fs/WindowsException'{0x0000000712e38d30}> (0x0000000712e38d30) 
thrown [s\open\src\hotspot\share\prims\jni.cpp, line 520]
Event: 0.680 Thread 0x000001f6c44d0510 Exception <a 'sun/nio/fs/WindowsException'{0x0000000712dae070}> (0x0000000712dae070) 
thrown [s\open\src\hotspot\share\prims\jni.cpp, line 520]
Event: 0.750 Thread 0x000001f6c44d0510 Exception <a 'java/lang/NoSuchMethodError'{0x0000000712a05618}: 'void java.lang.invoke.DirectMethodHandle$Holder.invokeVirtual(java.lang.Object, java.lang.Object, long, int)'> (0x0000000712a05618) 
thrown [s\open\src\hotspot\share\interpreter\linkResolver.cpp, line 773]
Event: 0.859 Thread 0x000001f6c44d0510 Exception <a 'java/lang/NoSuchMethodError'{0x00000007127ff718}: 'float java.lang.invoke.DelegatingMethodHandle$Holder.reinvoke_L(java.lang.Object, java.lang.Object)'> (0x00000007127ff718) 
thrown [s\open\src\hotspot\share\interpreter\linkResolver.cpp, line 773]
Event: 0.860 Thread 0x000001f6c44d0510 Exception <a 'java/lang/NoSuchMethodError'{0x0000000712409b58}: 'void java.lang.invoke.DelegatingMethodHandle$Holder.reinvoke_L(java.lang.Object, java.lang.Object, float)'> (0x0000000712409b58) 
thrown [s\open\src\hotspot\share\interpreter\linkResolver.cpp, line 773]
Event: 0.862 Thread 0x000001f6c44d0510 Exception <a 'java/lang/NoSuchMethodError'{0x00000007124248f0}: 'void java.lang.invoke.Invokers$Holder.invokeExact_MT(java.lang.Object, java.lang.Object, java.lang.Object, java.lang.Object)'> (0x00000007124248f0) 
thrown [s\open\src\hotspot\share\interpreter\linkResolver.cpp, line 773]
Event: 0.863 Thread 0x000001f6c44d0510 Exception <a 'java/lang/NoSuchMethodError'{0x000000071242d340}: 'void java.lang.invoke.DelegatingMethodHandle$Holder.reinvoke_L(java.lang.Object, java.lang.Object, int)'> (0x000000071242d340) 
thrown [s\open\src\hotspot\share\interpreter\linkResolver.cpp, line 773]
Event: 0.864 Thread 0x000001f6c44d0510 Exception <a 'java/lang/NoSuchMethodError'{0x0000000712433b80}: 'void java.lang.invoke.Invokers$Holder.invokeExact_MT(java.lang.Object, java.lang.Object, int, java.lang.Object)'> (0x0000000712433b80) 
thrown [s\open\src\hotspot\share\interpreter\linkResolver.cpp, line 773]
Event: 0.997 Thread 0x000001f6c44d0510 Exception <a 'java/lang/NoSuchMethodError'{0x000000071349d088}: 'void java.lang.System.load(java.lang.String, java.lang.Class)'> (0x000000071349d088) 
thrown [s\open\src\hotspot\share\interpreter\linkResolver.cpp, line 773]
Event: 0.998 Thread 0x000001f6c44d0510 Exception <a 'java/lang/NoSuchMethodError'{0x000000071349fa28}: 'void java.lang.System.loadLibrary(java.lang.String, java.lang.Class)'> (0x000000071349fa28) 
thrown [s\open\src\hotspot\share\interpreter\linkResolver.cpp, line 773]
Event: 1.002 Thread 0x000001f6c44d0510 Exception <a 'sun/nio/fs/WindowsException'{0x00000007134ae370}> (0x00000007134ae370) 
thrown [s\open\src\hotspot\share\prims\jni.cpp, line 520]
Event: 1.002 Thread 0x000001f6c44d0510 Exception <a 'sun/nio/fs/WindowsException'{0x00000007134ae6d0}> (0x00000007134ae6d0) 
thrown [s\open\src\hotspot\share\prims\jni.cpp, line 520]
Event: 1.047 Thread 0x000001f6e5b0c210 Exception <a 'java/lang/NoSuchMethodError'{0x00000007135bf668}: 'java.lang.Object java.lang.invoke.Invokers$Holder.invokeExact_MT(java.lang.Object, java.lang.Object, java.lang.Object, java.lang.Object, java.lang.Object, java.lang.Object)'> (0x00000007135bf668) 
thrown [s\open\src\hotspot\share\interpreter\linkResolver.cpp, line 773]
Event: 124.635 Thread 0x000001f6fa9ad8a0 Implicit null exception at 0x000001f6d5e2b1e4 to 0x000001f6d5e2b2c8

ZGC Phase Switch (0 events):
No events

VM Operations (20 events):
Event: 7.099 Executing VM operation: Cleanup done
Event: 8.108 Executing VM operation: Cleanup
Event: 8.108 Executing VM operation: Cleanup done
Event: 34.830 Executing VM operation: G1CollectForAllocation (G1 Evacuation Pause)
Event: 34.840 Executing VM operation: G1CollectForAllocation (G1 Evacuation Pause) done
Event: 60.109 Executing VM operation: HandshakeAllThreads (HandshakeForDeflation)
Event: 60.109 Executing VM operation: HandshakeAllThreads (HandshakeForDeflation) done
Event: 60.109 Executing VM operation: RendezvousGCThreads
Event: 60.109 Executing VM operation: RendezvousGCThreads done
Event: 66.155 Executing VM operation: Cleanup
Event: 66.155 Executing VM operation: Cleanup done
Event: 66.976 Executing VM operation: G1CollectForAllocation (G1 Evacuation Pause)
Event: 66.987 Executing VM operation: G1CollectForAllocation (G1 Evacuation Pause) done
Event: 98.629 Executing VM operation: G1CollectForAllocation (G1 Evacuation Pause)
Event: 98.644 Executing VM operation: G1CollectForAllocation (G1 Evacuation Pause) done
Event: 120.181 Executing VM operation: HandshakeAllThreads (HandshakeForDeflation)
Event: 120.181 Executing VM operation: HandshakeAllThreads (HandshakeForDeflation) done
Event: 120.181 Executing VM operation: RendezvousGCThreads
Event: 120.181 Executing VM operation: RendezvousGCThreads done
Event: 124.636 Executing VM operation: Exit

Events (20 events):
Event: 0.031 Thread 0x000001f6e5b06de0 Thread added: 0x000001f6e5b06de0
Event: 0.031 Thread 0x000001f6e5b07b00 Thread added: 0x000001f6e5b07b00
Event: 0.031 Thread 0x000001f6e5b0a690 Thread added: 0x000001f6e5b0a690
Event: 0.031 Thread 0x000001f6e5b0c210 Thread added: 0x000001f6e5b0c210
Event: 0.031 Thread 0x000001f6e5b14c80 Thread added: 0x000001f6e5b14c80
Event: 0.031 Thread 0x000001f6e5b156e0 Thread added: 0x000001f6e5b156e0
Event: 0.031 Thread 0x000001f6e5b189c0 Thread added: 0x000001f6e5b189c0
Event: 0.031 Thread 0x000001f6e5b1deb0 Thread added: 0x000001f6e5b1deb0
Event: 0.052 Thread 0x000001f6e5ad42d0 Thread added: 0x000001f6e5ad42d0
Event: 0.096 Thread 0x000001f6ea3c9ac0 Thread added: 0x000001f6ea3c9ac0
Event: 0.096 Thread 0x000001f6ea3d00b0 Thread added: 0x000001f6ea3d00b0
Event: 0.447 Thread 0x000001f6ea995be0 Thread added: 0x000001f6ea995be0
Event: 0.558 Thread 0x000001f6ea995be0 Thread exited: 0x000001f6ea995be0
Event: 0.840 Thread 0x000001f6f30669e0 Thread added: 0x000001f6f30669e0
Event: 0.936 Thread 0x000001f6f306a060 Thread added: 0x000001f6f306a060
Event: 1.284 Thread 0x000001f6f306a060 Thread exited: 0x000001f6f306a060
Event: 1.284 Thread 0x000001f6f30669e0 Thread exited: 0x000001f6f30669e0
Event: 1.376 Thread 0x000001f6f3c29760 Thread added: 0x000001f6f3c29760
Event: 2.322 Thread 0x000001f6f3c29760 Thread exited: 0x000001f6f3c29760
Event: 124.633 Thread 0x000001f6fa9ad8a0 Thread added: 0x000001f6fa9ad8a0


Dynamic libraries:
0x00007ff674430000 - 0x00007ff674440000 	D:\jdk-21.0.1\bin\java.exe
0x00007ffe1b1b0000 - 0x00007ffe1b3c7000 	C:\WINDOWS\SYSTEM32\ntdll.dll
0x00007ffe199f0000 - 0x00007ffe19ab4000 	C:\WINDOWS\System32\KERNEL32.DLL
0x00007ffe187d0000 - 0x00007ffe18b76000 	C:\WINDOWS\System32\KERNELBASE.dll
0x00007ffe18db0000 - 0x00007ffe18ec1000 	C:\WINDOWS\System32\ucrtbase.dll
0x00007ffe04120000 - 0x00007ffe0413b000 	D:\jdk-21.0.1\bin\VCRUNTIME140.dll
0x00007ffe05b00000 - 0x00007ffe05b19000 	D:\jdk-21.0.1\bin\jli.dll
0x00007ffe1aa40000 - 0x00007ffe1aaf3000 	C:\WINDOWS\System32\ADVAPI32.dll
0x00007ffe1a690000 - 0x00007ffe1a737000 	C:\WINDOWS\System32\msvcrt.dll
0x00007ffe18f00000 - 0x00007ffe18fa8000 	C:\WINDOWS\System32\sechost.dll
0x00007ffe18570000 - 0x00007ffe18598000 	C:\WINDOWS\System32\bcrypt.dll
0x00007ffe197e0000 - 0x00007ffe198f7000 	C:\WINDOWS\System32\RPCRT4.dll
0x00007ffe1a880000 - 0x00007ffe1aa2e000 	C:\WINDOWS\System32\USER32.dll
0x00007ffe18ed0000 - 0x00007ffe18ef6000 	C:\WINDOWS\System32\win32u.dll
0x00007ffe19900000 - 0x00007ffe19929000 	C:\WINDOWS\System32\GDI32.dll
0x00007ffdf6ba0000 - 0x00007ffdf6e33000 	C:\WINDOWS\WinSxS\amd64_microsoft.windows.common-controls_6595b64144ccf1df_6.0.22621.2506_none_270c5ae97388e100\COMCTL32.dll
0x00007ffe185a0000 - 0x00007ffe186b8000 	C:\WINDOWS\System32\gdi32full.dll
0x00007ffe18730000 - 0x00007ffe187ca000 	C:\WINDOWS\System32\msvcp_win.dll
0x00007ffe0db10000 - 0x00007ffe0db1a000 	C:\WINDOWS\SYSTEM32\VERSION.dll
0x00007ffe199b0000 - 0x00007ffe199e1000 	C:\WINDOWS\System32\IMM32.DLL
0x00007ffe09680000 - 0x00007ffe0968c000 	D:\jdk-21.0.1\bin\vcruntime140_1.dll
0x00007ffdd2850000 - 0x00007ffdd28de000 	D:\jdk-21.0.1\bin\msvcp140.dll
0x00007ffd8eb90000 - 0x00007ffd8f8a5000 	D:\jdk-21.0.1\bin\server\jvm.dll
0x00007ffe19930000 - 0x00007ffe199a1000 	C:\WINDOWS\System32\WS2_32.dll
0x00007ffe17340000 - 0x00007ffe1738d000 	C:\WINDOWS\SYSTEM32\POWRPROF.dll
0x00007ffe0e060000 - 0x00007ffe0e094000 	C:\WINDOWS\SYSTEM32\WINMM.dll
0x00007ffe17320000 - 0x00007ffe17333000 	C:\WINDOWS\SYSTEM32\UMPDC.dll
0x00007ffe175e0000 - 0x00007ffe175f8000 	C:\WINDOWS\SYSTEM32\kernel.appcore.dll
0x00007ffe05fb0000 - 0x00007ffe05fba000 	D:\jdk-21.0.1\bin\jimage.dll
0x00007ffe15fb0000 - 0x00007ffe161e3000 	C:\WINDOWS\SYSTEM32\DBGHELP.DLL
0x00007ffe19290000 - 0x00007ffe19619000 	C:\WINDOWS\System32\combase.dll
0x00007ffe19be0000 - 0x00007ffe19cb7000 	C:\WINDOWS\System32\OLEAUT32.dll
0x00007ffdfe150000 - 0x00007ffdfe182000 	C:\WINDOWS\SYSTEM32\dbgcore.DLL
0x00007ffe184f0000 - 0x00007ffe1856a000 	C:\WINDOWS\System32\bcryptPrimitives.dll
0x00007ffdf8000000 - 0x00007ffdf800f000 	D:\jdk-21.0.1\bin\instrument.dll
0x00007ffdf0850000 - 0x00007ffdf086f000 	D:\jdk-21.0.1\bin\java.dll
0x00007ffe19d20000 - 0x00007ffe1a57b000 	C:\WINDOWS\System32\SHELL32.dll
0x00007ffe16410000 - 0x00007ffe16d06000 	C:\WINDOWS\SYSTEM32\windows.storage.dll
0x00007ffe162d0000 - 0x00007ffe1640e000 	C:\WINDOWS\SYSTEM32\wintypes.dll
0x00007ffe19ac0000 - 0x00007ffe19bb3000 	C:\WINDOWS\System32\SHCORE.dll
0x00007ffe1a790000 - 0x00007ffe1a7ee000 	C:\WINDOWS\System32\shlwapi.dll
0x00007ffe18420000 - 0x00007ffe18446000 	C:\WINDOWS\SYSTEM32\profapi.dll
0x00007ffdd1c00000 - 0x00007ffdd1cd7000 	D:\jdk-21.0.1\bin\jsvml.dll
0x00007ffdeafc0000 - 0x00007ffdeafd8000 	D:\jdk-21.0.1\bin\zip.dll
0x00007ffe05fa0000 - 0x00007ffe05fb0000 	D:\jdk-21.0.1\bin\net.dll
0x00007ffe0eeb0000 - 0x00007ffe0efe7000 	C:\WINDOWS\SYSTEM32\WINHTTP.dll
0x00007ffe17a50000 - 0x00007ffe17ab9000 	C:\WINDOWS\system32\mswsock.dll
0x00007ffded3d0000 - 0x00007ffded3e6000 	D:\jdk-21.0.1\bin\nio.dll
0x00007ffde1e20000 - 0x00007ffde1e3a000 	D:\IntelliJ IDEA Community Edition 2023.3.3\bin\breakgen64.dll
0x00007ffe05d30000 - 0x00007ffe05d37000 	D:\jdk-21.0.1\bin\extnet.dll
0x00007ffdd1560000 - 0x00007ffdd15d5000 	C:\Users\Vu\AppData\Local\Temp\lwjglVu\3.3.1-build-7\lwjgl.dll
0x00007ffdccf90000 - 0x00007ffdccff1000 	C:\Users\Vu\AppData\Local\Temp\lwjglVu\3.3.1-build-7\glfw.dll
0x00007ffdd8e20000 - 0x00007ffdd8e66000 	C:\WINDOWS\SYSTEM32\dinput8.dll
0x00007ffdc08b0000 - 0x00007ffdc08c1000 	C:\WINDOWS\SYSTEM32\xinput1_4.dll
0x00007ffe181b0000 - 0x00007ffe181dc000 	C:\WINDOWS\SYSTEM32\DEVOBJ.dll
0x00007ffe181e0000 - 0x00007ffe1822e000 	C:\WINDOWS\SYSTEM32\cfgmgr32.dll
0x00007ffe12f40000 - 0x00007ffe12f6b000 	C:\WINDOWS\SYSTEM32\dwmapi.dll
0x00007ffdeb9e0000 - 0x00007ffdebbea000 	C:\WINDOWS\SYSTEM32\inputhost.dll
0x00007ffe12840000 - 0x00007ffe12974000 	C:\WINDOWS\SYSTEM32\CoreMessaging.dll
0x00007ffe12cf0000 - 0x00007ffe12d9b000 	C:\WINDOWS\system32\uxtheme.dll
0x00007ffe19680000 - 0x00007ffe197d1000 	C:\WINDOWS\System32\MSCTF.dll
0x00007ffe17d80000 - 0x00007ffe17d8c000 	C:\WINDOWS\SYSTEM32\CRYPTBASE.DLL
0x00007ffdf4ab0000 - 0x00007ffdf4bb0000 	C:\WINDOWS\SYSTEM32\opengl32.dll
0x00007ffe05b20000 - 0x00007ffe05b4d000 	C:\WINDOWS\SYSTEM32\GLU32.dll
0x00007ffe15660000 - 0x00007ffe15699000 	C:\WINDOWS\SYSTEM32\dxcore.dll
0x00007ffe0e0a0000 - 0x00007ffe0e0ea000 	C:\WINDOWS\SYSTEM32\directxdatabasehelper.dll
0x00007ffe19030000 - 0x00007ffe190e0000 	C:\WINDOWS\System32\clbcatq.dll
0x00007ffd7f810000 - 0x00007ffd80803000 	C:\WINDOWS\System32\DriverStore\FileRepository\iigd_dch.inf_amd64_5802b1615520e41c\igxelpicd64.dll
0x00007ffe190e0000 - 0x00007ffe19280000 	C:\WINDOWS\System32\ole32.dll
0x00007ffe12e20000 - 0x00007ffe12f18000 	C:\WINDOWS\system32\dxgi.dll
0x00007ffdccca0000 - 0x00007ffdccf87000 	C:\WINDOWS\System32\DriverStore\FileRepository\iigd_dch.inf_amd64_5802b1615520e41c\igdml64.dll
0x00007ffe0a6c0000 - 0x00007ffe0aa87000 	C:\WINDOWS\System32\DriverStore\FileRepository\iigd_dch.inf_amd64_5802b1615520e41c\igdgmm64.dll
0x00007ffe00a00000 - 0x00007ffe04011000 	C:\WINDOWS\System32\DriverStore\FileRepository\iigd_dch.inf_amd64_5802b1615520e41c\igc64.dll
0x00007ffe056a0000 - 0x00007ffe057ea000 	C:\WINDOWS\SYSTEM32\textinputframework.dll
0x00007ffe0d290000 - 0x00007ffe0d5fc000 	C:\WINDOWS\SYSTEM32\CoreUIComponents.dll
0x00007ffdb9510000 - 0x00007ffdb96a7000 	C:\Users\Vu\AppData\Local\Temp\lwjglVu\3.3.1-build-7\OpenAL.dll
0x00007ffe042a0000 - 0x00007ffe0433d000 	C:\WINDOWS\System32\MMDevApi.dll
0x00007ffe06180000 - 0x00007ffe0636c000 	C:\WINDOWS\SYSTEM32\AUDIOSES.DLL
0x00007ffe15900000 - 0x00007ffe15915000 	C:\WINDOWS\SYSTEM32\resourcepolicyclient.dll
0x00007ffdcd0d0000 - 0x00007ffdcd12d000 	C:\Users\Vu\AppData\Local\Temp\lwjglVu\3.3.1-build-7\lwjgl_opengl.dll
0x0000000064a00000 - 0x0000000064d10000 	C:\Users\Vu\AppData\Local\Temp\imgui-java-natives_1708454036864\imgui-java64.dll
0x00007ffe17da0000 - 0x00007ffe17dbb000 	C:\WINDOWS\SYSTEM32\CRYPTSP.dll
0x00007ffe17540000 - 0x00007ffe17575000 	C:\WINDOWS\system32\rsaenh.dll
0x00007ffdf6f40000 - 0x00007ffdf6f50000 	D:\jdk-21.0.1\bin\verify.dll
0x00007ffdbea20000 - 0x00007ffdbeaa1000 	C:\Users\Vu\AppData\Local\Temp\lwjglVu\3.3.1-build-7\lwjgl_stb.dll

dbghelp: loaded successfully - version: 4.0.5 - missing functions: none
symbol engine: initialized successfully - sym options: 0x614 - pdb path: .;D:\jdk-21.0.1\bin;C:\WINDOWS\SYSTEM32;C:\WINDOWS\WinSxS\amd64_microsoft.windows.common-controls_6595b64144ccf1df_6.0.22621.2506_none_270c5ae97388e100;D:\jdk-21.0.1\bin\server;D:\IntelliJ IDEA Community Edition 2023.3.3\bin;C:\Users\Vu\AppData\Local\Temp\lwjglVu\3.3.1-build-7;C:\WINDOWS\System32\DriverStore\FileRepository\iigd_dch.inf_amd64_5802b1615520e41c;C:\Users\Vu\AppData\Local\Temp\imgui-java-natives_1708454036864

VM Arguments:
jvm_args: -javaagent:D:\IntelliJ IDEA Community Edition 2023.3.3\lib\idea_rt.jar=57172:D:\IntelliJ IDEA Community Edition 2023.3.3\bin -Dfile.encoding=UTF-8 -Dsun.stdout.encoding=UTF-8 -Dsun.stderr.encoding=UTF-8 
java_command: main.Main
java_class_path (initial): D:\ducky-game\target\classes;C:\Users\Vu\.m2\repository\io\github\spair\imgui-java-app\1.81.0\imgui-java-app-1.81.0.jar;C:\Users\Vu\.m2\repository\org\lwjgl\lwjgl\3.3.1\lwjgl-3.3.1-natives-linux.jar;C:\Users\Vu\.m2\repository\org\lwjgl\lwjgl-glfw\3.3.1\lwjgl-glfw-3.3.1-natives-linux.jar;C:\Users\Vu\.m2\repository\org\lwjgl\lwjgl-opengl\3.3.1\lwjgl-opengl-3.3.1-natives-linux.jar;C:\Users\Vu\.m2\repository\org\lwjgl\lwjgl\3.3.1\lwjgl-3.3.1-natives-macos.jar;C:\Users\Vu\.m2\repository\org\lwjgl\lwjgl-glfw\3.3.1\lwjgl-glfw-3.3.1-natives-macos.jar;C:\Users\Vu\.m2\repository\org\lwjgl\lwjgl-opengl\3.3.1\lwjgl-opengl-3.3.1-natives-macos.jar;C:\Users\Vu\.m2\repository\io\github\spair\imgui-java-binding\1.81.0\imgui-java-binding-1.81.0.jar;C:\Users\Vu\.m2\repository\io\github\spair\imgui-java-lwjgl3\1.81.0\imgui-java-lwjgl3-1.81.0.jar;C:\Users\Vu\.m2\repository\org\lwjgl\lwjgl\3.3.1\lwjgl-3.3.1.jar;C:\Users\Vu\.m2\repository\com\google\code\gson\gson\2.10.1\gson-2.10.1.jar;C:\Users\Vu\.m2\repository\org\lwjgl\lwjgl-nfd\3.3.1\lwjgl-nfd-3.3.1.jar;C:\Users\Vu\.m2\repository\org\lwjgl\lwjgl-assimp\3.3.1\lwjgl-assimp-3.3.1.jar;C:\Users\Vu\.m2\repository\org\lwjgl\lwjgl-glfw\3.3.1\lwjgl-glfw-3.3.1.jar;C:\Users\Vu\.m2\repository\org\lwjgl\lwjgl-openal\3.3.1\lwjgl-openal-3.3.1.jar;C:\Users\Vu\.m2\repository\org\lwjgl\lwjgl-opengl\3.3.1\lwjgl-opengl-3.3.1.jar;C:\Users\Vu\.m2\repository\org\lwjgl\lwjgl-stb\3.3.1\lwjgl-stb-3.3.1.jar;C:\Users\Vu\.m2\repository\org\lwjgl\lwjgl\3.3.1\lwjgl-3.3.1-natives-windows.jar;C:\Users\Vu\.m2\repository\org\lwjgl\lwjgl-assimp\3.3.1\lwjgl-assimp-3.3.1-natives-windows.jar;C:\Users\Vu\.m2\repository\org\lwjgl\lwjgl-glfw\3.3.1\lwjgl-glfw-3.3.1-natives-windows.jar;C:\Users\Vu\.m2\repository\org\lwjgl\lwjgl-openal\3.3.1\lwjgl-openal-3.3.1-natives-windows.jar;C:\Users\Vu\.m2\repository\org\lwjgl\lwjgl-opengl\3.3.1\lwjgl-opengl-3.3.1-natives-windows.jar;C:\Users\Vu\.m2\repository\org\mongodb\mongodb-driver\3.12.14\mongodb-driver-3.12.14.jar;C:\Users\Vu\.m2\repository\org\mongodb\bson\3.12.14\bson-3.12.14.jar;C:\Users\Vu\.m2\repository\org\mongodb\mongodb-driver-core\3.12.14\mongodb-driver-core-3.12.14.jar;C:\Users\Vu\.m2\repository\org\lwjgl\lwjgl-stb\3.3.1\lwjgl-stb-3.3.1-natives-windows.jar;C:\Users\Vu\.m2\repository\org\lwjgl\lwjgl-nfd\3.3.1\lwjgl-nfd-3.3.1-natives-windows.jar;C:\Users\Vu\.m2\repository\org\jbox2d\jbox2d-library\2.2.1.1\jbox2d-library-2.2.1.1.jar;C:\Users\Vu\.m2\repository\org\joml\joml\1.9.24\joml-1.9.24.jar
Launcher Type: SUN_STANDARD

[Global flags]
     intx CICompilerCount                          = 4                                         {product} {ergonomic}
     uint ConcGCThreads                            = 3                                         {product} {ergonomic}
     uint G1ConcRefinementThreads                  = 10                                        {product} {ergonomic}
   size_t G1HeapRegionSize                         = 2097152                                   {product} {ergonomic}
    uintx GCDrainStackTargetSize                   = 64                                        {product} {ergonomic}
   size_t InitialHeapSize                          = 266338304                                 {product} {ergonomic}
   size_t MarkStackSize                            = 4194304                                   {product} {ergonomic}
   size_t MaxHeapSize                              = 4234149888                                {product} {ergonomic}
   size_t MaxNewSize                               = 2539651072                                {product} {ergonomic}
   size_t MinHeapDeltaBytes                        = 2097152                                   {product} {ergonomic}
   size_t MinHeapSize                              = 8388608                                   {product} {ergonomic}
    uintx NonNMethodCodeHeapSize                   = 5839372                                {pd product} {ergonomic}
    uintx NonProfiledCodeHeapSize                  = 122909434                              {pd product} {ergonomic}
    uintx ProfiledCodeHeapSize                     = 122909434                              {pd product} {ergonomic}
    uintx ReservedCodeCacheSize                    = 251658240                              {pd product} {ergonomic}
     bool SegmentedCodeCache                       = true                                      {product} {ergonomic}
   size_t SoftMaxHeapSize                          = 4234149888                             {manageable} {ergonomic}
     bool UseCompressedOops                        = true                           {product lp64_product} {ergonomic}
     bool UseG1GC                                  = true                                      {product} {ergonomic}
     bool UseLargePagesIndividualAllocation        = false                                  {pd product} {ergonomic}

Logging:
Log output configuration:
 #0: stdout all=off uptime,level,tags foldmultilines=false
 #1: stderr all=off uptime,level,tags foldmultilines=false

Environment Variables:
PATH=C:\Program Files\Common Files\Oracle\Java\javapath;C:\Windows\system32;C:\Windows;C:\Windows\System32\Wbem;C:\Windows\System32\WindowsPowerShell\v1.0\;C:\Windows\System32\OpenSSH\;C:\Program Files (x86)\NVIDIA Corporation\PhysX\Common;C:\Program Files\NVIDIA Corporation\NVIDIA NvDLISR;C:\WINDOWS\system32;C:\WINDOWS;C:\WINDOWS\System32\Wbem;C:\WINDOWS\System32\WindowsPowerShell\v1.0\;C:\WINDOWS\System32\OpenSSH\;C:\Program Files\Git\cmd;C:\Users\Vu\AppData\Local\Microsoft\WindowsApps;
USERNAME=Vu
OS=Windows_NT
PROCESSOR_IDENTIFIER=Intel64 Family 6 Model 141 Stepping 1, GenuineIntel
TMP=C:\Users\Vu\AppData\Local\Temp
TEMP=C:\Users\Vu\AppData\Local\Temp




Periodic native trim disabled

---------------  S Y S T E M  ---------------

OS:
 Windows 11 , 64 bit Build 22621 (10.0.22621.3085)
OS uptime: 0 days 9:51 hours
Hyper-V role detected

CPU: total 12 (initial active 12) (6 cores per cpu, 2 threads per core) family 6 model 141 stepping 1 microcode 0x3c, cx8, cmov, fxsr, ht, mmx, 3dnowpref, sse, sse2, sse3, ssse3, sse4.1, sse4.2, popcnt, lzcnt, tsc, tscinvbit, avx, avx2, aes, erms, clmul, bmi1, bmi2, adx, avx512f, avx512dq, avx512cd, avx512bw, avx512vl, sha, fma, vzeroupper, avx512_vpopcntdq, avx512_vpclmulqdq, avx512_vaes, avx512_vnni, clflush, clflushopt, clwb, avx512_vbmi2, avx512_vbmi, hv, rdtscp, rdpid, fsrm, gfni, avx512_bitalg, f16c, cet_ibt, cet_ss, avx512_ifma
Processor Information for all 12 processors :
  Max Mhz: 2688, Current Mhz: 2688, Mhz Limit: 2688

Memory: 4k page, system-wide physical 16147M (3911M free)
TotalPageFile size 22547M (AvailPageFile size 4527M)
current process WorkingSet (physical memory assigned to process): 456M, peak: 465M
current process commit charge ("private bytes"): 509M, peak: 531M

vm_info: Java HotSpot(TM) 64-Bit Server VM (21.0.1+12-LTS-29) for windows-amd64 JRE (21.0.1+12-LTS-29), built on 2023-10-05T13:27:09Z by "mach5one" with MS VC++ 17.1 (VS2022)

END.
