#
# A fatal error has been detected by the Java Runtime Environment:
#
#  EXCEPTION_ACCESS_VIOLATION (0xc0000005) at pc=0x00007ffdca31366c, pid=21672, tid=18756
#
# JRE version: Java(TM) SE Runtime Environment (21.0.1+12) (build 21.0.1+12-LTS-29)
# Java VM: Java HotSpot(TM) 64-Bit Server VM (21.0.1+12-LTS-29, mixed mode, sharing, tiered, compressed oops, compressed class ptrs, g1 gc, windows-amd64)
# Problematic frame:
# C  [igxelpicd64.dll+0x13366c]
#
# No core dump will be written. Minidumps are not enabled by default on client versions of Windows
#
# If you would like to submit a bug report, please visit:
#   https://bugreport.java.com/bugreport/crash.jsp
#

---------------  S U M M A R Y ------------

Command Line: -javaagent:D:\IntelliJ IDEA Community Edition 2023.3.3\lib\idea_rt.jar=55083:D:\IntelliJ IDEA Community Edition 2023.3.3\bin -Dfile.encoding=UTF-8 -Dsun.stdout.encoding=UTF-8 -Dsun.stderr.encoding=UTF-8 main.Main

Host: 11th Gen Intel(R) Core(TM) i5-11400H @ 2.70GHz, 12 cores, 15G,  Windows 11 , 64 bit Build 22621 (10.0.22621.3085)
Time: Wed Feb 21 04:05:12 2024 SE Asia Standard Time elapsed time: 84.253782 seconds (0d 0h 1m 24s)

---------------  T H R E A D  ---------------

Current thread (0x00000206d7d97670):  VMThread "VM Thread"          [id=18756, stack(0x0000006fe6500000,0x0000006fe6600000) (1024K)]

Stack: [0x0000006fe6500000,0x0000006fe6600000],  sp=0x0000006fe65fe450,  free space=1017k
Native frames: (J=compiled Java code, j=interpreted, Vv=VM code, C=native code)
C  [igxelpicd64.dll+0x13366c]


siginfo: EXCEPTION_ACCESS_VIOLATION (0xc0000005), reading address 0x00000000000356f8


Registers:
RAX=0x000002071d9927d8, RBX=0x000002071d9926d0, RCX=0x0000000000000000, RDX=0x0000000000000000
RSP=0x0000006fe65fe450, RBP=0x0000000000000000, RSI=0x000002071d992ca0, RDI=0x000002071d7141d0
R8 =0x0000000000000014, R9 =0x0000000000000000, R10=0x0000000000000000, R11=0x0000000000000000
R12=0x0000000000000000, R13=0x000002071d990c90, R14=0x0000000001e12400, R15=0x0000000000000016
RIP=0x00007ffdca31366c, EFLAGS=0x0000000000010206


Register to memory mapping:

RAX=0x000002071d9927d8 points into unknown readable memory: 0x0000000001e11449 | 49 14 e1 01 00 00 00 00
RBX=0x000002071d9926d0 points into unknown readable memory: 0x000002071d5de1e0 | e0 e1 5d 1d 07 02 00 00
RCX=0x0 is null
RDX=0x0 is null
RSP=0x0000006fe65fe450 points into unknown readable memory: 0x000002071d53e950 | 50 e9 53 1d 07 02 00 00
RBP=0x0 is null
RSI=0x000002071d992ca0 points into unknown readable memory: 0x000002071d990c90 | 90 0c 99 1d 07 02 00 00
RDI=0x000002071d7141d0 points into unknown readable memory: 0x000002071d773400 | 00 34 77 1d 07 02 00 00
R8 =0x0000000000000014 is an unknown value
R9 =0x0 is null
R10=0x0 is null
R11=0x0 is null
R12=0x0 is null
R13=0x000002071d990c90 points into unknown readable memory: 0x000002071d5de1e0 | e0 e1 5d 1d 07 02 00 00
R14=0x0000000001e12400 is an unknown value
R15=0x0000000000000016 is an unknown value

Top of Stack: (sp=0x0000006fe65fe450)
0x0000006fe65fe450:   000002071d53e950 0000000000000000
0x0000006fe65fe460:   000002071d6fb240 00007ffe1b2533b4
0x0000006fe65fe470:   000002071d6fb240 00007ffdca225db3
0x0000006fe65fe480:   000000007a000004 0000000000000000
0x0000006fe65fe490:   000002071d6efc78 0000000001e12460
0x0000006fe65fe4a0:   0000000000000000 000000000000000e
0x0000006fe65fe4b0:   0000000000000000 0000000000000000
0x0000006fe65fe4c0:   0000006fe65fe5d0 00007ffdca48bc3c
0x0000006fe65fe4d0:   000002071d53e950 000002071d7141d0
0x0000006fe65fe4e0:   000002071d6ef900 000002071d6bae00
0x0000006fe65fe4f0:   0000006f00001660 0000b80221340000
0x0000006fe65fe500:   0000000000000000 0000006fe65fe858
0x0000006fe65fe510:   0000006f00000028 0000800400112000
0x0000006fe65fe520:   00000206b6510000 0000000000000002
0x0000006fe65fe530:   0000000200000101 00007ffdca4819a0
0x0000006fe65fe540:   00007ffe00000000 00000000000004b4
0x0000006fe65fe550:   0000000000000000 0000000000000000
0x0000006fe65fe560:   00007f0000000000 0000000000000000
0x0000006fe65fe570:   0000000000000000 00007ffdca263cdf
0x0000006fe65fe580:   0000b80221340000 0000000000001660
0x0000006fe65fe590:   0000000000000000 4000170000000001
0x0000006fe65fe5a0:   0000000000000000 0000000000000000
0x0000006fe65fe5b0:   0000000000000000 0000000000000000
0x0000006fe65fe5c0:   0000000000000000 0000000000000000
0x0000006fe65fe5d0:   0000000000000000 0000000000000000
0x0000006fe65fe5e0:   0000000000000000 0000000000000000
0x0000006fe65fe5f0:   0000000000000000 0000000000000000
0x0000006fe65fe600:   0000000000000000 0000000000000000
0x0000006fe65fe610:   0000000000000000 0000000000000000
0x0000006fe65fe620:   0000000000000000 0000000000000000
0x0000006fe65fe630:   0000000000000000 0000000000000000
0x0000006fe65fe640:   0000000000000000 0000000000000000 

Instructions: (pc=0x00007ffdca31366c)
0x00007ffdca31356c:   ec 40 45 8a e1 48 8b fa 48 8b e9 48 8b 1d 42 08
0x00007ffdca31357c:   e0 00 48 89 58 08 48 8b cb ff 15 85 5b 9a 00 90
0x00007ffdca31358c:   4c 8b af 78 02 00 00 48 8b 05 c6 e4 cf 00 44 8b
0x00007ffdca31359c:   b8 40 0b 00 00 45 33 db 45 8a f3 4c 89 9f 78 02
0x00007ffdca3135ac:   00 00 44 89 9f 80 02 00 00 4c 89 9f 98 02 00 00
0x00007ffdca3135bc:   4c 89 9f 88 02 00 00 48 85 ed 75 38 8b 35 4a e2
0x00007ffdca3135cc:   df 00 65 48 8b 04 25 58 00 00 00 b9 14 00 00 00
0x00007ffdca3135dc:   48 8b 04 f0 44 38 1c 01 0f 84 9d da 86 00 65 48
0x00007ffdca3135ec:   8b 04 25 58 00 00 00 bd 20 00 00 00 48 8b 04 f0
0x00007ffdca3135fc:   48 8b 2c 28 48 3b 2d 39 07 e0 00 45 0f 44 fb 4d
0x00007ffdca31360c:   85 ed 0f 84 21 01 00 00 44 8a a4 24 90 00 00 00
0x00007ffdca31361c:   49 8b dd 49 8d b5 d0 05 00 00 4c 8b 2e 45 84 e4
0x00007ffdca31362c:   0f 85 2a 03 00 00 8b 97 c8 01 00 00 48 8b 05 21
0x00007ffdca31363c:   e4 cf 00 83 b8 78 03 00 00 02 75 31 83 fa 10 0f
0x00007ffdca31364c:   83 20 01 00 00 48 8d 04 d5 21 00 00 00 48 03 c2
0x00007ffdca31365c:   48 8d 04 c3 48 85 c0 0f 85 ff 00 00 00 49 8b cb
0x00007ffdca31366c:   48 3b 8d f8 56 03 00 0f 87 f3 02 00 00 4c 39 9b
0x00007ffdca31367c:   48 06 00 00 0f 85 41 da 86 00 44 8b 97 c8 01 00
0x00007ffdca31368c:   00 48 8b 87 e0 01 00 00 4c 8b 08 8b 97 c8 01 00
0x00007ffdca31369c:   00 83 fa 10 0f 83 03 01 00 00 48 8d 04 d5 21 00
0x00007ffdca3136ac:   00 00 48 03 c2 48 8d 04 c3 48 85 c0 0f 85 e2 00
0x00007ffdca3136bc:   00 00 49 8b cb 49 3b c9 0f 86 0e 01 00 00 48 8b
0x00007ffdca3136cc:   87 78 02 00 00 48 89 06 48 89 9f 78 02 00 00 ff
0x00007ffdca3136dc:   87 80 02 00 00 48 8b 43 08 48 8b 88 18 01 00 00
0x00007ffdca3136ec:   48 81 e1 00 00 ff ff 48 81 c1 00 00 01 00 48 01
0x00007ffdca3136fc:   8f 88 02 00 00 48 8b 43 08 48 8b 88 18 01 00 00
0x00007ffdca31370c:   48 01 8f 98 02 00 00 4d 85 ed 0f 85 00 ff ff ff
0x00007ffdca31371c:   45 84 f6 44 8a a4 24 98 00 00 00 0f 85 82 03 00
0x00007ffdca31372c:   00 48 8b 9c 24 80 00 00 00 48 8b cf 45 84 e4 0f
0x00007ffdca31373c:   85 8a 03 00 00 e8 fa f9 ff ff 90 48 8b cb 48 8b
0x00007ffdca31374c:   9c 24 88 00 00 00 48 83 c4 40 41 5f 41 5e 41 5d
0x00007ffdca31375c:   41 5c 5f 5e 5d 48 ff 25 b0 59 9a 00 48 8b 48 08 


Stack slot to memory mapping:

stack at sp + 0 slots: 0x000002071d53e950 points into unknown readable memory: 0xffffffffffffffff | ff ff ff ff ff ff ff ff
stack at sp + 1 slots: 0x0 is null
stack at sp + 2 slots: 0x000002071d6fb240 points into unknown readable memory: 0x0000000000000001 | 01 00 00 00 00 00 00 00
stack at sp + 3 slots: 0x00007ffe1b2533b4 ntdll.dll
stack at sp + 4 slots: 0x000002071d6fb240 points into unknown readable memory: 0x0000000000000001 | 01 00 00 00 00 00 00 00
stack at sp + 5 slots: 0x00007ffdca225db3 igxelpicd64.dll
stack at sp + 6 slots: 0x000000007a000004 is an unknown value
stack at sp + 7 slots: 0x0 is null

VM_Operation (0x0000006fe5bfedd0): Exit, mode: safepoint, requested by thread 0x000002072da29150


---------------  P R O C E S S  ---------------

Threads class SMR info:
_java_thread_list=0x0000020726571880, length=13, elements={
0x00000206b6600620, 0x00000206d7db9c90, 0x00000206d7dba9b0, 0x00000206d7dbcb70,
0x00000206d7dbde70, 0x00000206d7dbeee0, 0x00000206d7dc7f60, 0x00000206d7dc8f50,
0x00000206d7dcf480, 0x000002071d0e52f0, 0x000002071d0e3f40, 0x000002071d0e3220,
0x000002072da29150
}

Java Threads: ( => current thread )
  0x00000206b6600620 JavaThread "main"                              [_thread_blocked, id=19492, stack(0x0000006fe5e00000,0x0000006fe5f00000) (1024K)]
  0x00000206d7db9c90 JavaThread "Reference Handler"          daemon [_thread_blocked, id=19108, stack(0x0000006fe6600000,0x0000006fe6700000) (1024K)]
  0x00000206d7dba9b0 JavaThread "Finalizer"                  daemon [_thread_blocked, id=23072, stack(0x0000006fe6700000,0x0000006fe6800000) (1024K)]
  0x00000206d7dbcb70 JavaThread "Signal Dispatcher"          daemon [_thread_blocked, id=11396, stack(0x0000006fe6800000,0x0000006fe6900000) (1024K)]
  0x00000206d7dbde70 JavaThread "Attach Listener"            daemon [_thread_blocked, id=24088, stack(0x0000006fe6900000,0x0000006fe6a00000) (1024K)]
  0x00000206d7dbeee0 JavaThread "Service Thread"             daemon [_thread_blocked, id=23676, stack(0x0000006fe6a00000,0x0000006fe6b00000) (1024K)]
  0x00000206d7dc7f60 JavaThread "Monitor Deflation Thread"   daemon [_thread_blocked, id=14136, stack(0x0000006fe6b00000,0x0000006fe6c00000) (1024K)]
  0x00000206d7dc8f50 JavaThread "C2 CompilerThread0"         daemon [_thread_blocked, id=21300, stack(0x0000006fe6c00000,0x0000006fe6d00000) (1024K)]
  0x00000206d7dcf480 JavaThread "C1 CompilerThread0"         daemon [_thread_blocked, id=13888, stack(0x0000006fe6d00000,0x0000006fe6e00000) (1024K)]
  0x000002071d0e52f0 JavaThread "Common-Cleaner"             daemon [_thread_blocked, id=19984, stack(0x0000006fe6e00000,0x0000006fe6f00000) (1024K)]
  0x000002071d0e3f40 JavaThread "Monitor Ctrl-Break"         daemon [_thread_in_native, id=22576, stack(0x0000006fe6f00000,0x0000006fe7000000) (1024K)]
  0x000002071d0e3220 JavaThread "Notification Thread"        daemon [_thread_blocked, id=9572, stack(0x0000006fe7000000,0x0000006fe7100000) (1024K)]
  0x000002072da29150 JavaThread "SIGINT handler"             daemon [_thread_blocked, id=14636, stack(0x0000006fe5b00000,0x0000006fe5c00000) (1024K)]
Total: 13

Other Threads:
=>0x00000206d7d97670 VMThread "VM Thread"                           [id=18756, stack(0x0000006fe6500000,0x0000006fe6600000) (1024K)]
  0x00000206b89009b0 WorkerThread "GC Thread#0"                     [id=12816, stack(0x0000006fe5f00000,0x0000006fe6000000) (1024K)]
  0x00000206d7d97a10 WorkerThread "GC Thread#1"                     [id=10768, stack(0x0000006fe7900000,0x0000006fe7a00000) (1024K)]
  0x00000206d7d96b90 WorkerThread "GC Thread#2"                     [id=18652, stack(0x0000006fe7a00000,0x0000006fe7b00000) (1024K)]
  0x00000206d7d97db0 WorkerThread "GC Thread#3"                     [id=20008, stack(0x0000006fe7b00000,0x0000006fe7c00000) (1024K)]
  0x00000206d7d984f0 WorkerThread "GC Thread#4"                     [id=19524, stack(0x0000006fe7c00000,0x0000006fe7d00000) (1024K)]
  0x00000206d7d96f30 WorkerThread "GC Thread#5"                     [id=13816, stack(0x0000006fe7d00000,0x0000006fe7e00000) (1024K)]
  0x0000020726dd24a0 WorkerThread "GC Thread#6"                     [id=15640, stack(0x0000006fe7e00000,0x0000006fe7f00000) (1024K)]
  0x0000020726dd3320 WorkerThread "GC Thread#7"                     [id=15612, stack(0x0000006fe7f00000,0x0000006fe8000000) (1024K)]
  0x0000020726dd0ee0 WorkerThread "GC Thread#8"                     [id=12920, stack(0x0000006fe8000000,0x0000006fe8100000) (1024K)]
  0x0000020726dd3a60 WorkerThread "GC Thread#9"                     [id=4884, stack(0x0000006fe8100000,0x0000006fe8200000) (1024K)]
  0x00000206b89126a0 ConcurrentGCThread "G1 Main Marker"            terminated
  0x00000206b8913840 WorkerThread "G1 Conc#0"                       [id=16404, stack(0x0000006fe6100000,0x0000006fe6200000) (1024K)]
  0x00000206d7c54590 ConcurrentGCThread "G1 Refine#0"               terminated
  0x00000206d7c54db0 ConcurrentGCThread "G1 Service"                terminated
Total: 15

Threads with active compile tasks:
Total: 0

VM state: at safepoint (shutting down)

VM Mutex/Monitor currently owned by a thread:  ([mutex/lock_event])
[0x00007ffdcbe1a5f8] Threads_lock - owner thread: 0x00000206d7d97670
[0x00007ffdcbe1a6f8] Heap_lock - owner thread: 0x000002072da29150

Heap address: 0x0000000703a00000, size: 4038 MB, Compressed Oops mode: Zero based, Oop shift amount: 3

CDS archive(s) mapped at: [0x00000206d8000000-0x00000206d8c90000-0x00000206d8c90000), size 13172736, SharedBaseAddress: 0x00000206d8000000, ArchiveRelocationMode: 1.
Compressed class space mapped at: 0x00000206d9000000-0x0000020719000000, reserved size: 1073741824
Narrow klass base: 0x00000206d8000000, Narrow klass shift: 0, Narrow klass range: 0x100000000

GC Precious Log:
 CardTable entry size: 512
 Card Set container configuration: InlinePtr #cards 4 size 8 Array Of Cards #cards 16 size 48 Howl #buckets 8 coarsen threshold 3686 Howl Bitmap #cards 512 size 80 coarsen threshold 460 Card regions per heap region 1 cards per card region 4096
 CPUs: 12 total, 12 available
 Memory: 16147M
 Large Page Support: Disabled
 NUMA Support: Disabled
 Compressed Oops: Enabled (Zero based)
 Heap Region Size: 2M
 Heap Min Capacity: 8M
 Heap Initial Capacity: 254M
 Heap Max Capacity: 4038M
 Pre-touch: Disabled
 Parallel Workers: 10
 Concurrent Workers: 3
 Concurrent Refinement Workers: 10
 Periodic GC: Disabled

Heap:
 garbage-first heap   total 260096K, used 25494K [0x0000000703a00000, 0x0000000800000000)
  region size 2048K, 12 young (24576K), 6 survivors (12288K)
 Metaspace       used 10031K, committed 10304K, reserved 1114112K
  class space    used 700K, committed 832K, reserved 1048576K

Heap Regions: E=young(eden), S=young(survivor), O=old, HS=humongous(starts), HC=humongous(continues), CS=collection set, F=free, TAMS=top-at-mark-start, PB=parsable bottom
|   0|0x0000000703a00000, 0x0000000703c00000, 0x0000000703c00000|100%| O|  |TAMS 0x0000000703a00000| PB 0x0000000703a00000| Untracked 
|   1|0x0000000703c00000, 0x0000000703dc8f60, 0x0000000703e00000| 89%| O|  |TAMS 0x0000000703c00000| PB 0x0000000703c00000| Untracked 
|   2|0x0000000703e00000, 0x0000000703e00000, 0x0000000704000000|  0%| F|  |TAMS 0x0000000703e00000| PB 0x0000000703e00000| Untracked 
|   3|0x0000000704000000, 0x0000000704000000, 0x0000000704200000|  0%| F|  |TAMS 0x0000000704000000| PB 0x0000000704000000| Untracked 
|   4|0x0000000704200000, 0x0000000704200000, 0x0000000704400000|  0%| F|  |TAMS 0x0000000704200000| PB 0x0000000704200000| Untracked 
|   5|0x0000000704400000, 0x0000000704400000, 0x0000000704600000|  0%| F|  |TAMS 0x0000000704400000| PB 0x0000000704400000| Untracked 
|   6|0x0000000704600000, 0x0000000704600000, 0x0000000704800000|  0%| F|  |TAMS 0x0000000704600000| PB 0x0000000704600000| Untracked 
|   7|0x0000000704800000, 0x0000000704800000, 0x0000000704a00000|  0%| F|  |TAMS 0x0000000704800000| PB 0x0000000704800000| Untracked 
|   8|0x0000000704a00000, 0x0000000704a00000, 0x0000000704c00000|  0%| F|  |TAMS 0x0000000704a00000| PB 0x0000000704a00000| Untracked 
|   9|0x0000000704c00000, 0x0000000704c00000, 0x0000000704e00000|  0%| F|  |TAMS 0x0000000704c00000| PB 0x0000000704c00000| Untracked 
|  10|0x0000000704e00000, 0x0000000704e00000, 0x0000000705000000|  0%| F|  |TAMS 0x0000000704e00000| PB 0x0000000704e00000| Untracked 
|  11|0x0000000705000000, 0x0000000705000000, 0x0000000705200000|  0%| F|  |TAMS 0x0000000705000000| PB 0x0000000705000000| Untracked 
|  12|0x0000000705200000, 0x0000000705200000, 0x0000000705400000|  0%| F|  |TAMS 0x0000000705200000| PB 0x0000000705200000| Untracked 
|  13|0x0000000705400000, 0x0000000705400000, 0x0000000705600000|  0%| F|  |TAMS 0x0000000705400000| PB 0x0000000705400000| Untracked 
|  14|0x0000000705600000, 0x0000000705600000, 0x0000000705800000|  0%| F|  |TAMS 0x0000000705600000| PB 0x0000000705600000| Untracked 
|  15|0x0000000705800000, 0x0000000705800000, 0x0000000705a00000|  0%| F|  |TAMS 0x0000000705800000| PB 0x0000000705800000| Untracked 
|  16|0x0000000705a00000, 0x0000000705a00000, 0x0000000705c00000|  0%| F|  |TAMS 0x0000000705a00000| PB 0x0000000705a00000| Untracked 
|  17|0x0000000705c00000, 0x0000000705c00000, 0x0000000705e00000|  0%| F|  |TAMS 0x0000000705c00000| PB 0x0000000705c00000| Untracked 
|  18|0x0000000705e00000, 0x0000000705e00000, 0x0000000706000000|  0%| F|  |TAMS 0x0000000705e00000| PB 0x0000000705e00000| Untracked 
|  19|0x0000000706000000, 0x0000000706000000, 0x0000000706200000|  0%| F|  |TAMS 0x0000000706000000| PB 0x0000000706000000| Untracked 
|  20|0x0000000706200000, 0x0000000706200000, 0x0000000706400000|  0%| F|  |TAMS 0x0000000706200000| PB 0x0000000706200000| Untracked 
|  21|0x0000000706400000, 0x0000000706400000, 0x0000000706600000|  0%| F|  |TAMS 0x0000000706400000| PB 0x0000000706400000| Untracked 
|  22|0x0000000706600000, 0x0000000706600000, 0x0000000706800000|  0%| F|  |TAMS 0x0000000706600000| PB 0x0000000706600000| Untracked 
|  23|0x0000000706800000, 0x0000000706800000, 0x0000000706a00000|  0%| F|  |TAMS 0x0000000706800000| PB 0x0000000706800000| Untracked 
|  24|0x0000000706a00000, 0x0000000706a00000, 0x0000000706c00000|  0%| F|  |TAMS 0x0000000706a00000| PB 0x0000000706a00000| Untracked 
|  25|0x0000000706c00000, 0x0000000706c00000, 0x0000000706e00000|  0%| F|  |TAMS 0x0000000706c00000| PB 0x0000000706c00000| Untracked 
|  26|0x0000000706e00000, 0x0000000706e00000, 0x0000000707000000|  0%| F|  |TAMS 0x0000000706e00000| PB 0x0000000706e00000| Untracked 
|  27|0x0000000707000000, 0x0000000707000000, 0x0000000707200000|  0%| F|  |TAMS 0x0000000707000000| PB 0x0000000707000000| Untracked 
|  28|0x0000000707200000, 0x0000000707200000, 0x0000000707400000|  0%| F|  |TAMS 0x0000000707200000| PB 0x0000000707200000| Untracked 
|  29|0x0000000707400000, 0x0000000707400000, 0x0000000707600000|  0%| F|  |TAMS 0x0000000707400000| PB 0x0000000707400000| Untracked 
|  30|0x0000000707600000, 0x0000000707600000, 0x0000000707800000|  0%| F|  |TAMS 0x0000000707600000| PB 0x0000000707600000| Untracked 
|  31|0x0000000707800000, 0x0000000707800000, 0x0000000707a00000|  0%| F|  |TAMS 0x0000000707800000| PB 0x0000000707800000| Untracked 
|  32|0x0000000707a00000, 0x0000000707a00000, 0x0000000707c00000|  0%| F|  |TAMS 0x0000000707a00000| PB 0x0000000707a00000| Untracked 
|  33|0x0000000707c00000, 0x0000000707c00000, 0x0000000707e00000|  0%| F|  |TAMS 0x0000000707c00000| PB 0x0000000707c00000| Untracked 
|  34|0x0000000707e00000, 0x0000000707e00000, 0x0000000708000000|  0%| F|  |TAMS 0x0000000707e00000| PB 0x0000000707e00000| Untracked 
|  35|0x0000000708000000, 0x0000000708000000, 0x0000000708200000|  0%| F|  |TAMS 0x0000000708000000| PB 0x0000000708000000| Untracked 
|  36|0x0000000708200000, 0x0000000708200000, 0x0000000708400000|  0%| F|  |TAMS 0x0000000708200000| PB 0x0000000708200000| Untracked 
|  37|0x0000000708400000, 0x0000000708400000, 0x0000000708600000|  0%| F|  |TAMS 0x0000000708400000| PB 0x0000000708400000| Untracked 
|  38|0x0000000708600000, 0x0000000708600000, 0x0000000708800000|  0%| F|  |TAMS 0x0000000708600000| PB 0x0000000708600000| Untracked 
|  39|0x0000000708800000, 0x0000000708800000, 0x0000000708a00000|  0%| F|  |TAMS 0x0000000708800000| PB 0x0000000708800000| Untracked 
|  40|0x0000000708a00000, 0x0000000708a00000, 0x0000000708c00000|  0%| F|  |TAMS 0x0000000708a00000| PB 0x0000000708a00000| Untracked 
|  41|0x0000000708c00000, 0x0000000708c00000, 0x0000000708e00000|  0%| F|  |TAMS 0x0000000708c00000| PB 0x0000000708c00000| Untracked 
|  42|0x0000000708e00000, 0x0000000708e00000, 0x0000000709000000|  0%| F|  |TAMS 0x0000000708e00000| PB 0x0000000708e00000| Untracked 
|  43|0x0000000709000000, 0x0000000709000000, 0x0000000709200000|  0%| F|  |TAMS 0x0000000709000000| PB 0x0000000709000000| Untracked 
|  44|0x0000000709200000, 0x0000000709200000, 0x0000000709400000|  0%| F|  |TAMS 0x0000000709200000| PB 0x0000000709200000| Untracked 
|  45|0x0000000709400000, 0x000000070951c8d0, 0x0000000709600000| 55%| S|CS|TAMS 0x0000000709400000| PB 0x0000000709400000| Complete 
|  46|0x0000000709600000, 0x0000000709800000, 0x0000000709800000|100%| S|CS|TAMS 0x0000000709600000| PB 0x0000000709600000| Complete 
|  47|0x0000000709800000, 0x0000000709a00000, 0x0000000709a00000|100%| S|CS|TAMS 0x0000000709800000| PB 0x0000000709800000| Complete 
|  48|0x0000000709a00000, 0x0000000709c00000, 0x0000000709c00000|100%| S|CS|TAMS 0x0000000709a00000| PB 0x0000000709a00000| Complete 
|  49|0x0000000709c00000, 0x0000000709e00000, 0x0000000709e00000|100%| S|CS|TAMS 0x0000000709c00000| PB 0x0000000709c00000| Complete 
|  50|0x0000000709e00000, 0x000000070a000000, 0x000000070a000000|100%| S|CS|TAMS 0x0000000709e00000| PB 0x0000000709e00000| Complete 
|  51|0x000000070a000000, 0x000000070a000000, 0x000000070a200000|  0%| F|  |TAMS 0x000000070a000000| PB 0x000000070a000000| Untracked 
|  52|0x000000070a200000, 0x000000070a200000, 0x000000070a400000|  0%| F|  |TAMS 0x000000070a200000| PB 0x000000070a200000| Untracked 
|  53|0x000000070a400000, 0x000000070a400000, 0x000000070a600000|  0%| F|  |TAMS 0x000000070a400000| PB 0x000000070a400000| Untracked 
|  54|0x000000070a600000, 0x000000070a600000, 0x000000070a800000|  0%| F|  |TAMS 0x000000070a600000| PB 0x000000070a600000| Untracked 
|  55|0x000000070a800000, 0x000000070a800000, 0x000000070aa00000|  0%| F|  |TAMS 0x000000070a800000| PB 0x000000070a800000| Untracked 
|  56|0x000000070aa00000, 0x000000070aa00000, 0x000000070ac00000|  0%| F|  |TAMS 0x000000070aa00000| PB 0x000000070aa00000| Untracked 
|  57|0x000000070ac00000, 0x000000070ac00000, 0x000000070ae00000|  0%| F|  |TAMS 0x000000070ac00000| PB 0x000000070ac00000| Untracked 
|  58|0x000000070ae00000, 0x000000070ae00000, 0x000000070b000000|  0%| F|  |TAMS 0x000000070ae00000| PB 0x000000070ae00000| Untracked 
|  59|0x000000070b000000, 0x000000070b000000, 0x000000070b200000|  0%| F|  |TAMS 0x000000070b000000| PB 0x000000070b000000| Untracked 
|  60|0x000000070b200000, 0x000000070b200000, 0x000000070b400000|  0%| F|  |TAMS 0x000000070b200000| PB 0x000000070b200000| Untracked 
|  61|0x000000070b400000, 0x000000070b400000, 0x000000070b600000|  0%| F|  |TAMS 0x000000070b400000| PB 0x000000070b400000| Untracked 
|  62|0x000000070b600000, 0x000000070b600000, 0x000000070b800000|  0%| F|  |TAMS 0x000000070b600000| PB 0x000000070b600000| Untracked 
|  63|0x000000070b800000, 0x000000070b800000, 0x000000070ba00000|  0%| F|  |TAMS 0x000000070b800000| PB 0x000000070b800000| Untracked 
|  64|0x000000070ba00000, 0x000000070ba00000, 0x000000070bc00000|  0%| F|  |TAMS 0x000000070ba00000| PB 0x000000070ba00000| Untracked 
|  65|0x000000070bc00000, 0x000000070bc00000, 0x000000070be00000|  0%| F|  |TAMS 0x000000070bc00000| PB 0x000000070bc00000| Untracked 
|  66|0x000000070be00000, 0x000000070be00000, 0x000000070c000000|  0%| F|  |TAMS 0x000000070be00000| PB 0x000000070be00000| Untracked 
|  67|0x000000070c000000, 0x000000070c000000, 0x000000070c200000|  0%| F|  |TAMS 0x000000070c000000| PB 0x000000070c000000| Untracked 
|  68|0x000000070c200000, 0x000000070c200000, 0x000000070c400000|  0%| F|  |TAMS 0x000000070c200000| PB 0x000000070c200000| Untracked 
|  69|0x000000070c400000, 0x000000070c400000, 0x000000070c600000|  0%| F|  |TAMS 0x000000070c400000| PB 0x000000070c400000| Untracked 
|  70|0x000000070c600000, 0x000000070c600000, 0x000000070c800000|  0%| F|  |TAMS 0x000000070c600000| PB 0x000000070c600000| Untracked 
|  71|0x000000070c800000, 0x000000070c800000, 0x000000070ca00000|  0%| F|  |TAMS 0x000000070c800000| PB 0x000000070c800000| Untracked 
|  72|0x000000070ca00000, 0x000000070ca00000, 0x000000070cc00000|  0%| F|  |TAMS 0x000000070ca00000| PB 0x000000070ca00000| Untracked 
|  73|0x000000070cc00000, 0x000000070cc00000, 0x000000070ce00000|  0%| F|  |TAMS 0x000000070cc00000| PB 0x000000070cc00000| Untracked 
|  74|0x000000070ce00000, 0x000000070ce00000, 0x000000070d000000|  0%| F|  |TAMS 0x000000070ce00000| PB 0x000000070ce00000| Untracked 
|  75|0x000000070d000000, 0x000000070d000000, 0x000000070d200000|  0%| F|  |TAMS 0x000000070d000000| PB 0x000000070d000000| Untracked 
|  76|0x000000070d200000, 0x000000070d200000, 0x000000070d400000|  0%| F|  |TAMS 0x000000070d200000| PB 0x000000070d200000| Untracked 
|  77|0x000000070d400000, 0x000000070d400000, 0x000000070d600000|  0%| F|  |TAMS 0x000000070d400000| PB 0x000000070d400000| Untracked 
|  78|0x000000070d600000, 0x000000070d600000, 0x000000070d800000|  0%| F|  |TAMS 0x000000070d600000| PB 0x000000070d600000| Untracked 
|  79|0x000000070d800000, 0x000000070d800000, 0x000000070da00000|  0%| F|  |TAMS 0x000000070d800000| PB 0x000000070d800000| Untracked 
|  80|0x000000070da00000, 0x000000070da00000, 0x000000070dc00000|  0%| F|  |TAMS 0x000000070da00000| PB 0x000000070da00000| Untracked 
|  81|0x000000070dc00000, 0x000000070dc00000, 0x000000070de00000|  0%| F|  |TAMS 0x000000070dc00000| PB 0x000000070dc00000| Untracked 
|  82|0x000000070de00000, 0x000000070de00000, 0x000000070e000000|  0%| F|  |TAMS 0x000000070de00000| PB 0x000000070de00000| Untracked 
|  83|0x000000070e000000, 0x000000070e000000, 0x000000070e200000|  0%| F|  |TAMS 0x000000070e000000| PB 0x000000070e000000| Untracked 
|  84|0x000000070e200000, 0x000000070e200000, 0x000000070e400000|  0%| F|  |TAMS 0x000000070e200000| PB 0x000000070e200000| Untracked 
|  85|0x000000070e400000, 0x000000070e400000, 0x000000070e600000|  0%| F|  |TAMS 0x000000070e400000| PB 0x000000070e400000| Untracked 
|  86|0x000000070e600000, 0x000000070e600000, 0x000000070e800000|  0%| F|  |TAMS 0x000000070e600000| PB 0x000000070e600000| Untracked 
|  87|0x000000070e800000, 0x000000070e800000, 0x000000070ea00000|  0%| F|  |TAMS 0x000000070e800000| PB 0x000000070e800000| Untracked 
|  88|0x000000070ea00000, 0x000000070ea00000, 0x000000070ec00000|  0%| F|  |TAMS 0x000000070ea00000| PB 0x000000070ea00000| Untracked 
|  89|0x000000070ec00000, 0x000000070ec00000, 0x000000070ee00000|  0%| F|  |TAMS 0x000000070ec00000| PB 0x000000070ec00000| Untracked 
|  90|0x000000070ee00000, 0x000000070ee00000, 0x000000070f000000|  0%| F|  |TAMS 0x000000070ee00000| PB 0x000000070ee00000| Untracked 
|  91|0x000000070f000000, 0x000000070f000000, 0x000000070f200000|  0%| F|  |TAMS 0x000000070f000000| PB 0x000000070f000000| Untracked 
|  92|0x000000070f200000, 0x000000070f200000, 0x000000070f400000|  0%| F|  |TAMS 0x000000070f200000| PB 0x000000070f200000| Untracked 
|  93|0x000000070f400000, 0x000000070f400000, 0x000000070f600000|  0%| F|  |TAMS 0x000000070f400000| PB 0x000000070f400000| Untracked 
|  94|0x000000070f600000, 0x000000070f600000, 0x000000070f800000|  0%| F|  |TAMS 0x000000070f600000| PB 0x000000070f600000| Untracked 
|  95|0x000000070f800000, 0x000000070f800000, 0x000000070fa00000|  0%| F|  |TAMS 0x000000070f800000| PB 0x000000070f800000| Untracked 
|  96|0x000000070fa00000, 0x000000070fa00000, 0x000000070fc00000|  0%| F|  |TAMS 0x000000070fa00000| PB 0x000000070fa00000| Untracked 
|  97|0x000000070fc00000, 0x000000070fc00000, 0x000000070fe00000|  0%| F|  |TAMS 0x000000070fc00000| PB 0x000000070fc00000| Untracked 
|  98|0x000000070fe00000, 0x000000070fe00000, 0x0000000710000000|  0%| F|  |TAMS 0x000000070fe00000| PB 0x000000070fe00000| Untracked 
|  99|0x0000000710000000, 0x0000000710000000, 0x0000000710200000|  0%| F|  |TAMS 0x0000000710000000| PB 0x0000000710000000| Untracked 
| 100|0x0000000710200000, 0x0000000710200000, 0x0000000710400000|  0%| F|  |TAMS 0x0000000710200000| PB 0x0000000710200000| Untracked 
| 101|0x0000000710400000, 0x0000000710400000, 0x0000000710600000|  0%| F|  |TAMS 0x0000000710400000| PB 0x0000000710400000| Untracked 
| 102|0x0000000710600000, 0x0000000710600000, 0x0000000710800000|  0%| F|  |TAMS 0x0000000710600000| PB 0x0000000710600000| Untracked 
| 103|0x0000000710800000, 0x0000000710800000, 0x0000000710a00000|  0%| F|  |TAMS 0x0000000710800000| PB 0x0000000710800000| Untracked 
| 104|0x0000000710a00000, 0x0000000710a00000, 0x0000000710c00000|  0%| F|  |TAMS 0x0000000710a00000| PB 0x0000000710a00000| Untracked 
| 105|0x0000000710c00000, 0x0000000710c00000, 0x0000000710e00000|  0%| F|  |TAMS 0x0000000710c00000| PB 0x0000000710c00000| Untracked 
| 106|0x0000000710e00000, 0x0000000710e00000, 0x0000000711000000|  0%| F|  |TAMS 0x0000000710e00000| PB 0x0000000710e00000| Untracked 
| 107|0x0000000711000000, 0x0000000711000000, 0x0000000711200000|  0%| F|  |TAMS 0x0000000711000000| PB 0x0000000711000000| Untracked 
| 108|0x0000000711200000, 0x0000000711200000, 0x0000000711400000|  0%| F|  |TAMS 0x0000000711200000| PB 0x0000000711200000| Untracked 
| 109|0x0000000711400000, 0x0000000711400000, 0x0000000711600000|  0%| F|  |TAMS 0x0000000711400000| PB 0x0000000711400000| Untracked 
| 110|0x0000000711600000, 0x0000000711600000, 0x0000000711800000|  0%| F|  |TAMS 0x0000000711600000| PB 0x0000000711600000| Untracked 
| 111|0x0000000711800000, 0x0000000711800000, 0x0000000711a00000|  0%| F|  |TAMS 0x0000000711800000| PB 0x0000000711800000| Untracked 
| 112|0x0000000711a00000, 0x0000000711a00000, 0x0000000711c00000|  0%| F|  |TAMS 0x0000000711a00000| PB 0x0000000711a00000| Untracked 
| 113|0x0000000711c00000, 0x0000000711c00000, 0x0000000711e00000|  0%| F|  |TAMS 0x0000000711c00000| PB 0x0000000711c00000| Untracked 
| 114|0x0000000711e00000, 0x0000000711e00000, 0x0000000712000000|  0%| F|  |TAMS 0x0000000711e00000| PB 0x0000000711e00000| Untracked 
| 115|0x0000000712000000, 0x0000000712000000, 0x0000000712200000|  0%| F|  |TAMS 0x0000000712000000| PB 0x0000000712000000| Untracked 
| 116|0x0000000712200000, 0x0000000712200000, 0x0000000712400000|  0%| F|  |TAMS 0x0000000712200000| PB 0x0000000712200000| Untracked 
| 117|0x0000000712400000, 0x0000000712400000, 0x0000000712600000|  0%| F|  |TAMS 0x0000000712400000| PB 0x0000000712400000| Untracked 
| 118|0x0000000712600000, 0x0000000712600000, 0x0000000712800000|  0%| F|  |TAMS 0x0000000712600000| PB 0x0000000712600000| Untracked 
| 119|0x0000000712800000, 0x0000000712800000, 0x0000000712a00000|  0%| F|  |TAMS 0x0000000712800000| PB 0x0000000712800000| Untracked 
| 120|0x0000000712a00000, 0x0000000712a00000, 0x0000000712c00000|  0%| F|  |TAMS 0x0000000712a00000| PB 0x0000000712a00000| Untracked 
| 121|0x0000000712c00000, 0x0000000712cef770, 0x0000000712e00000| 46%| E|  |TAMS 0x0000000712c00000| PB 0x0000000712c00000| Complete 
| 122|0x0000000712e00000, 0x0000000713000000, 0x0000000713000000|100%| E|CS|TAMS 0x0000000712e00000| PB 0x0000000712e00000| Complete 
| 123|0x0000000713000000, 0x0000000713200000, 0x0000000713200000|100%| E|CS|TAMS 0x0000000713000000| PB 0x0000000713000000| Complete 
| 124|0x0000000713200000, 0x0000000713400000, 0x0000000713400000|100%| E|CS|TAMS 0x0000000713200000| PB 0x0000000713200000| Complete 
| 125|0x0000000713400000, 0x0000000713600000, 0x0000000713600000|100%| E|CS|TAMS 0x0000000713400000| PB 0x0000000713400000| Complete 
| 126|0x0000000713600000, 0x0000000713800000, 0x0000000713800000|100%| E|CS|TAMS 0x0000000713600000| PB 0x0000000713600000| Complete 

Card table byte_map: [0x00000206d0a40000,0x00000206d1230000] _byte_map_base: 0x00000206cd223000

Marking Bits: (CMBitMap*) 0x00000206b8900fb0
 Bits: [0x00000206d1230000, 0x00000206d5148000)

Polling page: 0x00000206b8060000

Metaspace:

Usage:
  Non-class:      9.11 MB used.
      Class:    700.66 KB used.
       Both:      9.80 MB used.

Virtual space:
  Non-class space:       64.00 MB reserved,       9.25 MB ( 14%) committed,  1 nodes.
      Class space:        1.00 GB reserved,     832.00 KB ( <1%) committed,  1 nodes.
             Both:        1.06 GB reserved,      10.06 MB ( <1%) committed. 

Chunk freelists:
   Non-Class:  5.76 MB
       Class:  15.25 MB
        Both:  21.00 MB

MaxMetaspaceSize: unlimited
CompressedClassSpaceSize: 1.00 GB
Initial GC threshold: 21.00 MB
Current GC threshold: 21.00 MB
CDS: on
 - commit_granule_bytes: 65536.
 - commit_granule_words: 8192.
 - virtual_space_node_default_size: 8388608.
 - enlarge_chunks_in_place: 1.
 - use_allocation_guard: 0.


Internal statistics:

num_allocs_failed_limit: 0.
num_arena_births: 222.
num_arena_deaths: 0.
num_vsnodes_births: 2.
num_vsnodes_deaths: 0.
num_space_committed: 159.
num_space_uncommitted: 0.
num_chunks_returned_to_freelist: 0.
num_chunks_taken_from_freelist: 514.
num_chunk_merges: 0.
num_chunk_splits: 365.
num_chunks_enlarged: 267.
num_inconsistent_stats: 0.

CodeHeap 'non-profiled nmethods': size=120000Kb used=1484Kb max_used=1484Kb free=118515Kb
 bounds [0x00000206c87c0000, 0x00000206c8a30000, 0x00000206cfcf0000]
CodeHeap 'profiled nmethods': size=120000Kb used=4410Kb max_used=4410Kb free=115590Kb
 bounds [0x00000206c0cf0000, 0x00000206c1140000, 0x00000206c8220000]
CodeHeap 'non-nmethods': size=5760Kb used=2728Kb max_used=2754Kb free=3031Kb
 bounds [0x00000206c8220000, 0x00000206c84e0000, 0x00000206c87c0000]
 total_blobs=3853 nmethods=2577 adapters=1181
 compilation: enabled
              stopped_count=0, restarted_count=0
 full_count=0

Compilation events (20 events):
Event: 47.958 Thread 0x00000206d7dc8f50 2568       4       components.EditorCamera::editorUpdate (344 bytes)
Event: 47.960 Thread 0x00000206d7dc8f50 nmethod 2568 0x00000206c892df10 code [0x00000206c892e0e0, 0x00000206c892e3a0]
Event: 47.960 Thread 0x00000206d7dc8f50 2569       4       components.GizmoSystem::editorUpdate (108 bytes)
Event: 47.973 Thread 0x00000206d7dc8f50 nmethod 2569 0x00000206c892e610 code [0x00000206c892e860, 0x00000206c892f458]
Event: 48.389 Thread 0x00000206d7dc8f50 2570       4       imgui.glfw.ImGuiImplGlfw$GetWindowPosFunction::get (46 bytes)
Event: 48.391 Thread 0x00000206d7dc8f50 nmethod 2570 0x00000206c892fd10 code [0x00000206c892fee0, 0x00000206c8930210]
Event: 48.391 Thread 0x00000206d7dc8f50 2571       4       jade.MouseListener::endFrame (15 bytes)
Event: 48.392 Thread 0x00000206d7dc8f50 nmethod 2571 0x00000206c8930590 code [0x00000206c8930720, 0x00000206c89307b8]
Event: 48.392 Thread 0x00000206d7dc8f50 2572       4       org.lwjgl.glfw.GLFW::glfwSwapBuffers (21 bytes)
Event: 48.392 Thread 0x00000206d7dc8f50 nmethod 2572 0x00000206c8930890 code [0x00000206c8930a20, 0x00000206c8930af0]
Event: 48.848 Thread 0x00000206d7dc8f50 2573       4       components.ScaleGizmo::editorUpdate (79 bytes)
Event: 48.855 Thread 0x00000206d7dc8f50 nmethod 2573 0x00000206c8930c10 code [0x00000206c8930ec0, 0x00000206c89319d8]
Event: 79.915 Thread 0x00000206d7dcf480 2574 % !   3       java.lang.ref.Reference::processPendingReferences @ 27 (118 bytes)
Event: 79.916 Thread 0x00000206d7dcf480 nmethod 2574% 0x00000206c113ba10 code [0x00000206c113bc80, 0x00000206c113c6d0]
Event: 79.916 Thread 0x00000206d7dcf480 2575   !   3       java.lang.ref.Reference::processPendingReferences (118 bytes)
Event: 79.917 Thread 0x00000206d7dcf480 nmethod 2575 0x00000206c113ca10 code [0x00000206c113cc60, 0x00000206c113d648]
Event: 79.931 Thread 0x00000206d7dc8f50 2576 % !   4       java.lang.ref.Reference::processPendingReferences @ 27 (118 bytes)
Event: 79.948 Thread 0x00000206d7dc8f50 nmethod 2576% 0x00000206c8932290 code [0x00000206c89324a0, 0x00000206c8932ef8]
Event: 83.750 Thread 0x00000206d7dcf480 2577       3       java.lang.reflect.Method::isCallerSensitive (38 bytes)
Event: 83.751 Thread 0x00000206d7dcf480 nmethod 2577 0x00000206c113d910 code [0x00000206c113db60, 0x00000206c113e540]

GC Heap History (8 events):
Event: 1.226 GC heap before
{Heap before GC invocations=0 (full 0):
 garbage-first heap   total 260096K, used 22528K [0x0000000703a00000, 0x0000000800000000)
  region size 2048K, 11 young (22528K), 0 survivors (0K)
 Metaspace       used 7835K, committed 8064K, reserved 1114112K
  class space    used 592K, committed 704K, reserved 1048576K
}
Event: 1.229 GC heap after
{Heap after GC invocations=1 (full 0):
 garbage-first heap   total 260096K, used 3967K [0x0000000703a00000, 0x0000000800000000)
  region size 2048K, 2 young (4096K), 2 survivors (4096K)
 Metaspace       used 7835K, committed 8064K, reserved 1114112K
  class space    used 592K, committed 704K, reserved 1048576K
}
Event: 9.993 GC heap before
{Heap before GC invocations=1 (full 0):
 garbage-first heap   total 260096K, used 38783K [0x0000000703a00000, 0x0000000800000000)
  region size 2048K, 19 young (38912K), 2 survivors (4096K)
 Metaspace       used 9628K, committed 9856K, reserved 1114112K
  class space    used 665K, committed 768K, reserved 1048576K
}
Event: 9.998 GC heap after
{Heap after GC invocations=2 (full 0):
 garbage-first heap   total 260096K, used 6843K [0x0000000703a00000, 0x0000000800000000)
  region size 2048K, 2 young (4096K), 2 survivors (4096K)
 Metaspace       used 9628K, committed 9856K, reserved 1114112K
  class space    used 665K, committed 768K, reserved 1048576K
}
Event: 25.574 GC heap before
{Heap before GC invocations=2 (full 0):
 garbage-first heap   total 260096K, used 60091K [0x0000000703a00000, 0x0000000800000000)
  region size 2048K, 29 young (59392K), 2 survivors (4096K)
 Metaspace       used 9943K, committed 10176K, reserved 1114112K
  class space    used 688K, committed 832K, reserved 1048576K
}
Event: 25.581 GC heap after
{Heap after GC invocations=3 (full 0):
 garbage-first heap   total 260096K, used 9534K [0x0000000703a00000, 0x0000000800000000)
  region size 2048K, 3 young (6144K), 3 survivors (6144K)
 Metaspace       used 9943K, committed 10176K, reserved 1114112K
  class space    used 688K, committed 832K, reserved 1048576K
}
Event: 79.873 GC heap before
{Heap before GC invocations=3 (full 0):
 garbage-first heap   total 260096K, used 161086K [0x0000000703a00000, 0x0000000800000000)
  region size 2048K, 76 young (155648K), 3 survivors (6144K)
 Metaspace       used 9945K, committed 10176K, reserved 1114112K
  class space    used 688K, committed 832K, reserved 1048576K
}
Event: 79.908 GC heap after
{Heap after GC invocations=4 (full 0):
 garbage-first heap   total 260096K, used 15254K [0x0000000703a00000, 0x0000000800000000)
  region size 2048K, 6 young (12288K), 6 survivors (12288K)
 Metaspace       used 9945K, committed 10176K, reserved 1114112K
  class space    used 688K, committed 832K, reserved 1048576K
}

Dll operation events (15 events):
Event: 0.008 Loaded shared library D:\jdk-21.0.1\bin\java.dll
Event: 0.040 Loaded shared library D:\jdk-21.0.1\bin\jsvml.dll
Event: 0.092 Loaded shared library D:\jdk-21.0.1\bin\zip.dll
Event: 0.096 Loaded shared library D:\jdk-21.0.1\bin\instrument.dll
Event: 0.101 Loaded shared library D:\jdk-21.0.1\bin\net.dll
Event: 0.103 Loaded shared library D:\jdk-21.0.1\bin\nio.dll
Event: 0.106 Loaded shared library D:\jdk-21.0.1\bin\zip.dll
Event: 0.140 Loaded shared library D:\IntelliJ IDEA Community Edition 2023.3.3\bin\breakgen64.dll
Event: 0.147 Loaded shared library D:\jdk-21.0.1\bin\extnet.dll
Event: 0.213 Loaded shared library D:\jdk-21.0.1\bin\jimage.dll
Event: 0.234 Loaded shared library C:\Users\Vu\AppData\Local\Temp\lwjglVu\3.3.1-build-7\lwjgl.dll
Event: 0.601 Loaded shared library C:\Users\Vu\AppData\Local\Temp\lwjglVu\3.3.1-build-7\lwjgl_opengl.dll
Event: 0.936 Loaded shared library C:\Users\Vu\AppData\Local\Temp\imgui-java-natives_1708463029508\imgui-java64.dll
Event: 1.075 Loaded shared library D:\jdk-21.0.1\bin\verify.dll
Event: 1.242 Loaded shared library C:\Users\Vu\AppData\Local\Temp\lwjglVu\3.3.1-build-7\lwjgl_stb.dll

Deoptimization events (20 events):
Event: 26.341 Thread 0x00000206b6600620 DEOPT PACKING pc=0x00000206c11364c9 sp=0x0000006fe5eff580
Event: 26.341 Thread 0x00000206b6600620 DEOPT UNPACKING pc=0x00000206c82788e2 sp=0x0000006fe5efea40 mode 0
Event: 26.806 Thread 0x00000206b6600620 DEOPT PACKING pc=0x00000206c110a16d sp=0x0000006fe5eff3f0
Event: 26.806 Thread 0x00000206b6600620 DEOPT UNPACKING pc=0x00000206c82788e2 sp=0x0000006fe5efe890 mode 0
Event: 27.466 Thread 0x00000206b6600620 DEOPT PACKING pc=0x00000206c110a16d sp=0x0000006fe5eff3f0
Event: 27.466 Thread 0x00000206b6600620 DEOPT UNPACKING pc=0x00000206c82788e2 sp=0x0000006fe5efe890 mode 0
Event: 28.126 Thread 0x00000206b6600620 DEOPT PACKING pc=0x00000206c110a16d sp=0x0000006fe5eff3f0
Event: 28.126 Thread 0x00000206b6600620 DEOPT UNPACKING pc=0x00000206c82788e2 sp=0x0000006fe5efe890 mode 0
Event: 28.786 Thread 0x00000206b6600620 DEOPT PACKING pc=0x00000206c110a16d sp=0x0000006fe5eff3f0
Event: 28.786 Thread 0x00000206b6600620 DEOPT UNPACKING pc=0x00000206c82788e2 sp=0x0000006fe5efe890 mode 0
Event: 29.573 Thread 0x00000206b6600620 Uncommon trap: trap_request=0xffffff45 fr.pc=0x00000206c88bc13c relative=0x000000000000061c
Event: 29.573 Thread 0x00000206b6600620 Uncommon trap: reason=unstable_if action=reinterpret pc=0x00000206c88bc13c method=imgui.glfw.ImGuiImplGlfw.updateMousePosAndButtons()V @ 110 c2
Event: 29.573 Thread 0x00000206b6600620 DEOPT PACKING pc=0x00000206c88bc13c sp=0x0000006fe5eff4a0
Event: 29.573 Thread 0x00000206b6600620 DEOPT UNPACKING pc=0x00000206c8277da2 sp=0x0000006fe5eff418 mode 2
Event: 79.954 Thread 0x00000206d7db9c90 DEOPT PACKING pc=0x00000206c113c59f sp=0x0000006fe66ff700
Event: 79.954 Thread 0x00000206d7db9c90 DEOPT UNPACKING pc=0x00000206c82788e2 sp=0x0000006fe66febc0 mode 0
Event: 79.958 Thread 0x00000206d7db9c90 Uncommon trap: trap_request=0xffffff45 fr.pc=0x00000206c8932ea8 relative=0x0000000000000a08
Event: 79.958 Thread 0x00000206d7db9c90 Uncommon trap: reason=unstable_if action=reinterpret pc=0x00000206c8932ea8 method=java.lang.ref.Reference.processPendingReferences()V @ 28 c2
Event: 79.958 Thread 0x00000206d7db9c90 DEOPT PACKING pc=0x00000206c8932ea8 sp=0x0000006fe66ff720
Event: 79.958 Thread 0x00000206d7db9c90 DEOPT UNPACKING pc=0x00000206c8277da2 sp=0x0000006fe66ff6c8 mode 2

Classes loaded (20 events):
Event: 83.750 Loading class jdk/internal/logger/AbstractLoggerWrapper
Event: 83.750 Loading class jdk/internal/logger/AbstractLoggerWrapper done
Event: 83.750 Loading class jdk/internal/logger/LazyLoggers$LazyLoggerWrapper done
Event: 83.750 Loading class jdk/internal/logger/LazyLoggers$JdkLazyLogger done
Event: 83.750 Loading class jdk/internal/logger/LazyLoggers$LazyLoggerAccessor
Event: 83.750 Loading class jdk/internal/logger/LazyLoggers$LoggerAccessor
Event: 83.750 Loading class jdk/internal/logger/LazyLoggers$LoggerAccessor done
Event: 83.750 Loading class jdk/internal/logger/LazyLoggers$LazyLoggerAccessor done
Event: 83.750 Loading class java/lang/System$Logger$Level
Event: 83.750 Loading class java/lang/System$Logger$Level done
Event: 83.750 Loading class jdk/internal/logger/SurrogateLogger
Event: 83.750 Loading class jdk/internal/logger/SimpleConsoleLogger
Event: 83.750 Loading class sun/util/logging/PlatformLogger$ConfigurableBridge$LoggerConfiguration
Event: 83.750 Loading class sun/util/logging/PlatformLogger$ConfigurableBridge$LoggerConfiguration done
Event: 83.750 Loading class jdk/internal/logger/SimpleConsoleLogger done
Event: 83.750 Loading class jdk/internal/logger/SurrogateLogger done
Event: 83.751 Loading class sun/util/logging/PlatformLogger
Event: 83.751 Loading class sun/util/logging/PlatformLogger done
Event: 83.751 Loading class sun/util/logging/PlatformLogger$Level
Event: 83.751 Loading class sun/util/logging/PlatformLogger$Level done

Classes unloaded (0 events):
No events

Classes redefined (0 events):
No events

Internal exceptions (20 events):
Event: 0.602 Thread 0x00000206b6600620 Exception <a 'sun/nio/fs/WindowsException'{0x0000000712e38a00}> (0x0000000712e38a00) 
thrown [s\open\src\hotspot\share\prims\jni.cpp, line 520]
Event: 0.602 Thread 0x00000206b6600620 Exception <a 'sun/nio/fs/WindowsException'{0x0000000712e38cc0}> (0x0000000712e38cc0) 
thrown [s\open\src\hotspot\share\prims\jni.cpp, line 520]
Event: 0.874 Thread 0x00000206b6600620 Exception <a 'sun/nio/fs/WindowsException'{0x0000000712dae070}> (0x0000000712dae070) 
thrown [s\open\src\hotspot\share\prims\jni.cpp, line 520]
Event: 0.952 Thread 0x00000206b6600620 Exception <a 'java/lang/NoSuchMethodError'{0x0000000712a05618}: 'void java.lang.invoke.DirectMethodHandle$Holder.invokeVirtual(java.lang.Object, java.lang.Object, long, int)'> (0x0000000712a05618) 
thrown [s\open\src\hotspot\share\interpreter\linkResolver.cpp, line 773]
Event: 1.080 Thread 0x00000206b6600620 Exception <a 'java/lang/NoSuchMethodError'{0x00000007127c4170}: 'float java.lang.invoke.DelegatingMethodHandle$Holder.reinvoke_L(java.lang.Object, java.lang.Object)'> (0x00000007127c4170) 
thrown [s\open\src\hotspot\share\interpreter\linkResolver.cpp, line 773]
Event: 1.080 Thread 0x00000206b6600620 Exception <a 'java/lang/NoSuchMethodError'{0x00000007127ce358}: 'void java.lang.invoke.DelegatingMethodHandle$Holder.reinvoke_L(java.lang.Object, java.lang.Object, float)'> (0x00000007127ce358) 
thrown [s\open\src\hotspot\share\interpreter\linkResolver.cpp, line 773]
Event: 1.083 Thread 0x00000206b6600620 Exception <a 'java/lang/NoSuchMethodError'{0x00000007127e90f0}: 'void java.lang.invoke.Invokers$Holder.invokeExact_MT(java.lang.Object, java.lang.Object, java.lang.Object, java.lang.Object)'> (0x00000007127e90f0) 
thrown [s\open\src\hotspot\share\interpreter\linkResolver.cpp, line 773]
Event: 1.084 Thread 0x00000206b6600620 Exception <a 'java/lang/NoSuchMethodError'{0x00000007127f1b40}: 'void java.lang.invoke.DelegatingMethodHandle$Holder.reinvoke_L(java.lang.Object, java.lang.Object, int)'> (0x00000007127f1b40) 
thrown [s\open\src\hotspot\share\interpreter\linkResolver.cpp, line 773]
Event: 1.084 Thread 0x00000206b6600620 Exception <a 'java/lang/NoSuchMethodError'{0x00000007127f8380}: 'void java.lang.invoke.Invokers$Holder.invokeExact_MT(java.lang.Object, java.lang.Object, int, java.lang.Object)'> (0x00000007127f8380) 
thrown [s\open\src\hotspot\share\interpreter\linkResolver.cpp, line 773]
Event: 1.235 Thread 0x00000206b6600620 Exception <a 'java/lang/NoSuchMethodError'{0x00000007136a8e38}: 'void java.lang.System.load(java.lang.String, java.lang.Class)'> (0x00000007136a8e38) 
thrown [s\open\src\hotspot\share\interpreter\linkResolver.cpp, line 773]
Event: 1.236 Thread 0x00000206b6600620 Exception <a 'java/lang/NoSuchMethodError'{0x00000007136ab830}: 'void java.lang.System.loadLibrary(java.lang.String, java.lang.Class)'> (0x00000007136ab830) 
thrown [s\open\src\hotspot\share\interpreter\linkResolver.cpp, line 773]
Event: 1.238 Thread 0x00000206d7dbde70 Exception <a 'java/lang/NoSuchMethodError'{0x0000000713736450}: 'java.lang.Object java.lang.invoke.Invokers$Holder.invokeExact_MT(java.lang.Object, java.lang.Object, java.lang.Object, java.lang.Object, java.lang.Object, java.lang.Object)'> (0x0000000713736450) 
thrown [s\open\src\hotspot\share\interpreter\linkResolver.cpp, line 773]
Event: 1.241 Thread 0x00000206b6600620 Exception <a 'sun/nio/fs/WindowsException'{0x00000007136bb578}> (0x00000007136bb578) 
thrown [s\open\src\hotspot\share\prims\jni.cpp, line 520]
Event: 1.241 Thread 0x00000206b6600620 Exception <a 'sun/nio/fs/WindowsException'{0x00000007136bb8d8}> (0x00000007136bb8d8) 
thrown [s\open\src\hotspot\share\prims\jni.cpp, line 520]
Event: 25.061 Thread 0x00000206b6600620 Implicit null exception at 0x00000206c888bf64 to 0x00000206c888c048
Event: 25.062 Thread 0x00000206b6600620 Exception <a 'java/lang/NoSuchMethodError'{0x000000071064b6f8}: 'int java.lang.invoke.Invokers$Holder.invokeExact_MT(java.lang.Object, java.lang.Object, java.lang.Object)'> (0x000000071064b6f8) 
thrown [s\open\src\hotspot\share\interpreter\linkResolver.cpp, line 773]
Event: 25.063 Thread 0x00000206b6600620 Exception <a 'java/lang/NoSuchMethodError'{0x0000000710653300}: 'float java.lang.invoke.Invokers$Holder.invokeExact_MT(java.lang.Object, java.lang.Object, java.lang.Object)'> (0x0000000710653300) 
thrown [s\open\src\hotspot\share\interpreter\linkResolver.cpp, line 773]
Event: 25.111 Thread 0x00000206b6600620 Implicit null exception at 0x00000206c88a1a03 to 0x00000206c88a2eb4
Event: 25.111 Thread 0x00000206b6600620 Implicit null exception at 0x00000206c88bd18a to 0x00000206c88bd39c
Event: 79.958 Thread 0x00000206d7db9c90 Implicit null exception at 0x00000206c89327d0 to 0x00000206c8932e9c

ZGC Phase Switch (0 events):
No events

VM Operations (20 events):
Event: 11.002 Executing VM operation: Cleanup done
Event: 12.011 Executing VM operation: Cleanup
Event: 12.011 Executing VM operation: Cleanup done
Event: 16.033 Executing VM operation: Cleanup
Event: 16.033 Executing VM operation: Cleanup done
Event: 25.081 Executing VM operation: Cleanup
Event: 25.082 Executing VM operation: Cleanup done
Event: 25.091 Executing VM operation: HandshakeAllThreads (Deoptimize)
Event: 25.091 Executing VM operation: HandshakeAllThreads (Deoptimize) done
Event: 25.574 Executing VM operation: G1CollectForAllocation (G1 Evacuation Pause)
Event: 25.581 Executing VM operation: G1CollectForAllocation (G1 Evacuation Pause) done
Event: 26.590 Executing VM operation: Cleanup
Event: 26.590 Executing VM operation: Cleanup done
Event: 60.196 Executing VM operation: HandshakeAllThreads (HandshakeForDeflation)
Event: 60.196 Executing VM operation: HandshakeAllThreads (HandshakeForDeflation) done
Event: 60.196 Executing VM operation: RendezvousGCThreads
Event: 60.196 Executing VM operation: RendezvousGCThreads done
Event: 79.873 Executing VM operation: G1CollectForAllocation (G1 Evacuation Pause)
Event: 79.908 Executing VM operation: G1CollectForAllocation (G1 Evacuation Pause) done
Event: 83.751 Executing VM operation: Exit

Events (20 events):
Event: 0.037 Thread 0x00000206d7db9c90 Thread added: 0x00000206d7db9c90
Event: 0.037 Thread 0x00000206d7dba9b0 Thread added: 0x00000206d7dba9b0
Event: 0.038 Thread 0x00000206d7dbcb70 Thread added: 0x00000206d7dbcb70
Event: 0.038 Thread 0x00000206d7dbde70 Thread added: 0x00000206d7dbde70
Event: 0.038 Thread 0x00000206d7dbeee0 Thread added: 0x00000206d7dbeee0
Event: 0.038 Thread 0x00000206d7dc7f60 Thread added: 0x00000206d7dc7f60
Event: 0.038 Thread 0x00000206d7dc8f50 Thread added: 0x00000206d7dc8f50
Event: 0.038 Thread 0x00000206d7dcf480 Thread added: 0x00000206d7dcf480
Event: 0.069 Thread 0x000002071d0e52f0 Thread added: 0x000002071d0e52f0
Event: 0.140 Thread 0x000002071d0e3f40 Thread added: 0x000002071d0e3f40
Event: 0.140 Thread 0x000002071d0e3220 Thread added: 0x000002071d0e3220
Event: 0.608 Thread 0x000002071d9e32d0 Thread added: 0x000002071d9e32d0
Event: 0.722 Thread 0x000002071d9e32d0 Thread exited: 0x000002071d9e32d0
Event: 1.233 Thread 0x000002071d9e4070 Thread added: 0x000002071d9e4070
Event: 1.545 Thread 0x000002071d9e4070 Thread exited: 0x000002071d9e4070
Event: 25.075 Thread 0x0000020726ee1eb0 Thread added: 0x0000020726ee1eb0
Event: 25.079 Thread 0x0000020726ee3320 Thread added: 0x0000020726ee3320
Event: 25.355 Thread 0x0000020726ee3320 Thread exited: 0x0000020726ee3320
Event: 25.772 Thread 0x0000020726ee1eb0 Thread exited: 0x0000020726ee1eb0
Event: 83.748 Thread 0x000002072da29150 Thread added: 0x000002072da29150


Dynamic libraries:
0x00007ff674430000 - 0x00007ff674440000 	D:\jdk-21.0.1\bin\java.exe
0x00007ffe1b1b0000 - 0x00007ffe1b3c7000 	C:\WINDOWS\SYSTEM32\ntdll.dll
0x00007ffe199f0000 - 0x00007ffe19ab4000 	C:\WINDOWS\System32\KERNEL32.DLL
0x00007ffe187d0000 - 0x00007ffe18b76000 	C:\WINDOWS\System32\KERNELBASE.dll
0x00007ffe18db0000 - 0x00007ffe18ec1000 	C:\WINDOWS\System32\ucrtbase.dll
0x00007ffe05fa0000 - 0x00007ffe05fbb000 	D:\jdk-21.0.1\bin\VCRUNTIME140.dll
0x00007ffe09790000 - 0x00007ffe097a9000 	D:\jdk-21.0.1\bin\jli.dll
0x00007ffe1aa40000 - 0x00007ffe1aaf3000 	C:\WINDOWS\System32\ADVAPI32.dll
0x00007ffe1a690000 - 0x00007ffe1a737000 	C:\WINDOWS\System32\msvcrt.dll
0x00007ffe18f00000 - 0x00007ffe18fa8000 	C:\WINDOWS\System32\sechost.dll
0x00007ffe18570000 - 0x00007ffe18598000 	C:\WINDOWS\System32\bcrypt.dll
0x00007ffe197e0000 - 0x00007ffe198f7000 	C:\WINDOWS\System32\RPCRT4.dll
0x00007ffe1a880000 - 0x00007ffe1aa2e000 	C:\WINDOWS\System32\USER32.dll
0x00007ffe18ed0000 - 0x00007ffe18ef6000 	C:\WINDOWS\System32\win32u.dll
0x00007ffe19900000 - 0x00007ffe19929000 	C:\WINDOWS\System32\GDI32.dll
0x00007ffe185a0000 - 0x00007ffe186b8000 	C:\WINDOWS\System32\gdi32full.dll
0x00007ffe18730000 - 0x00007ffe187ca000 	C:\WINDOWS\System32\msvcp_win.dll
0x00007ffdf6ba0000 - 0x00007ffdf6e33000 	C:\WINDOWS\WinSxS\amd64_microsoft.windows.common-controls_6595b64144ccf1df_6.0.22621.2506_none_270c5ae97388e100\COMCTL32.dll
0x00007ffe0db10000 - 0x00007ffe0db1a000 	C:\WINDOWS\SYSTEM32\VERSION.dll
0x00007ffe199b0000 - 0x00007ffe199e1000 	C:\WINDOWS\System32\IMM32.DLL
0x00007ffe0a0f0000 - 0x00007ffe0a0fc000 	D:\jdk-21.0.1\bin\vcruntime140_1.dll
0x00007ffdd2850000 - 0x00007ffdd28de000 	D:\jdk-21.0.1\bin\msvcp140.dll
0x00007ffdcb1e0000 - 0x00007ffdcbef5000 	D:\jdk-21.0.1\bin\server\jvm.dll
0x00007ffe19930000 - 0x00007ffe199a1000 	C:\WINDOWS\System32\WS2_32.dll
0x00007ffe17340000 - 0x00007ffe1738d000 	C:\WINDOWS\SYSTEM32\POWRPROF.dll
0x00007ffe0e060000 - 0x00007ffe0e094000 	C:\WINDOWS\SYSTEM32\WINMM.dll
0x00007ffe17320000 - 0x00007ffe17333000 	C:\WINDOWS\SYSTEM32\UMPDC.dll
0x00007ffe175e0000 - 0x00007ffe175f8000 	C:\WINDOWS\SYSTEM32\kernel.appcore.dll
0x00007ffe09aa0000 - 0x00007ffe09aaa000 	D:\jdk-21.0.1\bin\jimage.dll
0x00007ffe15fb0000 - 0x00007ffe161e3000 	C:\WINDOWS\SYSTEM32\DBGHELP.DLL
0x00007ffe19290000 - 0x00007ffe19619000 	C:\WINDOWS\System32\combase.dll
0x00007ffe19be0000 - 0x00007ffe19cb7000 	C:\WINDOWS\System32\OLEAUT32.dll
0x00007ffdfe150000 - 0x00007ffdfe182000 	C:\WINDOWS\SYSTEM32\dbgcore.DLL
0x00007ffe184f0000 - 0x00007ffe1856a000 	C:\WINDOWS\System32\bcryptPrimitives.dll
0x00007ffdf6ee0000 - 0x00007ffdf6eef000 	D:\jdk-21.0.1\bin\instrument.dll
0x00007ffe05d20000 - 0x00007ffe05d3f000 	D:\jdk-21.0.1\bin\java.dll
0x00007ffe19d20000 - 0x00007ffe1a57b000 	C:\WINDOWS\System32\SHELL32.dll
0x00007ffe16410000 - 0x00007ffe16d06000 	C:\WINDOWS\SYSTEM32\windows.storage.dll
0x00007ffe162d0000 - 0x00007ffe1640e000 	C:\WINDOWS\SYSTEM32\wintypes.dll
0x00007ffe19ac0000 - 0x00007ffe19bb3000 	C:\WINDOWS\System32\SHCORE.dll
0x00007ffe1a790000 - 0x00007ffe1a7ee000 	C:\WINDOWS\System32\shlwapi.dll
0x00007ffe18420000 - 0x00007ffe18446000 	C:\WINDOWS\SYSTEM32\profapi.dll
0x00007ffdd1c00000 - 0x00007ffdd1cd7000 	D:\jdk-21.0.1\bin\jsvml.dll
0x00007ffdf7ff0000 - 0x00007ffdf8008000 	D:\jdk-21.0.1\bin\zip.dll
0x00007ffe09680000 - 0x00007ffe09690000 	D:\jdk-21.0.1\bin\net.dll
0x00007ffe0eeb0000 - 0x00007ffe0efe7000 	C:\WINDOWS\SYSTEM32\WINHTTP.dll
0x00007ffe17a50000 - 0x00007ffe17ab9000 	C:\WINDOWS\system32\mswsock.dll
0x00007ffe05b00000 - 0x00007ffe05b16000 	D:\jdk-21.0.1\bin\nio.dll
0x00007ffded3d0000 - 0x00007ffded3ea000 	D:\IntelliJ IDEA Community Edition 2023.3.3\bin\breakgen64.dll
0x00007ffe05d10000 - 0x00007ffe05d17000 	D:\jdk-21.0.1\bin\extnet.dll
0x00007ffdd1b80000 - 0x00007ffdd1bf5000 	C:\Users\Vu\AppData\Local\Temp\lwjglVu\3.3.1-build-7\lwjgl.dll
0x00007ffdd1570000 - 0x00007ffdd15d1000 	C:\Users\Vu\AppData\Local\Temp\lwjglVu\3.3.1-build-7\glfw.dll
0x00007ffdd8e20000 - 0x00007ffdd8e66000 	C:\WINDOWS\SYSTEM32\dinput8.dll
0x00007ffdc08b0000 - 0x00007ffdc08c1000 	C:\WINDOWS\SYSTEM32\xinput1_4.dll
0x00007ffe181e0000 - 0x00007ffe1822e000 	C:\WINDOWS\SYSTEM32\cfgmgr32.dll
0x00007ffe181b0000 - 0x00007ffe181dc000 	C:\WINDOWS\SYSTEM32\DEVOBJ.dll
0x00007ffe12f40000 - 0x00007ffe12f6b000 	C:\WINDOWS\SYSTEM32\dwmapi.dll
0x00007ffdeb9e0000 - 0x00007ffdebbea000 	C:\WINDOWS\SYSTEM32\inputhost.dll
0x00007ffe12840000 - 0x00007ffe12974000 	C:\WINDOWS\SYSTEM32\CoreMessaging.dll
0x00007ffe12cf0000 - 0x00007ffe12d9b000 	C:\WINDOWS\system32\uxtheme.dll
0x00007ffe17d80000 - 0x00007ffe17d8c000 	C:\WINDOWS\SYSTEM32\CRYPTBASE.DLL
0x00007ffe19680000 - 0x00007ffe197d1000 	C:\WINDOWS\System32\MSCTF.dll
0x00007ffdf4ab0000 - 0x00007ffdf4bb0000 	C:\WINDOWS\SYSTEM32\opengl32.dll
0x00007ffe05b20000 - 0x00007ffe05b4d000 	C:\WINDOWS\SYSTEM32\GLU32.dll
0x00007ffe15660000 - 0x00007ffe15699000 	C:\WINDOWS\SYSTEM32\dxcore.dll
0x00007ffe0e0a0000 - 0x00007ffe0e0ea000 	C:\WINDOWS\SYSTEM32\directxdatabasehelper.dll
0x00007ffe19030000 - 0x00007ffe190e0000 	C:\WINDOWS\System32\clbcatq.dll
0x00007ffdca1e0000 - 0x00007ffdcb1d3000 	C:\WINDOWS\System32\DriverStore\FileRepository\iigd_dch.inf_amd64_5802b1615520e41c\igxelpicd64.dll
0x00007ffe190e0000 - 0x00007ffe19280000 	C:\WINDOWS\System32\ole32.dll
0x00007ffe12e20000 - 0x00007ffe12f18000 	C:\WINDOWS\system32\dxgi.dll
0x00007ffdcc3d0000 - 0x00007ffdcc6b7000 	C:\WINDOWS\System32\DriverStore\FileRepository\iigd_dch.inf_amd64_5802b1615520e41c\igdml64.dll
0x00007ffe0a6c0000 - 0x00007ffe0aa87000 	C:\WINDOWS\System32\DriverStore\FileRepository\iigd_dch.inf_amd64_5802b1615520e41c\igdgmm64.dll
0x00007ffe00a00000 - 0x00007ffe04011000 	C:\WINDOWS\System32\DriverStore\FileRepository\iigd_dch.inf_amd64_5802b1615520e41c\igc64.dll
0x00007ffe056a0000 - 0x00007ffe057ea000 	C:\WINDOWS\SYSTEM32\textinputframework.dll
0x00007ffe0d290000 - 0x00007ffe0d5fc000 	C:\WINDOWS\SYSTEM32\CoreUIComponents.dll
0x00007ffdcc230000 - 0x00007ffdcc3c7000 	C:\Users\Vu\AppData\Local\Temp\lwjglVu\3.3.1-build-7\OpenAL.dll
0x00007ffe042a0000 - 0x00007ffe0433d000 	C:\WINDOWS\System32\MMDevApi.dll
0x00007ffe06180000 - 0x00007ffe0636c000 	C:\WINDOWS\SYSTEM32\AUDIOSES.DLL
0x00007ffe15900000 - 0x00007ffe15915000 	C:\WINDOWS\SYSTEM32\resourcepolicyclient.dll
0x00007ffdd87f0000 - 0x00007ffdd884d000 	C:\Users\Vu\AppData\Local\Temp\lwjglVu\3.3.1-build-7\lwjgl_opengl.dll
0x0000000064a00000 - 0x0000000064d10000 	C:\Users\Vu\AppData\Local\Temp\imgui-java-natives_1708463029508\imgui-java64.dll
0x00007ffe17da0000 - 0x00007ffe17dbb000 	C:\WINDOWS\SYSTEM32\CRYPTSP.dll
0x00007ffe17540000 - 0x00007ffe17575000 	C:\WINDOWS\system32\rsaenh.dll
0x00007ffdf6f30000 - 0x00007ffdf6f40000 	D:\jdk-21.0.1\bin\verify.dll
0x00007ffdcf9a0000 - 0x00007ffdcfa21000 	C:\Users\Vu\AppData\Local\Temp\lwjglVu\3.3.1-build-7\lwjgl_stb.dll

dbghelp: loaded successfully - version: 4.0.5 - missing functions: none
symbol engine: initialized successfully - sym options: 0x614 - pdb path: .;D:\jdk-21.0.1\bin;C:\WINDOWS\SYSTEM32;C:\WINDOWS\WinSxS\amd64_microsoft.windows.common-controls_6595b64144ccf1df_6.0.22621.2506_none_270c5ae97388e100;D:\jdk-21.0.1\bin\server;D:\IntelliJ IDEA Community Edition 2023.3.3\bin;C:\Users\Vu\AppData\Local\Temp\lwjglVu\3.3.1-build-7;C:\WINDOWS\System32\DriverStore\FileRepository\iigd_dch.inf_amd64_5802b1615520e41c;C:\Users\Vu\AppData\Local\Temp\imgui-java-natives_1708463029508

VM Arguments:
jvm_args: -javaagent:D:\IntelliJ IDEA Community Edition 2023.3.3\lib\idea_rt.jar=55083:D:\IntelliJ IDEA Community Edition 2023.3.3\bin -Dfile.encoding=UTF-8 -Dsun.stdout.encoding=UTF-8 -Dsun.stderr.encoding=UTF-8 
java_command: main.Main
java_class_path (initial): D:\ducky-game\target\classes;C:\Users\Vu\.m2\repository\io\github\spair\imgui-java-app\1.81.0\imgui-java-app-1.81.0.jar;C:\Users\Vu\.m2\repository\org\lwjgl\lwjgl\3.3.1\lwjgl-3.3.1-natives-linux.jar;C:\Users\Vu\.m2\repository\org\lwjgl\lwjgl-glfw\3.3.1\lwjgl-glfw-3.3.1-natives-linux.jar;C:\Users\Vu\.m2\repository\org\lwjgl\lwjgl-opengl\3.3.1\lwjgl-opengl-3.3.1-natives-linux.jar;C:\Users\Vu\.m2\repository\org\lwjgl\lwjgl\3.3.1\lwjgl-3.3.1-natives-macos.jar;C:\Users\Vu\.m2\repository\org\lwjgl\lwjgl-glfw\3.3.1\lwjgl-glfw-3.3.1-natives-macos.jar;C:\Users\Vu\.m2\repository\org\lwjgl\lwjgl-opengl\3.3.1\lwjgl-opengl-3.3.1-natives-macos.jar;C:\Users\Vu\.m2\repository\io\github\spair\imgui-java-binding\1.81.0\imgui-java-binding-1.81.0.jar;C:\Users\Vu\.m2\repository\io\github\spair\imgui-java-lwjgl3\1.81.0\imgui-java-lwjgl3-1.81.0.jar;C:\Users\Vu\.m2\repository\org\lwjgl\lwjgl\3.3.1\lwjgl-3.3.1.jar;C:\Users\Vu\.m2\repository\com\google\code\gson\gson\2.10.1\gson-2.10.1.jar;C:\Users\Vu\.m2\repository\org\lwjgl\lwjgl-nfd\3.3.1\lwjgl-nfd-3.3.1.jar;C:\Users\Vu\.m2\repository\org\lwjgl\lwjgl-assimp\3.3.1\lwjgl-assimp-3.3.1.jar;C:\Users\Vu\.m2\repository\org\lwjgl\lwjgl-glfw\3.3.1\lwjgl-glfw-3.3.1.jar;C:\Users\Vu\.m2\repository\org\lwjgl\lwjgl-openal\3.3.1\lwjgl-openal-3.3.1.jar;C:\Users\Vu\.m2\repository\org\lwjgl\lwjgl-opengl\3.3.1\lwjgl-opengl-3.3.1.jar;C:\Users\Vu\.m2\repository\org\lwjgl\lwjgl-stb\3.3.1\lwjgl-stb-3.3.1.jar;C:\Users\Vu\.m2\repository\org\lwjgl\lwjgl\3.3.1\lwjgl-3.3.1-natives-windows.jar;C:\Users\Vu\.m2\repository\org\lwjgl\lwjgl-assimp\3.3.1\lwjgl-assimp-3.3.1-natives-windows.jar;C:\Users\Vu\.m2\repository\org\lwjgl\lwjgl-glfw\3.3.1\lwjgl-glfw-3.3.1-natives-windows.jar;C:\Users\Vu\.m2\repository\org\lwjgl\lwjgl-openal\3.3.1\lwjgl-openal-3.3.1-natives-windows.jar;C:\Users\Vu\.m2\repository\org\lwjgl\lwjgl-opengl\3.3.1\lwjgl-opengl-3.3.1-natives-windows.jar;C:\Users\Vu\.m2\repository\org\mongodb\mongodb-driver\3.12.14\mongodb-driver-3.12.14.jar;C:\Users\Vu\.m2\repository\org\mongodb\bson\3.12.14\bson-3.12.14.jar;C:\Users\Vu\.m2\repository\org\mongodb\mongodb-driver-core\3.12.14\mongodb-driver-core-3.12.14.jar;C:\Users\Vu\.m2\repository\org\lwjgl\lwjgl-stb\3.3.1\lwjgl-stb-3.3.1-natives-windows.jar;C:\Users\Vu\.m2\repository\org\lwjgl\lwjgl-nfd\3.3.1\lwjgl-nfd-3.3.1-natives-windows.jar;C:\Users\Vu\.m2\repository\org\jbox2d\jbox2d-library\2.2.1.1\jbox2d-library-2.2.1.1.jar;C:\Users\Vu\.m2\repository\org\joml\joml\1.9.24\joml-1.9.24.jar
Launcher Type: SUN_STANDARD

[Global flags]
     intx CICompilerCount                          = 4                                         {product} {ergonomic}
     uint ConcGCThreads                            = 3                                         {product} {ergonomic}
     uint G1ConcRefinementThreads                  = 10                                        {product} {ergonomic}
   size_t G1HeapRegionSize                         = 2097152                                   {product} {ergonomic}
    uintx GCDrainStackTargetSize                   = 64                                        {product} {ergonomic}
   size_t InitialHeapSize                          = 266338304                                 {product} {ergonomic}
   size_t MarkStackSize                            = 4194304                                   {product} {ergonomic}
   size_t MaxHeapSize                              = 4234149888                                {product} {ergonomic}
   size_t MaxNewSize                               = 2539651072                                {product} {ergonomic}
   size_t MinHeapDeltaBytes                        = 2097152                                   {product} {ergonomic}
   size_t MinHeapSize                              = 8388608                                   {product} {ergonomic}
    uintx NonNMethodCodeHeapSize                   = 5839372                                {pd product} {ergonomic}
    uintx NonProfiledCodeHeapSize                  = 122909434                              {pd product} {ergonomic}
    uintx ProfiledCodeHeapSize                     = 122909434                              {pd product} {ergonomic}
    uintx ReservedCodeCacheSize                    = 251658240                              {pd product} {ergonomic}
     bool SegmentedCodeCache                       = true                                      {product} {ergonomic}
   size_t SoftMaxHeapSize                          = 4234149888                             {manageable} {ergonomic}
     bool UseCompressedOops                        = true                           {product lp64_product} {ergonomic}
     bool UseG1GC                                  = true                                      {product} {ergonomic}
     bool UseLargePagesIndividualAllocation        = false                                  {pd product} {ergonomic}

Logging:
Log output configuration:
 #0: stdout all=off uptime,level,tags foldmultilines=false
 #1: stderr all=off uptime,level,tags foldmultilines=false

Environment Variables:
PATH=C:\Program Files\Common Files\Oracle\Java\javapath;C:\Windows\system32;C:\Windows;C:\Windows\System32\Wbem;C:\Windows\System32\WindowsPowerShell\v1.0\;C:\Windows\System32\OpenSSH\;C:\Program Files (x86)\NVIDIA Corporation\PhysX\Common;C:\Program Files\NVIDIA Corporation\NVIDIA NvDLISR;C:\WINDOWS\system32;C:\WINDOWS;C:\WINDOWS\System32\Wbem;C:\WINDOWS\System32\WindowsPowerShell\v1.0\;C:\WINDOWS\System32\OpenSSH\;C:\Program Files\Git\cmd;C:\Users\Vu\AppData\Local\Microsoft\WindowsApps;
USERNAME=Vu
OS=Windows_NT
PROCESSOR_IDENTIFIER=Intel64 Family 6 Model 141 Stepping 1, GenuineIntel
TMP=C:\Users\Vu\AppData\Local\Temp
TEMP=C:\Users\Vu\AppData\Local\Temp




Periodic native trim disabled

---------------  S Y S T E M  ---------------

OS:
 Windows 11 , 64 bit Build 22621 (10.0.22621.3085)
OS uptime: 0 days 12:20 hours
Hyper-V role detected

CPU: total 12 (initial active 12) (6 cores per cpu, 2 threads per core) family 6 model 141 stepping 1 microcode 0x3c, cx8, cmov, fxsr, ht, mmx, 3dnowpref, sse, sse2, sse3, ssse3, sse4.1, sse4.2, popcnt, lzcnt, tsc, tscinvbit, avx, avx2, aes, erms, clmul, bmi1, bmi2, adx, avx512f, avx512dq, avx512cd, avx512bw, avx512vl, sha, fma, vzeroupper, avx512_vpopcntdq, avx512_vpclmulqdq, avx512_vaes, avx512_vnni, clflush, clflushopt, clwb, avx512_vbmi2, avx512_vbmi, hv, rdtscp, rdpid, fsrm, gfni, avx512_bitalg, f16c, cet_ibt, cet_ss, avx512_ifma
Processor Information for all 12 processors :
  Max Mhz: 2688, Current Mhz: 2688, Mhz Limit: 2688

Memory: 4k page, system-wide physical 16147M (3665M free)
TotalPageFile size 22547M (AvailPageFile size 4568M)
current process WorkingSet (physical memory assigned to process): 462M, peak: 470M
current process commit charge ("private bytes"): 510M, peak: 530M

vm_info: Java HotSpot(TM) 64-Bit Server VM (21.0.1+12-LTS-29) for windows-amd64 JRE (21.0.1+12-LTS-29), built on 2023-10-05T13:27:09Z by "mach5one" with MS VC++ 17.1 (VS2022)

END.
