#
# A fatal error has been detected by the Java Runtime Environment:
#
#  EXCEPTION_ACCESS_VIOLATION (0xc0000005) at pc=0x00007ffd72c1366c, pid=14588, tid=10072
#
# JRE version: Java(TM) SE Runtime Environment (21.0.1+12) (build 21.0.1+12-LTS-29)
# Java VM: Java HotSpot(TM) 64-Bit Server VM (21.0.1+12-LTS-29, mixed mode, sharing, tiered, compressed oops, compressed class ptrs, g1 gc, windows-amd64)
# Problematic frame:
# C  [igxelpicd64.dll+0x13366c]
#
# No core dump will be written. Minidumps are not enabled by default on client versions of Windows
#
# If you would like to submit a bug report, please visit:
#   https://bugreport.java.com/bugreport/crash.jsp
#

---------------  S U M M A R Y ------------

Command Line: -javaagent:D:\IntelliJ IDEA Community Edition 2023.3.3\lib\idea_rt.jar=64235:D:\IntelliJ IDEA Community Edition 2023.3.3\bin -Dfile.encoding=UTF-8 -Dsun.stdout.encoding=UTF-8 -Dsun.stderr.encoding=UTF-8 main.Main

Host: 11th Gen Intel(R) Core(TM) i5-11400H @ 2.70GHz, 12 cores, 15G,  Windows 11 , 64 bit Build 22621 (10.0.22621.3085)
Time: Wed Feb 21 08:01:07 2024 SE Asia Standard Time elapsed time: 26.516154 seconds (0d 0h 0m 26s)

---------------  T H R E A D  ---------------

Current thread (0x000001fbfcf4a8a0):  VMThread "VM Thread"          [id=10072, stack(0x000000a8c8300000,0x000000a8c8400000) (1024K)]

Stack: [0x000000a8c8300000,0x000000a8c8400000],  sp=0x000000a8c83fe2b0,  free space=1016k
Native frames: (J=compiled Java code, j=interpreted, Vv=VM code, C=native code)
C  [igxelpicd64.dll+0x13366c]


siginfo: EXCEPTION_ACCESS_VIOLATION (0xc0000005), reading address 0x00000000000356f8


Registers:
RAX=0x000001fbcd929d88, RBX=0x000001fbcd929c80, RCX=0x0000000000000000, RDX=0x0000000000000000
RSP=0x000000a8c83fe2b0, RBP=0x0000000000000000, RSI=0x000001fbcd92a250, RDI=0x000001fbfe15a770
R8 =0x0000000000000014, R9 =0x0000000000000000, R10=0x0000000000000000, R11=0x0000000000000000
R12=0x0000000000000000, R13=0x000001fbd1fb6bf0, R14=0x0000000000462f00, R15=0x0000000000000016
RIP=0x00007ffd72c1366c, EFLAGS=0x0000000000010206


Register to memory mapping:

RAX=0x000001fbcd929d88 points into unknown readable memory: 0x0000000000462f84 | 84 2f 46 00 00 00 00 00
RBX=0x000001fbcd929c80 points into unknown readable memory: 0x000001fbfdedb1e0 | e0 b1 ed fd fb 01 00 00
RCX=0x0 is null
RDX=0x0 is null
RSP=0x000000a8c83fe2b0 points into unknown readable memory: 0x000001fbfdf1e4d0 | d0 e4 f1 fd fb 01 00 00
RBP=0x0 is null
RSI=0x000001fbcd92a250 points into unknown readable memory: 0x000001fbd1fb6bf0 | f0 6b fb d1 fb 01 00 00
RDI=0x000001fbfe15a770 points into unknown readable memory: 0x000001fbfdfbff00 | 00 ff fb fd fb 01 00 00
R8 =0x0000000000000014 is an unknown value
R9 =0x0 is null
R10=0x0 is null
R11=0x0 is null
R12=0x0 is null
R13=0x000001fbd1fb6bf0 points into unknown readable memory: 0x000001fbfdedb1e0 | e0 b1 ed fd fb 01 00 00
R14=0x0000000000462f00 is an unknown value
R15=0x0000000000000016 is an unknown value

Top of Stack: (sp=0x000000a8c83fe2b0)
0x000000a8c83fe2b0:   000001fbfdf1e4d0 0000000000000000
0x000000a8c83fe2c0:   023dca9300c76993 00007ffe1b2533b4
0x000000a8c83fe2d0:   02275b9401e05a94 016e1295015ba194
0x000000a8c83fe2e0:   01339f9502d44095 01e3979602948d96
0x000000a8c83fe2f0:   000001fbfe0e08b8 0000000000462f8d
0x000000a8c83fe300:   0000000000000000 000000000000000e
0x000000a8c83fe310:   0000000000000000 0000000000000000
0x000000a8c83fe320:   000000a8c83fe430 00007ffd72d8bc3c
0x000000a8c83fe330:   000001fbfdf1e4d0 000001fbfe15a770
0x000000a8c83fe340:   0297769e026b3000 0230829f02564900
0x000000a8c83fe350:   000000a800000e28 0000b802001a0000
0x000000a8c83fe360:   0000000000000000 000605a2027bd0a1
0x000000a8c83fe370:   029c58a2025d06a2 021096a202ba7aa2
0x000000a8c83fe380:   0115e7a3029f23a3 01e9aea4000258a4
0x000000a8c83fe390:   021632a5022e09a5 00007ffd72d819a0
0x000000a8c83fe3a0:   0177faa502ae83a5 00a644a602a81ca6
0x000000a8c83fe3b0:   02b236a700a836a7 0133c2a700adb8a7
0x000000a8c83fe3c0:   02bf4ca8023ee2a7 01e518a9024eeaa8
0x000000a8c83fe3d0:   02627eaa02c72baa 00007ffd72b63cdf
0x000000a8c83fe3e0:   0000b802001a0000 0000000000000e28
0x000000a8c83fe3f0:   0000000000000000 4000170000000001
0x000000a8c83fe400:   0000000000000000 0000000000000000
0x000000a8c83fe410:   0000000000000000 0000000000000000
0x000000a8c83fe420:   0000000000000000 0000000000000000
0x000000a8c83fe430:   0000000000000000 0000000000000000
0x000000a8c83fe440:   0000000000000000 0000000000000000
0x000000a8c83fe450:   0000000000000000 0000000000000000
0x000000a8c83fe460:   0000000000000000 0000000000000000
0x000000a8c83fe470:   0000000000000000 0000000000000000
0x000000a8c83fe480:   0000000000000000 0000000000000000
0x000000a8c83fe490:   0000000000000000 0000000000000000
0x000000a8c83fe4a0:   0000000000000000 0000000000000000 

Instructions: (pc=0x00007ffd72c1366c)
0x00007ffd72c1356c:   ec 40 45 8a e1 48 8b fa 48 8b e9 48 8b 1d 42 08
0x00007ffd72c1357c:   e0 00 48 89 58 08 48 8b cb ff 15 85 5b 9a 00 90
0x00007ffd72c1358c:   4c 8b af 78 02 00 00 48 8b 05 c6 e4 cf 00 44 8b
0x00007ffd72c1359c:   b8 40 0b 00 00 45 33 db 45 8a f3 4c 89 9f 78 02
0x00007ffd72c135ac:   00 00 44 89 9f 80 02 00 00 4c 89 9f 98 02 00 00
0x00007ffd72c135bc:   4c 89 9f 88 02 00 00 48 85 ed 75 38 8b 35 4a e2
0x00007ffd72c135cc:   df 00 65 48 8b 04 25 58 00 00 00 b9 14 00 00 00
0x00007ffd72c135dc:   48 8b 04 f0 44 38 1c 01 0f 84 9d da 86 00 65 48
0x00007ffd72c135ec:   8b 04 25 58 00 00 00 bd 20 00 00 00 48 8b 04 f0
0x00007ffd72c135fc:   48 8b 2c 28 48 3b 2d 39 07 e0 00 45 0f 44 fb 4d
0x00007ffd72c1360c:   85 ed 0f 84 21 01 00 00 44 8a a4 24 90 00 00 00
0x00007ffd72c1361c:   49 8b dd 49 8d b5 d0 05 00 00 4c 8b 2e 45 84 e4
0x00007ffd72c1362c:   0f 85 2a 03 00 00 8b 97 c8 01 00 00 48 8b 05 21
0x00007ffd72c1363c:   e4 cf 00 83 b8 78 03 00 00 02 75 31 83 fa 10 0f
0x00007ffd72c1364c:   83 20 01 00 00 48 8d 04 d5 21 00 00 00 48 03 c2
0x00007ffd72c1365c:   48 8d 04 c3 48 85 c0 0f 85 ff 00 00 00 49 8b cb
0x00007ffd72c1366c:   48 3b 8d f8 56 03 00 0f 87 f3 02 00 00 4c 39 9b
0x00007ffd72c1367c:   48 06 00 00 0f 85 41 da 86 00 44 8b 97 c8 01 00
0x00007ffd72c1368c:   00 48 8b 87 e0 01 00 00 4c 8b 08 8b 97 c8 01 00
0x00007ffd72c1369c:   00 83 fa 10 0f 83 03 01 00 00 48 8d 04 d5 21 00
0x00007ffd72c136ac:   00 00 48 03 c2 48 8d 04 c3 48 85 c0 0f 85 e2 00
0x00007ffd72c136bc:   00 00 49 8b cb 49 3b c9 0f 86 0e 01 00 00 48 8b
0x00007ffd72c136cc:   87 78 02 00 00 48 89 06 48 89 9f 78 02 00 00 ff
0x00007ffd72c136dc:   87 80 02 00 00 48 8b 43 08 48 8b 88 18 01 00 00
0x00007ffd72c136ec:   48 81 e1 00 00 ff ff 48 81 c1 00 00 01 00 48 01
0x00007ffd72c136fc:   8f 88 02 00 00 48 8b 43 08 48 8b 88 18 01 00 00
0x00007ffd72c1370c:   48 01 8f 98 02 00 00 4d 85 ed 0f 85 00 ff ff ff
0x00007ffd72c1371c:   45 84 f6 44 8a a4 24 98 00 00 00 0f 85 82 03 00
0x00007ffd72c1372c:   00 48 8b 9c 24 80 00 00 00 48 8b cf 45 84 e4 0f
0x00007ffd72c1373c:   85 8a 03 00 00 e8 fa f9 ff ff 90 48 8b cb 48 8b
0x00007ffd72c1374c:   9c 24 88 00 00 00 48 83 c4 40 41 5f 41 5e 41 5d
0x00007ffd72c1375c:   41 5c 5f 5e 5d 48 ff 25 b0 59 9a 00 48 8b 48 08 


Stack slot to memory mapping:

stack at sp + 0 slots: 0x000001fbfdf1e4d0 points into unknown readable memory: 0xffffffffffffffff | ff ff ff ff ff ff ff ff
stack at sp + 1 slots: 0x0 is null
stack at sp + 2 slots: 0x023dca9300c76993 is an unknown value
stack at sp + 3 slots: 0x00007ffe1b2533b4 ntdll.dll
stack at sp + 4 slots: 0x02275b9401e05a94 is an unknown value
stack at sp + 5 slots: 0x016e1295015ba194 is an unknown value
stack at sp + 6 slots: 0x01339f9502d44095 is an unknown value
stack at sp + 7 slots: 0x01e3979602948d96 is an unknown value

VM_Operation (0x000000a8c8dfeeb0): Exit, mode: safepoint, requested by thread 0x000001fbcd51f960


---------------  P R O C E S S  ---------------

Threads class SMR info:
_java_thread_list=0x000001fbcd165bf0, length=13, elements={
0x000001fbdc0d2170, 0x000001fbfcf684d0, 0x000001fbfcf691f0, 0x000001fbfcf6b3b0,
0x000001fbfcf6c2a0, 0x000001fbfcf6ed10, 0x000001fbfcf77780, 0x000001fbfcf7d890,
0x000001fbfcf7e070, 0x000001fbfda14ad0, 0x000001fbfdde8220, 0x000001fbfdde8890,
0x000001fbcd51f960
}

Java Threads: ( => current thread )
  0x000001fbdc0d2170 JavaThread "main"                              [_thread_blocked, id=14444, stack(0x000000a8c7c00000,0x000000a8c7d00000) (1024K)]
  0x000001fbfcf684d0 JavaThread "Reference Handler"          daemon [_thread_blocked, id=17692, stack(0x000000a8c8400000,0x000000a8c8500000) (1024K)]
  0x000001fbfcf691f0 JavaThread "Finalizer"                  daemon [_thread_blocked, id=9756, stack(0x000000a8c8500000,0x000000a8c8600000) (1024K)]
  0x000001fbfcf6b3b0 JavaThread "Signal Dispatcher"          daemon [_thread_blocked, id=18396, stack(0x000000a8c8600000,0x000000a8c8700000) (1024K)]
  0x000001fbfcf6c2a0 JavaThread "Attach Listener"            daemon [_thread_blocked, id=4464, stack(0x000000a8c8700000,0x000000a8c8800000) (1024K)]
  0x000001fbfcf6ed10 JavaThread "Service Thread"             daemon [_thread_blocked, id=8200, stack(0x000000a8c8800000,0x000000a8c8900000) (1024K)]
  0x000001fbfcf77780 JavaThread "Monitor Deflation Thread"   daemon [_thread_blocked, id=12324, stack(0x000000a8c8900000,0x000000a8c8a00000) (1024K)]
  0x000001fbfcf7d890 JavaThread "C2 CompilerThread0"         daemon [_thread_blocked, id=15480, stack(0x000000a8c8a00000,0x000000a8c8b00000) (1024K)]
  0x000001fbfcf7e070 JavaThread "C1 CompilerThread0"         daemon [_thread_blocked, id=20320, stack(0x000000a8c8b00000,0x000000a8c8c00000) (1024K)]
  0x000001fbfda14ad0 JavaThread "Common-Cleaner"             daemon [_thread_blocked, id=16020, stack(0x000000a8c8c00000,0x000000a8c8d00000) (1024K)]
  0x000001fbfdde8220 JavaThread "Monitor Ctrl-Break"         daemon [_thread_in_native, id=20860, stack(0x000000a8c8e00000,0x000000a8c8f00000) (1024K)]
  0x000001fbfdde8890 JavaThread "Notification Thread"        daemon [_thread_blocked, id=6820, stack(0x000000a8c8f00000,0x000000a8c9000000) (1024K)]
  0x000001fbcd51f960 JavaThread "SIGINT handler"             daemon [_thread_blocked, id=18124, stack(0x000000a8c8d00000,0x000000a8c8e00000) (1024K)]
Total: 13

Other Threads:
=>0x000001fbfcf4a8a0 VMThread "VM Thread"                           [id=10072, stack(0x000000a8c8300000,0x000000a8c8400000) (1024K)]
  0x000001fbde322c90 WorkerThread "GC Thread#0"                     [id=16768, stack(0x000000a8c7d00000,0x000000a8c7e00000) (1024K)]
  0x000001fbd1f502b0 WorkerThread "GC Thread#1"                     [id=16944, stack(0x000000a8c9800000,0x000000a8c9900000) (1024K)]
  0x000001fbcd716270 WorkerThread "GC Thread#2"                     [id=11316, stack(0x000000a8c9900000,0x000000a8c9a00000) (1024K)]
  0x000001fbcce95230 WorkerThread "GC Thread#3"                     [id=4468, stack(0x000000a8c9a00000,0x000000a8c9b00000) (1024K)]
  0x000001fbccd3edb0 WorkerThread "GC Thread#4"                     [id=18480, stack(0x000000a8c9b00000,0x000000a8c9c00000) (1024K)]
  0x000001fbccd3f890 WorkerThread "GC Thread#5"                     [id=20012, stack(0x000000a8c9c00000,0x000000a8c9d00000) (1024K)]
  0x000001fbccd3f4f0 WorkerThread "GC Thread#6"                     [id=7564, stack(0x000000a8c9d00000,0x000000a8c9e00000) (1024K)]
  0x000001fbccd3fc30 WorkerThread "GC Thread#7"                     [id=18596, stack(0x000000a8c9e00000,0x000000a8c9f00000) (1024K)]
  0x000001fbccd3ffd0 WorkerThread "GC Thread#8"                     [id=17864, stack(0x000000a8c9f00000,0x000000a8ca000000) (1024K)]
  0x000001fbccd40370 WorkerThread "GC Thread#9"                     [id=2856, stack(0x000000a8ca000000,0x000000a8ca100000) (1024K)]
  0x000001fbde3339f0 ConcurrentGCThread "G1 Main Marker"            terminated
  0x000001fbde3343f0 WorkerThread "G1 Conc#0"                       [id=23856, stack(0x000000a8c7f00000,0x000000a8c8000000) (1024K)]
  0x000001fbfce03750 ConcurrentGCThread "G1 Refine#0"               terminated
  0x000001fbfce041c0 ConcurrentGCThread "G1 Service"                terminated
Total: 15

Threads with active compile tasks:
Total: 0

VM state: at safepoint (shutting down)

VM Mutex/Monitor currently owned by a thread:  ([mutex/lock_event])
[0x00007ffd98b4a5f8] Threads_lock - owner thread: 0x000001fbfcf4a8a0
[0x00007ffd98b4a6f8] Heap_lock - owner thread: 0x000001fbcd51f960

Heap address: 0x0000000703a00000, size: 4038 MB, Compressed Oops mode: Zero based, Oop shift amount: 3

CDS archive(s) mapped at: [0x000001fb80000000-0x000001fb80c90000-0x000001fb80c90000), size 13172736, SharedBaseAddress: 0x000001fb80000000, ArchiveRelocationMode: 1.
Compressed class space mapped at: 0x000001fb81000000-0x000001fbc1000000, reserved size: 1073741824
Narrow klass base: 0x000001fb80000000, Narrow klass shift: 0, Narrow klass range: 0x100000000

GC Precious Log:
 CardTable entry size: 512
 Card Set container configuration: InlinePtr #cards 4 size 8 Array Of Cards #cards 16 size 48 Howl #buckets 8 coarsen threshold 3686 Howl Bitmap #cards 512 size 80 coarsen threshold 460 Card regions per heap region 1 cards per card region 4096
 CPUs: 12 total, 12 available
 Memory: 16147M
 Large Page Support: Disabled
 NUMA Support: Disabled
 Compressed Oops: Enabled (Zero based)
 Heap Region Size: 2M
 Heap Min Capacity: 8M
 Heap Initial Capacity: 254M
 Heap Max Capacity: 4038M
 Pre-touch: Disabled
 Parallel Workers: 10
 Concurrent Workers: 3
 Concurrent Refinement Workers: 10
 Periodic GC: Disabled

Heap:
 garbage-first heap   total 260096K, used 95429K [0x0000000703a00000, 0x0000000800000000)
  region size 2048K, 47 young (96256K), 2 survivors (4096K)
 Metaspace       used 10290K, committed 10624K, reserved 1114112K
  class space    used 725K, committed 896K, reserved 1048576K

Heap Regions: E=young(eden), S=young(survivor), O=old, HS=humongous(starts), HC=humongous(continues), CS=collection set, F=free, TAMS=top-at-mark-start, PB=parsable bottom
|   0|0x0000000703a00000, 0x0000000703c00000, 0x0000000703c00000|100%| O|  |TAMS 0x0000000703a00000| PB 0x0000000703a00000| Untracked 
|   1|0x0000000703c00000, 0x0000000703e00000, 0x0000000703e00000|100%| O|  |TAMS 0x0000000703c00000| PB 0x0000000703c00000| Untracked 
|   2|0x0000000703e00000, 0x0000000703e196c0, 0x0000000704000000|  4%| O|  |TAMS 0x0000000703e00000| PB 0x0000000703e00000| Untracked 
|   3|0x0000000704000000, 0x0000000704000000, 0x0000000704200000|  0%| F|  |TAMS 0x0000000704000000| PB 0x0000000704000000| Untracked 
|   4|0x0000000704200000, 0x0000000704200000, 0x0000000704400000|  0%| F|  |TAMS 0x0000000704200000| PB 0x0000000704200000| Untracked 
|   5|0x0000000704400000, 0x0000000704400000, 0x0000000704600000|  0%| F|  |TAMS 0x0000000704400000| PB 0x0000000704400000| Untracked 
|   6|0x0000000704600000, 0x0000000704600000, 0x0000000704800000|  0%| F|  |TAMS 0x0000000704600000| PB 0x0000000704600000| Untracked 
|   7|0x0000000704800000, 0x0000000704800000, 0x0000000704a00000|  0%| F|  |TAMS 0x0000000704800000| PB 0x0000000704800000| Untracked 
|   8|0x0000000704a00000, 0x0000000704a00000, 0x0000000704c00000|  0%| F|  |TAMS 0x0000000704a00000| PB 0x0000000704a00000| Untracked 
|   9|0x0000000704c00000, 0x0000000704c00000, 0x0000000704e00000|  0%| F|  |TAMS 0x0000000704c00000| PB 0x0000000704c00000| Untracked 
|  10|0x0000000704e00000, 0x0000000704e00000, 0x0000000705000000|  0%| F|  |TAMS 0x0000000704e00000| PB 0x0000000704e00000| Untracked 
|  11|0x0000000705000000, 0x0000000705000000, 0x0000000705200000|  0%| F|  |TAMS 0x0000000705000000| PB 0x0000000705000000| Untracked 
|  12|0x0000000705200000, 0x0000000705200000, 0x0000000705400000|  0%| F|  |TAMS 0x0000000705200000| PB 0x0000000705200000| Untracked 
|  13|0x0000000705400000, 0x0000000705400000, 0x0000000705600000|  0%| F|  |TAMS 0x0000000705400000| PB 0x0000000705400000| Untracked 
|  14|0x0000000705600000, 0x0000000705600000, 0x0000000705800000|  0%| F|  |TAMS 0x0000000705600000| PB 0x0000000705600000| Untracked 
|  15|0x0000000705800000, 0x0000000705800000, 0x0000000705a00000|  0%| F|  |TAMS 0x0000000705800000| PB 0x0000000705800000| Untracked 
|  16|0x0000000705a00000, 0x0000000705a00000, 0x0000000705c00000|  0%| F|  |TAMS 0x0000000705a00000| PB 0x0000000705a00000| Untracked 
|  17|0x0000000705c00000, 0x0000000705c00000, 0x0000000705e00000|  0%| F|  |TAMS 0x0000000705c00000| PB 0x0000000705c00000| Untracked 
|  18|0x0000000705e00000, 0x0000000705e00000, 0x0000000706000000|  0%| F|  |TAMS 0x0000000705e00000| PB 0x0000000705e00000| Untracked 
|  19|0x0000000706000000, 0x0000000706000000, 0x0000000706200000|  0%| F|  |TAMS 0x0000000706000000| PB 0x0000000706000000| Untracked 
|  20|0x0000000706200000, 0x0000000706200000, 0x0000000706400000|  0%| F|  |TAMS 0x0000000706200000| PB 0x0000000706200000| Untracked 
|  21|0x0000000706400000, 0x0000000706400000, 0x0000000706600000|  0%| F|  |TAMS 0x0000000706400000| PB 0x0000000706400000| Untracked 
|  22|0x0000000706600000, 0x0000000706600000, 0x0000000706800000|  0%| F|  |TAMS 0x0000000706600000| PB 0x0000000706600000| Untracked 
|  23|0x0000000706800000, 0x0000000706800000, 0x0000000706a00000|  0%| F|  |TAMS 0x0000000706800000| PB 0x0000000706800000| Untracked 
|  24|0x0000000706a00000, 0x0000000706a00000, 0x0000000706c00000|  0%| F|  |TAMS 0x0000000706a00000| PB 0x0000000706a00000| Untracked 
|  25|0x0000000706c00000, 0x0000000706c00000, 0x0000000706e00000|  0%| F|  |TAMS 0x0000000706c00000| PB 0x0000000706c00000| Untracked 
|  26|0x0000000706e00000, 0x0000000706e00000, 0x0000000707000000|  0%| F|  |TAMS 0x0000000706e00000| PB 0x0000000706e00000| Untracked 
|  27|0x0000000707000000, 0x0000000707000000, 0x0000000707200000|  0%| F|  |TAMS 0x0000000707000000| PB 0x0000000707000000| Untracked 
|  28|0x0000000707200000, 0x0000000707200000, 0x0000000707400000|  0%| F|  |TAMS 0x0000000707200000| PB 0x0000000707200000| Untracked 
|  29|0x0000000707400000, 0x0000000707400000, 0x0000000707600000|  0%| F|  |TAMS 0x0000000707400000| PB 0x0000000707400000| Untracked 
|  30|0x0000000707600000, 0x0000000707600000, 0x0000000707800000|  0%| F|  |TAMS 0x0000000707600000| PB 0x0000000707600000| Untracked 
|  31|0x0000000707800000, 0x0000000707800000, 0x0000000707a00000|  0%| F|  |TAMS 0x0000000707800000| PB 0x0000000707800000| Untracked 
|  32|0x0000000707a00000, 0x0000000707a00000, 0x0000000707c00000|  0%| F|  |TAMS 0x0000000707a00000| PB 0x0000000707a00000| Untracked 
|  33|0x0000000707c00000, 0x0000000707c00000, 0x0000000707e00000|  0%| F|  |TAMS 0x0000000707c00000| PB 0x0000000707c00000| Untracked 
|  34|0x0000000707e00000, 0x0000000707e00000, 0x0000000708000000|  0%| F|  |TAMS 0x0000000707e00000| PB 0x0000000707e00000| Untracked 
|  35|0x0000000708000000, 0x0000000708000000, 0x0000000708200000|  0%| F|  |TAMS 0x0000000708000000| PB 0x0000000708000000| Untracked 
|  36|0x0000000708200000, 0x0000000708200000, 0x0000000708400000|  0%| F|  |TAMS 0x0000000708200000| PB 0x0000000708200000| Untracked 
|  37|0x0000000708400000, 0x0000000708400000, 0x0000000708600000|  0%| F|  |TAMS 0x0000000708400000| PB 0x0000000708400000| Untracked 
|  38|0x0000000708600000, 0x0000000708600000, 0x0000000708800000|  0%| F|  |TAMS 0x0000000708600000| PB 0x0000000708600000| Untracked 
|  39|0x0000000708800000, 0x0000000708800000, 0x0000000708a00000|  0%| F|  |TAMS 0x0000000708800000| PB 0x0000000708800000| Untracked 
|  40|0x0000000708a00000, 0x0000000708a00000, 0x0000000708c00000|  0%| F|  |TAMS 0x0000000708a00000| PB 0x0000000708a00000| Untracked 
|  41|0x0000000708c00000, 0x0000000708c00000, 0x0000000708e00000|  0%| F|  |TAMS 0x0000000708c00000| PB 0x0000000708c00000| Untracked 
|  42|0x0000000708e00000, 0x0000000708e00000, 0x0000000709000000|  0%| F|  |TAMS 0x0000000708e00000| PB 0x0000000708e00000| Untracked 
|  43|0x0000000709000000, 0x0000000709000000, 0x0000000709200000|  0%| F|  |TAMS 0x0000000709000000| PB 0x0000000709000000| Untracked 
|  44|0x0000000709200000, 0x0000000709200000, 0x0000000709400000|  0%| F|  |TAMS 0x0000000709200000| PB 0x0000000709200000| Untracked 
|  45|0x0000000709400000, 0x0000000709400000, 0x0000000709600000|  0%| F|  |TAMS 0x0000000709400000| PB 0x0000000709400000| Untracked 
|  46|0x0000000709600000, 0x0000000709600000, 0x0000000709800000|  0%| F|  |TAMS 0x0000000709600000| PB 0x0000000709600000| Untracked 
|  47|0x0000000709800000, 0x0000000709800000, 0x0000000709a00000|  0%| F|  |TAMS 0x0000000709800000| PB 0x0000000709800000| Untracked 
|  48|0x0000000709a00000, 0x0000000709a00000, 0x0000000709c00000|  0%| F|  |TAMS 0x0000000709a00000| PB 0x0000000709a00000| Untracked 
|  49|0x0000000709c00000, 0x0000000709c00000, 0x0000000709e00000|  0%| F|  |TAMS 0x0000000709c00000| PB 0x0000000709c00000| Untracked 
|  50|0x0000000709e00000, 0x0000000709e00000, 0x000000070a000000|  0%| F|  |TAMS 0x0000000709e00000| PB 0x0000000709e00000| Untracked 
|  51|0x000000070a000000, 0x000000070a000000, 0x000000070a200000|  0%| F|  |TAMS 0x000000070a000000| PB 0x000000070a000000| Untracked 
|  52|0x000000070a200000, 0x000000070a200000, 0x000000070a400000|  0%| F|  |TAMS 0x000000070a200000| PB 0x000000070a200000| Untracked 
|  53|0x000000070a400000, 0x000000070a400000, 0x000000070a600000|  0%| F|  |TAMS 0x000000070a400000| PB 0x000000070a400000| Untracked 
|  54|0x000000070a600000, 0x000000070a600000, 0x000000070a800000|  0%| F|  |TAMS 0x000000070a600000| PB 0x000000070a600000| Untracked 
|  55|0x000000070a800000, 0x000000070a800000, 0x000000070aa00000|  0%| F|  |TAMS 0x000000070a800000| PB 0x000000070a800000| Untracked 
|  56|0x000000070aa00000, 0x000000070aa00000, 0x000000070ac00000|  0%| F|  |TAMS 0x000000070aa00000| PB 0x000000070aa00000| Untracked 
|  57|0x000000070ac00000, 0x000000070ac00000, 0x000000070ae00000|  0%| F|  |TAMS 0x000000070ac00000| PB 0x000000070ac00000| Untracked 
|  58|0x000000070ae00000, 0x000000070ae00000, 0x000000070b000000|  0%| F|  |TAMS 0x000000070ae00000| PB 0x000000070ae00000| Untracked 
|  59|0x000000070b000000, 0x000000070b000000, 0x000000070b200000|  0%| F|  |TAMS 0x000000070b000000| PB 0x000000070b000000| Untracked 
|  60|0x000000070b200000, 0x000000070b200000, 0x000000070b400000|  0%| F|  |TAMS 0x000000070b200000| PB 0x000000070b200000| Untracked 
|  61|0x000000070b400000, 0x000000070b400000, 0x000000070b600000|  0%| F|  |TAMS 0x000000070b400000| PB 0x000000070b400000| Untracked 
|  62|0x000000070b600000, 0x000000070b600000, 0x000000070b800000|  0%| F|  |TAMS 0x000000070b600000| PB 0x000000070b600000| Untracked 
|  63|0x000000070b800000, 0x000000070b800000, 0x000000070ba00000|  0%| F|  |TAMS 0x000000070b800000| PB 0x000000070b800000| Untracked 
|  64|0x000000070ba00000, 0x000000070ba00000, 0x000000070bc00000|  0%| F|  |TAMS 0x000000070ba00000| PB 0x000000070ba00000| Untracked 
|  65|0x000000070bc00000, 0x000000070bc00000, 0x000000070be00000|  0%| F|  |TAMS 0x000000070bc00000| PB 0x000000070bc00000| Untracked 
|  66|0x000000070be00000, 0x000000070be00000, 0x000000070c000000|  0%| F|  |TAMS 0x000000070be00000| PB 0x000000070be00000| Untracked 
|  67|0x000000070c000000, 0x000000070c000000, 0x000000070c200000|  0%| F|  |TAMS 0x000000070c000000| PB 0x000000070c000000| Untracked 
|  68|0x000000070c200000, 0x000000070c200000, 0x000000070c400000|  0%| F|  |TAMS 0x000000070c200000| PB 0x000000070c200000| Untracked 
|  69|0x000000070c400000, 0x000000070c400000, 0x000000070c600000|  0%| F|  |TAMS 0x000000070c400000| PB 0x000000070c400000| Untracked 
|  70|0x000000070c600000, 0x000000070c600000, 0x000000070c800000|  0%| F|  |TAMS 0x000000070c600000| PB 0x000000070c600000| Untracked 
|  71|0x000000070c800000, 0x000000070c800000, 0x000000070ca00000|  0%| F|  |TAMS 0x000000070c800000| PB 0x000000070c800000| Untracked 
|  72|0x000000070ca00000, 0x000000070ca00000, 0x000000070cc00000|  0%| F|  |TAMS 0x000000070ca00000| PB 0x000000070ca00000| Untracked 
|  73|0x000000070cc00000, 0x000000070cc00000, 0x000000070ce00000|  0%| F|  |TAMS 0x000000070cc00000| PB 0x000000070cc00000| Untracked 
|  74|0x000000070ce00000, 0x000000070ce00000, 0x000000070d000000|  0%| F|  |TAMS 0x000000070ce00000| PB 0x000000070ce00000| Untracked 
|  75|0x000000070d000000, 0x000000070d000000, 0x000000070d200000|  0%| F|  |TAMS 0x000000070d000000| PB 0x000000070d000000| Untracked 
|  76|0x000000070d200000, 0x000000070d200000, 0x000000070d400000|  0%| F|  |TAMS 0x000000070d200000| PB 0x000000070d200000| Untracked 
|  77|0x000000070d400000, 0x000000070d400000, 0x000000070d600000|  0%| F|  |TAMS 0x000000070d400000| PB 0x000000070d400000| Untracked 
|  78|0x000000070d600000, 0x000000070d600000, 0x000000070d800000|  0%| F|  |TAMS 0x000000070d600000| PB 0x000000070d600000| Untracked 
|  79|0x000000070d800000, 0x000000070d800000, 0x000000070da00000|  0%| F|  |TAMS 0x000000070d800000| PB 0x000000070d800000| Untracked 
|  80|0x000000070da00000, 0x000000070dbd4130, 0x000000070dc00000| 91%| E|  |TAMS 0x000000070da00000| PB 0x000000070da00000| Complete 
|  81|0x000000070dc00000, 0x000000070de00000, 0x000000070de00000|100%| E|CS|TAMS 0x000000070dc00000| PB 0x000000070dc00000| Complete 
|  82|0x000000070de00000, 0x000000070e000000, 0x000000070e000000|100%| E|CS|TAMS 0x000000070de00000| PB 0x000000070de00000| Complete 
|  83|0x000000070e000000, 0x000000070e200000, 0x000000070e200000|100%| E|CS|TAMS 0x000000070e000000| PB 0x000000070e000000| Complete 
|  84|0x000000070e200000, 0x000000070e400000, 0x000000070e400000|100%| E|CS|TAMS 0x000000070e200000| PB 0x000000070e200000| Complete 
|  85|0x000000070e400000, 0x000000070e600000, 0x000000070e600000|100%| E|CS|TAMS 0x000000070e400000| PB 0x000000070e400000| Complete 
|  86|0x000000070e600000, 0x000000070e800000, 0x000000070e800000|100%| E|CS|TAMS 0x000000070e600000| PB 0x000000070e600000| Complete 
|  87|0x000000070e800000, 0x000000070ea00000, 0x000000070ea00000|100%| E|CS|TAMS 0x000000070e800000| PB 0x000000070e800000| Complete 
|  88|0x000000070ea00000, 0x000000070ec00000, 0x000000070ec00000|100%| E|CS|TAMS 0x000000070ea00000| PB 0x000000070ea00000| Complete 
|  89|0x000000070ec00000, 0x000000070ee00000, 0x000000070ee00000|100%| E|CS|TAMS 0x000000070ec00000| PB 0x000000070ec00000| Complete 
|  90|0x000000070ee00000, 0x000000070f000000, 0x000000070f000000|100%| E|CS|TAMS 0x000000070ee00000| PB 0x000000070ee00000| Complete 
|  91|0x000000070f000000, 0x000000070f200000, 0x000000070f200000|100%| E|CS|TAMS 0x000000070f000000| PB 0x000000070f000000| Complete 
|  92|0x000000070f200000, 0x000000070f400000, 0x000000070f400000|100%| E|CS|TAMS 0x000000070f200000| PB 0x000000070f200000| Complete 
|  93|0x000000070f400000, 0x000000070f600000, 0x000000070f600000|100%| E|CS|TAMS 0x000000070f400000| PB 0x000000070f400000| Complete 
|  94|0x000000070f600000, 0x000000070f800000, 0x000000070f800000|100%| E|CS|TAMS 0x000000070f600000| PB 0x000000070f600000| Complete 
|  95|0x000000070f800000, 0x000000070fa00000, 0x000000070fa00000|100%| E|CS|TAMS 0x000000070f800000| PB 0x000000070f800000| Complete 
|  96|0x000000070fa00000, 0x000000070fc00000, 0x000000070fc00000|100%| E|CS|TAMS 0x000000070fa00000| PB 0x000000070fa00000| Complete 
|  97|0x000000070fc00000, 0x000000070fe00000, 0x000000070fe00000|100%| E|CS|TAMS 0x000000070fc00000| PB 0x000000070fc00000| Complete 
|  98|0x000000070fe00000, 0x0000000710000000, 0x0000000710000000|100%| E|CS|TAMS 0x000000070fe00000| PB 0x000000070fe00000| Complete 
|  99|0x0000000710000000, 0x0000000710200000, 0x0000000710200000|100%| E|CS|TAMS 0x0000000710000000| PB 0x0000000710000000| Complete 
| 100|0x0000000710200000, 0x0000000710400000, 0x0000000710400000|100%| E|CS|TAMS 0x0000000710200000| PB 0x0000000710200000| Complete 
| 101|0x0000000710400000, 0x0000000710600000, 0x0000000710600000|100%| E|CS|TAMS 0x0000000710400000| PB 0x0000000710400000| Complete 
| 102|0x0000000710600000, 0x0000000710800000, 0x0000000710800000|100%| E|CS|TAMS 0x0000000710600000| PB 0x0000000710600000| Complete 
| 103|0x0000000710800000, 0x0000000710a00000, 0x0000000710a00000|100%| E|CS|TAMS 0x0000000710800000| PB 0x0000000710800000| Complete 
| 104|0x0000000710a00000, 0x0000000710c00000, 0x0000000710c00000|100%| E|CS|TAMS 0x0000000710a00000| PB 0x0000000710a00000| Complete 
| 105|0x0000000710c00000, 0x0000000710e00000, 0x0000000710e00000|100%| E|CS|TAMS 0x0000000710c00000| PB 0x0000000710c00000| Complete 
| 106|0x0000000710e00000, 0x0000000711000000, 0x0000000711000000|100%| E|CS|TAMS 0x0000000710e00000| PB 0x0000000710e00000| Complete 
| 107|0x0000000711000000, 0x0000000711200000, 0x0000000711200000|100%| E|CS|TAMS 0x0000000711000000| PB 0x0000000711000000| Complete 
| 108|0x0000000711200000, 0x0000000711400000, 0x0000000711400000|100%| E|CS|TAMS 0x0000000711200000| PB 0x0000000711200000| Complete 
| 109|0x0000000711400000, 0x00000007115180a0, 0x0000000711600000| 54%| S|CS|TAMS 0x0000000711400000| PB 0x0000000711400000| Complete 
| 110|0x0000000711600000, 0x0000000711800000, 0x0000000711800000|100%| S|CS|TAMS 0x0000000711600000| PB 0x0000000711600000| Complete 
| 111|0x0000000711800000, 0x0000000711a00000, 0x0000000711a00000|100%| E|CS|TAMS 0x0000000711800000| PB 0x0000000711800000| Complete 
| 112|0x0000000711a00000, 0x0000000711c00000, 0x0000000711c00000|100%| E|  |TAMS 0x0000000711a00000| PB 0x0000000711a00000| Complete 
| 113|0x0000000711c00000, 0x0000000711e00000, 0x0000000711e00000|100%| E|CS|TAMS 0x0000000711c00000| PB 0x0000000711c00000| Complete 
| 114|0x0000000711e00000, 0x0000000712000000, 0x0000000712000000|100%| E|CS|TAMS 0x0000000711e00000| PB 0x0000000711e00000| Complete 
| 115|0x0000000712000000, 0x0000000712200000, 0x0000000712200000|100%| E|CS|TAMS 0x0000000712000000| PB 0x0000000712000000| Complete 
| 116|0x0000000712200000, 0x0000000712400000, 0x0000000712400000|100%| E|CS|TAMS 0x0000000712200000| PB 0x0000000712200000| Complete 
| 117|0x0000000712400000, 0x0000000712600000, 0x0000000712600000|100%| E|CS|TAMS 0x0000000712400000| PB 0x0000000712400000| Complete 
| 118|0x0000000712600000, 0x0000000712800000, 0x0000000712800000|100%| E|CS|TAMS 0x0000000712600000| PB 0x0000000712600000| Complete 
| 119|0x0000000712800000, 0x0000000712a00000, 0x0000000712a00000|100%| E|CS|TAMS 0x0000000712800000| PB 0x0000000712800000| Complete 
| 120|0x0000000712a00000, 0x0000000712c00000, 0x0000000712c00000|100%| E|CS|TAMS 0x0000000712a00000| PB 0x0000000712a00000| Complete 
| 121|0x0000000712c00000, 0x0000000712e00000, 0x0000000712e00000|100%| E|CS|TAMS 0x0000000712c00000| PB 0x0000000712c00000| Complete 
| 122|0x0000000712e00000, 0x0000000713000000, 0x0000000713000000|100%| E|CS|TAMS 0x0000000712e00000| PB 0x0000000712e00000| Complete 
| 123|0x0000000713000000, 0x0000000713200000, 0x0000000713200000|100%| E|CS|TAMS 0x0000000713000000| PB 0x0000000713000000| Complete 
| 124|0x0000000713200000, 0x0000000713400000, 0x0000000713400000|100%| E|CS|TAMS 0x0000000713200000| PB 0x0000000713200000| Complete 
| 125|0x0000000713400000, 0x0000000713600000, 0x0000000713600000|100%| E|CS|TAMS 0x0000000713400000| PB 0x0000000713400000| Complete 
| 126|0x0000000713600000, 0x0000000713800000, 0x0000000713800000|100%| E|CS|TAMS 0x0000000713600000| PB 0x0000000713600000| Complete 

Card table byte_map: [0x000001fbf6450000,0x000001fbf6c40000] _byte_map_base: 0x000001fbf2c33000

Marking Bits: (CMBitMap*) 0x000001fbde323290
 Bits: [0x000001fbf6c40000, 0x000001fbfab58000)

Polling page: 0x000001fbdc080000

Metaspace:

Usage:
  Non-class:      9.34 MB used.
      Class:    725.59 KB used.
       Both:     10.05 MB used.

Virtual space:
  Non-class space:       64.00 MB reserved,       9.50 MB ( 15%) committed,  1 nodes.
      Class space:        1.00 GB reserved,     896.00 KB ( <1%) committed,  1 nodes.
             Both:        1.06 GB reserved,      10.38 MB ( <1%) committed. 

Chunk freelists:
   Non-Class:  5.53 MB
       Class:  15.19 MB
        Both:  20.72 MB

MaxMetaspaceSize: unlimited
CompressedClassSpaceSize: 1.00 GB
Initial GC threshold: 21.00 MB
Current GC threshold: 21.00 MB
CDS: on
 - commit_granule_bytes: 65536.
 - commit_granule_words: 8192.
 - virtual_space_node_default_size: 8388608.
 - enlarge_chunks_in_place: 1.
 - use_allocation_guard: 0.


Internal statistics:

num_allocs_failed_limit: 0.
num_arena_births: 312.
num_arena_deaths: 0.
num_vsnodes_births: 2.
num_vsnodes_deaths: 0.
num_space_committed: 164.
num_space_uncommitted: 0.
num_chunks_returned_to_freelist: 0.
num_chunks_taken_from_freelist: 650.
num_chunk_merges: 0.
num_chunk_splits: 439.
num_chunks_enlarged: 295.
num_inconsistent_stats: 0.

CodeHeap 'non-profiled nmethods': size=120000Kb used=1776Kb max_used=1776Kb free=118223Kb
 bounds [0x000001fbee1e0000, 0x000001fbee450000, 0x000001fbf5710000]
CodeHeap 'profiled nmethods': size=120000Kb used=4968Kb max_used=4968Kb free=115031Kb
 bounds [0x000001fbe6710000, 0x000001fbe6bf0000, 0x000001fbedc40000]
CodeHeap 'non-nmethods': size=5760Kb used=2728Kb max_used=2803Kb free=3031Kb
 bounds [0x000001fbedc40000, 0x000001fbedf10000, 0x000001fbee1e0000]
 total_blobs=4091 nmethods=2815 adapters=1181
 compilation: enabled
              stopped_count=0, restarted_count=0
 full_count=0

Compilation events (20 events):
Event: 16.814 Thread 0x000001fbfcf7d890 2807       4       org.lwjgl.opengl.GL11::glClear (5 bytes)
Event: 16.814 Thread 0x000001fbfcf7d890 nmethod 2807 0x000001fbee397e90 code [0x000001fbee398020, 0x000001fbee3980b0]
Event: 17.432 Thread 0x000001fbfcf7d890 2808       4       org.joml.Matrix4f::lookAt (60 bytes)
Event: 17.434 Thread 0x000001fbfcf7d890 nmethod 2808 0x000001fbee398190 code [0x000001fbee398380, 0x000001fbee398720]
Event: 17.864 Thread 0x000001fbfcf7d890 2809       4       org.jbox2d.common.Vec2::crossToOutUnsafe (41 bytes)
Event: 17.865 Thread 0x000001fbfcf7d890 nmethod 2809 0x000001fbee398a10 code [0x000001fbee398ba0, 0x000001fbee398c58]
Event: 18.876 Thread 0x000001fbfcf7d890 2810       4       org.jbox2d.dynamics.Body::resetMassData (506 bytes)
Event: 18.885 Thread 0x000001fbfcf7d890 nmethod 2810 0x000001fbee398d10 code [0x000001fbee398fa0, 0x000001fbee399950]
Event: 20.140 Thread 0x000001fbfcf7d890 2811       4       org.lwjgl.opengl.GL11::glEnable (5 bytes)
Event: 20.140 Thread 0x000001fbfcf7d890 nmethod 2811 0x000001fbee39a090 code [0x000001fbee39a220, 0x000001fbee39a2b0]
Event: 20.348 Thread 0x000001fbfcf7d890 2812       4       org.jbox2d.collision.broadphase.DynamicTree::freeNode (89 bytes)
Event: 20.350 Thread 0x000001fbfcf7d890 nmethod 2812 0x000001fbee39a390 code [0x000001fbee39a520, 0x000001fbee39a730]
Event: 20.675 Thread 0x000001fbfcf7d890 2814       4       renderer.Renderer::render (46 bytes)
Event: 20.677 Thread 0x000001fbfcf7d890 nmethod 2814 0x000001fbee39a890 code [0x000001fbee39aa80, 0x000001fbee39adb0]
Event: 20.678 Thread 0x000001fbfcf7d890 2813       4       scenes.Scene::render (8 bytes)
Event: 20.680 Thread 0x000001fbfcf7d890 nmethod 2813 0x000001fbee39b110 code [0x000001fbee39b300, 0x000001fbee39b698]
Event: 22.871 Thread 0x000001fbfcf7d890 2815       4       org.joml.Matrix4f::set (155 bytes)
Event: 22.873 Thread 0x000001fbfcf7d890 nmethod 2815 0x000001fbee39ba10 code [0x000001fbee39bba0, 0x000001fbee39bd28]
Event: 26.008 Thread 0x000001fbfcf7e070 2816       1       java.lang.Enum::name (5 bytes)
Event: 26.008 Thread 0x000001fbfcf7e070 nmethod 2816 0x000001fbee39c010 code [0x000001fbee39c1a0, 0x000001fbee39c270]

GC Heap History (4 events):
Event: 1.397 GC heap before
{Heap before GC invocations=0 (full 0):
 garbage-first heap   total 260096K, used 20480K [0x0000000703a00000, 0x0000000800000000)
  region size 2048K, 11 young (22528K), 0 survivors (0K)
 Metaspace       used 7309K, committed 7616K, reserved 1114112K
  class space    used 556K, committed 704K, reserved 1048576K
}
Event: 1.400 GC heap after
{Heap after GC invocations=1 (full 0):
 garbage-first heap   total 260096K, used 4957K [0x0000000703a00000, 0x0000000800000000)
  region size 2048K, 2 young (4096K), 2 survivors (4096K)
 Metaspace       used 7309K, committed 7616K, reserved 1114112K
  class space    used 556K, committed 704K, reserved 1048576K
}
Event: 6.406 GC heap before
{Heap before GC invocations=1 (full 0):
 garbage-first heap   total 260096K, used 31581K [0x0000000703a00000, 0x0000000800000000)
  region size 2048K, 16 young (32768K), 2 survivors (4096K)
 Metaspace       used 9962K, committed 10240K, reserved 1114112K
  class space    used 690K, committed 832K, reserved 1048576K
}
Event: 6.410 GC heap after
{Heap after GC invocations=2 (full 0):
 garbage-first heap   total 260096K, used 7365K [0x0000000703a00000, 0x0000000800000000)
  region size 2048K, 2 young (4096K), 2 survivors (4096K)
 Metaspace       used 9962K, committed 10240K, reserved 1114112K
  class space    used 690K, committed 832K, reserved 1048576K
}

Dll operation events (15 events):
Event: 0.006 Loaded shared library D:\jdk-21.0.1\bin\java.dll
Event: 0.031 Loaded shared library D:\jdk-21.0.1\bin\jsvml.dll
Event: 0.066 Loaded shared library D:\jdk-21.0.1\bin\zip.dll
Event: 0.068 Loaded shared library D:\jdk-21.0.1\bin\instrument.dll
Event: 0.071 Loaded shared library D:\jdk-21.0.1\bin\net.dll
Event: 0.072 Loaded shared library D:\jdk-21.0.1\bin\nio.dll
Event: 0.074 Loaded shared library D:\jdk-21.0.1\bin\zip.dll
Event: 0.095 Loaded shared library D:\IntelliJ IDEA Community Edition 2023.3.3\bin\breakgen64.dll
Event: 0.100 Loaded shared library D:\jdk-21.0.1\bin\extnet.dll
Event: 0.126 Loaded shared library D:\jdk-21.0.1\bin\jimage.dll
Event: 0.138 Loaded shared library C:\Users\Vu\AppData\Local\Temp\lwjglVu\3.3.1-build-7\lwjgl.dll
Event: 0.919 Loaded shared library C:\Users\Vu\AppData\Local\Temp\lwjglVu\3.3.1-build-7\lwjgl_opengl.dll
Event: 1.260 Loaded shared library C:\Users\Vu\AppData\Local\Temp\imgui-java-natives_1708477242292\imgui-java64.dll
Event: 1.363 Loaded shared library D:\jdk-21.0.1\bin\verify.dll
Event: 1.475 Loaded shared library C:\Users\Vu\AppData\Local\Temp\lwjglVu\3.3.1-build-7\lwjgl_stb.dll

Deoptimization events (20 events):
Event: 13.571 Thread 0x000001fbdc0d2170 DEOPT PACKING pc=0x000001fbee38e714 sp=0x000000a8c7cff1b0
Event: 13.571 Thread 0x000001fbdc0d2170 DEOPT UNPACKING pc=0x000001fbedc97da2 sp=0x000000a8c7cff110 mode 2
Event: 13.578 Thread 0x000001fbdc0d2170 Uncommon trap: trap_request=0xffffffbe fr.pc=0x000001fbee38e714 relative=0x00000000000000f4
Event: 13.578 Thread 0x000001fbdc0d2170 Uncommon trap: reason=profile_predicate action=maybe_recompile pc=0x000001fbee38e714 method=renderer.DebugDraw.addCircle(Lorg/joml/Vector2f;FLorg/joml/Vector3f;I)V @ 27 c2
Event: 13.578 Thread 0x000001fbdc0d2170 DEOPT PACKING pc=0x000001fbee38e714 sp=0x000000a8c7cff1b0
Event: 13.578 Thread 0x000001fbdc0d2170 DEOPT UNPACKING pc=0x000001fbedc97da2 sp=0x000000a8c7cff110 mode 2
Event: 13.586 Thread 0x000001fbdc0d2170 Uncommon trap: trap_request=0xffffffbe fr.pc=0x000001fbee38e714 relative=0x00000000000000f4
Event: 13.586 Thread 0x000001fbdc0d2170 Uncommon trap: reason=profile_predicate action=maybe_recompile pc=0x000001fbee38e714 method=renderer.DebugDraw.addCircle(Lorg/joml/Vector2f;FLorg/joml/Vector3f;I)V @ 27 c2
Event: 13.586 Thread 0x000001fbdc0d2170 DEOPT PACKING pc=0x000001fbee38e714 sp=0x000000a8c7cff1b0
Event: 13.586 Thread 0x000001fbdc0d2170 DEOPT UNPACKING pc=0x000001fbedc97da2 sp=0x000000a8c7cff110 mode 2
Event: 13.592 Thread 0x000001fbdc0d2170 Uncommon trap: trap_request=0xffffffbe fr.pc=0x000001fbee38e714 relative=0x00000000000000f4
Event: 13.592 Thread 0x000001fbdc0d2170 Uncommon trap: reason=profile_predicate action=maybe_recompile pc=0x000001fbee38e714 method=renderer.DebugDraw.addCircle(Lorg/joml/Vector2f;FLorg/joml/Vector3f;I)V @ 27 c2
Event: 13.592 Thread 0x000001fbdc0d2170 DEOPT PACKING pc=0x000001fbee38e714 sp=0x000000a8c7cff1b0
Event: 13.592 Thread 0x000001fbdc0d2170 DEOPT UNPACKING pc=0x000001fbedc97da2 sp=0x000000a8c7cff110 mode 2
Event: 13.932 Thread 0x000001fbdc0d2170 DEOPT PACKING pc=0x000001fbe6a060ab sp=0x000000a8c7cff360
Event: 13.932 Thread 0x000001fbdc0d2170 DEOPT UNPACKING pc=0x000001fbedc988e2 sp=0x000000a8c7cfe838 mode 0
Event: 14.089 Thread 0x000001fbdc0d2170 Uncommon trap: trap_request=0xffffff45 fr.pc=0x000001fbee38f53c relative=0x000000000000061c
Event: 14.089 Thread 0x000001fbdc0d2170 Uncommon trap: reason=unstable_if action=reinterpret pc=0x000001fbee38f53c method=imgui.glfw.ImGuiImplGlfw.updateMousePosAndButtons()V @ 110 c2
Event: 14.089 Thread 0x000001fbdc0d2170 DEOPT PACKING pc=0x000001fbee38f53c sp=0x000000a8c7cff2b0
Event: 14.089 Thread 0x000001fbdc0d2170 DEOPT UNPACKING pc=0x000001fbedc97da2 sp=0x000000a8c7cff228 mode 2

Classes loaded (20 events):
Event: 26.007 Loading class jdk/internal/logger/AbstractLoggerWrapper
Event: 26.007 Loading class jdk/internal/logger/AbstractLoggerWrapper done
Event: 26.007 Loading class jdk/internal/logger/LazyLoggers$LazyLoggerWrapper done
Event: 26.007 Loading class jdk/internal/logger/LazyLoggers$JdkLazyLogger done
Event: 26.007 Loading class jdk/internal/logger/LazyLoggers$LazyLoggerAccessor
Event: 26.007 Loading class jdk/internal/logger/LazyLoggers$LoggerAccessor
Event: 26.007 Loading class jdk/internal/logger/LazyLoggers$LoggerAccessor done
Event: 26.007 Loading class jdk/internal/logger/LazyLoggers$LazyLoggerAccessor done
Event: 26.007 Loading class java/lang/System$Logger$Level
Event: 26.007 Loading class java/lang/System$Logger$Level done
Event: 26.007 Loading class jdk/internal/logger/SurrogateLogger
Event: 26.007 Loading class jdk/internal/logger/SimpleConsoleLogger
Event: 26.007 Loading class sun/util/logging/PlatformLogger$ConfigurableBridge$LoggerConfiguration
Event: 26.007 Loading class sun/util/logging/PlatformLogger$ConfigurableBridge$LoggerConfiguration done
Event: 26.007 Loading class jdk/internal/logger/SimpleConsoleLogger done
Event: 26.007 Loading class jdk/internal/logger/SurrogateLogger done
Event: 26.008 Loading class sun/util/logging/PlatformLogger
Event: 26.008 Loading class sun/util/logging/PlatformLogger done
Event: 26.008 Loading class sun/util/logging/PlatformLogger$Level
Event: 26.008 Loading class sun/util/logging/PlatformLogger$Level done

Classes unloaded (0 events):
No events

Classes redefined (0 events):
No events

Internal exceptions (20 events):
Event: 0.915 Thread 0x000001fbdc0d2170 Exception <a 'java/lang/NoSuchMethodError'{0x0000000712ec1378}: 'void java.lang.System.load(java.lang.String, java.lang.Class)'> (0x0000000712ec1378) 
thrown [s\open\src\hotspot\share\interpreter\linkResolver.cpp, line 773]
Event: 0.916 Thread 0x000001fbdc0d2170 Exception <a 'java/lang/NoSuchMethodError'{0x0000000712ec3d18}: 'void java.lang.System.loadLibrary(java.lang.String, java.lang.Class)'> (0x0000000712ec3d18) 
thrown [s\open\src\hotspot\share\interpreter\linkResolver.cpp, line 773]
Event: 0.918 Thread 0x000001fbdc0d2170 Exception <a 'sun/nio/fs/WindowsException'{0x0000000712ed3ac8}> (0x0000000712ed3ac8) 
thrown [s\open\src\hotspot\share\prims\jni.cpp, line 520]
Event: 0.918 Thread 0x000001fbdc0d2170 Exception <a 'sun/nio/fs/WindowsException'{0x0000000712ed3e48}> (0x0000000712ed3e48) 
thrown [s\open\src\hotspot\share\prims\jni.cpp, line 520]
Event: 0.920 Thread 0x000001fbdc0d2170 Exception <a 'sun/nio/fs/WindowsException'{0x0000000712edad28}> (0x0000000712edad28) 
thrown [s\open\src\hotspot\share\prims\jni.cpp, line 520]
Event: 0.920 Thread 0x000001fbdc0d2170 Exception <a 'sun/nio/fs/WindowsException'{0x0000000712edafe8}> (0x0000000712edafe8) 
thrown [s\open\src\hotspot\share\prims\jni.cpp, line 520]
Event: 1.043 Thread 0x000001fbfcf6c2a0 Exception <a 'java/lang/NoSuchMethodError'{0x0000000712d20ae0}: 'java.lang.Object java.lang.invoke.Invokers$Holder.invokeExact_MT(java.lang.Object, java.lang.Object, java.lang.Object, java.lang.Object, java.lang.Object, java.lang.Object)'> (0x0000000712d20ae0) 
thrown [s\open\src\hotspot\share\interpreter\linkResolver.cpp, line 773]
Event: 1.126 Thread 0x000001fbdc0d2170 Exception <a 'sun/nio/fs/WindowsException'{0x0000000712ba3248}> (0x0000000712ba3248) 
thrown [s\open\src\hotspot\share\prims\jni.cpp, line 520]
Event: 1.271 Thread 0x000001fbdc0d2170 Exception <a 'java/lang/NoSuchMethodError'{0x0000000712bfa5f8}: 'void java.lang.invoke.DirectMethodHandle$Holder.invokeVirtual(java.lang.Object, java.lang.Object, long, int)'> (0x0000000712bfa5f8) 
thrown [s\open\src\hotspot\share\interpreter\linkResolver.cpp, line 773]
Event: 1.367 Thread 0x000001fbdc0d2170 Exception <a 'java/lang/NoSuchMethodError'{0x00000007125da9f8}: 'float java.lang.invoke.DelegatingMethodHandle$Holder.reinvoke_L(java.lang.Object, java.lang.Object)'> (0x00000007125da9f8) 
thrown [s\open\src\hotspot\share\interpreter\linkResolver.cpp, line 773]
Event: 1.367 Thread 0x000001fbdc0d2170 Exception <a 'java/lang/NoSuchMethodError'{0x00000007125e4980}: 'void java.lang.invoke.DelegatingMethodHandle$Holder.reinvoke_L(java.lang.Object, java.lang.Object, float)'> (0x00000007125e4980) 
thrown [s\open\src\hotspot\share\interpreter\linkResolver.cpp, line 773]
Event: 1.369 Thread 0x000001fbdc0d2170 Exception <a 'java/lang/NoSuchMethodError'{0x00000007125ffb80}: 'void java.lang.invoke.Invokers$Holder.invokeExact_MT(java.lang.Object, java.lang.Object, java.lang.Object, java.lang.Object)'> (0x00000007125ffb80) 
thrown [s\open\src\hotspot\share\interpreter\linkResolver.cpp, line 773]
Event: 1.370 Thread 0x000001fbdc0d2170 Exception <a 'java/lang/NoSuchMethodError'{0x0000000712208af0}: 'void java.lang.invoke.DelegatingMethodHandle$Holder.reinvoke_L(java.lang.Object, java.lang.Object, int)'> (0x0000000712208af0) 
thrown [s\open\src\hotspot\share\interpreter\linkResolver.cpp, line 773]
Event: 1.370 Thread 0x000001fbdc0d2170 Exception <a 'java/lang/NoSuchMethodError'{0x000000071220f330}: 'void java.lang.invoke.Invokers$Holder.invokeExact_MT(java.lang.Object, java.lang.Object, int, java.lang.Object)'> (0x000000071220f330) 
thrown [s\open\src\hotspot\share\interpreter\linkResolver.cpp, line 773]
Event: 1.469 Thread 0x000001fbdc0d2170 Exception <a 'java/lang/NoSuchMethodError'{0x0000000713542430}: 'void java.lang.System.load(java.lang.String, java.lang.Class)'> (0x0000000713542430) 
thrown [s\open\src\hotspot\share\interpreter\linkResolver.cpp, line 773]
Event: 1.470 Thread 0x000001fbdc0d2170 Exception <a 'java/lang/NoSuchMethodError'{0x0000000713544dd0}: 'void java.lang.System.loadLibrary(java.lang.String, java.lang.Class)'> (0x0000000713544dd0) 
thrown [s\open\src\hotspot\share\interpreter\linkResolver.cpp, line 773]
Event: 1.474 Thread 0x000001fbdc0d2170 Exception <a 'sun/nio/fs/WindowsException'{0x00000007135539e8}> (0x00000007135539e8) 
thrown [s\open\src\hotspot\share\prims\jni.cpp, line 520]
Event: 1.474 Thread 0x000001fbdc0d2170 Exception <a 'sun/nio/fs/WindowsException'{0x0000000713553d48}> (0x0000000713553d48) 
thrown [s\open\src\hotspot\share\prims\jni.cpp, line 520]
Event: 3.998 Thread 0x000001fbdc0d2170 Exception <a 'java/lang/NoSuchMethodError'{0x0000000712760590}: 'int java.lang.invoke.Invokers$Holder.invokeExact_MT(java.lang.Object, java.lang.Object, java.lang.Object)'> (0x0000000712760590) 
thrown [s\open\src\hotspot\share\interpreter\linkResolver.cpp, line 773]
Event: 4.000 Thread 0x000001fbdc0d2170 Exception <a 'java/lang/NoSuchMethodError'{0x0000000712767918}: 'float java.lang.invoke.Invokers$Holder.invokeExact_MT(java.lang.Object, java.lang.Object, java.lang.Object)'> (0x0000000712767918) 
thrown [s\open\src\hotspot\share\interpreter\linkResolver.cpp, line 773]

ZGC Phase Switch (0 events):
No events

VM Operations (20 events):
Event: 2.844 Executing VM operation: Cleanup done
Event: 3.853 Executing VM operation: Cleanup
Event: 3.853 Executing VM operation: Cleanup done
Event: 4.866 Executing VM operation: Cleanup
Event: 4.866 Executing VM operation: Cleanup done
Event: 5.872 Executing VM operation: Cleanup
Event: 5.872 Executing VM operation: Cleanup done
Event: 6.406 Executing VM operation: G1CollectForAllocation (G1 Evacuation Pause)
Event: 6.410 Executing VM operation: G1CollectForAllocation (G1 Evacuation Pause) done
Event: 7.411 Executing VM operation: Cleanup
Event: 7.411 Executing VM operation: Cleanup done
Event: 8.425 Executing VM operation: Cleanup
Event: 8.425 Executing VM operation: Cleanup done
Event: 11.443 Executing VM operation: Cleanup
Event: 11.443 Executing VM operation: Cleanup done
Event: 12.459 Executing VM operation: Cleanup
Event: 12.459 Executing VM operation: Cleanup done
Event: 14.490 Executing VM operation: Cleanup
Event: 14.490 Executing VM operation: Cleanup done
Event: 26.008 Executing VM operation: Exit

Events (20 events):
Event: 1.728 Thread 0x000001fbccc9de20 Thread exited: 0x000001fbccc9de20
Event: 2.114 Thread 0x000001fbd1fd6370 Thread added: 0x000001fbd1fd6370
Event: 2.114 Thread 0x000001fbccd09400 Thread added: 0x000001fbccd09400
Event: 2.239 Thread 0x000001fbccd09400 Thread exited: 0x000001fbccd09400
Event: 2.481 Thread 0x000001fbd1fd6370 Thread exited: 0x000001fbd1fd6370
Event: 4.004 Thread 0x000001fbd1fc1690 Thread added: 0x000001fbd1fc1690
Event: 4.019 Thread 0x000001fbd1fe67e0 Thread added: 0x000001fbd1fe67e0
Event: 4.550 Thread 0x000001fbd1fe67e0 Thread exited: 0x000001fbd1fe67e0
Event: 4.925 Thread 0x000001fbd1fc1690 Thread exited: 0x000001fbd1fc1690
Event: 8.093 Thread 0x000001fbcd51f960 Thread added: 0x000001fbcd51f960
Event: 8.100 Thread 0x000001fbcce3bb50 Thread added: 0x000001fbcce3bb50
Event: 8.252 Thread 0x000001fbcce3bb50 Thread exited: 0x000001fbcce3bb50
Event: 8.466 Thread 0x000001fbcd51f960 Thread exited: 0x000001fbcd51f960
Event: 11.021 Thread 0x000001fbcd51f960 Thread added: 0x000001fbcd51f960
Event: 11.023 Thread 0x000001fbcd786aa0 Thread added: 0x000001fbcd786aa0
Event: 11.287 Thread 0x000001fbcd786aa0 Thread exited: 0x000001fbcd786aa0
Event: 12.173 Thread 0x000001fbd728b010 Thread added: 0x000001fbd728b010
Event: 12.607 Thread 0x000001fbd728b010 Thread exited: 0x000001fbd728b010
Event: 14.296 Thread 0x000001fbcd51f960 Thread exited: 0x000001fbcd51f960
Event: 26.005 Thread 0x000001fbcd51f960 Thread added: 0x000001fbcd51f960


Dynamic libraries:
0x00007ff73fbf0000 - 0x00007ff73fc00000 	D:\jdk-21.0.1\bin\java.exe
0x00007ffe1b1b0000 - 0x00007ffe1b3c7000 	C:\WINDOWS\SYSTEM32\ntdll.dll
0x00007ffe199f0000 - 0x00007ffe19ab4000 	C:\WINDOWS\System32\KERNEL32.DLL
0x00007ffe187d0000 - 0x00007ffe18b76000 	C:\WINDOWS\System32\KERNELBASE.dll
0x00007ffe18db0000 - 0x00007ffe18ec1000 	C:\WINDOWS\System32\ucrtbase.dll
0x00007ffdadf40000 - 0x00007ffdadf5b000 	D:\jdk-21.0.1\bin\VCRUNTIME140.dll
0x00007ffdbc5e0000 - 0x00007ffdbc5f9000 	D:\jdk-21.0.1\bin\jli.dll
0x00007ffe1aa40000 - 0x00007ffe1aaf3000 	C:\WINDOWS\System32\ADVAPI32.dll
0x00007ffe1a690000 - 0x00007ffe1a737000 	C:\WINDOWS\System32\msvcrt.dll
0x00007ffe18f00000 - 0x00007ffe18fa8000 	C:\WINDOWS\System32\sechost.dll
0x00007ffe18570000 - 0x00007ffe18598000 	C:\WINDOWS\System32\bcrypt.dll
0x00007ffe197e0000 - 0x00007ffe198f7000 	C:\WINDOWS\System32\RPCRT4.dll
0x00007ffe1a880000 - 0x00007ffe1aa2e000 	C:\WINDOWS\System32\USER32.dll
0x00007ffe18ed0000 - 0x00007ffe18ef6000 	C:\WINDOWS\System32\win32u.dll
0x00007ffe19900000 - 0x00007ffe19929000 	C:\WINDOWS\System32\GDI32.dll
0x00007ffe185a0000 - 0x00007ffe186b8000 	C:\WINDOWS\System32\gdi32full.dll
0x00007ffdf6ba0000 - 0x00007ffdf6e33000 	C:\WINDOWS\WinSxS\amd64_microsoft.windows.common-controls_6595b64144ccf1df_6.0.22621.2506_none_270c5ae97388e100\COMCTL32.dll
0x00007ffe18730000 - 0x00007ffe187ca000 	C:\WINDOWS\System32\msvcp_win.dll
0x00007ffe0db10000 - 0x00007ffe0db1a000 	C:\WINDOWS\SYSTEM32\VERSION.dll
0x00007ffe199b0000 - 0x00007ffe199e1000 	C:\WINDOWS\System32\IMM32.DLL
0x00007ffddec00000 - 0x00007ffddec0c000 	D:\jdk-21.0.1\bin\vcruntime140_1.dll
0x00007ffd9a610000 - 0x00007ffd9a69e000 	D:\jdk-21.0.1\bin\msvcp140.dll
0x00007ffd97f10000 - 0x00007ffd98c25000 	D:\jdk-21.0.1\bin\server\jvm.dll
0x00007ffe19930000 - 0x00007ffe199a1000 	C:\WINDOWS\System32\WS2_32.dll
0x00007ffe17340000 - 0x00007ffe1738d000 	C:\WINDOWS\SYSTEM32\POWRPROF.dll
0x00007ffe0e060000 - 0x00007ffe0e094000 	C:\WINDOWS\SYSTEM32\WINMM.dll
0x00007ffe17320000 - 0x00007ffe17333000 	C:\WINDOWS\SYSTEM32\UMPDC.dll
0x00007ffe175e0000 - 0x00007ffe175f8000 	C:\WINDOWS\SYSTEM32\kernel.appcore.dll
0x00007ffddd1c0000 - 0x00007ffddd1ca000 	D:\jdk-21.0.1\bin\jimage.dll
0x00007ffe15fb0000 - 0x00007ffe161e3000 	C:\WINDOWS\SYSTEM32\DBGHELP.DLL
0x00007ffe19290000 - 0x00007ffe19619000 	C:\WINDOWS\System32\combase.dll
0x00007ffe19be0000 - 0x00007ffe19cb7000 	C:\WINDOWS\System32\OLEAUT32.dll
0x00007ffdfe150000 - 0x00007ffdfe182000 	C:\WINDOWS\SYSTEM32\dbgcore.DLL
0x00007ffe184f0000 - 0x00007ffe1856a000 	C:\WINDOWS\System32\bcryptPrimitives.dll
0x00007ffe121e0000 - 0x00007ffe121ef000 	D:\jdk-21.0.1\bin\instrument.dll
0x00007ffdadf20000 - 0x00007ffdadf3f000 	D:\jdk-21.0.1\bin\java.dll
0x00007ffe19d20000 - 0x00007ffe1a57b000 	C:\WINDOWS\System32\SHELL32.dll
0x00007ffe16410000 - 0x00007ffe16d06000 	C:\WINDOWS\SYSTEM32\windows.storage.dll
0x00007ffe162d0000 - 0x00007ffe1640e000 	C:\WINDOWS\SYSTEM32\wintypes.dll
0x00007ffe19ac0000 - 0x00007ffe19bb3000 	C:\WINDOWS\System32\SHCORE.dll
0x00007ffe1a790000 - 0x00007ffe1a7ee000 	C:\WINDOWS\System32\shlwapi.dll
0x00007ffe18420000 - 0x00007ffe18446000 	C:\WINDOWS\SYSTEM32\profapi.dll
0x00007ffd97e30000 - 0x00007ffd97f07000 	D:\jdk-21.0.1\bin\jsvml.dll
0x00007ffd9eb10000 - 0x00007ffd9eb28000 	D:\jdk-21.0.1\bin\zip.dll
0x00007ffddc6d0000 - 0x00007ffddc6e0000 	D:\jdk-21.0.1\bin\net.dll
0x00007ffe0eeb0000 - 0x00007ffe0efe7000 	C:\WINDOWS\SYSTEM32\WINHTTP.dll
0x00007ffe17a50000 - 0x00007ffe17ab9000 	C:\WINDOWS\system32\mswsock.dll
0x00007ffd9eb30000 - 0x00007ffd9eb46000 	D:\jdk-21.0.1\bin\nio.dll
0x00007ffe0fbd0000 - 0x00007ffe0fbea000 	D:\IntelliJ IDEA Community Edition 2023.3.3\bin\breakgen64.dll
0x00007ffdda030000 - 0x00007ffdda037000 	D:\jdk-21.0.1\bin\extnet.dll
0x00007ffe05b90000 - 0x00007ffe05c05000 	C:\Users\Vu\AppData\Local\Temp\lwjglVu\3.3.1-build-7\lwjgl.dll
0x00007ffde2bf0000 - 0x00007ffde2c51000 	C:\Users\Vu\AppData\Local\Temp\lwjglVu\3.3.1-build-7\glfw.dll
0x00007ffdd32b0000 - 0x00007ffdd32f6000 	C:\WINDOWS\SYSTEM32\dinput8.dll
0x00007ffdb9410000 - 0x00007ffdb9421000 	C:\WINDOWS\SYSTEM32\xinput1_4.dll
0x00007ffe181e0000 - 0x00007ffe1822e000 	C:\WINDOWS\SYSTEM32\cfgmgr32.dll
0x00007ffe181b0000 - 0x00007ffe181dc000 	C:\WINDOWS\SYSTEM32\DEVOBJ.dll
0x00007ffe12f40000 - 0x00007ffe12f6b000 	C:\WINDOWS\SYSTEM32\dwmapi.dll
0x00007ffde85d0000 - 0x00007ffde87da000 	C:\WINDOWS\SYSTEM32\inputhost.dll
0x00007ffe12840000 - 0x00007ffe12974000 	C:\WINDOWS\SYSTEM32\CoreMessaging.dll
0x00007ffe12cf0000 - 0x00007ffe12d9b000 	C:\WINDOWS\system32\uxtheme.dll
0x00007ffe19680000 - 0x00007ffe197d1000 	C:\WINDOWS\System32\MSCTF.dll
0x00007ffe17d80000 - 0x00007ffe17d8c000 	C:\WINDOWS\SYSTEM32\CRYPTBASE.DLL
0x00007ffded440000 - 0x00007ffded540000 	C:\WINDOWS\SYSTEM32\opengl32.dll
0x00007ffe05670000 - 0x00007ffe0569d000 	C:\WINDOWS\SYSTEM32\GLU32.dll
0x00007ffe15660000 - 0x00007ffe15699000 	C:\WINDOWS\SYSTEM32\dxcore.dll
0x00007ffe0e0a0000 - 0x00007ffe0e0ea000 	C:\WINDOWS\SYSTEM32\directxdatabasehelper.dll
0x00007ffe19030000 - 0x00007ffe190e0000 	C:\WINDOWS\System32\clbcatq.dll
0x00007ffd72ae0000 - 0x00007ffd73ad3000 	C:\WINDOWS\System32\DriverStore\FileRepository\iigd_dch.inf_amd64_5802b1615520e41c\igxelpicd64.dll
0x00007ffe190e0000 - 0x00007ffe19280000 	C:\WINDOWS\System32\ole32.dll
0x00007ffe12e20000 - 0x00007ffe12f18000 	C:\WINDOWS\system32\dxgi.dll
0x00007ffd97670000 - 0x00007ffd97957000 	C:\WINDOWS\System32\DriverStore\FileRepository\iigd_dch.inf_amd64_5802b1615520e41c\igdml64.dll
0x00007ffe0a6c0000 - 0x00007ffe0aa87000 	C:\WINDOWS\System32\DriverStore\FileRepository\iigd_dch.inf_amd64_5802b1615520e41c\igdgmm64.dll
0x00007ffe00a00000 - 0x00007ffe04011000 	C:\WINDOWS\System32\DriverStore\FileRepository\iigd_dch.inf_amd64_5802b1615520e41c\igc64.dll
0x00007ffe056a0000 - 0x00007ffe057ea000 	C:\WINDOWS\SYSTEM32\textinputframework.dll
0x00007ffe0d290000 - 0x00007ffe0d5fc000 	C:\WINDOWS\SYSTEM32\CoreUIComponents.dll
0x00007ffdbb9b0000 - 0x00007ffdbbb47000 	C:\Users\Vu\AppData\Local\Temp\lwjglVu\3.3.1-build-7\OpenAL.dll
0x00007ffe042a0000 - 0x00007ffe0433d000 	C:\WINDOWS\System32\MMDevApi.dll
0x00007ffe06180000 - 0x00007ffe0636c000 	C:\WINDOWS\SYSTEM32\AUDIOSES.DLL
0x00007ffe15900000 - 0x00007ffe15915000 	C:\WINDOWS\SYSTEM32\resourcepolicyclient.dll
0x00007ffdd2d80000 - 0x00007ffdd2ddd000 	C:\Users\Vu\AppData\Local\Temp\lwjglVu\3.3.1-build-7\lwjgl_opengl.dll
0x0000000064a00000 - 0x0000000064d10000 	C:\Users\Vu\AppData\Local\Temp\imgui-java-natives_1708477242292\imgui-java64.dll
0x00007ffe17da0000 - 0x00007ffe17dbb000 	C:\WINDOWS\SYSTEM32\CRYPTSP.dll
0x00007ffe17540000 - 0x00007ffe17575000 	C:\WINDOWS\system32\rsaenh.dll
0x00007ffdd8880000 - 0x00007ffdd8890000 	D:\jdk-21.0.1\bin\verify.dll
0x00007ffdbb830000 - 0x00007ffdbb8b1000 	C:\Users\Vu\AppData\Local\Temp\lwjglVu\3.3.1-build-7\lwjgl_stb.dll

dbghelp: loaded successfully - version: 4.0.5 - missing functions: none
symbol engine: initialized successfully - sym options: 0x614 - pdb path: .;D:\jdk-21.0.1\bin;C:\WINDOWS\SYSTEM32;C:\WINDOWS\WinSxS\amd64_microsoft.windows.common-controls_6595b64144ccf1df_6.0.22621.2506_none_270c5ae97388e100;D:\jdk-21.0.1\bin\server;D:\IntelliJ IDEA Community Edition 2023.3.3\bin;C:\Users\Vu\AppData\Local\Temp\lwjglVu\3.3.1-build-7;C:\WINDOWS\System32\DriverStore\FileRepository\iigd_dch.inf_amd64_5802b1615520e41c;C:\Users\Vu\AppData\Local\Temp\imgui-java-natives_1708477242292

VM Arguments:
jvm_args: -javaagent:D:\IntelliJ IDEA Community Edition 2023.3.3\lib\idea_rt.jar=64235:D:\IntelliJ IDEA Community Edition 2023.3.3\bin -Dfile.encoding=UTF-8 -Dsun.stdout.encoding=UTF-8 -Dsun.stderr.encoding=UTF-8 
java_command: main.Main
java_class_path (initial): D:\ducky-game\target\classes;C:\Users\Vu\.m2\repository\io\github\spair\imgui-java-app\1.81.0\imgui-java-app-1.81.0.jar;C:\Users\Vu\.m2\repository\org\lwjgl\lwjgl\3.3.1\lwjgl-3.3.1-natives-linux.jar;C:\Users\Vu\.m2\repository\org\lwjgl\lwjgl-glfw\3.3.1\lwjgl-glfw-3.3.1-natives-linux.jar;C:\Users\Vu\.m2\repository\org\lwjgl\lwjgl-opengl\3.3.1\lwjgl-opengl-3.3.1-natives-linux.jar;C:\Users\Vu\.m2\repository\org\lwjgl\lwjgl\3.3.1\lwjgl-3.3.1-natives-macos.jar;C:\Users\Vu\.m2\repository\org\lwjgl\lwjgl-glfw\3.3.1\lwjgl-glfw-3.3.1-natives-macos.jar;C:\Users\Vu\.m2\repository\org\lwjgl\lwjgl-opengl\3.3.1\lwjgl-opengl-3.3.1-natives-macos.jar;C:\Users\Vu\.m2\repository\io\github\spair\imgui-java-binding\1.81.0\imgui-java-binding-1.81.0.jar;C:\Users\Vu\.m2\repository\io\github\spair\imgui-java-lwjgl3\1.81.0\imgui-java-lwjgl3-1.81.0.jar;C:\Users\Vu\.m2\repository\org\lwjgl\lwjgl\3.3.1\lwjgl-3.3.1.jar;C:\Users\Vu\.m2\repository\com\google\code\gson\gson\2.10.1\gson-2.10.1.jar;C:\Users\Vu\.m2\repository\org\openjfx\javafx-controls\21\javafx-controls-21.jar;C:\Users\Vu\.m2\repository\org\openjfx\javafx-controls\21\javafx-controls-21-win.jar;C:\Users\Vu\.m2\repository\org\openjfx\javafx-graphics\21\javafx-graphics-21.jar;C:\Users\Vu\.m2\repository\org\openjfx\javafx-graphics\21\javafx-graphics-21-win.jar;C:\Users\Vu\.m2\repository\org\openjfx\javafx-base\21\javafx-base-21.jar;C:\Users\Vu\.m2\repository\org\openjfx\javafx-base\21\javafx-base-21-win.jar;C:\Users\Vu\.m2\repository\org\openjfx\javafx-fxml\21\javafx-fxml-21.jar;C:\Users\Vu\.m2\repository\org\openjfx\javafx-fxml\21\javafx-fxml-21-win.jar;C:\Users\Vu\.m2\repository\org\lwjgl\lwjgl-nfd\3.3.1\lwjgl-nfd-3.3.1.jar;C:\Users\Vu\.m2\repository\org\lwjgl\lwjgl-assimp\3.3.1\lwjgl-assimp-3.3.1.jar;C:\Users\Vu\.m2\repository\org\lwjgl\lwjgl-glfw\3.3.1\lwjgl-glfw-3.3.1.jar;C:\Users\Vu\.m2\repository\org\lwjgl\lwjgl-openal\3.3.1\lwjgl-openal-3.3.1.jar;C:\Users\Vu\.m2\repository\org\lwjgl\lwjgl-opengl\3.3.1\lwjgl-opengl-3.3.1.jar;C:\Users\Vu\.m2\repository\org\lwjgl\lwjgl-stb\3.3.1\lwjgl-stb-3.3.1.jar;C:\Users\Vu\.m2\repository\org\lwjgl\lwjgl\3.3.1\lwjgl-3.3.1-natives-windows.jar;C:\Users\Vu\.m2\repository\org\lwjgl\lwjgl-assimp\3.3.1\lwjgl-assimp-3.3.1-natives-windows.jar;C:\Users\Vu\.m2\repository\org\lwjgl\lwjgl-glfw\3.3.1\lwjgl-glfw-3.3.1-natives-windows.jar;C:\Users\Vu\.m2\repository\org\lwjgl\lwjgl-openal\3.3.1\lwjgl-openal-3.3.1-natives-windows.jar;C:\Users\Vu\.m2\repository\org\lwjgl\lwjgl-opengl\3.3.1\lwjgl-opengl-3.3.1-natives-windows.jar;C:\Users\Vu\.m2\repository\org\mongodb\mongodb-driver\3.12.14\mongodb-driver-3.12.14.jar;C:\Users\Vu\.m2\repository\org\mongodb\bson\3.12.14\bson-3.12.14.jar;C:\Users\Vu\.m2\repository\org\mongodb\mongodb-driver-core\3.12.14\mongodb-driver-core-3.12.14.jar;C:\Users\Vu\.m2\repository\org\lwjgl\lwjgl-stb\3.3.1\lwjgl-stb-3.3.1-natives-windows.jar;C:\Users\Vu\.m2\repository\org\lwjgl\lwjgl-nfd\3.3.1\lwjgl-nfd-3.3.1-natives-windows.jar;C:\Users\Vu\.m2\repository\org\jbox2d\jbox2d-library\2.2.1.1\jbox2d-library-2.2.1.1.jar;C:\Users\Vu\.m2\repository\org\joml\joml\1.9.24\joml-1.9.24.jar
Launcher Type: SUN_STANDARD

[Global flags]
     intx CICompilerCount                          = 4                                         {product} {ergonomic}
     uint ConcGCThreads                            = 3                                         {product} {ergonomic}
     uint G1ConcRefinementThreads                  = 10                                        {product} {ergonomic}
   size_t G1HeapRegionSize                         = 2097152                                   {product} {ergonomic}
    uintx GCDrainStackTargetSize                   = 64                                        {product} {ergonomic}
   size_t InitialHeapSize                          = 266338304                                 {product} {ergonomic}
   size_t MarkStackSize                            = 4194304                                   {product} {ergonomic}
   size_t MaxHeapSize                              = 4234149888                                {product} {ergonomic}
   size_t MaxNewSize                               = 2539651072                                {product} {ergonomic}
   size_t MinHeapDeltaBytes                        = 2097152                                   {product} {ergonomic}
   size_t MinHeapSize                              = 8388608                                   {product} {ergonomic}
    uintx NonNMethodCodeHeapSize                   = 5839372                                {pd product} {ergonomic}
    uintx NonProfiledCodeHeapSize                  = 122909434                              {pd product} {ergonomic}
    uintx ProfiledCodeHeapSize                     = 122909434                              {pd product} {ergonomic}
    uintx ReservedCodeCacheSize                    = 251658240                              {pd product} {ergonomic}
     bool SegmentedCodeCache                       = true                                      {product} {ergonomic}
   size_t SoftMaxHeapSize                          = 4234149888                             {manageable} {ergonomic}
     bool UseCompressedOops                        = true                           {product lp64_product} {ergonomic}
     bool UseG1GC                                  = true                                      {product} {ergonomic}
     bool UseLargePagesIndividualAllocation        = false                                  {pd product} {ergonomic}

Logging:
Log output configuration:
 #0: stdout all=off uptime,level,tags foldmultilines=false
 #1: stderr all=off uptime,level,tags foldmultilines=false

Environment Variables:
PATH=C:\Program Files\Common Files\Oracle\Java\javapath;C:\Windows\system32;C:\Windows;C:\Windows\System32\Wbem;C:\Windows\System32\WindowsPowerShell\v1.0\;C:\Windows\System32\OpenSSH\;C:\Program Files (x86)\NVIDIA Corporation\PhysX\Common;C:\Program Files\NVIDIA Corporation\NVIDIA NvDLISR;C:\WINDOWS\system32;C:\WINDOWS;C:\WINDOWS\System32\Wbem;C:\WINDOWS\System32\WindowsPowerShell\v1.0\;C:\WINDOWS\System32\OpenSSH\;C:\Program Files\Git\cmd;C:\Users\Vu\AppData\Local\Microsoft\WindowsApps;
USERNAME=Vu
OS=Windows_NT
PROCESSOR_IDENTIFIER=Intel64 Family 6 Model 141 Stepping 1, GenuineIntel
TMP=C:\Users\Vu\AppData\Local\Temp
TEMP=C:\Users\Vu\AppData\Local\Temp




Periodic native trim disabled

---------------  S Y S T E M  ---------------

OS:
 Windows 11 , 64 bit Build 22621 (10.0.22621.3085)
OS uptime: 0 days 16:16 hours
Hyper-V role detected

CPU: total 12 (initial active 12) (6 cores per cpu, 2 threads per core) family 6 model 141 stepping 1 microcode 0x3c, cx8, cmov, fxsr, ht, mmx, 3dnowpref, sse, sse2, sse3, ssse3, sse4.1, sse4.2, popcnt, lzcnt, tsc, tscinvbit, avx, avx2, aes, erms, clmul, bmi1, bmi2, adx, avx512f, avx512dq, avx512cd, avx512bw, avx512vl, sha, fma, vzeroupper, avx512_vpopcntdq, avx512_vpclmulqdq, avx512_vaes, avx512_vnni, clflush, clflushopt, clwb, avx512_vbmi2, avx512_vbmi, hv, rdtscp, rdpid, fsrm, gfni, avx512_bitalg, f16c, cet_ibt, cet_ss, avx512_ifma
Processor Information for all 12 processors :
  Max Mhz: 2688, Current Mhz: 2688, Mhz Limit: 2688

Memory: 4k page, system-wide physical 16147M (6266M free)
TotalPageFile size 22547M (AvailPageFile size 8203M)
current process WorkingSet (physical memory assigned to process): 392M, peak: 401M
current process commit charge ("private bytes"): 515M, peak: 541M

vm_info: Java HotSpot(TM) 64-Bit Server VM (21.0.1+12-LTS-29) for windows-amd64 JRE (21.0.1+12-LTS-29), built on 2023-10-05T13:27:09Z by "mach5one" with MS VC++ 17.1 (VS2022)

END.
