#
# A fatal error has been detected by the Java Runtime Environment:
#
#  EXCEPTION_ACCESS_VIOLATION (0xc0000005) at pc=0x00007ffe38d96834, pid=3496, tid=20580
#
# JRE version: Java(TM) SE Runtime Environment (21.0.1+12) (build 21.0.1+12-LTS-29)
# Java VM: Java HotSpot(TM) 64-Bit Server VM (21.0.1+12-LTS-29, mixed mode, sharing, tiered, compressed oops, compressed class ptrs, g1 gc, windows-amd64)
# Problematic frame:
# C  [jdwp.dll+0x26834]
#
# No core dump will be written. Minidumps are not enabled by default on client versions of Windows
#
# If you would like to submit a bug report, please visit:
#   https://bugreport.java.com/bugreport/crash.jsp
# The crash happened outside the Java Virtual Machine in native code.
# See problematic frame for where to report the bug.
#

---------------  S U M M A R Y ------------

Command Line: -agentlib:jdwp=transport=dt_socket,address=127.0.0.1:57241,suspend=y,server=n -javaagent:C:\Users\Vu\AppData\Local\JetBrains\IdeaIC2023.3\captureAgent\debugger-agent.jar -Dfile.encoding=UTF-8 -Dsun.stdout.encoding=UTF-8 -Dsun.stderr.encoding=UTF-8 main.Main

Host: 11th Gen Intel(R) Core(TM) i5-11400H @ 2.70GHz, 12 cores, 15G,  Windows 11 , 64 bit Build 22621 (10.0.22621.3235)
Time: Mon Mar  4 23:58:26 2024 SE Asia Standard Time elapsed time: 2.931407 seconds (0d 0h 0m 2s)

---------------  T H R E A D  ---------------

Current thread (0x00000270cb89cca0):  JavaThread "main"             [_thread_in_native, id=20580, stack(0x000000eab6d00000,0x000000eab6e00000) (1024K)]

Stack: [0x000000eab6d00000,0x000000eab6e00000],  sp=0x000000eab6dfe808,  free space=1018k
Native frames: (J=compiled Java code, j=interpreted, Vv=VM code, C=native code)
C  [jdwp.dll+0x26834]

Java frames: (J=compiled Java code, j=interpreted, Vv=VM code)
j  jdk.internal.reflect.MethodHandleAccessorFactory.newFieldAccessor(Ljava/lang/reflect/Field;Z)Ljdk/internal/reflect/FieldAccessorImpl;+170 java.base@21.0.1
j  jdk.internal.reflect.ReflectionFactory.newFieldAccessor(Ljava/lang/reflect/Field;Z)Ljdk/internal/reflect/FieldAccessor;+82 java.base@21.0.1
j  java.lang.reflect.Field.acquireFieldAccessor()Ljdk/internal/reflect/FieldAccessor;+35 java.base@21.0.1
j  java.lang.reflect.Field.getFieldAccessor()Ljdk/internal/reflect/FieldAccessor;+14 java.base@21.0.1
j  java.lang.reflect.Field.getInt(Ljava/lang/Object;)I+18 java.base@21.0.1
j  org.lwjgl.system.APIUtil.apiClassTokens(Ljava/util/function/BiPredicate;Ljava/util/Map;[Ljava/lang/Class;)Ljava/util/Map;+104
j  org.lwjgl.glfw.GLFWErrorCallback$1.<init>(Ljava/io/PrintStream;)V+25
j  org.lwjgl.glfw.GLFWErrorCallback.createPrint(Ljava/io/PrintStream;)Lorg/lwjgl/glfw/GLFWErrorCallback;+5
j  jade.Window.init()V+3
j  jade.Window.run()V+15
j  main.Main.main([Ljava/lang/String;)V+5
v  ~StubRoutines::call_stub 0x00000270dca210e7

siginfo: EXCEPTION_ACCESS_VIOLATION (0xc0000005), reading address 0xffffffffffffffff


Registers:
RAX=0x00000270f1633450, RBX=0x00000270ecd5e3f0, RCX=0x00000270cb89d058, RDX=0x00000270ecd5e3f0
RSP=0x000000eab6dfe808, RBP=0x0000000000000002, RSI=0x000000eab6dfe8b0, RDI=0x00000270cb89d058
R8 =0x0000000000010002, R9 =0x0000000000000000, R10=0x00007ffe5e420000, R11=0x000000eab6dfe7d8
R12=0x0000000000000007, R13=0x00000270cb7e9dd0, R14=0x00007ffe38da0200, R15=0x0000000000000000
RIP=0x00007ffe38d96834, EFLAGS=0x0000000000010206


Register to memory mapping:

RAX=0x00000270f1633450 points into unknown readable memory: 0x0000000000000000 | 00 00 00 00 00 00 00 00
RBX=0x00000270ecd5e3f0 points into unknown readable memory: 0x0000000713609c38 | 38 9c 60 13 07 00 00 00
RCX=0x00000270cb89d058 points into unknown readable memory: 0x00000270f1633450 | 50 34 63 f1 70 02 00 00
RDX=0x00000270ecd5e3f0 points into unknown readable memory: 0x0000000713609c38 | 38 9c 60 13 07 00 00 00
RSP=0x000000eab6dfe808 is pointing into the stack for thread: 0x00000270cb89cca0
RBP=0x0000000000000002 is an unknown value
RSI=0x000000eab6dfe8b0 is pointing into the stack for thread: 0x00000270cb89cca0
RDI=0x00000270cb89d058 points into unknown readable memory: 0x00000270f1633450 | 50 34 63 f1 70 02 00 00
R8 =0x0000000000010002 is an unknown value
R9 =0x0 is null
R10=0x00007ffe5e420000 VCRUNTIME140.dll
R11=0x000000eab6dfe7d8 is pointing into the stack for thread: 0x00000270cb89cca0
R12=0x0000000000000007 is an unknown value
R13=0x00000270cb7e9dd0 points into unknown readable memory: 0x00007ffdf3e15040 | 40 50 e1 f3 fd 7f 00 00
R14=0x00007ffe38da0200 jdwp.dll
R15=0x0 is null

Top of Stack: (sp=0x000000eab6dfe808)
0x000000eab6dfe808:   00007ffe38d860d7 00000270ecd5e3f0
0x000000eab6dfe818:   000000eab6dfe8b0 0000000000000000
0x000000eab6dfe828:   0000000000000000 0000000000000000
0x000000eab6dfe838:   00005806ebf5b843 00000270cb724f80
0x000000eab6dfe848:   00007ffe38da02d8 00000270ecd5e3f0
0x000000eab6dfe858:   00007ffe38d82757 00000270ecd5e3f0
0x000000eab6dfe868:   0000000000000002 00000270cb89d058
0x000000eab6dfe878:   00000270ecd5e3f8 00000039f1240000
0x000000eab6dfe888:   00000270810581a8 0000000000000000
0x000000eab6dfe898:   00000270801bbc98 000000eab6dfeb10
0x000000eab6dfe8a8:   000002708009cfb8 0000000000000007
0x000000eab6dfe8b8:   00000270ecd5e3f0 0000000000000000
0x000000eab6dfe8c8:   00000270ecd5e3f8 0000000000000000
0x000000eab6dfe8d8:   0000000000000000 0000000000000000
0x000000eab6dfe8e8:   0000000000000000 0000000000000000
0x000000eab6dfe8f8:   0000000000000000 0000000000000000
0x000000eab6dfe908:   00000270ecd5e3f0 00000270810581a8
0x000000eab6dfe918:   00007ffdf37d82a7 00000270ecd5e3f8
0x000000eab6dfe928:   00000270f113c7a0 00000270cb89cca0
0x000000eab6dfe938:   00007ffdf3820bb1 00000270cb724f30
0x000000eab6dfe948:   00000270cb89cca0 0000000000000000
0x000000eab6dfe958:   000000eab6dfea60 00000270810581a8
0x000000eab6dfe968:   00000270808558e2 00000270cb79b720
0x000000eab6dfe978:   00000270cb89d310 00000270cb89d320
0x000000eab6dfe988:   00000270cb89d6f8 00000000000003d8
0x000000eab6dfe998:   00000270cb89cca0 00000270cb89cca0
0x000000eab6dfe9a8:   00000270cb79b760 00000270cb721b20
0x000000eab6dfe9b8:   00000270cb721b30 00000270cb721c08
0x000000eab6dfe9c8:   00000000000000d8 000000eab6dfe9e0
0x000000eab6dfe9d8:   00007ffdf34dd511 00000270cb89cca0
0x000000eab6dfe9e8:   00000270cb79b760 00000270cb721b20
0x000000eab6dfe9f8:   00000270cb721b30 00000270cb721c08 

Instructions: (pc=0x00007ffe38d96834)
0x00007ffe38d96734:   05 c7 09 01 00 48 8b 03 48 8b d7 4d 8b 40 30 48
0x00007ffe38d96744:   8b cb 48 8b 5c 24 30 48 83 c4 20 5f 48 ff a0 00
0x00007ffe38d96754:   01 00 00 cc 48 89 5c 24 08 57 48 83 ec 20 48 8b
0x00007ffe38d96764:   f9 e8 f2 ea ff ff 4c 8b 05 8f 09 01 00 48 8b d8
0x00007ffe38d96774:   41 f6 80 10 02 00 00 02 74 33 41 b8 20 06 00 00
0x00007ffe38d96784:   48 8d 15 ad c3 00 00 48 8d 0d 72 5c 00 00 e8 d9
0x00007ffe38d96794:   48 ff ff 48 8d 15 ea 99 00 00 48 8d 0d 73 5c 00
0x00007ffe38d967a4:   00 e8 6e 49 ff ff 4c 8b 05 4f 09 01 00 48 8b 03
0x00007ffe38d967b4:   48 8b d7 4d 8b 40 38 48 8b cb 48 8b 5c 24 30 48
0x00007ffe38d967c4:   83 c4 20 5f 48 ff a0 00 01 00 00 cc 48 89 5c 24
0x00007ffe38d967d4:   08 57 48 83 ec 20 48 8b f9 e8 7a ea ff ff 48 8b
0x00007ffe38d967e4:   15 17 09 01 00 48 8b d8 f6 82 10 02 00 00 02 74
0x00007ffe38d967f4:   2c 41 b8 12 06 00 00 48 8d 15 36 c3 00 00 48 8d
0x00007ffe38d96804:   0d fb 5b 00 00 e8 62 48 ff ff 48 8d 15 db 6c 00
0x00007ffe38d96814:   00 48 8d 0d fc 5b 00 00 e8 f7 48 ff ff 48 8b 03
0x00007ffe38d96824:   48 8b d7 48 8b cb 48 8b 5c 24 30 48 83 c4 20 5f
0x00007ffe38d96834:   48 ff a0 50 07 00 00 cc 48 89 5c 24 08 48 89 74
0x00007ffe38d96844:   24 10 48 89 7c 24 18 41 56 48 83 ec 20 4c 63 f2
0x00007ffe38d96854:   49 8b d8 48 8b d1 41 8b f9 48 8b cb 4d 8d 46 ff
0x00007ffe38d96864:   ff 15 06 5a 00 00 85 c0 75 3c 41 0f be 44 1e ff
0x00007ffe38d96874:   3b c7 75 32 49 03 de eb 10 0f be c8 ff 15 da 59
0x00007ffe38d96884:   00 00 85 c0 74 09 48 ff c3 8a 03 84 c0 75 ea 80
0x00007ffe38d96894:   3b 3b 74 12 8b d7 48 8b cb e8 30 4b 00 00 48 85
0x00007ffe38d968a4:   c0 0f 94 c0 eb 02 32 c0 48 8b 5c 24 30 48 8b 74
0x00007ffe38d968b4:   24 38 48 8b 7c 24 40 48 83 c4 20 41 5e c3 cc cc
0x00007ffe38d968c4:   0f b6 d1 83 fa 1e 0f 87 83 00 00 00 74 7b 83 fa
0x00007ffe38d968d4:   07 77 41 74 39 83 ea 01 74 2e 83 ea 01 74 23 83
0x00007ffe38d968e4:   ea 01 74 18 83 ea 01 74 0d 83 fa 02 0f 85 8a 00
0x00007ffe38d968f4:   00 00 8d 42 03 c3 b8 04 00 00 00 c3 b8 03 00 00
0x00007ffe38d96904:   00 c3 b8 02 00 00 00 c3 b8 01 00 00 00 c3 b8 06
0x00007ffe38d96914:   00 00 00 c3 b8 08 00 00 00 2b d0 74 26 83 ea 01
0x00007ffe38d96924:   0f 84 88 00 00 00 83 ea 01 74 12 b8 0a 00 00 00 


Stack slot to memory mapping:

stack at sp + 0 slots: 0x00007ffe38d860d7 jdwp.dll
stack at sp + 1 slots: 0x00000270ecd5e3f0 points into unknown readable memory: 0x0000000713609c38 | 38 9c 60 13 07 00 00 00
stack at sp + 2 slots: 0x000000eab6dfe8b0 is pointing into the stack for thread: 0x00000270cb89cca0
stack at sp + 3 slots: 0x0 is null
stack at sp + 4 slots: 0x0 is null
stack at sp + 5 slots: 0x0 is null
stack at sp + 6 slots: 0x00005806ebf5b843 is an unknown value
stack at sp + 7 slots: 0x00000270cb724f80 points into unknown readable memory: 0x8000001200000001 | 01 00 00 00 12 00 00 80


---------------  P R O C E S S  ---------------

Threads class SMR info:
_java_thread_list=0x00000270f1365910, length=15, elements={
0x00000270cb89cca0, 0x00000270ecd7b960, 0x00000270ecd7c770, 0x00000270ecd7eeb0,
0x00000270ecd7fa00, 0x00000270ecd846a0, 0x00000270ecd85910, 0x00000270ecd9cbb0,
0x00000270ecd9e790, 0x00000270ecd88700, 0x00000270f11a49b0, 0x00000270f11a7480,
0x00000270f125e5d0, 0x00000270ecd86630, 0x00000270f15290a0
}

Java Threads: ( => current thread )
=>0x00000270cb89cca0 JavaThread "main"                              [_thread_in_native, id=20580, stack(0x000000eab6d00000,0x000000eab6e00000) (1024K)]
  0x00000270ecd7b960 JavaThread "Reference Handler"          daemon [_thread_blocked, id=10580, stack(0x000000eab7500000,0x000000eab7600000) (1024K)]
  0x00000270ecd7c770 JavaThread "Finalizer"                  daemon [_thread_blocked, id=21260, stack(0x000000eab7600000,0x000000eab7700000) (1024K)]
  0x00000270ecd7eeb0 JavaThread "Signal Dispatcher"          daemon [_thread_blocked, id=12332, stack(0x000000eab7700000,0x000000eab7800000) (1024K)]
  0x00000270ecd7fa00 JavaThread "Attach Listener"            daemon [_thread_blocked, id=12936, stack(0x000000eab7800000,0x000000eab7900000) (1024K)]
  0x00000270ecd846a0 JavaThread "Service Thread"             daemon [_thread_blocked, id=16108, stack(0x000000eab7900000,0x000000eab7a00000) (1024K)]
  0x00000270ecd85910 JavaThread "Monitor Deflation Thread"   daemon [_thread_blocked, id=15820, stack(0x000000eab7a00000,0x000000eab7b00000) (1024K)]
  0x00000270ecd9cbb0 JavaThread "C2 CompilerThread0"         daemon [_thread_blocked, id=9372, stack(0x000000eab7b00000,0x000000eab7c00000) (1024K)]
  0x00000270ecd9e790 JavaThread "C1 CompilerThread0"         daemon [_thread_blocked, id=10648, stack(0x000000eab7c00000,0x000000eab7d00000) (1024K)]
  0x00000270ecd88700 JavaThread "Common-Cleaner"             daemon [_thread_blocked, id=18764, stack(0x000000eab7d00000,0x000000eab7e00000) (1024K)]
  0x00000270f11a49b0 JavaThread "JDWP Transport Listener: dt_socket" daemon [_thread_blocked, id=19880, stack(0x000000eab7e00000,0x000000eab7f00000) (1024K)]
  0x00000270f11a7480 JavaThread "JDWP Event Helper Thread"   daemon [_thread_blocked, id=12992, stack(0x000000eab7f00000,0x000000eab8000000) (1024K)]
  0x00000270f125e5d0 JavaThread "JDWP Command Reader"        daemon [_thread_in_native, id=15868, stack(0x000000eab8000000,0x000000eab8100000) (1024K)]
  0x00000270ecd86630 JavaThread "Notification Thread"        daemon [_thread_blocked, id=5592, stack(0x000000eab8100000,0x000000eab8200000) (1024K)]
  0x00000270f15290a0 JavaThread "C2 CompilerThread1"         daemon [_thread_blocked, id=8280, stack(0x000000eab8200000,0x000000eab8300000) (1024K)]
Total: 15

Other Threads:
  0x00000270ecd5b4b0 VMThread "VM Thread"                           [id=2548, stack(0x000000eab7400000,0x000000eab7500000) (1024K)]
  0x00000270ecd41ee0 WatcherThread "VM Periodic Task Thread"        [id=13844, stack(0x000000eab7300000,0x000000eab7400000) (1024K)]
  0x00000270cb7ee750 WorkerThread "GC Thread#0"                     [id=8172, stack(0x000000eab6e00000,0x000000eab6f00000) (1024K)]
  0x00000270cb916a10 ConcurrentGCThread "G1 Main Marker"            [id=2388, stack(0x000000eab6f00000,0x000000eab7000000) (1024K)]
  0x00000270cb917410 WorkerThread "G1 Conc#0"                       [id=14036, stack(0x000000eab7000000,0x000000eab7100000) (1024K)]
  0x00000270cb95ea80 ConcurrentGCThread "G1 Refine#0"               [id=9832, stack(0x000000eab7100000,0x000000eab7200000) (1024K)]
  0x00000270ecc152b0 ConcurrentGCThread "G1 Service"                [id=7740, stack(0x000000eab7200000,0x000000eab7300000) (1024K)]
Total: 7

Threads with active compile tasks:
Total: 0

VM state: not at safepoint (normal execution)

VM Mutex/Monitor currently owned by a thread: None

Heap address: 0x0000000703a00000, size: 4038 MB, Compressed Oops mode: Zero based, Oop shift amount: 3

CDS archive(s) mapped at: [0x0000027080000000-0x0000027080c90000-0x0000027080c90000), size 13172736, SharedBaseAddress: 0x0000027080000000, ArchiveRelocationMode: 1.
Compressed class space mapped at: 0x0000027081000000-0x00000270c1000000, reserved size: 1073741824
Narrow klass base: 0x0000027080000000, Narrow klass shift: 0, Narrow klass range: 0x100000000

GC Precious Log:
 CardTable entry size: 512
 Card Set container configuration: InlinePtr #cards 4 size 8 Array Of Cards #cards 16 size 48 Howl #buckets 8 coarsen threshold 3686 Howl Bitmap #cards 512 size 80 coarsen threshold 460 Card regions per heap region 1 cards per card region 4096
 CPUs: 12 total, 12 available
 Memory: 16147M
 Large Page Support: Disabled
 NUMA Support: Disabled
 Compressed Oops: Enabled (Zero based)
 Heap Region Size: 2M
 Heap Min Capacity: 8M
 Heap Initial Capacity: 254M
 Heap Max Capacity: 4038M
 Pre-touch: Disabled
 Parallel Workers: 10
 Concurrent Workers: 3
 Concurrent Refinement Workers: 10
 Periodic GC: Disabled

Heap:
 garbage-first heap   total 260096K, used 8192K [0x0000000703a00000, 0x0000000800000000)
  region size 2048K, 5 young (10240K), 0 survivors (0K)
 Metaspace       used 2207K, committed 2432K, reserved 1114112K
  class space    used 174K, committed 256K, reserved 1048576K

Heap Regions: E=young(eden), S=young(survivor), O=old, HS=humongous(starts), HC=humongous(continues), CS=collection set, F=free, TAMS=top-at-mark-start, PB=parsable bottom
|   0|0x0000000703a00000, 0x0000000703a00000, 0x0000000703c00000|  0%| F|  |TAMS 0x0000000703a00000| PB 0x0000000703a00000| Untracked 
|   1|0x0000000703c00000, 0x0000000703c00000, 0x0000000703e00000|  0%| F|  |TAMS 0x0000000703c00000| PB 0x0000000703c00000| Untracked 
|   2|0x0000000703e00000, 0x0000000703e00000, 0x0000000704000000|  0%| F|  |TAMS 0x0000000703e00000| PB 0x0000000703e00000| Untracked 
|   3|0x0000000704000000, 0x0000000704000000, 0x0000000704200000|  0%| F|  |TAMS 0x0000000704000000| PB 0x0000000704000000| Untracked 
|   4|0x0000000704200000, 0x0000000704200000, 0x0000000704400000|  0%| F|  |TAMS 0x0000000704200000| PB 0x0000000704200000| Untracked 
|   5|0x0000000704400000, 0x0000000704400000, 0x0000000704600000|  0%| F|  |TAMS 0x0000000704400000| PB 0x0000000704400000| Untracked 
|   6|0x0000000704600000, 0x0000000704600000, 0x0000000704800000|  0%| F|  |TAMS 0x0000000704600000| PB 0x0000000704600000| Untracked 
|   7|0x0000000704800000, 0x0000000704800000, 0x0000000704a00000|  0%| F|  |TAMS 0x0000000704800000| PB 0x0000000704800000| Untracked 
|   8|0x0000000704a00000, 0x0000000704a00000, 0x0000000704c00000|  0%| F|  |TAMS 0x0000000704a00000| PB 0x0000000704a00000| Untracked 
|   9|0x0000000704c00000, 0x0000000704c00000, 0x0000000704e00000|  0%| F|  |TAMS 0x0000000704c00000| PB 0x0000000704c00000| Untracked 
|  10|0x0000000704e00000, 0x0000000704e00000, 0x0000000705000000|  0%| F|  |TAMS 0x0000000704e00000| PB 0x0000000704e00000| Untracked 
|  11|0x0000000705000000, 0x0000000705000000, 0x0000000705200000|  0%| F|  |TAMS 0x0000000705000000| PB 0x0000000705000000| Untracked 
|  12|0x0000000705200000, 0x0000000705200000, 0x0000000705400000|  0%| F|  |TAMS 0x0000000705200000| PB 0x0000000705200000| Untracked 
|  13|0x0000000705400000, 0x0000000705400000, 0x0000000705600000|  0%| F|  |TAMS 0x0000000705400000| PB 0x0000000705400000| Untracked 
|  14|0x0000000705600000, 0x0000000705600000, 0x0000000705800000|  0%| F|  |TAMS 0x0000000705600000| PB 0x0000000705600000| Untracked 
|  15|0x0000000705800000, 0x0000000705800000, 0x0000000705a00000|  0%| F|  |TAMS 0x0000000705800000| PB 0x0000000705800000| Untracked 
|  16|0x0000000705a00000, 0x0000000705a00000, 0x0000000705c00000|  0%| F|  |TAMS 0x0000000705a00000| PB 0x0000000705a00000| Untracked 
|  17|0x0000000705c00000, 0x0000000705c00000, 0x0000000705e00000|  0%| F|  |TAMS 0x0000000705c00000| PB 0x0000000705c00000| Untracked 
|  18|0x0000000705e00000, 0x0000000705e00000, 0x0000000706000000|  0%| F|  |TAMS 0x0000000705e00000| PB 0x0000000705e00000| Untracked 
|  19|0x0000000706000000, 0x0000000706000000, 0x0000000706200000|  0%| F|  |TAMS 0x0000000706000000| PB 0x0000000706000000| Untracked 
|  20|0x0000000706200000, 0x0000000706200000, 0x0000000706400000|  0%| F|  |TAMS 0x0000000706200000| PB 0x0000000706200000| Untracked 
|  21|0x0000000706400000, 0x0000000706400000, 0x0000000706600000|  0%| F|  |TAMS 0x0000000706400000| PB 0x0000000706400000| Untracked 
|  22|0x0000000706600000, 0x0000000706600000, 0x0000000706800000|  0%| F|  |TAMS 0x0000000706600000| PB 0x0000000706600000| Untracked 
|  23|0x0000000706800000, 0x0000000706800000, 0x0000000706a00000|  0%| F|  |TAMS 0x0000000706800000| PB 0x0000000706800000| Untracked 
|  24|0x0000000706a00000, 0x0000000706a00000, 0x0000000706c00000|  0%| F|  |TAMS 0x0000000706a00000| PB 0x0000000706a00000| Untracked 
|  25|0x0000000706c00000, 0x0000000706c00000, 0x0000000706e00000|  0%| F|  |TAMS 0x0000000706c00000| PB 0x0000000706c00000| Untracked 
|  26|0x0000000706e00000, 0x0000000706e00000, 0x0000000707000000|  0%| F|  |TAMS 0x0000000706e00000| PB 0x0000000706e00000| Untracked 
|  27|0x0000000707000000, 0x0000000707000000, 0x0000000707200000|  0%| F|  |TAMS 0x0000000707000000| PB 0x0000000707000000| Untracked 
|  28|0x0000000707200000, 0x0000000707200000, 0x0000000707400000|  0%| F|  |TAMS 0x0000000707200000| PB 0x0000000707200000| Untracked 
|  29|0x0000000707400000, 0x0000000707400000, 0x0000000707600000|  0%| F|  |TAMS 0x0000000707400000| PB 0x0000000707400000| Untracked 
|  30|0x0000000707600000, 0x0000000707600000, 0x0000000707800000|  0%| F|  |TAMS 0x0000000707600000| PB 0x0000000707600000| Untracked 
|  31|0x0000000707800000, 0x0000000707800000, 0x0000000707a00000|  0%| F|  |TAMS 0x0000000707800000| PB 0x0000000707800000| Untracked 
|  32|0x0000000707a00000, 0x0000000707a00000, 0x0000000707c00000|  0%| F|  |TAMS 0x0000000707a00000| PB 0x0000000707a00000| Untracked 
|  33|0x0000000707c00000, 0x0000000707c00000, 0x0000000707e00000|  0%| F|  |TAMS 0x0000000707c00000| PB 0x0000000707c00000| Untracked 
|  34|0x0000000707e00000, 0x0000000707e00000, 0x0000000708000000|  0%| F|  |TAMS 0x0000000707e00000| PB 0x0000000707e00000| Untracked 
|  35|0x0000000708000000, 0x0000000708000000, 0x0000000708200000|  0%| F|  |TAMS 0x0000000708000000| PB 0x0000000708000000| Untracked 
|  36|0x0000000708200000, 0x0000000708200000, 0x0000000708400000|  0%| F|  |TAMS 0x0000000708200000| PB 0x0000000708200000| Untracked 
|  37|0x0000000708400000, 0x0000000708400000, 0x0000000708600000|  0%| F|  |TAMS 0x0000000708400000| PB 0x0000000708400000| Untracked 
|  38|0x0000000708600000, 0x0000000708600000, 0x0000000708800000|  0%| F|  |TAMS 0x0000000708600000| PB 0x0000000708600000| Untracked 
|  39|0x0000000708800000, 0x0000000708800000, 0x0000000708a00000|  0%| F|  |TAMS 0x0000000708800000| PB 0x0000000708800000| Untracked 
|  40|0x0000000708a00000, 0x0000000708a00000, 0x0000000708c00000|  0%| F|  |TAMS 0x0000000708a00000| PB 0x0000000708a00000| Untracked 
|  41|0x0000000708c00000, 0x0000000708c00000, 0x0000000708e00000|  0%| F|  |TAMS 0x0000000708c00000| PB 0x0000000708c00000| Untracked 
|  42|0x0000000708e00000, 0x0000000708e00000, 0x0000000709000000|  0%| F|  |TAMS 0x0000000708e00000| PB 0x0000000708e00000| Untracked 
|  43|0x0000000709000000, 0x0000000709000000, 0x0000000709200000|  0%| F|  |TAMS 0x0000000709000000| PB 0x0000000709000000| Untracked 
|  44|0x0000000709200000, 0x0000000709200000, 0x0000000709400000|  0%| F|  |TAMS 0x0000000709200000| PB 0x0000000709200000| Untracked 
|  45|0x0000000709400000, 0x0000000709400000, 0x0000000709600000|  0%| F|  |TAMS 0x0000000709400000| PB 0x0000000709400000| Untracked 
|  46|0x0000000709600000, 0x0000000709600000, 0x0000000709800000|  0%| F|  |TAMS 0x0000000709600000| PB 0x0000000709600000| Untracked 
|  47|0x0000000709800000, 0x0000000709800000, 0x0000000709a00000|  0%| F|  |TAMS 0x0000000709800000| PB 0x0000000709800000| Untracked 
|  48|0x0000000709a00000, 0x0000000709a00000, 0x0000000709c00000|  0%| F|  |TAMS 0x0000000709a00000| PB 0x0000000709a00000| Untracked 
|  49|0x0000000709c00000, 0x0000000709c00000, 0x0000000709e00000|  0%| F|  |TAMS 0x0000000709c00000| PB 0x0000000709c00000| Untracked 
|  50|0x0000000709e00000, 0x0000000709e00000, 0x000000070a000000|  0%| F|  |TAMS 0x0000000709e00000| PB 0x0000000709e00000| Untracked 
|  51|0x000000070a000000, 0x000000070a000000, 0x000000070a200000|  0%| F|  |TAMS 0x000000070a000000| PB 0x000000070a000000| Untracked 
|  52|0x000000070a200000, 0x000000070a200000, 0x000000070a400000|  0%| F|  |TAMS 0x000000070a200000| PB 0x000000070a200000| Untracked 
|  53|0x000000070a400000, 0x000000070a400000, 0x000000070a600000|  0%| F|  |TAMS 0x000000070a400000| PB 0x000000070a400000| Untracked 
|  54|0x000000070a600000, 0x000000070a600000, 0x000000070a800000|  0%| F|  |TAMS 0x000000070a600000| PB 0x000000070a600000| Untracked 
|  55|0x000000070a800000, 0x000000070a800000, 0x000000070aa00000|  0%| F|  |TAMS 0x000000070a800000| PB 0x000000070a800000| Untracked 
|  56|0x000000070aa00000, 0x000000070aa00000, 0x000000070ac00000|  0%| F|  |TAMS 0x000000070aa00000| PB 0x000000070aa00000| Untracked 
|  57|0x000000070ac00000, 0x000000070ac00000, 0x000000070ae00000|  0%| F|  |TAMS 0x000000070ac00000| PB 0x000000070ac00000| Untracked 
|  58|0x000000070ae00000, 0x000000070ae00000, 0x000000070b000000|  0%| F|  |TAMS 0x000000070ae00000| PB 0x000000070ae00000| Untracked 
|  59|0x000000070b000000, 0x000000070b000000, 0x000000070b200000|  0%| F|  |TAMS 0x000000070b000000| PB 0x000000070b000000| Untracked 
|  60|0x000000070b200000, 0x000000070b200000, 0x000000070b400000|  0%| F|  |TAMS 0x000000070b200000| PB 0x000000070b200000| Untracked 
|  61|0x000000070b400000, 0x000000070b400000, 0x000000070b600000|  0%| F|  |TAMS 0x000000070b400000| PB 0x000000070b400000| Untracked 
|  62|0x000000070b600000, 0x000000070b600000, 0x000000070b800000|  0%| F|  |TAMS 0x000000070b600000| PB 0x000000070b600000| Untracked 
|  63|0x000000070b800000, 0x000000070b800000, 0x000000070ba00000|  0%| F|  |TAMS 0x000000070b800000| PB 0x000000070b800000| Untracked 
|  64|0x000000070ba00000, 0x000000070ba00000, 0x000000070bc00000|  0%| F|  |TAMS 0x000000070ba00000| PB 0x000000070ba00000| Untracked 
|  65|0x000000070bc00000, 0x000000070bc00000, 0x000000070be00000|  0%| F|  |TAMS 0x000000070bc00000| PB 0x000000070bc00000| Untracked 
|  66|0x000000070be00000, 0x000000070be00000, 0x000000070c000000|  0%| F|  |TAMS 0x000000070be00000| PB 0x000000070be00000| Untracked 
|  67|0x000000070c000000, 0x000000070c000000, 0x000000070c200000|  0%| F|  |TAMS 0x000000070c000000| PB 0x000000070c000000| Untracked 
|  68|0x000000070c200000, 0x000000070c200000, 0x000000070c400000|  0%| F|  |TAMS 0x000000070c200000| PB 0x000000070c200000| Untracked 
|  69|0x000000070c400000, 0x000000070c400000, 0x000000070c600000|  0%| F|  |TAMS 0x000000070c400000| PB 0x000000070c400000| Untracked 
|  70|0x000000070c600000, 0x000000070c600000, 0x000000070c800000|  0%| F|  |TAMS 0x000000070c600000| PB 0x000000070c600000| Untracked 
|  71|0x000000070c800000, 0x000000070c800000, 0x000000070ca00000|  0%| F|  |TAMS 0x000000070c800000| PB 0x000000070c800000| Untracked 
|  72|0x000000070ca00000, 0x000000070ca00000, 0x000000070cc00000|  0%| F|  |TAMS 0x000000070ca00000| PB 0x000000070ca00000| Untracked 
|  73|0x000000070cc00000, 0x000000070cc00000, 0x000000070ce00000|  0%| F|  |TAMS 0x000000070cc00000| PB 0x000000070cc00000| Untracked 
|  74|0x000000070ce00000, 0x000000070ce00000, 0x000000070d000000|  0%| F|  |TAMS 0x000000070ce00000| PB 0x000000070ce00000| Untracked 
|  75|0x000000070d000000, 0x000000070d000000, 0x000000070d200000|  0%| F|  |TAMS 0x000000070d000000| PB 0x000000070d000000| Untracked 
|  76|0x000000070d200000, 0x000000070d200000, 0x000000070d400000|  0%| F|  |TAMS 0x000000070d200000| PB 0x000000070d200000| Untracked 
|  77|0x000000070d400000, 0x000000070d400000, 0x000000070d600000|  0%| F|  |TAMS 0x000000070d400000| PB 0x000000070d400000| Untracked 
|  78|0x000000070d600000, 0x000000070d600000, 0x000000070d800000|  0%| F|  |TAMS 0x000000070d600000| PB 0x000000070d600000| Untracked 
|  79|0x000000070d800000, 0x000000070d800000, 0x000000070da00000|  0%| F|  |TAMS 0x000000070d800000| PB 0x000000070d800000| Untracked 
|  80|0x000000070da00000, 0x000000070da00000, 0x000000070dc00000|  0%| F|  |TAMS 0x000000070da00000| PB 0x000000070da00000| Untracked 
|  81|0x000000070dc00000, 0x000000070dc00000, 0x000000070de00000|  0%| F|  |TAMS 0x000000070dc00000| PB 0x000000070dc00000| Untracked 
|  82|0x000000070de00000, 0x000000070de00000, 0x000000070e000000|  0%| F|  |TAMS 0x000000070de00000| PB 0x000000070de00000| Untracked 
|  83|0x000000070e000000, 0x000000070e000000, 0x000000070e200000|  0%| F|  |TAMS 0x000000070e000000| PB 0x000000070e000000| Untracked 
|  84|0x000000070e200000, 0x000000070e200000, 0x000000070e400000|  0%| F|  |TAMS 0x000000070e200000| PB 0x000000070e200000| Untracked 
|  85|0x000000070e400000, 0x000000070e400000, 0x000000070e600000|  0%| F|  |TAMS 0x000000070e400000| PB 0x000000070e400000| Untracked 
|  86|0x000000070e600000, 0x000000070e600000, 0x000000070e800000|  0%| F|  |TAMS 0x000000070e600000| PB 0x000000070e600000| Untracked 
|  87|0x000000070e800000, 0x000000070e800000, 0x000000070ea00000|  0%| F|  |TAMS 0x000000070e800000| PB 0x000000070e800000| Untracked 
|  88|0x000000070ea00000, 0x000000070ea00000, 0x000000070ec00000|  0%| F|  |TAMS 0x000000070ea00000| PB 0x000000070ea00000| Untracked 
|  89|0x000000070ec00000, 0x000000070ec00000, 0x000000070ee00000|  0%| F|  |TAMS 0x000000070ec00000| PB 0x000000070ec00000| Untracked 
|  90|0x000000070ee00000, 0x000000070ee00000, 0x000000070f000000|  0%| F|  |TAMS 0x000000070ee00000| PB 0x000000070ee00000| Untracked 
|  91|0x000000070f000000, 0x000000070f000000, 0x000000070f200000|  0%| F|  |TAMS 0x000000070f000000| PB 0x000000070f000000| Untracked 
|  92|0x000000070f200000, 0x000000070f200000, 0x000000070f400000|  0%| F|  |TAMS 0x000000070f200000| PB 0x000000070f200000| Untracked 
|  93|0x000000070f400000, 0x000000070f400000, 0x000000070f600000|  0%| F|  |TAMS 0x000000070f400000| PB 0x000000070f400000| Untracked 
|  94|0x000000070f600000, 0x000000070f600000, 0x000000070f800000|  0%| F|  |TAMS 0x000000070f600000| PB 0x000000070f600000| Untracked 
|  95|0x000000070f800000, 0x000000070f800000, 0x000000070fa00000|  0%| F|  |TAMS 0x000000070f800000| PB 0x000000070f800000| Untracked 
|  96|0x000000070fa00000, 0x000000070fa00000, 0x000000070fc00000|  0%| F|  |TAMS 0x000000070fa00000| PB 0x000000070fa00000| Untracked 
|  97|0x000000070fc00000, 0x000000070fc00000, 0x000000070fe00000|  0%| F|  |TAMS 0x000000070fc00000| PB 0x000000070fc00000| Untracked 
|  98|0x000000070fe00000, 0x000000070fe00000, 0x0000000710000000|  0%| F|  |TAMS 0x000000070fe00000| PB 0x000000070fe00000| Untracked 
|  99|0x0000000710000000, 0x0000000710000000, 0x0000000710200000|  0%| F|  |TAMS 0x0000000710000000| PB 0x0000000710000000| Untracked 
| 100|0x0000000710200000, 0x0000000710200000, 0x0000000710400000|  0%| F|  |TAMS 0x0000000710200000| PB 0x0000000710200000| Untracked 
| 101|0x0000000710400000, 0x0000000710400000, 0x0000000710600000|  0%| F|  |TAMS 0x0000000710400000| PB 0x0000000710400000| Untracked 
| 102|0x0000000710600000, 0x0000000710600000, 0x0000000710800000|  0%| F|  |TAMS 0x0000000710600000| PB 0x0000000710600000| Untracked 
| 103|0x0000000710800000, 0x0000000710800000, 0x0000000710a00000|  0%| F|  |TAMS 0x0000000710800000| PB 0x0000000710800000| Untracked 
| 104|0x0000000710a00000, 0x0000000710a00000, 0x0000000710c00000|  0%| F|  |TAMS 0x0000000710a00000| PB 0x0000000710a00000| Untracked 
| 105|0x0000000710c00000, 0x0000000710c00000, 0x0000000710e00000|  0%| F|  |TAMS 0x0000000710c00000| PB 0x0000000710c00000| Untracked 
| 106|0x0000000710e00000, 0x0000000710e00000, 0x0000000711000000|  0%| F|  |TAMS 0x0000000710e00000| PB 0x0000000710e00000| Untracked 
| 107|0x0000000711000000, 0x0000000711000000, 0x0000000711200000|  0%| F|  |TAMS 0x0000000711000000| PB 0x0000000711000000| Untracked 
| 108|0x0000000711200000, 0x0000000711200000, 0x0000000711400000|  0%| F|  |TAMS 0x0000000711200000| PB 0x0000000711200000| Untracked 
| 109|0x0000000711400000, 0x0000000711400000, 0x0000000711600000|  0%| F|  |TAMS 0x0000000711400000| PB 0x0000000711400000| Untracked 
| 110|0x0000000711600000, 0x0000000711600000, 0x0000000711800000|  0%| F|  |TAMS 0x0000000711600000| PB 0x0000000711600000| Untracked 
| 111|0x0000000711800000, 0x0000000711800000, 0x0000000711a00000|  0%| F|  |TAMS 0x0000000711800000| PB 0x0000000711800000| Untracked 
| 112|0x0000000711a00000, 0x0000000711a00000, 0x0000000711c00000|  0%| F|  |TAMS 0x0000000711a00000| PB 0x0000000711a00000| Untracked 
| 113|0x0000000711c00000, 0x0000000711c00000, 0x0000000711e00000|  0%| F|  |TAMS 0x0000000711c00000| PB 0x0000000711c00000| Untracked 
| 114|0x0000000711e00000, 0x0000000711e00000, 0x0000000712000000|  0%| F|  |TAMS 0x0000000711e00000| PB 0x0000000711e00000| Untracked 
| 115|0x0000000712000000, 0x0000000712000000, 0x0000000712200000|  0%| F|  |TAMS 0x0000000712000000| PB 0x0000000712000000| Untracked 
| 116|0x0000000712200000, 0x0000000712200000, 0x0000000712400000|  0%| F|  |TAMS 0x0000000712200000| PB 0x0000000712200000| Untracked 
| 117|0x0000000712400000, 0x0000000712400000, 0x0000000712600000|  0%| F|  |TAMS 0x0000000712400000| PB 0x0000000712400000| Untracked 
| 118|0x0000000712600000, 0x0000000712600000, 0x0000000712800000|  0%| F|  |TAMS 0x0000000712600000| PB 0x0000000712600000| Untracked 
| 119|0x0000000712800000, 0x0000000712800000, 0x0000000712a00000|  0%| F|  |TAMS 0x0000000712800000| PB 0x0000000712800000| Untracked 
| 120|0x0000000712a00000, 0x0000000712a00000, 0x0000000712c00000|  0%| F|  |TAMS 0x0000000712a00000| PB 0x0000000712a00000| Untracked 
| 121|0x0000000712c00000, 0x0000000712c00000, 0x0000000712e00000|  0%| F|  |TAMS 0x0000000712c00000| PB 0x0000000712c00000| Untracked 
| 122|0x0000000712e00000, 0x0000000712fe2620, 0x0000000713000000| 94%| E|  |TAMS 0x0000000712e00000| PB 0x0000000712e00000| Complete 
| 123|0x0000000713000000, 0x0000000713200000, 0x0000000713200000|100%| E|CS|TAMS 0x0000000713000000| PB 0x0000000713000000| Complete 
| 124|0x0000000713200000, 0x0000000713400000, 0x0000000713400000|100%| E|CS|TAMS 0x0000000713200000| PB 0x0000000713200000| Complete 
| 125|0x0000000713400000, 0x0000000713600000, 0x0000000713600000|100%| E|CS|TAMS 0x0000000713400000| PB 0x0000000713400000| Complete 
| 126|0x0000000713600000, 0x0000000713800000, 0x0000000713800000|100%| E|CS|TAMS 0x0000000713600000| PB 0x0000000713600000| Complete 

Card table byte_map: [0x00000270e5970000,0x00000270e6160000] _byte_map_base: 0x00000270e2153000

Marking Bits: (CMBitMap*) 0x00000270cb906570
 Bits: [0x00000270e6160000, 0x00000270ea078000)

Polling page: 0x00000270cb6e0000

Metaspace:

Usage:
  Non-class:      1.99 MB used.
      Class:    174.43 KB used.
       Both:      2.16 MB used.

Virtual space:
  Non-class space:       64.00 MB reserved,       2.12 MB (  3%) committed,  1 nodes.
      Class space:        1.00 GB reserved,     256.00 KB ( <1%) committed,  1 nodes.
             Both:        1.06 GB reserved,       2.38 MB ( <1%) committed. 

Chunk freelists:
   Non-Class:  11.30 MB
       Class:  15.64 MB
        Both:  26.94 MB

MaxMetaspaceSize: unlimited
CompressedClassSpaceSize: 1.00 GB
Initial GC threshold: 21.00 MB
Current GC threshold: 21.00 MB
CDS: on
 - commit_granule_bytes: 65536.
 - commit_granule_words: 8192.
 - virtual_space_node_default_size: 8388608.
 - enlarge_chunks_in_place: 1.
 - use_allocation_guard: 0.


Internal statistics:

num_allocs_failed_limit: 0.
num_arena_births: 90.
num_arena_deaths: 0.
num_vsnodes_births: 2.
num_vsnodes_deaths: 0.
num_space_committed: 38.
num_space_uncommitted: 0.
num_chunks_returned_to_freelist: 0.
num_chunks_taken_from_freelist: 136.
num_chunk_merges: 0.
num_chunk_splits: 90.
num_chunks_enlarged: 53.
num_inconsistent_stats: 0.

CodeHeap 'non-profiled nmethods': size=120000Kb used=200Kb max_used=200Kb free=119799Kb
 bounds [0x00000270dcfc0000, 0x00000270dd230000, 0x00000270e44f0000]
CodeHeap 'profiled nmethods': size=120000Kb used=858Kb max_used=858Kb free=119141Kb
 bounds [0x00000270d54f0000, 0x00000270d5760000, 0x00000270dca20000]
CodeHeap 'non-nmethods': size=5760Kb used=1531Kb max_used=1545Kb free=4228Kb
 bounds [0x00000270dca20000, 0x00000270dcc90000, 0x00000270dcfc0000]
 total_blobs=1034 nmethods=587 adapters=352
 compilation: enabled
              stopped_count=0, restarted_count=0
 full_count=0

Compilation events (20 events):
Event: 2.913 Thread 0x00000270ecd9e790  580       3       java.lang.ThreadLocal$ThreadLocalMap::getEntry (42 bytes)
Event: 2.914 Thread 0x00000270ecd9e790 nmethod 580 0x00000270d55c2490 code [0x00000270d55c2660, 0x00000270d55c2a50]
Event: 2.914 Thread 0x00000270ecd9e790  578       3       jdk.internal.misc.Unsafe::checkPrimitivePointer (19 bytes)
Event: 2.914 Thread 0x00000270ecd9e790 nmethod 578 0x00000270d55c2c10 code [0x00000270d55c2e20, 0x00000270d55c3468]
Event: 2.914 Thread 0x00000270ecd9e790  579       3       jdk.internal.misc.Unsafe::checkPointer (19 bytes)
Event: 2.914 Thread 0x00000270ecd9e790 nmethod 579 0x00000270d55c3710 code [0x00000270d55c38e0, 0x00000270d55c3ca8]
Event: 2.914 Thread 0x00000270ecd9e790  581       3       java.lang.ThreadLocal::get (35 bytes)
Event: 2.914 Thread 0x00000270ecd9e790 nmethod 581 0x00000270d55c3e10 code [0x00000270d55c3fe0, 0x00000270d55c4330]
Event: 2.917 Thread 0x00000270ecd9e790  582       1       java.security.CodeSource::getLocation (5 bytes)
Event: 2.918 Thread 0x00000270ecd9e790 nmethod 582 0x00000270dcff1e90 code [0x00000270dcff2020, 0x00000270dcff20f0]
Event: 2.923 Thread 0x00000270ecd9e790  583       3       jdk.internal.jimage.ImageStringsReader::hashCode (33 bytes)
Event: 2.923 Thread 0x00000270ecd9e790 nmethod 583 0x00000270d55c4490 code [0x00000270d55c4640, 0x00000270d55c47c0]
Event: 2.923 Thread 0x00000270ecd9e790  584   !   3       java.nio.DirectIntBufferU::get (34 bytes)
Event: 2.924 Thread 0x00000270ecd9e790 nmethod 584 0x00000270d55c4890 code [0x00000270d55c4b00, 0x00000270d55c5498]
Event: 2.924 Thread 0x00000270ecd9e790  585       3       java.nio.DirectIntBufferU::ix (10 bytes)
Event: 2.924 Thread 0x00000270ecd9e790 nmethod 585 0x00000270d55c5990 code [0x00000270d55c5b20, 0x00000270d55c5c40]
Event: 2.924 Thread 0x00000270ecd9e790  586   !   3       jdk.internal.misc.ScopedMemoryAccess::getInt (16 bytes)
Event: 2.924 Thread 0x00000270ecd9e790 nmethod 586 0x00000270d55c5d10 code [0x00000270d55c5f00, 0x00000270d55c6310]
Event: 2.924 Thread 0x00000270ecd9e790  587   !   3       jdk.internal.misc.ScopedMemoryAccess::getIntInternal (34 bytes)
Event: 2.924 Thread 0x00000270ecd9e790 nmethod 587 0x00000270d55c6590 code [0x00000270d55c6760, 0x00000270d55c6a08]

GC Heap History (0 events):
No events

Dll operation events (9 events):
Event: 0.102 Loaded shared library D:\jdk-21.0.1\bin\java.dll
Event: 0.104 Loaded shared library D:\jdk-21.0.1\bin\zip.dll
Event: 0.183 Loaded shared library D:\jdk-21.0.1\bin\jsvml.dll
Event: 2.126 Loaded shared library D:\jdk-21.0.1\bin\instrument.dll
Event: 2.516 Loaded shared library D:\jdk-21.0.1\bin\net.dll
Event: 2.519 Loaded shared library D:\jdk-21.0.1\bin\nio.dll
Event: 2.556 Loaded shared library D:\jdk-21.0.1\bin\zip.dll
Event: 2.764 Loaded shared library D:\jdk-21.0.1\bin\jimage.dll
Event: 2.823 Loaded shared library C:\Users\Vu\AppData\Local\Temp\lwjglVu\3.3.1-build-7\lwjgl.dll

Deoptimization events (14 events):
Event: 2.169 Thread 0x00000270cb89cca0 Uncommon trap: trap_request=0xffffff45 fr.pc=0x00000270dcfd3090 relative=0x0000000000000070
Event: 2.169 Thread 0x00000270cb89cca0 Uncommon trap: reason=unstable_if action=reinterpret pc=0x00000270dcfd3090 method=java.lang.String.isLatin1()Z @ 10 c2
Event: 2.169 Thread 0x00000270cb89cca0 DEOPT PACKING pc=0x00000270dcfd3090 sp=0x000000eab6dfe700
Event: 2.169 Thread 0x00000270cb89cca0 DEOPT UNPACKING pc=0x00000270dca77da2 sp=0x000000eab6dfe6a0 mode 2
Event: 2.170 Thread 0x00000270cb89cca0 Uncommon trap: trap_request=0xffffff45 fr.pc=0x00000270dcfd01fc relative=0x00000000000000dc
Event: 2.170 Thread 0x00000270cb89cca0 Uncommon trap: reason=unstable_if action=reinterpret pc=0x00000270dcfd01fc method=java.lang.String.isLatin1()Z @ 10 c2
Event: 2.170 Thread 0x00000270cb89cca0 DEOPT PACKING pc=0x00000270dcfd01fc sp=0x000000eab6dff220
Event: 2.170 Thread 0x00000270cb89cca0 DEOPT UNPACKING pc=0x00000270dca77da2 sp=0x000000eab6dff170 mode 2
Event: 2.749 Thread 0x00000270cb89cca0 DEOPT PACKING pc=0x00000270d550131c sp=0x000000eab6dfad50
Event: 2.749 Thread 0x00000270cb89cca0 DEOPT UNPACKING pc=0x00000270dca788e2 sp=0x000000eab6dfa170 mode 0
Event: 2.855 Thread 0x00000270cb89cca0 Uncommon trap: trap_request=0xffffff45 fr.pc=0x00000270dcfdf3e0 relative=0x00000000000001a0
Event: 2.855 Thread 0x00000270cb89cca0 Uncommon trap: reason=unstable_if action=reinterpret pc=0x00000270dcfdf3e0 method=java.util.zip.ZipFile$Source.isMetaName([BII)Z @ 57 c2
Event: 2.855 Thread 0x00000270cb89cca0 DEOPT PACKING pc=0x00000270dcfdf3e0 sp=0x000000eab6dfaf90
Event: 2.855 Thread 0x00000270cb89cca0 DEOPT UNPACKING pc=0x00000270dca77da2 sp=0x000000eab6dfaf38 mode 2

Classes loaded (20 events):
Event: 2.900 Loading class org/lwjgl/glfw/GLFW
Event: 2.900 Loading class org/lwjgl/glfw/GLFW done
Event: 2.904 Loading class org/lwjgl/glfw/GLFWImage$Buffer
Event: 2.904 Loading class org/lwjgl/glfw/GLFWImage$Buffer done
Event: 2.905 Loading class org/lwjgl/system/StructBuffer
Event: 2.905 Loading class org/lwjgl/system/StructBuffer done
Event: 2.915 Loading class org/lwjgl/system/APIUtil$1
Event: 2.915 Loading class org/lwjgl/system/APIUtil$1 done
Event: 2.916 Loading class java/lang/NoSuchFieldError
Event: 2.916 Loading class java/lang/NoSuchFieldError done
Event: 2.916 Loading class org/lwjgl/system/windows/WindowsLibrary
Event: 2.916 Loading class org/lwjgl/system/windows/WindowsLibrary done
Event: 2.918 Loading class org/lwjgl/system/SharedLibrary$Default
Event: 2.918 Loading class org/lwjgl/system/SharedLibrary$Default done
Event: 2.919 Loading class org/lwjgl/system/windows/WinBase
Event: 2.919 Loading class org/lwjgl/system/windows/WinBase done
Event: 2.920 Loading class org/lwjgl/system/ThreadLocalUtil
Event: 2.920 Loading class org/lwjgl/system/ThreadLocalUtil done
Event: 2.924 Loading class jdk/internal/reflect/MethodHandleIntegerFieldAccessorImpl
Event: 2.924 Loading class jdk/internal/reflect/MethodHandleIntegerFieldAccessorImpl done

Classes unloaded (0 events):
No events

Classes redefined (0 events):
No events

Internal exceptions (19 events):
Event: 2.130 Thread 0x00000270cb89cca0 Exception <a 'java/lang/NoSuchMethodError'{0x00000007134f67f0}: 'void java.lang.invoke.DirectMethodHandle$Holder.invokeStatic(java.lang.Object, java.lang.Object, java.lang.Object)'> (0x00000007134f67f0) 
thrown [s\open\src\hotspot\share\interpreter\linkResolver.cpp, line 773]
Event: 2.149 Thread 0x00000270cb89cca0 Exception <a 'java/lang/NoSuchMethodError'{0x000000071350dcf8}: 'java.lang.Object java.lang.invoke.Invokers$Holder.invokeExact_MT(java.lang.Object, java.lang.Object, java.lang.Object, java.lang.Object, java.lang.Object)'> (0x000000071350dcf8) 
thrown [s\open\src\hotspot\share\interpreter\linkResolver.cpp, line 773]
Event: 2.721 Thread 0x00000270cb89cca0 Exception <a 'java/lang/NoSuchMethodError'{0x00000007130c9b40}: 'void java.lang.invoke.DirectMethodHandle$Holder.invokeStatic(java.lang.Object, java.lang.Object)'> (0x00000007130c9b40) 
thrown [s\open\src\hotspot\share\interpreter\linkResolver.cpp, line 773]
Event: 2.723 Thread 0x00000270cb89cca0 Exception <a 'java/lang/NoSuchMethodError'{0x00000007130d41a8}: 'void java.lang.System.load(java.lang.String, java.lang.Class)'> (0x00000007130d41a8) 
thrown [s\open\src\hotspot\share\interpreter\linkResolver.cpp, line 773]
Event: 2.724 Thread 0x00000270cb89cca0 Exception <a 'java/lang/NoSuchMethodError'{0x00000007130d4b78}: 'void java.lang.invoke.DirectMethodHandle$Holder.invokeSpecial(java.lang.Object, java.lang.Object, java.lang.Object)'> (0x00000007130d4b78) 
thrown [s\open\src\hotspot\share\interpreter\linkResolver.cpp, line 773]
Event: 2.735 Thread 0x00000270cb89cca0 Exception <a 'java/lang/NoSuchMethodError'{0x00000007130e83b0}: 'java.lang.Object java.lang.invoke.DirectMethodHandle$Holder.invokeStatic(java.lang.Object, java.lang.Object, int)'> (0x00000007130e83b0) 
thrown [s\open\src\hotspot\share\interpreter\linkResolver.cpp, line 773]
Event: 2.737 Thread 0x00000270cb89cca0 Exception <a 'java/lang/NoSuchMethodError'{0x00000007130f3800}: 'void java.lang.invoke.DelegatingMethodHandle$Holder.delegate(java.lang.Object, java.lang.Object, int, java.lang.Object)'> (0x00000007130f3800) 
thrown [s\open\src\hotspot\share\interpreter\linkResolver.cpp, line 773]
Event: 2.738 Thread 0x00000270cb89cca0 Exception <a 'java/lang/NoSuchMethodError'{0x00000007130f7490}: 'int java.lang.invoke.DirectMethodHandle$Holder.invokeSpecial(java.lang.Object, java.lang.Object, java.lang.Object)'> (0x00000007130f7490) 
thrown [s\open\src\hotspot\share\interpreter\linkResolver.cpp, line 773]
Event: 2.748 Thread 0x00000270cb89cca0 Exception <a 'java/lang/NoSuchMethodError'{0x00000007131134a0}: 'void java.lang.System.loadLibrary(java.lang.String, java.lang.Class)'> (0x00000007131134a0) 
thrown [s\open\src\hotspot\share\interpreter\linkResolver.cpp, line 773]
Event: 2.821 Thread 0x00000270cb89cca0 Exception <a 'sun/nio/fs/WindowsException'{0x00000007131f26e0}> (0x00000007131f26e0) 
thrown [s\open\src\hotspot\share\prims\jni.cpp, line 520]
Event: 2.821 Thread 0x00000270cb89cca0 Exception <a 'sun/nio/fs/WindowsException'{0x00000007131f3cc8}> (0x00000007131f3cc8) 
thrown [s\open\src\hotspot\share\prims\jni.cpp, line 520]
Event: 2.870 Thread 0x00000270cb89cca0 Exception <a 'java/lang/NoSuchMethodError'{0x0000000712ead588}: 'int java.lang.invoke.DirectMethodHandle$Holder.invokeStaticInit(java.lang.Object, java.lang.Object, int, long)'> (0x0000000712ead588) 
thrown [s\open\src\hotspot\share\interpreter\linkResolver.cpp, line 773]
Event: 2.871 Thread 0x00000270cb89cca0 Exception <a 'java/lang/NoSuchMethodError'{0x0000000712eb25b0}: 'java.lang.Object java.lang.invoke.DirectMethodHandle$Holder.newInvokeSpecial(java.lang.Object, java.lang.Object, int)'> (0x0000000712eb25b0) 
thrown [s\open\src\hotspot\share\interpreter\linkResolver.cpp, line 773]
Event: 2.874 Thread 0x00000270cb89cca0 Exception <a 'java/lang/NoSuchMethodError'{0x0000000712ec5df0}: 'int java.lang.invoke.DirectMethodHandle$Holder.invokeStaticInit(java.lang.Object, java.lang.Object, long, long)'> (0x0000000712ec5df0) 
thrown [s\open\src\hotspot\share\interpreter\linkResolver.cpp, line 773]
Event: 2.875 Thread 0x00000270cb89cca0 Exception <a 'java/lang/NoSuchMethodError'{0x0000000712ecb2d0}: 'java.lang.Object java.lang.invoke.DirectMethodHandle$Holder.newInvokeSpecial(java.lang.Object, java.lang.Object, long)'> (0x0000000712ecb2d0) 
thrown [s\open\src\hotspot\share\interpreter\linkResolver.cpp, line 773]
Event: 2.875 Thread 0x00000270cb89cca0 Exception <a 'java/lang/NoSuchMethodError'{0x0000000712ece918}: 'java.lang.Object java.lang.invoke.Invokers$Holder.linkToTargetMethod(java.lang.Object, long, java.lang.Object)'> (0x0000000712ece918) 
thrown [s\open\src\hotspot\share\interpreter\linkResolver.cpp, line 773]
Event: 2.876 Thread 0x00000270cb89cca0 Exception <a 'java/lang/NoSuchMethodError'{0x0000000712ed5870}: 'int java.lang.invoke.DirectMethodHandle$Holder.invokeStaticInit(java.lang.Object, java.lang.Object, java.lang.Object, long)'> (0x0000000712ed5870) 
thrown [s\open\src\hotspot\share\interpreter\linkResolver.cpp, line 773]
Event: 2.914 Thread 0x00000270cb89cca0 Exception <a 'sun/nio/fs/WindowsException'{0x0000000712f95f98}> (0x0000000712f95f98) 
thrown [s\open\src\hotspot\share\prims\jni.cpp, line 520]
Event: 2.915 Thread 0x00000270cb89cca0 Exception <a 'sun/nio/fs/WindowsException'{0x0000000712f962e0}> (0x0000000712f962e0) 
thrown [s\open\src\hotspot\share\prims\jni.cpp, line 520]

ZGC Phase Switch (0 events):
No events

VM Operations (10 events):
Event: 0.291 Executing VM operation: HandshakeAllThreads (Deoptimize)
Event: 0.291 Executing VM operation: HandshakeAllThreads (Deoptimize) done
Event: 1.304 Executing VM operation: Cleanup
Event: 1.304 Executing VM operation: Cleanup done
Event: 2.117 Executing VM operation: ChangeBreakpoints
Event: 2.117 Executing VM operation: ChangeBreakpoints done
Event: 2.120 Executing VM operation: ChangeBreakpoints
Event: 2.120 Executing VM operation: ChangeBreakpoints done
Event: 2.806 Executing VM operation: HandshakeAllThreads (Deoptimize)
Event: 2.806 Executing VM operation: HandshakeAllThreads (Deoptimize) done

Events (15 events):
Event: 0.142 Thread 0x00000270cb89cca0 Thread added: 0x00000270cb89cca0
Event: 0.177 Thread 0x00000270ecd7b960 Thread added: 0x00000270ecd7b960
Event: 0.177 Thread 0x00000270ecd7c770 Thread added: 0x00000270ecd7c770
Event: 0.178 Thread 0x00000270ecd7eeb0 Thread added: 0x00000270ecd7eeb0
Event: 0.178 Thread 0x00000270ecd7fa00 Thread added: 0x00000270ecd7fa00
Event: 0.178 Thread 0x00000270ecd846a0 Thread added: 0x00000270ecd846a0
Event: 0.178 Thread 0x00000270ecd85910 Thread added: 0x00000270ecd85910
Event: 0.178 Thread 0x00000270ecd9cbb0 Thread added: 0x00000270ecd9cbb0
Event: 0.178 Thread 0x00000270ecd9e790 Thread added: 0x00000270ecd9e790
Event: 0.271 Thread 0x00000270ecd88700 Thread added: 0x00000270ecd88700
Event: 0.387 Thread 0x00000270f11a49b0 Thread added: 0x00000270f11a49b0
Event: 0.387 Thread 0x00000270f11a7480 Thread added: 0x00000270f11a7480
Event: 0.387 Thread 0x00000270f125e5d0 Thread added: 0x00000270f125e5d0
Event: 2.163 Thread 0x00000270ecd86630 Thread added: 0x00000270ecd86630
Event: 2.841 Thread 0x00000270f15290a0 Thread added: 0x00000270f15290a0


Dynamic libraries:
0x00007ff7f8300000 - 0x00007ff7f8310000 	D:\jdk-21.0.1\bin\java.exe
0x00007ffe6acb0000 - 0x00007ffe6aec6000 	C:\WINDOWS\SYSTEM32\ntdll.dll
0x00007ffe691f0000 - 0x00007ffe692b4000 	C:\WINDOWS\System32\KERNEL32.DLL
0x00007ffe681d0000 - 0x00007ffe68576000 	C:\WINDOWS\System32\KERNELBASE.dll
0x00007ffe685f0000 - 0x00007ffe68701000 	C:\WINDOWS\System32\ucrtbase.dll
0x00007ffe5e420000 - 0x00007ffe5e43b000 	D:\jdk-21.0.1\bin\VCRUNTIME140.dll
0x00007ffe623f0000 - 0x00007ffe62409000 	D:\jdk-21.0.1\bin\jli.dll
0x00007ffe6a080000 - 0x00007ffe6a132000 	C:\WINDOWS\System32\ADVAPI32.dll
0x00007ffe6a1a0000 - 0x00007ffe6a247000 	C:\WINDOWS\System32\msvcrt.dll
0x00007ffe6aa90000 - 0x00007ffe6ab38000 	C:\WINDOWS\System32\sechost.dll
0x00007ffe68710000 - 0x00007ffe68738000 	C:\WINDOWS\System32\bcrypt.dll
0x00007ffe69f60000 - 0x00007ffe6a075000 	C:\WINDOWS\System32\RPCRT4.dll
0x00007ffe68b00000 - 0x00007ffe68cad000 	C:\WINDOWS\System32\USER32.dll
0x00007ffe68950000 - 0x00007ffe68976000 	C:\WINDOWS\System32\win32u.dll
0x00007ffe692c0000 - 0x00007ffe692e9000 	C:\WINDOWS\System32\GDI32.dll
0x00007ffe67ff0000 - 0x00007ffe68108000 	C:\WINDOWS\System32\gdi32full.dll
0x00007ffe50410000 - 0x00007ffe506a3000 	C:\WINDOWS\WinSxS\amd64_microsoft.windows.common-controls_6595b64144ccf1df_6.0.22621.3235_none_270f74e173860f98\COMCTL32.dll
0x00007ffe68740000 - 0x00007ffe687da000 	C:\WINDOWS\System32\msvcp_win.dll
0x00007ffe5d640000 - 0x00007ffe5d64a000 	C:\WINDOWS\SYSTEM32\VERSION.dll
0x00007ffe691b0000 - 0x00007ffe691e1000 	C:\WINDOWS\System32\IMM32.DLL
0x00007ffe53120000 - 0x00007ffe5312c000 	D:\jdk-21.0.1\bin\vcruntime140_1.dll
0x00007ffe35f90000 - 0x00007ffe3601e000 	D:\jdk-21.0.1\bin\msvcp140.dll
0x00007ffdf3250000 - 0x00007ffdf3f65000 	D:\jdk-21.0.1\bin\server\jvm.dll
0x00007ffe6abf0000 - 0x00007ffe6ac61000 	C:\WINDOWS\System32\WS2_32.dll
0x00007ffe66e40000 - 0x00007ffe66e8d000 	C:\WINDOWS\SYSTEM32\POWRPROF.dll
0x00007ffe5db90000 - 0x00007ffe5dbc4000 	C:\WINDOWS\SYSTEM32\WINMM.dll
0x00007ffe66e20000 - 0x00007ffe66e33000 	C:\WINDOWS\SYSTEM32\UMPDC.dll
0x00007ffe670e0000 - 0x00007ffe670f8000 	C:\WINDOWS\SYSTEM32\kernel.appcore.dll
0x00007ffe52880000 - 0x00007ffe5288a000 	D:\jdk-21.0.1\bin\jimage.dll
0x00007ffe65900000 - 0x00007ffe65b33000 	C:\WINDOWS\SYSTEM32\DBGHELP.DLL
0x00007ffe69bb0000 - 0x00007ffe69f38000 	C:\WINDOWS\System32\combase.dll
0x00007ffe6a270000 - 0x00007ffe6a347000 	C:\WINDOWS\System32\OLEAUT32.dll
0x00007ffe4cf40000 - 0x00007ffe4cf72000 	C:\WINDOWS\SYSTEM32\dbgcore.DLL
0x00007ffe68980000 - 0x00007ffe689fa000 	C:\WINDOWS\System32\bcryptPrimitives.dll
0x00007ffe38d70000 - 0x00007ffe38dac000 	D:\jdk-21.0.1\bin\jdwp.dll
0x00007ffe52220000 - 0x00007ffe5222f000 	D:\jdk-21.0.1\bin\instrument.dll
0x00007ffe522b0000 - 0x00007ffe522cf000 	D:\jdk-21.0.1\bin\java.dll
0x00007ffe53130000 - 0x00007ffe53148000 	D:\jdk-21.0.1\bin\zip.dll
0x00007ffe692f0000 - 0x00007ffe69b4c000 	C:\WINDOWS\System32\SHELL32.dll
0x00007ffe65f10000 - 0x00007ffe66808000 	C:\WINDOWS\SYSTEM32\windows.storage.dll
0x00007ffe65dd0000 - 0x00007ffe65f0e000 	C:\WINDOWS\SYSTEM32\wintypes.dll
0x00007ffe68a00000 - 0x00007ffe68af3000 	C:\WINDOWS\System32\SHCORE.dll
0x00007ffe6a140000 - 0x00007ffe6a19e000 	C:\WINDOWS\System32\shlwapi.dll
0x00007ffe67f20000 - 0x00007ffe67f46000 	C:\WINDOWS\SYSTEM32\profapi.dll
0x00007ffe2f470000 - 0x00007ffe2f547000 	D:\jdk-21.0.1\bin\jsvml.dll
0x00007ffe511d0000 - 0x00007ffe511dc000 	D:\jdk-21.0.1\bin\dt_socket.dll
0x00007ffe66ae0000 - 0x00007ffe66b0d000 	C:\WINDOWS\SYSTEM32\IPHLPAPI.DLL
0x00007ffe67550000 - 0x00007ffe675b9000 	C:\WINDOWS\system32\mswsock.dll
0x00007ffe538e0000 - 0x00007ffe538f0000 	D:\jdk-21.0.1\bin\net.dll
0x00007ffe5e8f0000 - 0x00007ffe5ea27000 	C:\WINDOWS\SYSTEM32\WINHTTP.dll
0x00007ffe538c0000 - 0x00007ffe538d6000 	D:\jdk-21.0.1\bin\nio.dll
0x00007ffe2f3f0000 - 0x00007ffe2f465000 	C:\Users\Vu\AppData\Local\Temp\lwjglVu\3.3.1-build-7\lwjgl.dll
0x00007ffe1f0f0000 - 0x00007ffe1f151000 	C:\Users\Vu\AppData\Local\Temp\lwjglVu\3.3.1-build-7\glfw.dll

dbghelp: loaded successfully - version: 4.0.5 - missing functions: none
symbol engine: initialized successfully - sym options: 0x614 - pdb path: .;D:\jdk-21.0.1\bin;C:\WINDOWS\SYSTEM32;C:\WINDOWS\WinSxS\amd64_microsoft.windows.common-controls_6595b64144ccf1df_6.0.22621.3235_none_270f74e173860f98;D:\jdk-21.0.1\bin\server;C:\Users\Vu\AppData\Local\Temp\lwjglVu\3.3.1-build-7

VM Arguments:
jvm_args: -agentlib:jdwp=transport=dt_socket,address=127.0.0.1:57241,suspend=y,server=n -javaagent:C:\Users\Vu\AppData\Local\JetBrains\IdeaIC2023.3\captureAgent\debugger-agent.jar -Dfile.encoding=UTF-8 -Dsun.stdout.encoding=UTF-8 -Dsun.stderr.encoding=UTF-8 
java_command: main.Main
java_class_path (initial): D:\ducky-game\target\classes;C:\Users\Vu\.m2\repository\io\github\spair\imgui-java-app\1.81.0\imgui-java-app-1.81.0.jar;C:\Users\Vu\.m2\repository\org\lwjgl\lwjgl\3.3.1\lwjgl-3.3.1-natives-linux.jar;C:\Users\Vu\.m2\repository\org\lwjgl\lwjgl-glfw\3.3.1\lwjgl-glfw-3.3.1-natives-linux.jar;C:\Users\Vu\.m2\repository\org\lwjgl\lwjgl-opengl\3.3.1\lwjgl-opengl-3.3.1-natives-linux.jar;C:\Users\Vu\.m2\repository\org\lwjgl\lwjgl\3.3.1\lwjgl-3.3.1-natives-macos.jar;C:\Users\Vu\.m2\repository\org\lwjgl\lwjgl-glfw\3.3.1\lwjgl-glfw-3.3.1-natives-macos.jar;C:\Users\Vu\.m2\repository\org\lwjgl\lwjgl-opengl\3.3.1\lwjgl-opengl-3.3.1-natives-macos.jar;C:\Users\Vu\.m2\repository\io\github\spair\imgui-java-binding\1.81.0\imgui-java-binding-1.81.0.jar;C:\Users\Vu\.m2\repository\io\github\spair\imgui-java-lwjgl3\1.81.0\imgui-java-lwjgl3-1.81.0.jar;C:\Users\Vu\.m2\repository\org\lwjgl\lwjgl\3.3.1\lwjgl-3.3.1.jar;C:\Users\Vu\.m2\repository\com\google\code\gson\gson\2.10.1\gson-2.10.1.jar;C:\Users\Vu\.m2\repository\org\openjfx\javafx-controls\21\javafx-controls-21.jar;C:\Users\Vu\.m2\repository\org\openjfx\javafx-controls\21\javafx-controls-21-win.jar;C:\Users\Vu\.m2\repository\org\openjfx\javafx-graphics\21\javafx-graphics-21.jar;C:\Users\Vu\.m2\repository\org\openjfx\javafx-graphics\21\javafx-graphics-21-win.jar;C:\Users\Vu\.m2\repository\org\openjfx\javafx-base\21\javafx-base-21.jar;C:\Users\Vu\.m2\repository\org\openjfx\javafx-base\21\javafx-base-21-win.jar;C:\Users\Vu\.m2\repository\org\openjfx\javafx-fxml\21\javafx-fxml-21.jar;C:\Users\Vu\.m2\repository\org\openjfx\javafx-fxml\21\javafx-fxml-21-win.jar;C:\Users\Vu\.m2\repository\org\lwjgl\lwjgl-nfd\3.3.1\lwjgl-nfd-3.3.1.jar;C:\Users\Vu\.m2\repository\org\lwjgl\lwjgl-assimp\3.3.1\lwjgl-assimp-3.3.1.jar;C:\Users\Vu\.m2\repository\org\lwjgl\lwjgl-glfw\3.3.1\lwjgl-glfw-3.3.1.jar;C:\Users\Vu\.m2\repository\org\lwjgl\lwjgl-openal\3.3.1\lwjgl-openal-3.3.1.jar;C:\Users\Vu\.m2\repository\org\lwjgl\lwjgl-opengl\3.3.1\lwjgl-opengl-3.3.1.jar;C:\Users\Vu\.m2\repository\org\lwjgl\lwjgl-stb\3.3.1\lwjgl-stb-3.3.1.jar;C:\Users\Vu\.m2\repository\org\lwjgl\lwjgl\3.3.1\lwjgl-3.3.1-natives-windows.jar;C:\Users\Vu\.m2\repository\org\lwjgl\lwjgl-assimp\3.3.1\lwjgl-assimp-3.3.1-natives-windows.jar;C:\Users\Vu\.m2\repository\org\lwjgl\lwjgl-glfw\3.3.1\lwjgl-glfw-3.3.1-natives-windows.jar;C:\Users\Vu\.m2\repository\org\lwjgl\lwjgl-openal\3.3.1\lwjgl-openal-3.3.1-natives-windows.jar;C:\Users\Vu\.m2\repository\org\lwjgl\lwjgl-opengl\3.3.1\lwjgl-opengl-3.3.1-natives-windows.jar;C:\Users\Vu\.m2\repository\org\mongodb\mongodb-driver\3.12.14\mongodb-driver-3.12.14.jar;C:\Users\Vu\.m2\repository\org\mongodb\bson\3.12.14\bson-3.12.14.jar;C:\Users\Vu\.m2\repository\org\mongodb\mongodb-driver-core\3.12.14\mongodb-driver-core-3.12.14.jar;C:\Users\Vu\.m2\repository\org\lwjgl\lwjgl-stb\3.3.1\lwjgl-stb-3.3.1-natives-windows.jar;C:\Users\Vu\.m2\repository\org\lwjgl\lwjgl-nfd\3.3.1\lwjgl-nfd-3.3.1-natives-windows.jar;C:\Users\Vu\.m2\repository\org\jbox2d\jbox2d-library\2.2.1.1\jbox2d-library-2.2.1.1.jar;C:\Users\Vu\.m2\repository\org\joml\joml\1.9.24\joml-1.9.24.jar;D:\IntelliJ IDEA Community Edition 2023.3.3\lib\idea_rt.jar
Launcher Type: SUN_STANDARD

[Global flags]
     intx CICompilerCount                          = 4                                         {product} {ergonomic}
     uint ConcGCThreads                            = 3                                         {product} {ergonomic}
     uint G1ConcRefinementThreads                  = 10                                        {product} {ergonomic}
   size_t G1HeapRegionSize                         = 2097152                                   {product} {ergonomic}
    uintx GCDrainStackTargetSize                   = 64                                        {product} {ergonomic}
   size_t InitialHeapSize                          = 266338304                                 {product} {ergonomic}
   size_t MarkStackSize                            = 4194304                                   {product} {ergonomic}
   size_t MaxHeapSize                              = 4234149888                                {product} {ergonomic}
   size_t MaxNewSize                               = 2539651072                                {product} {ergonomic}
   size_t MinHeapDeltaBytes                        = 2097152                                   {product} {ergonomic}
   size_t MinHeapSize                              = 8388608                                   {product} {ergonomic}
    uintx NonNMethodCodeHeapSize                   = 5839372                                {pd product} {ergonomic}
    uintx NonProfiledCodeHeapSize                  = 122909434                              {pd product} {ergonomic}
    uintx ProfiledCodeHeapSize                     = 122909434                              {pd product} {ergonomic}
    uintx ReservedCodeCacheSize                    = 251658240                              {pd product} {ergonomic}
     bool SegmentedCodeCache                       = true                                      {product} {ergonomic}
   size_t SoftMaxHeapSize                          = 4234149888                             {manageable} {ergonomic}
     bool UseCompressedOops                        = true                           {product lp64_product} {ergonomic}
     bool UseG1GC                                  = true                                      {product} {ergonomic}
     bool UseLargePagesIndividualAllocation        = false                                  {pd product} {ergonomic}

Logging:
Log output configuration:
 #0: stdout all=warning uptime,level,tags foldmultilines=false
 #1: stderr all=off uptime,level,tags foldmultilines=false

Environment Variables:
JAVA_HOME=D:\jdk-21.0.1
PATH=C:\Program Files\Common Files\Oracle\Java\javapath;C:\Windows\system32;C:\Windows;C:\Windows\System32\Wbem;C:\Windows\System32\WindowsPowerShell\v1.0\;C:\Windows\System32\OpenSSH\;C:\Program Files (x86)\NVIDIA Corporation\PhysX\Common;C:\Program Files\NVIDIA Corporation\NVIDIA NvDLISR;C:\WINDOWS\system32;C:\WINDOWS;C:\WINDOWS\System32\Wbem;C:\WINDOWS\System32\WindowsPowerShell\v1.0\;C:\WINDOWS\System32\OpenSSH\;C:\Program Files\Git\cmd;C:\Program Files\Microsoft SQL Server\150\Tools\Binn\;C:\Program Files\Microsoft SQL Server\Client SDK\ODBC\170\Tools\Binn\;C:\Program Files\dotnet\;C:\Users\Vu\Downloads\apache-maven-3.9.6\bin;D:\jdk-21.0.1\bin;C:\Users\Vu\AppData\Local\Microsoft\WindowsApps;C:\Users\Vu\AppData\Local\Programs\Microsoft VS Code\bin;C:\Users\Vu\.dotnet\tools
USERNAME=Vu
OS=Windows_NT
PROCESSOR_IDENTIFIER=Intel64 Family 6 Model 141 Stepping 1, GenuineIntel
TMP=C:\Users\Vu\AppData\Local\Temp
TEMP=C:\Users\Vu\AppData\Local\Temp




Periodic native trim disabled

---------------  S Y S T E M  ---------------

OS:
 Windows 11 , 64 bit Build 22621 (10.0.22621.3235)
OS uptime: 1 days 6:00 hours
Hyper-V role detected

CPU: total 12 (initial active 12) (6 cores per cpu, 2 threads per core) family 6 model 141 stepping 1 microcode 0x3c, cx8, cmov, fxsr, ht, mmx, 3dnowpref, sse, sse2, sse3, ssse3, sse4.1, sse4.2, popcnt, lzcnt, tsc, tscinvbit, avx, avx2, aes, erms, clmul, bmi1, bmi2, adx, avx512f, avx512dq, avx512cd, avx512bw, avx512vl, sha, fma, vzeroupper, avx512_vpopcntdq, avx512_vpclmulqdq, avx512_vaes, avx512_vnni, clflush, clflushopt, clwb, avx512_vbmi2, avx512_vbmi, hv, rdtscp, rdpid, fsrm, gfni, avx512_bitalg, f16c, cet_ibt, cet_ss, avx512_ifma
Processor Information for all 12 processors :
  Max Mhz: 2688, Current Mhz: 2688, Mhz Limit: 2688

Memory: 4k page, system-wide physical 16147M (5066M free)
TotalPageFile size 23315M (AvailPageFile size 6355M)
current process WorkingSet (physical memory assigned to process): 52M, peak: 52M
current process commit charge ("private bytes"): 348M, peak: 348M

vm_info: Java HotSpot(TM) 64-Bit Server VM (21.0.1+12-LTS-29) for windows-amd64 JRE (21.0.1+12-LTS-29), built on 2023-10-05T13:27:09Z by "mach5one" with MS VC++ 17.1 (VS2022)

END.
