#
# A fatal error has been detected by the Java Runtime Environment:
#
#  EXCEPTION_ACCESS_VIOLATION (0xc0000005) at pc=0x00007ffd7eb2366c, pid=23200, tid=22728
#
# JRE version: Java(TM) SE Runtime Environment (21.0.1+12) (build 21.0.1+12-LTS-29)
# Java VM: Java HotSpot(TM) 64-Bit Server VM (21.0.1+12-LTS-29, mixed mode, sharing, tiered, compressed oops, compressed class ptrs, g1 gc, windows-amd64)
# Problematic frame:
# C  [igxelpicd64.dll+0x13366c]
#
# No core dump will be written. Minidumps are not enabled by default on client versions of Windows
#
# If you would like to submit a bug report, please visit:
#   https://bugreport.java.com/bugreport/crash.jsp
#

---------------  S U M M A R Y ------------

Command Line: -javaagent:D:\IntelliJ IDEA Community Edition 2023.3.3\lib\idea_rt.jar=53843:D:\IntelliJ IDEA Community Edition 2023.3.3\bin -Dfile.encoding=UTF-8 -Dsun.stdout.encoding=UTF-8 -Dsun.stderr.encoding=UTF-8 main.Main

Host: 11th Gen Intel(R) Core(TM) i5-11400H @ 2.70GHz, 12 cores, 15G,  Windows 11 , 64 bit Build 22621 (10.0.22621.3085)
Time: Wed Feb 21 03:24:11 2024 SE Asia Standard Time elapsed time: 144.975148 seconds (0d 0h 2m 24s)

---------------  T H R E A D  ---------------

Current thread (0x0000021835703510):  VMThread "VM Thread"          [id=22728, stack(0x000000c785200000,0x000000c785300000) (1024K)]

Stack: [0x000000c785200000,0x000000c785300000],  sp=0x000000c7852fe800,  free space=1018k
Native frames: (J=compiled Java code, j=interpreted, Vv=VM code, C=native code)
C  [igxelpicd64.dll+0x13366c]


siginfo: EXCEPTION_ACCESS_VIOLATION (0xc0000005), reading address 0x00000000000356f8


Registers:
RAX=0x0000021805a8e778, RBX=0x0000021805a8e670, RCX=0x0000000000000000, RDX=0x0000000000000000
RSP=0x000000c7852fe800, RBP=0x0000000000000000, RSI=0x0000021805a8ec40, RDI=0x000002187b3ae3b0
R8 =0x0000000000000014, R9 =0x0000000000000000, R10=0x0000000000000000, R11=0x0000000000000000
R12=0x0000000000000000, R13=0x00000218065a3cf0, R14=0x00000000001f7000, R15=0x0000000000000016
RIP=0x00007ffd7eb2366c, EFLAGS=0x0000000000010206


Register to memory mapping:

RAX=0x0000021805a8e778 points into unknown readable memory: 0x00000000001f6fba | ba 6f 1f 00 00 00 00 00
RBX=0x0000021805a8e670 points into unknown readable memory: 0x000002187b161740 | 40 17 16 7b 18 02 00 00
RCX=0x0 is null
RDX=0x0 is null
RSP=0x000000c7852fe800 points into unknown readable memory: 0x000002187b1a4f60 | 60 4f 1a 7b 18 02 00 00
RBP=0x0 is null
RSI=0x0000021805a8ec40 points into unknown readable memory: 0x00000218065a3cf0 | f0 3c 5a 06 18 02 00 00
RDI=0x000002187b3ae3b0 points into unknown readable memory: 0x000002187b2c0400 | 00 04 2c 7b 18 02 00 00
R8 =0x0000000000000014 is an unknown value
R9 =0x0 is null
R10=0x0 is null
R11=0x0 is null
R12=0x0 is null
R13=0x00000218065a3cf0 points into unknown readable memory: 0x000002187b161740 | 40 17 16 7b 18 02 00 00
R14=0x00000000001f7000 is an unknown value
R15=0x0000000000000016 is an unknown value

Top of Stack: (sp=0x000000c7852fe800)
0x000000c7852fe800:   000002187b1a4f60 0000000000000000
0x000000c7852fe810:   000000c7852ff0b0 00007ffe1b2533b4
0x000000c7852fe820:   00007ffd8f489010 00007ffe1b245511
0x000000c7852fe830:   0000000000000001 00007ffe1b2418f4
0x000000c7852fe840:   000002187b33feb8 00000000001f7020
0x000000c7852fe850:   0000000000000000 000000000000000d
0x000000c7852fe860:   0000000000000000 0000000000000000
0x000000c7852fe870:   000000c7852fe980 00007ffd7ec9bc3c
0x000000c7852fe880:   000002187b1a4f60 000002187b3ae3b0
0x000000c7852fe890:   0000021813e90a00 0000000000000000
0x000000c7852fe8a0:   000000c7000011a4 0000b802213e0000
0x000000c7852fe8b0:   0000000000000000 000000c7852fec08
0x000000c7852fe8c0:   000000c7846d9000 00007ffe1b1cd8e6
0x000000c7852fe8d0:   0000021813e80000 0000000000000002
0x000000c7852fe8e0:   0000000200000101 00007ffd7ec919a0
0x000000c7852fe8f0:   00007ffe1b2197f0 00000000000004b4
0x000000c7852fe900:   000000c7852fea68 000000c7852fea90
0x000000c7852fe910:   00007ffe00000002 00000000000004b4
0x000000c7852fe920:   00001d369a913a51 00007ffd7ea73cdf
0x000000c7852fe930:   0000b802213e0000 00000000000011a4
0x000000c7852fe940:   0000000000000000 4000170000000001
0x000000c7852fe950:   0000000000000000 0000000000000000
0x000000c7852fe960:   0000000000000000 0000000000000000
0x000000c7852fe970:   0000000000000000 0000000000000000
0x000000c7852fe980:   0000000000000000 0000000000000000
0x000000c7852fe990:   0000000000000000 0000000000000000
0x000000c7852fe9a0:   0000000000000000 0000000000000000
0x000000c7852fe9b0:   0000000000000000 0000000000000000
0x000000c7852fe9c0:   0000000000000000 0000000000000000
0x000000c7852fe9d0:   0000000000000000 0000000000000000
0x000000c7852fe9e0:   0000000000000000 0000000000000000
0x000000c7852fe9f0:   0000000000000000 0000000000000000 

Instructions: (pc=0x00007ffd7eb2366c)
0x00007ffd7eb2356c:   ec 40 45 8a e1 48 8b fa 48 8b e9 48 8b 1d 42 08
0x00007ffd7eb2357c:   e0 00 48 89 58 08 48 8b cb ff 15 85 5b 9a 00 90
0x00007ffd7eb2358c:   4c 8b af 78 02 00 00 48 8b 05 c6 e4 cf 00 44 8b
0x00007ffd7eb2359c:   b8 40 0b 00 00 45 33 db 45 8a f3 4c 89 9f 78 02
0x00007ffd7eb235ac:   00 00 44 89 9f 80 02 00 00 4c 89 9f 98 02 00 00
0x00007ffd7eb235bc:   4c 89 9f 88 02 00 00 48 85 ed 75 38 8b 35 4a e2
0x00007ffd7eb235cc:   df 00 65 48 8b 04 25 58 00 00 00 b9 14 00 00 00
0x00007ffd7eb235dc:   48 8b 04 f0 44 38 1c 01 0f 84 9d da 86 00 65 48
0x00007ffd7eb235ec:   8b 04 25 58 00 00 00 bd 20 00 00 00 48 8b 04 f0
0x00007ffd7eb235fc:   48 8b 2c 28 48 3b 2d 39 07 e0 00 45 0f 44 fb 4d
0x00007ffd7eb2360c:   85 ed 0f 84 21 01 00 00 44 8a a4 24 90 00 00 00
0x00007ffd7eb2361c:   49 8b dd 49 8d b5 d0 05 00 00 4c 8b 2e 45 84 e4
0x00007ffd7eb2362c:   0f 85 2a 03 00 00 8b 97 c8 01 00 00 48 8b 05 21
0x00007ffd7eb2363c:   e4 cf 00 83 b8 78 03 00 00 02 75 31 83 fa 10 0f
0x00007ffd7eb2364c:   83 20 01 00 00 48 8d 04 d5 21 00 00 00 48 03 c2
0x00007ffd7eb2365c:   48 8d 04 c3 48 85 c0 0f 85 ff 00 00 00 49 8b cb
0x00007ffd7eb2366c:   48 3b 8d f8 56 03 00 0f 87 f3 02 00 00 4c 39 9b
0x00007ffd7eb2367c:   48 06 00 00 0f 85 41 da 86 00 44 8b 97 c8 01 00
0x00007ffd7eb2368c:   00 48 8b 87 e0 01 00 00 4c 8b 08 8b 97 c8 01 00
0x00007ffd7eb2369c:   00 83 fa 10 0f 83 03 01 00 00 48 8d 04 d5 21 00
0x00007ffd7eb236ac:   00 00 48 03 c2 48 8d 04 c3 48 85 c0 0f 85 e2 00
0x00007ffd7eb236bc:   00 00 49 8b cb 49 3b c9 0f 86 0e 01 00 00 48 8b
0x00007ffd7eb236cc:   87 78 02 00 00 48 89 06 48 89 9f 78 02 00 00 ff
0x00007ffd7eb236dc:   87 80 02 00 00 48 8b 43 08 48 8b 88 18 01 00 00
0x00007ffd7eb236ec:   48 81 e1 00 00 ff ff 48 81 c1 00 00 01 00 48 01
0x00007ffd7eb236fc:   8f 88 02 00 00 48 8b 43 08 48 8b 88 18 01 00 00
0x00007ffd7eb2370c:   48 01 8f 98 02 00 00 4d 85 ed 0f 85 00 ff ff ff
0x00007ffd7eb2371c:   45 84 f6 44 8a a4 24 98 00 00 00 0f 85 82 03 00
0x00007ffd7eb2372c:   00 48 8b 9c 24 80 00 00 00 48 8b cf 45 84 e4 0f
0x00007ffd7eb2373c:   85 8a 03 00 00 e8 fa f9 ff ff 90 48 8b cb 48 8b
0x00007ffd7eb2374c:   9c 24 88 00 00 00 48 83 c4 40 41 5f 41 5e 41 5d
0x00007ffd7eb2375c:   41 5c 5f 5e 5d 48 ff 25 b0 59 9a 00 48 8b 48 08 


Stack slot to memory mapping:

stack at sp + 0 slots: 0x000002187b1a4f60 points into unknown readable memory: 0xffffffffffffffff | ff ff ff ff ff ff ff ff
stack at sp + 1 slots: 0x0 is null
stack at sp + 2 slots: 0x000000c7852ff0b0 points into unknown readable memory: 0x000002181409ace0 | e0 ac 09 14 18 02 00 00
stack at sp + 3 slots: 0x00007ffe1b2533b4 ntdll.dll
stack at sp + 4 slots: 0x00007ffd8f489010 jvm.dll
stack at sp + 5 slots: 0x00007ffe1b245511 ntdll.dll
stack at sp + 6 slots: 0x0000000000000001 is an unknown value
stack at sp + 7 slots: 0x00007ffe1b2418f4 ntdll.dll

VM_Operation (0x000000c7848fed90): Exit, mode: safepoint, requested by thread 0x000002187b14aff0


---------------  P R O C E S S  ---------------

Threads class SMR info:
_java_thread_list=0x000002180cfff720, length=13, elements={
0x00000218140bf9b0, 0x00000218357240e0, 0x0000021835724e00, 0x000002183572a160,
0x00000218357269d0, 0x00000218357277e0, 0x0000021835727f80, 0x000002183573b8b0,
0x000002183573d710, 0x0000021835979a30, 0x000002187b00f750, 0x000002187b013dd0,
0x000002187b14aff0
}

Java Threads: ( => current thread )
  0x00000218140bf9b0 JavaThread "main"                              [_thread_blocked, id=21144, stack(0x000000c784b00000,0x000000c784c00000) (1024K)]
  0x00000218357240e0 JavaThread "Reference Handler"          daemon [_thread_blocked, id=16020, stack(0x000000c785300000,0x000000c785400000) (1024K)]
  0x0000021835724e00 JavaThread "Finalizer"                  daemon [_thread_blocked, id=21592, stack(0x000000c785400000,0x000000c785500000) (1024K)]
  0x000002183572a160 JavaThread "Signal Dispatcher"          daemon [_thread_blocked, id=21472, stack(0x000000c785500000,0x000000c785600000) (1024K)]
  0x00000218357269d0 JavaThread "Attach Listener"            daemon [_thread_blocked, id=3084, stack(0x000000c785600000,0x000000c785700000) (1024K)]
  0x00000218357277e0 JavaThread "Service Thread"             daemon [_thread_blocked, id=4452, stack(0x000000c785700000,0x000000c785800000) (1024K)]
  0x0000021835727f80 JavaThread "Monitor Deflation Thread"   daemon [_thread_blocked, id=17884, stack(0x000000c785800000,0x000000c785900000) (1024K)]
  0x000002183573b8b0 JavaThread "C2 CompilerThread0"         daemon [_thread_blocked, id=3232, stack(0x000000c785900000,0x000000c785a00000) (1024K)]
  0x000002183573d710 JavaThread "C1 CompilerThread0"         daemon [_thread_blocked, id=20552, stack(0x000000c785a00000,0x000000c785b00000) (1024K)]
  0x0000021835979a30 JavaThread "Common-Cleaner"             daemon [_thread_blocked, id=18524, stack(0x000000c785b00000,0x000000c785c00000) (1024K)]
  0x000002187b00f750 JavaThread "Monitor Ctrl-Break"         daemon [_thread_in_native, id=12640, stack(0x000000c785c00000,0x000000c785d00000) (1024K)]
  0x000002187b013dd0 JavaThread "Notification Thread"        daemon [_thread_blocked, id=16144, stack(0x000000c785d00000,0x000000c785e00000) (1024K)]
  0x000002187b14aff0 JavaThread "SIGINT handler"             daemon [_thread_blocked, id=12832, stack(0x000000c784800000,0x000000c784900000) (1024K)]
Total: 13

Other Threads:
=>0x0000021835703510 VMThread "VM Thread"                           [id=22728, stack(0x000000c785200000,0x000000c785300000) (1024K)]
  0x00000218142c0120 WorkerThread "GC Thread#0"                     [id=13000, stack(0x000000c784c00000,0x000000c784d00000) (1024K)]
  0x0000021806408880 WorkerThread "GC Thread#1"                     [id=11268, stack(0x000000c786600000,0x000000c786700000) (1024K)]
  0x00000218063267f0 WorkerThread "GC Thread#2"                     [id=17576, stack(0x000000c786700000,0x000000c786800000) (1024K)]
  0x00000218065ab820 WorkerThread "GC Thread#3"                     [id=22588, stack(0x000000c786800000,0x000000c786900000) (1024K)]
  0x00000218065abbc0 WorkerThread "GC Thread#4"                     [id=22552, stack(0x000000c786900000,0x000000c786a00000) (1024K)]
  0x0000021806320be0 WorkerThread "GC Thread#5"                     [id=18168, stack(0x000000c786a00000,0x000000c786b00000) (1024K)]
  0x00000218064d0760 WorkerThread "GC Thread#6"                     [id=10164, stack(0x000000c786b00000,0x000000c786c00000) (1024K)]
  0x00000218064d0b00 WorkerThread "GC Thread#7"                     [id=22716, stack(0x000000c786c00000,0x000000c786d00000) (1024K)]
  0x00000218064d12b0 WorkerThread "GC Thread#8"                     [id=11620, stack(0x000000c786d00000,0x000000c786e00000) (1024K)]
  0x00000218064d1650 WorkerThread "GC Thread#9"                     [id=6316, stack(0x000000c786e00000,0x000000c786f00000) (1024K)]
  0x00000218142d0e80 ConcurrentGCThread "G1 Main Marker"            terminated
  0x00000218142d1880 WorkerThread "G1 Conc#0"                       [id=23628, stack(0x000000c784e00000,0x000000c784f00000) (1024K)]
  0x00000218355bf160 ConcurrentGCThread "G1 Refine#0"               terminated
  0x00000218355bfae0 ConcurrentGCThread "G1 Service"                terminated
Total: 15

Threads with active compile tasks:
C2 CompilerThread0   145007 2127       4       java.util.concurrent.ConcurrentHashMap::setTabAt (20 bytes)
Total: 1

VM state: at safepoint (shutting down)

VM Mutex/Monitor currently owned by a thread:  ([mutex/lock_event])
[0x00007ffd8f7ca5f8] Threads_lock - owner thread: 0x0000021835703510
[0x00007ffd8f7ca6f8] Heap_lock - owner thread: 0x000002187b14aff0

Heap address: 0x0000000703a00000, size: 4038 MB, Compressed Oops mode: Zero based, Oop shift amount: 3

CDS archive(s) mapped at: [0x0000021836000000-0x0000021836c90000-0x0000021836c90000), size 13172736, SharedBaseAddress: 0x0000021836000000, ArchiveRelocationMode: 1.
Compressed class space mapped at: 0x0000021837000000-0x0000021877000000, reserved size: 1073741824
Narrow klass base: 0x0000021836000000, Narrow klass shift: 0, Narrow klass range: 0x100000000

GC Precious Log:
 CardTable entry size: 512
 Card Set container configuration: InlinePtr #cards 4 size 8 Array Of Cards #cards 16 size 48 Howl #buckets 8 coarsen threshold 3686 Howl Bitmap #cards 512 size 80 coarsen threshold 460 Card regions per heap region 1 cards per card region 4096
 CPUs: 12 total, 12 available
 Memory: 16147M
 Large Page Support: Disabled
 NUMA Support: Disabled
 Compressed Oops: Enabled (Zero based)
 Heap Region Size: 2M
 Heap Min Capacity: 8M
 Heap Initial Capacity: 254M
 Heap Max Capacity: 4038M
 Pre-touch: Disabled
 Parallel Workers: 10
 Concurrent Workers: 3
 Concurrent Refinement Workers: 10
 Periodic GC: Disabled

Heap:
 garbage-first heap   total 260096K, used 89825K [0x0000000703a00000, 0x0000000800000000)
  region size 2048K, 43 young (88064K), 6 survivors (12288K)
 Metaspace       used 9685K, committed 9920K, reserved 1114112K
  class space    used 675K, committed 768K, reserved 1048576K

Heap Regions: E=young(eden), S=young(survivor), O=old, HS=humongous(starts), HC=humongous(continues), CS=collection set, F=free, TAMS=top-at-mark-start, PB=parsable bottom
|   0|0x0000000703a00000, 0x0000000703c00000, 0x0000000703c00000|100%| O|  |TAMS 0x0000000703a00000| PB 0x0000000703a00000| Untracked 
|   1|0x0000000703c00000, 0x0000000703e00000, 0x0000000703e00000|100%| O|  |TAMS 0x0000000703c00000| PB 0x0000000703c00000| Untracked 
|   2|0x0000000703e00000, 0x0000000703e68fb0, 0x0000000704000000| 20%| O|  |TAMS 0x0000000703e00000| PB 0x0000000703e00000| Untracked 
|   3|0x0000000704000000, 0x0000000704000000, 0x0000000704200000|  0%| F|  |TAMS 0x0000000704000000| PB 0x0000000704000000| Untracked 
|   4|0x0000000704200000, 0x0000000704200000, 0x0000000704400000|  0%| F|  |TAMS 0x0000000704200000| PB 0x0000000704200000| Untracked 
|   5|0x0000000704400000, 0x0000000704400000, 0x0000000704600000|  0%| F|  |TAMS 0x0000000704400000| PB 0x0000000704400000| Untracked 
|   6|0x0000000704600000, 0x0000000704600000, 0x0000000704800000|  0%| F|  |TAMS 0x0000000704600000| PB 0x0000000704600000| Untracked 
|   7|0x0000000704800000, 0x0000000704800000, 0x0000000704a00000|  0%| F|  |TAMS 0x0000000704800000| PB 0x0000000704800000| Untracked 
|   8|0x0000000704a00000, 0x0000000704a00000, 0x0000000704c00000|  0%| F|  |TAMS 0x0000000704a00000| PB 0x0000000704a00000| Untracked 
|   9|0x0000000704c00000, 0x0000000704c00000, 0x0000000704e00000|  0%| F|  |TAMS 0x0000000704c00000| PB 0x0000000704c00000| Untracked 
|  10|0x0000000704e00000, 0x0000000704e00000, 0x0000000705000000|  0%| F|  |TAMS 0x0000000704e00000| PB 0x0000000704e00000| Untracked 
|  11|0x0000000705000000, 0x0000000705000000, 0x0000000705200000|  0%| F|  |TAMS 0x0000000705000000| PB 0x0000000705000000| Untracked 
|  12|0x0000000705200000, 0x0000000705200000, 0x0000000705400000|  0%| F|  |TAMS 0x0000000705200000| PB 0x0000000705200000| Untracked 
|  13|0x0000000705400000, 0x0000000705400000, 0x0000000705600000|  0%| F|  |TAMS 0x0000000705400000| PB 0x0000000705400000| Untracked 
|  14|0x0000000705600000, 0x0000000705600000, 0x0000000705800000|  0%| F|  |TAMS 0x0000000705600000| PB 0x0000000705600000| Untracked 
|  15|0x0000000705800000, 0x0000000705800000, 0x0000000705a00000|  0%| F|  |TAMS 0x0000000705800000| PB 0x0000000705800000| Untracked 
|  16|0x0000000705a00000, 0x0000000705a00000, 0x0000000705c00000|  0%| F|  |TAMS 0x0000000705a00000| PB 0x0000000705a00000| Untracked 
|  17|0x0000000705c00000, 0x0000000705c00000, 0x0000000705e00000|  0%| F|  |TAMS 0x0000000705c00000| PB 0x0000000705c00000| Untracked 
|  18|0x0000000705e00000, 0x0000000705e00000, 0x0000000706000000|  0%| F|  |TAMS 0x0000000705e00000| PB 0x0000000705e00000| Untracked 
|  19|0x0000000706000000, 0x0000000706000000, 0x0000000706200000|  0%| F|  |TAMS 0x0000000706000000| PB 0x0000000706000000| Untracked 
|  20|0x0000000706200000, 0x0000000706200000, 0x0000000706400000|  0%| F|  |TAMS 0x0000000706200000| PB 0x0000000706200000| Untracked 
|  21|0x0000000706400000, 0x0000000706400000, 0x0000000706600000|  0%| F|  |TAMS 0x0000000706400000| PB 0x0000000706400000| Untracked 
|  22|0x0000000706600000, 0x0000000706600000, 0x0000000706800000|  0%| F|  |TAMS 0x0000000706600000| PB 0x0000000706600000| Untracked 
|  23|0x0000000706800000, 0x0000000706800000, 0x0000000706a00000|  0%| F|  |TAMS 0x0000000706800000| PB 0x0000000706800000| Untracked 
|  24|0x0000000706a00000, 0x0000000706a00000, 0x0000000706c00000|  0%| F|  |TAMS 0x0000000706a00000| PB 0x0000000706a00000| Untracked 
|  25|0x0000000706c00000, 0x0000000706c00000, 0x0000000706e00000|  0%| F|  |TAMS 0x0000000706c00000| PB 0x0000000706c00000| Untracked 
|  26|0x0000000706e00000, 0x0000000706e00000, 0x0000000707000000|  0%| F|  |TAMS 0x0000000706e00000| PB 0x0000000706e00000| Untracked 
|  27|0x0000000707000000, 0x0000000707000000, 0x0000000707200000|  0%| F|  |TAMS 0x0000000707000000| PB 0x0000000707000000| Untracked 
|  28|0x0000000707200000, 0x0000000707200000, 0x0000000707400000|  0%| F|  |TAMS 0x0000000707200000| PB 0x0000000707200000| Untracked 
|  29|0x0000000707400000, 0x0000000707400000, 0x0000000707600000|  0%| F|  |TAMS 0x0000000707400000| PB 0x0000000707400000| Untracked 
|  30|0x0000000707600000, 0x0000000707600000, 0x0000000707800000|  0%| F|  |TAMS 0x0000000707600000| PB 0x0000000707600000| Untracked 
|  31|0x0000000707800000, 0x0000000707800000, 0x0000000707a00000|  0%| F|  |TAMS 0x0000000707800000| PB 0x0000000707800000| Untracked 
|  32|0x0000000707a00000, 0x0000000707a00000, 0x0000000707c00000|  0%| F|  |TAMS 0x0000000707a00000| PB 0x0000000707a00000| Untracked 
|  33|0x0000000707c00000, 0x0000000707c00000, 0x0000000707e00000|  0%| F|  |TAMS 0x0000000707c00000| PB 0x0000000707c00000| Untracked 
|  34|0x0000000707e00000, 0x0000000707e00000, 0x0000000708000000|  0%| F|  |TAMS 0x0000000707e00000| PB 0x0000000707e00000| Untracked 
|  35|0x0000000708000000, 0x0000000708000000, 0x0000000708200000|  0%| F|  |TAMS 0x0000000708000000| PB 0x0000000708000000| Untracked 
|  36|0x0000000708200000, 0x0000000708200000, 0x0000000708400000|  0%| F|  |TAMS 0x0000000708200000| PB 0x0000000708200000| Untracked 
|  37|0x0000000708400000, 0x0000000708400000, 0x0000000708600000|  0%| F|  |TAMS 0x0000000708400000| PB 0x0000000708400000| Untracked 
|  38|0x0000000708600000, 0x0000000708600000, 0x0000000708800000|  0%| F|  |TAMS 0x0000000708600000| PB 0x0000000708600000| Untracked 
|  39|0x0000000708800000, 0x0000000708800000, 0x0000000708a00000|  0%| F|  |TAMS 0x0000000708800000| PB 0x0000000708800000| Untracked 
|  40|0x0000000708a00000, 0x0000000708a00000, 0x0000000708c00000|  0%| F|  |TAMS 0x0000000708a00000| PB 0x0000000708a00000| Untracked 
|  41|0x0000000708c00000, 0x0000000708c00000, 0x0000000708e00000|  0%| F|  |TAMS 0x0000000708c00000| PB 0x0000000708c00000| Untracked 
|  42|0x0000000708e00000, 0x0000000708e00000, 0x0000000709000000|  0%| F|  |TAMS 0x0000000708e00000| PB 0x0000000708e00000| Untracked 
|  43|0x0000000709000000, 0x0000000709000000, 0x0000000709200000|  0%| F|  |TAMS 0x0000000709000000| PB 0x0000000709000000| Untracked 
|  44|0x0000000709200000, 0x0000000709200000, 0x0000000709400000|  0%| F|  |TAMS 0x0000000709200000| PB 0x0000000709200000| Untracked 
|  45|0x0000000709400000, 0x000000070954f7c0, 0x0000000709600000| 65%| S|CS|TAMS 0x0000000709400000| PB 0x0000000709400000| Complete 
|  46|0x0000000709600000, 0x0000000709800000, 0x0000000709800000|100%| S|CS|TAMS 0x0000000709600000| PB 0x0000000709600000| Complete 
|  47|0x0000000709800000, 0x0000000709a00000, 0x0000000709a00000|100%| S|CS|TAMS 0x0000000709800000| PB 0x0000000709800000| Complete 
|  48|0x0000000709a00000, 0x0000000709c00000, 0x0000000709c00000|100%| S|CS|TAMS 0x0000000709a00000| PB 0x0000000709a00000| Complete 
|  49|0x0000000709c00000, 0x0000000709e00000, 0x0000000709e00000|100%| S|CS|TAMS 0x0000000709c00000| PB 0x0000000709c00000| Complete 
|  50|0x0000000709e00000, 0x000000070a000000, 0x000000070a000000|100%| S|CS|TAMS 0x0000000709e00000| PB 0x0000000709e00000| Complete 
|  51|0x000000070a000000, 0x000000070a000000, 0x000000070a200000|  0%| F|  |TAMS 0x000000070a000000| PB 0x000000070a000000| Untracked 
|  52|0x000000070a200000, 0x000000070a200000, 0x000000070a400000|  0%| F|  |TAMS 0x000000070a200000| PB 0x000000070a200000| Untracked 
|  53|0x000000070a400000, 0x000000070a400000, 0x000000070a600000|  0%| F|  |TAMS 0x000000070a400000| PB 0x000000070a400000| Untracked 
|  54|0x000000070a600000, 0x000000070a600000, 0x000000070a800000|  0%| F|  |TAMS 0x000000070a600000| PB 0x000000070a600000| Untracked 
|  55|0x000000070a800000, 0x000000070a800000, 0x000000070aa00000|  0%| F|  |TAMS 0x000000070a800000| PB 0x000000070a800000| Untracked 
|  56|0x000000070aa00000, 0x000000070aa00000, 0x000000070ac00000|  0%| F|  |TAMS 0x000000070aa00000| PB 0x000000070aa00000| Untracked 
|  57|0x000000070ac00000, 0x000000070ac00000, 0x000000070ae00000|  0%| F|  |TAMS 0x000000070ac00000| PB 0x000000070ac00000| Untracked 
|  58|0x000000070ae00000, 0x000000070ae00000, 0x000000070b000000|  0%| F|  |TAMS 0x000000070ae00000| PB 0x000000070ae00000| Untracked 
|  59|0x000000070b000000, 0x000000070b000000, 0x000000070b200000|  0%| F|  |TAMS 0x000000070b000000| PB 0x000000070b000000| Untracked 
|  60|0x000000070b200000, 0x000000070b200000, 0x000000070b400000|  0%| F|  |TAMS 0x000000070b200000| PB 0x000000070b200000| Untracked 
|  61|0x000000070b400000, 0x000000070b400000, 0x000000070b600000|  0%| F|  |TAMS 0x000000070b400000| PB 0x000000070b400000| Untracked 
|  62|0x000000070b600000, 0x000000070b600000, 0x000000070b800000|  0%| F|  |TAMS 0x000000070b600000| PB 0x000000070b600000| Untracked 
|  63|0x000000070b800000, 0x000000070b800000, 0x000000070ba00000|  0%| F|  |TAMS 0x000000070b800000| PB 0x000000070b800000| Untracked 
|  64|0x000000070ba00000, 0x000000070ba00000, 0x000000070bc00000|  0%| F|  |TAMS 0x000000070ba00000| PB 0x000000070ba00000| Untracked 
|  65|0x000000070bc00000, 0x000000070bc00000, 0x000000070be00000|  0%| F|  |TAMS 0x000000070bc00000| PB 0x000000070bc00000| Untracked 
|  66|0x000000070be00000, 0x000000070be00000, 0x000000070c000000|  0%| F|  |TAMS 0x000000070be00000| PB 0x000000070be00000| Untracked 
|  67|0x000000070c000000, 0x000000070c000000, 0x000000070c200000|  0%| F|  |TAMS 0x000000070c000000| PB 0x000000070c000000| Untracked 
|  68|0x000000070c200000, 0x000000070c200000, 0x000000070c400000|  0%| F|  |TAMS 0x000000070c200000| PB 0x000000070c200000| Untracked 
|  69|0x000000070c400000, 0x000000070c400000, 0x000000070c600000|  0%| F|  |TAMS 0x000000070c400000| PB 0x000000070c400000| Untracked 
|  70|0x000000070c600000, 0x000000070c600000, 0x000000070c800000|  0%| F|  |TAMS 0x000000070c600000| PB 0x000000070c600000| Untracked 
|  71|0x000000070c800000, 0x000000070c800000, 0x000000070ca00000|  0%| F|  |TAMS 0x000000070c800000| PB 0x000000070c800000| Untracked 
|  72|0x000000070ca00000, 0x000000070ca00000, 0x000000070cc00000|  0%| F|  |TAMS 0x000000070ca00000| PB 0x000000070ca00000| Untracked 
|  73|0x000000070cc00000, 0x000000070cc00000, 0x000000070ce00000|  0%| F|  |TAMS 0x000000070cc00000| PB 0x000000070cc00000| Untracked 
|  74|0x000000070ce00000, 0x000000070ce00000, 0x000000070d000000|  0%| F|  |TAMS 0x000000070ce00000| PB 0x000000070ce00000| Untracked 
|  75|0x000000070d000000, 0x000000070d000000, 0x000000070d200000|  0%| F|  |TAMS 0x000000070d000000| PB 0x000000070d000000| Untracked 
|  76|0x000000070d200000, 0x000000070d200000, 0x000000070d400000|  0%| F|  |TAMS 0x000000070d200000| PB 0x000000070d200000| Untracked 
|  77|0x000000070d400000, 0x000000070d400000, 0x000000070d600000|  0%| F|  |TAMS 0x000000070d400000| PB 0x000000070d400000| Untracked 
|  78|0x000000070d600000, 0x000000070d600000, 0x000000070d800000|  0%| F|  |TAMS 0x000000070d600000| PB 0x000000070d600000| Untracked 
|  79|0x000000070d800000, 0x000000070d800000, 0x000000070da00000|  0%| F|  |TAMS 0x000000070d800000| PB 0x000000070d800000| Untracked 
|  80|0x000000070da00000, 0x000000070da00000, 0x000000070dc00000|  0%| F|  |TAMS 0x000000070da00000| PB 0x000000070da00000| Untracked 
|  81|0x000000070dc00000, 0x000000070dc00000, 0x000000070de00000|  0%| F|  |TAMS 0x000000070dc00000| PB 0x000000070dc00000| Untracked 
|  82|0x000000070de00000, 0x000000070de00000, 0x000000070e000000|  0%| F|  |TAMS 0x000000070de00000| PB 0x000000070de00000| Untracked 
|  83|0x000000070e000000, 0x000000070e000000, 0x000000070e200000|  0%| F|  |TAMS 0x000000070e000000| PB 0x000000070e000000| Untracked 
|  84|0x000000070e200000, 0x000000070e200000, 0x000000070e400000|  0%| F|  |TAMS 0x000000070e200000| PB 0x000000070e200000| Untracked 
|  85|0x000000070e400000, 0x000000070e400000, 0x000000070e600000|  0%| F|  |TAMS 0x000000070e400000| PB 0x000000070e400000| Untracked 
|  86|0x000000070e600000, 0x000000070e600000, 0x000000070e800000|  0%| F|  |TAMS 0x000000070e600000| PB 0x000000070e600000| Untracked 
|  87|0x000000070e800000, 0x000000070e800000, 0x000000070ea00000|  0%| F|  |TAMS 0x000000070e800000| PB 0x000000070e800000| Untracked 
|  88|0x000000070ea00000, 0x000000070ea00000, 0x000000070ec00000|  0%| F|  |TAMS 0x000000070ea00000| PB 0x000000070ea00000| Untracked 
|  89|0x000000070ec00000, 0x000000070ec00000, 0x000000070ee00000|  0%| F|  |TAMS 0x000000070ec00000| PB 0x000000070ec00000| Untracked 
|  90|0x000000070ee00000, 0x000000070ef00800, 0x000000070f000000| 50%| E|  |TAMS 0x000000070ee00000| PB 0x000000070ee00000| Complete 
|  91|0x000000070f000000, 0x000000070f200000, 0x000000070f200000|100%| E|CS|TAMS 0x000000070f000000| PB 0x000000070f000000| Complete 
|  92|0x000000070f200000, 0x000000070f400000, 0x000000070f400000|100%| E|CS|TAMS 0x000000070f200000| PB 0x000000070f200000| Complete 
|  93|0x000000070f400000, 0x000000070f600000, 0x000000070f600000|100%| E|CS|TAMS 0x000000070f400000| PB 0x000000070f400000| Complete 
|  94|0x000000070f600000, 0x000000070f800000, 0x000000070f800000|100%| E|CS|TAMS 0x000000070f600000| PB 0x000000070f600000| Complete 
|  95|0x000000070f800000, 0x000000070fa00000, 0x000000070fa00000|100%| E|CS|TAMS 0x000000070f800000| PB 0x000000070f800000| Complete 
|  96|0x000000070fa00000, 0x000000070fc00000, 0x000000070fc00000|100%| E|CS|TAMS 0x000000070fa00000| PB 0x000000070fa00000| Complete 
|  97|0x000000070fc00000, 0x000000070fe00000, 0x000000070fe00000|100%| E|CS|TAMS 0x000000070fc00000| PB 0x000000070fc00000| Complete 
|  98|0x000000070fe00000, 0x0000000710000000, 0x0000000710000000|100%| E|CS|TAMS 0x000000070fe00000| PB 0x000000070fe00000| Complete 
|  99|0x0000000710000000, 0x0000000710200000, 0x0000000710200000|100%| E|CS|TAMS 0x0000000710000000| PB 0x0000000710000000| Complete 
| 100|0x0000000710200000, 0x0000000710400000, 0x0000000710400000|100%| E|CS|TAMS 0x0000000710200000| PB 0x0000000710200000| Complete 
| 101|0x0000000710400000, 0x0000000710600000, 0x0000000710600000|100%| E|CS|TAMS 0x0000000710400000| PB 0x0000000710400000| Complete 
| 102|0x0000000710600000, 0x0000000710800000, 0x0000000710800000|100%| E|CS|TAMS 0x0000000710600000| PB 0x0000000710600000| Complete 
| 103|0x0000000710800000, 0x0000000710a00000, 0x0000000710a00000|100%| E|CS|TAMS 0x0000000710800000| PB 0x0000000710800000| Complete 
| 104|0x0000000710a00000, 0x0000000710c00000, 0x0000000710c00000|100%| E|CS|TAMS 0x0000000710a00000| PB 0x0000000710a00000| Complete 
| 105|0x0000000710c00000, 0x0000000710e00000, 0x0000000710e00000|100%| E|CS|TAMS 0x0000000710c00000| PB 0x0000000710c00000| Complete 
| 106|0x0000000710e00000, 0x0000000711000000, 0x0000000711000000|100%| E|CS|TAMS 0x0000000710e00000| PB 0x0000000710e00000| Complete 
| 107|0x0000000711000000, 0x0000000711200000, 0x0000000711200000|100%| E|CS|TAMS 0x0000000711000000| PB 0x0000000711000000| Complete 
| 108|0x0000000711200000, 0x0000000711400000, 0x0000000711400000|100%| E|CS|TAMS 0x0000000711200000| PB 0x0000000711200000| Complete 
| 109|0x0000000711400000, 0x0000000711600000, 0x0000000711600000|100%| E|CS|TAMS 0x0000000711400000| PB 0x0000000711400000| Complete 
| 110|0x0000000711600000, 0x0000000711800000, 0x0000000711800000|100%| E|CS|TAMS 0x0000000711600000| PB 0x0000000711600000| Complete 
| 111|0x0000000711800000, 0x0000000711a00000, 0x0000000711a00000|100%| E|CS|TAMS 0x0000000711800000| PB 0x0000000711800000| Complete 
| 112|0x0000000711a00000, 0x0000000711c00000, 0x0000000711c00000|100%| E|CS|TAMS 0x0000000711a00000| PB 0x0000000711a00000| Complete 
| 113|0x0000000711c00000, 0x0000000711e00000, 0x0000000711e00000|100%| E|CS|TAMS 0x0000000711c00000| PB 0x0000000711c00000| Complete 
| 114|0x0000000711e00000, 0x0000000712000000, 0x0000000712000000|100%| E|CS|TAMS 0x0000000711e00000| PB 0x0000000711e00000| Complete 
| 115|0x0000000712000000, 0x0000000712200000, 0x0000000712200000|100%| E|CS|TAMS 0x0000000712000000| PB 0x0000000712000000| Complete 
| 116|0x0000000712200000, 0x0000000712400000, 0x0000000712400000|100%| E|CS|TAMS 0x0000000712200000| PB 0x0000000712200000| Complete 
| 117|0x0000000712400000, 0x0000000712600000, 0x0000000712600000|100%| E|CS|TAMS 0x0000000712400000| PB 0x0000000712400000| Complete 
| 118|0x0000000712600000, 0x0000000712800000, 0x0000000712800000|100%| E|CS|TAMS 0x0000000712600000| PB 0x0000000712600000| Complete 
| 119|0x0000000712800000, 0x0000000712a00000, 0x0000000712a00000|100%| E|CS|TAMS 0x0000000712800000| PB 0x0000000712800000| Complete 
| 120|0x0000000712a00000, 0x0000000712c00000, 0x0000000712c00000|100%| E|CS|TAMS 0x0000000712a00000| PB 0x0000000712a00000| Complete 
| 121|0x0000000712c00000, 0x0000000712e00000, 0x0000000712e00000|100%| E|CS|TAMS 0x0000000712c00000| PB 0x0000000712c00000| Complete 
| 122|0x0000000712e00000, 0x0000000713000000, 0x0000000713000000|100%| E|CS|TAMS 0x0000000712e00000| PB 0x0000000712e00000| Complete 
| 123|0x0000000713000000, 0x0000000713200000, 0x0000000713200000|100%| E|CS|TAMS 0x0000000713000000| PB 0x0000000713000000| Complete 
| 124|0x0000000713200000, 0x0000000713400000, 0x0000000713400000|100%| E|CS|TAMS 0x0000000713200000| PB 0x0000000713200000| Complete 
| 125|0x0000000713400000, 0x0000000713600000, 0x0000000713600000|100%| E|CS|TAMS 0x0000000713400000| PB 0x0000000713400000| Complete 
| 126|0x0000000713600000, 0x0000000713800000, 0x0000000713800000|100%| E|CS|TAMS 0x0000000713600000| PB 0x0000000713600000| Complete 

Card table byte_map: [0x000002182e330000,0x000002182eb20000] _byte_map_base: 0x000002182ab13000

Marking Bits: (CMBitMap*) 0x00000218142c0720
 Bits: [0x000002182eb20000, 0x0000021832a38000)

Polling page: 0x0000021814320000

Metaspace:

Usage:
  Non-class:      8.80 MB used.
      Class:    675.09 KB used.
       Both:      9.46 MB used.

Virtual space:
  Non-class space:       64.00 MB reserved,       8.94 MB ( 14%) committed,  1 nodes.
      Class space:        1.00 GB reserved,     768.00 KB ( <1%) committed,  1 nodes.
             Both:        1.06 GB reserved,       9.69 MB ( <1%) committed. 

Chunk freelists:
   Non-Class:  5.98 MB
       Class:  15.27 MB
        Both:  21.25 MB

MaxMetaspaceSize: unlimited
CompressedClassSpaceSize: 1.00 GB
Initial GC threshold: 21.00 MB
Current GC threshold: 21.00 MB
CDS: on
 - commit_granule_bytes: 65536.
 - commit_granule_words: 8192.
 - virtual_space_node_default_size: 8388608.
 - enlarge_chunks_in_place: 1.
 - use_allocation_guard: 0.


Internal statistics:

num_allocs_failed_limit: 0.
num_arena_births: 178.
num_arena_deaths: 0.
num_vsnodes_births: 2.
num_vsnodes_deaths: 0.
num_space_committed: 153.
num_space_uncommitted: 0.
num_chunks_returned_to_freelist: 0.
num_chunks_taken_from_freelist: 450.
num_chunk_merges: 0.
num_chunk_splits: 319.
num_chunks_enlarged: 242.
num_inconsistent_stats: 0.

CodeHeap 'non-profiled nmethods': size=120000Kb used=1200Kb max_used=1200Kb free=118800Kb
 bounds [0x0000021825990000, 0x0000021825c00000, 0x000002182cec0000]
CodeHeap 'profiled nmethods': size=120000Kb used=3411Kb max_used=3411Kb free=116588Kb
 bounds [0x000002181dec0000, 0x000002181e220000, 0x00000218253f0000]
CodeHeap 'non-nmethods': size=5760Kb used=2729Kb max_used=2757Kb free=3030Kb
 bounds [0x00000218253f0000, 0x00000218256b0000, 0x0000021825990000]
 total_blobs=3402 nmethods=2127 adapters=1180
 compilation: enabled
              stopped_count=0, restarted_count=0
 full_count=0

Compilation events (20 events):
Event: 55.486 Thread 0x000002183573b8b0 nmethod 2118 0x0000021825ab7710 code [0x0000021825ab78a0, 0x0000021825ab7998]
Event: 55.486 Thread 0x000002183573b8b0 2119       4       jade.MouseListener::endFrame (15 bytes)
Event: 55.486 Thread 0x000002183573b8b0 nmethod 2119 0x0000021825ab7a90 code [0x0000021825ab7c20, 0x0000021825ab7cb8]
Event: 55.491 Thread 0x000002183573b8b0 2120       4       components.GizmoSystem::editorUpdate (108 bytes)
Event: 55.505 Thread 0x000002183573b8b0 nmethod 2120 0x0000021825ab7d90 code [0x0000021825ab8000, 0x0000021825ab8c58]
Event: 109.406 Thread 0x000002183573b8b0 2121 % !   4       java.lang.ref.Reference::processPendingReferences @ 27 (118 bytes)
Event: 109.412 Thread 0x000002183573b8b0 nmethod 2121% 0x0000021825ab9590 code [0x0000021825ab97c0, 0x0000021825aba498]
Event: 109.413 Thread 0x000002183573b8b0 2122   !   4       java.lang.ref.Reference::processPendingReferences (118 bytes)
Event: 109.419 Thread 0x000002183573b8b0 nmethod 2122 0x0000021825aba810 code [0x0000021825abaa80, 0x0000021825abb940]
Event: 144.482 Thread 0x000002183573d710 2123       3       jdk.internal.loader.ClassLoaders::platformClassLoader (4 bytes)
Event: 144.482 Thread 0x000002183573d710 nmethod 2123 0x000002181e213010 code [0x000002181e2131a0, 0x000002181e213298]
Event: 144.482 Thread 0x000002183573d710 2124       3       java.lang.Class::getReflectionFactory (28 bytes)
Event: 144.483 Thread 0x000002183573d710 nmethod 2124 0x000002181e213310 code [0x000002181e213540, 0x000002181e213c20]
Event: 144.483 Thread 0x000002183573b8b0 2125       4       java.util.concurrent.ConcurrentHashMap::spread (10 bytes)
Event: 144.483 Thread 0x000002183573d710 2126       3       java.lang.ref.ReferenceQueue::poll0 (65 bytes)
Event: 144.484 Thread 0x000002183573b8b0 nmethod 2125 0x0000021825abbd10 code [0x0000021825abbe80, 0x0000021825abbef8]
Event: 144.484 Thread 0x000002183573b8b0 2127       4       java.util.concurrent.ConcurrentHashMap::setTabAt (20 bytes)
Event: 144.484 Thread 0x000002183573d710 nmethod 2126 0x000002181e213e90 code [0x000002181e214060, 0x000002181e2145b0]
Event: 144.484 Thread 0x000002183573d710 2128       3       java.util.Arrays::equals (43 bytes)
Event: 144.484 Thread 0x000002183573d710 nmethod 2128 0x000002181e214690 code [0x000002181e214860, 0x000002181e214b58]

GC Heap History (8 events):
Event: 1.380 GC heap before
{Heap before GC invocations=0 (full 0):
 garbage-first heap   total 260096K, used 22528K [0x0000000703a00000, 0x0000000800000000)
  region size 2048K, 11 young (22528K), 0 survivors (0K)
 Metaspace       used 8160K, committed 8384K, reserved 1114112K
  class space    used 612K, committed 704K, reserved 1048576K
}
Event: 1.383 GC heap after
{Heap after GC invocations=1 (full 0):
 garbage-first heap   total 260096K, used 4379K [0x0000000703a00000, 0x0000000800000000)
  region size 2048K, 2 young (4096K), 2 survivors (4096K)
 Metaspace       used 8160K, committed 8384K, reserved 1114112K
  class space    used 612K, committed 704K, reserved 1048576K
}
Event: 13.561 GC heap before
{Heap before GC invocations=1 (full 0):
 garbage-first heap   total 260096K, used 37147K [0x0000000703a00000, 0x0000000800000000)
  region size 2048K, 18 young (36864K), 2 survivors (4096K)
 Metaspace       used 9597K, committed 9856K, reserved 1114112K
  class space    used 662K, committed 768K, reserved 1048576K
}
Event: 13.569 GC heap after
{Heap after GC invocations=2 (full 0):
 garbage-first heap   total 260096K, used 7293K [0x0000000703a00000, 0x0000000800000000)
  region size 2048K, 2 young (4096K), 2 survivors (4096K)
 Metaspace       used 9597K, committed 9856K, reserved 1114112K
  class space    used 662K, committed 768K, reserved 1048576K
}
Event: 39.775 GC heap before
{Heap before GC invocations=2 (full 0):
 garbage-first heap   total 260096K, used 62589K [0x0000000703a00000, 0x0000000800000000)
  region size 2048K, 29 young (59392K), 2 survivors (4096K)
 Metaspace       used 9599K, committed 9856K, reserved 1114112K
  class space    used 662K, committed 768K, reserved 1048576K
}
Event: 39.788 GC heap after
{Heap after GC invocations=3 (full 0):
 garbage-first heap   total 260096K, used 9522K [0x0000000703a00000, 0x0000000800000000)
  region size 2048K, 3 young (6144K), 3 survivors (6144K)
 Metaspace       used 9599K, committed 9856K, reserved 1114112K
  class space    used 662K, committed 768K, reserved 1048576K
}
Event: 109.366 GC heap before
{Heap before GC invocations=3 (full 0):
 garbage-first heap   total 260096K, used 159026K [0x0000000703a00000, 0x0000000800000000)
  region size 2048K, 76 young (155648K), 3 survivors (6144K)
 Metaspace       used 9599K, committed 9856K, reserved 1114112K
  class space    used 662K, committed 768K, reserved 1048576K
}
Event: 109.398 GC heap after
{Heap after GC invocations=4 (full 0):
 garbage-first heap   total 260096K, used 16097K [0x0000000703a00000, 0x0000000800000000)
  region size 2048K, 6 young (12288K), 6 survivors (12288K)
 Metaspace       used 9599K, committed 9856K, reserved 1114112K
  class space    used 662K, committed 768K, reserved 1048576K
}

Dll operation events (15 events):
Event: 0.006 Loaded shared library D:\jdk-21.0.1\bin\java.dll
Event: 0.036 Loaded shared library D:\jdk-21.0.1\bin\jsvml.dll
Event: 0.077 Loaded shared library D:\jdk-21.0.1\bin\zip.dll
Event: 0.080 Loaded shared library D:\jdk-21.0.1\bin\instrument.dll
Event: 0.084 Loaded shared library D:\jdk-21.0.1\bin\net.dll
Event: 0.085 Loaded shared library D:\jdk-21.0.1\bin\nio.dll
Event: 0.087 Loaded shared library D:\jdk-21.0.1\bin\zip.dll
Event: 0.110 Loaded shared library D:\IntelliJ IDEA Community Edition 2023.3.3\bin\breakgen64.dll
Event: 0.116 Loaded shared library D:\jdk-21.0.1\bin\extnet.dll
Event: 0.158 Loaded shared library D:\jdk-21.0.1\bin\jimage.dll
Event: 0.171 Loaded shared library C:\Users\Vu\AppData\Local\Temp\lwjglVu\3.3.1-build-7\lwjgl.dll
Event: 0.486 Loaded shared library C:\Users\Vu\AppData\Local\Temp\lwjglVu\3.3.1-build-7\lwjgl_opengl.dll
Event: 0.828 Loaded shared library C:\Users\Vu\AppData\Local\Temp\imgui-java-natives_1708460507495\imgui-java64.dll
Event: 0.937 Loaded shared library D:\jdk-21.0.1\bin\verify.dll
Event: 1.031 Loaded shared library C:\Users\Vu\AppData\Local\Temp\lwjglVu\3.3.1-build-7\lwjgl_stb.dll

Deoptimization events (20 events):
Event: 4.777 Thread 0x00000218140bf9b0 DEOPT PACKING pc=0x0000021825a46614 sp=0x000000c784bff150
Event: 4.777 Thread 0x00000218140bf9b0 DEOPT UNPACKING pc=0x0000021825447da2 sp=0x000000c784bff0b0 mode 2
Event: 6.342 Thread 0x00000218140bf9b0 DEOPT PACKING pc=0x000002181e19466d sp=0x000000c784bff1a0
Event: 6.342 Thread 0x00000218140bf9b0 DEOPT UNPACKING pc=0x00000218254488e2 sp=0x000000c784bfe640 mode 0
Event: 6.596 Thread 0x00000218140bf9b0 DEOPT PACKING pc=0x000002181e18c8d4 sp=0x000000c784bff030
Event: 6.596 Thread 0x00000218140bf9b0 DEOPT UNPACKING pc=0x00000218254488e2 sp=0x000000c784bfe718 mode 0
Event: 13.570 Thread 0x00000218140bf9b0 Uncommon trap: trap_request=0xffffff45 fr.pc=0x0000021825a3f368 relative=0x0000000000003168
Event: 13.571 Thread 0x00000218140bf9b0 Uncommon trap: reason=unstable_if action=reinterpret pc=0x0000021825a3f368 method=java.nio.Bits.tryReserveMemory(JJ)Z @ 30 c2
Event: 13.571 Thread 0x00000218140bf9b0 DEOPT PACKING pc=0x0000021825a3f368 sp=0x000000c784bff250
Event: 13.571 Thread 0x00000218140bf9b0 DEOPT UNPACKING pc=0x0000021825447da2 sp=0x000000c784bfeea8 mode 2
Event: 13.574 Thread 0x00000218140bf9b0 Uncommon trap: trap_request=0xffffff45 fr.pc=0x0000021825a43954 relative=0x0000000000000e54
Event: 13.574 Thread 0x00000218140bf9b0 Uncommon trap: reason=unstable_if action=reinterpret pc=0x0000021825a43954 method=java.nio.Bits.tryReserveMemory(JJ)Z @ 30 c2
Event: 13.574 Thread 0x00000218140bf9b0 DEOPT PACKING pc=0x0000021825a43954 sp=0x000000c784bff110
Event: 13.574 Thread 0x00000218140bf9b0 DEOPT UNPACKING pc=0x0000021825447da2 sp=0x000000c784bfef78 mode 2
Event: 109.413 Thread 0x00000218357240e0 DEOPT PACKING pc=0x000002181e212c19 sp=0x000000c7853ff220
Event: 109.413 Thread 0x00000218357240e0 DEOPT UNPACKING pc=0x00000218254488e2 sp=0x000000c7853fe6c0 mode 0
Event: 144.482 Thread 0x000002187b14aff0 Uncommon trap: trap_request=0xffffff45 fr.pc=0x0000021825a61ce0 relative=0x0000000000000140
Event: 144.482 Thread 0x000002187b14aff0 Uncommon trap: reason=unstable_if action=reinterpret pc=0x0000021825a61ce0 method=java.lang.Class.reflectionData()Ljava/lang/Class$ReflectionData; @ 11 c2
Event: 144.482 Thread 0x000002187b14aff0 DEOPT PACKING pc=0x0000021825a61ce0 sp=0x000000c7848fd9e0
Event: 144.482 Thread 0x000002187b14aff0 DEOPT UNPACKING pc=0x0000021825447da2 sp=0x000000c7848fd998 mode 2

Classes loaded (20 events):
Event: 144.483 Loading class jdk/internal/logger/AbstractLoggerWrapper
Event: 144.483 Loading class jdk/internal/logger/AbstractLoggerWrapper done
Event: 144.483 Loading class jdk/internal/logger/LazyLoggers$LazyLoggerWrapper done
Event: 144.483 Loading class jdk/internal/logger/LazyLoggers$JdkLazyLogger done
Event: 144.483 Loading class jdk/internal/logger/LazyLoggers$LazyLoggerAccessor
Event: 144.483 Loading class jdk/internal/logger/LazyLoggers$LoggerAccessor
Event: 144.483 Loading class jdk/internal/logger/LazyLoggers$LoggerAccessor done
Event: 144.483 Loading class jdk/internal/logger/LazyLoggers$LazyLoggerAccessor done
Event: 144.483 Loading class java/lang/System$Logger$Level
Event: 144.483 Loading class java/lang/System$Logger$Level done
Event: 144.483 Loading class jdk/internal/logger/SurrogateLogger
Event: 144.483 Loading class jdk/internal/logger/SimpleConsoleLogger
Event: 144.483 Loading class sun/util/logging/PlatformLogger$ConfigurableBridge$LoggerConfiguration
Event: 144.483 Loading class sun/util/logging/PlatformLogger$ConfigurableBridge$LoggerConfiguration done
Event: 144.483 Loading class jdk/internal/logger/SimpleConsoleLogger done
Event: 144.483 Loading class jdk/internal/logger/SurrogateLogger done
Event: 144.484 Loading class sun/util/logging/PlatformLogger
Event: 144.484 Loading class sun/util/logging/PlatformLogger done
Event: 144.484 Loading class sun/util/logging/PlatformLogger$Level
Event: 144.484 Loading class sun/util/logging/PlatformLogger$Level done

Classes unloaded (0 events):
No events

Classes redefined (0 events):
No events

Internal exceptions (20 events):
Event: 0.470 Thread 0x00000218140bf9b0 Exception <a 'java/lang/NoSuchMethodError'{0x00000007131e39d0}: 'java.lang.Object java.lang.invoke.DirectMethodHandle$Holder.newInvokeSpecial(java.lang.Object, long)'> (0x00000007131e39d0) 
thrown [s\open\src\hotspot\share\interpreter\linkResolver.cpp, line 773]
Event: 0.479 Thread 0x00000218140bf9b0 Exception <a 'java/lang/NoSuchMethodError'{0x0000000712e1d868}: 'void java.lang.System.load(java.lang.String, java.lang.Class)'> (0x0000000712e1d868) 
thrown [s\open\src\hotspot\share\interpreter\linkResolver.cpp, line 773]
Event: 0.480 Thread 0x00000218140bf9b0 Exception <a 'java/lang/NoSuchMethodError'{0x0000000712e20208}: 'void java.lang.System.loadLibrary(java.lang.String, java.lang.Class)'> (0x0000000712e20208) 
thrown [s\open\src\hotspot\share\interpreter\linkResolver.cpp, line 773]
Event: 0.484 Thread 0x00000218140bf9b0 Exception <a 'sun/nio/fs/WindowsException'{0x0000000712e30038}> (0x0000000712e30038) 
thrown [s\open\src\hotspot\share\prims\jni.cpp, line 520]
Event: 0.484 Thread 0x00000218140bf9b0 Exception <a 'sun/nio/fs/WindowsException'{0x0000000712e303b8}> (0x0000000712e303b8) 
thrown [s\open\src\hotspot\share\prims\jni.cpp, line 520]
Event: 0.489 Thread 0x00000218140bf9b0 Exception <a 'sun/nio/fs/WindowsException'{0x0000000712e37298}> (0x0000000712e37298) 
thrown [s\open\src\hotspot\share\prims\jni.cpp, line 520]
Event: 0.489 Thread 0x00000218140bf9b0 Exception <a 'sun/nio/fs/WindowsException'{0x0000000712e37558}> (0x0000000712e37558) 
thrown [s\open\src\hotspot\share\prims\jni.cpp, line 520]
Event: 0.769 Thread 0x00000218140bf9b0 Exception <a 'sun/nio/fs/WindowsException'{0x0000000712daeb80}> (0x0000000712daeb80) 
thrown [s\open\src\hotspot\share\prims\jni.cpp, line 520]
Event: 0.840 Thread 0x00000218140bf9b0 Exception <a 'java/lang/NoSuchMethodError'{0x0000000712a06880}: 'void java.lang.invoke.DirectMethodHandle$Holder.invokeVirtual(java.lang.Object, java.lang.Object, long, int)'> (0x0000000712a06880) 
thrown [s\open\src\hotspot\share\interpreter\linkResolver.cpp, line 773]
Event: 0.941 Thread 0x00000218140bf9b0 Exception <a 'java/lang/NoSuchMethodError'{0x00000007127a9088}: 'float java.lang.invoke.DelegatingMethodHandle$Holder.reinvoke_L(java.lang.Object, java.lang.Object)'> (0x00000007127a9088) 
thrown [s\open\src\hotspot\share\interpreter\linkResolver.cpp, line 773]
Event: 0.942 Thread 0x00000218140bf9b0 Exception <a 'java/lang/NoSuchMethodError'{0x00000007127b3010}: 'void java.lang.invoke.DelegatingMethodHandle$Holder.reinvoke_L(java.lang.Object, java.lang.Object, float)'> (0x00000007127b3010) 
thrown [s\open\src\hotspot\share\interpreter\linkResolver.cpp, line 773]
Event: 0.944 Thread 0x00000218140bf9b0 Exception <a 'java/lang/NoSuchMethodError'{0x00000007127cdff8}: 'void java.lang.invoke.Invokers$Holder.invokeExact_MT(java.lang.Object, java.lang.Object, java.lang.Object, java.lang.Object)'> (0x00000007127cdff8) 
thrown [s\open\src\hotspot\share\interpreter\linkResolver.cpp, line 773]
Event: 0.945 Thread 0x00000218140bf9b0 Exception <a 'java/lang/NoSuchMethodError'{0x00000007127d6a48}: 'void java.lang.invoke.DelegatingMethodHandle$Holder.reinvoke_L(java.lang.Object, java.lang.Object, int)'> (0x00000007127d6a48) 
thrown [s\open\src\hotspot\share\interpreter\linkResolver.cpp, line 773]
Event: 0.945 Thread 0x00000218140bf9b0 Exception <a 'java/lang/NoSuchMethodError'{0x00000007127dd288}: 'void java.lang.invoke.Invokers$Holder.invokeExact_MT(java.lang.Object, java.lang.Object, int, java.lang.Object)'> (0x00000007127dd288) 
thrown [s\open\src\hotspot\share\interpreter\linkResolver.cpp, line 773]
Event: 1.026 Thread 0x00000218140bf9b0 Exception <a 'java/lang/NoSuchMethodError'{0x00000007122091b0}: 'void java.lang.System.load(java.lang.String, java.lang.Class)'> (0x00000007122091b0) 
thrown [s\open\src\hotspot\share\interpreter\linkResolver.cpp, line 773]
Event: 1.026 Thread 0x00000218140bf9b0 Exception <a 'java/lang/NoSuchMethodError'{0x000000071220bb50}: 'void java.lang.System.loadLibrary(java.lang.String, java.lang.Class)'> (0x000000071220bb50) 
thrown [s\open\src\hotspot\share\interpreter\linkResolver.cpp, line 773]
Event: 1.030 Thread 0x00000218140bf9b0 Exception <a 'sun/nio/fs/WindowsException'{0x000000071221a498}> (0x000000071221a498) 
thrown [s\open\src\hotspot\share\prims\jni.cpp, line 520]
Event: 1.030 Thread 0x00000218140bf9b0 Exception <a 'sun/nio/fs/WindowsException'{0x000000071221a7f8}> (0x000000071221a7f8) 
thrown [s\open\src\hotspot\share\prims\jni.cpp, line 520]
Event: 1.054 Thread 0x00000218357269d0 Exception <a 'java/lang/NoSuchMethodError'{0x0000000712357ce8}: 'java.lang.Object java.lang.invoke.Invokers$Holder.invokeExact_MT(java.lang.Object, java.lang.Object, java.lang.Object, java.lang.Object, java.lang.Object, java.lang.Object)'> (0x0000000712357ce8) 
thrown [s\open\src\hotspot\share\interpreter\linkResolver.cpp, line 773]
Event: 144.482 Thread 0x000002187b14aff0 Implicit null exception at 0x0000021825a61be4 to 0x0000021825a61cc8

ZGC Phase Switch (0 events):
No events

VM Operations (20 events):
Event: 5.471 Executing VM operation: Cleanup done
Event: 10.518 Executing VM operation: Cleanup
Event: 10.519 Executing VM operation: Cleanup done
Event: 13.561 Executing VM operation: G1CollectForAllocation (G1 Evacuation Pause)
Event: 13.569 Executing VM operation: G1CollectForAllocation (G1 Evacuation Pause) done
Event: 14.570 Executing VM operation: Cleanup
Event: 14.570 Executing VM operation: Cleanup done
Event: 39.775 Executing VM operation: G1CollectForAllocation (G1 Evacuation Pause)
Event: 39.788 Executing VM operation: G1CollectForAllocation (G1 Evacuation Pause) done
Event: 60.164 Executing VM operation: HandshakeAllThreads (HandshakeForDeflation)
Event: 60.164 Executing VM operation: HandshakeAllThreads (HandshakeForDeflation) done
Event: 60.164 Executing VM operation: RendezvousGCThreads
Event: 60.164 Executing VM operation: RendezvousGCThreads done
Event: 109.366 Executing VM operation: G1CollectForAllocation (G1 Evacuation Pause)
Event: 109.398 Executing VM operation: G1CollectForAllocation (G1 Evacuation Pause) done
Event: 120.323 Executing VM operation: HandshakeAllThreads (HandshakeForDeflation)
Event: 120.323 Executing VM operation: HandshakeAllThreads (HandshakeForDeflation) done
Event: 120.323 Executing VM operation: RendezvousGCThreads
Event: 120.323 Executing VM operation: RendezvousGCThreads done
Event: 144.484 Executing VM operation: Exit

Events (17 events):
Event: 0.020 Thread 0x00000218140bf9b0 Thread added: 0x00000218140bf9b0
Event: 0.033 Thread 0x00000218357240e0 Thread added: 0x00000218357240e0
Event: 0.033 Thread 0x0000021835724e00 Thread added: 0x0000021835724e00
Event: 0.034 Thread 0x000002183572a160 Thread added: 0x000002183572a160
Event: 0.034 Thread 0x00000218357269d0 Thread added: 0x00000218357269d0
Event: 0.034 Thread 0x00000218357277e0 Thread added: 0x00000218357277e0
Event: 0.034 Thread 0x0000021835727f80 Thread added: 0x0000021835727f80
Event: 0.034 Thread 0x000002183573b8b0 Thread added: 0x000002183573b8b0
Event: 0.034 Thread 0x000002183573d710 Thread added: 0x000002183573d710
Event: 0.062 Thread 0x0000021835979a30 Thread added: 0x0000021835979a30
Event: 0.111 Thread 0x000002187b00f750 Thread added: 0x000002187b00f750
Event: 0.111 Thread 0x000002187b013dd0 Thread added: 0x000002187b013dd0
Event: 0.506 Thread 0x000002187b7fe3b0 Thread added: 0x000002187b7fe3b0
Event: 0.635 Thread 0x000002187b7fe3b0 Thread exited: 0x000002187b7fe3b0
Event: 1.049 Thread 0x00000218060fbe20 Thread added: 0x00000218060fbe20
Event: 1.307 Thread 0x00000218060fbe20 Thread exited: 0x00000218060fbe20
Event: 144.481 Thread 0x000002187b14aff0 Thread added: 0x000002187b14aff0


Dynamic libraries:
0x00007ff674430000 - 0x00007ff674440000 	D:\jdk-21.0.1\bin\java.exe
0x00007ffe1b1b0000 - 0x00007ffe1b3c7000 	C:\WINDOWS\SYSTEM32\ntdll.dll
0x00007ffe199f0000 - 0x00007ffe19ab4000 	C:\WINDOWS\System32\KERNEL32.DLL
0x00007ffe187d0000 - 0x00007ffe18b76000 	C:\WINDOWS\System32\KERNELBASE.dll
0x00007ffe18db0000 - 0x00007ffe18ec1000 	C:\WINDOWS\System32\ucrtbase.dll
0x00007ffe05fa0000 - 0x00007ffe05fbb000 	D:\jdk-21.0.1\bin\VCRUNTIME140.dll
0x00007ffe09790000 - 0x00007ffe097a9000 	D:\jdk-21.0.1\bin\jli.dll
0x00007ffe1aa40000 - 0x00007ffe1aaf3000 	C:\WINDOWS\System32\ADVAPI32.dll
0x00007ffe1a690000 - 0x00007ffe1a737000 	C:\WINDOWS\System32\msvcrt.dll
0x00007ffe18f00000 - 0x00007ffe18fa8000 	C:\WINDOWS\System32\sechost.dll
0x00007ffe18570000 - 0x00007ffe18598000 	C:\WINDOWS\System32\bcrypt.dll
0x00007ffe197e0000 - 0x00007ffe198f7000 	C:\WINDOWS\System32\RPCRT4.dll
0x00007ffe1a880000 - 0x00007ffe1aa2e000 	C:\WINDOWS\System32\USER32.dll
0x00007ffe18ed0000 - 0x00007ffe18ef6000 	C:\WINDOWS\System32\win32u.dll
0x00007ffe19900000 - 0x00007ffe19929000 	C:\WINDOWS\System32\GDI32.dll
0x00007ffdf6ba0000 - 0x00007ffdf6e33000 	C:\WINDOWS\WinSxS\amd64_microsoft.windows.common-controls_6595b64144ccf1df_6.0.22621.2506_none_270c5ae97388e100\COMCTL32.dll
0x00007ffe185a0000 - 0x00007ffe186b8000 	C:\WINDOWS\System32\gdi32full.dll
0x00007ffe18730000 - 0x00007ffe187ca000 	C:\WINDOWS\System32\msvcp_win.dll
0x00007ffe0db10000 - 0x00007ffe0db1a000 	C:\WINDOWS\SYSTEM32\VERSION.dll
0x00007ffe199b0000 - 0x00007ffe199e1000 	C:\WINDOWS\System32\IMM32.DLL
0x00007ffe0a0f0000 - 0x00007ffe0a0fc000 	D:\jdk-21.0.1\bin\vcruntime140_1.dll
0x00007ffdd2850000 - 0x00007ffdd28de000 	D:\jdk-21.0.1\bin\msvcp140.dll
0x00007ffd8eb90000 - 0x00007ffd8f8a5000 	D:\jdk-21.0.1\bin\server\jvm.dll
0x00007ffe19930000 - 0x00007ffe199a1000 	C:\WINDOWS\System32\WS2_32.dll
0x00007ffe17340000 - 0x00007ffe1738d000 	C:\WINDOWS\SYSTEM32\POWRPROF.dll
0x00007ffe0e060000 - 0x00007ffe0e094000 	C:\WINDOWS\SYSTEM32\WINMM.dll
0x00007ffe17320000 - 0x00007ffe17333000 	C:\WINDOWS\SYSTEM32\UMPDC.dll
0x00007ffe175e0000 - 0x00007ffe175f8000 	C:\WINDOWS\SYSTEM32\kernel.appcore.dll
0x00007ffe09aa0000 - 0x00007ffe09aaa000 	D:\jdk-21.0.1\bin\jimage.dll
0x00007ffe15fb0000 - 0x00007ffe161e3000 	C:\WINDOWS\SYSTEM32\DBGHELP.DLL
0x00007ffe19290000 - 0x00007ffe19619000 	C:\WINDOWS\System32\combase.dll
0x00007ffe19be0000 - 0x00007ffe19cb7000 	C:\WINDOWS\System32\OLEAUT32.dll
0x00007ffdfe150000 - 0x00007ffdfe182000 	C:\WINDOWS\SYSTEM32\dbgcore.DLL
0x00007ffe184f0000 - 0x00007ffe1856a000 	C:\WINDOWS\System32\bcryptPrimitives.dll
0x00007ffdf6ee0000 - 0x00007ffdf6eef000 	D:\jdk-21.0.1\bin\instrument.dll
0x00007ffe05d20000 - 0x00007ffe05d3f000 	D:\jdk-21.0.1\bin\java.dll
0x00007ffe19d20000 - 0x00007ffe1a57b000 	C:\WINDOWS\System32\SHELL32.dll
0x00007ffe16410000 - 0x00007ffe16d06000 	C:\WINDOWS\SYSTEM32\windows.storage.dll
0x00007ffe162d0000 - 0x00007ffe1640e000 	C:\WINDOWS\SYSTEM32\wintypes.dll
0x00007ffe19ac0000 - 0x00007ffe19bb3000 	C:\WINDOWS\System32\SHCORE.dll
0x00007ffe1a790000 - 0x00007ffe1a7ee000 	C:\WINDOWS\System32\shlwapi.dll
0x00007ffe18420000 - 0x00007ffe18446000 	C:\WINDOWS\SYSTEM32\profapi.dll
0x00007ffdcfa20000 - 0x00007ffdcfaf7000 	D:\jdk-21.0.1\bin\jsvml.dll
0x00007ffdf7ff0000 - 0x00007ffdf8008000 	D:\jdk-21.0.1\bin\zip.dll
0x00007ffe09680000 - 0x00007ffe09690000 	D:\jdk-21.0.1\bin\net.dll
0x00007ffe0eeb0000 - 0x00007ffe0efe7000 	C:\WINDOWS\SYSTEM32\WINHTTP.dll
0x00007ffe17a50000 - 0x00007ffe17ab9000 	C:\WINDOWS\system32\mswsock.dll
0x00007ffe05b00000 - 0x00007ffe05b16000 	D:\jdk-21.0.1\bin\nio.dll
0x00007ffde1e20000 - 0x00007ffde1e3a000 	D:\IntelliJ IDEA Community Edition 2023.3.3\bin\breakgen64.dll
0x00007ffe05d10000 - 0x00007ffe05d17000 	D:\jdk-21.0.1\bin\extnet.dll
0x00007ffdcd340000 - 0x00007ffdcd3b5000 	C:\Users\Vu\AppData\Local\Temp\lwjglVu\3.3.1-build-7\lwjgl.dll
0x00007ffdcccb0000 - 0x00007ffdccd11000 	C:\Users\Vu\AppData\Local\Temp\lwjglVu\3.3.1-build-7\glfw.dll
0x00007ffdd8e20000 - 0x00007ffdd8e66000 	C:\WINDOWS\SYSTEM32\dinput8.dll
0x00007ffdc08b0000 - 0x00007ffdc08c1000 	C:\WINDOWS\SYSTEM32\xinput1_4.dll
0x00007ffe181b0000 - 0x00007ffe181dc000 	C:\WINDOWS\SYSTEM32\DEVOBJ.dll
0x00007ffe181e0000 - 0x00007ffe1822e000 	C:\WINDOWS\SYSTEM32\cfgmgr32.dll
0x00007ffe12f40000 - 0x00007ffe12f6b000 	C:\WINDOWS\SYSTEM32\dwmapi.dll
0x00007ffdeb9e0000 - 0x00007ffdebbea000 	C:\WINDOWS\SYSTEM32\inputhost.dll
0x00007ffe12840000 - 0x00007ffe12974000 	C:\WINDOWS\SYSTEM32\CoreMessaging.dll
0x00007ffe12cf0000 - 0x00007ffe12d9b000 	C:\WINDOWS\system32\uxtheme.dll
0x00007ffe17d80000 - 0x00007ffe17d8c000 	C:\WINDOWS\SYSTEM32\CRYPTBASE.DLL
0x00007ffe19680000 - 0x00007ffe197d1000 	C:\WINDOWS\System32\MSCTF.dll
0x00007ffdf4ab0000 - 0x00007ffdf4bb0000 	C:\WINDOWS\SYSTEM32\opengl32.dll
0x00007ffe05b20000 - 0x00007ffe05b4d000 	C:\WINDOWS\SYSTEM32\GLU32.dll
0x00007ffe15660000 - 0x00007ffe15699000 	C:\WINDOWS\SYSTEM32\dxcore.dll
0x00007ffe0e0a0000 - 0x00007ffe0e0ea000 	C:\WINDOWS\SYSTEM32\directxdatabasehelper.dll
0x00007ffe19030000 - 0x00007ffe190e0000 	C:\WINDOWS\System32\clbcatq.dll
0x00007ffd7e9f0000 - 0x00007ffd7f9e3000 	C:\WINDOWS\System32\DriverStore\FileRepository\iigd_dch.inf_amd64_5802b1615520e41c\igxelpicd64.dll
0x00007ffe190e0000 - 0x00007ffe19280000 	C:\WINDOWS\System32\ole32.dll
0x00007ffe12e20000 - 0x00007ffe12f18000 	C:\WINDOWS\system32\dxgi.dll
0x00007ffdae540000 - 0x00007ffdae827000 	C:\WINDOWS\System32\DriverStore\FileRepository\iigd_dch.inf_amd64_5802b1615520e41c\igdml64.dll
0x00007ffe0a6c0000 - 0x00007ffe0aa87000 	C:\WINDOWS\System32\DriverStore\FileRepository\iigd_dch.inf_amd64_5802b1615520e41c\igdgmm64.dll
0x00007ffe00a00000 - 0x00007ffe04011000 	C:\WINDOWS\System32\DriverStore\FileRepository\iigd_dch.inf_amd64_5802b1615520e41c\igc64.dll
0x00007ffe056a0000 - 0x00007ffe057ea000 	C:\WINDOWS\SYSTEM32\textinputframework.dll
0x00007ffe0d290000 - 0x00007ffe0d5fc000 	C:\WINDOWS\SYSTEM32\CoreUIComponents.dll
0x00007ffdae890000 - 0x00007ffdaea27000 	C:\Users\Vu\AppData\Local\Temp\lwjglVu\3.3.1-build-7\OpenAL.dll
0x00007ffe042a0000 - 0x00007ffe0433d000 	C:\WINDOWS\System32\MMDevApi.dll
0x00007ffe06180000 - 0x00007ffe0636c000 	C:\WINDOWS\SYSTEM32\AUDIOSES.DLL
0x00007ffe15900000 - 0x00007ffe15915000 	C:\WINDOWS\SYSTEM32\resourcepolicyclient.dll
0x00007ffdd1560000 - 0x00007ffdd15bd000 	C:\Users\Vu\AppData\Local\Temp\lwjglVu\3.3.1-build-7\lwjgl_opengl.dll
0x0000000064a00000 - 0x0000000064d10000 	C:\Users\Vu\AppData\Local\Temp\imgui-java-natives_1708460507495\imgui-java64.dll
0x00007ffe17da0000 - 0x00007ffe17dbb000 	C:\WINDOWS\SYSTEM32\CRYPTSP.dll
0x00007ffe17540000 - 0x00007ffe17575000 	C:\WINDOWS\system32\rsaenh.dll
0x00007ffdf6f40000 - 0x00007ffdf6f50000 	D:\jdk-21.0.1\bin\verify.dll
0x00007ffdbea20000 - 0x00007ffdbeaa1000 	C:\Users\Vu\AppData\Local\Temp\lwjglVu\3.3.1-build-7\lwjgl_stb.dll

dbghelp: loaded successfully - version: 4.0.5 - missing functions: none
symbol engine: initialized successfully - sym options: 0x614 - pdb path: .;D:\jdk-21.0.1\bin;C:\WINDOWS\SYSTEM32;C:\WINDOWS\WinSxS\amd64_microsoft.windows.common-controls_6595b64144ccf1df_6.0.22621.2506_none_270c5ae97388e100;D:\jdk-21.0.1\bin\server;D:\IntelliJ IDEA Community Edition 2023.3.3\bin;C:\Users\Vu\AppData\Local\Temp\lwjglVu\3.3.1-build-7;C:\WINDOWS\System32\DriverStore\FileRepository\iigd_dch.inf_amd64_5802b1615520e41c;C:\Users\Vu\AppData\Local\Temp\imgui-java-natives_1708460507495

VM Arguments:
jvm_args: -javaagent:D:\IntelliJ IDEA Community Edition 2023.3.3\lib\idea_rt.jar=53843:D:\IntelliJ IDEA Community Edition 2023.3.3\bin -Dfile.encoding=UTF-8 -Dsun.stdout.encoding=UTF-8 -Dsun.stderr.encoding=UTF-8 
java_command: main.Main
java_class_path (initial): D:\ducky-game\target\classes;C:\Users\Vu\.m2\repository\io\github\spair\imgui-java-app\1.81.0\imgui-java-app-1.81.0.jar;C:\Users\Vu\.m2\repository\org\lwjgl\lwjgl\3.3.1\lwjgl-3.3.1-natives-linux.jar;C:\Users\Vu\.m2\repository\org\lwjgl\lwjgl-glfw\3.3.1\lwjgl-glfw-3.3.1-natives-linux.jar;C:\Users\Vu\.m2\repository\org\lwjgl\lwjgl-opengl\3.3.1\lwjgl-opengl-3.3.1-natives-linux.jar;C:\Users\Vu\.m2\repository\org\lwjgl\lwjgl\3.3.1\lwjgl-3.3.1-natives-macos.jar;C:\Users\Vu\.m2\repository\org\lwjgl\lwjgl-glfw\3.3.1\lwjgl-glfw-3.3.1-natives-macos.jar;C:\Users\Vu\.m2\repository\org\lwjgl\lwjgl-opengl\3.3.1\lwjgl-opengl-3.3.1-natives-macos.jar;C:\Users\Vu\.m2\repository\io\github\spair\imgui-java-binding\1.81.0\imgui-java-binding-1.81.0.jar;C:\Users\Vu\.m2\repository\io\github\spair\imgui-java-lwjgl3\1.81.0\imgui-java-lwjgl3-1.81.0.jar;C:\Users\Vu\.m2\repository\org\lwjgl\lwjgl\3.3.1\lwjgl-3.3.1.jar;C:\Users\Vu\.m2\repository\com\google\code\gson\gson\2.10.1\gson-2.10.1.jar;C:\Users\Vu\.m2\repository\org\lwjgl\lwjgl-nfd\3.3.1\lwjgl-nfd-3.3.1.jar;C:\Users\Vu\.m2\repository\org\lwjgl\lwjgl-assimp\3.3.1\lwjgl-assimp-3.3.1.jar;C:\Users\Vu\.m2\repository\org\lwjgl\lwjgl-glfw\3.3.1\lwjgl-glfw-3.3.1.jar;C:\Users\Vu\.m2\repository\org\lwjgl\lwjgl-openal\3.3.1\lwjgl-openal-3.3.1.jar;C:\Users\Vu\.m2\repository\org\lwjgl\lwjgl-opengl\3.3.1\lwjgl-opengl-3.3.1.jar;C:\Users\Vu\.m2\repository\org\lwjgl\lwjgl-stb\3.3.1\lwjgl-stb-3.3.1.jar;C:\Users\Vu\.m2\repository\org\lwjgl\lwjgl\3.3.1\lwjgl-3.3.1-natives-windows.jar;C:\Users\Vu\.m2\repository\org\lwjgl\lwjgl-assimp\3.3.1\lwjgl-assimp-3.3.1-natives-windows.jar;C:\Users\Vu\.m2\repository\org\lwjgl\lwjgl-glfw\3.3.1\lwjgl-glfw-3.3.1-natives-windows.jar;C:\Users\Vu\.m2\repository\org\lwjgl\lwjgl-openal\3.3.1\lwjgl-openal-3.3.1-natives-windows.jar;C:\Users\Vu\.m2\repository\org\lwjgl\lwjgl-opengl\3.3.1\lwjgl-opengl-3.3.1-natives-windows.jar;C:\Users\Vu\.m2\repository\org\mongodb\mongodb-driver\3.12.14\mongodb-driver-3.12.14.jar;C:\Users\Vu\.m2\repository\org\mongodb\bson\3.12.14\bson-3.12.14.jar;C:\Users\Vu\.m2\repository\org\mongodb\mongodb-driver-core\3.12.14\mongodb-driver-core-3.12.14.jar;C:\Users\Vu\.m2\repository\org\lwjgl\lwjgl-stb\3.3.1\lwjgl-stb-3.3.1-natives-windows.jar;C:\Users\Vu\.m2\repository\org\lwjgl\lwjgl-nfd\3.3.1\lwjgl-nfd-3.3.1-natives-windows.jar;C:\Users\Vu\.m2\repository\org\jbox2d\jbox2d-library\2.2.1.1\jbox2d-library-2.2.1.1.jar;C:\Users\Vu\.m2\repository\org\joml\joml\1.9.24\joml-1.9.24.jar
Launcher Type: SUN_STANDARD

[Global flags]
     intx CICompilerCount                          = 4                                         {product} {ergonomic}
     uint ConcGCThreads                            = 3                                         {product} {ergonomic}
     uint G1ConcRefinementThreads                  = 10                                        {product} {ergonomic}
   size_t G1HeapRegionSize                         = 2097152                                   {product} {ergonomic}
    uintx GCDrainStackTargetSize                   = 64                                        {product} {ergonomic}
   size_t InitialHeapSize                          = 266338304                                 {product} {ergonomic}
   size_t MarkStackSize                            = 4194304                                   {product} {ergonomic}
   size_t MaxHeapSize                              = 4234149888                                {product} {ergonomic}
   size_t MaxNewSize                               = 2539651072                                {product} {ergonomic}
   size_t MinHeapDeltaBytes                        = 2097152                                   {product} {ergonomic}
   size_t MinHeapSize                              = 8388608                                   {product} {ergonomic}
    uintx NonNMethodCodeHeapSize                   = 5839372                                {pd product} {ergonomic}
    uintx NonProfiledCodeHeapSize                  = 122909434                              {pd product} {ergonomic}
    uintx ProfiledCodeHeapSize                     = 122909434                              {pd product} {ergonomic}
    uintx ReservedCodeCacheSize                    = 251658240                              {pd product} {ergonomic}
     bool SegmentedCodeCache                       = true                                      {product} {ergonomic}
   size_t SoftMaxHeapSize                          = 4234149888                             {manageable} {ergonomic}
     bool UseCompressedOops                        = true                           {product lp64_product} {ergonomic}
     bool UseG1GC                                  = true                                      {product} {ergonomic}
     bool UseLargePagesIndividualAllocation        = false                                  {pd product} {ergonomic}

Logging:
Log output configuration:
 #0: stdout all=off uptime,level,tags foldmultilines=false
 #1: stderr all=off uptime,level,tags foldmultilines=false

Environment Variables:
PATH=C:\Program Files\Common Files\Oracle\Java\javapath;C:\Windows\system32;C:\Windows;C:\Windows\System32\Wbem;C:\Windows\System32\WindowsPowerShell\v1.0\;C:\Windows\System32\OpenSSH\;C:\Program Files (x86)\NVIDIA Corporation\PhysX\Common;C:\Program Files\NVIDIA Corporation\NVIDIA NvDLISR;C:\WINDOWS\system32;C:\WINDOWS;C:\WINDOWS\System32\Wbem;C:\WINDOWS\System32\WindowsPowerShell\v1.0\;C:\WINDOWS\System32\OpenSSH\;C:\Program Files\Git\cmd;C:\Users\Vu\AppData\Local\Microsoft\WindowsApps;
USERNAME=Vu
OS=Windows_NT
PROCESSOR_IDENTIFIER=Intel64 Family 6 Model 141 Stepping 1, GenuineIntel
TMP=C:\Users\Vu\AppData\Local\Temp
TEMP=C:\Users\Vu\AppData\Local\Temp




Periodic native trim disabled

---------------  S Y S T E M  ---------------

OS:
 Windows 11 , 64 bit Build 22621 (10.0.22621.3085)
OS uptime: 0 days 11:39 hours
Hyper-V role detected

CPU: total 12 (initial active 12) (6 cores per cpu, 2 threads per core) family 6 model 141 stepping 1 microcode 0x3c, cx8, cmov, fxsr, ht, mmx, 3dnowpref, sse, sse2, sse3, ssse3, sse4.1, sse4.2, popcnt, lzcnt, tsc, tscinvbit, avx, avx2, aes, erms, clmul, bmi1, bmi2, adx, avx512f, avx512dq, avx512cd, avx512bw, avx512vl, sha, fma, vzeroupper, avx512_vpopcntdq, avx512_vpclmulqdq, avx512_vaes, avx512_vnni, clflush, clflushopt, clwb, avx512_vbmi2, avx512_vbmi, hv, rdtscp, rdpid, fsrm, gfni, avx512_bitalg, f16c, cet_ibt, cet_ss, avx512_ifma
Processor Information for all 12 processors :
  Max Mhz: 2688, Current Mhz: 2688, Mhz Limit: 2688

Memory: 4k page, system-wide physical 16147M (3832M free)
TotalPageFile size 22547M (AvailPageFile size 4548M)
current process WorkingSet (physical memory assigned to process): 463M, peak: 471M
current process commit charge ("private bytes"): 511M, peak: 530M

vm_info: Java HotSpot(TM) 64-Bit Server VM (21.0.1+12-LTS-29) for windows-amd64 JRE (21.0.1+12-LTS-29), built on 2023-10-05T13:27:09Z by "mach5one" with MS VC++ 17.1 (VS2022)

END.
