#
# A fatal error has been detected by the Java Runtime Environment:
#
#  EXCEPTION_ACCESS_VIOLATION (0xc0000005) at pc=0x00007ffe4a786834, pid=18488, tid=2576
#
# JRE version: Java(TM) SE Runtime Environment (21.0.1+12) (build 21.0.1+12-LTS-29)
# Java VM: Java HotSpot(TM) 64-Bit Server VM (21.0.1+12-LTS-29, mixed mode, sharing, tiered, compressed oops, compressed class ptrs, g1 gc, windows-amd64)
# Problematic frame:
# C  [jdwp.dll+0x26834]
#
# No core dump will be written. Minidumps are not enabled by default on client versions of Windows
#
# If you would like to submit a bug report, please visit:
#   https://bugreport.java.com/bugreport/crash.jsp
# The crash happened outside the Java Virtual Machine in native code.
# See problematic frame for where to report the bug.
#

---------------  S U M M A R Y ------------

Command Line: -agentlib:jdwp=transport=dt_socket,address=127.0.0.1:62536,suspend=y,server=n -javaagent:C:\Users\Vu\AppData\Local\JetBrains\IdeaIC2023.3\captureAgent\debugger-agent.jar -Dfile.encoding=UTF-8 -Dsun.stdout.encoding=UTF-8 -Dsun.stderr.encoding=UTF-8 main.Main

Host: 11th Gen Intel(R) Core(TM) i5-11400H @ 2.70GHz, 12 cores, 15G,  Windows 11 , 64 bit Build 22621 (10.0.22621.3235)
Time: Tue Mar  5 02:02:45 2024 SE Asia Standard Time elapsed time: 1.478841 seconds (0d 0h 0m 1s)

---------------  T H R E A D  ---------------

Current thread (0x0000020f9dce4df0):  JavaThread "main"             [_thread_in_native, id=2576, stack(0x000000d4e3700000,0x000000d4e3800000) (1024K)]

Stack: [0x000000d4e3700000,0x000000d4e3800000],  sp=0x000000d4e37fe828,  free space=1018k
Native frames: (J=compiled Java code, j=interpreted, Vv=VM code, C=native code)
C  [jdwp.dll+0x26834]

Java frames: (J=compiled Java code, j=interpreted, Vv=VM code)
j  jdk.internal.reflect.MethodHandleAccessorFactory.newFieldAccessor(Ljava/lang/reflect/Field;Z)Ljdk/internal/reflect/FieldAccessorImpl;+170 java.base@21.0.1
j  jdk.internal.reflect.ReflectionFactory.newFieldAccessor(Ljava/lang/reflect/Field;Z)Ljdk/internal/reflect/FieldAccessor;+82 java.base@21.0.1
j  java.lang.reflect.Field.acquireFieldAccessor()Ljdk/internal/reflect/FieldAccessor;+35 java.base@21.0.1
j  java.lang.reflect.Field.getFieldAccessor()Ljdk/internal/reflect/FieldAccessor;+14 java.base@21.0.1
j  java.lang.reflect.Field.getInt(Ljava/lang/Object;)I+18 java.base@21.0.1
j  org.lwjgl.system.APIUtil.apiClassTokens(Ljava/util/function/BiPredicate;Ljava/util/Map;[Ljava/lang/Class;)Ljava/util/Map;+104
j  org.lwjgl.glfw.GLFWErrorCallback$1.<init>(Ljava/io/PrintStream;)V+25
j  org.lwjgl.glfw.GLFWErrorCallback.createPrint(Ljava/io/PrintStream;)Lorg/lwjgl/glfw/GLFWErrorCallback;+5
j  jade.Window.init()V+3
j  jade.Window.run()V+15
j  main.Main.main([Ljava/lang/String;)V+5
v  ~StubRoutines::call_stub 0x0000020faf1810e7

siginfo: EXCEPTION_ACCESS_VIOLATION (0xc0000005), reading address 0xffffffffffffffff


Registers:
RAX=0x00000210052056d0, RBX=0x0000020fbf4caef0, RCX=0x0000020f9dce51a8, RDX=0x0000020fbf4caef0
RSP=0x000000d4e37fe828, RBP=0x0000000000000002, RSI=0x000000d4e37fe8d0, RDI=0x0000020f9dce51a8
R8 =0x0000000000010002, R9 =0x0000000000000000, R10=0x00007ffe526c0000, R11=0x000000d4e37fe7f8
R12=0x0000000000000007, R13=0x0000020f9dcc1840, R14=0x00007ffe4a790200, R15=0x0000000000000000
RIP=0x00007ffe4a786834, EFLAGS=0x0000000000010202


Register to memory mapping:

RAX=0x00000210052056d0 points into unknown readable memory: 0x0000000000000000 | 00 00 00 00 00 00 00 00
RBX=0x0000020fbf4caef0 points into unknown readable memory: 0x0000000713609c38 | 38 9c 60 13 07 00 00 00
RCX=0x0000020f9dce51a8 points into unknown readable memory: 0x00000210052056d0 | d0 56 20 05 10 02 00 00
RDX=0x0000020fbf4caef0 points into unknown readable memory: 0x0000000713609c38 | 38 9c 60 13 07 00 00 00
RSP=0x000000d4e37fe828 is pointing into the stack for thread: 0x0000020f9dce4df0
RBP=0x0000000000000002 is an unknown value
RSI=0x000000d4e37fe8d0 is pointing into the stack for thread: 0x0000020f9dce4df0
RDI=0x0000020f9dce51a8 points into unknown readable memory: 0x00000210052056d0 | d0 56 20 05 10 02 00 00
R8 =0x0000000000010002 is an unknown value
R9 =0x0 is null
R10=0x00007ffe526c0000 VCRUNTIME140.dll
R11=0x000000d4e37fe7f8 is pointing into the stack for thread: 0x0000020f9dce4df0
R12=0x0000000000000007 is an unknown value
R13=0x0000020f9dcc1840 points into unknown readable memory: 0x00007ffdbf025040 | 40 50 02 bf fd 7f 00 00
R14=0x00007ffe4a790200 jdwp.dll
R15=0x0 is null

Top of Stack: (sp=0x000000d4e37fe828)
0x000000d4e37fe828:   00007ffe4a7760d7 0000020fbf4caef0
0x000000d4e37fe838:   000000d4e37fe8d0 0000000000000000
0x000000d4e37fe848:   0000000000000000 0000000000000000
0x000000d4e37fe858:   0000fca4cd25134c 0000020f9dcbe230
0x000000d4e37fe868:   00007ffe4a7902d8 0000020fbf4caef0
0x000000d4e37fe878:   00007ffe4a772757 0000020fbf4caef0
0x000000d4e37fe888:   0000000000000002 0000020f9dce51a8
0x000000d4e37fe898:   0000020fbf4caef8 00000039bf8c0000
0x000000d4e37fe8a8:   0000020fc10581a8 0000000000000000
0x000000d4e37fe8b8:   0000020fc01bbc98 000000d4e37feb30
0x000000d4e37fe8c8:   0000020fc009cfb8 0000000000000007
0x000000d4e37fe8d8:   0000020fbf4caef0 0000000000000000
0x000000d4e37fe8e8:   0000020fbf4caef8 0000000000000000
0x000000d4e37fe8f8:   0000000000000000 0000000000000000
0x000000d4e37fe908:   0000000000000000 0000000000000000
0x000000d4e37fe918:   0000000000000000 0000000000000000
0x000000d4e37fe928:   0000020fbf4caef0 0000020fc10581a8
0x000000d4e37fe938:   00007ffdbe9e82a7 0000020fbf4caef8
0x000000d4e37fe948:   0000020fbf7713f0 0000020f9dce4df0
0x000000d4e37fe958:   00007ffdbea30bb1 0000020f9dcbe1e0
0x000000d4e37fe968:   0000020f9dce4df0 0000000000000000
0x000000d4e37fe978:   000000d4e37fea80 0000020fc10581a8
0x000000d4e37fe988:   0000020fc08558e2 0000020f9dd5ac70
0x000000d4e37fe998:   0000020f9e0090f0 0000020f9e009100
0x000000d4e37fe9a8:   0000020f9e0094d8 00000000000003d8
0x000000d4e37fe9b8:   0000020f9dce4df0 0000020f9dce4df0
0x000000d4e37fe9c8:   0000020f9dd5aeb0 0000020f9dce5460
0x000000d4e37fe9d8:   0000020f9dce5470 0000020f9dce5548
0x000000d4e37fe9e8:   00000000000000d8 000000d4e37fea00
0x000000d4e37fe9f8:   00007ffdbe6ed511 0000020f9dce4df0
0x000000d4e37fea08:   0000020f9dd5aeb0 0000020f9dce5460
0x000000d4e37fea18:   0000020f9dce5470 0000020f9dce5548 

Instructions: (pc=0x00007ffe4a786834)
0x00007ffe4a786734:   05 c7 09 01 00 48 8b 03 48 8b d7 4d 8b 40 30 48
0x00007ffe4a786744:   8b cb 48 8b 5c 24 30 48 83 c4 20 5f 48 ff a0 00
0x00007ffe4a786754:   01 00 00 cc 48 89 5c 24 08 57 48 83 ec 20 48 8b
0x00007ffe4a786764:   f9 e8 f2 ea ff ff 4c 8b 05 8f 09 01 00 48 8b d8
0x00007ffe4a786774:   41 f6 80 10 02 00 00 02 74 33 41 b8 20 06 00 00
0x00007ffe4a786784:   48 8d 15 ad c3 00 00 48 8d 0d 72 5c 00 00 e8 d9
0x00007ffe4a786794:   48 ff ff 48 8d 15 ea 99 00 00 48 8d 0d 73 5c 00
0x00007ffe4a7867a4:   00 e8 6e 49 ff ff 4c 8b 05 4f 09 01 00 48 8b 03
0x00007ffe4a7867b4:   48 8b d7 4d 8b 40 38 48 8b cb 48 8b 5c 24 30 48
0x00007ffe4a7867c4:   83 c4 20 5f 48 ff a0 00 01 00 00 cc 48 89 5c 24
0x00007ffe4a7867d4:   08 57 48 83 ec 20 48 8b f9 e8 7a ea ff ff 48 8b
0x00007ffe4a7867e4:   15 17 09 01 00 48 8b d8 f6 82 10 02 00 00 02 74
0x00007ffe4a7867f4:   2c 41 b8 12 06 00 00 48 8d 15 36 c3 00 00 48 8d
0x00007ffe4a786804:   0d fb 5b 00 00 e8 62 48 ff ff 48 8d 15 db 6c 00
0x00007ffe4a786814:   00 48 8d 0d fc 5b 00 00 e8 f7 48 ff ff 48 8b 03
0x00007ffe4a786824:   48 8b d7 48 8b cb 48 8b 5c 24 30 48 83 c4 20 5f
0x00007ffe4a786834:   48 ff a0 50 07 00 00 cc 48 89 5c 24 08 48 89 74
0x00007ffe4a786844:   24 10 48 89 7c 24 18 41 56 48 83 ec 20 4c 63 f2
0x00007ffe4a786854:   49 8b d8 48 8b d1 41 8b f9 48 8b cb 4d 8d 46 ff
0x00007ffe4a786864:   ff 15 06 5a 00 00 85 c0 75 3c 41 0f be 44 1e ff
0x00007ffe4a786874:   3b c7 75 32 49 03 de eb 10 0f be c8 ff 15 da 59
0x00007ffe4a786884:   00 00 85 c0 74 09 48 ff c3 8a 03 84 c0 75 ea 80
0x00007ffe4a786894:   3b 3b 74 12 8b d7 48 8b cb e8 30 4b 00 00 48 85
0x00007ffe4a7868a4:   c0 0f 94 c0 eb 02 32 c0 48 8b 5c 24 30 48 8b 74
0x00007ffe4a7868b4:   24 38 48 8b 7c 24 40 48 83 c4 20 41 5e c3 cc cc
0x00007ffe4a7868c4:   0f b6 d1 83 fa 1e 0f 87 83 00 00 00 74 7b 83 fa
0x00007ffe4a7868d4:   07 77 41 74 39 83 ea 01 74 2e 83 ea 01 74 23 83
0x00007ffe4a7868e4:   ea 01 74 18 83 ea 01 74 0d 83 fa 02 0f 85 8a 00
0x00007ffe4a7868f4:   00 00 8d 42 03 c3 b8 04 00 00 00 c3 b8 03 00 00
0x00007ffe4a786904:   00 c3 b8 02 00 00 00 c3 b8 01 00 00 00 c3 b8 06
0x00007ffe4a786914:   00 00 00 c3 b8 08 00 00 00 2b d0 74 26 83 ea 01
0x00007ffe4a786924:   0f 84 88 00 00 00 83 ea 01 74 12 b8 0a 00 00 00 


Stack slot to memory mapping:

stack at sp + 0 slots: 0x00007ffe4a7760d7 jdwp.dll
stack at sp + 1 slots: 0x0000020fbf4caef0 points into unknown readable memory: 0x0000000713609c38 | 38 9c 60 13 07 00 00 00
stack at sp + 2 slots: 0x000000d4e37fe8d0 is pointing into the stack for thread: 0x0000020f9dce4df0
stack at sp + 3 slots: 0x0 is null
stack at sp + 4 slots: 0x0 is null
stack at sp + 5 slots: 0x0 is null
stack at sp + 6 slots: 0x0000fca4cd25134c is an unknown value
stack at sp + 7 slots: 0x0000020f9dcbe230 points into unknown readable memory: 0x8000001200000001 | 01 00 00 00 12 00 00 80


---------------  P R O C E S S  ---------------

Threads class SMR info:
_java_thread_list=0x0000020fbfa109e0, length=15, elements={
0x0000020f9dce4df0, 0x0000020fbf4e8c80, 0x0000020fbf4e9f60, 0x0000020fbf4ebce0,
0x0000020fbf4ec740, 0x0000020fbf4ed1a0, 0x0000020fbf4edc00, 0x0000020fbf4eeb40,
0x0000020fbf4f0ab0, 0x0000020fbf753bc0, 0x0000020fbf826140, 0x0000020fbf8f06b0,
0x0000020fbf8f0d30, 0x0000020fbf834cd0, 0x0000020fbfa6a270
}

Java Threads: ( => current thread )
=>0x0000020f9dce4df0 JavaThread "main"                              [_thread_in_native, id=2576, stack(0x000000d4e3700000,0x000000d4e3800000) (1024K)]
  0x0000020fbf4e8c80 JavaThread "Reference Handler"          daemon [_thread_blocked, id=21872, stack(0x000000d4e3f00000,0x000000d4e4000000) (1024K)]
  0x0000020fbf4e9f60 JavaThread "Finalizer"                  daemon [_thread_blocked, id=21124, stack(0x000000d4e4000000,0x000000d4e4100000) (1024K)]
  0x0000020fbf4ebce0 JavaThread "Signal Dispatcher"          daemon [_thread_blocked, id=11748, stack(0x000000d4e4100000,0x000000d4e4200000) (1024K)]
  0x0000020fbf4ec740 JavaThread "Attach Listener"            daemon [_thread_blocked, id=3384, stack(0x000000d4e4200000,0x000000d4e4300000) (1024K)]
  0x0000020fbf4ed1a0 JavaThread "Service Thread"             daemon [_thread_blocked, id=800, stack(0x000000d4e4300000,0x000000d4e4400000) (1024K)]
  0x0000020fbf4edc00 JavaThread "Monitor Deflation Thread"   daemon [_thread_blocked, id=13396, stack(0x000000d4e4400000,0x000000d4e4500000) (1024K)]
  0x0000020fbf4eeb40 JavaThread "C2 CompilerThread0"         daemon [_thread_blocked, id=18676, stack(0x000000d4e4500000,0x000000d4e4600000) (1024K)]
  0x0000020fbf4f0ab0 JavaThread "C1 CompilerThread0"         daemon [_thread_blocked, id=19804, stack(0x000000d4e4600000,0x000000d4e4700000) (1024K)]
  0x0000020fbf753bc0 JavaThread "Common-Cleaner"             daemon [_thread_blocked, id=13388, stack(0x000000d4e4700000,0x000000d4e4800000) (1024K)]
  0x0000020fbf826140 JavaThread "JDWP Transport Listener: dt_socket" daemon [_thread_blocked, id=11580, stack(0x000000d4e4800000,0x000000d4e4900000) (1024K)]
  0x0000020fbf8f06b0 JavaThread "JDWP Event Helper Thread"   daemon [_thread_blocked, id=16796, stack(0x000000d4e4900000,0x000000d4e4a00000) (1024K)]
  0x0000020fbf8f0d30 JavaThread "JDWP Command Reader"        daemon [_thread_in_native, id=2084, stack(0x000000d4e4a00000,0x000000d4e4b00000) (1024K)]
  0x0000020fbf834cd0 JavaThread "Notification Thread"        daemon [_thread_blocked, id=19688, stack(0x000000d4e4b00000,0x000000d4e4c00000) (1024K)]
  0x0000020fbfa6a270 JavaThread "C2 CompilerThread1"         daemon [_thread_blocked, id=20884, stack(0x000000d4e4c00000,0x000000d4e4d00000) (1024K)]
Total: 15

Other Threads:
  0x0000020fbf4c7e70 VMThread "VM Thread"                           [id=9852, stack(0x000000d4e3e00000,0x000000d4e3f00000) (1024K)]
  0x0000020fbf4af7f0 WatcherThread "VM Periodic Task Thread"        [id=15044, stack(0x000000d4e3d00000,0x000000d4e3e00000) (1024K)]
  0x0000020f9e074d10 WorkerThread "GC Thread#0"                     [id=13284, stack(0x000000d4e3800000,0x000000d4e3900000) (1024K)]
  0x0000020f9e086850 ConcurrentGCThread "G1 Main Marker"            [id=16560, stack(0x000000d4e3900000,0x000000d4e3a00000) (1024K)]
  0x0000020f9e087250 WorkerThread "G1 Conc#0"                       [id=20768, stack(0x000000d4e3a00000,0x000000d4e3b00000) (1024K)]
  0x0000020f9e0ce540 ConcurrentGCThread "G1 Refine#0"               [id=10100, stack(0x000000d4e3b00000,0x000000d4e3c00000) (1024K)]
  0x0000020fbf382180 ConcurrentGCThread "G1 Service"                [id=21432, stack(0x000000d4e3c00000,0x000000d4e3d00000) (1024K)]
Total: 7

Threads with active compile tasks:
Total: 0

VM state: not at safepoint (normal execution)

VM Mutex/Monitor currently owned by a thread: None

Heap address: 0x0000000703a00000, size: 4038 MB, Compressed Oops mode: Zero based, Oop shift amount: 3

CDS archive(s) mapped at: [0x0000020fc0000000-0x0000020fc0c90000-0x0000020fc0c90000), size 13172736, SharedBaseAddress: 0x0000020fc0000000, ArchiveRelocationMode: 1.
Compressed class space mapped at: 0x0000020fc1000000-0x0000021001000000, reserved size: 1073741824
Narrow klass base: 0x0000020fc0000000, Narrow klass shift: 0, Narrow klass range: 0x100000000

GC Precious Log:
 CardTable entry size: 512
 Card Set container configuration: InlinePtr #cards 4 size 8 Array Of Cards #cards 16 size 48 Howl #buckets 8 coarsen threshold 3686 Howl Bitmap #cards 512 size 80 coarsen threshold 460 Card regions per heap region 1 cards per card region 4096
 CPUs: 12 total, 12 available
 Memory: 16147M
 Large Page Support: Disabled
 NUMA Support: Disabled
 Compressed Oops: Enabled (Zero based)
 Heap Region Size: 2M
 Heap Min Capacity: 8M
 Heap Initial Capacity: 254M
 Heap Max Capacity: 4038M
 Pre-touch: Disabled
 Parallel Workers: 10
 Concurrent Workers: 3
 Concurrent Refinement Workers: 10
 Periodic GC: Disabled

Heap:
 garbage-first heap   total 260096K, used 8192K [0x0000000703a00000, 0x0000000800000000)
  region size 2048K, 5 young (10240K), 0 survivors (0K)
 Metaspace       used 2220K, committed 2432K, reserved 1114112K
  class space    used 174K, committed 256K, reserved 1048576K

Heap Regions: E=young(eden), S=young(survivor), O=old, HS=humongous(starts), HC=humongous(continues), CS=collection set, F=free, TAMS=top-at-mark-start, PB=parsable bottom
|   0|0x0000000703a00000, 0x0000000703a00000, 0x0000000703c00000|  0%| F|  |TAMS 0x0000000703a00000| PB 0x0000000703a00000| Untracked 
|   1|0x0000000703c00000, 0x0000000703c00000, 0x0000000703e00000|  0%| F|  |TAMS 0x0000000703c00000| PB 0x0000000703c00000| Untracked 
|   2|0x0000000703e00000, 0x0000000703e00000, 0x0000000704000000|  0%| F|  |TAMS 0x0000000703e00000| PB 0x0000000703e00000| Untracked 
|   3|0x0000000704000000, 0x0000000704000000, 0x0000000704200000|  0%| F|  |TAMS 0x0000000704000000| PB 0x0000000704000000| Untracked 
|   4|0x0000000704200000, 0x0000000704200000, 0x0000000704400000|  0%| F|  |TAMS 0x0000000704200000| PB 0x0000000704200000| Untracked 
|   5|0x0000000704400000, 0x0000000704400000, 0x0000000704600000|  0%| F|  |TAMS 0x0000000704400000| PB 0x0000000704400000| Untracked 
|   6|0x0000000704600000, 0x0000000704600000, 0x0000000704800000|  0%| F|  |TAMS 0x0000000704600000| PB 0x0000000704600000| Untracked 
|   7|0x0000000704800000, 0x0000000704800000, 0x0000000704a00000|  0%| F|  |TAMS 0x0000000704800000| PB 0x0000000704800000| Untracked 
|   8|0x0000000704a00000, 0x0000000704a00000, 0x0000000704c00000|  0%| F|  |TAMS 0x0000000704a00000| PB 0x0000000704a00000| Untracked 
|   9|0x0000000704c00000, 0x0000000704c00000, 0x0000000704e00000|  0%| F|  |TAMS 0x0000000704c00000| PB 0x0000000704c00000| Untracked 
|  10|0x0000000704e00000, 0x0000000704e00000, 0x0000000705000000|  0%| F|  |TAMS 0x0000000704e00000| PB 0x0000000704e00000| Untracked 
|  11|0x0000000705000000, 0x0000000705000000, 0x0000000705200000|  0%| F|  |TAMS 0x0000000705000000| PB 0x0000000705000000| Untracked 
|  12|0x0000000705200000, 0x0000000705200000, 0x0000000705400000|  0%| F|  |TAMS 0x0000000705200000| PB 0x0000000705200000| Untracked 
|  13|0x0000000705400000, 0x0000000705400000, 0x0000000705600000|  0%| F|  |TAMS 0x0000000705400000| PB 0x0000000705400000| Untracked 
|  14|0x0000000705600000, 0x0000000705600000, 0x0000000705800000|  0%| F|  |TAMS 0x0000000705600000| PB 0x0000000705600000| Untracked 
|  15|0x0000000705800000, 0x0000000705800000, 0x0000000705a00000|  0%| F|  |TAMS 0x0000000705800000| PB 0x0000000705800000| Untracked 
|  16|0x0000000705a00000, 0x0000000705a00000, 0x0000000705c00000|  0%| F|  |TAMS 0x0000000705a00000| PB 0x0000000705a00000| Untracked 
|  17|0x0000000705c00000, 0x0000000705c00000, 0x0000000705e00000|  0%| F|  |TAMS 0x0000000705c00000| PB 0x0000000705c00000| Untracked 
|  18|0x0000000705e00000, 0x0000000705e00000, 0x0000000706000000|  0%| F|  |TAMS 0x0000000705e00000| PB 0x0000000705e00000| Untracked 
|  19|0x0000000706000000, 0x0000000706000000, 0x0000000706200000|  0%| F|  |TAMS 0x0000000706000000| PB 0x0000000706000000| Untracked 
|  20|0x0000000706200000, 0x0000000706200000, 0x0000000706400000|  0%| F|  |TAMS 0x0000000706200000| PB 0x0000000706200000| Untracked 
|  21|0x0000000706400000, 0x0000000706400000, 0x0000000706600000|  0%| F|  |TAMS 0x0000000706400000| PB 0x0000000706400000| Untracked 
|  22|0x0000000706600000, 0x0000000706600000, 0x0000000706800000|  0%| F|  |TAMS 0x0000000706600000| PB 0x0000000706600000| Untracked 
|  23|0x0000000706800000, 0x0000000706800000, 0x0000000706a00000|  0%| F|  |TAMS 0x0000000706800000| PB 0x0000000706800000| Untracked 
|  24|0x0000000706a00000, 0x0000000706a00000, 0x0000000706c00000|  0%| F|  |TAMS 0x0000000706a00000| PB 0x0000000706a00000| Untracked 
|  25|0x0000000706c00000, 0x0000000706c00000, 0x0000000706e00000|  0%| F|  |TAMS 0x0000000706c00000| PB 0x0000000706c00000| Untracked 
|  26|0x0000000706e00000, 0x0000000706e00000, 0x0000000707000000|  0%| F|  |TAMS 0x0000000706e00000| PB 0x0000000706e00000| Untracked 
|  27|0x0000000707000000, 0x0000000707000000, 0x0000000707200000|  0%| F|  |TAMS 0x0000000707000000| PB 0x0000000707000000| Untracked 
|  28|0x0000000707200000, 0x0000000707200000, 0x0000000707400000|  0%| F|  |TAMS 0x0000000707200000| PB 0x0000000707200000| Untracked 
|  29|0x0000000707400000, 0x0000000707400000, 0x0000000707600000|  0%| F|  |TAMS 0x0000000707400000| PB 0x0000000707400000| Untracked 
|  30|0x0000000707600000, 0x0000000707600000, 0x0000000707800000|  0%| F|  |TAMS 0x0000000707600000| PB 0x0000000707600000| Untracked 
|  31|0x0000000707800000, 0x0000000707800000, 0x0000000707a00000|  0%| F|  |TAMS 0x0000000707800000| PB 0x0000000707800000| Untracked 
|  32|0x0000000707a00000, 0x0000000707a00000, 0x0000000707c00000|  0%| F|  |TAMS 0x0000000707a00000| PB 0x0000000707a00000| Untracked 
|  33|0x0000000707c00000, 0x0000000707c00000, 0x0000000707e00000|  0%| F|  |TAMS 0x0000000707c00000| PB 0x0000000707c00000| Untracked 
|  34|0x0000000707e00000, 0x0000000707e00000, 0x0000000708000000|  0%| F|  |TAMS 0x0000000707e00000| PB 0x0000000707e00000| Untracked 
|  35|0x0000000708000000, 0x0000000708000000, 0x0000000708200000|  0%| F|  |TAMS 0x0000000708000000| PB 0x0000000708000000| Untracked 
|  36|0x0000000708200000, 0x0000000708200000, 0x0000000708400000|  0%| F|  |TAMS 0x0000000708200000| PB 0x0000000708200000| Untracked 
|  37|0x0000000708400000, 0x0000000708400000, 0x0000000708600000|  0%| F|  |TAMS 0x0000000708400000| PB 0x0000000708400000| Untracked 
|  38|0x0000000708600000, 0x0000000708600000, 0x0000000708800000|  0%| F|  |TAMS 0x0000000708600000| PB 0x0000000708600000| Untracked 
|  39|0x0000000708800000, 0x0000000708800000, 0x0000000708a00000|  0%| F|  |TAMS 0x0000000708800000| PB 0x0000000708800000| Untracked 
|  40|0x0000000708a00000, 0x0000000708a00000, 0x0000000708c00000|  0%| F|  |TAMS 0x0000000708a00000| PB 0x0000000708a00000| Untracked 
|  41|0x0000000708c00000, 0x0000000708c00000, 0x0000000708e00000|  0%| F|  |TAMS 0x0000000708c00000| PB 0x0000000708c00000| Untracked 
|  42|0x0000000708e00000, 0x0000000708e00000, 0x0000000709000000|  0%| F|  |TAMS 0x0000000708e00000| PB 0x0000000708e00000| Untracked 
|  43|0x0000000709000000, 0x0000000709000000, 0x0000000709200000|  0%| F|  |TAMS 0x0000000709000000| PB 0x0000000709000000| Untracked 
|  44|0x0000000709200000, 0x0000000709200000, 0x0000000709400000|  0%| F|  |TAMS 0x0000000709200000| PB 0x0000000709200000| Untracked 
|  45|0x0000000709400000, 0x0000000709400000, 0x0000000709600000|  0%| F|  |TAMS 0x0000000709400000| PB 0x0000000709400000| Untracked 
|  46|0x0000000709600000, 0x0000000709600000, 0x0000000709800000|  0%| F|  |TAMS 0x0000000709600000| PB 0x0000000709600000| Untracked 
|  47|0x0000000709800000, 0x0000000709800000, 0x0000000709a00000|  0%| F|  |TAMS 0x0000000709800000| PB 0x0000000709800000| Untracked 
|  48|0x0000000709a00000, 0x0000000709a00000, 0x0000000709c00000|  0%| F|  |TAMS 0x0000000709a00000| PB 0x0000000709a00000| Untracked 
|  49|0x0000000709c00000, 0x0000000709c00000, 0x0000000709e00000|  0%| F|  |TAMS 0x0000000709c00000| PB 0x0000000709c00000| Untracked 
|  50|0x0000000709e00000, 0x0000000709e00000, 0x000000070a000000|  0%| F|  |TAMS 0x0000000709e00000| PB 0x0000000709e00000| Untracked 
|  51|0x000000070a000000, 0x000000070a000000, 0x000000070a200000|  0%| F|  |TAMS 0x000000070a000000| PB 0x000000070a000000| Untracked 
|  52|0x000000070a200000, 0x000000070a200000, 0x000000070a400000|  0%| F|  |TAMS 0x000000070a200000| PB 0x000000070a200000| Untracked 
|  53|0x000000070a400000, 0x000000070a400000, 0x000000070a600000|  0%| F|  |TAMS 0x000000070a400000| PB 0x000000070a400000| Untracked 
|  54|0x000000070a600000, 0x000000070a600000, 0x000000070a800000|  0%| F|  |TAMS 0x000000070a600000| PB 0x000000070a600000| Untracked 
|  55|0x000000070a800000, 0x000000070a800000, 0x000000070aa00000|  0%| F|  |TAMS 0x000000070a800000| PB 0x000000070a800000| Untracked 
|  56|0x000000070aa00000, 0x000000070aa00000, 0x000000070ac00000|  0%| F|  |TAMS 0x000000070aa00000| PB 0x000000070aa00000| Untracked 
|  57|0x000000070ac00000, 0x000000070ac00000, 0x000000070ae00000|  0%| F|  |TAMS 0x000000070ac00000| PB 0x000000070ac00000| Untracked 
|  58|0x000000070ae00000, 0x000000070ae00000, 0x000000070b000000|  0%| F|  |TAMS 0x000000070ae00000| PB 0x000000070ae00000| Untracked 
|  59|0x000000070b000000, 0x000000070b000000, 0x000000070b200000|  0%| F|  |TAMS 0x000000070b000000| PB 0x000000070b000000| Untracked 
|  60|0x000000070b200000, 0x000000070b200000, 0x000000070b400000|  0%| F|  |TAMS 0x000000070b200000| PB 0x000000070b200000| Untracked 
|  61|0x000000070b400000, 0x000000070b400000, 0x000000070b600000|  0%| F|  |TAMS 0x000000070b400000| PB 0x000000070b400000| Untracked 
|  62|0x000000070b600000, 0x000000070b600000, 0x000000070b800000|  0%| F|  |TAMS 0x000000070b600000| PB 0x000000070b600000| Untracked 
|  63|0x000000070b800000, 0x000000070b800000, 0x000000070ba00000|  0%| F|  |TAMS 0x000000070b800000| PB 0x000000070b800000| Untracked 
|  64|0x000000070ba00000, 0x000000070ba00000, 0x000000070bc00000|  0%| F|  |TAMS 0x000000070ba00000| PB 0x000000070ba00000| Untracked 
|  65|0x000000070bc00000, 0x000000070bc00000, 0x000000070be00000|  0%| F|  |TAMS 0x000000070bc00000| PB 0x000000070bc00000| Untracked 
|  66|0x000000070be00000, 0x000000070be00000, 0x000000070c000000|  0%| F|  |TAMS 0x000000070be00000| PB 0x000000070be00000| Untracked 
|  67|0x000000070c000000, 0x000000070c000000, 0x000000070c200000|  0%| F|  |TAMS 0x000000070c000000| PB 0x000000070c000000| Untracked 
|  68|0x000000070c200000, 0x000000070c200000, 0x000000070c400000|  0%| F|  |TAMS 0x000000070c200000| PB 0x000000070c200000| Untracked 
|  69|0x000000070c400000, 0x000000070c400000, 0x000000070c600000|  0%| F|  |TAMS 0x000000070c400000| PB 0x000000070c400000| Untracked 
|  70|0x000000070c600000, 0x000000070c600000, 0x000000070c800000|  0%| F|  |TAMS 0x000000070c600000| PB 0x000000070c600000| Untracked 
|  71|0x000000070c800000, 0x000000070c800000, 0x000000070ca00000|  0%| F|  |TAMS 0x000000070c800000| PB 0x000000070c800000| Untracked 
|  72|0x000000070ca00000, 0x000000070ca00000, 0x000000070cc00000|  0%| F|  |TAMS 0x000000070ca00000| PB 0x000000070ca00000| Untracked 
|  73|0x000000070cc00000, 0x000000070cc00000, 0x000000070ce00000|  0%| F|  |TAMS 0x000000070cc00000| PB 0x000000070cc00000| Untracked 
|  74|0x000000070ce00000, 0x000000070ce00000, 0x000000070d000000|  0%| F|  |TAMS 0x000000070ce00000| PB 0x000000070ce00000| Untracked 
|  75|0x000000070d000000, 0x000000070d000000, 0x000000070d200000|  0%| F|  |TAMS 0x000000070d000000| PB 0x000000070d000000| Untracked 
|  76|0x000000070d200000, 0x000000070d200000, 0x000000070d400000|  0%| F|  |TAMS 0x000000070d200000| PB 0x000000070d200000| Untracked 
|  77|0x000000070d400000, 0x000000070d400000, 0x000000070d600000|  0%| F|  |TAMS 0x000000070d400000| PB 0x000000070d400000| Untracked 
|  78|0x000000070d600000, 0x000000070d600000, 0x000000070d800000|  0%| F|  |TAMS 0x000000070d600000| PB 0x000000070d600000| Untracked 
|  79|0x000000070d800000, 0x000000070d800000, 0x000000070da00000|  0%| F|  |TAMS 0x000000070d800000| PB 0x000000070d800000| Untracked 
|  80|0x000000070da00000, 0x000000070da00000, 0x000000070dc00000|  0%| F|  |TAMS 0x000000070da00000| PB 0x000000070da00000| Untracked 
|  81|0x000000070dc00000, 0x000000070dc00000, 0x000000070de00000|  0%| F|  |TAMS 0x000000070dc00000| PB 0x000000070dc00000| Untracked 
|  82|0x000000070de00000, 0x000000070de00000, 0x000000070e000000|  0%| F|  |TAMS 0x000000070de00000| PB 0x000000070de00000| Untracked 
|  83|0x000000070e000000, 0x000000070e000000, 0x000000070e200000|  0%| F|  |TAMS 0x000000070e000000| PB 0x000000070e000000| Untracked 
|  84|0x000000070e200000, 0x000000070e200000, 0x000000070e400000|  0%| F|  |TAMS 0x000000070e200000| PB 0x000000070e200000| Untracked 
|  85|0x000000070e400000, 0x000000070e400000, 0x000000070e600000|  0%| F|  |TAMS 0x000000070e400000| PB 0x000000070e400000| Untracked 
|  86|0x000000070e600000, 0x000000070e600000, 0x000000070e800000|  0%| F|  |TAMS 0x000000070e600000| PB 0x000000070e600000| Untracked 
|  87|0x000000070e800000, 0x000000070e800000, 0x000000070ea00000|  0%| F|  |TAMS 0x000000070e800000| PB 0x000000070e800000| Untracked 
|  88|0x000000070ea00000, 0x000000070ea00000, 0x000000070ec00000|  0%| F|  |TAMS 0x000000070ea00000| PB 0x000000070ea00000| Untracked 
|  89|0x000000070ec00000, 0x000000070ec00000, 0x000000070ee00000|  0%| F|  |TAMS 0x000000070ec00000| PB 0x000000070ec00000| Untracked 
|  90|0x000000070ee00000, 0x000000070ee00000, 0x000000070f000000|  0%| F|  |TAMS 0x000000070ee00000| PB 0x000000070ee00000| Untracked 
|  91|0x000000070f000000, 0x000000070f000000, 0x000000070f200000|  0%| F|  |TAMS 0x000000070f000000| PB 0x000000070f000000| Untracked 
|  92|0x000000070f200000, 0x000000070f200000, 0x000000070f400000|  0%| F|  |TAMS 0x000000070f200000| PB 0x000000070f200000| Untracked 
|  93|0x000000070f400000, 0x000000070f400000, 0x000000070f600000|  0%| F|  |TAMS 0x000000070f400000| PB 0x000000070f400000| Untracked 
|  94|0x000000070f600000, 0x000000070f600000, 0x000000070f800000|  0%| F|  |TAMS 0x000000070f600000| PB 0x000000070f600000| Untracked 
|  95|0x000000070f800000, 0x000000070f800000, 0x000000070fa00000|  0%| F|  |TAMS 0x000000070f800000| PB 0x000000070f800000| Untracked 
|  96|0x000000070fa00000, 0x000000070fa00000, 0x000000070fc00000|  0%| F|  |TAMS 0x000000070fa00000| PB 0x000000070fa00000| Untracked 
|  97|0x000000070fc00000, 0x000000070fc00000, 0x000000070fe00000|  0%| F|  |TAMS 0x000000070fc00000| PB 0x000000070fc00000| Untracked 
|  98|0x000000070fe00000, 0x000000070fe00000, 0x0000000710000000|  0%| F|  |TAMS 0x000000070fe00000| PB 0x000000070fe00000| Untracked 
|  99|0x0000000710000000, 0x0000000710000000, 0x0000000710200000|  0%| F|  |TAMS 0x0000000710000000| PB 0x0000000710000000| Untracked 
| 100|0x0000000710200000, 0x0000000710200000, 0x0000000710400000|  0%| F|  |TAMS 0x0000000710200000| PB 0x0000000710200000| Untracked 
| 101|0x0000000710400000, 0x0000000710400000, 0x0000000710600000|  0%| F|  |TAMS 0x0000000710400000| PB 0x0000000710400000| Untracked 
| 102|0x0000000710600000, 0x0000000710600000, 0x0000000710800000|  0%| F|  |TAMS 0x0000000710600000| PB 0x0000000710600000| Untracked 
| 103|0x0000000710800000, 0x0000000710800000, 0x0000000710a00000|  0%| F|  |TAMS 0x0000000710800000| PB 0x0000000710800000| Untracked 
| 104|0x0000000710a00000, 0x0000000710a00000, 0x0000000710c00000|  0%| F|  |TAMS 0x0000000710a00000| PB 0x0000000710a00000| Untracked 
| 105|0x0000000710c00000, 0x0000000710c00000, 0x0000000710e00000|  0%| F|  |TAMS 0x0000000710c00000| PB 0x0000000710c00000| Untracked 
| 106|0x0000000710e00000, 0x0000000710e00000, 0x0000000711000000|  0%| F|  |TAMS 0x0000000710e00000| PB 0x0000000710e00000| Untracked 
| 107|0x0000000711000000, 0x0000000711000000, 0x0000000711200000|  0%| F|  |TAMS 0x0000000711000000| PB 0x0000000711000000| Untracked 
| 108|0x0000000711200000, 0x0000000711200000, 0x0000000711400000|  0%| F|  |TAMS 0x0000000711200000| PB 0x0000000711200000| Untracked 
| 109|0x0000000711400000, 0x0000000711400000, 0x0000000711600000|  0%| F|  |TAMS 0x0000000711400000| PB 0x0000000711400000| Untracked 
| 110|0x0000000711600000, 0x0000000711600000, 0x0000000711800000|  0%| F|  |TAMS 0x0000000711600000| PB 0x0000000711600000| Untracked 
| 111|0x0000000711800000, 0x0000000711800000, 0x0000000711a00000|  0%| F|  |TAMS 0x0000000711800000| PB 0x0000000711800000| Untracked 
| 112|0x0000000711a00000, 0x0000000711a00000, 0x0000000711c00000|  0%| F|  |TAMS 0x0000000711a00000| PB 0x0000000711a00000| Untracked 
| 113|0x0000000711c00000, 0x0000000711c00000, 0x0000000711e00000|  0%| F|  |TAMS 0x0000000711c00000| PB 0x0000000711c00000| Untracked 
| 114|0x0000000711e00000, 0x0000000711e00000, 0x0000000712000000|  0%| F|  |TAMS 0x0000000711e00000| PB 0x0000000711e00000| Untracked 
| 115|0x0000000712000000, 0x0000000712000000, 0x0000000712200000|  0%| F|  |TAMS 0x0000000712000000| PB 0x0000000712000000| Untracked 
| 116|0x0000000712200000, 0x0000000712200000, 0x0000000712400000|  0%| F|  |TAMS 0x0000000712200000| PB 0x0000000712200000| Untracked 
| 117|0x0000000712400000, 0x0000000712400000, 0x0000000712600000|  0%| F|  |TAMS 0x0000000712400000| PB 0x0000000712400000| Untracked 
| 118|0x0000000712600000, 0x0000000712600000, 0x0000000712800000|  0%| F|  |TAMS 0x0000000712600000| PB 0x0000000712600000| Untracked 
| 119|0x0000000712800000, 0x0000000712800000, 0x0000000712a00000|  0%| F|  |TAMS 0x0000000712800000| PB 0x0000000712800000| Untracked 
| 120|0x0000000712a00000, 0x0000000712a00000, 0x0000000712c00000|  0%| F|  |TAMS 0x0000000712a00000| PB 0x0000000712a00000| Untracked 
| 121|0x0000000712c00000, 0x0000000712c00000, 0x0000000712e00000|  0%| F|  |TAMS 0x0000000712c00000| PB 0x0000000712c00000| Untracked 
| 122|0x0000000712e00000, 0x0000000712fe2620, 0x0000000713000000| 94%| E|  |TAMS 0x0000000712e00000| PB 0x0000000712e00000| Complete 
| 123|0x0000000713000000, 0x0000000713200000, 0x0000000713200000|100%| E|CS|TAMS 0x0000000713000000| PB 0x0000000713000000| Complete 
| 124|0x0000000713200000, 0x0000000713400000, 0x0000000713400000|100%| E|CS|TAMS 0x0000000713200000| PB 0x0000000713200000| Complete 
| 125|0x0000000713400000, 0x0000000713600000, 0x0000000713600000|100%| E|CS|TAMS 0x0000000713400000| PB 0x0000000713400000| Complete 
| 126|0x0000000713600000, 0x0000000713800000, 0x0000000713800000|100%| E|CS|TAMS 0x0000000713600000| PB 0x0000000713600000| Complete 

Card table byte_map: [0x0000020fb80f0000,0x0000020fb88e0000] _byte_map_base: 0x0000020fb48d3000

Marking Bits: (CMBitMap*) 0x0000020f9e075310
 Bits: [0x0000020fb88e0000, 0x0000020fbc7f8000)

Polling page: 0x0000020f9e0d0000

Metaspace:

Usage:
  Non-class:      2.00 MB used.
      Class:    174.43 KB used.
       Both:      2.17 MB used.

Virtual space:
  Non-class space:       64.00 MB reserved,       2.12 MB (  3%) committed,  1 nodes.
      Class space:        1.00 GB reserved,     256.00 KB ( <1%) committed,  1 nodes.
             Both:        1.06 GB reserved,       2.38 MB ( <1%) committed. 

Chunk freelists:
   Non-Class:  11.30 MB
       Class:  15.64 MB
        Both:  26.94 MB

MaxMetaspaceSize: unlimited
CompressedClassSpaceSize: 1.00 GB
Initial GC threshold: 21.00 MB
Current GC threshold: 21.00 MB
CDS: on
 - commit_granule_bytes: 65536.
 - commit_granule_words: 8192.
 - virtual_space_node_default_size: 8388608.
 - enlarge_chunks_in_place: 1.
 - use_allocation_guard: 0.


Internal statistics:

num_allocs_failed_limit: 0.
num_arena_births: 90.
num_arena_deaths: 0.
num_vsnodes_births: 2.
num_vsnodes_deaths: 0.
num_space_committed: 38.
num_space_uncommitted: 0.
num_chunks_returned_to_freelist: 0.
num_chunks_taken_from_freelist: 136.
num_chunk_merges: 0.
num_chunk_splits: 90.
num_chunks_enlarged: 53.
num_inconsistent_stats: 0.

CodeHeap 'non-profiled nmethods': size=120000Kb used=204Kb max_used=204Kb free=119795Kb
 bounds [0x0000020faf720000, 0x0000020faf990000, 0x0000020fb6c50000]
CodeHeap 'profiled nmethods': size=120000Kb used=880Kb max_used=880Kb free=119119Kb
 bounds [0x0000020fa7c50000, 0x0000020fa7ec0000, 0x0000020faf180000]
CodeHeap 'non-nmethods': size=5760Kb used=1531Kb max_used=1545Kb free=4228Kb
 bounds [0x0000020faf180000, 0x0000020faf3f0000, 0x0000020faf720000]
 total_blobs=1041 nmethods=594 adapters=352
 compilation: enabled
              stopped_count=0, restarted_count=0
 full_count=0

Compilation events (20 events):
Event: 1.463 Thread 0x0000020fbf4f0ab0  585       3       jdk.internal.misc.Unsafe::checkPrimitivePointer (19 bytes)
Event: 1.464 Thread 0x0000020fbf4f0ab0 nmethod 585 0x0000020fa7d27a90 code [0x0000020fa7d27ca0, 0x0000020fa7d282e8]
Event: 1.464 Thread 0x0000020fbf4f0ab0  587       3       java.lang.ThreadLocal::get (35 bytes)
Event: 1.464 Thread 0x0000020fbf4f0ab0 nmethod 587 0x0000020fa7d28590 code [0x0000020fa7d28760, 0x0000020fa7d28ab0]
Event: 1.464 Thread 0x0000020fbf4f0ab0  588       3       java.lang.ThreadLocal$ThreadLocalMap::getEntry (42 bytes)
Event: 1.464 Thread 0x0000020fbf4f0ab0 nmethod 588 0x0000020fa7d28c10 code [0x0000020fa7d28de0, 0x0000020fa7d291d0]
Event: 1.464 Thread 0x0000020fbf4f0ab0  586       3       jdk.internal.misc.Unsafe::checkPointer (19 bytes)
Event: 1.465 Thread 0x0000020fbf4f0ab0 nmethod 586 0x0000020fa7d29390 code [0x0000020fa7d29560, 0x0000020fa7d29928]
Event: 1.466 Thread 0x0000020fbf4f0ab0  589       1       java.security.CodeSource::getLocation (5 bytes)
Event: 1.466 Thread 0x0000020fbf4f0ab0 nmethod 589 0x0000020faf752f10 code [0x0000020faf7530a0, 0x0000020faf753170]
Event: 1.471 Thread 0x0000020fbf4f0ab0  590       3       jdk.internal.jimage.ImageStringsReader::hashCode (33 bytes)
Event: 1.471 Thread 0x0000020fbf4f0ab0 nmethod 590 0x0000020fa7d29a90 code [0x0000020fa7d29c40, 0x0000020fa7d29dc0]
Event: 1.471 Thread 0x0000020fbf4f0ab0  591   !   3       java.nio.DirectIntBufferU::get (34 bytes)
Event: 1.472 Thread 0x0000020fbf4f0ab0 nmethod 591 0x0000020fa7d29e90 code [0x0000020fa7d2a100, 0x0000020fa7d2aa98]
Event: 1.472 Thread 0x0000020fbf4f0ab0  592       3       java.nio.DirectIntBufferU::ix (10 bytes)
Event: 1.472 Thread 0x0000020fbf4f0ab0 nmethod 592 0x0000020fa7d2af90 code [0x0000020fa7d2b120, 0x0000020fa7d2b240]
Event: 1.472 Thread 0x0000020fbf4f0ab0  593   !   3       jdk.internal.misc.ScopedMemoryAccess::getInt (16 bytes)
Event: 1.472 Thread 0x0000020fbf4f0ab0 nmethod 593 0x0000020fa7d2b310 code [0x0000020fa7d2b500, 0x0000020fa7d2b910]
Event: 1.472 Thread 0x0000020fbf4f0ab0  594   !   3       jdk.internal.misc.ScopedMemoryAccess::getIntInternal (34 bytes)
Event: 1.472 Thread 0x0000020fbf4f0ab0 nmethod 594 0x0000020fa7d2bb90 code [0x0000020fa7d2bd60, 0x0000020fa7d2c008]

GC Heap History (0 events):
No events

Dll operation events (9 events):
Event: 0.124 Loaded shared library D:\jdk-21.0.1\bin\java.dll
Event: 0.125 Loaded shared library D:\jdk-21.0.1\bin\zip.dll
Event: 0.203 Loaded shared library D:\jdk-21.0.1\bin\jsvml.dll
Event: 1.177 Loaded shared library D:\jdk-21.0.1\bin\instrument.dll
Event: 1.231 Loaded shared library D:\jdk-21.0.1\bin\net.dll
Event: 1.232 Loaded shared library D:\jdk-21.0.1\bin\nio.dll
Event: 1.241 Loaded shared library D:\jdk-21.0.1\bin\zip.dll
Event: 1.357 Loaded shared library D:\jdk-21.0.1\bin\jimage.dll
Event: 1.400 Loaded shared library C:\Users\Vu\AppData\Local\Temp\lwjglVu\3.3.1-build-7\lwjgl.dll

Deoptimization events (14 events):
Event: 1.201 Thread 0x0000020f9dce4df0 Uncommon trap: trap_request=0xffffff45 fr.pc=0x0000020faf733c90 relative=0x0000000000000070
Event: 1.201 Thread 0x0000020f9dce4df0 Uncommon trap: reason=unstable_if action=reinterpret pc=0x0000020faf733c90 method=java.lang.String.isLatin1()Z @ 10 c2
Event: 1.201 Thread 0x0000020f9dce4df0 DEOPT PACKING pc=0x0000020faf733c90 sp=0x000000d4e37fe720
Event: 1.201 Thread 0x0000020f9dce4df0 DEOPT UNPACKING pc=0x0000020faf1d7da2 sp=0x000000d4e37fe6c0 mode 2
Event: 1.201 Thread 0x0000020f9dce4df0 Uncommon trap: trap_request=0xffffff45 fr.pc=0x0000020faf730dfc relative=0x00000000000000dc
Event: 1.201 Thread 0x0000020f9dce4df0 Uncommon trap: reason=unstable_if action=reinterpret pc=0x0000020faf730dfc method=java.lang.String.isLatin1()Z @ 10 c2
Event: 1.201 Thread 0x0000020f9dce4df0 DEOPT PACKING pc=0x0000020faf730dfc sp=0x000000d4e37ff240
Event: 1.201 Thread 0x0000020f9dce4df0 DEOPT UNPACKING pc=0x0000020faf1d7da2 sp=0x000000d4e37ff190 mode 2
Event: 1.342 Thread 0x0000020f9dce4df0 DEOPT PACKING pc=0x0000020fa7c81a9c sp=0x000000d4e37f9e70
Event: 1.342 Thread 0x0000020f9dce4df0 DEOPT UNPACKING pc=0x0000020faf1d88e2 sp=0x000000d4e37f9290 mode 0
Event: 1.415 Thread 0x0000020f9dce4df0 Uncommon trap: trap_request=0xffffff45 fr.pc=0x0000020faf7407e0 relative=0x00000000000001a0
Event: 1.415 Thread 0x0000020f9dce4df0 Uncommon trap: reason=unstable_if action=reinterpret pc=0x0000020faf7407e0 method=java.util.zip.ZipFile$Source.isMetaName([BII)Z @ 57 c2
Event: 1.415 Thread 0x0000020f9dce4df0 DEOPT PACKING pc=0x0000020faf7407e0 sp=0x000000d4e37fafb0
Event: 1.415 Thread 0x0000020f9dce4df0 DEOPT UNPACKING pc=0x0000020faf1d7da2 sp=0x000000d4e37faf58 mode 2

Classes loaded (20 events):
Event: 1.449 Loading class org/lwjgl/glfw/GLFW
Event: 1.449 Loading class org/lwjgl/glfw/GLFW done
Event: 1.453 Loading class org/lwjgl/glfw/GLFWImage$Buffer
Event: 1.453 Loading class org/lwjgl/glfw/GLFWImage$Buffer done
Event: 1.455 Loading class org/lwjgl/system/StructBuffer
Event: 1.455 Loading class org/lwjgl/system/StructBuffer done
Event: 1.465 Loading class org/lwjgl/system/APIUtil$1
Event: 1.465 Loading class org/lwjgl/system/APIUtil$1 done
Event: 1.465 Loading class java/lang/NoSuchFieldError
Event: 1.465 Loading class java/lang/NoSuchFieldError done
Event: 1.465 Loading class org/lwjgl/system/windows/WindowsLibrary
Event: 1.465 Loading class org/lwjgl/system/windows/WindowsLibrary done
Event: 1.466 Loading class org/lwjgl/system/SharedLibrary$Default
Event: 1.466 Loading class org/lwjgl/system/SharedLibrary$Default done
Event: 1.467 Loading class org/lwjgl/system/windows/WinBase
Event: 1.467 Loading class org/lwjgl/system/windows/WinBase done
Event: 1.467 Loading class org/lwjgl/system/ThreadLocalUtil
Event: 1.467 Loading class org/lwjgl/system/ThreadLocalUtil done
Event: 1.472 Loading class jdk/internal/reflect/MethodHandleIntegerFieldAccessorImpl
Event: 1.472 Loading class jdk/internal/reflect/MethodHandleIntegerFieldAccessorImpl done

Classes unloaded (0 events):
No events

Classes redefined (0 events):
No events

Internal exceptions (19 events):
Event: 1.178 Thread 0x0000020f9dce4df0 Exception <a 'java/lang/NoSuchMethodError'{0x00000007134f6808}: 'void java.lang.invoke.DirectMethodHandle$Holder.invokeStatic(java.lang.Object, java.lang.Object, java.lang.Object)'> (0x00000007134f6808) 
thrown [s\open\src\hotspot\share\interpreter\linkResolver.cpp, line 773]
Event: 1.183 Thread 0x0000020f9dce4df0 Exception <a 'java/lang/NoSuchMethodError'{0x000000071350dd10}: 'java.lang.Object java.lang.invoke.Invokers$Holder.invokeExact_MT(java.lang.Object, java.lang.Object, java.lang.Object, java.lang.Object, java.lang.Object)'> (0x000000071350dd10) 
thrown [s\open\src\hotspot\share\interpreter\linkResolver.cpp, line 773]
Event: 1.325 Thread 0x0000020f9dce4df0 Exception <a 'java/lang/NoSuchMethodError'{0x00000007130c9b40}: 'void java.lang.invoke.DirectMethodHandle$Holder.invokeStatic(java.lang.Object, java.lang.Object)'> (0x00000007130c9b40) 
thrown [s\open\src\hotspot\share\interpreter\linkResolver.cpp, line 773]
Event: 1.328 Thread 0x0000020f9dce4df0 Exception <a 'java/lang/NoSuchMethodError'{0x00000007130d41a8}: 'void java.lang.System.load(java.lang.String, java.lang.Class)'> (0x00000007130d41a8) 
thrown [s\open\src\hotspot\share\interpreter\linkResolver.cpp, line 773]
Event: 1.328 Thread 0x0000020f9dce4df0 Exception <a 'java/lang/NoSuchMethodError'{0x00000007130d4b78}: 'void java.lang.invoke.DirectMethodHandle$Holder.invokeSpecial(java.lang.Object, java.lang.Object, java.lang.Object)'> (0x00000007130d4b78) 
thrown [s\open\src\hotspot\share\interpreter\linkResolver.cpp, line 773]
Event: 1.332 Thread 0x0000020f9dce4df0 Exception <a 'java/lang/NoSuchMethodError'{0x00000007130e83b0}: 'java.lang.Object java.lang.invoke.DirectMethodHandle$Holder.invokeStatic(java.lang.Object, java.lang.Object, int)'> (0x00000007130e83b0) 
thrown [s\open\src\hotspot\share\interpreter\linkResolver.cpp, line 773]
Event: 1.335 Thread 0x0000020f9dce4df0 Exception <a 'java/lang/NoSuchMethodError'{0x00000007130f3800}: 'void java.lang.invoke.DelegatingMethodHandle$Holder.delegate(java.lang.Object, java.lang.Object, int, java.lang.Object)'> (0x00000007130f3800) 
thrown [s\open\src\hotspot\share\interpreter\linkResolver.cpp, line 773]
Event: 1.335 Thread 0x0000020f9dce4df0 Exception <a 'java/lang/NoSuchMethodError'{0x00000007130f7490}: 'int java.lang.invoke.DirectMethodHandle$Holder.invokeSpecial(java.lang.Object, java.lang.Object, java.lang.Object)'> (0x00000007130f7490) 
thrown [s\open\src\hotspot\share\interpreter\linkResolver.cpp, line 773]
Event: 1.343 Thread 0x0000020f9dce4df0 Exception <a 'java/lang/NoSuchMethodError'{0x00000007131134a0}: 'void java.lang.System.loadLibrary(java.lang.String, java.lang.Class)'> (0x00000007131134a0) 
thrown [s\open\src\hotspot\share\interpreter\linkResolver.cpp, line 773]
Event: 1.397 Thread 0x0000020f9dce4df0 Exception <a 'sun/nio/fs/WindowsException'{0x00000007131f26e0}> (0x00000007131f26e0) 
thrown [s\open\src\hotspot\share\prims\jni.cpp, line 520]
Event: 1.398 Thread 0x0000020f9dce4df0 Exception <a 'sun/nio/fs/WindowsException'{0x00000007131f3cc8}> (0x00000007131f3cc8) 
thrown [s\open\src\hotspot\share\prims\jni.cpp, line 520]
Event: 1.425 Thread 0x0000020f9dce4df0 Exception <a 'java/lang/NoSuchMethodError'{0x0000000712ead588}: 'int java.lang.invoke.DirectMethodHandle$Holder.invokeStaticInit(java.lang.Object, java.lang.Object, int, long)'> (0x0000000712ead588) 
thrown [s\open\src\hotspot\share\interpreter\linkResolver.cpp, line 773]
Event: 1.426 Thread 0x0000020f9dce4df0 Exception <a 'java/lang/NoSuchMethodError'{0x0000000712eb25b0}: 'java.lang.Object java.lang.invoke.DirectMethodHandle$Holder.newInvokeSpecial(java.lang.Object, java.lang.Object, int)'> (0x0000000712eb25b0) 
thrown [s\open\src\hotspot\share\interpreter\linkResolver.cpp, line 773]
Event: 1.429 Thread 0x0000020f9dce4df0 Exception <a 'java/lang/NoSuchMethodError'{0x0000000712ec5df0}: 'int java.lang.invoke.DirectMethodHandle$Holder.invokeStaticInit(java.lang.Object, java.lang.Object, long, long)'> (0x0000000712ec5df0) 
thrown [s\open\src\hotspot\share\interpreter\linkResolver.cpp, line 773]
Event: 1.430 Thread 0x0000020f9dce4df0 Exception <a 'java/lang/NoSuchMethodError'{0x0000000712ecb2d0}: 'java.lang.Object java.lang.invoke.DirectMethodHandle$Holder.newInvokeSpecial(java.lang.Object, java.lang.Object, long)'> (0x0000000712ecb2d0) 
thrown [s\open\src\hotspot\share\interpreter\linkResolver.cpp, line 773]
Event: 1.430 Thread 0x0000020f9dce4df0 Exception <a 'java/lang/NoSuchMethodError'{0x0000000712ece918}: 'java.lang.Object java.lang.invoke.Invokers$Holder.linkToTargetMethod(java.lang.Object, long, java.lang.Object)'> (0x0000000712ece918) 
thrown [s\open\src\hotspot\share\interpreter\linkResolver.cpp, line 773]
Event: 1.431 Thread 0x0000020f9dce4df0 Exception <a 'java/lang/NoSuchMethodError'{0x0000000712ed5870}: 'int java.lang.invoke.DirectMethodHandle$Holder.invokeStaticInit(java.lang.Object, java.lang.Object, java.lang.Object, long)'> (0x0000000712ed5870) 
thrown [s\open\src\hotspot\share\interpreter\linkResolver.cpp, line 773]
Event: 1.464 Thread 0x0000020f9dce4df0 Exception <a 'sun/nio/fs/WindowsException'{0x0000000712f95f98}> (0x0000000712f95f98) 
thrown [s\open\src\hotspot\share\prims\jni.cpp, line 520]
Event: 1.464 Thread 0x0000020f9dce4df0 Exception <a 'sun/nio/fs/WindowsException'{0x0000000712f962e0}> (0x0000000712f962e0) 
thrown [s\open\src\hotspot\share\prims\jni.cpp, line 520]

ZGC Phase Switch (0 events):
No events

VM Operations (8 events):
Event: 0.316 Executing VM operation: HandshakeAllThreads (Deoptimize)
Event: 0.316 Executing VM operation: HandshakeAllThreads (Deoptimize) done
Event: 1.170 Executing VM operation: ChangeBreakpoints
Event: 1.170 Executing VM operation: ChangeBreakpoints done
Event: 1.174 Executing VM operation: ChangeBreakpoints
Event: 1.174 Executing VM operation: ChangeBreakpoints done
Event: 1.381 Executing VM operation: HandshakeAllThreads (Deoptimize)
Event: 1.381 Executing VM operation: HandshakeAllThreads (Deoptimize) done

Events (15 events):
Event: 0.162 Thread 0x0000020f9dce4df0 Thread added: 0x0000020f9dce4df0
Event: 0.199 Thread 0x0000020fbf4e8c80 Thread added: 0x0000020fbf4e8c80
Event: 0.199 Thread 0x0000020fbf4e9f60 Thread added: 0x0000020fbf4e9f60
Event: 0.199 Thread 0x0000020fbf4ebce0 Thread added: 0x0000020fbf4ebce0
Event: 0.200 Thread 0x0000020fbf4ec740 Thread added: 0x0000020fbf4ec740
Event: 0.200 Thread 0x0000020fbf4ed1a0 Thread added: 0x0000020fbf4ed1a0
Event: 0.200 Thread 0x0000020fbf4edc00 Thread added: 0x0000020fbf4edc00
Event: 0.200 Thread 0x0000020fbf4eeb40 Thread added: 0x0000020fbf4eeb40
Event: 0.200 Thread 0x0000020fbf4f0ab0 Thread added: 0x0000020fbf4f0ab0
Event: 0.291 Thread 0x0000020fbf753bc0 Thread added: 0x0000020fbf753bc0
Event: 0.441 Thread 0x0000020fbf826140 Thread added: 0x0000020fbf826140
Event: 0.441 Thread 0x0000020fbf8f06b0 Thread added: 0x0000020fbf8f06b0
Event: 0.444 Thread 0x0000020fbf8f0d30 Thread added: 0x0000020fbf8f0d30
Event: 1.198 Thread 0x0000020fbf834cd0 Thread added: 0x0000020fbf834cd0
Event: 1.285 Thread 0x0000020fbfa6a270 Thread added: 0x0000020fbfa6a270


Dynamic libraries:
0x00007ff6bbe70000 - 0x00007ff6bbe80000 	D:\jdk-21.0.1\bin\java.exe
0x00007ffe6acb0000 - 0x00007ffe6aec6000 	C:\WINDOWS\SYSTEM32\ntdll.dll
0x00007ffe691f0000 - 0x00007ffe692b4000 	C:\WINDOWS\System32\KERNEL32.DLL
0x00007ffe681d0000 - 0x00007ffe68576000 	C:\WINDOWS\System32\KERNELBASE.dll
0x00007ffe685f0000 - 0x00007ffe68701000 	C:\WINDOWS\System32\ucrtbase.dll
0x00007ffe524a0000 - 0x00007ffe524b9000 	D:\jdk-21.0.1\bin\jli.dll
0x00007ffe6a080000 - 0x00007ffe6a132000 	C:\WINDOWS\System32\ADVAPI32.dll
0x00007ffe6a1a0000 - 0x00007ffe6a247000 	C:\WINDOWS\System32\msvcrt.dll
0x00007ffe6aa90000 - 0x00007ffe6ab38000 	C:\WINDOWS\System32\sechost.dll
0x00007ffe68710000 - 0x00007ffe68738000 	C:\WINDOWS\System32\bcrypt.dll
0x00007ffe69f60000 - 0x00007ffe6a075000 	C:\WINDOWS\System32\RPCRT4.dll
0x00007ffe68b00000 - 0x00007ffe68cad000 	C:\WINDOWS\System32\USER32.dll
0x00007ffe68950000 - 0x00007ffe68976000 	C:\WINDOWS\System32\win32u.dll
0x00007ffe692c0000 - 0x00007ffe692e9000 	C:\WINDOWS\System32\GDI32.dll
0x00007ffe67ff0000 - 0x00007ffe68108000 	C:\WINDOWS\System32\gdi32full.dll
0x00007ffe68740000 - 0x00007ffe687da000 	C:\WINDOWS\System32\msvcp_win.dll
0x00007ffe50410000 - 0x00007ffe506a3000 	C:\WINDOWS\WinSxS\amd64_microsoft.windows.common-controls_6595b64144ccf1df_6.0.22621.3235_none_270f74e173860f98\COMCTL32.dll
0x00007ffe5d640000 - 0x00007ffe5d64a000 	C:\WINDOWS\SYSTEM32\VERSION.dll
0x00007ffe526c0000 - 0x00007ffe526db000 	D:\jdk-21.0.1\bin\VCRUNTIME140.dll
0x00007ffe691b0000 - 0x00007ffe691e1000 	C:\WINDOWS\System32\IMM32.DLL
0x00007ffe538b0000 - 0x00007ffe538bc000 	D:\jdk-21.0.1\bin\vcruntime140_1.dll
0x00007ffe20330000 - 0x00007ffe203be000 	D:\jdk-21.0.1\bin\msvcp140.dll
0x00007ffdbe460000 - 0x00007ffdbf175000 	D:\jdk-21.0.1\bin\server\jvm.dll
0x00007ffe6abf0000 - 0x00007ffe6ac61000 	C:\WINDOWS\System32\WS2_32.dll
0x00007ffe66e40000 - 0x00007ffe66e8d000 	C:\WINDOWS\SYSTEM32\POWRPROF.dll
0x00007ffe5db90000 - 0x00007ffe5dbc4000 	C:\WINDOWS\SYSTEM32\WINMM.dll
0x00007ffe66e20000 - 0x00007ffe66e33000 	C:\WINDOWS\SYSTEM32\UMPDC.dll
0x00007ffe670e0000 - 0x00007ffe670f8000 	C:\WINDOWS\SYSTEM32\kernel.appcore.dll
0x00007ffe52880000 - 0x00007ffe5288a000 	D:\jdk-21.0.1\bin\jimage.dll
0x00007ffe65900000 - 0x00007ffe65b33000 	C:\WINDOWS\SYSTEM32\DBGHELP.DLL
0x00007ffe69bb0000 - 0x00007ffe69f38000 	C:\WINDOWS\System32\combase.dll
0x00007ffe6a270000 - 0x00007ffe6a347000 	C:\WINDOWS\System32\OLEAUT32.dll
0x00007ffe4cf40000 - 0x00007ffe4cf72000 	C:\WINDOWS\SYSTEM32\dbgcore.DLL
0x00007ffe68980000 - 0x00007ffe689fa000 	C:\WINDOWS\System32\bcryptPrimitives.dll
0x00007ffe4a760000 - 0x00007ffe4a79c000 	D:\jdk-21.0.1\bin\jdwp.dll
0x00007ffe51160000 - 0x00007ffe5116f000 	D:\jdk-21.0.1\bin\instrument.dll
0x00007ffe523d0000 - 0x00007ffe523ef000 	D:\jdk-21.0.1\bin\java.dll
0x00007ffe51170000 - 0x00007ffe51188000 	D:\jdk-21.0.1\bin\zip.dll
0x00007ffe692f0000 - 0x00007ffe69b4c000 	C:\WINDOWS\System32\SHELL32.dll
0x00007ffe65f10000 - 0x00007ffe66808000 	C:\WINDOWS\SYSTEM32\windows.storage.dll
0x00007ffe65dd0000 - 0x00007ffe65f0e000 	C:\WINDOWS\SYSTEM32\wintypes.dll
0x00007ffe68a00000 - 0x00007ffe68af3000 	C:\WINDOWS\System32\SHCORE.dll
0x00007ffe6a140000 - 0x00007ffe6a19e000 	C:\WINDOWS\System32\shlwapi.dll
0x00007ffe67f20000 - 0x00007ffe67f46000 	C:\WINDOWS\SYSTEM32\profapi.dll
0x00007ffe19540000 - 0x00007ffe19617000 	D:\jdk-21.0.1\bin\jsvml.dll
0x00007ffe50e90000 - 0x00007ffe50e9c000 	D:\jdk-21.0.1\bin\dt_socket.dll
0x00007ffe66ae0000 - 0x00007ffe66b0d000 	C:\WINDOWS\SYSTEM32\IPHLPAPI.DLL
0x00007ffe67550000 - 0x00007ffe675b9000 	C:\WINDOWS\system32\mswsock.dll
0x00007ffe527d0000 - 0x00007ffe527e0000 	D:\jdk-21.0.1\bin\net.dll
0x00007ffe5e8f0000 - 0x00007ffe5ea27000 	C:\WINDOWS\SYSTEM32\WINHTTP.dll
0x00007ffe51a70000 - 0x00007ffe51a86000 	D:\jdk-21.0.1\bin\nio.dll
0x00007ffe194c0000 - 0x00007ffe19535000 	C:\Users\Vu\AppData\Local\Temp\lwjglVu\3.3.1-build-7\lwjgl.dll
0x00007ffe1bf30000 - 0x00007ffe1bf91000 	C:\Users\Vu\AppData\Local\Temp\lwjglVu\3.3.1-build-7\glfw.dll

dbghelp: loaded successfully - version: 4.0.5 - missing functions: none
symbol engine: initialized successfully - sym options: 0x614 - pdb path: .;D:\jdk-21.0.1\bin;C:\WINDOWS\SYSTEM32;C:\WINDOWS\WinSxS\amd64_microsoft.windows.common-controls_6595b64144ccf1df_6.0.22621.3235_none_270f74e173860f98;D:\jdk-21.0.1\bin\server;C:\Users\Vu\AppData\Local\Temp\lwjglVu\3.3.1-build-7

VM Arguments:
jvm_args: -agentlib:jdwp=transport=dt_socket,address=127.0.0.1:62536,suspend=y,server=n -javaagent:C:\Users\Vu\AppData\Local\JetBrains\IdeaIC2023.3\captureAgent\debugger-agent.jar -Dfile.encoding=UTF-8 -Dsun.stdout.encoding=UTF-8 -Dsun.stderr.encoding=UTF-8 
java_command: main.Main
java_class_path (initial): D:\ducky-game\target\classes;C:\Users\Vu\.m2\repository\io\github\spair\imgui-java-app\1.81.0\imgui-java-app-1.81.0.jar;C:\Users\Vu\.m2\repository\org\lwjgl\lwjgl\3.3.1\lwjgl-3.3.1-natives-linux.jar;C:\Users\Vu\.m2\repository\org\lwjgl\lwjgl-glfw\3.3.1\lwjgl-glfw-3.3.1-natives-linux.jar;C:\Users\Vu\.m2\repository\org\lwjgl\lwjgl-opengl\3.3.1\lwjgl-opengl-3.3.1-natives-linux.jar;C:\Users\Vu\.m2\repository\org\lwjgl\lwjgl\3.3.1\lwjgl-3.3.1-natives-macos.jar;C:\Users\Vu\.m2\repository\org\lwjgl\lwjgl-glfw\3.3.1\lwjgl-glfw-3.3.1-natives-macos.jar;C:\Users\Vu\.m2\repository\org\lwjgl\lwjgl-opengl\3.3.1\lwjgl-opengl-3.3.1-natives-macos.jar;C:\Users\Vu\.m2\repository\io\github\spair\imgui-java-binding\1.81.0\imgui-java-binding-1.81.0.jar;C:\Users\Vu\.m2\repository\io\github\spair\imgui-java-lwjgl3\1.81.0\imgui-java-lwjgl3-1.81.0.jar;C:\Users\Vu\.m2\repository\org\lwjgl\lwjgl\3.3.1\lwjgl-3.3.1.jar;C:\Users\Vu\.m2\repository\com\google\code\gson\gson\2.10.1\gson-2.10.1.jar;C:\Users\Vu\.m2\repository\org\openjfx\javafx-controls\21\javafx-controls-21.jar;C:\Users\Vu\.m2\repository\org\openjfx\javafx-controls\21\javafx-controls-21-win.jar;C:\Users\Vu\.m2\repository\org\openjfx\javafx-graphics\21\javafx-graphics-21.jar;C:\Users\Vu\.m2\repository\org\openjfx\javafx-graphics\21\javafx-graphics-21-win.jar;C:\Users\Vu\.m2\repository\org\openjfx\javafx-base\21\javafx-base-21.jar;C:\Users\Vu\.m2\repository\org\openjfx\javafx-base\21\javafx-base-21-win.jar;C:\Users\Vu\.m2\repository\org\openjfx\javafx-fxml\21\javafx-fxml-21.jar;C:\Users\Vu\.m2\repository\org\openjfx\javafx-fxml\21\javafx-fxml-21-win.jar;C:\Users\Vu\.m2\repository\org\lwjgl\lwjgl-nfd\3.3.1\lwjgl-nfd-3.3.1.jar;C:\Users\Vu\.m2\repository\org\lwjgl\lwjgl-assimp\3.3.1\lwjgl-assimp-3.3.1.jar;C:\Users\Vu\.m2\repository\org\lwjgl\lwjgl-glfw\3.3.1\lwjgl-glfw-3.3.1.jar;C:\Users\Vu\.m2\repository\org\lwjgl\lwjgl-openal\3.3.1\lwjgl-openal-3.3.1.jar;C:\Users\Vu\.m2\repository\org\lwjgl\lwjgl-opengl\3.3.1\lwjgl-opengl-3.3.1.jar;C:\Users\Vu\.m2\repository\org\lwjgl\lwjgl-stb\3.3.1\lwjgl-stb-3.3.1.jar;C:\Users\Vu\.m2\repository\org\lwjgl\lwjgl\3.3.1\lwjgl-3.3.1-natives-windows.jar;C:\Users\Vu\.m2\repository\org\lwjgl\lwjgl-assimp\3.3.1\lwjgl-assimp-3.3.1-natives-windows.jar;C:\Users\Vu\.m2\repository\org\lwjgl\lwjgl-glfw\3.3.1\lwjgl-glfw-3.3.1-natives-windows.jar;C:\Users\Vu\.m2\repository\org\lwjgl\lwjgl-openal\3.3.1\lwjgl-openal-3.3.1-natives-windows.jar;C:\Users\Vu\.m2\repository\org\lwjgl\lwjgl-opengl\3.3.1\lwjgl-opengl-3.3.1-natives-windows.jar;C:\Users\Vu\.m2\repository\org\mongodb\mongodb-driver\3.12.14\mongodb-driver-3.12.14.jar;C:\Users\Vu\.m2\repository\org\mongodb\bson\3.12.14\bson-3.12.14.jar;C:\Users\Vu\.m2\repository\org\mongodb\mongodb-driver-core\3.12.14\mongodb-driver-core-3.12.14.jar;C:\Users\Vu\.m2\repository\org\lwjgl\lwjgl-stb\3.3.1\lwjgl-stb-3.3.1-natives-windows.jar;C:\Users\Vu\.m2\repository\org\lwjgl\lwjgl-nfd\3.3.1\lwjgl-nfd-3.3.1-natives-windows.jar;C:\Users\Vu\.m2\repository\org\jbox2d\jbox2d-library\2.2.1.1\jbox2d-library-2.2.1.1.jar;C:\Users\Vu\.m2\repository\org\joml\joml\1.9.24\joml-1.9.24.jar;D:\IntelliJ IDEA Community Edition 2023.3.3\lib\idea_rt.jar
Launcher Type: SUN_STANDARD

[Global flags]
     intx CICompilerCount                          = 4                                         {product} {ergonomic}
     uint ConcGCThreads                            = 3                                         {product} {ergonomic}
     uint G1ConcRefinementThreads                  = 10                                        {product} {ergonomic}
   size_t G1HeapRegionSize                         = 2097152                                   {product} {ergonomic}
    uintx GCDrainStackTargetSize                   = 64                                        {product} {ergonomic}
   size_t InitialHeapSize                          = 266338304                                 {product} {ergonomic}
   size_t MarkStackSize                            = 4194304                                   {product} {ergonomic}
   size_t MaxHeapSize                              = 4234149888                                {product} {ergonomic}
   size_t MaxNewSize                               = 2539651072                                {product} {ergonomic}
   size_t MinHeapDeltaBytes                        = 2097152                                   {product} {ergonomic}
   size_t MinHeapSize                              = 8388608                                   {product} {ergonomic}
    uintx NonNMethodCodeHeapSize                   = 5839372                                {pd product} {ergonomic}
    uintx NonProfiledCodeHeapSize                  = 122909434                              {pd product} {ergonomic}
    uintx ProfiledCodeHeapSize                     = 122909434                              {pd product} {ergonomic}
    uintx ReservedCodeCacheSize                    = 251658240                              {pd product} {ergonomic}
     bool SegmentedCodeCache                       = true                                      {product} {ergonomic}
   size_t SoftMaxHeapSize                          = 4234149888                             {manageable} {ergonomic}
     bool UseCompressedOops                        = true                           {product lp64_product} {ergonomic}
     bool UseG1GC                                  = true                                      {product} {ergonomic}
     bool UseLargePagesIndividualAllocation        = false                                  {pd product} {ergonomic}

Logging:
Log output configuration:
 #0: stdout all=warning uptime,level,tags foldmultilines=false
 #1: stderr all=off uptime,level,tags foldmultilines=false

Environment Variables:
JAVA_HOME=D:\jdk-21.0.1
PATH=C:\Program Files\Common Files\Oracle\Java\javapath;C:\Windows\system32;C:\Windows;C:\Windows\System32\Wbem;C:\Windows\System32\WindowsPowerShell\v1.0\;C:\Windows\System32\OpenSSH\;C:\Program Files (x86)\NVIDIA Corporation\PhysX\Common;C:\Program Files\NVIDIA Corporation\NVIDIA NvDLISR;C:\WINDOWS\system32;C:\WINDOWS;C:\WINDOWS\System32\Wbem;C:\WINDOWS\System32\WindowsPowerShell\v1.0\;C:\WINDOWS\System32\OpenSSH\;C:\Program Files\Git\cmd;C:\Program Files\Microsoft SQL Server\150\Tools\Binn\;C:\Program Files\Microsoft SQL Server\Client SDK\ODBC\170\Tools\Binn\;C:\Program Files\dotnet\;C:\Users\Vu\Downloads\apache-maven-3.9.6\bin;D:\jdk-21.0.1\bin;C:\Users\Vu\AppData\Local\Microsoft\WindowsApps;C:\Users\Vu\AppData\Local\Programs\Microsoft VS Code\bin;C:\Users\Vu\.dotnet\tools
USERNAME=Vu
OS=Windows_NT
PROCESSOR_IDENTIFIER=Intel64 Family 6 Model 141 Stepping 1, GenuineIntel
TMP=C:\Users\Vu\AppData\Local\Temp
TEMP=C:\Users\Vu\AppData\Local\Temp




Periodic native trim disabled

---------------  S Y S T E M  ---------------

OS:
 Windows 11 , 64 bit Build 22621 (10.0.22621.3235)
OS uptime: 1 days 8:04 hours
Hyper-V role detected

CPU: total 12 (initial active 12) (6 cores per cpu, 2 threads per core) family 6 model 141 stepping 1 microcode 0x3c, cx8, cmov, fxsr, ht, mmx, 3dnowpref, sse, sse2, sse3, ssse3, sse4.1, sse4.2, popcnt, lzcnt, tsc, tscinvbit, avx, avx2, aes, erms, clmul, bmi1, bmi2, adx, avx512f, avx512dq, avx512cd, avx512bw, avx512vl, sha, fma, vzeroupper, avx512_vpopcntdq, avx512_vpclmulqdq, avx512_vaes, avx512_vnni, clflush, clflushopt, clwb, avx512_vbmi2, avx512_vbmi, hv, rdtscp, rdpid, fsrm, gfni, avx512_bitalg, f16c, cet_ibt, cet_ss, avx512_ifma
Processor Information for all 12 processors :
  Max Mhz: 2688, Current Mhz: 2688, Mhz Limit: 2688

Memory: 4k page, system-wide physical 16147M (2321M free)
TotalPageFile size 23315M (AvailPageFile size 3157M)
current process WorkingSet (physical memory assigned to process): 53M, peak: 53M
current process commit charge ("private bytes"): 348M, peak: 348M

vm_info: Java HotSpot(TM) 64-Bit Server VM (21.0.1+12-LTS-29) for windows-amd64 JRE (21.0.1+12-LTS-29), built on 2023-10-05T13:27:09Z by "mach5one" with MS VC++ 17.1 (VS2022)

END.
