#
# A fatal error has been detected by the Java Runtime Environment:
#
#  EXCEPTION_ACCESS_VIOLATION (0xc0000005) at pc=0x00007ffdcb03366c, pid=5928, tid=23460
#
# JRE version: Java(TM) SE Runtime Environment (21.0.1+12) (build 21.0.1+12-LTS-29)
# Java VM: Java HotSpot(TM) 64-Bit Server VM (21.0.1+12-LTS-29, mixed mode, sharing, tiered, compressed oops, compressed class ptrs, g1 gc, windows-amd64)
# Problematic frame:
# C  [igxelpicd64.dll+0x13366c]
#
# No core dump will be written. Minidumps are not enabled by default on client versions of Windows
#
# If you would like to submit a bug report, please visit:
#   https://bugreport.java.com/bugreport/crash.jsp
#

---------------  S U M M A R Y ------------

Command Line: -javaagent:D:\IntelliJ IDEA Community Edition 2023.3.3\lib\idea_rt.jar=54905:D:\IntelliJ IDEA Community Edition 2023.3.3\bin -Dfile.encoding=UTF-8 -Dsun.stdout.encoding=UTF-8 -Dsun.stderr.encoding=UTF-8 main.Main

Host: 11th Gen Intel(R) Core(TM) i5-11400H @ 2.70GHz, 12 cores, 15G,  Windows 11 , 64 bit Build 22621 (10.0.22621.3085)
Time: Wed Feb 21 03:58:44 2024 SE Asia Standard Time elapsed time: 51.960405 seconds (0d 0h 0m 51s)

---------------  T H R E A D  ---------------

Current thread (0x00000230c186a1d0):  VMThread "VM Thread"          [id=23460, stack(0x000000b4d5900000,0x000000b4d5a00000) (1024K)]

Stack: [0x000000b4d5900000,0x000000b4d5a00000],  sp=0x000000b4d59fe1f0,  free space=1016k
Native frames: (J=compiled Java code, j=interpreted, Vv=VM code, C=native code)
C  [igxelpicd64.dll+0x13366c]


siginfo: EXCEPTION_ACCESS_VIOLATION (0xc0000005), reading address 0x00000000000356f8


Registers:
RAX=0x000002310789f0a8, RBX=0x000002310789efa0, RCX=0x0000000000000000, RDX=0x0000000000000000
RSP=0x000000b4d59fe1f0, RBP=0x0000000000000000, RSI=0x000002310789f570, RDI=0x00000231075b5240
R8 =0x0000000000000014, R9 =0x0000000000000000, R10=0x0000000000000000, R11=0x0000000000000000
R12=0x0000000000000000, R13=0x0000023110c12aa0, R14=0x0000000001104300, R15=0x0000000000000016
RIP=0x00007ffdcb03366c, EFLAGS=0x0000000000010202


Register to memory mapping:

RAX=0x000002310789f0a8 points into unknown readable memory: 0x00000000011033a0 | a0 33 10 01 00 00 00 00
RBX=0x000002310789efa0 points into unknown readable memory: 0x0000023107620330 | 30 03 62 07 31 02 00 00
RCX=0x0 is null
RDX=0x0 is null
RSP=0x000000b4d59fe1f0 points into unknown readable memory: 0x00000231075cd260 | 60 d2 5c 07 31 02 00 00
RBP=0x0 is null
RSI=0x000002310789f570 points into unknown readable memory: 0x0000023110c12aa0 | a0 2a c1 10 31 02 00 00
RDI=0x00000231075b5240 points into unknown readable memory: 0x00000231075a2c00 | 00 2c 5a 07 31 02 00 00
R8 =0x0000000000000014 is an unknown value
R9 =0x0 is null
R10=0x0 is null
R11=0x0 is null
R12=0x0 is null
R13=0x0000023110c12aa0 points into unknown readable memory: 0x0000023107620330 | 30 03 62 07 31 02 00 00
R14=0x0000000001104300 is an unknown value
R15=0x0000000000000016 is an unknown value

Top of Stack: (sp=0x000000b4d59fe1f0)
0x000000b4d59fe1f0:   00000231075cd260 0000000000000000
0x000000b4d59fe200:   000000b4d59feaa0 00007ffe1b2533b4
0x000000b4d59fe210:   00007ffd8f489010 00007ffe1b245511
0x000000b4d59fe220:   00000230a0270001 00007ffe1b2418f4
0x000000b4d59fe230:   0000023107739178 00000000011043b8
0x000000b4d59fe240:   0000000000000000 000000000000000e
0x000000b4d59fe250:   0000000000000000 0000000000000000
0x000000b4d59fe260:   000000b4d59fe370 00007ffdcb1abc3c
0x000000b4d59fe270:   00000231075cd260 00000231075b5240
0x000000b4d59fe280:   00000230a0200a00 0000000000000000
0x000000b4d59fe290:   000000b400000a7c 0000b802212c0000
0x000000b4d59fe2a0:   0000000000000000 000000b4d59fe5f8
0x000000b4d59fe2b0:   000000b4d4d28000 00007ffe1b1cd8e6
0x000000b4d59fe2c0:   00000230a01f0000 0000000000000002
0x000000b4d59fe2d0:   0000000200000101 00007ffdcb1a19a0
0x000000b4d59fe2e0:   00007ffe1b2197f0 00000000000004b4
0x000000b4d59fe2f0:   000000b4d59fe458 000000b4d59fe480
0x000000b4d59fe300:   00007ffe00000002 00000000000004b4
0x000000b4d59fe310:   00003a7ec6afefc2 00007ffdcaf83cdf
0x000000b4d59fe320:   0000b802212c0000 0000000000000a7c
0x000000b4d59fe330:   0000000000000000 4000170000000001
0x000000b4d59fe340:   0000000000000000 0000000000000000
0x000000b4d59fe350:   0000000000000000 0000000000000000
0x000000b4d59fe360:   0000000000000000 0000000000000000
0x000000b4d59fe370:   0000000000000000 0000000000000000
0x000000b4d59fe380:   0000000000000000 0000000000000000
0x000000b4d59fe390:   0000000000000000 0000000000000000
0x000000b4d59fe3a0:   0000000000000000 0000000000000000
0x000000b4d59fe3b0:   0000000000000000 0000000000000000
0x000000b4d59fe3c0:   0000000000000000 0000000000000000
0x000000b4d59fe3d0:   0000000000000000 0000000000000000
0x000000b4d59fe3e0:   0000000000000000 0000000000000000 

Instructions: (pc=0x00007ffdcb03366c)
0x00007ffdcb03356c:   ec 40 45 8a e1 48 8b fa 48 8b e9 48 8b 1d 42 08
0x00007ffdcb03357c:   e0 00 48 89 58 08 48 8b cb ff 15 85 5b 9a 00 90
0x00007ffdcb03358c:   4c 8b af 78 02 00 00 48 8b 05 c6 e4 cf 00 44 8b
0x00007ffdcb03359c:   b8 40 0b 00 00 45 33 db 45 8a f3 4c 89 9f 78 02
0x00007ffdcb0335ac:   00 00 44 89 9f 80 02 00 00 4c 89 9f 98 02 00 00
0x00007ffdcb0335bc:   4c 89 9f 88 02 00 00 48 85 ed 75 38 8b 35 4a e2
0x00007ffdcb0335cc:   df 00 65 48 8b 04 25 58 00 00 00 b9 14 00 00 00
0x00007ffdcb0335dc:   48 8b 04 f0 44 38 1c 01 0f 84 9d da 86 00 65 48
0x00007ffdcb0335ec:   8b 04 25 58 00 00 00 bd 20 00 00 00 48 8b 04 f0
0x00007ffdcb0335fc:   48 8b 2c 28 48 3b 2d 39 07 e0 00 45 0f 44 fb 4d
0x00007ffdcb03360c:   85 ed 0f 84 21 01 00 00 44 8a a4 24 90 00 00 00
0x00007ffdcb03361c:   49 8b dd 49 8d b5 d0 05 00 00 4c 8b 2e 45 84 e4
0x00007ffdcb03362c:   0f 85 2a 03 00 00 8b 97 c8 01 00 00 48 8b 05 21
0x00007ffdcb03363c:   e4 cf 00 83 b8 78 03 00 00 02 75 31 83 fa 10 0f
0x00007ffdcb03364c:   83 20 01 00 00 48 8d 04 d5 21 00 00 00 48 03 c2
0x00007ffdcb03365c:   48 8d 04 c3 48 85 c0 0f 85 ff 00 00 00 49 8b cb
0x00007ffdcb03366c:   48 3b 8d f8 56 03 00 0f 87 f3 02 00 00 4c 39 9b
0x00007ffdcb03367c:   48 06 00 00 0f 85 41 da 86 00 44 8b 97 c8 01 00
0x00007ffdcb03368c:   00 48 8b 87 e0 01 00 00 4c 8b 08 8b 97 c8 01 00
0x00007ffdcb03369c:   00 83 fa 10 0f 83 03 01 00 00 48 8d 04 d5 21 00
0x00007ffdcb0336ac:   00 00 48 03 c2 48 8d 04 c3 48 85 c0 0f 85 e2 00
0x00007ffdcb0336bc:   00 00 49 8b cb 49 3b c9 0f 86 0e 01 00 00 48 8b
0x00007ffdcb0336cc:   87 78 02 00 00 48 89 06 48 89 9f 78 02 00 00 ff
0x00007ffdcb0336dc:   87 80 02 00 00 48 8b 43 08 48 8b 88 18 01 00 00
0x00007ffdcb0336ec:   48 81 e1 00 00 ff ff 48 81 c1 00 00 01 00 48 01
0x00007ffdcb0336fc:   8f 88 02 00 00 48 8b 43 08 48 8b 88 18 01 00 00
0x00007ffdcb03370c:   48 01 8f 98 02 00 00 4d 85 ed 0f 85 00 ff ff ff
0x00007ffdcb03371c:   45 84 f6 44 8a a4 24 98 00 00 00 0f 85 82 03 00
0x00007ffdcb03372c:   00 48 8b 9c 24 80 00 00 00 48 8b cf 45 84 e4 0f
0x00007ffdcb03373c:   85 8a 03 00 00 e8 fa f9 ff ff 90 48 8b cb 48 8b
0x00007ffdcb03374c:   9c 24 88 00 00 00 48 83 c4 40 41 5f 41 5e 41 5d
0x00007ffdcb03375c:   41 5c 5f 5e 5d 48 ff 25 b0 59 9a 00 48 8b 48 08 


Stack slot to memory mapping:

stack at sp + 0 slots: 0x00000231075cd260 points into unknown readable memory: 0xffffffffffffffff | ff ff ff ff ff ff ff ff
stack at sp + 1 slots: 0x0 is null
stack at sp + 2 slots: 0x000000b4d59feaa0 points into unknown readable memory: 0x00000230a027ace0 | e0 ac 27 a0 30 02 00 00
stack at sp + 3 slots: 0x00007ffe1b2533b4 ntdll.dll
stack at sp + 4 slots: 0x00007ffd8f489010 jvm.dll
stack at sp + 5 slots: 0x00007ffe1b245511 ntdll.dll
stack at sp + 6 slots: 0x00000230a0270001 points into unknown readable memory: 00 00 00 00 00 00 00
stack at sp + 7 slots: 0x00007ffe1b2418f4 ntdll.dll

VM_Operation (0x000000b4d6dfef30): Exit, mode: safepoint, requested by thread 0x00000231177938f0


---------------  P R O C E S S  ---------------

Threads class SMR info:
_java_thread_list=0x0000023110ad1c20, length=13, elements={
0x00000230a02a0520, 0x00000230c1889940, 0x00000230c188a950, 0x00000230c188cba0,
0x00000230c188fb40, 0x00000230c1890910, 0x00000230c1891be0, 0x00000230c189c9b0,
0x0000023107001c30, 0x00000230c1855380, 0x0000023107474ff0, 0x00000231074835d0,
0x00000231177938f0
}

Java Threads: ( => current thread )
  0x00000230a02a0520 JavaThread "main"                              [_thread_blocked, id=3588, stack(0x000000b4d5200000,0x000000b4d5300000) (1024K)]
  0x00000230c1889940 JavaThread "Reference Handler"          daemon [_thread_blocked, id=24528, stack(0x000000b4d5a00000,0x000000b4d5b00000) (1024K)]
  0x00000230c188a950 JavaThread "Finalizer"                  daemon [_thread_blocked, id=17084, stack(0x000000b4d5b00000,0x000000b4d5c00000) (1024K)]
  0x00000230c188cba0 JavaThread "Signal Dispatcher"          daemon [_thread_blocked, id=6312, stack(0x000000b4d5c00000,0x000000b4d5d00000) (1024K)]
  0x00000230c188fb40 JavaThread "Attach Listener"            daemon [_thread_blocked, id=21200, stack(0x000000b4d5d00000,0x000000b4d5e00000) (1024K)]
  0x00000230c1890910 JavaThread "Service Thread"             daemon [_thread_blocked, id=23516, stack(0x000000b4d5e00000,0x000000b4d5f00000) (1024K)]
  0x00000230c1891be0 JavaThread "Monitor Deflation Thread"   daemon [_thread_blocked, id=16848, stack(0x000000b4d5f00000,0x000000b4d6000000) (1024K)]
  0x00000230c189c9b0 JavaThread "C2 CompilerThread0"         daemon [_thread_blocked, id=14180, stack(0x000000b4d6000000,0x000000b4d6100000) (1024K)]
  0x0000023107001c30 JavaThread "C1 CompilerThread0"         daemon [_thread_blocked, id=22136, stack(0x000000b4d6100000,0x000000b4d6200000) (1024K)]
  0x00000230c1855380 JavaThread "Common-Cleaner"             daemon [_thread_blocked, id=22404, stack(0x000000b4d6200000,0x000000b4d6300000) (1024K)]
  0x0000023107474ff0 JavaThread "Monitor Ctrl-Break"         daemon [_thread_in_native, id=2480, stack(0x000000b4d6300000,0x000000b4d6400000) (1024K)]
  0x00000231074835d0 JavaThread "Notification Thread"        daemon [_thread_blocked, id=10236, stack(0x000000b4d6400000,0x000000b4d6500000) (1024K)]
  0x00000231177938f0 JavaThread "SIGINT handler"             daemon [_thread_blocked, id=22820, stack(0x000000b4d6d00000,0x000000b4d6e00000) (1024K)]
Total: 13

Other Threads:
=>0x00000230c186a1d0 VMThread "VM Thread"                           [id=23460, stack(0x000000b4d5900000,0x000000b4d5a00000) (1024K)]
  0x00000230a062f050 WorkerThread "GC Thread#0"                     [id=23436, stack(0x000000b4d5300000,0x000000b4d5400000) (1024K)]
  0x00000231103475b0 WorkerThread "GC Thread#1"                     [id=22704, stack(0x000000b4d6e00000,0x000000b4d6f00000) (1024K)]
  0x00000231105eff50 WorkerThread "GC Thread#2"                     [id=11748, stack(0x000000b4d6f00000,0x000000b4d7000000) (1024K)]
  0x00000231105f02f0 WorkerThread "GC Thread#3"                     [id=12812, stack(0x000000b4d7000000,0x000000b4d7100000) (1024K)]
  0x000002311089afb0 WorkerThread "GC Thread#4"                     [id=20740, stack(0x000000b4d7100000,0x000000b4d7200000) (1024K)]
  0x000002311089b350 WorkerThread "GC Thread#5"                     [id=22992, stack(0x000000b4d7200000,0x000000b4d7300000) (1024K)]
  0x00000231109ccc60 WorkerThread "GC Thread#6"                     [id=11868, stack(0x000000b4d7300000,0x000000b4d7400000) (1024K)]
  0x00000231109d41c0 WorkerThread "GC Thread#7"                     [id=21160, stack(0x000000b4d7400000,0x000000b4d7500000) (1024K)]
  0x0000023110a702d0 WorkerThread "GC Thread#8"                     [id=5500, stack(0x000000b4d7500000,0x000000b4d7600000) (1024K)]
  0x0000023110a71150 WorkerThread "GC Thread#9"                     [id=5176, stack(0x000000b4d7600000,0x000000b4d7700000) (1024K)]
  0x00000230a063fd00 ConcurrentGCThread "G1 Main Marker"            terminated
  0x00000230a0640800 WorkerThread "G1 Conc#0"                       [id=9988, stack(0x000000b4d5500000,0x000000b4d5600000) (1024K)]
  0x00000230c1727090 ConcurrentGCThread "G1 Refine#0"               terminated
  0x00000230c17278b0 ConcurrentGCThread "G1 Service"                terminated
Total: 15

Threads with active compile tasks:
Total: 0

VM state: at safepoint (shutting down)

VM Mutex/Monitor currently owned by a thread:  ([mutex/lock_event])
[0x00007ffd8f7ca5f8] Threads_lock - owner thread: 0x00000230c186a1d0
[0x00007ffd8f7ca6f8] Heap_lock - owner thread: 0x00000231177938f0

Heap address: 0x0000000703a00000, size: 4038 MB, Compressed Oops mode: Zero based, Oop shift amount: 3

CDS archive(s) mapped at: [0x00000230c2000000-0x00000230c2c90000-0x00000230c2c90000), size 13172736, SharedBaseAddress: 0x00000230c2000000, ArchiveRelocationMode: 1.
Compressed class space mapped at: 0x00000230c3000000-0x0000023103000000, reserved size: 1073741824
Narrow klass base: 0x00000230c2000000, Narrow klass shift: 0, Narrow klass range: 0x100000000

GC Precious Log:
 CardTable entry size: 512
 Card Set container configuration: InlinePtr #cards 4 size 8 Array Of Cards #cards 16 size 48 Howl #buckets 8 coarsen threshold 3686 Howl Bitmap #cards 512 size 80 coarsen threshold 460 Card regions per heap region 1 cards per card region 4096
 CPUs: 12 total, 12 available
 Memory: 16147M
 Large Page Support: Disabled
 NUMA Support: Disabled
 Compressed Oops: Enabled (Zero based)
 Heap Region Size: 2M
 Heap Min Capacity: 8M
 Heap Initial Capacity: 254M
 Heap Max Capacity: 4038M
 Pre-touch: Disabled
 Parallel Workers: 10
 Concurrent Workers: 3
 Concurrent Refinement Workers: 10
 Periodic GC: Disabled

Heap:
 garbage-first heap   total 260096K, used 71638K [0x0000000703a00000, 0x0000000800000000)
  region size 2048K, 35 young (71680K), 3 survivors (6144K)
 Metaspace       used 10454K, committed 10752K, reserved 1114112K
  class space    used 736K, committed 896K, reserved 1048576K

Heap Regions: E=young(eden), S=young(survivor), O=old, HS=humongous(starts), HC=humongous(continues), CS=collection set, F=free, TAMS=top-at-mark-start, PB=parsable bottom
|   0|0x0000000703a00000, 0x0000000703c00000, 0x0000000703c00000|100%| O|  |TAMS 0x0000000703a00000| PB 0x0000000703a00000| Untracked 
|   1|0x0000000703c00000, 0x0000000703d430b8, 0x0000000703e00000| 63%| O|  |TAMS 0x0000000703c00000| PB 0x0000000703c00000| Untracked 
|   2|0x0000000703e00000, 0x0000000703e00000, 0x0000000704000000|  0%| F|  |TAMS 0x0000000703e00000| PB 0x0000000703e00000| Untracked 
|   3|0x0000000704000000, 0x0000000704000000, 0x0000000704200000|  0%| F|  |TAMS 0x0000000704000000| PB 0x0000000704000000| Untracked 
|   4|0x0000000704200000, 0x0000000704200000, 0x0000000704400000|  0%| F|  |TAMS 0x0000000704200000| PB 0x0000000704200000| Untracked 
|   5|0x0000000704400000, 0x0000000704400000, 0x0000000704600000|  0%| F|  |TAMS 0x0000000704400000| PB 0x0000000704400000| Untracked 
|   6|0x0000000704600000, 0x0000000704600000, 0x0000000704800000|  0%| F|  |TAMS 0x0000000704600000| PB 0x0000000704600000| Untracked 
|   7|0x0000000704800000, 0x0000000704800000, 0x0000000704a00000|  0%| F|  |TAMS 0x0000000704800000| PB 0x0000000704800000| Untracked 
|   8|0x0000000704a00000, 0x0000000704a00000, 0x0000000704c00000|  0%| F|  |TAMS 0x0000000704a00000| PB 0x0000000704a00000| Untracked 
|   9|0x0000000704c00000, 0x0000000704c00000, 0x0000000704e00000|  0%| F|  |TAMS 0x0000000704c00000| PB 0x0000000704c00000| Untracked 
|  10|0x0000000704e00000, 0x0000000704e00000, 0x0000000705000000|  0%| F|  |TAMS 0x0000000704e00000| PB 0x0000000704e00000| Untracked 
|  11|0x0000000705000000, 0x0000000705000000, 0x0000000705200000|  0%| F|  |TAMS 0x0000000705000000| PB 0x0000000705000000| Untracked 
|  12|0x0000000705200000, 0x0000000705200000, 0x0000000705400000|  0%| F|  |TAMS 0x0000000705200000| PB 0x0000000705200000| Untracked 
|  13|0x0000000705400000, 0x0000000705400000, 0x0000000705600000|  0%| F|  |TAMS 0x0000000705400000| PB 0x0000000705400000| Untracked 
|  14|0x0000000705600000, 0x0000000705600000, 0x0000000705800000|  0%| F|  |TAMS 0x0000000705600000| PB 0x0000000705600000| Untracked 
|  15|0x0000000705800000, 0x0000000705800000, 0x0000000705a00000|  0%| F|  |TAMS 0x0000000705800000| PB 0x0000000705800000| Untracked 
|  16|0x0000000705a00000, 0x0000000705a00000, 0x0000000705c00000|  0%| F|  |TAMS 0x0000000705a00000| PB 0x0000000705a00000| Untracked 
|  17|0x0000000705c00000, 0x0000000705c00000, 0x0000000705e00000|  0%| F|  |TAMS 0x0000000705c00000| PB 0x0000000705c00000| Untracked 
|  18|0x0000000705e00000, 0x0000000705e00000, 0x0000000706000000|  0%| F|  |TAMS 0x0000000705e00000| PB 0x0000000705e00000| Untracked 
|  19|0x0000000706000000, 0x0000000706000000, 0x0000000706200000|  0%| F|  |TAMS 0x0000000706000000| PB 0x0000000706000000| Untracked 
|  20|0x0000000706200000, 0x0000000706200000, 0x0000000706400000|  0%| F|  |TAMS 0x0000000706200000| PB 0x0000000706200000| Untracked 
|  21|0x0000000706400000, 0x0000000706400000, 0x0000000706600000|  0%| F|  |TAMS 0x0000000706400000| PB 0x0000000706400000| Untracked 
|  22|0x0000000706600000, 0x0000000706600000, 0x0000000706800000|  0%| F|  |TAMS 0x0000000706600000| PB 0x0000000706600000| Untracked 
|  23|0x0000000706800000, 0x0000000706800000, 0x0000000706a00000|  0%| F|  |TAMS 0x0000000706800000| PB 0x0000000706800000| Untracked 
|  24|0x0000000706a00000, 0x0000000706a00000, 0x0000000706c00000|  0%| F|  |TAMS 0x0000000706a00000| PB 0x0000000706a00000| Untracked 
|  25|0x0000000706c00000, 0x0000000706c00000, 0x0000000706e00000|  0%| F|  |TAMS 0x0000000706c00000| PB 0x0000000706c00000| Untracked 
|  26|0x0000000706e00000, 0x0000000706e00000, 0x0000000707000000|  0%| F|  |TAMS 0x0000000706e00000| PB 0x0000000706e00000| Untracked 
|  27|0x0000000707000000, 0x0000000707000000, 0x0000000707200000|  0%| F|  |TAMS 0x0000000707000000| PB 0x0000000707000000| Untracked 
|  28|0x0000000707200000, 0x0000000707200000, 0x0000000707400000|  0%| F|  |TAMS 0x0000000707200000| PB 0x0000000707200000| Untracked 
|  29|0x0000000707400000, 0x0000000707400000, 0x0000000707600000|  0%| F|  |TAMS 0x0000000707400000| PB 0x0000000707400000| Untracked 
|  30|0x0000000707600000, 0x0000000707600000, 0x0000000707800000|  0%| F|  |TAMS 0x0000000707600000| PB 0x0000000707600000| Untracked 
|  31|0x0000000707800000, 0x0000000707800000, 0x0000000707a00000|  0%| F|  |TAMS 0x0000000707800000| PB 0x0000000707800000| Untracked 
|  32|0x0000000707a00000, 0x0000000707a00000, 0x0000000707c00000|  0%| F|  |TAMS 0x0000000707a00000| PB 0x0000000707a00000| Untracked 
|  33|0x0000000707c00000, 0x0000000707c00000, 0x0000000707e00000|  0%| F|  |TAMS 0x0000000707c00000| PB 0x0000000707c00000| Untracked 
|  34|0x0000000707e00000, 0x0000000707e00000, 0x0000000708000000|  0%| F|  |TAMS 0x0000000707e00000| PB 0x0000000707e00000| Untracked 
|  35|0x0000000708000000, 0x0000000708000000, 0x0000000708200000|  0%| F|  |TAMS 0x0000000708000000| PB 0x0000000708000000| Untracked 
|  36|0x0000000708200000, 0x0000000708200000, 0x0000000708400000|  0%| F|  |TAMS 0x0000000708200000| PB 0x0000000708200000| Untracked 
|  37|0x0000000708400000, 0x0000000708400000, 0x0000000708600000|  0%| F|  |TAMS 0x0000000708400000| PB 0x0000000708400000| Untracked 
|  38|0x0000000708600000, 0x0000000708600000, 0x0000000708800000|  0%| F|  |TAMS 0x0000000708600000| PB 0x0000000708600000| Untracked 
|  39|0x0000000708800000, 0x0000000708800000, 0x0000000708a00000|  0%| F|  |TAMS 0x0000000708800000| PB 0x0000000708800000| Untracked 
|  40|0x0000000708a00000, 0x0000000708a00000, 0x0000000708c00000|  0%| F|  |TAMS 0x0000000708a00000| PB 0x0000000708a00000| Untracked 
|  41|0x0000000708c00000, 0x0000000708c00000, 0x0000000708e00000|  0%| F|  |TAMS 0x0000000708c00000| PB 0x0000000708c00000| Untracked 
|  42|0x0000000708e00000, 0x0000000708e00000, 0x0000000709000000|  0%| F|  |TAMS 0x0000000708e00000| PB 0x0000000708e00000| Untracked 
|  43|0x0000000709000000, 0x0000000709000000, 0x0000000709200000|  0%| F|  |TAMS 0x0000000709000000| PB 0x0000000709000000| Untracked 
|  44|0x0000000709200000, 0x0000000709200000, 0x0000000709400000|  0%| F|  |TAMS 0x0000000709200000| PB 0x0000000709200000| Untracked 
|  45|0x0000000709400000, 0x0000000709400000, 0x0000000709600000|  0%| F|  |TAMS 0x0000000709400000| PB 0x0000000709400000| Untracked 
|  46|0x0000000709600000, 0x0000000709600000, 0x0000000709800000|  0%| F|  |TAMS 0x0000000709600000| PB 0x0000000709600000| Untracked 
|  47|0x0000000709800000, 0x0000000709800000, 0x0000000709a00000|  0%| F|  |TAMS 0x0000000709800000| PB 0x0000000709800000| Untracked 
|  48|0x0000000709a00000, 0x0000000709ab28c0, 0x0000000709c00000| 34%| S|CS|TAMS 0x0000000709a00000| PB 0x0000000709a00000| Complete 
|  49|0x0000000709c00000, 0x0000000709e00000, 0x0000000709e00000|100%| S|CS|TAMS 0x0000000709c00000| PB 0x0000000709c00000| Complete 
|  50|0x0000000709e00000, 0x000000070a000000, 0x000000070a000000|100%| S|CS|TAMS 0x0000000709e00000| PB 0x0000000709e00000| Complete 
|  51|0x000000070a000000, 0x000000070a000000, 0x000000070a200000|  0%| F|  |TAMS 0x000000070a000000| PB 0x000000070a000000| Untracked 
|  52|0x000000070a200000, 0x000000070a200000, 0x000000070a400000|  0%| F|  |TAMS 0x000000070a200000| PB 0x000000070a200000| Untracked 
|  53|0x000000070a400000, 0x000000070a400000, 0x000000070a600000|  0%| F|  |TAMS 0x000000070a400000| PB 0x000000070a400000| Untracked 
|  54|0x000000070a600000, 0x000000070a600000, 0x000000070a800000|  0%| F|  |TAMS 0x000000070a600000| PB 0x000000070a600000| Untracked 
|  55|0x000000070a800000, 0x000000070a800000, 0x000000070aa00000|  0%| F|  |TAMS 0x000000070a800000| PB 0x000000070a800000| Untracked 
|  56|0x000000070aa00000, 0x000000070aa00000, 0x000000070ac00000|  0%| F|  |TAMS 0x000000070aa00000| PB 0x000000070aa00000| Untracked 
|  57|0x000000070ac00000, 0x000000070ac00000, 0x000000070ae00000|  0%| F|  |TAMS 0x000000070ac00000| PB 0x000000070ac00000| Untracked 
|  58|0x000000070ae00000, 0x000000070ae00000, 0x000000070b000000|  0%| F|  |TAMS 0x000000070ae00000| PB 0x000000070ae00000| Untracked 
|  59|0x000000070b000000, 0x000000070b000000, 0x000000070b200000|  0%| F|  |TAMS 0x000000070b000000| PB 0x000000070b000000| Untracked 
|  60|0x000000070b200000, 0x000000070b200000, 0x000000070b400000|  0%| F|  |TAMS 0x000000070b200000| PB 0x000000070b200000| Untracked 
|  61|0x000000070b400000, 0x000000070b400000, 0x000000070b600000|  0%| F|  |TAMS 0x000000070b400000| PB 0x000000070b400000| Untracked 
|  62|0x000000070b600000, 0x000000070b600000, 0x000000070b800000|  0%| F|  |TAMS 0x000000070b600000| PB 0x000000070b600000| Untracked 
|  63|0x000000070b800000, 0x000000070b800000, 0x000000070ba00000|  0%| F|  |TAMS 0x000000070b800000| PB 0x000000070b800000| Untracked 
|  64|0x000000070ba00000, 0x000000070ba00000, 0x000000070bc00000|  0%| F|  |TAMS 0x000000070ba00000| PB 0x000000070ba00000| Untracked 
|  65|0x000000070bc00000, 0x000000070bc00000, 0x000000070be00000|  0%| F|  |TAMS 0x000000070bc00000| PB 0x000000070bc00000| Untracked 
|  66|0x000000070be00000, 0x000000070be00000, 0x000000070c000000|  0%| F|  |TAMS 0x000000070be00000| PB 0x000000070be00000| Untracked 
|  67|0x000000070c000000, 0x000000070c000000, 0x000000070c200000|  0%| F|  |TAMS 0x000000070c000000| PB 0x000000070c000000| Untracked 
|  68|0x000000070c200000, 0x000000070c200000, 0x000000070c400000|  0%| F|  |TAMS 0x000000070c200000| PB 0x000000070c200000| Untracked 
|  69|0x000000070c400000, 0x000000070c400000, 0x000000070c600000|  0%| F|  |TAMS 0x000000070c400000| PB 0x000000070c400000| Untracked 
|  70|0x000000070c600000, 0x000000070c600000, 0x000000070c800000|  0%| F|  |TAMS 0x000000070c600000| PB 0x000000070c600000| Untracked 
|  71|0x000000070c800000, 0x000000070c800000, 0x000000070ca00000|  0%| F|  |TAMS 0x000000070c800000| PB 0x000000070c800000| Untracked 
|  72|0x000000070ca00000, 0x000000070ca00000, 0x000000070cc00000|  0%| F|  |TAMS 0x000000070ca00000| PB 0x000000070ca00000| Untracked 
|  73|0x000000070cc00000, 0x000000070cc00000, 0x000000070ce00000|  0%| F|  |TAMS 0x000000070cc00000| PB 0x000000070cc00000| Untracked 
|  74|0x000000070ce00000, 0x000000070ce00000, 0x000000070d000000|  0%| F|  |TAMS 0x000000070ce00000| PB 0x000000070ce00000| Untracked 
|  75|0x000000070d000000, 0x000000070d000000, 0x000000070d200000|  0%| F|  |TAMS 0x000000070d000000| PB 0x000000070d000000| Untracked 
|  76|0x000000070d200000, 0x000000070d200000, 0x000000070d400000|  0%| F|  |TAMS 0x000000070d200000| PB 0x000000070d200000| Untracked 
|  77|0x000000070d400000, 0x000000070d400000, 0x000000070d600000|  0%| F|  |TAMS 0x000000070d400000| PB 0x000000070d400000| Untracked 
|  78|0x000000070d600000, 0x000000070d600000, 0x000000070d800000|  0%| F|  |TAMS 0x000000070d600000| PB 0x000000070d600000| Untracked 
|  79|0x000000070d800000, 0x000000070d800000, 0x000000070da00000|  0%| F|  |TAMS 0x000000070d800000| PB 0x000000070d800000| Untracked 
|  80|0x000000070da00000, 0x000000070da00000, 0x000000070dc00000|  0%| F|  |TAMS 0x000000070da00000| PB 0x000000070da00000| Untracked 
|  81|0x000000070dc00000, 0x000000070dc00000, 0x000000070de00000|  0%| F|  |TAMS 0x000000070dc00000| PB 0x000000070dc00000| Untracked 
|  82|0x000000070de00000, 0x000000070de00000, 0x000000070e000000|  0%| F|  |TAMS 0x000000070de00000| PB 0x000000070de00000| Untracked 
|  83|0x000000070e000000, 0x000000070e000000, 0x000000070e200000|  0%| F|  |TAMS 0x000000070e000000| PB 0x000000070e000000| Untracked 
|  84|0x000000070e200000, 0x000000070e200000, 0x000000070e400000|  0%| F|  |TAMS 0x000000070e200000| PB 0x000000070e200000| Untracked 
|  85|0x000000070e400000, 0x000000070e400000, 0x000000070e600000|  0%| F|  |TAMS 0x000000070e400000| PB 0x000000070e400000| Untracked 
|  86|0x000000070e600000, 0x000000070e600000, 0x000000070e800000|  0%| F|  |TAMS 0x000000070e600000| PB 0x000000070e600000| Untracked 
|  87|0x000000070e800000, 0x000000070e800000, 0x000000070ea00000|  0%| F|  |TAMS 0x000000070e800000| PB 0x000000070e800000| Untracked 
|  88|0x000000070ea00000, 0x000000070ea00000, 0x000000070ec00000|  0%| F|  |TAMS 0x000000070ea00000| PB 0x000000070ea00000| Untracked 
|  89|0x000000070ec00000, 0x000000070ec00000, 0x000000070ee00000|  0%| F|  |TAMS 0x000000070ec00000| PB 0x000000070ec00000| Untracked 
|  90|0x000000070ee00000, 0x000000070ee00000, 0x000000070f000000|  0%| F|  |TAMS 0x000000070ee00000| PB 0x000000070ee00000| Untracked 
|  91|0x000000070f000000, 0x000000070f000000, 0x000000070f200000|  0%| F|  |TAMS 0x000000070f000000| PB 0x000000070f000000| Untracked 
|  92|0x000000070f200000, 0x000000070f200000, 0x000000070f400000|  0%| F|  |TAMS 0x000000070f200000| PB 0x000000070f200000| Untracked 
|  93|0x000000070f400000, 0x000000070f400000, 0x000000070f600000|  0%| F|  |TAMS 0x000000070f400000| PB 0x000000070f400000| Untracked 
|  94|0x000000070f600000, 0x000000070f600000, 0x000000070f800000|  0%| F|  |TAMS 0x000000070f600000| PB 0x000000070f600000| Untracked 
|  95|0x000000070f800000, 0x000000070f900800, 0x000000070fa00000| 50%| E|  |TAMS 0x000000070f800000| PB 0x000000070f800000| Complete 
|  96|0x000000070fa00000, 0x000000070fc00000, 0x000000070fc00000|100%| E|CS|TAMS 0x000000070fa00000| PB 0x000000070fa00000| Complete 
|  97|0x000000070fc00000, 0x000000070fe00000, 0x000000070fe00000|100%| E|CS|TAMS 0x000000070fc00000| PB 0x000000070fc00000| Complete 
|  98|0x000000070fe00000, 0x0000000710000000, 0x0000000710000000|100%| E|CS|TAMS 0x000000070fe00000| PB 0x000000070fe00000| Complete 
|  99|0x0000000710000000, 0x0000000710200000, 0x0000000710200000|100%| E|CS|TAMS 0x0000000710000000| PB 0x0000000710000000| Complete 
| 100|0x0000000710200000, 0x0000000710400000, 0x0000000710400000|100%| E|CS|TAMS 0x0000000710200000| PB 0x0000000710200000| Complete 
| 101|0x0000000710400000, 0x0000000710600000, 0x0000000710600000|100%| E|CS|TAMS 0x0000000710400000| PB 0x0000000710400000| Complete 
| 102|0x0000000710600000, 0x0000000710800000, 0x0000000710800000|100%| E|CS|TAMS 0x0000000710600000| PB 0x0000000710600000| Complete 
| 103|0x0000000710800000, 0x0000000710a00000, 0x0000000710a00000|100%| E|CS|TAMS 0x0000000710800000| PB 0x0000000710800000| Complete 
| 104|0x0000000710a00000, 0x0000000710c00000, 0x0000000710c00000|100%| E|CS|TAMS 0x0000000710a00000| PB 0x0000000710a00000| Complete 
| 105|0x0000000710c00000, 0x0000000710e00000, 0x0000000710e00000|100%| E|CS|TAMS 0x0000000710c00000| PB 0x0000000710c00000| Complete 
| 106|0x0000000710e00000, 0x0000000711000000, 0x0000000711000000|100%| E|CS|TAMS 0x0000000710e00000| PB 0x0000000710e00000| Complete 
| 107|0x0000000711000000, 0x0000000711200000, 0x0000000711200000|100%| E|CS|TAMS 0x0000000711000000| PB 0x0000000711000000| Complete 
| 108|0x0000000711200000, 0x0000000711400000, 0x0000000711400000|100%| E|CS|TAMS 0x0000000711200000| PB 0x0000000711200000| Complete 
| 109|0x0000000711400000, 0x0000000711600000, 0x0000000711600000|100%| E|CS|TAMS 0x0000000711400000| PB 0x0000000711400000| Complete 
| 110|0x0000000711600000, 0x0000000711800000, 0x0000000711800000|100%| E|CS|TAMS 0x0000000711600000| PB 0x0000000711600000| Complete 
| 111|0x0000000711800000, 0x0000000711a00000, 0x0000000711a00000|100%| E|CS|TAMS 0x0000000711800000| PB 0x0000000711800000| Complete 
| 112|0x0000000711a00000, 0x0000000711c00000, 0x0000000711c00000|100%| E|CS|TAMS 0x0000000711a00000| PB 0x0000000711a00000| Complete 
| 113|0x0000000711c00000, 0x0000000711e00000, 0x0000000711e00000|100%| E|CS|TAMS 0x0000000711c00000| PB 0x0000000711c00000| Complete 
| 114|0x0000000711e00000, 0x0000000712000000, 0x0000000712000000|100%| E|CS|TAMS 0x0000000711e00000| PB 0x0000000711e00000| Complete 
| 115|0x0000000712000000, 0x0000000712200000, 0x0000000712200000|100%| E|CS|TAMS 0x0000000712000000| PB 0x0000000712000000| Complete 
| 116|0x0000000712200000, 0x0000000712400000, 0x0000000712400000|100%| E|CS|TAMS 0x0000000712200000| PB 0x0000000712200000| Complete 
| 117|0x0000000712400000, 0x0000000712600000, 0x0000000712600000|100%| E|CS|TAMS 0x0000000712400000| PB 0x0000000712400000| Complete 
| 118|0x0000000712600000, 0x0000000712800000, 0x0000000712800000|100%| E|CS|TAMS 0x0000000712600000| PB 0x0000000712600000| Complete 
| 119|0x0000000712800000, 0x0000000712a00000, 0x0000000712a00000|100%| E|CS|TAMS 0x0000000712800000| PB 0x0000000712800000| Complete 
| 120|0x0000000712a00000, 0x0000000712c00000, 0x0000000712c00000|100%| E|CS|TAMS 0x0000000712a00000| PB 0x0000000712a00000| Complete 
| 121|0x0000000712c00000, 0x0000000712e00000, 0x0000000712e00000|100%| E|CS|TAMS 0x0000000712c00000| PB 0x0000000712c00000| Complete 
| 122|0x0000000712e00000, 0x0000000713000000, 0x0000000713000000|100%| E|CS|TAMS 0x0000000712e00000| PB 0x0000000712e00000| Complete 
| 123|0x0000000713000000, 0x0000000713200000, 0x0000000713200000|100%| E|CS|TAMS 0x0000000713000000| PB 0x0000000713000000| Complete 
| 124|0x0000000713200000, 0x0000000713400000, 0x0000000713400000|100%| E|CS|TAMS 0x0000000713200000| PB 0x0000000713200000| Complete 
| 125|0x0000000713400000, 0x0000000713600000, 0x0000000713600000|100%| E|CS|TAMS 0x0000000713400000| PB 0x0000000713400000| Complete 
| 126|0x0000000713600000, 0x0000000713800000, 0x0000000713800000|100%| E|CS|TAMS 0x0000000713600000| PB 0x0000000713600000| Complete 

Card table byte_map: [0x00000230ba670000,0x00000230bae60000] _byte_map_base: 0x00000230b6e53000

Marking Bits: (CMBitMap*) 0x00000230a062f750
 Bits: [0x00000230bae60000, 0x00000230bed78000)

Polling page: 0x00000230a0690000

Metaspace:

Usage:
  Non-class:      9.49 MB used.
      Class:    736.08 KB used.
       Both:     10.21 MB used.

Virtual space:
  Non-class space:       64.00 MB reserved,       9.62 MB ( 15%) committed,  1 nodes.
      Class space:        1.00 GB reserved,     896.00 KB ( <1%) committed,  1 nodes.
             Both:        1.06 GB reserved,      10.50 MB ( <1%) committed. 

Chunk freelists:
   Non-Class:  5.50 MB
       Class:  15.17 MB
        Both:  20.68 MB

MaxMetaspaceSize: unlimited
CompressedClassSpaceSize: 1.00 GB
Initial GC threshold: 21.00 MB
Current GC threshold: 21.00 MB
CDS: on
 - commit_granule_bytes: 65536.
 - commit_granule_words: 8192.
 - virtual_space_node_default_size: 8388608.
 - enlarge_chunks_in_place: 1.
 - use_allocation_guard: 0.


Internal statistics:

num_allocs_failed_limit: 0.
num_arena_births: 364.
num_arena_deaths: 0.
num_vsnodes_births: 2.
num_vsnodes_deaths: 0.
num_space_committed: 166.
num_space_uncommitted: 0.
num_chunks_returned_to_freelist: 0.
num_chunks_taken_from_freelist: 719.
num_chunk_merges: 0.
num_chunk_splits: 483.
num_chunks_enlarged: 306.
num_inconsistent_stats: 0.

CodeHeap 'non-profiled nmethods': size=120000Kb used=2063Kb max_used=2063Kb free=117937Kb
 bounds [0x00000230b1cc0000, 0x00000230b1f30000, 0x00000230b91f0000]
CodeHeap 'profiled nmethods': size=120000Kb used=5473Kb max_used=5473Kb free=114526Kb
 bounds [0x00000230aa1f0000, 0x00000230aa750000, 0x00000230b1720000]
CodeHeap 'non-nmethods': size=5760Kb used=2725Kb max_used=2784Kb free=3034Kb
 bounds [0x00000230b1720000, 0x00000230b19f0000, 0x00000230b1cc0000]
 total_blobs=4389 nmethods=3113 adapters=1181
 compilation: enabled
              stopped_count=0, restarted_count=0
 full_count=0

Compilation events (20 events):
Event: 46.284 Thread 0x00000230c189c9b0 3104       4       renderer.PickingTexture::enableWriting (10 bytes)
Event: 46.284 Thread 0x00000230c189c9b0 nmethod 3104 0x00000230b1eb6b90 code [0x00000230b1eb6d20, 0x00000230b1eb6dd8]
Event: 46.284 Thread 0x00000230c189c9b0 3105       4       renderer.PickingTexture::disableWriting (7 bytes)
Event: 46.284 Thread 0x00000230c189c9b0 nmethod 3105 0x00000230b1eb6e90 code [0x00000230b1eb7020, 0x00000230b1eb70d8]
Event: 46.284 Thread 0x00000230c189c9b0 3106       4       renderer.Framebuffer::unbind (7 bytes)
Event: 46.284 Thread 0x00000230c189c9b0 nmethod 3106 0x00000230b1eb7190 code [0x00000230b1eb7320, 0x00000230b1eb73d8]
Event: 46.284 Thread 0x00000230c189c9b0 3107       4       jade.ImGuiLayer::update (39 bytes)
Event: 46.325 Thread 0x00000230c189c9b0 nmethod 3107 0x00000230b1eb7490 code [0x00000230b1eb7d80, 0x00000230b1eba5f8]
Event: 46.325 Thread 0x00000230c189c9b0 3108       4       imgui.glfw.ImGuiImplGlfw::newFrame (186 bytes)
Event: 46.336 Thread 0x00000230c189c9b0 nmethod 3108 0x00000230b1ebd590 code [0x00000230b1ebda20, 0x00000230b1ebece0]
Event: 46.337 Thread 0x00000230c189c9b0 3109       4       jade.MouseListener::endFrame (15 bytes)
Event: 46.337 Thread 0x00000230c189c9b0 nmethod 3109 0x00000230b1ec0290 code [0x00000230b1ec0420, 0x00000230b1ec04b8]
Event: 47.512 Thread 0x00000230c189c9b0 3110       4       components.KeyControls::editorUpdate (799 bytes)
Event: 47.515 Thread 0x00000230c189c9b0 nmethod 3110 0x00000230b1ec0590 code [0x00000230b1ec0760, 0x00000230b1ec0b38]
Event: 47.519 Thread 0x00000230c189c9b0 3111       4       components.GizmoSystem::editorUpdate (108 bytes)
Event: 47.533 Thread 0x00000230c189c9b0 nmethod 3111 0x00000230b1ec0f90 code [0x00000230b1ec1200, 0x00000230b1ec1e58]
Event: 48.062 Thread 0x00000230c189c9b0 3112       4       imgui.glfw.ImGuiImplGlfw$GetWindowPosFunction::get (46 bytes)
Event: 48.064 Thread 0x00000230c189c9b0 nmethod 3112 0x00000230b1ec2790 code [0x00000230b1ec2960, 0x00000230b1ec2c90]
Event: 48.408 Thread 0x00000230c189c9b0 3113       4       components.ScaleGizmo::editorUpdate (79 bytes)
Event: 48.412 Thread 0x00000230c189c9b0 nmethod 3113 0x00000230b1ec3010 code [0x00000230b1ec3200, 0x00000230b1ec37f0]

GC Heap History (12 events):
Event: 1.045 GC heap before
{Heap before GC invocations=0 (full 0):
 garbage-first heap   total 260096K, used 22528K [0x0000000703a00000, 0x0000000800000000)
  region size 2048K, 11 young (22528K), 0 survivors (0K)
 Metaspace       used 8012K, committed 8256K, reserved 1114112K
  class space    used 605K, committed 704K, reserved 1048576K
}
Event: 1.049 GC heap after
{Heap after GC invocations=1 (full 0):
 garbage-first heap   total 260096K, used 4255K [0x0000000703a00000, 0x0000000800000000)
  region size 2048K, 2 young (4096K), 2 survivors (4096K)
 Metaspace       used 8012K, committed 8256K, reserved 1114112K
  class space    used 605K, committed 704K, reserved 1048576K
}
Event: 7.791 GC heap before
{Heap before GC invocations=1 (full 0):
 garbage-first heap   total 260096K, used 34975K [0x0000000703a00000, 0x0000000800000000)
  region size 2048K, 18 young (36864K), 2 survivors (4096K)
 Metaspace       used 9926K, committed 10176K, reserved 1114112K
  class space    used 687K, committed 832K, reserved 1048576K
}
Event: 7.796 GC heap after
{Heap after GC invocations=2 (full 0):
 garbage-first heap   total 260096K, used 6623K [0x0000000703a00000, 0x0000000800000000)
  region size 2048K, 2 young (4096K), 2 survivors (4096K)
 Metaspace       used 9926K, committed 10176K, reserved 1114112K
  class space    used 687K, committed 832K, reserved 1048576K
}
Event: 18.618 GC heap before
{Heap before GC invocations=2 (full 0):
 garbage-first heap   total 260096K, used 86495K [0x0000000703a00000, 0x0000000800000000)
  region size 2048K, 42 young (86016K), 2 survivors (4096K)
 Metaspace       used 10313K, committed 10688K, reserved 1114112K
  class space    used 723K, committed 896K, reserved 1048576K
}
Event: 18.623 GC heap after
{Heap after GC invocations=3 (full 0):
 garbage-first heap   total 260096K, used 7999K [0x0000000703a00000, 0x0000000800000000)
  region size 2048K, 3 young (6144K), 3 survivors (6144K)
 Metaspace       used 10313K, committed 10688K, reserved 1114112K
  class space    used 723K, committed 896K, reserved 1048576K
}
Event: 27.561 GC heap before
{Heap before GC invocations=3 (full 0):
 garbage-first heap   total 260096K, used 157503K [0x0000000703a00000, 0x0000000800000000)
  region size 2048K, 76 young (155648K), 3 survivors (6144K)
 Metaspace       used 10370K, committed 10688K, reserved 1114112K
  class space    used 723K, committed 896K, reserved 1048576K
}
Event: 27.565 GC heap after
{Heap after GC invocations=4 (full 0):
 garbage-first heap   total 260096K, used 8247K [0x0000000703a00000, 0x0000000800000000)
  region size 2048K, 3 young (6144K), 3 survivors (6144K)
 Metaspace       used 10370K, committed 10688K, reserved 1114112K
  class space    used 723K, committed 896K, reserved 1048576K
}
Event: 37.409 GC heap before
{Heap before GC invocations=4 (full 0):
 garbage-first heap   total 260096K, used 157751K [0x0000000703a00000, 0x0000000800000000)
  region size 2048K, 76 young (155648K), 3 survivors (6144K)
 Metaspace       used 10370K, committed 10688K, reserved 1114112K
  class space    used 723K, committed 896K, reserved 1048576K
}
Event: 37.414 GC heap after
{Heap after GC invocations=5 (full 0):
 garbage-first heap   total 260096K, used 8212K [0x0000000703a00000, 0x0000000800000000)
  region size 2048K, 3 young (6144K), 3 survivors (6144K)
 Metaspace       used 10370K, committed 10688K, reserved 1114112K
  class space    used 723K, committed 896K, reserved 1048576K
}
Event: 47.297 GC heap before
{Heap before GC invocations=5 (full 0):
 garbage-first heap   total 260096K, used 157716K [0x0000000703a00000, 0x0000000800000000)
  region size 2048K, 76 young (155648K), 3 survivors (6144K)
 Metaspace       used 10371K, committed 10688K, reserved 1114112K
  class space    used 723K, committed 896K, reserved 1048576K
}
Event: 47.302 GC heap after
{Heap after GC invocations=6 (full 0):
 garbage-first heap   total 260096K, used 8150K [0x0000000703a00000, 0x0000000800000000)
  region size 2048K, 3 young (6144K), 3 survivors (6144K)
 Metaspace       used 10371K, committed 10688K, reserved 1114112K
  class space    used 723K, committed 896K, reserved 1048576K
}

Dll operation events (15 events):
Event: 0.007 Loaded shared library D:\jdk-21.0.1\bin\java.dll
Event: 0.033 Loaded shared library D:\jdk-21.0.1\bin\jsvml.dll
Event: 0.064 Loaded shared library D:\jdk-21.0.1\bin\zip.dll
Event: 0.066 Loaded shared library D:\jdk-21.0.1\bin\instrument.dll
Event: 0.070 Loaded shared library D:\jdk-21.0.1\bin\net.dll
Event: 0.072 Loaded shared library D:\jdk-21.0.1\bin\nio.dll
Event: 0.074 Loaded shared library D:\jdk-21.0.1\bin\zip.dll
Event: 0.095 Loaded shared library D:\IntelliJ IDEA Community Edition 2023.3.3\bin\breakgen64.dll
Event: 0.100 Loaded shared library D:\jdk-21.0.1\bin\extnet.dll
Event: 0.132 Loaded shared library D:\jdk-21.0.1\bin\jimage.dll
Event: 0.146 Loaded shared library C:\Users\Vu\AppData\Local\Temp\lwjglVu\3.3.1-build-7\lwjgl.dll
Event: 0.436 Loaded shared library C:\Users\Vu\AppData\Local\Temp\lwjglVu\3.3.1-build-7\lwjgl_opengl.dll
Event: 0.741 Loaded shared library C:\Users\Vu\AppData\Local\Temp\imgui-java-natives_1708462673137\imgui-java64.dll
Event: 0.855 Loaded shared library D:\jdk-21.0.1\bin\verify.dll
Event: 0.966 Loaded shared library C:\Users\Vu\AppData\Local\Temp\lwjglVu\3.3.1-build-7\lwjgl_stb.dll

Deoptimization events (20 events):
Event: 16.902 Thread 0x00000230a02a0520 DEOPT PACKING pc=0x00000230b1e4d34c sp=0x000000b4d52fdfe0
Event: 16.902 Thread 0x00000230a02a0520 DEOPT UNPACKING pc=0x00000230b1777da2 sp=0x000000b4d52fdf78 mode 2
Event: 16.910 Thread 0x00000230a02a0520 Uncommon trap: trap_request=0xffffffd6 fr.pc=0x00000230b1e4d34c relative=0x00000000000008ac
Event: 16.910 Thread 0x00000230a02a0520 Uncommon trap: reason=array_check action=maybe_recompile pc=0x00000230b1e4d34c method=com.google.gson.internal.$Gson$Types.resolve(Ljava/lang/reflect/Type;Ljava/lang/Class;Ljava/lang/reflect/Type;Ljava/util/Map;)Ljava/lang/reflect/Type; @ 333 c2
Event: 16.910 Thread 0x00000230a02a0520 DEOPT PACKING pc=0x00000230b1e4d34c sp=0x000000b4d52fdfe0
Event: 16.910 Thread 0x00000230a02a0520 DEOPT UNPACKING pc=0x00000230b1777da2 sp=0x000000b4d52fdf78 mode 2
Event: 16.917 Thread 0x00000230a02a0520 Uncommon trap: trap_request=0xffffffd6 fr.pc=0x00000230b1e4d34c relative=0x00000000000008ac
Event: 16.917 Thread 0x00000230a02a0520 Uncommon trap: reason=array_check action=maybe_recompile pc=0x00000230b1e4d34c method=com.google.gson.internal.$Gson$Types.resolve(Ljava/lang/reflect/Type;Ljava/lang/Class;Ljava/lang/reflect/Type;Ljava/util/Map;)Ljava/lang/reflect/Type; @ 333 c2
Event: 16.917 Thread 0x00000230a02a0520 DEOPT PACKING pc=0x00000230b1e4d34c sp=0x000000b4d52fdfe0
Event: 16.917 Thread 0x00000230a02a0520 DEOPT UNPACKING pc=0x00000230b1777da2 sp=0x000000b4d52fdf78 mode 2
Event: 18.410 Thread 0x00000230a02a0520 Uncommon trap: trap_request=0xfffffff4 fr.pc=0x00000230b1e7a9ec relative=0x00000000000000cc
Event: 18.410 Thread 0x00000230a02a0520 Uncommon trap: reason=null_check action=make_not_entrant pc=0x00000230b1e7a9ec method=com.google.gson.internal.bind.TypeAdapters$34.create(Lcom/google/gson/Gson;Lcom/google/gson/reflect/TypeToken;)Lcom/google/gson/TypeAdapter; @ 10 c2
Event: 18.410 Thread 0x00000230a02a0520 DEOPT PACKING pc=0x00000230b1e7a9ec sp=0x000000b4d52fe4f0
Event: 18.410 Thread 0x00000230a02a0520 DEOPT UNPACKING pc=0x00000230b1777da2 sp=0x000000b4d52fe468 mode 2
Event: 19.257 Thread 0x00000230a02a0520 DEOPT PACKING pc=0x00000230aa67b736 sp=0x000000b4d52fe430
Event: 19.257 Thread 0x00000230a02a0520 DEOPT UNPACKING pc=0x00000230b17788e2 sp=0x000000b4d52fd940 mode 0
Event: 21.356 Thread 0x00000230a02a0520 Uncommon trap: trap_request=0xffffff45 fr.pc=0x00000230b1e2d03c relative=0x000000000000061c
Event: 21.356 Thread 0x00000230a02a0520 Uncommon trap: reason=unstable_if action=reinterpret pc=0x00000230b1e2d03c method=imgui.glfw.ImGuiImplGlfw.updateMousePosAndButtons()V @ 110 c2
Event: 21.356 Thread 0x00000230a02a0520 DEOPT PACKING pc=0x00000230b1e2d03c sp=0x000000b4d52fef20
Event: 21.356 Thread 0x00000230a02a0520 DEOPT UNPACKING pc=0x00000230b1777da2 sp=0x000000b4d52fee98 mode 2

Classes loaded (20 events):
Event: 51.448 Loading class jdk/internal/logger/AbstractLoggerWrapper
Event: 51.448 Loading class jdk/internal/logger/AbstractLoggerWrapper done
Event: 51.448 Loading class jdk/internal/logger/LazyLoggers$LazyLoggerWrapper done
Event: 51.448 Loading class jdk/internal/logger/LazyLoggers$JdkLazyLogger done
Event: 51.448 Loading class jdk/internal/logger/LazyLoggers$LazyLoggerAccessor
Event: 51.448 Loading class jdk/internal/logger/LazyLoggers$LoggerAccessor
Event: 51.448 Loading class jdk/internal/logger/LazyLoggers$LoggerAccessor done
Event: 51.448 Loading class jdk/internal/logger/LazyLoggers$LazyLoggerAccessor done
Event: 51.448 Loading class java/lang/System$Logger$Level
Event: 51.448 Loading class java/lang/System$Logger$Level done
Event: 51.448 Loading class jdk/internal/logger/SurrogateLogger
Event: 51.448 Loading class jdk/internal/logger/SimpleConsoleLogger
Event: 51.448 Loading class sun/util/logging/PlatformLogger$ConfigurableBridge$LoggerConfiguration
Event: 51.448 Loading class sun/util/logging/PlatformLogger$ConfigurableBridge$LoggerConfiguration done
Event: 51.448 Loading class jdk/internal/logger/SimpleConsoleLogger done
Event: 51.448 Loading class jdk/internal/logger/SurrogateLogger done
Event: 51.449 Loading class sun/util/logging/PlatformLogger
Event: 51.449 Loading class sun/util/logging/PlatformLogger done
Event: 51.449 Loading class sun/util/logging/PlatformLogger$Level
Event: 51.449 Loading class sun/util/logging/PlatformLogger$Level done

Classes unloaded (0 events):
No events

Classes redefined (0 events):
No events

Internal exceptions (20 events):
Event: 0.438 Thread 0x00000230a02a0520 Exception <a 'sun/nio/fs/WindowsException'{0x0000000712e38d30}> (0x0000000712e38d30) 
thrown [s\open\src\hotspot\share\prims\jni.cpp, line 520]
Event: 0.682 Thread 0x00000230a02a0520 Exception <a 'sun/nio/fs/WindowsException'{0x0000000712dae070}> (0x0000000712dae070) 
thrown [s\open\src\hotspot\share\prims\jni.cpp, line 520]
Event: 0.752 Thread 0x00000230a02a0520 Exception <a 'java/lang/NoSuchMethodError'{0x0000000712a05618}: 'void java.lang.invoke.DirectMethodHandle$Holder.invokeVirtual(java.lang.Object, java.lang.Object, long, int)'> (0x0000000712a05618) 
thrown [s\open\src\hotspot\share\interpreter\linkResolver.cpp, line 773]
Event: 0.859 Thread 0x00000230a02a0520 Exception <a 'java/lang/NoSuchMethodError'{0x00000007127b9828}: 'float java.lang.invoke.DelegatingMethodHandle$Holder.reinvoke_L(java.lang.Object, java.lang.Object)'> (0x00000007127b9828) 
thrown [s\open\src\hotspot\share\interpreter\linkResolver.cpp, line 773]
Event: 0.860 Thread 0x00000230a02a0520 Exception <a 'java/lang/NoSuchMethodError'{0x00000007127c37b0}: 'void java.lang.invoke.DelegatingMethodHandle$Holder.reinvoke_L(java.lang.Object, java.lang.Object, float)'> (0x00000007127c37b0) 
thrown [s\open\src\hotspot\share\interpreter\linkResolver.cpp, line 773]
Event: 0.863 Thread 0x00000230a02a0520 Exception <a 'java/lang/NoSuchMethodError'{0x00000007127de7a0}: 'void java.lang.invoke.Invokers$Holder.invokeExact_MT(java.lang.Object, java.lang.Object, java.lang.Object, java.lang.Object)'> (0x00000007127de7a0) 
thrown [s\open\src\hotspot\share\interpreter\linkResolver.cpp, line 773]
Event: 0.864 Thread 0x00000230a02a0520 Exception <a 'java/lang/NoSuchMethodError'{0x00000007127e71f0}: 'void java.lang.invoke.DelegatingMethodHandle$Holder.reinvoke_L(java.lang.Object, java.lang.Object, int)'> (0x00000007127e71f0) 
thrown [s\open\src\hotspot\share\interpreter\linkResolver.cpp, line 773]
Event: 0.865 Thread 0x00000230a02a0520 Exception <a 'java/lang/NoSuchMethodError'{0x00000007127eda30}: 'void java.lang.invoke.Invokers$Holder.invokeExact_MT(java.lang.Object, java.lang.Object, int, java.lang.Object)'> (0x00000007127eda30) 
thrown [s\open\src\hotspot\share\interpreter\linkResolver.cpp, line 773]
Event: 0.961 Thread 0x00000230a02a0520 Exception <a 'java/lang/NoSuchMethodError'{0x0000000712270a50}: 'void java.lang.System.load(java.lang.String, java.lang.Class)'> (0x0000000712270a50) 
thrown [s\open\src\hotspot\share\interpreter\linkResolver.cpp, line 773]
Event: 0.961 Thread 0x00000230a02a0520 Exception <a 'java/lang/NoSuchMethodError'{0x00000007122c7dd8}: 'void java.lang.System.loadLibrary(java.lang.String, java.lang.Class)'> (0x00000007122c7dd8) 
thrown [s\open\src\hotspot\share\interpreter\linkResolver.cpp, line 773]
Event: 0.965 Thread 0x00000230a02a0520 Exception <a 'sun/nio/fs/WindowsException'{0x00000007122d6720}> (0x00000007122d6720) 
thrown [s\open\src\hotspot\share\prims\jni.cpp, line 520]
Event: 0.965 Thread 0x00000230a02a0520 Exception <a 'sun/nio/fs/WindowsException'{0x00000007122d6a80}> (0x00000007122d6a80) 
thrown [s\open\src\hotspot\share\prims\jni.cpp, line 520]
Event: 1.052 Thread 0x00000230c188fb40 Exception <a 'java/lang/NoSuchMethodError'{0x0000000713674388}: 'java.lang.Object java.lang.invoke.Invokers$Holder.invokeExact_MT(java.lang.Object, java.lang.Object, java.lang.Object, java.lang.Object, java.lang.Object, java.lang.Object)'> (0x0000000713674388) 
thrown [s\open\src\hotspot\share\interpreter\linkResolver.cpp, line 773]
Event: 7.183 Thread 0x00000230a02a0520 Implicit null exception at 0x00000230b1d942e4 to 0x00000230b1d943c8
Event: 7.183 Thread 0x00000230a02a0520 Exception <a 'java/lang/NoSuchMethodError'{0x0000000711caf1e0}: 'int java.lang.invoke.Invokers$Holder.invokeExact_MT(java.lang.Object, java.lang.Object, java.lang.Object)'> (0x0000000711caf1e0) 
thrown [s\open\src\hotspot\share\interpreter\linkResolver.cpp, line 773]
Event: 7.185 Thread 0x00000230a02a0520 Exception <a 'java/lang/NoSuchMethodError'{0x0000000711cb6dc8}: 'float java.lang.invoke.Invokers$Holder.invokeExact_MT(java.lang.Object, java.lang.Object, java.lang.Object)'> (0x0000000711cb6dc8) 
thrown [s\open\src\hotspot\share\interpreter\linkResolver.cpp, line 773]
Event: 7.225 Thread 0x00000230a02a0520 Implicit null exception at 0x00000230b1d7dae0 to 0x00000230b1d7e4d4
Event: 11.785 Thread 0x00000230a02a0520 Implicit null exception at 0x00000230b1dff305 to 0x00000230b1dff3dc
Event: 11.792 Thread 0x00000230a02a0520 Implicit null exception at 0x00000230b1e013de to 0x00000230b1e01424
Event: 11.813 Thread 0x00000230a02a0520 Implicit null exception at 0x00000230b1dbad28 to 0x00000230b1dbcd1c

ZGC Phase Switch (0 events):
No events

VM Operations (20 events):
Event: 12.827 Executing VM operation: Cleanup done
Event: 13.838 Executing VM operation: Cleanup
Event: 13.838 Executing VM operation: Cleanup done
Event: 14.850 Executing VM operation: Cleanup
Event: 14.850 Executing VM operation: Cleanup done
Event: 16.866 Executing VM operation: Cleanup
Event: 16.866 Executing VM operation: Cleanup done
Event: 17.876 Executing VM operation: Cleanup
Event: 17.876 Executing VM operation: Cleanup done
Event: 18.618 Executing VM operation: G1CollectForAllocation (G1 Evacuation Pause)
Event: 18.623 Executing VM operation: G1CollectForAllocation (G1 Evacuation Pause) done
Event: 19.636 Executing VM operation: Cleanup
Event: 19.636 Executing VM operation: Cleanup done
Event: 27.561 Executing VM operation: G1CollectForAllocation (G1 Evacuation Pause)
Event: 27.565 Executing VM operation: G1CollectForAllocation (G1 Evacuation Pause) done
Event: 37.408 Executing VM operation: G1CollectForAllocation (G1 Evacuation Pause)
Event: 37.414 Executing VM operation: G1CollectForAllocation (G1 Evacuation Pause) done
Event: 47.297 Executing VM operation: G1CollectForAllocation (G1 Evacuation Pause)
Event: 47.302 Executing VM operation: G1CollectForAllocation (G1 Evacuation Pause) done
Event: 51.449 Executing VM operation: Exit

Events (20 events):
Event: 0.031 Thread 0x00000230c1890910 Thread added: 0x00000230c1890910
Event: 0.031 Thread 0x00000230c1891be0 Thread added: 0x00000230c1891be0
Event: 0.031 Thread 0x00000230c189c9b0 Thread added: 0x00000230c189c9b0
Event: 0.031 Thread 0x0000023107001c30 Thread added: 0x0000023107001c30
Event: 0.052 Thread 0x00000230c1855380 Thread added: 0x00000230c1855380
Event: 0.096 Thread 0x0000023107474ff0 Thread added: 0x0000023107474ff0
Event: 0.096 Thread 0x00000231074835d0 Thread added: 0x00000231074835d0
Event: 0.443 Thread 0x0000023107be9400 Thread added: 0x0000023107be9400
Event: 1.030 Thread 0x0000023107be9400 Thread exited: 0x0000023107be9400
Event: 1.043 Thread 0x00000231109eae40 Thread added: 0x00000231109eae40
Event: 1.245 Thread 0x00000231109eae40 Thread exited: 0x00000231109eae40
Event: 1.764 Thread 0x0000023110f518b0 Thread added: 0x0000023110f518b0
Event: 2.103 Thread 0x0000023110f518b0 Thread exited: 0x0000023110f518b0
Event: 7.197 Thread 0x000002311024f510 Thread added: 0x000002311024f510
Event: 7.220 Thread 0x000002311747a110 Thread added: 0x000002311747a110
Event: 7.757 Thread 0x000002311747a110 Thread exited: 0x000002311747a110
Event: 8.701 Thread 0x000002311024f510 Thread exited: 0x000002311024f510
Event: 11.689 Thread 0x0000023117468bb0 Thread added: 0x0000023117468bb0
Event: 13.798 Thread 0x0000023117468bb0 Thread exited: 0x0000023117468bb0
Event: 51.447 Thread 0x00000231177938f0 Thread added: 0x00000231177938f0


Dynamic libraries:
0x00007ff674430000 - 0x00007ff674440000 	D:\jdk-21.0.1\bin\java.exe
0x00007ffe1b1b0000 - 0x00007ffe1b3c7000 	C:\WINDOWS\SYSTEM32\ntdll.dll
0x00007ffe199f0000 - 0x00007ffe19ab4000 	C:\WINDOWS\System32\KERNEL32.DLL
0x00007ffe187d0000 - 0x00007ffe18b76000 	C:\WINDOWS\System32\KERNELBASE.dll
0x00007ffe18db0000 - 0x00007ffe18ec1000 	C:\WINDOWS\System32\ucrtbase.dll
0x00007ffe05d20000 - 0x00007ffe05d39000 	D:\jdk-21.0.1\bin\jli.dll
0x00007ffe05fa0000 - 0x00007ffe05fbb000 	D:\jdk-21.0.1\bin\VCRUNTIME140.dll
0x00007ffe1aa40000 - 0x00007ffe1aaf3000 	C:\WINDOWS\System32\ADVAPI32.dll
0x00007ffe1a690000 - 0x00007ffe1a737000 	C:\WINDOWS\System32\msvcrt.dll
0x00007ffe18f00000 - 0x00007ffe18fa8000 	C:\WINDOWS\System32\sechost.dll
0x00007ffe18570000 - 0x00007ffe18598000 	C:\WINDOWS\System32\bcrypt.dll
0x00007ffe197e0000 - 0x00007ffe198f7000 	C:\WINDOWS\System32\RPCRT4.dll
0x00007ffe1a880000 - 0x00007ffe1aa2e000 	C:\WINDOWS\System32\USER32.dll
0x00007ffe18ed0000 - 0x00007ffe18ef6000 	C:\WINDOWS\System32\win32u.dll
0x00007ffe19900000 - 0x00007ffe19929000 	C:\WINDOWS\System32\GDI32.dll
0x00007ffe185a0000 - 0x00007ffe186b8000 	C:\WINDOWS\System32\gdi32full.dll
0x00007ffdf6ba0000 - 0x00007ffdf6e33000 	C:\WINDOWS\WinSxS\amd64_microsoft.windows.common-controls_6595b64144ccf1df_6.0.22621.2506_none_270c5ae97388e100\COMCTL32.dll
0x00007ffe18730000 - 0x00007ffe187ca000 	C:\WINDOWS\System32\msvcp_win.dll
0x00007ffe0db10000 - 0x00007ffe0db1a000 	C:\WINDOWS\SYSTEM32\VERSION.dll
0x00007ffe199b0000 - 0x00007ffe199e1000 	C:\WINDOWS\System32\IMM32.DLL
0x00007ffe09790000 - 0x00007ffe0979c000 	D:\jdk-21.0.1\bin\vcruntime140_1.dll
0x00007ffdd1b90000 - 0x00007ffdd1c1e000 	D:\jdk-21.0.1\bin\msvcp140.dll
0x00007ffd8eb90000 - 0x00007ffd8f8a5000 	D:\jdk-21.0.1\bin\server\jvm.dll
0x00007ffe19930000 - 0x00007ffe199a1000 	C:\WINDOWS\System32\WS2_32.dll
0x00007ffe17340000 - 0x00007ffe1738d000 	C:\WINDOWS\SYSTEM32\POWRPROF.dll
0x00007ffe0e060000 - 0x00007ffe0e094000 	C:\WINDOWS\SYSTEM32\WINMM.dll
0x00007ffe17320000 - 0x00007ffe17333000 	C:\WINDOWS\SYSTEM32\UMPDC.dll
0x00007ffe175e0000 - 0x00007ffe175f8000 	C:\WINDOWS\SYSTEM32\kernel.appcore.dll
0x00007ffe09680000 - 0x00007ffe0968a000 	D:\jdk-21.0.1\bin\jimage.dll
0x00007ffe15fb0000 - 0x00007ffe161e3000 	C:\WINDOWS\SYSTEM32\DBGHELP.DLL
0x00007ffe19290000 - 0x00007ffe19619000 	C:\WINDOWS\System32\combase.dll
0x00007ffe19be0000 - 0x00007ffe19cb7000 	C:\WINDOWS\System32\OLEAUT32.dll
0x00007ffdfe150000 - 0x00007ffdfe182000 	C:\WINDOWS\SYSTEM32\dbgcore.DLL
0x00007ffe184f0000 - 0x00007ffe1856a000 	C:\WINDOWS\System32\bcryptPrimitives.dll
0x00007ffdff3f0000 - 0x00007ffdff3ff000 	D:\jdk-21.0.1\bin\instrument.dll
0x00007ffe05b00000 - 0x00007ffe05b1f000 	D:\jdk-21.0.1\bin\java.dll
0x00007ffe19d20000 - 0x00007ffe1a57b000 	C:\WINDOWS\System32\SHELL32.dll
0x00007ffe16410000 - 0x00007ffe16d06000 	C:\WINDOWS\SYSTEM32\windows.storage.dll
0x00007ffe162d0000 - 0x00007ffe1640e000 	C:\WINDOWS\SYSTEM32\wintypes.dll
0x00007ffe19ac0000 - 0x00007ffe19bb3000 	C:\WINDOWS\System32\SHCORE.dll
0x00007ffe1a790000 - 0x00007ffe1a7ee000 	C:\WINDOWS\System32\shlwapi.dll
0x00007ffe18420000 - 0x00007ffe18446000 	C:\WINDOWS\SYSTEM32\profapi.dll
0x00007ffdb95d0000 - 0x00007ffdb96a7000 	D:\jdk-21.0.1\bin\jsvml.dll
0x00007ffdf0880000 - 0x00007ffdf0898000 	D:\jdk-21.0.1\bin\zip.dll
0x00007ffe05d10000 - 0x00007ffe05d20000 	D:\jdk-21.0.1\bin\net.dll
0x00007ffe0eeb0000 - 0x00007ffe0efe7000 	C:\WINDOWS\SYSTEM32\WINHTTP.dll
0x00007ffe17a50000 - 0x00007ffe17ab9000 	C:\WINDOWS\system32\mswsock.dll
0x00007ffdf7ff0000 - 0x00007ffdf8006000 	D:\jdk-21.0.1\bin\nio.dll
0x00007ffded3d0000 - 0x00007ffded3ea000 	D:\IntelliJ IDEA Community Edition 2023.3.3\bin\breakgen64.dll
0x00007ffdf6f40000 - 0x00007ffdf6f47000 	D:\jdk-21.0.1\bin\extnet.dll
0x00007ffdd1610000 - 0x00007ffdd1685000 	C:\Users\Vu\AppData\Local\Temp\lwjglVu\3.3.1-build-7\lwjgl.dll
0x00007ffdd15a0000 - 0x00007ffdd1601000 	C:\Users\Vu\AppData\Local\Temp\lwjglVu\3.3.1-build-7\glfw.dll
0x00007ffdd8e20000 - 0x00007ffdd8e66000 	C:\WINDOWS\SYSTEM32\dinput8.dll
0x00007ffdc08b0000 - 0x00007ffdc08c1000 	C:\WINDOWS\SYSTEM32\xinput1_4.dll
0x00007ffe181b0000 - 0x00007ffe181dc000 	C:\WINDOWS\SYSTEM32\DEVOBJ.dll
0x00007ffe181e0000 - 0x00007ffe1822e000 	C:\WINDOWS\SYSTEM32\cfgmgr32.dll
0x00007ffe12f40000 - 0x00007ffe12f6b000 	C:\WINDOWS\SYSTEM32\dwmapi.dll
0x00007ffdeb9e0000 - 0x00007ffdebbea000 	C:\WINDOWS\SYSTEM32\inputhost.dll
0x00007ffe12840000 - 0x00007ffe12974000 	C:\WINDOWS\SYSTEM32\CoreMessaging.dll
0x00007ffe12cf0000 - 0x00007ffe12d9b000 	C:\WINDOWS\system32\uxtheme.dll
0x00007ffe19680000 - 0x00007ffe197d1000 	C:\WINDOWS\System32\MSCTF.dll
0x00007ffe17d80000 - 0x00007ffe17d8c000 	C:\WINDOWS\SYSTEM32\CRYPTBASE.DLL
0x00007ffdf4ab0000 - 0x00007ffdf4bb0000 	C:\WINDOWS\SYSTEM32\opengl32.dll
0x00007ffe05b20000 - 0x00007ffe05b4d000 	C:\WINDOWS\SYSTEM32\GLU32.dll
0x00007ffe15660000 - 0x00007ffe15699000 	C:\WINDOWS\SYSTEM32\dxcore.dll
0x00007ffe0e0a0000 - 0x00007ffe0e0ea000 	C:\WINDOWS\SYSTEM32\directxdatabasehelper.dll
0x00007ffe19030000 - 0x00007ffe190e0000 	C:\WINDOWS\System32\clbcatq.dll
0x00007ffdcaf00000 - 0x00007ffdcbef3000 	C:\WINDOWS\System32\DriverStore\FileRepository\iigd_dch.inf_amd64_5802b1615520e41c\igxelpicd64.dll
0x00007ffe190e0000 - 0x00007ffe19280000 	C:\WINDOWS\System32\ole32.dll
0x00007ffe12e20000 - 0x00007ffe12f18000 	C:\WINDOWS\system32\dxgi.dll
0x00007ffdcc040000 - 0x00007ffdcc327000 	C:\WINDOWS\System32\DriverStore\FileRepository\iigd_dch.inf_amd64_5802b1615520e41c\igdml64.dll
0x00007ffe0a6c0000 - 0x00007ffe0aa87000 	C:\WINDOWS\System32\DriverStore\FileRepository\iigd_dch.inf_amd64_5802b1615520e41c\igdgmm64.dll
0x00007ffe00a00000 - 0x00007ffe04011000 	C:\WINDOWS\System32\DriverStore\FileRepository\iigd_dch.inf_amd64_5802b1615520e41c\igc64.dll
0x00007ffe056a0000 - 0x00007ffe057ea000 	C:\WINDOWS\SYSTEM32\textinputframework.dll
0x00007ffe0d290000 - 0x00007ffe0d5fc000 	C:\WINDOWS\SYSTEM32\CoreUIComponents.dll
0x00007ffdcad60000 - 0x00007ffdcaef7000 	C:\Users\Vu\AppData\Local\Temp\lwjglVu\3.3.1-build-7\OpenAL.dll
0x00007ffe042a0000 - 0x00007ffe0433d000 	C:\WINDOWS\System32\MMDevApi.dll
0x00007ffe06180000 - 0x00007ffe0636c000 	C:\WINDOWS\SYSTEM32\AUDIOSES.DLL
0x00007ffe15900000 - 0x00007ffe15915000 	C:\WINDOWS\SYSTEM32\resourcepolicyclient.dll
0x00007ffdd0020000 - 0x00007ffdd007d000 	C:\Users\Vu\AppData\Local\Temp\lwjglVu\3.3.1-build-7\lwjgl_opengl.dll
0x0000000064a00000 - 0x0000000064d10000 	C:\Users\Vu\AppData\Local\Temp\imgui-java-natives_1708462673137\imgui-java64.dll
0x00007ffe17da0000 - 0x00007ffe17dbb000 	C:\WINDOWS\SYSTEM32\CRYPTSP.dll
0x00007ffe17540000 - 0x00007ffe17575000 	C:\WINDOWS\system32\rsaenh.dll
0x00007ffdf4d80000 - 0x00007ffdf4d90000 	D:\jdk-21.0.1\bin\verify.dll
0x00007ffdcf3e0000 - 0x00007ffdcf461000 	C:\Users\Vu\AppData\Local\Temp\lwjglVu\3.3.1-build-7\lwjgl_stb.dll

dbghelp: loaded successfully - version: 4.0.5 - missing functions: none
symbol engine: initialized successfully - sym options: 0x614 - pdb path: .;D:\jdk-21.0.1\bin;C:\WINDOWS\SYSTEM32;C:\WINDOWS\WinSxS\amd64_microsoft.windows.common-controls_6595b64144ccf1df_6.0.22621.2506_none_270c5ae97388e100;D:\jdk-21.0.1\bin\server;D:\IntelliJ IDEA Community Edition 2023.3.3\bin;C:\Users\Vu\AppData\Local\Temp\lwjglVu\3.3.1-build-7;C:\WINDOWS\System32\DriverStore\FileRepository\iigd_dch.inf_amd64_5802b1615520e41c;C:\Users\Vu\AppData\Local\Temp\imgui-java-natives_1708462673137

VM Arguments:
jvm_args: -javaagent:D:\IntelliJ IDEA Community Edition 2023.3.3\lib\idea_rt.jar=54905:D:\IntelliJ IDEA Community Edition 2023.3.3\bin -Dfile.encoding=UTF-8 -Dsun.stdout.encoding=UTF-8 -Dsun.stderr.encoding=UTF-8 
java_command: main.Main
java_class_path (initial): D:\ducky-game\target\classes;C:\Users\Vu\.m2\repository\io\github\spair\imgui-java-app\1.81.0\imgui-java-app-1.81.0.jar;C:\Users\Vu\.m2\repository\org\lwjgl\lwjgl\3.3.1\lwjgl-3.3.1-natives-linux.jar;C:\Users\Vu\.m2\repository\org\lwjgl\lwjgl-glfw\3.3.1\lwjgl-glfw-3.3.1-natives-linux.jar;C:\Users\Vu\.m2\repository\org\lwjgl\lwjgl-opengl\3.3.1\lwjgl-opengl-3.3.1-natives-linux.jar;C:\Users\Vu\.m2\repository\org\lwjgl\lwjgl\3.3.1\lwjgl-3.3.1-natives-macos.jar;C:\Users\Vu\.m2\repository\org\lwjgl\lwjgl-glfw\3.3.1\lwjgl-glfw-3.3.1-natives-macos.jar;C:\Users\Vu\.m2\repository\org\lwjgl\lwjgl-opengl\3.3.1\lwjgl-opengl-3.3.1-natives-macos.jar;C:\Users\Vu\.m2\repository\io\github\spair\imgui-java-binding\1.81.0\imgui-java-binding-1.81.0.jar;C:\Users\Vu\.m2\repository\io\github\spair\imgui-java-lwjgl3\1.81.0\imgui-java-lwjgl3-1.81.0.jar;C:\Users\Vu\.m2\repository\org\lwjgl\lwjgl\3.3.1\lwjgl-3.3.1.jar;C:\Users\Vu\.m2\repository\com\google\code\gson\gson\2.10.1\gson-2.10.1.jar;C:\Users\Vu\.m2\repository\org\lwjgl\lwjgl-nfd\3.3.1\lwjgl-nfd-3.3.1.jar;C:\Users\Vu\.m2\repository\org\lwjgl\lwjgl-assimp\3.3.1\lwjgl-assimp-3.3.1.jar;C:\Users\Vu\.m2\repository\org\lwjgl\lwjgl-glfw\3.3.1\lwjgl-glfw-3.3.1.jar;C:\Users\Vu\.m2\repository\org\lwjgl\lwjgl-openal\3.3.1\lwjgl-openal-3.3.1.jar;C:\Users\Vu\.m2\repository\org\lwjgl\lwjgl-opengl\3.3.1\lwjgl-opengl-3.3.1.jar;C:\Users\Vu\.m2\repository\org\lwjgl\lwjgl-stb\3.3.1\lwjgl-stb-3.3.1.jar;C:\Users\Vu\.m2\repository\org\lwjgl\lwjgl\3.3.1\lwjgl-3.3.1-natives-windows.jar;C:\Users\Vu\.m2\repository\org\lwjgl\lwjgl-assimp\3.3.1\lwjgl-assimp-3.3.1-natives-windows.jar;C:\Users\Vu\.m2\repository\org\lwjgl\lwjgl-glfw\3.3.1\lwjgl-glfw-3.3.1-natives-windows.jar;C:\Users\Vu\.m2\repository\org\lwjgl\lwjgl-openal\3.3.1\lwjgl-openal-3.3.1-natives-windows.jar;C:\Users\Vu\.m2\repository\org\lwjgl\lwjgl-opengl\3.3.1\lwjgl-opengl-3.3.1-natives-windows.jar;C:\Users\Vu\.m2\repository\org\mongodb\mongodb-driver\3.12.14\mongodb-driver-3.12.14.jar;C:\Users\Vu\.m2\repository\org\mongodb\bson\3.12.14\bson-3.12.14.jar;C:\Users\Vu\.m2\repository\org\mongodb\mongodb-driver-core\3.12.14\mongodb-driver-core-3.12.14.jar;C:\Users\Vu\.m2\repository\org\lwjgl\lwjgl-stb\3.3.1\lwjgl-stb-3.3.1-natives-windows.jar;C:\Users\Vu\.m2\repository\org\lwjgl\lwjgl-nfd\3.3.1\lwjgl-nfd-3.3.1-natives-windows.jar;C:\Users\Vu\.m2\repository\org\jbox2d\jbox2d-library\2.2.1.1\jbox2d-library-2.2.1.1.jar;C:\Users\Vu\.m2\repository\org\joml\joml\1.9.24\joml-1.9.24.jar
Launcher Type: SUN_STANDARD

[Global flags]
     intx CICompilerCount                          = 4                                         {product} {ergonomic}
     uint ConcGCThreads                            = 3                                         {product} {ergonomic}
     uint G1ConcRefinementThreads                  = 10                                        {product} {ergonomic}
   size_t G1HeapRegionSize                         = 2097152                                   {product} {ergonomic}
    uintx GCDrainStackTargetSize                   = 64                                        {product} {ergonomic}
   size_t InitialHeapSize                          = 266338304                                 {product} {ergonomic}
   size_t MarkStackSize                            = 4194304                                   {product} {ergonomic}
   size_t MaxHeapSize                              = 4234149888                                {product} {ergonomic}
   size_t MaxNewSize                               = 2539651072                                {product} {ergonomic}
   size_t MinHeapDeltaBytes                        = 2097152                                   {product} {ergonomic}
   size_t MinHeapSize                              = 8388608                                   {product} {ergonomic}
    uintx NonNMethodCodeHeapSize                   = 5839372                                {pd product} {ergonomic}
    uintx NonProfiledCodeHeapSize                  = 122909434                              {pd product} {ergonomic}
    uintx ProfiledCodeHeapSize                     = 122909434                              {pd product} {ergonomic}
    uintx ReservedCodeCacheSize                    = 251658240                              {pd product} {ergonomic}
     bool SegmentedCodeCache                       = true                                      {product} {ergonomic}
   size_t SoftMaxHeapSize                          = 4234149888                             {manageable} {ergonomic}
     bool UseCompressedOops                        = true                           {product lp64_product} {ergonomic}
     bool UseG1GC                                  = true                                      {product} {ergonomic}
     bool UseLargePagesIndividualAllocation        = false                                  {pd product} {ergonomic}

Logging:
Log output configuration:
 #0: stdout all=off uptime,level,tags foldmultilines=false
 #1: stderr all=off uptime,level,tags foldmultilines=false

Environment Variables:
PATH=C:\Program Files\Common Files\Oracle\Java\javapath;C:\Windows\system32;C:\Windows;C:\Windows\System32\Wbem;C:\Windows\System32\WindowsPowerShell\v1.0\;C:\Windows\System32\OpenSSH\;C:\Program Files (x86)\NVIDIA Corporation\PhysX\Common;C:\Program Files\NVIDIA Corporation\NVIDIA NvDLISR;C:\WINDOWS\system32;C:\WINDOWS;C:\WINDOWS\System32\Wbem;C:\WINDOWS\System32\WindowsPowerShell\v1.0\;C:\WINDOWS\System32\OpenSSH\;C:\Program Files\Git\cmd;C:\Users\Vu\AppData\Local\Microsoft\WindowsApps;
USERNAME=Vu
OS=Windows_NT
PROCESSOR_IDENTIFIER=Intel64 Family 6 Model 141 Stepping 1, GenuineIntel
TMP=C:\Users\Vu\AppData\Local\Temp
TEMP=C:\Users\Vu\AppData\Local\Temp




Periodic native trim disabled

---------------  S Y S T E M  ---------------

OS:
 Windows 11 , 64 bit Build 22621 (10.0.22621.3085)
OS uptime: 0 days 12:13 hours
Hyper-V role detected

CPU: total 12 (initial active 12) (6 cores per cpu, 2 threads per core) family 6 model 141 stepping 1 microcode 0x3c, cx8, cmov, fxsr, ht, mmx, 3dnowpref, sse, sse2, sse3, ssse3, sse4.1, sse4.2, popcnt, lzcnt, tsc, tscinvbit, avx, avx2, aes, erms, clmul, bmi1, bmi2, adx, avx512f, avx512dq, avx512cd, avx512bw, avx512vl, sha, fma, vzeroupper, avx512_vpopcntdq, avx512_vpclmulqdq, avx512_vaes, avx512_vnni, clflush, clflushopt, clwb, avx512_vbmi2, avx512_vbmi, hv, rdtscp, rdpid, fsrm, gfni, avx512_bitalg, f16c, cet_ibt, cet_ss, avx512_ifma
Processor Information for all 12 processors :
  Max Mhz: 2688, Current Mhz: 2688, Mhz Limit: 2688

Memory: 4k page, system-wide physical 16147M (3012M free)
TotalPageFile size 22547M (AvailPageFile size 4258M)
current process WorkingSet (physical memory assigned to process): 454M, peak: 462M
current process commit charge ("private bytes"): 510M, peak: 534M

vm_info: Java HotSpot(TM) 64-Bit Server VM (21.0.1+12-LTS-29) for windows-amd64 JRE (21.0.1+12-LTS-29), built on 2023-10-05T13:27:09Z by "mach5one" with MS VC++ 17.1 (VS2022)

END.
