#
# A fatal error has been detected by the Java Runtime Environment:
#
#  EXCEPTION_ACCESS_VIOLATION (0xc0000005) at pc=0x0000000064a42608, pid=20936, tid=8676
#
# JRE version: Java(TM) SE Runtime Environment (21.0.1+12) (build 21.0.1+12-LTS-29)
# Java VM: Java HotSpot(TM) 64-Bit Server VM (21.0.1+12-LTS-29, mixed mode, sharing, tiered, compressed oops, compressed class ptrs, g1 gc, windows-amd64)
# Problematic frame:
# C  [imgui-java64.dll+0x42608]
#
# No core dump will be written. Minidumps are not enabled by default on client versions of Windows
#
# If you would like to submit a bug report, please visit:
#   https://bugreport.java.com/bugreport/crash.jsp
# The crash happened outside the Java Virtual Machine in native code.
# See problematic frame for where to report the bug.
#

---------------  S U M M A R Y ------------

Command Line: -javaagent:D:\IntelliJ IDEA Community Edition 2023.3.3\lib\idea_rt.jar=52535:D:\IntelliJ IDEA Community Edition 2023.3.3\bin -Dfile.encoding=UTF-8 -Dsun.stdout.encoding=UTF-8 -Dsun.stderr.encoding=UTF-8 main.Main

Host: 11th Gen Intel(R) Core(TM) i5-11400H @ 2.70GHz, 12 cores, 15G,  Windows 11 , 64 bit Build 22621 (10.0.22621.3085)
Time: Wed Feb 21 02:35:29 2024 SE Asia Standard Time elapsed time: 1.377440 seconds (0d 0h 0m 1s)

---------------  T H R E A D  ---------------

Current thread (0x0000019f72972240):  JavaThread "main"             [_thread_in_native, id=8676, stack(0x0000007182400000,0x0000007182500000) (1024K)]

Stack: [0x0000007182400000,0x0000007182500000],  sp=0x00000071824ff310,  free space=1020k
Native frames: (J=compiled Java code, j=interpreted, Vv=VM code, C=native code)
C  [imgui-java64.dll+0x42608]

Java frames: (J=compiled Java code, j=interpreted, Vv=VM code)
j  imgui.ImGui.newFrame()V+0
j  jade.ImGuiLayer.startFrame(F)V+7
j  jade.ImGuiLayer.update(FLscenes/Scene;)V+2
j  jade.Window.loop()V+208
j  jade.Window.run()V+19
j  main.Main.main([Ljava/lang/String;)V+5
v  ~StubRoutines::call_stub 0x0000019f075310e7

siginfo: EXCEPTION_ACCESS_VIOLATION (0xc0000005), reading address 0x0000000000000004


Registers:
RAX=0x0000000000000000, RBX=0x0000019f684065c0, RCX=0x0000000000000000, RDX=0x0000000000000000
RSP=0x00000071824ff310, RBP=0x000000000000006c, RSI=0x0000019f68406470, RDI=0x0000019f683fcf4c
R8 =0x000000006d3a3a6e, R9 =0x0000019f684063e0, R10=0x0000000000000000, R11=0x0000019f68406580
R12=0x0000000000000090, R13=0x0000019f63296780, R14=0x0000000000000080, R15=0x00007ffe1a6be740
RIP=0x0000000064a42608, EFLAGS=0x0000000000010202


Register to memory mapping:

RAX=0x0 is null
RBX=0x0000019f684065c0 points into unknown readable memory: 0x0000000000000000 | 00 00 00 00 00 00 00 00
RCX=0x0 is null
RDX=0x0 is null
RSP=0x00000071824ff310 is pointing into the stack for thread: 0x0000019f72972240
RBP=0x000000000000006c is an unknown value
RSI=0x0000019f68406470 points into unknown readable memory: 0x0000000000000000 | 00 00 00 00 00 00 00 00
RDI=0x0000019f683fcf4c points into unknown readable memory: 07 00 00 00
R8 =0x000000006d3a3a6e is an unknown value
R9 =0x0000019f684063e0 points into unknown readable memory: 0x0000000000000001 | 01 00 00 00 00 00 00 00
R10=0x0 is null
R11=0x0000019f68406580 points into unknown readable memory: 0x0000000200000000 | 00 00 00 00 02 00 00 00
R12=0x0000000000000090 is an unknown value
R13=0x0000019f63296780 points into unknown readable memory: 0x0000019f72b70101 | 01 01 b7 72 9f 01 00 00
R14=0x0000000000000080 is an unknown value
R15=0x00007ffe1a6be740 msvcrt.dll

Top of Stack: (sp=0x00000071824ff310)
0x00000071824ff310:   0000000000000000 0000000000000008
0x00000071824ff320:   00000071824ff364 0000000064a08cd1
0x00000071824ff330:   000000036841e732 0000019f68406580
0x00000071824ff340:   0000000000000008 0000000c00000000
0x00000071824ff350:   0000000c00000009 0000019f68406580
0x00000071824ff360:   0000000c00000009 0000019f684063e0
0x00000071824ff370:   0000000000000009 0000000064a0c13b
0x00000071824ff380:   00000000000000ff 0000000000000003
0x00000071824ff390:   0000000000000090 0000019f63296780
0x00000071824ff3a0:   00007ffe1a6be740 0000000064c4c32c
0x00000071824ff3b0:   0000000064c4c315 0000000064a41840
0x00000071824ff3c0:   0000019f6841e9ad 0000000064a241cd
0x00000071824ff3d0:   00000000000005fd 00000000000005fd
0x00000071824ff3e0:   00007ffe1a728a90 00007ffe1a720000
0x00000071824ff3f0:   0000019f6841e3b0 0000019f6841e6bc
0x00000071824ff400:   0000019f6841e6c3 0000019f6841e6bb
0x00000071824ff410:   00000071824ff4c0 0000019f63296780
0x00000071824ff420:   0000019f63296780 0000000000000000
0x00000071824ff430:   0000000000000024 0000019f63296780
0x00000071824ff440:   0000019f683fc8d0 00007ffe1a6be740
0x00000071824ff450:   00007ffe1a6be740 0000000064a37b7b
0x00000071824ff460:   0000019f683fc8d0 0000000712db7990
0x00000071824ff470:   00000071824ff530 00007ffd8f1fd43c
0x00000071824ff480:   0000019f7ec3c870 000000000000000d
0x00000071824ff490:   0000000000000006 0000000000000000
0x00000071824ff4a0:   0000019f0753a395 0000000000000440
0x00000071824ff4b0:   0000019f72972240 0000019f0753896e
0x00000071824ff4c0:   00000000000005fc 00007ffd8f20e389
0x00000071824ff4d0:   8000000000000000 8000000000000000
0x00000071824ff4e0:   0000000000000000 400921fb60000000
0x00000071824ff4f0:   ded560a593f5871c 06548ef3c28876ce
0x00000071824ff500:   57ca9da19cd9012a 57ca9da157ca9da1 

Instructions: (pc=0x0000000064a42608)
0x0000000064a42508:   7c 5b 2a 00 48 85 c0 74 07 83 a8 b0 03 00 00 01
0x0000000064a42518:   48 8b 15 81 5c 2a 00 ff 15 03 1b 20 00 48 c7 44
0x0000000064a42528:   24 58 00 00 00 00 48 8b 4c 24 48 48 85 c9 74 32
0x0000000064a42538:   48 c7 44 24 40 00 00 00 00 48 8b 05 40 5b 2a 00
0x0000000064a42548:   48 85 c0 74 07 83 a8 b0 03 00 00 01 48 8b 15 45
0x0000000064a42558:   5c 2a 00 ff 15 c7 1a 20 00 48 c7 44 24 48 00 00
0x0000000064a42568:   00 00 48 8b 4c 24 58 c7 44 24 60 00 00 00 00 48
0x0000000064a42578:   85 c9 74 20 48 8b 05 05 5b 2a 00 48 85 c0 74 07
0x0000000064a42588:   83 a8 b0 03 00 00 01 48 8b 15 0a 5c 2a 00 ff 15
0x0000000064a42598:   8c 1a 20 00 48 8b 4c 24 48 48 85 c9 74 20 48 8b
0x0000000064a425a8:   05 db 5a 2a 00 48 85 c0 74 07 83 a8 b0 03 00 00
0x0000000064a425b8:   01 48 8b 15 e0 5b 2a 00 ff 15 62 1a 20 00 41 8b
0x0000000064a425c8:   9d 90 30 00 00 e9 95 f2 ff ff 66 0f 1f 44 00 00
0x0000000064a425d8:   48 83 ea 01 4c 8d 58 10 48 29 ca e9 9c fc ff ff
0x0000000064a425e8:   44 8b 57 04 45 85 d2 75 17 44 8b 4b 08 45 85 c9
0x0000000064a425f8:   75 0e f6 47 15 08 0f 84 ae fd ff ff 0f 1f 40 00
0x0000000064a42608:   8b 50 04 85 d2 0f 85 64 fe ff ff e9 9a fd ff ff
0x0000000064a42618:   0f 1f 84 00 00 00 00 00 48 83 ea 01 4c 8d 48 10
0x0000000064a42628:   48 29 ca e9 fc fc ff ff 31 c0 e9 50 fd ff ff 48
0x0000000064a42638:   63 54 24 50 4c 8b 4c 24 58 49 89 d2 4d 89 cb 49
0x0000000064a42648:   c1 e2 04 eb 1b 0f 1f 00 48 89 d1 48 d1 e9 48 89
0x0000000064a42658:   c8 48 c1 e0 04 4c 01 d8 44 3b 00 77 64 48 89 ca
0x0000000064a42668:   48 85 d2 75 e3 4d 01 d1 4d 39 cb 0f 84 1a f5 ff
0x0000000064a42678:   ff 45 3b 03 0f 85 11 f5 ff ff 45 8b 63 08 41 83
0x0000000064a42688:   fc ff 0f 84 03 f5 ff ff 45 85 e4 78 07 44 3b 64
0x0000000064a42698:   24 40 7c 12 41 b8 b3 06 00 00 48 89 fa 48 89 e9
0x0000000064a426a8:   ff 15 3e 71 2c 00 49 63 c4 48 c1 e0 04 48 03 44
0x0000000064a426b8:   24 48 0f 84 d3 f4 ff ff 83 40 08 01 e9 ca f4 ff
0x0000000064a426c8:   ff 48 83 ea 01 4c 8d 58 10 48 29 ca eb 92 4c 8b
0x0000000064a426d8:   25 0f 71 2c 00 41 b8 b3 06 00 00 48 8d 15 2b 9c
0x0000000064a426e8:   20 00 48 8d 0d 3b 9c 20 00 41 ff d4 48 8b 44 24
0x0000000064a426f8:   48 48 63 f7 48 c1 e6 04 48 01 f0 8b 10 89 54 24 


Stack slot to memory mapping:

stack at sp + 0 slots: 0x0 is null
stack at sp + 1 slots: 0x0000000000000008 is an unknown value
stack at sp + 2 slots: 0x00000071824ff364 is pointing into the stack for thread: 0x0000019f72972240
stack at sp + 3 slots: 0x0000000064a08cd1 imgui-java64.dll
stack at sp + 4 slots: 0x000000036841e732 is an unknown value
stack at sp + 5 slots: 0x0000019f68406580 points into unknown readable memory: 0x0000000200000000 | 00 00 00 00 02 00 00 00
stack at sp + 6 slots: 0x0000000000000008 is an unknown value
stack at sp + 7 slots: 0x0000000c00000000 is an unknown value


---------------  P R O C E S S  ---------------

Threads class SMR info:
_java_thread_list=0x0000019f634a98b0, length=12, elements={
0x0000019f72972240, 0x0000019f7ed93880, 0x0000019f7ed94890, 0x0000019f7ed96ae0,
0x0000019f7ed97a90, 0x0000019f7ed9aa80, 0x0000019f7ed9b5d0, 0x0000019f7edabb50,
0x0000019f7edac5f0, 0x0000019f5a212930, 0x0000019f5a210860, 0x0000019f5a210ef0
}

Java Threads: ( => current thread )
=>0x0000019f72972240 JavaThread "main"                              [_thread_in_native, id=8676, stack(0x0000007182400000,0x0000007182500000) (1024K)]
  0x0000019f7ed93880 JavaThread "Reference Handler"          daemon [_thread_blocked, id=22876, stack(0x0000007182c00000,0x0000007182d00000) (1024K)]
  0x0000019f7ed94890 JavaThread "Finalizer"                  daemon [_thread_blocked, id=16568, stack(0x0000007182d00000,0x0000007182e00000) (1024K)]
  0x0000019f7ed96ae0 JavaThread "Signal Dispatcher"          daemon [_thread_blocked, id=23536, stack(0x0000007182e00000,0x0000007182f00000) (1024K)]
  0x0000019f7ed97a90 JavaThread "Attach Listener"            daemon [_thread_blocked, id=12312, stack(0x0000007182f00000,0x0000007183000000) (1024K)]
  0x0000019f7ed9aa80 JavaThread "Service Thread"             daemon [_thread_blocked, id=24328, stack(0x0000007183000000,0x0000007183100000) (1024K)]
  0x0000019f7ed9b5d0 JavaThread "Monitor Deflation Thread"   daemon [_thread_blocked, id=22628, stack(0x0000007183100000,0x0000007183200000) (1024K)]
  0x0000019f7edabb50 JavaThread "C2 CompilerThread0"         daemon [_thread_blocked, id=22840, stack(0x0000007183200000,0x0000007183300000) (1024K)]
  0x0000019f7edac5f0 JavaThread "C1 CompilerThread0"         daemon [_thread_blocked, id=20884, stack(0x0000007183300000,0x0000007183400000) (1024K)]
  0x0000019f5a212930 JavaThread "Common-Cleaner"             daemon [_thread_blocked, id=17140, stack(0x0000007183400000,0x0000007183500000) (1024K)]
  0x0000019f5a210860 JavaThread "Monitor Ctrl-Break"         daemon [_thread_in_native, id=23028, stack(0x0000007183500000,0x0000007183600000) (1024K)]
  0x0000019f5a210ef0 JavaThread "Notification Thread"        daemon [_thread_blocked, id=23256, stack(0x0000007183600000,0x0000007183700000) (1024K)]
Total: 12

Other Threads:
  0x0000019f7ed74210 VMThread "VM Thread"                           [id=12448, stack(0x0000007182b00000,0x0000007182c00000) (1024K)]
  0x0000019f7ed5eba0 WatcherThread "VM Periodic Task Thread"        [id=23408, stack(0x0000007182a00000,0x0000007182b00000) (1024K)]
  0x0000019f72a3def0 WorkerThread "GC Thread#0"                     [id=14916, stack(0x0000007182500000,0x0000007182600000) (1024K)]
  0x0000019f74c41de0 ConcurrentGCThread "G1 Main Marker"            [id=21228, stack(0x0000007182600000,0x0000007182700000) (1024K)]
  0x0000019f74c42f90 WorkerThread "G1 Conc#0"                       [id=4396, stack(0x0000007182700000,0x0000007182800000) (1024K)]
  0x0000019f7ec32240 ConcurrentGCThread "G1 Refine#0"               [id=19500, stack(0x0000007182800000,0x0000007182900000) (1024K)]
  0x0000019f7ec32a60 ConcurrentGCThread "G1 Service"                [id=17632, stack(0x0000007182900000,0x0000007182a00000) (1024K)]
Total: 7

Threads with active compile tasks:
Total: 0

VM state: not at safepoint (normal execution)

VM Mutex/Monitor currently owned by a thread: None

Heap address: 0x0000000703a00000, size: 4038 MB, Compressed Oops mode: Zero based, Oop shift amount: 3

CDS archive(s) mapped at: [0x0000019f15000000-0x0000019f15c90000-0x0000019f15c90000), size 13172736, SharedBaseAddress: 0x0000019f15000000, ArchiveRelocationMode: 1.
Compressed class space mapped at: 0x0000019f16000000-0x0000019f56000000, reserved size: 1073741824
Narrow klass base: 0x0000019f15000000, Narrow klass shift: 0, Narrow klass range: 0x100000000

GC Precious Log:
 CardTable entry size: 512
 Card Set container configuration: InlinePtr #cards 4 size 8 Array Of Cards #cards 16 size 48 Howl #buckets 8 coarsen threshold 3686 Howl Bitmap #cards 512 size 80 coarsen threshold 460 Card regions per heap region 1 cards per card region 4096
 CPUs: 12 total, 12 available
 Memory: 16147M
 Large Page Support: Disabled
 NUMA Support: Disabled
 Compressed Oops: Enabled (Zero based)
 Heap Region Size: 2M
 Heap Min Capacity: 8M
 Heap Initial Capacity: 254M
 Heap Max Capacity: 4038M
 Pre-touch: Disabled
 Parallel Workers: 10
 Concurrent Workers: 3
 Concurrent Refinement Workers: 10
 Periodic GC: Disabled

Heap:
 garbage-first heap   total 260096K, used 20480K [0x0000000703a00000, 0x0000000800000000)
  region size 2048K, 11 young (22528K), 0 survivors (0K)
 Metaspace       used 8334K, committed 8512K, reserved 1114112K
  class space    used 559K, committed 640K, reserved 1048576K

Heap Regions: E=young(eden), S=young(survivor), O=old, HS=humongous(starts), HC=humongous(continues), CS=collection set, F=free, TAMS=top-at-mark-start, PB=parsable bottom
|   0|0x0000000703a00000, 0x0000000703a00000, 0x0000000703c00000|  0%| F|  |TAMS 0x0000000703a00000| PB 0x0000000703a00000| Untracked 
|   1|0x0000000703c00000, 0x0000000703c00000, 0x0000000703e00000|  0%| F|  |TAMS 0x0000000703c00000| PB 0x0000000703c00000| Untracked 
|   2|0x0000000703e00000, 0x0000000703e00000, 0x0000000704000000|  0%| F|  |TAMS 0x0000000703e00000| PB 0x0000000703e00000| Untracked 
|   3|0x0000000704000000, 0x0000000704000000, 0x0000000704200000|  0%| F|  |TAMS 0x0000000704000000| PB 0x0000000704000000| Untracked 
|   4|0x0000000704200000, 0x0000000704200000, 0x0000000704400000|  0%| F|  |TAMS 0x0000000704200000| PB 0x0000000704200000| Untracked 
|   5|0x0000000704400000, 0x0000000704400000, 0x0000000704600000|  0%| F|  |TAMS 0x0000000704400000| PB 0x0000000704400000| Untracked 
|   6|0x0000000704600000, 0x0000000704600000, 0x0000000704800000|  0%| F|  |TAMS 0x0000000704600000| PB 0x0000000704600000| Untracked 
|   7|0x0000000704800000, 0x0000000704800000, 0x0000000704a00000|  0%| F|  |TAMS 0x0000000704800000| PB 0x0000000704800000| Untracked 
|   8|0x0000000704a00000, 0x0000000704a00000, 0x0000000704c00000|  0%| F|  |TAMS 0x0000000704a00000| PB 0x0000000704a00000| Untracked 
|   9|0x0000000704c00000, 0x0000000704c00000, 0x0000000704e00000|  0%| F|  |TAMS 0x0000000704c00000| PB 0x0000000704c00000| Untracked 
|  10|0x0000000704e00000, 0x0000000704e00000, 0x0000000705000000|  0%| F|  |TAMS 0x0000000704e00000| PB 0x0000000704e00000| Untracked 
|  11|0x0000000705000000, 0x0000000705000000, 0x0000000705200000|  0%| F|  |TAMS 0x0000000705000000| PB 0x0000000705000000| Untracked 
|  12|0x0000000705200000, 0x0000000705200000, 0x0000000705400000|  0%| F|  |TAMS 0x0000000705200000| PB 0x0000000705200000| Untracked 
|  13|0x0000000705400000, 0x0000000705400000, 0x0000000705600000|  0%| F|  |TAMS 0x0000000705400000| PB 0x0000000705400000| Untracked 
|  14|0x0000000705600000, 0x0000000705600000, 0x0000000705800000|  0%| F|  |TAMS 0x0000000705600000| PB 0x0000000705600000| Untracked 
|  15|0x0000000705800000, 0x0000000705800000, 0x0000000705a00000|  0%| F|  |TAMS 0x0000000705800000| PB 0x0000000705800000| Untracked 
|  16|0x0000000705a00000, 0x0000000705a00000, 0x0000000705c00000|  0%| F|  |TAMS 0x0000000705a00000| PB 0x0000000705a00000| Untracked 
|  17|0x0000000705c00000, 0x0000000705c00000, 0x0000000705e00000|  0%| F|  |TAMS 0x0000000705c00000| PB 0x0000000705c00000| Untracked 
|  18|0x0000000705e00000, 0x0000000705e00000, 0x0000000706000000|  0%| F|  |TAMS 0x0000000705e00000| PB 0x0000000705e00000| Untracked 
|  19|0x0000000706000000, 0x0000000706000000, 0x0000000706200000|  0%| F|  |TAMS 0x0000000706000000| PB 0x0000000706000000| Untracked 
|  20|0x0000000706200000, 0x0000000706200000, 0x0000000706400000|  0%| F|  |TAMS 0x0000000706200000| PB 0x0000000706200000| Untracked 
|  21|0x0000000706400000, 0x0000000706400000, 0x0000000706600000|  0%| F|  |TAMS 0x0000000706400000| PB 0x0000000706400000| Untracked 
|  22|0x0000000706600000, 0x0000000706600000, 0x0000000706800000|  0%| F|  |TAMS 0x0000000706600000| PB 0x0000000706600000| Untracked 
|  23|0x0000000706800000, 0x0000000706800000, 0x0000000706a00000|  0%| F|  |TAMS 0x0000000706800000| PB 0x0000000706800000| Untracked 
|  24|0x0000000706a00000, 0x0000000706a00000, 0x0000000706c00000|  0%| F|  |TAMS 0x0000000706a00000| PB 0x0000000706a00000| Untracked 
|  25|0x0000000706c00000, 0x0000000706c00000, 0x0000000706e00000|  0%| F|  |TAMS 0x0000000706c00000| PB 0x0000000706c00000| Untracked 
|  26|0x0000000706e00000, 0x0000000706e00000, 0x0000000707000000|  0%| F|  |TAMS 0x0000000706e00000| PB 0x0000000706e00000| Untracked 
|  27|0x0000000707000000, 0x0000000707000000, 0x0000000707200000|  0%| F|  |TAMS 0x0000000707000000| PB 0x0000000707000000| Untracked 
|  28|0x0000000707200000, 0x0000000707200000, 0x0000000707400000|  0%| F|  |TAMS 0x0000000707200000| PB 0x0000000707200000| Untracked 
|  29|0x0000000707400000, 0x0000000707400000, 0x0000000707600000|  0%| F|  |TAMS 0x0000000707400000| PB 0x0000000707400000| Untracked 
|  30|0x0000000707600000, 0x0000000707600000, 0x0000000707800000|  0%| F|  |TAMS 0x0000000707600000| PB 0x0000000707600000| Untracked 
|  31|0x0000000707800000, 0x0000000707800000, 0x0000000707a00000|  0%| F|  |TAMS 0x0000000707800000| PB 0x0000000707800000| Untracked 
|  32|0x0000000707a00000, 0x0000000707a00000, 0x0000000707c00000|  0%| F|  |TAMS 0x0000000707a00000| PB 0x0000000707a00000| Untracked 
|  33|0x0000000707c00000, 0x0000000707c00000, 0x0000000707e00000|  0%| F|  |TAMS 0x0000000707c00000| PB 0x0000000707c00000| Untracked 
|  34|0x0000000707e00000, 0x0000000707e00000, 0x0000000708000000|  0%| F|  |TAMS 0x0000000707e00000| PB 0x0000000707e00000| Untracked 
|  35|0x0000000708000000, 0x0000000708000000, 0x0000000708200000|  0%| F|  |TAMS 0x0000000708000000| PB 0x0000000708000000| Untracked 
|  36|0x0000000708200000, 0x0000000708200000, 0x0000000708400000|  0%| F|  |TAMS 0x0000000708200000| PB 0x0000000708200000| Untracked 
|  37|0x0000000708400000, 0x0000000708400000, 0x0000000708600000|  0%| F|  |TAMS 0x0000000708400000| PB 0x0000000708400000| Untracked 
|  38|0x0000000708600000, 0x0000000708600000, 0x0000000708800000|  0%| F|  |TAMS 0x0000000708600000| PB 0x0000000708600000| Untracked 
|  39|0x0000000708800000, 0x0000000708800000, 0x0000000708a00000|  0%| F|  |TAMS 0x0000000708800000| PB 0x0000000708800000| Untracked 
|  40|0x0000000708a00000, 0x0000000708a00000, 0x0000000708c00000|  0%| F|  |TAMS 0x0000000708a00000| PB 0x0000000708a00000| Untracked 
|  41|0x0000000708c00000, 0x0000000708c00000, 0x0000000708e00000|  0%| F|  |TAMS 0x0000000708c00000| PB 0x0000000708c00000| Untracked 
|  42|0x0000000708e00000, 0x0000000708e00000, 0x0000000709000000|  0%| F|  |TAMS 0x0000000708e00000| PB 0x0000000708e00000| Untracked 
|  43|0x0000000709000000, 0x0000000709000000, 0x0000000709200000|  0%| F|  |TAMS 0x0000000709000000| PB 0x0000000709000000| Untracked 
|  44|0x0000000709200000, 0x0000000709200000, 0x0000000709400000|  0%| F|  |TAMS 0x0000000709200000| PB 0x0000000709200000| Untracked 
|  45|0x0000000709400000, 0x0000000709400000, 0x0000000709600000|  0%| F|  |TAMS 0x0000000709400000| PB 0x0000000709400000| Untracked 
|  46|0x0000000709600000, 0x0000000709600000, 0x0000000709800000|  0%| F|  |TAMS 0x0000000709600000| PB 0x0000000709600000| Untracked 
|  47|0x0000000709800000, 0x0000000709800000, 0x0000000709a00000|  0%| F|  |TAMS 0x0000000709800000| PB 0x0000000709800000| Untracked 
|  48|0x0000000709a00000, 0x0000000709a00000, 0x0000000709c00000|  0%| F|  |TAMS 0x0000000709a00000| PB 0x0000000709a00000| Untracked 
|  49|0x0000000709c00000, 0x0000000709c00000, 0x0000000709e00000|  0%| F|  |TAMS 0x0000000709c00000| PB 0x0000000709c00000| Untracked 
|  50|0x0000000709e00000, 0x0000000709e00000, 0x000000070a000000|  0%| F|  |TAMS 0x0000000709e00000| PB 0x0000000709e00000| Untracked 
|  51|0x000000070a000000, 0x000000070a000000, 0x000000070a200000|  0%| F|  |TAMS 0x000000070a000000| PB 0x000000070a000000| Untracked 
|  52|0x000000070a200000, 0x000000070a200000, 0x000000070a400000|  0%| F|  |TAMS 0x000000070a200000| PB 0x000000070a200000| Untracked 
|  53|0x000000070a400000, 0x000000070a400000, 0x000000070a600000|  0%| F|  |TAMS 0x000000070a400000| PB 0x000000070a400000| Untracked 
|  54|0x000000070a600000, 0x000000070a600000, 0x000000070a800000|  0%| F|  |TAMS 0x000000070a600000| PB 0x000000070a600000| Untracked 
|  55|0x000000070a800000, 0x000000070a800000, 0x000000070aa00000|  0%| F|  |TAMS 0x000000070a800000| PB 0x000000070a800000| Untracked 
|  56|0x000000070aa00000, 0x000000070aa00000, 0x000000070ac00000|  0%| F|  |TAMS 0x000000070aa00000| PB 0x000000070aa00000| Untracked 
|  57|0x000000070ac00000, 0x000000070ac00000, 0x000000070ae00000|  0%| F|  |TAMS 0x000000070ac00000| PB 0x000000070ac00000| Untracked 
|  58|0x000000070ae00000, 0x000000070ae00000, 0x000000070b000000|  0%| F|  |TAMS 0x000000070ae00000| PB 0x000000070ae00000| Untracked 
|  59|0x000000070b000000, 0x000000070b000000, 0x000000070b200000|  0%| F|  |TAMS 0x000000070b000000| PB 0x000000070b000000| Untracked 
|  60|0x000000070b200000, 0x000000070b200000, 0x000000070b400000|  0%| F|  |TAMS 0x000000070b200000| PB 0x000000070b200000| Untracked 
|  61|0x000000070b400000, 0x000000070b400000, 0x000000070b600000|  0%| F|  |TAMS 0x000000070b400000| PB 0x000000070b400000| Untracked 
|  62|0x000000070b600000, 0x000000070b600000, 0x000000070b800000|  0%| F|  |TAMS 0x000000070b600000| PB 0x000000070b600000| Untracked 
|  63|0x000000070b800000, 0x000000070b800000, 0x000000070ba00000|  0%| F|  |TAMS 0x000000070b800000| PB 0x000000070b800000| Untracked 
|  64|0x000000070ba00000, 0x000000070ba00000, 0x000000070bc00000|  0%| F|  |TAMS 0x000000070ba00000| PB 0x000000070ba00000| Untracked 
|  65|0x000000070bc00000, 0x000000070bc00000, 0x000000070be00000|  0%| F|  |TAMS 0x000000070bc00000| PB 0x000000070bc00000| Untracked 
|  66|0x000000070be00000, 0x000000070be00000, 0x000000070c000000|  0%| F|  |TAMS 0x000000070be00000| PB 0x000000070be00000| Untracked 
|  67|0x000000070c000000, 0x000000070c000000, 0x000000070c200000|  0%| F|  |TAMS 0x000000070c000000| PB 0x000000070c000000| Untracked 
|  68|0x000000070c200000, 0x000000070c200000, 0x000000070c400000|  0%| F|  |TAMS 0x000000070c200000| PB 0x000000070c200000| Untracked 
|  69|0x000000070c400000, 0x000000070c400000, 0x000000070c600000|  0%| F|  |TAMS 0x000000070c400000| PB 0x000000070c400000| Untracked 
|  70|0x000000070c600000, 0x000000070c600000, 0x000000070c800000|  0%| F|  |TAMS 0x000000070c600000| PB 0x000000070c600000| Untracked 
|  71|0x000000070c800000, 0x000000070c800000, 0x000000070ca00000|  0%| F|  |TAMS 0x000000070c800000| PB 0x000000070c800000| Untracked 
|  72|0x000000070ca00000, 0x000000070ca00000, 0x000000070cc00000|  0%| F|  |TAMS 0x000000070ca00000| PB 0x000000070ca00000| Untracked 
|  73|0x000000070cc00000, 0x000000070cc00000, 0x000000070ce00000|  0%| F|  |TAMS 0x000000070cc00000| PB 0x000000070cc00000| Untracked 
|  74|0x000000070ce00000, 0x000000070ce00000, 0x000000070d000000|  0%| F|  |TAMS 0x000000070ce00000| PB 0x000000070ce00000| Untracked 
|  75|0x000000070d000000, 0x000000070d000000, 0x000000070d200000|  0%| F|  |TAMS 0x000000070d000000| PB 0x000000070d000000| Untracked 
|  76|0x000000070d200000, 0x000000070d200000, 0x000000070d400000|  0%| F|  |TAMS 0x000000070d200000| PB 0x000000070d200000| Untracked 
|  77|0x000000070d400000, 0x000000070d400000, 0x000000070d600000|  0%| F|  |TAMS 0x000000070d400000| PB 0x000000070d400000| Untracked 
|  78|0x000000070d600000, 0x000000070d600000, 0x000000070d800000|  0%| F|  |TAMS 0x000000070d600000| PB 0x000000070d600000| Untracked 
|  79|0x000000070d800000, 0x000000070d800000, 0x000000070da00000|  0%| F|  |TAMS 0x000000070d800000| PB 0x000000070d800000| Untracked 
|  80|0x000000070da00000, 0x000000070da00000, 0x000000070dc00000|  0%| F|  |TAMS 0x000000070da00000| PB 0x000000070da00000| Untracked 
|  81|0x000000070dc00000, 0x000000070dc00000, 0x000000070de00000|  0%| F|  |TAMS 0x000000070dc00000| PB 0x000000070dc00000| Untracked 
|  82|0x000000070de00000, 0x000000070de00000, 0x000000070e000000|  0%| F|  |TAMS 0x000000070de00000| PB 0x000000070de00000| Untracked 
|  83|0x000000070e000000, 0x000000070e000000, 0x000000070e200000|  0%| F|  |TAMS 0x000000070e000000| PB 0x000000070e000000| Untracked 
|  84|0x000000070e200000, 0x000000070e200000, 0x000000070e400000|  0%| F|  |TAMS 0x000000070e200000| PB 0x000000070e200000| Untracked 
|  85|0x000000070e400000, 0x000000070e400000, 0x000000070e600000|  0%| F|  |TAMS 0x000000070e400000| PB 0x000000070e400000| Untracked 
|  86|0x000000070e600000, 0x000000070e600000, 0x000000070e800000|  0%| F|  |TAMS 0x000000070e600000| PB 0x000000070e600000| Untracked 
|  87|0x000000070e800000, 0x000000070e800000, 0x000000070ea00000|  0%| F|  |TAMS 0x000000070e800000| PB 0x000000070e800000| Untracked 
|  88|0x000000070ea00000, 0x000000070ea00000, 0x000000070ec00000|  0%| F|  |TAMS 0x000000070ea00000| PB 0x000000070ea00000| Untracked 
|  89|0x000000070ec00000, 0x000000070ec00000, 0x000000070ee00000|  0%| F|  |TAMS 0x000000070ec00000| PB 0x000000070ec00000| Untracked 
|  90|0x000000070ee00000, 0x000000070ee00000, 0x000000070f000000|  0%| F|  |TAMS 0x000000070ee00000| PB 0x000000070ee00000| Untracked 
|  91|0x000000070f000000, 0x000000070f000000, 0x000000070f200000|  0%| F|  |TAMS 0x000000070f000000| PB 0x000000070f000000| Untracked 
|  92|0x000000070f200000, 0x000000070f200000, 0x000000070f400000|  0%| F|  |TAMS 0x000000070f200000| PB 0x000000070f200000| Untracked 
|  93|0x000000070f400000, 0x000000070f400000, 0x000000070f600000|  0%| F|  |TAMS 0x000000070f400000| PB 0x000000070f400000| Untracked 
|  94|0x000000070f600000, 0x000000070f600000, 0x000000070f800000|  0%| F|  |TAMS 0x000000070f600000| PB 0x000000070f600000| Untracked 
|  95|0x000000070f800000, 0x000000070f800000, 0x000000070fa00000|  0%| F|  |TAMS 0x000000070f800000| PB 0x000000070f800000| Untracked 
|  96|0x000000070fa00000, 0x000000070fa00000, 0x000000070fc00000|  0%| F|  |TAMS 0x000000070fa00000| PB 0x000000070fa00000| Untracked 
|  97|0x000000070fc00000, 0x000000070fc00000, 0x000000070fe00000|  0%| F|  |TAMS 0x000000070fc00000| PB 0x000000070fc00000| Untracked 
|  98|0x000000070fe00000, 0x000000070fe00000, 0x0000000710000000|  0%| F|  |TAMS 0x000000070fe00000| PB 0x000000070fe00000| Untracked 
|  99|0x0000000710000000, 0x0000000710000000, 0x0000000710200000|  0%| F|  |TAMS 0x0000000710000000| PB 0x0000000710000000| Untracked 
| 100|0x0000000710200000, 0x0000000710200000, 0x0000000710400000|  0%| F|  |TAMS 0x0000000710200000| PB 0x0000000710200000| Untracked 
| 101|0x0000000710400000, 0x0000000710400000, 0x0000000710600000|  0%| F|  |TAMS 0x0000000710400000| PB 0x0000000710400000| Untracked 
| 102|0x0000000710600000, 0x0000000710600000, 0x0000000710800000|  0%| F|  |TAMS 0x0000000710600000| PB 0x0000000710600000| Untracked 
| 103|0x0000000710800000, 0x0000000710800000, 0x0000000710a00000|  0%| F|  |TAMS 0x0000000710800000| PB 0x0000000710800000| Untracked 
| 104|0x0000000710a00000, 0x0000000710a00000, 0x0000000710c00000|  0%| F|  |TAMS 0x0000000710a00000| PB 0x0000000710a00000| Untracked 
| 105|0x0000000710c00000, 0x0000000710c00000, 0x0000000710e00000|  0%| F|  |TAMS 0x0000000710c00000| PB 0x0000000710c00000| Untracked 
| 106|0x0000000710e00000, 0x0000000710e00000, 0x0000000711000000|  0%| F|  |TAMS 0x0000000710e00000| PB 0x0000000710e00000| Untracked 
| 107|0x0000000711000000, 0x0000000711000000, 0x0000000711200000|  0%| F|  |TAMS 0x0000000711000000| PB 0x0000000711000000| Untracked 
| 108|0x0000000711200000, 0x0000000711200000, 0x0000000711400000|  0%| F|  |TAMS 0x0000000711200000| PB 0x0000000711200000| Untracked 
| 109|0x0000000711400000, 0x0000000711400000, 0x0000000711600000|  0%| F|  |TAMS 0x0000000711400000| PB 0x0000000711400000| Untracked 
| 110|0x0000000711600000, 0x0000000711600000, 0x0000000711800000|  0%| F|  |TAMS 0x0000000711600000| PB 0x0000000711600000| Untracked 
| 111|0x0000000711800000, 0x0000000711800000, 0x0000000711a00000|  0%| F|  |TAMS 0x0000000711800000| PB 0x0000000711800000| Untracked 
| 112|0x0000000711a00000, 0x0000000711a00000, 0x0000000711c00000|  0%| F|  |TAMS 0x0000000711a00000| PB 0x0000000711a00000| Untracked 
| 113|0x0000000711c00000, 0x0000000711c00000, 0x0000000711e00000|  0%| F|  |TAMS 0x0000000711c00000| PB 0x0000000711c00000| Untracked 
| 114|0x0000000711e00000, 0x0000000711e00000, 0x0000000712000000|  0%| F|  |TAMS 0x0000000711e00000| PB 0x0000000711e00000| Untracked 
| 115|0x0000000712000000, 0x0000000712000000, 0x0000000712200000|  0%| F|  |TAMS 0x0000000712000000| PB 0x0000000712000000| Untracked 
| 116|0x0000000712200000, 0x00000007123d1838, 0x0000000712400000| 90%| E|  |TAMS 0x0000000712200000| PB 0x0000000712200000| Complete 
| 117|0x0000000712400000, 0x0000000712600000, 0x0000000712600000|100%| E|CS|TAMS 0x0000000712400000| PB 0x0000000712400000| Complete 
| 118|0x0000000712600000, 0x0000000712800000, 0x0000000712800000|100%| E|CS|TAMS 0x0000000712600000| PB 0x0000000712600000| Complete 
| 119|0x0000000712800000, 0x0000000712a00000, 0x0000000712a00000|100%| E|CS|TAMS 0x0000000712800000| PB 0x0000000712800000| Complete 
| 120|0x0000000712a00000, 0x0000000712c00000, 0x0000000712c00000|100%| E|CS|TAMS 0x0000000712a00000| PB 0x0000000712a00000| Complete 
| 121|0x0000000712c00000, 0x0000000712e00000, 0x0000000712e00000|100%| E|CS|TAMS 0x0000000712c00000| PB 0x0000000712c00000| Complete 
| 122|0x0000000712e00000, 0x0000000713000000, 0x0000000713000000|100%| E|CS|TAMS 0x0000000712e00000| PB 0x0000000712e00000| Complete 
| 123|0x0000000713000000, 0x0000000713200000, 0x0000000713200000|100%| E|CS|TAMS 0x0000000713000000| PB 0x0000000713000000| Complete 
| 124|0x0000000713200000, 0x0000000713400000, 0x0000000713400000|100%| E|CS|TAMS 0x0000000713200000| PB 0x0000000713200000| Complete 
| 125|0x0000000713400000, 0x0000000713600000, 0x0000000713600000|100%| E|CS|TAMS 0x0000000713400000| PB 0x0000000713400000| Complete 
| 126|0x0000000713600000, 0x0000000713800000, 0x0000000713800000|100%| E|CS|TAMS 0x0000000713600000| PB 0x0000000713600000| Complete 

Card table byte_map: [0x0000019f7dd60000,0x0000019f7e550000] _byte_map_base: 0x0000019f7a543000

Marking Bits: (CMBitMap*) 0x0000019f72a3e5f0
 Bits: [0x0000019f0f000000, 0x0000019f12f18000)

Polling page: 0x0000019f72b60000

Metaspace:

Usage:
  Non-class:      7.59 MB used.
      Class:    559.48 KB used.
       Both:      8.14 MB used.

Virtual space:
  Non-class space:       64.00 MB reserved,       7.69 MB ( 12%) committed,  1 nodes.
      Class space:        1.00 GB reserved,     640.00 KB ( <1%) committed,  1 nodes.
             Both:        1.06 GB reserved,       8.31 MB ( <1%) committed. 

Chunk freelists:
   Non-Class:  6.66 MB
       Class:  15.33 MB
        Both:  21.98 MB

MaxMetaspaceSize: unlimited
CompressedClassSpaceSize: 1.00 GB
Initial GC threshold: 21.00 MB
Current GC threshold: 21.00 MB
CDS: on
 - commit_granule_bytes: 65536.
 - commit_granule_words: 8192.
 - virtual_space_node_default_size: 8388608.
 - enlarge_chunks_in_place: 1.
 - use_allocation_guard: 0.


Internal statistics:

num_allocs_failed_limit: 0.
num_arena_births: 126.
num_arena_deaths: 0.
num_vsnodes_births: 2.
num_vsnodes_deaths: 0.
num_space_committed: 131.
num_space_uncommitted: 0.
num_chunks_returned_to_freelist: 0.
num_chunks_taken_from_freelist: 361.
num_chunk_merges: 0.
num_chunk_splits: 261.
num_chunks_enlarged: 202.
num_inconsistent_stats: 0.

CodeHeap 'non-profiled nmethods': size=120000Kb used=354Kb max_used=354Kb free=119646Kb
 bounds [0x0000019f07ad0000, 0x0000019f07d40000, 0x0000019f0f000000]
CodeHeap 'profiled nmethods': size=120000Kb used=1880Kb max_used=1880Kb free=118119Kb
 bounds [0x0000019f00000000, 0x0000019f00270000, 0x0000019f07530000]
CodeHeap 'non-nmethods': size=5760Kb used=2708Kb max_used=2721Kb free=3051Kb
 bounds [0x0000019f07530000, 0x0000019f077e0000, 0x0000019f07ad0000]
 total_blobs=2374 nmethods=1111 adapters=1168
 compilation: enabled
              stopped_count=0, restarted_count=0
 full_count=0

Compilation events (20 events):
Event: 1.326 Thread 0x0000019f7edac5f0 1102       3       java.lang.ClassLoader::preDefineClass (118 bytes)
Event: 1.327 Thread 0x0000019f7edac5f0 nmethod 1102 0x0000019f001d0410 code [0x0000019f001d0780, 0x0000019f001d1990]
Event: 1.327 Thread 0x0000019f7edac5f0 1103       3       java.lang.ClassLoader::checkCerts (121 bytes)
Event: 1.327 Thread 0x0000019f7edac5f0 nmethod 1103 0x0000019f001d2090 code [0x0000019f001d23a0, 0x0000019f001d31c0]
Event: 1.327 Thread 0x0000019f7edac5f0 1104       3       java.lang.ClassLoader::defineClassSourceLocation (28 bytes)
Event: 1.327 Thread 0x0000019f7edac5f0 nmethod 1104 0x0000019f001d3790 code [0x0000019f001d3960, 0x0000019f001d3cf8]
Event: 1.327 Thread 0x0000019f7edac5f0 1105   !   3       java.lang.ClassLoader::addClass (27 bytes)
Event: 1.328 Thread 0x0000019f7edac5f0 nmethod 1105 0x0000019f001d3e90 code [0x0000019f001d4080, 0x0000019f001d4650]
Event: 1.328 Thread 0x0000019f7edac5f0 1106       3       java.lang.ClassLoader::postDefineClass (39 bytes)
Event: 1.328 Thread 0x0000019f7edac5f0 nmethod 1106 0x0000019f001d4990 code [0x0000019f001d4b80, 0x0000019f001d4ec0]
Event: 1.328 Thread 0x0000019f7edac5f0 1107       3       java.lang.ClassLoader::getNamedPackage (73 bytes)
Event: 1.328 Thread 0x0000019f7edac5f0 nmethod 1107 0x0000019f001d5090 code [0x0000019f001d5280, 0x0000019f001d57f0]
Event: 1.328 Thread 0x0000019f7edac5f0 1108       1       java.lang.reflect.Method::getName (5 bytes)
Event: 1.329 Thread 0x0000019f7edac5f0 nmethod 1108 0x0000019f07b28210 code [0x0000019f07b283a0, 0x0000019f07b28470]
Event: 1.358 Thread 0x0000019f7edac5f0 1109       3       org.joml.Math::fma (19 bytes)
Event: 1.358 Thread 0x0000019f7edac5f0 nmethod 1109 0x0000019f001d5a10 code [0x0000019f001d5ba0, 0x0000019f001d5ca8]
Event: 1.360 Thread 0x0000019f7edac5f0 1110       3       java.lang.Character::charCount (12 bytes)
Event: 1.360 Thread 0x0000019f7edabb50 1111       4       java.lang.String::checkIndex (10 bytes)
Event: 1.360 Thread 0x0000019f7edac5f0 nmethod 1110 0x0000019f001d5d90 code [0x0000019f001d5f40, 0x0000019f001d60b0]
Event: 1.360 Thread 0x0000019f7edabb50 nmethod 1111 0x0000019f07b28510 code [0x0000019f07b286a0, 0x0000019f07b28740]

GC Heap History (0 events):
No events

Dll operation events (15 events):
Event: 0.006 Loaded shared library D:\jdk-21.0.1\bin\java.dll
Event: 0.037 Loaded shared library D:\jdk-21.0.1\bin\jsvml.dll
Event: 0.075 Loaded shared library D:\jdk-21.0.1\bin\zip.dll
Event: 0.078 Loaded shared library D:\jdk-21.0.1\bin\instrument.dll
Event: 0.083 Loaded shared library D:\jdk-21.0.1\bin\net.dll
Event: 0.085 Loaded shared library D:\jdk-21.0.1\bin\nio.dll
Event: 0.087 Loaded shared library D:\jdk-21.0.1\bin\zip.dll
Event: 0.110 Loaded shared library D:\IntelliJ IDEA Community Edition 2023.3.3\bin\breakgen64.dll
Event: 0.116 Loaded shared library D:\jdk-21.0.1\bin\extnet.dll
Event: 0.149 Loaded shared library D:\jdk-21.0.1\bin\jimage.dll
Event: 0.161 Loaded shared library C:\Users\Vu\AppData\Local\Temp\lwjglVu\3.3.1-build-7\lwjgl.dll
Event: 0.452 Loaded shared library C:\Users\Vu\AppData\Local\Temp\lwjglVu\3.3.1-build-7\lwjgl_opengl.dll
Event: 0.769 Loaded shared library C:\Users\Vu\AppData\Local\Temp\imgui-java-natives_1708457728776\imgui-java64.dll
Event: 0.870 Loaded shared library D:\jdk-21.0.1\bin\verify.dll
Event: 0.924 Loaded shared library C:\Users\Vu\AppData\Local\Temp\lwjglVu\3.3.1-build-7\lwjgl_stb.dll

Deoptimization events (16 events):
Event: 0.111 Thread 0x0000019f72972240 Uncommon trap: trap_request=0xffffff45 fr.pc=0x0000019f07ae06e4 relative=0x00000000000000c4
Event: 0.111 Thread 0x0000019f72972240 Uncommon trap: reason=unstable_if action=reinterpret pc=0x0000019f07ae06e4 method=java.lang.String.isLatin1()Z @ 10 c2
Event: 0.111 Thread 0x0000019f72972240 DEOPT PACKING pc=0x0000019f07ae06e4 sp=0x00000071824ff160
Event: 0.111 Thread 0x0000019f72972240 DEOPT UNPACKING pc=0x0000019f07587da2 sp=0x00000071824ff0a0 mode 2
Event: 0.135 Thread 0x0000019f72972240 DEOPT PACKING pc=0x0000019f0002f519 sp=0x00000071824f8460
Event: 0.135 Thread 0x0000019f72972240 DEOPT UNPACKING pc=0x0000019f075888e2 sp=0x00000071824f7880 mode 0
Event: 0.151 Thread 0x0000019f72972240 DEOPT PACKING pc=0x0000019f00009361 sp=0x00000071824fac60
Event: 0.151 Thread 0x0000019f72972240 DEOPT UNPACKING pc=0x0000019f075888e2 sp=0x00000071824fa0c8 mode 0
Event: 1.038 Thread 0x0000019f7ed97a90 Uncommon trap: trap_request=0xffffff45 fr.pc=0x0000019f07b19bf4 relative=0x00000000000001f4
Event: 1.038 Thread 0x0000019f7ed97a90 Uncommon trap: reason=unstable_if action=reinterpret pc=0x0000019f07b19bf4 method=java.util.jar.JarFile.getVersionedEntry(Ljava/lang/String;Ljava/util/jar/JarEntry;)Ljava/util/jar/JarEntry; @ 6 c2
Event: 1.038 Thread 0x0000019f7ed97a90 DEOPT PACKING pc=0x0000019f07b19bf4 sp=0x0000007182ffd4a0
Event: 1.038 Thread 0x0000019f7ed97a90 DEOPT UNPACKING pc=0x0000019f07587da2 sp=0x0000007182ffd438 mode 2
Event: 1.358 Thread 0x0000019f72972240 Uncommon trap: trap_request=0xffffff5c fr.pc=0x0000019f07b08708 relative=0x0000000000000068
Event: 1.358 Thread 0x0000019f72972240 Uncommon trap: reason=speculate_null_check action=make_not_entrant pc=0x0000019f07b08708 method=sun.misc.Unsafe.putLong(Ljava/lang/Object;JJ)V @ 7 c2
Event: 1.358 Thread 0x0000019f72972240 DEOPT PACKING pc=0x0000019f07b08708 sp=0x00000071824ff370
Event: 1.358 Thread 0x0000019f72972240 DEOPT UNPACKING pc=0x0000019f07587da2 sp=0x00000071824ff2e8 mode 2

Classes loaded (20 events):
Event: 1.036 Loading class java/time/zone/ZoneRulesProvider$1
Event: 1.036 Loading class java/time/zone/ZoneRulesProvider$1 done
Event: 1.036 Loading class java/time/zone/TzdbZoneRulesProvider
Event: 1.036 Loading class java/time/zone/TzdbZoneRulesProvider done
Event: 1.037 Loading class java/util/Arrays$ArrayItr
Event: 1.037 Loading class java/util/Arrays$ArrayItr done
Event: 1.038 Loading class java/time/zone/Ser
Event: 1.038 Loading class java/time/zone/Ser done
Event: 1.039 Loading class java/time/zone/ZoneOffsetTransition
Event: 1.039 Loading class java/time/zone/ZoneOffsetTransition done
Event: 1.040 Loading class sun/util/cldr/CLDRBaseLocaleDataMetaInfo$TZCanonicalIDMapHolder
Event: 1.040 Loading class sun/util/cldr/CLDRBaseLocaleDataMetaInfo$TZCanonicalIDMapHolder done
Event: 1.041 Loading class sun/util/resources/TimeZoneNames
Event: 1.041 Loading class sun/util/resources/TimeZoneNames done
Event: 1.042 Loading class sun/util/resources/TimeZoneNames_en
Event: 1.042 Loading class sun/util/resources/TimeZoneNames_en done
Event: 1.305 Loading class java/lang/SecurityException
Event: 1.305 Loading class java/lang/SecurityException done
Event: 1.329 Loading class java/util/ComparableTimSort
Event: 1.329 Loading class java/util/ComparableTimSort done

Classes unloaded (0 events):
No events

Classes redefined (0 events):
No events

Internal exceptions (20 events):
Event: 0.270 Thread 0x0000019f72972240 Exception <a 'java/lang/NoSuchMethodError'{0x0000000713159d08}: 'void java.lang.invoke.DirectMethodHandle$Holder.invokeStaticInit(java.lang.Object, long, int, int, int)'> (0x0000000713159d08) 
thrown [s\open\src\hotspot\share\interpreter\linkResolver.cpp, line 773]
Event: 0.274 Thread 0x0000019f72972240 Exception <a 'java/lang/NoSuchMethodError'{0x0000000713174128}: 'void java.lang.invoke.DirectMethodHandle$Holder.invokeStaticInit(java.lang.Object, long, int, int, int, int)'> (0x0000000713174128) 
thrown [s\open\src\hotspot\share\interpreter\linkResolver.cpp, line 773]
Event: 0.276 Thread 0x0000019f72972240 Exception <a 'java/lang/NoSuchMethodError'{0x0000000713180c30}: 'void java.lang.invoke.DirectMethodHandle$Holder.invokeStatic(java.lang.Object, long, int, int)'> (0x0000000713180c30) 
thrown [s\open\src\hotspot\share\interpreter\linkResolver.cpp, line 773]
Event: 0.330 Thread 0x0000019f72972240 Exception <a 'sun/nio/fs/WindowsException'{0x00000007131b3818}> (0x00000007131b3818) 
thrown [s\open\src\hotspot\share\prims\jni.cpp, line 520]
Event: 0.330 Thread 0x0000019f72972240 Exception <a 'sun/nio/fs/WindowsException'{0x00000007131b3b78}> (0x00000007131b3b78) 
thrown [s\open\src\hotspot\share\prims\jni.cpp, line 520]
Event: 0.438 Thread 0x0000019f72972240 Exception <a 'java/lang/NoSuchMethodError'{0x00000007131e5488}: 'java.lang.Object java.lang.invoke.DirectMethodHandle$Holder.newInvokeSpecial(java.lang.Object, long)'> (0x00000007131e5488) 
thrown [s\open\src\hotspot\share\interpreter\linkResolver.cpp, line 773]
Event: 0.446 Thread 0x0000019f72972240 Exception <a 'java/lang/NoSuchMethodError'{0x0000000712e1f040}: 'void java.lang.System.load(java.lang.String, java.lang.Class)'> (0x0000000712e1f040) 
thrown [s\open\src\hotspot\share\interpreter\linkResolver.cpp, line 773]
Event: 0.447 Thread 0x0000019f72972240 Exception <a 'java/lang/NoSuchMethodError'{0x0000000712e219e0}: 'void java.lang.System.loadLibrary(java.lang.String, java.lang.Class)'> (0x0000000712e219e0) 
thrown [s\open\src\hotspot\share\interpreter\linkResolver.cpp, line 773]
Event: 0.450 Thread 0x0000019f72972240 Exception <a 'sun/nio/fs/WindowsException'{0x0000000712e31810}> (0x0000000712e31810) 
thrown [s\open\src\hotspot\share\prims\jni.cpp, line 520]
Event: 0.450 Thread 0x0000019f72972240 Exception <a 'sun/nio/fs/WindowsException'{0x0000000712e31b90}> (0x0000000712e31b90) 
thrown [s\open\src\hotspot\share\prims\jni.cpp, line 520]
Event: 0.453 Thread 0x0000019f72972240 Exception <a 'sun/nio/fs/WindowsException'{0x0000000712e38a70}> (0x0000000712e38a70) 
thrown [s\open\src\hotspot\share\prims\jni.cpp, line 520]
Event: 0.453 Thread 0x0000019f72972240 Exception <a 'sun/nio/fs/WindowsException'{0x0000000712e38d30}> (0x0000000712e38d30) 
thrown [s\open\src\hotspot\share\prims\jni.cpp, line 520]
Event: 0.710 Thread 0x0000019f72972240 Exception <a 'sun/nio/fs/WindowsException'{0x0000000712dae070}> (0x0000000712dae070) 
thrown [s\open\src\hotspot\share\prims\jni.cpp, line 520]
Event: 0.779 Thread 0x0000019f72972240 Exception <a 'java/lang/NoSuchMethodError'{0x0000000712a05618}: 'void java.lang.invoke.DirectMethodHandle$Holder.invokeVirtual(java.lang.Object, java.lang.Object, long, int)'> (0x0000000712a05618) 
thrown [s\open\src\hotspot\share\interpreter\linkResolver.cpp, line 773]
Event: 0.868 Thread 0x0000019f72972240 Exception <a 'sun/nio/fs/WindowsException'{0x00000007126f7e18}> (0x00000007126f7e18) 
thrown [s\open\src\hotspot\share\prims\jni.cpp, line 520]
Event: 0.918 Thread 0x0000019f72972240 Exception <a 'java/lang/NoSuchMethodError'{0x00000007127bf480}: 'void java.lang.System.load(java.lang.String, java.lang.Class)'> (0x00000007127bf480) 
thrown [s\open\src\hotspot\share\interpreter\linkResolver.cpp, line 773]
Event: 0.919 Thread 0x0000019f72972240 Exception <a 'java/lang/NoSuchMethodError'{0x00000007127c1e20}: 'void java.lang.System.loadLibrary(java.lang.String, java.lang.Class)'> (0x00000007127c1e20) 
thrown [s\open\src\hotspot\share\interpreter\linkResolver.cpp, line 773]
Event: 0.923 Thread 0x0000019f72972240 Exception <a 'sun/nio/fs/WindowsException'{0x00000007127d0768}> (0x00000007127d0768) 
thrown [s\open\src\hotspot\share\prims\jni.cpp, line 520]
Event: 0.923 Thread 0x0000019f72972240 Exception <a 'sun/nio/fs/WindowsException'{0x00000007127d0ac8}> (0x00000007127d0ac8) 
thrown [s\open\src\hotspot\share\prims\jni.cpp, line 520]
Event: 1.043 Thread 0x0000019f7ed97a90 Exception <a 'java/lang/NoSuchMethodError'{0x00000007124e1cc8}: 'java.lang.Object java.lang.invoke.Invokers$Holder.invokeExact_MT(java.lang.Object, java.lang.Object, java.lang.Object, java.lang.Object, java.lang.Object, java.lang.Object)'> (0x00000007124e1cc8) 
thrown [s\open\src\hotspot\share\interpreter\linkResolver.cpp, line 773]

ZGC Phase Switch (0 events):
No events

VM Operations (12 events):
Event: 0.065 Executing VM operation: HandshakeAllThreads (Deoptimize)
Event: 0.065 Executing VM operation: HandshakeAllThreads (Deoptimize) done
Event: 0.156 Executing VM operation: HandshakeAllThreads (Deoptimize)
Event: 0.156 Executing VM operation: HandshakeAllThreads (Deoptimize) done
Event: 0.160 Executing VM operation: HandshakeAllThreads (Deoptimize)
Event: 0.160 Executing VM operation: HandshakeAllThreads (Deoptimize) done
Event: 1.031 Executing VM operation: HandshakeAllThreads (Deoptimize)
Event: 1.031 Executing VM operation: HandshakeAllThreads (Deoptimize) done
Event: 1.031 Executing VM operation: Cleanup
Event: 1.031 Executing VM operation: Cleanup done
Event: 1.298 Executing VM operation: HandshakeAllThreads (Deoptimize)
Event: 1.298 Executing VM operation: HandshakeAllThreads (Deoptimize) done

Events (14 events):
Event: 0.020 Thread 0x0000019f72972240 Thread added: 0x0000019f72972240
Event: 0.034 Thread 0x0000019f7ed93880 Thread added: 0x0000019f7ed93880
Event: 0.034 Thread 0x0000019f7ed94890 Thread added: 0x0000019f7ed94890
Event: 0.035 Thread 0x0000019f7ed96ae0 Thread added: 0x0000019f7ed96ae0
Event: 0.035 Thread 0x0000019f7ed97a90 Thread added: 0x0000019f7ed97a90
Event: 0.035 Thread 0x0000019f7ed9aa80 Thread added: 0x0000019f7ed9aa80
Event: 0.035 Thread 0x0000019f7ed9b5d0 Thread added: 0x0000019f7ed9b5d0
Event: 0.035 Thread 0x0000019f7edabb50 Thread added: 0x0000019f7edabb50
Event: 0.035 Thread 0x0000019f7edac5f0 Thread added: 0x0000019f7edac5f0
Event: 0.059 Thread 0x0000019f5a212930 Thread added: 0x0000019f5a212930
Event: 0.110 Thread 0x0000019f5a210860 Thread added: 0x0000019f5a210860
Event: 0.110 Thread 0x0000019f5a210ef0 Thread added: 0x0000019f5a210ef0
Event: 0.459 Thread 0x0000019f6346aec0 Thread added: 0x0000019f6346aec0
Event: 0.578 Thread 0x0000019f6346aec0 Thread exited: 0x0000019f6346aec0


Dynamic libraries:
0x00007ff674430000 - 0x00007ff674440000 	D:\jdk-21.0.1\bin\java.exe
0x00007ffe1b1b0000 - 0x00007ffe1b3c7000 	C:\WINDOWS\SYSTEM32\ntdll.dll
0x00007ffe199f0000 - 0x00007ffe19ab4000 	C:\WINDOWS\System32\KERNEL32.DLL
0x00007ffe187d0000 - 0x00007ffe18b76000 	C:\WINDOWS\System32\KERNELBASE.dll
0x00007ffe18db0000 - 0x00007ffe18ec1000 	C:\WINDOWS\System32\ucrtbase.dll
0x00007ffe05b00000 - 0x00007ffe05b19000 	D:\jdk-21.0.1\bin\jli.dll
0x00007ffe04120000 - 0x00007ffe0413b000 	D:\jdk-21.0.1\bin\VCRUNTIME140.dll
0x00007ffe1aa40000 - 0x00007ffe1aaf3000 	C:\WINDOWS\System32\ADVAPI32.dll
0x00007ffe1a690000 - 0x00007ffe1a737000 	C:\WINDOWS\System32\msvcrt.dll
0x00007ffe18f00000 - 0x00007ffe18fa8000 	C:\WINDOWS\System32\sechost.dll
0x00007ffe18570000 - 0x00007ffe18598000 	C:\WINDOWS\System32\bcrypt.dll
0x00007ffe197e0000 - 0x00007ffe198f7000 	C:\WINDOWS\System32\RPCRT4.dll
0x00007ffe1a880000 - 0x00007ffe1aa2e000 	C:\WINDOWS\System32\USER32.dll
0x00007ffe18ed0000 - 0x00007ffe18ef6000 	C:\WINDOWS\System32\win32u.dll
0x00007ffe19900000 - 0x00007ffe19929000 	C:\WINDOWS\System32\GDI32.dll
0x00007ffdf6ba0000 - 0x00007ffdf6e33000 	C:\WINDOWS\WinSxS\amd64_microsoft.windows.common-controls_6595b64144ccf1df_6.0.22621.2506_none_270c5ae97388e100\COMCTL32.dll
0x00007ffe185a0000 - 0x00007ffe186b8000 	C:\WINDOWS\System32\gdi32full.dll
0x00007ffe18730000 - 0x00007ffe187ca000 	C:\WINDOWS\System32\msvcp_win.dll
0x00007ffe0db10000 - 0x00007ffe0db1a000 	C:\WINDOWS\SYSTEM32\VERSION.dll
0x00007ffe199b0000 - 0x00007ffe199e1000 	C:\WINDOWS\System32\IMM32.DLL
0x00007ffe09680000 - 0x00007ffe0968c000 	D:\jdk-21.0.1\bin\vcruntime140_1.dll
0x00007ffdd2850000 - 0x00007ffdd28de000 	D:\jdk-21.0.1\bin\msvcp140.dll
0x00007ffd8eb90000 - 0x00007ffd8f8a5000 	D:\jdk-21.0.1\bin\server\jvm.dll
0x00007ffe19930000 - 0x00007ffe199a1000 	C:\WINDOWS\System32\WS2_32.dll
0x00007ffe17340000 - 0x00007ffe1738d000 	C:\WINDOWS\SYSTEM32\POWRPROF.dll
0x00007ffe0e060000 - 0x00007ffe0e094000 	C:\WINDOWS\SYSTEM32\WINMM.dll
0x00007ffe17320000 - 0x00007ffe17333000 	C:\WINDOWS\SYSTEM32\UMPDC.dll
0x00007ffe175e0000 - 0x00007ffe175f8000 	C:\WINDOWS\SYSTEM32\kernel.appcore.dll
0x00007ffe05fb0000 - 0x00007ffe05fba000 	D:\jdk-21.0.1\bin\jimage.dll
0x00007ffe15fb0000 - 0x00007ffe161e3000 	C:\WINDOWS\SYSTEM32\DBGHELP.DLL
0x00007ffe19290000 - 0x00007ffe19619000 	C:\WINDOWS\System32\combase.dll
0x00007ffe19be0000 - 0x00007ffe19cb7000 	C:\WINDOWS\System32\OLEAUT32.dll
0x00007ffdfe150000 - 0x00007ffdfe182000 	C:\WINDOWS\SYSTEM32\dbgcore.DLL
0x00007ffe184f0000 - 0x00007ffe1856a000 	C:\WINDOWS\System32\bcryptPrimitives.dll
0x00007ffdf8000000 - 0x00007ffdf800f000 	D:\jdk-21.0.1\bin\instrument.dll
0x00007ffdf0850000 - 0x00007ffdf086f000 	D:\jdk-21.0.1\bin\java.dll
0x00007ffe19d20000 - 0x00007ffe1a57b000 	C:\WINDOWS\System32\SHELL32.dll
0x00007ffe16410000 - 0x00007ffe16d06000 	C:\WINDOWS\SYSTEM32\windows.storage.dll
0x00007ffe162d0000 - 0x00007ffe1640e000 	C:\WINDOWS\SYSTEM32\wintypes.dll
0x00007ffe19ac0000 - 0x00007ffe19bb3000 	C:\WINDOWS\System32\SHCORE.dll
0x00007ffe1a790000 - 0x00007ffe1a7ee000 	C:\WINDOWS\System32\shlwapi.dll
0x00007ffe18420000 - 0x00007ffe18446000 	C:\WINDOWS\SYSTEM32\profapi.dll
0x00007ffdd1c00000 - 0x00007ffdd1cd7000 	D:\jdk-21.0.1\bin\jsvml.dll
0x00007ffdeafc0000 - 0x00007ffdeafd8000 	D:\jdk-21.0.1\bin\zip.dll
0x00007ffe05fa0000 - 0x00007ffe05fb0000 	D:\jdk-21.0.1\bin\net.dll
0x00007ffe0eeb0000 - 0x00007ffe0efe7000 	C:\WINDOWS\SYSTEM32\WINHTTP.dll
0x00007ffe17a50000 - 0x00007ffe17ab9000 	C:\WINDOWS\system32\mswsock.dll
0x00007ffded3d0000 - 0x00007ffded3e6000 	D:\jdk-21.0.1\bin\nio.dll
0x00007ffdd8e20000 - 0x00007ffdd8e3a000 	D:\IntelliJ IDEA Community Edition 2023.3.3\bin\breakgen64.dll
0x00007ffe05d30000 - 0x00007ffe05d37000 	D:\jdk-21.0.1\bin\extnet.dll
0x00007ffdd1560000 - 0x00007ffdd15d5000 	C:\Users\Vu\AppData\Local\Temp\lwjglVu\3.3.1-build-7\lwjgl.dll
0x00007ffdcd360000 - 0x00007ffdcd3c1000 	C:\Users\Vu\AppData\Local\Temp\lwjglVu\3.3.1-build-7\glfw.dll
0x00007ffdcd0e0000 - 0x00007ffdcd126000 	C:\WINDOWS\SYSTEM32\dinput8.dll
0x00007ffdc08b0000 - 0x00007ffdc08c1000 	C:\WINDOWS\SYSTEM32\xinput1_4.dll
0x00007ffe181e0000 - 0x00007ffe1822e000 	C:\WINDOWS\SYSTEM32\cfgmgr32.dll
0x00007ffe181b0000 - 0x00007ffe181dc000 	C:\WINDOWS\SYSTEM32\DEVOBJ.dll
0x00007ffe12f40000 - 0x00007ffe12f6b000 	C:\WINDOWS\SYSTEM32\dwmapi.dll
0x00007ffdeb9e0000 - 0x00007ffdebbea000 	C:\WINDOWS\SYSTEM32\inputhost.dll
0x00007ffe12840000 - 0x00007ffe12974000 	C:\WINDOWS\SYSTEM32\CoreMessaging.dll
0x00007ffe12cf0000 - 0x00007ffe12d9b000 	C:\WINDOWS\system32\uxtheme.dll
0x00007ffe19680000 - 0x00007ffe197d1000 	C:\WINDOWS\System32\MSCTF.dll
0x00007ffe17d80000 - 0x00007ffe17d8c000 	C:\WINDOWS\SYSTEM32\CRYPTBASE.DLL
0x00007ffdf4ab0000 - 0x00007ffdf4bb0000 	C:\WINDOWS\SYSTEM32\opengl32.dll
0x00007ffe05b20000 - 0x00007ffe05b4d000 	C:\WINDOWS\SYSTEM32\GLU32.dll
0x00007ffe15660000 - 0x00007ffe15699000 	C:\WINDOWS\SYSTEM32\dxcore.dll
0x00007ffe0e0a0000 - 0x00007ffe0e0ea000 	C:\WINDOWS\SYSTEM32\directxdatabasehelper.dll
0x00007ffe19030000 - 0x00007ffe190e0000 	C:\WINDOWS\System32\clbcatq.dll
0x00007ffd7f810000 - 0x00007ffd80803000 	C:\WINDOWS\System32\DriverStore\FileRepository\iigd_dch.inf_amd64_5802b1615520e41c\igxelpicd64.dll
0x00007ffe190e0000 - 0x00007ffe19280000 	C:\WINDOWS\System32\ole32.dll
0x00007ffe12e20000 - 0x00007ffe12f18000 	C:\WINDOWS\system32\dxgi.dll
0x00007ffdae740000 - 0x00007ffdaea27000 	C:\WINDOWS\System32\DriverStore\FileRepository\iigd_dch.inf_amd64_5802b1615520e41c\igdml64.dll
0x00007ffe0a6c0000 - 0x00007ffe0aa87000 	C:\WINDOWS\System32\DriverStore\FileRepository\iigd_dch.inf_amd64_5802b1615520e41c\igdgmm64.dll
0x00007ffe00a00000 - 0x00007ffe04011000 	C:\WINDOWS\System32\DriverStore\FileRepository\iigd_dch.inf_amd64_5802b1615520e41c\igc64.dll
0x00007ffe056a0000 - 0x00007ffe057ea000 	C:\WINDOWS\SYSTEM32\textinputframework.dll
0x00007ffe0d290000 - 0x00007ffe0d5fc000 	C:\WINDOWS\SYSTEM32\CoreUIComponents.dll
0x00007ffdccd10000 - 0x00007ffdccea7000 	C:\Users\Vu\AppData\Local\Temp\lwjglVu\3.3.1-build-7\OpenAL.dll
0x00007ffe042a0000 - 0x00007ffe0433d000 	C:\WINDOWS\System32\MMDevApi.dll
0x00007ffe06180000 - 0x00007ffe0636c000 	C:\WINDOWS\SYSTEM32\AUDIOSES.DLL
0x00007ffe15900000 - 0x00007ffe15915000 	C:\WINDOWS\SYSTEM32\resourcepolicyclient.dll
0x00007ffdcccb0000 - 0x00007ffdccd0d000 	C:\Users\Vu\AppData\Local\Temp\lwjglVu\3.3.1-build-7\lwjgl_opengl.dll
0x0000000064a00000 - 0x0000000064d10000 	C:\Users\Vu\AppData\Local\Temp\imgui-java-natives_1708457728776\imgui-java64.dll
0x00007ffe17da0000 - 0x00007ffe17dbb000 	C:\WINDOWS\SYSTEM32\CRYPTSP.dll
0x00007ffe17540000 - 0x00007ffe17575000 	C:\WINDOWS\system32\rsaenh.dll
0x00007ffdf6f40000 - 0x00007ffdf6f50000 	D:\jdk-21.0.1\bin\verify.dll
0x00007ffdbea20000 - 0x00007ffdbeaa1000 	C:\Users\Vu\AppData\Local\Temp\lwjglVu\3.3.1-build-7\lwjgl_stb.dll

dbghelp: loaded successfully - version: 4.0.5 - missing functions: none
symbol engine: initialized successfully - sym options: 0x614 - pdb path: .;D:\jdk-21.0.1\bin;C:\WINDOWS\SYSTEM32;C:\WINDOWS\WinSxS\amd64_microsoft.windows.common-controls_6595b64144ccf1df_6.0.22621.2506_none_270c5ae97388e100;D:\jdk-21.0.1\bin\server;D:\IntelliJ IDEA Community Edition 2023.3.3\bin;C:\Users\Vu\AppData\Local\Temp\lwjglVu\3.3.1-build-7;C:\WINDOWS\System32\DriverStore\FileRepository\iigd_dch.inf_amd64_5802b1615520e41c;C:\Users\Vu\AppData\Local\Temp\imgui-java-natives_1708457728776

VM Arguments:
jvm_args: -javaagent:D:\IntelliJ IDEA Community Edition 2023.3.3\lib\idea_rt.jar=52535:D:\IntelliJ IDEA Community Edition 2023.3.3\bin -Dfile.encoding=UTF-8 -Dsun.stdout.encoding=UTF-8 -Dsun.stderr.encoding=UTF-8 
java_command: main.Main
java_class_path (initial): D:\ducky-game\target\classes;C:\Users\Vu\.m2\repository\io\github\spair\imgui-java-app\1.81.0\imgui-java-app-1.81.0.jar;C:\Users\Vu\.m2\repository\org\lwjgl\lwjgl\3.3.1\lwjgl-3.3.1-natives-linux.jar;C:\Users\Vu\.m2\repository\org\lwjgl\lwjgl-glfw\3.3.1\lwjgl-glfw-3.3.1-natives-linux.jar;C:\Users\Vu\.m2\repository\org\lwjgl\lwjgl-opengl\3.3.1\lwjgl-opengl-3.3.1-natives-linux.jar;C:\Users\Vu\.m2\repository\org\lwjgl\lwjgl\3.3.1\lwjgl-3.3.1-natives-macos.jar;C:\Users\Vu\.m2\repository\org\lwjgl\lwjgl-glfw\3.3.1\lwjgl-glfw-3.3.1-natives-macos.jar;C:\Users\Vu\.m2\repository\org\lwjgl\lwjgl-opengl\3.3.1\lwjgl-opengl-3.3.1-natives-macos.jar;C:\Users\Vu\.m2\repository\io\github\spair\imgui-java-binding\1.81.0\imgui-java-binding-1.81.0.jar;C:\Users\Vu\.m2\repository\io\github\spair\imgui-java-lwjgl3\1.81.0\imgui-java-lwjgl3-1.81.0.jar;C:\Users\Vu\.m2\repository\org\lwjgl\lwjgl\3.3.1\lwjgl-3.3.1.jar;C:\Users\Vu\.m2\repository\com\google\code\gson\gson\2.10.1\gson-2.10.1.jar;C:\Users\Vu\.m2\repository\org\lwjgl\lwjgl-nfd\3.3.1\lwjgl-nfd-3.3.1.jar;C:\Users\Vu\.m2\repository\org\lwjgl\lwjgl-assimp\3.3.1\lwjgl-assimp-3.3.1.jar;C:\Users\Vu\.m2\repository\org\lwjgl\lwjgl-glfw\3.3.1\lwjgl-glfw-3.3.1.jar;C:\Users\Vu\.m2\repository\org\lwjgl\lwjgl-openal\3.3.1\lwjgl-openal-3.3.1.jar;C:\Users\Vu\.m2\repository\org\lwjgl\lwjgl-opengl\3.3.1\lwjgl-opengl-3.3.1.jar;C:\Users\Vu\.m2\repository\org\lwjgl\lwjgl-stb\3.3.1\lwjgl-stb-3.3.1.jar;C:\Users\Vu\.m2\repository\org\lwjgl\lwjgl\3.3.1\lwjgl-3.3.1-natives-windows.jar;C:\Users\Vu\.m2\repository\org\lwjgl\lwjgl-assimp\3.3.1\lwjgl-assimp-3.3.1-natives-windows.jar;C:\Users\Vu\.m2\repository\org\lwjgl\lwjgl-glfw\3.3.1\lwjgl-glfw-3.3.1-natives-windows.jar;C:\Users\Vu\.m2\repository\org\lwjgl\lwjgl-openal\3.3.1\lwjgl-openal-3.3.1-natives-windows.jar;C:\Users\Vu\.m2\repository\org\lwjgl\lwjgl-opengl\3.3.1\lwjgl-opengl-3.3.1-natives-windows.jar;C:\Users\Vu\.m2\repository\org\mongodb\mongodb-driver\3.12.14\mongodb-driver-3.12.14.jar;C:\Users\Vu\.m2\repository\org\mongodb\bson\3.12.14\bson-3.12.14.jar;C:\Users\Vu\.m2\repository\org\mongodb\mongodb-driver-core\3.12.14\mongodb-driver-core-3.12.14.jar;C:\Users\Vu\.m2\repository\org\lwjgl\lwjgl-stb\3.3.1\lwjgl-stb-3.3.1-natives-windows.jar;C:\Users\Vu\.m2\repository\org\lwjgl\lwjgl-nfd\3.3.1\lwjgl-nfd-3.3.1-natives-windows.jar;C:\Users\Vu\.m2\repository\org\jbox2d\jbox2d-library\2.2.1.1\jbox2d-library-2.2.1.1.jar;C:\Users\Vu\.m2\repository\org\joml\joml\1.9.24\joml-1.9.24.jar
Launcher Type: SUN_STANDARD

[Global flags]
     intx CICompilerCount                          = 4                                         {product} {ergonomic}
     uint ConcGCThreads                            = 3                                         {product} {ergonomic}
     uint G1ConcRefinementThreads                  = 10                                        {product} {ergonomic}
   size_t G1HeapRegionSize                         = 2097152                                   {product} {ergonomic}
    uintx GCDrainStackTargetSize                   = 64                                        {product} {ergonomic}
   size_t InitialHeapSize                          = 266338304                                 {product} {ergonomic}
   size_t MarkStackSize                            = 4194304                                   {product} {ergonomic}
   size_t MaxHeapSize                              = 4234149888                                {product} {ergonomic}
   size_t MaxNewSize                               = 2539651072                                {product} {ergonomic}
   size_t MinHeapDeltaBytes                        = 2097152                                   {product} {ergonomic}
   size_t MinHeapSize                              = 8388608                                   {product} {ergonomic}
    uintx NonNMethodCodeHeapSize                   = 5839372                                {pd product} {ergonomic}
    uintx NonProfiledCodeHeapSize                  = 122909434                              {pd product} {ergonomic}
    uintx ProfiledCodeHeapSize                     = 122909434                              {pd product} {ergonomic}
    uintx ReservedCodeCacheSize                    = 251658240                              {pd product} {ergonomic}
     bool SegmentedCodeCache                       = true                                      {product} {ergonomic}
   size_t SoftMaxHeapSize                          = 4234149888                             {manageable} {ergonomic}
     bool UseCompressedOops                        = true                           {product lp64_product} {ergonomic}
     bool UseG1GC                                  = true                                      {product} {ergonomic}
     bool UseLargePagesIndividualAllocation        = false                                  {pd product} {ergonomic}

Logging:
Log output configuration:
 #0: stdout all=warning uptime,level,tags foldmultilines=false
 #1: stderr all=off uptime,level,tags foldmultilines=false

Environment Variables:
PATH=C:\Program Files\Common Files\Oracle\Java\javapath;C:\Windows\system32;C:\Windows;C:\Windows\System32\Wbem;C:\Windows\System32\WindowsPowerShell\v1.0\;C:\Windows\System32\OpenSSH\;C:\Program Files (x86)\NVIDIA Corporation\PhysX\Common;C:\Program Files\NVIDIA Corporation\NVIDIA NvDLISR;C:\WINDOWS\system32;C:\WINDOWS;C:\WINDOWS\System32\Wbem;C:\WINDOWS\System32\WindowsPowerShell\v1.0\;C:\WINDOWS\System32\OpenSSH\;C:\Program Files\Git\cmd;C:\Users\Vu\AppData\Local\Microsoft\WindowsApps;
USERNAME=Vu
OS=Windows_NT
PROCESSOR_IDENTIFIER=Intel64 Family 6 Model 141 Stepping 1, GenuineIntel
TMP=C:\Users\Vu\AppData\Local\Temp
TEMP=C:\Users\Vu\AppData\Local\Temp




Periodic native trim disabled

---------------  S Y S T E M  ---------------

OS:
 Windows 11 , 64 bit Build 22621 (10.0.22621.3085)
OS uptime: 0 days 10:50 hours
Hyper-V role detected

CPU: total 12 (initial active 12) (6 cores per cpu, 2 threads per core) family 6 model 141 stepping 1 microcode 0x3c, cx8, cmov, fxsr, ht, mmx, 3dnowpref, sse, sse2, sse3, ssse3, sse4.1, sse4.2, popcnt, lzcnt, tsc, tscinvbit, avx, avx2, aes, erms, clmul, bmi1, bmi2, adx, avx512f, avx512dq, avx512cd, avx512bw, avx512vl, sha, fma, vzeroupper, avx512_vpopcntdq, avx512_vpclmulqdq, avx512_vaes, avx512_vnni, clflush, clflushopt, clwb, avx512_vbmi2, avx512_vbmi, hv, rdtscp, rdpid, fsrm, gfni, avx512_bitalg, f16c, cet_ibt, cet_ss, avx512_ifma
Processor Information for all 12 processors :
  Max Mhz: 2688, Current Mhz: 2688, Mhz Limit: 2688

Memory: 4k page, system-wide physical 16147M (4333M free)
TotalPageFile size 22547M (AvailPageFile size 4498M)
current process WorkingSet (physical memory assigned to process): 301M, peak: 301M
current process commit charge ("private bytes"): 502M, peak: 527M

vm_info: Java HotSpot(TM) 64-Bit Server VM (21.0.1+12-LTS-29) for windows-amd64 JRE (21.0.1+12-LTS-29), built on 2023-10-05T13:27:09Z by "mach5one" with MS VC++ 17.1 (VS2022)

END.
