#
# A fatal error has been detected by the Java Runtime Environment:
#
#  EXCEPTION_ACCESS_VIOLATION (0xc0000005) at pc=0x00007ffa3e24691c, pid=28996, tid=4800
#
# JRE version: OpenJDK Runtime Environment (21.0.2+13) (build 21.0.2+13-58)
# Java VM: OpenJDK 64-Bit Server VM (21.0.2+13-58, mixed mode, sharing, tiered, compressed oops, compressed class ptrs, g1 gc, windows-amd64)
# Problematic frame:
# C  [jdwp.dll+0x2691c]
#
# No core dump will be written. Minidumps are not enabled by default on client versions of Windows
#
# If you would like to submit a bug report, please visit:
#   https://bugreport.java.com/bugreport/crash.jsp
# The crash happened outside the Java Virtual Machine in native code.
# See problematic frame for where to report the bug.
#

---------------  S U M M A R Y ------------

Command Line: -agentlib:jdwp=transport=dt_socket,address=127.0.0.1:60591,suspend=y,server=n -javaagent:C:\Users\dinhp\AppData\Local\JetBrains\IntelliJIdea2023.3\captureAgent\debugger-agent.jar -Dfile.encoding=UTF-8 -Dsun.stdout.encoding=UTF-8 -Dsun.stderr.encoding=UTF-8 Main

Host: 11th Gen Intel(R) Core(TM) i5-11400H @ 2.70GHz, 12 cores, 7G,  Windows 11 , 64 bit Build 22621 (10.0.22621.2506)
Time: Wed Feb  7 10:35:51 2024 SE Asia Standard Time elapsed time: 0.673105 seconds (0d 0h 0m 0s)

---------------  T H R E A D  ---------------

Current thread (0x000001a284b29880):  JavaThread "main"             [_thread_in_native, id=4800, stack(0x00000050d9000000,0x00000050d9100000) (1024K)]

Stack: [0x00000050d9000000,0x00000050d9100000],  sp=0x00000050d90fe3c8,  free space=1016k
Native frames: (J=compiled Java code, j=interpreted, Vv=VM code, C=native code)
C  [jdwp.dll+0x2691c]

Java frames: (J=compiled Java code, j=interpreted, Vv=VM code)
j  jdk.internal.reflect.MethodHandleAccessorFactory.newFieldAccessor(Ljava/lang/reflect/Field;Z)Ljdk/internal/reflect/FieldAccessorImpl;+170 java.base@21.0.2
j  jdk.internal.reflect.ReflectionFactory.newFieldAccessor(Ljava/lang/reflect/Field;Z)Ljdk/internal/reflect/FieldAccessor;+82 java.base@21.0.2
j  java.lang.reflect.Field.acquireFieldAccessor()Ljdk/internal/reflect/FieldAccessor;+35 java.base@21.0.2
j  java.lang.reflect.Field.getFieldAccessor()Ljdk/internal/reflect/FieldAccessor;+14 java.base@21.0.2
j  java.lang.reflect.Field.getInt(Ljava/lang/Object;)I+18 java.base@21.0.2
j  org.lwjgl.system.APIUtil.apiClassTokens(Ljava/util/function/BiPredicate;Ljava/util/Map;[Ljava/lang/Class;)Ljava/util/Map;+104
j  org.lwjgl.glfw.GLFWErrorCallback$1.<init>(Ljava/io/PrintStream;)V+25
j  org.lwjgl.glfw.GLFWErrorCallback.createPrint(Ljava/io/PrintStream;)Lorg/lwjgl/glfw/GLFWErrorCallback;+5
j  jade.Window.init()V+3
j  jade.Window.run()V+15
j  Main.main([Ljava/lang/String;)V+5
v  ~StubRoutines::call_stub 0x000001a295ca10e7

siginfo: EXCEPTION_ACCESS_VIOLATION (0xc0000005), reading address 0xffffffffffffffff


Registers:
RAX=0x000001a2e90f8be0, RBX=0x000001a2a37cc0a0, RCX=0x000001a284b29c38, RDX=0x000001a2a37cc0a0
RSP=0x00000050d90fe3c8, RBP=0x0000000000000002, RSI=0x00000050d90fe470, RDI=0x000001a284b29c38
R8 =0x0000000000010002, R9 =0x0000000000000000, R10=0x00007ffa69f30000, R11=0x00000050d90fe398
R12=0x0000000000000007, R13=0x000001a2a37cc0a0, R14=0x00007ffa3e250400, R15=0x0000000000000000
RIP=0x00007ffa3e24691c, EFLAGS=0x0000000000010206


Register to memory mapping:

RAX=0x000001a2e90f8be0 points into unknown readable memory: 0x0000000000000000 | 00 00 00 00 00 00 00 00
RBX=0x000001a2a37cc0a0 points into unknown readable memory: 0x000000008b309c48 | 48 9c 30 8b 00 00 00 00
RCX=0x000001a284b29c38 points into unknown readable memory: 0x000001a2e90f8be0 | e0 8b 0f e9 a2 01 00 00
RDX=0x000001a2a37cc0a0 points into unknown readable memory: 0x000000008b309c48 | 48 9c 30 8b 00 00 00 00
RSP=0x00000050d90fe3c8 is pointing into the stack for thread: 0x000001a284b29880
RBP=0x0000000000000002 is an unknown value
RSI=0x00000050d90fe470 is pointing into the stack for thread: 0x000001a284b29880
RDI=0x000001a284b29c38 points into unknown readable memory: 0x000001a2e90f8be0 | e0 8b 0f e9 a2 01 00 00
R8 =0x0000000000010002 is an unknown value
R9 =0x0 is null
R10=0x00007ffa69f30000 VCRUNTIME140.dll
R11=0x00000050d90fe398 is pointing into the stack for thread: 0x000001a284b29880
R12=0x0000000000000007 is an unknown value
R13=0x000001a2a37cc0a0 points into unknown readable memory: 0x000000008b309c48 | 48 9c 30 8b 00 00 00 00
R14=0x00007ffa3e250400 jdwp.dll
R15=0x0 is null

Top of Stack: (sp=0x00000050d90fe3c8)
0x00000050d90fe3c8:   00007ffa3e2361bf 000001a2a37cc0a0
0x00000050d90fe3d8:   00000050d90fe470 0000000000000000
0x00000050d90fe3e8:   0000000000000000 0000000200000007
0x00000050d90fe3f8:   000001a2a3989b60 000001a28498fe50
0x00000050d90fe408:   00007ffa3e250428 000001a284b29e58
0x00000050d90fe418:   00007ffa3e23283f 000001a2a37cc0a0
0x00000050d90fe428:   0000000000000002 000001a284b29c38
0x00000050d90fe438:   000001a2a37cc0a8 00000050d90fe630
0x00000050d90fe448:   000001a284beca18 00000039a3b80000
0x00000050d90fe458:   000001a2a50581a0 0000000000000000
0x00000050d90fe468:   000001a2a41bb570 0000000000000007
0x00000050d90fe478:   000001a2a37cc0a0 0000000000000000
0x00000050d90fe488:   000001a2a37cc0a8 0000000000000000
0x00000050d90fe498:   0000000000000000 0000000000000000
0x00000050d90fe4a8:   0000000000000000 0000000000000000
0x00000050d90fe4b8:   0000000000000000 0000000000000000
0x00000050d90fe4c8:   000001a284b29e58 000001a2a50581a0
0x00000050d90fe4d8:   00007ff9fc5989e7 000001a2a37cc0a8
0x00000050d90fe4e8:   000001a2a3a594a0 000001a284b29880
0x00000050d90fe4f8:   00000050d90fe6e0 00002881d79e339a
0x00000050d90fe508:   000001a284b256e0 0000000000000000
0x00000050d90fe518:   000001a284b29880 0000000000000000
0x00000050d90fe528:   00000050d90fe630 000001a2a50581a0
0x00000050d90fe538:   000001a2a4854fba 000001a284a09ba0
0x00000050d90fe548:   000001a284b29ef0 000001a284b29f00
0x00000050d90fe558:   000001a284b2a2d8 00000000000003d8
0x00000050d90fe568:   000001a284b29880 000001a284b29880
0x00000050d90fe578:   000001a284a0a1a0 000001a2849a50d0
0x00000050d90fe588:   000001a2849a50e0 000001a2849a51b8
0x00000050d90fe598:   00000000000000d8 00000050d90fe5b0
0x00000050d90fe5a8:   00007ff9fc29d761 000001a284b29880
0x00000050d90fe5b8:   000001a284a0a1a0 000001a2849a50d0 

Instructions: (pc=0x00007ffa3e24691c)
0x00007ffa3e24681c:   05 df 08 01 00 48 8b 03 48 8b d7 4d 8b 40 30 48
0x00007ffa3e24682c:   8b cb 48 8b 5c 24 30 48 83 c4 20 5f 48 ff a0 00
0x00007ffa3e24683c:   01 00 00 cc 48 89 5c 24 08 57 48 83 ec 20 48 8b
0x00007ffa3e24684c:   f9 e8 f2 ea ff ff 4c 8b 05 a7 08 01 00 48 8b d8
0x00007ffa3e24685c:   41 f6 80 10 02 00 00 02 74 33 41 b8 20 06 00 00
0x00007ffa3e24686c:   48 8d 15 15 c4 00 00 48 8d 0d 8a 5b 00 00 e8 d9
0x00007ffa3e24687c:   48 ff ff 48 8d 15 52 9a 00 00 48 8d 0d 8b 5b 00
0x00007ffa3e24688c:   00 e8 6e 49 ff ff 4c 8b 05 67 08 01 00 48 8b 03
0x00007ffa3e24689c:   48 8b d7 4d 8b 40 38 48 8b cb 48 8b 5c 24 30 48
0x00007ffa3e2468ac:   83 c4 20 5f 48 ff a0 00 01 00 00 cc 48 89 5c 24
0x00007ffa3e2468bc:   08 57 48 83 ec 20 48 8b f9 e8 7a ea ff ff 48 8b
0x00007ffa3e2468cc:   15 2f 08 01 00 48 8b d8 f6 82 10 02 00 00 02 74
0x00007ffa3e2468dc:   2c 41 b8 12 06 00 00 48 8d 15 9e c3 00 00 48 8d
0x00007ffa3e2468ec:   0d 13 5b 00 00 e8 62 48 ff ff 48 8d 15 f3 6b 00
0x00007ffa3e2468fc:   00 48 8d 0d 14 5b 00 00 e8 f7 48 ff ff 48 8b 03
0x00007ffa3e24690c:   48 8b d7 48 8b cb 48 8b 5c 24 30 48 83 c4 20 5f
0x00007ffa3e24691c:   48 ff a0 50 07 00 00 cc 48 89 5c 24 08 48 89 74
0x00007ffa3e24692c:   24 10 48 89 7c 24 18 41 56 48 83 ec 20 4c 63 f2
0x00007ffa3e24693c:   49 8b d8 48 8b d1 41 8b f9 48 8b cb 4d 8d 46 ff
0x00007ffa3e24694c:   ff 15 1e 59 00 00 85 c0 75 3c 41 0f be 44 1e ff
0x00007ffa3e24695c:   3b c7 75 32 49 03 de eb 10 0f be c8 ff 15 f2 58
0x00007ffa3e24696c:   00 00 85 c0 74 09 48 ff c3 8a 03 84 c0 75 ea 80
0x00007ffa3e24697c:   3b 3b 74 12 8b d7 48 8b cb e8 38 4b 00 00 48 85
0x00007ffa3e24698c:   c0 0f 94 c0 eb 02 32 c0 48 8b 5c 24 30 48 8b 74
0x00007ffa3e24699c:   24 38 48 8b 7c 24 40 48 83 c4 20 41 5e c3 cc cc
0x00007ffa3e2469ac:   0f b6 d1 83 fa 1e 0f 87 83 00 00 00 74 7b 83 fa
0x00007ffa3e2469bc:   07 77 41 74 39 83 ea 01 74 2e 83 ea 01 74 23 83
0x00007ffa3e2469cc:   ea 01 74 18 83 ea 01 74 0d 83 fa 02 0f 85 8a 00
0x00007ffa3e2469dc:   00 00 8d 42 03 c3 b8 04 00 00 00 c3 b8 03 00 00
0x00007ffa3e2469ec:   00 c3 b8 02 00 00 00 c3 b8 01 00 00 00 c3 b8 06
0x00007ffa3e2469fc:   00 00 00 c3 b8 08 00 00 00 2b d0 74 26 83 ea 01
0x00007ffa3e246a0c:   0f 84 88 00 00 00 83 ea 01 74 12 b8 0a 00 00 00 


Stack slot to memory mapping:

stack at sp + 0 slots: 0x00007ffa3e2361bf jdwp.dll
stack at sp + 1 slots: 0x000001a2a37cc0a0 points into unknown readable memory: 0x000000008b309c48 | 48 9c 30 8b 00 00 00 00
stack at sp + 2 slots: 0x00000050d90fe470 is pointing into the stack for thread: 0x000001a284b29880
stack at sp + 3 slots: 0x0 is null
stack at sp + 4 slots: 0x0 is null
stack at sp + 5 slots: 0x0000000200000007 is an unknown value
stack at sp + 6 slots: 0x000001a2a3989b60 points into unknown readable memory: 0x000001a296240a10 | 10 0a 24 96 a2 01 00 00
stack at sp + 7 slots: 0x000001a28498fe50 points into unknown readable memory: 0x8000001200000001 | 01 00 00 00 12 00 00 80


---------------  P R O C E S S  ---------------

Threads class SMR info:
_java_thread_list=0x000001a2a3b10a00, length=14, elements={
0x000001a284b29880, 0x000001a2a37e6040, 0x000001a2a37e7050, 0x000001a2a37e92a0,
0x000001a2a37ea250, 0x000001a2a37ed240, 0x000001a2a37f7cd0, 0x000001a2a37fbf60,
0x000001a2a37fca00, 0x000001a2a3a264c0, 0x000001a2a3abc1c0, 0x000001a2a3ac5660,
0x000001a2a3ac5ce0, 0x000001a2a3b36ae0
}

Java Threads: ( => current thread )
=>0x000001a284b29880 JavaThread "main"                              [_thread_in_native, id=4800, stack(0x00000050d9000000,0x00000050d9100000) (1024K)]
  0x000001a2a37e6040 JavaThread "Reference Handler"          daemon [_thread_blocked, id=27672, stack(0x00000050d9800000,0x00000050d9900000) (1024K)]
  0x000001a2a37e7050 JavaThread "Finalizer"                  daemon [_thread_blocked, id=8172, stack(0x00000050d9900000,0x00000050d9a00000) (1024K)]
  0x000001a2a37e92a0 JavaThread "Signal Dispatcher"          daemon [_thread_blocked, id=14096, stack(0x00000050d9a00000,0x00000050d9b00000) (1024K)]
  0x000001a2a37ea250 JavaThread "Attach Listener"            daemon [_thread_blocked, id=15328, stack(0x00000050d9b00000,0x00000050d9c00000) (1024K)]
  0x000001a2a37ed240 JavaThread "Service Thread"             daemon [_thread_blocked, id=11740, stack(0x00000050d9c00000,0x00000050d9d00000) (1024K)]
  0x000001a2a37f7cd0 JavaThread "Monitor Deflation Thread"   daemon [_thread_blocked, id=15268, stack(0x00000050d9d00000,0x00000050d9e00000) (1024K)]
  0x000001a2a37fbf60 JavaThread "C2 CompilerThread0"         daemon [_thread_blocked, id=29236, stack(0x00000050d9e00000,0x00000050d9f00000) (1024K)]
  0x000001a2a37fca00 JavaThread "C1 CompilerThread0"         daemon [_thread_blocked, id=19276, stack(0x00000050d9f00000,0x00000050da000000) (1024K)]
  0x000001a2a3a264c0 JavaThread "Common-Cleaner"             daemon [_thread_blocked, id=27340, stack(0x00000050da000000,0x00000050da100000) (1024K)]
  0x000001a2a3abc1c0 JavaThread "JDWP Transport Listener: dt_socket" daemon [_thread_blocked, id=9336, stack(0x00000050da100000,0x00000050da200000) (1024K)]
  0x000001a2a3ac5660 JavaThread "JDWP Event Helper Thread"   daemon [_thread_blocked, id=14396, stack(0x00000050da200000,0x00000050da300000) (1024K)]
  0x000001a2a3ac5ce0 JavaThread "JDWP Command Reader"        daemon [_thread_in_native, id=15568, stack(0x00000050da300000,0x00000050da400000) (1024K)]
  0x000001a2a3b36ae0 JavaThread "Notification Thread"        daemon [_thread_blocked, id=21884, stack(0x00000050da400000,0x00000050da500000) (1024K)]
Total: 14

Other Threads:
  0x000001a2a37ca870 VMThread "VM Thread"                           [id=4372, stack(0x00000050d9700000,0x00000050d9800000) (1024K)]
  0x000001a2a37b1f90 WatcherThread "VM Periodic Task Thread"        [id=19884, stack(0x00000050d9600000,0x00000050d9700000) (1024K)]
  0x000001a284b81c40 WorkerThread "GC Thread#0"                     [id=15464, stack(0x00000050d9100000,0x00000050d9200000) (1024K)]
  0x000001a284b92710 ConcurrentGCThread "G1 Main Marker"            [id=19836, stack(0x00000050d9200000,0x00000050d9300000) (1024K)]
  0x000001a284b93210 WorkerThread "G1 Conc#0"                       [id=3220, stack(0x00000050d9300000,0x00000050d9400000) (1024K)]
  0x000001a2a36834e0 ConcurrentGCThread "G1 Refine#0"               [id=8364, stack(0x00000050d9400000,0x00000050d9500000) (1024K)]
  0x000001a2a3683f60 ConcurrentGCThread "G1 Service"                [id=22104, stack(0x00000050d9500000,0x00000050d9600000) (1024K)]
Total: 7

Threads with active compile tasks:
Total: 0

VM state: not at safepoint (normal execution)

VM Mutex/Monitor currently owned by a thread: None

Heap address: 0x0000000083600000, size: 1994 MB, Compressed Oops mode: 32-bit

CDS archive(s) mapped at: [0x000001a2a4000000-0x000001a2a4c90000-0x000001a2a4c90000), size 13172736, SharedBaseAddress: 0x000001a2a4000000, ArchiveRelocationMode: 1.
Compressed class space mapped at: 0x000001a2a5000000-0x000001a2e5000000, reserved size: 1073741824
Narrow klass base: 0x000001a2a4000000, Narrow klass shift: 0, Narrow klass range: 0x100000000

GC Precious Log:
 CardTable entry size: 512
 Card Set container configuration: InlinePtr #cards 5 size 8 Array Of Cards #cards 12 size 40 Howl #buckets 4 coarsen threshold 1843 Howl Bitmap #cards 512 size 80 coarsen threshold 460 Card regions per heap region 1 cards per card region 2048
 CPUs: 12 total, 12 available
 Memory: 7971M
 Large Page Support: Disabled
 NUMA Support: Disabled
 Compressed Oops: Enabled (32-bit)
 Heap Region Size: 1M
 Heap Min Capacity: 8M
 Heap Initial Capacity: 126M
 Heap Max Capacity: 1994M
 Pre-touch: Disabled
 Parallel Workers: 10
 Concurrent Workers: 3
 Concurrent Refinement Workers: 10
 Periodic GC: Disabled

Heap:
 garbage-first heap   total 129024K, used 7168K [0x0000000083600000, 0x0000000100000000)
  region size 1024K, 9 young (9216K), 0 survivors (0K)
 Metaspace       used 2183K, committed 2368K, reserved 1114112K
  class space    used 171K, committed 256K, reserved 1048576K

Heap Regions: E=young(eden), S=young(survivor), O=old, HS=humongous(starts), HC=humongous(continues), CS=collection set, F=free, TAMS=top-at-mark-start, PB=parsable bottom
|   0|0x0000000083600000, 0x0000000083600000, 0x0000000083700000|  0%| F|  |TAMS 0x0000000083600000| PB 0x0000000083600000| Untracked 
|   1|0x0000000083700000, 0x0000000083700000, 0x0000000083800000|  0%| F|  |TAMS 0x0000000083700000| PB 0x0000000083700000| Untracked 
|   2|0x0000000083800000, 0x0000000083800000, 0x0000000083900000|  0%| F|  |TAMS 0x0000000083800000| PB 0x0000000083800000| Untracked 
|   3|0x0000000083900000, 0x0000000083900000, 0x0000000083a00000|  0%| F|  |TAMS 0x0000000083900000| PB 0x0000000083900000| Untracked 
|   4|0x0000000083a00000, 0x0000000083a00000, 0x0000000083b00000|  0%| F|  |TAMS 0x0000000083a00000| PB 0x0000000083a00000| Untracked 
|   5|0x0000000083b00000, 0x0000000083b00000, 0x0000000083c00000|  0%| F|  |TAMS 0x0000000083b00000| PB 0x0000000083b00000| Untracked 
|   6|0x0000000083c00000, 0x0000000083c00000, 0x0000000083d00000|  0%| F|  |TAMS 0x0000000083c00000| PB 0x0000000083c00000| Untracked 
|   7|0x0000000083d00000, 0x0000000083d00000, 0x0000000083e00000|  0%| F|  |TAMS 0x0000000083d00000| PB 0x0000000083d00000| Untracked 
|   8|0x0000000083e00000, 0x0000000083e00000, 0x0000000083f00000|  0%| F|  |TAMS 0x0000000083e00000| PB 0x0000000083e00000| Untracked 
|   9|0x0000000083f00000, 0x0000000083f00000, 0x0000000084000000|  0%| F|  |TAMS 0x0000000083f00000| PB 0x0000000083f00000| Untracked 
|  10|0x0000000084000000, 0x0000000084000000, 0x0000000084100000|  0%| F|  |TAMS 0x0000000084000000| PB 0x0000000084000000| Untracked 
|  11|0x0000000084100000, 0x0000000084100000, 0x0000000084200000|  0%| F|  |TAMS 0x0000000084100000| PB 0x0000000084100000| Untracked 
|  12|0x0000000084200000, 0x0000000084200000, 0x0000000084300000|  0%| F|  |TAMS 0x0000000084200000| PB 0x0000000084200000| Untracked 
|  13|0x0000000084300000, 0x0000000084300000, 0x0000000084400000|  0%| F|  |TAMS 0x0000000084300000| PB 0x0000000084300000| Untracked 
|  14|0x0000000084400000, 0x0000000084400000, 0x0000000084500000|  0%| F|  |TAMS 0x0000000084400000| PB 0x0000000084400000| Untracked 
|  15|0x0000000084500000, 0x0000000084500000, 0x0000000084600000|  0%| F|  |TAMS 0x0000000084500000| PB 0x0000000084500000| Untracked 
|  16|0x0000000084600000, 0x0000000084600000, 0x0000000084700000|  0%| F|  |TAMS 0x0000000084600000| PB 0x0000000084600000| Untracked 
|  17|0x0000000084700000, 0x0000000084700000, 0x0000000084800000|  0%| F|  |TAMS 0x0000000084700000| PB 0x0000000084700000| Untracked 
|  18|0x0000000084800000, 0x0000000084800000, 0x0000000084900000|  0%| F|  |TAMS 0x0000000084800000| PB 0x0000000084800000| Untracked 
|  19|0x0000000084900000, 0x0000000084900000, 0x0000000084a00000|  0%| F|  |TAMS 0x0000000084900000| PB 0x0000000084900000| Untracked 
|  20|0x0000000084a00000, 0x0000000084a00000, 0x0000000084b00000|  0%| F|  |TAMS 0x0000000084a00000| PB 0x0000000084a00000| Untracked 
|  21|0x0000000084b00000, 0x0000000084b00000, 0x0000000084c00000|  0%| F|  |TAMS 0x0000000084b00000| PB 0x0000000084b00000| Untracked 
|  22|0x0000000084c00000, 0x0000000084c00000, 0x0000000084d00000|  0%| F|  |TAMS 0x0000000084c00000| PB 0x0000000084c00000| Untracked 
|  23|0x0000000084d00000, 0x0000000084d00000, 0x0000000084e00000|  0%| F|  |TAMS 0x0000000084d00000| PB 0x0000000084d00000| Untracked 
|  24|0x0000000084e00000, 0x0000000084e00000, 0x0000000084f00000|  0%| F|  |TAMS 0x0000000084e00000| PB 0x0000000084e00000| Untracked 
|  25|0x0000000084f00000, 0x0000000084f00000, 0x0000000085000000|  0%| F|  |TAMS 0x0000000084f00000| PB 0x0000000084f00000| Untracked 
|  26|0x0000000085000000, 0x0000000085000000, 0x0000000085100000|  0%| F|  |TAMS 0x0000000085000000| PB 0x0000000085000000| Untracked 
|  27|0x0000000085100000, 0x0000000085100000, 0x0000000085200000|  0%| F|  |TAMS 0x0000000085100000| PB 0x0000000085100000| Untracked 
|  28|0x0000000085200000, 0x0000000085200000, 0x0000000085300000|  0%| F|  |TAMS 0x0000000085200000| PB 0x0000000085200000| Untracked 
|  29|0x0000000085300000, 0x0000000085300000, 0x0000000085400000|  0%| F|  |TAMS 0x0000000085300000| PB 0x0000000085300000| Untracked 
|  30|0x0000000085400000, 0x0000000085400000, 0x0000000085500000|  0%| F|  |TAMS 0x0000000085400000| PB 0x0000000085400000| Untracked 
|  31|0x0000000085500000, 0x0000000085500000, 0x0000000085600000|  0%| F|  |TAMS 0x0000000085500000| PB 0x0000000085500000| Untracked 
|  32|0x0000000085600000, 0x0000000085600000, 0x0000000085700000|  0%| F|  |TAMS 0x0000000085600000| PB 0x0000000085600000| Untracked 
|  33|0x0000000085700000, 0x0000000085700000, 0x0000000085800000|  0%| F|  |TAMS 0x0000000085700000| PB 0x0000000085700000| Untracked 
|  34|0x0000000085800000, 0x0000000085800000, 0x0000000085900000|  0%| F|  |TAMS 0x0000000085800000| PB 0x0000000085800000| Untracked 
|  35|0x0000000085900000, 0x0000000085900000, 0x0000000085a00000|  0%| F|  |TAMS 0x0000000085900000| PB 0x0000000085900000| Untracked 
|  36|0x0000000085a00000, 0x0000000085a00000, 0x0000000085b00000|  0%| F|  |TAMS 0x0000000085a00000| PB 0x0000000085a00000| Untracked 
|  37|0x0000000085b00000, 0x0000000085b00000, 0x0000000085c00000|  0%| F|  |TAMS 0x0000000085b00000| PB 0x0000000085b00000| Untracked 
|  38|0x0000000085c00000, 0x0000000085c00000, 0x0000000085d00000|  0%| F|  |TAMS 0x0000000085c00000| PB 0x0000000085c00000| Untracked 
|  39|0x0000000085d00000, 0x0000000085d00000, 0x0000000085e00000|  0%| F|  |TAMS 0x0000000085d00000| PB 0x0000000085d00000| Untracked 
|  40|0x0000000085e00000, 0x0000000085e00000, 0x0000000085f00000|  0%| F|  |TAMS 0x0000000085e00000| PB 0x0000000085e00000| Untracked 
|  41|0x0000000085f00000, 0x0000000085f00000, 0x0000000086000000|  0%| F|  |TAMS 0x0000000085f00000| PB 0x0000000085f00000| Untracked 
|  42|0x0000000086000000, 0x0000000086000000, 0x0000000086100000|  0%| F|  |TAMS 0x0000000086000000| PB 0x0000000086000000| Untracked 
|  43|0x0000000086100000, 0x0000000086100000, 0x0000000086200000|  0%| F|  |TAMS 0x0000000086100000| PB 0x0000000086100000| Untracked 
|  44|0x0000000086200000, 0x0000000086200000, 0x0000000086300000|  0%| F|  |TAMS 0x0000000086200000| PB 0x0000000086200000| Untracked 
|  45|0x0000000086300000, 0x0000000086300000, 0x0000000086400000|  0%| F|  |TAMS 0x0000000086300000| PB 0x0000000086300000| Untracked 
|  46|0x0000000086400000, 0x0000000086400000, 0x0000000086500000|  0%| F|  |TAMS 0x0000000086400000| PB 0x0000000086400000| Untracked 
|  47|0x0000000086500000, 0x0000000086500000, 0x0000000086600000|  0%| F|  |TAMS 0x0000000086500000| PB 0x0000000086500000| Untracked 
|  48|0x0000000086600000, 0x0000000086600000, 0x0000000086700000|  0%| F|  |TAMS 0x0000000086600000| PB 0x0000000086600000| Untracked 
|  49|0x0000000086700000, 0x0000000086700000, 0x0000000086800000|  0%| F|  |TAMS 0x0000000086700000| PB 0x0000000086700000| Untracked 
|  50|0x0000000086800000, 0x0000000086800000, 0x0000000086900000|  0%| F|  |TAMS 0x0000000086800000| PB 0x0000000086800000| Untracked 
|  51|0x0000000086900000, 0x0000000086900000, 0x0000000086a00000|  0%| F|  |TAMS 0x0000000086900000| PB 0x0000000086900000| Untracked 
|  52|0x0000000086a00000, 0x0000000086a00000, 0x0000000086b00000|  0%| F|  |TAMS 0x0000000086a00000| PB 0x0000000086a00000| Untracked 
|  53|0x0000000086b00000, 0x0000000086b00000, 0x0000000086c00000|  0%| F|  |TAMS 0x0000000086b00000| PB 0x0000000086b00000| Untracked 
|  54|0x0000000086c00000, 0x0000000086c00000, 0x0000000086d00000|  0%| F|  |TAMS 0x0000000086c00000| PB 0x0000000086c00000| Untracked 
|  55|0x0000000086d00000, 0x0000000086d00000, 0x0000000086e00000|  0%| F|  |TAMS 0x0000000086d00000| PB 0x0000000086d00000| Untracked 
|  56|0x0000000086e00000, 0x0000000086e00000, 0x0000000086f00000|  0%| F|  |TAMS 0x0000000086e00000| PB 0x0000000086e00000| Untracked 
|  57|0x0000000086f00000, 0x0000000086f00000, 0x0000000087000000|  0%| F|  |TAMS 0x0000000086f00000| PB 0x0000000086f00000| Untracked 
|  58|0x0000000087000000, 0x0000000087000000, 0x0000000087100000|  0%| F|  |TAMS 0x0000000087000000| PB 0x0000000087000000| Untracked 
|  59|0x0000000087100000, 0x0000000087100000, 0x0000000087200000|  0%| F|  |TAMS 0x0000000087100000| PB 0x0000000087100000| Untracked 
|  60|0x0000000087200000, 0x0000000087200000, 0x0000000087300000|  0%| F|  |TAMS 0x0000000087200000| PB 0x0000000087200000| Untracked 
|  61|0x0000000087300000, 0x0000000087300000, 0x0000000087400000|  0%| F|  |TAMS 0x0000000087300000| PB 0x0000000087300000| Untracked 
|  62|0x0000000087400000, 0x0000000087400000, 0x0000000087500000|  0%| F|  |TAMS 0x0000000087400000| PB 0x0000000087400000| Untracked 
|  63|0x0000000087500000, 0x0000000087500000, 0x0000000087600000|  0%| F|  |TAMS 0x0000000087500000| PB 0x0000000087500000| Untracked 
|  64|0x0000000087600000, 0x0000000087600000, 0x0000000087700000|  0%| F|  |TAMS 0x0000000087600000| PB 0x0000000087600000| Untracked 
|  65|0x0000000087700000, 0x0000000087700000, 0x0000000087800000|  0%| F|  |TAMS 0x0000000087700000| PB 0x0000000087700000| Untracked 
|  66|0x0000000087800000, 0x0000000087800000, 0x0000000087900000|  0%| F|  |TAMS 0x0000000087800000| PB 0x0000000087800000| Untracked 
|  67|0x0000000087900000, 0x0000000087900000, 0x0000000087a00000|  0%| F|  |TAMS 0x0000000087900000| PB 0x0000000087900000| Untracked 
|  68|0x0000000087a00000, 0x0000000087a00000, 0x0000000087b00000|  0%| F|  |TAMS 0x0000000087a00000| PB 0x0000000087a00000| Untracked 
|  69|0x0000000087b00000, 0x0000000087b00000, 0x0000000087c00000|  0%| F|  |TAMS 0x0000000087b00000| PB 0x0000000087b00000| Untracked 
|  70|0x0000000087c00000, 0x0000000087c00000, 0x0000000087d00000|  0%| F|  |TAMS 0x0000000087c00000| PB 0x0000000087c00000| Untracked 
|  71|0x0000000087d00000, 0x0000000087d00000, 0x0000000087e00000|  0%| F|  |TAMS 0x0000000087d00000| PB 0x0000000087d00000| Untracked 
|  72|0x0000000087e00000, 0x0000000087e00000, 0x0000000087f00000|  0%| F|  |TAMS 0x0000000087e00000| PB 0x0000000087e00000| Untracked 
|  73|0x0000000087f00000, 0x0000000087f00000, 0x0000000088000000|  0%| F|  |TAMS 0x0000000087f00000| PB 0x0000000087f00000| Untracked 
|  74|0x0000000088000000, 0x0000000088000000, 0x0000000088100000|  0%| F|  |TAMS 0x0000000088000000| PB 0x0000000088000000| Untracked 
|  75|0x0000000088100000, 0x0000000088100000, 0x0000000088200000|  0%| F|  |TAMS 0x0000000088100000| PB 0x0000000088100000| Untracked 
|  76|0x0000000088200000, 0x0000000088200000, 0x0000000088300000|  0%| F|  |TAMS 0x0000000088200000| PB 0x0000000088200000| Untracked 
|  77|0x0000000088300000, 0x0000000088300000, 0x0000000088400000|  0%| F|  |TAMS 0x0000000088300000| PB 0x0000000088300000| Untracked 
|  78|0x0000000088400000, 0x0000000088400000, 0x0000000088500000|  0%| F|  |TAMS 0x0000000088400000| PB 0x0000000088400000| Untracked 
|  79|0x0000000088500000, 0x0000000088500000, 0x0000000088600000|  0%| F|  |TAMS 0x0000000088500000| PB 0x0000000088500000| Untracked 
|  80|0x0000000088600000, 0x0000000088600000, 0x0000000088700000|  0%| F|  |TAMS 0x0000000088600000| PB 0x0000000088600000| Untracked 
|  81|0x0000000088700000, 0x0000000088700000, 0x0000000088800000|  0%| F|  |TAMS 0x0000000088700000| PB 0x0000000088700000| Untracked 
|  82|0x0000000088800000, 0x0000000088800000, 0x0000000088900000|  0%| F|  |TAMS 0x0000000088800000| PB 0x0000000088800000| Untracked 
|  83|0x0000000088900000, 0x0000000088900000, 0x0000000088a00000|  0%| F|  |TAMS 0x0000000088900000| PB 0x0000000088900000| Untracked 
|  84|0x0000000088a00000, 0x0000000088a00000, 0x0000000088b00000|  0%| F|  |TAMS 0x0000000088a00000| PB 0x0000000088a00000| Untracked 
|  85|0x0000000088b00000, 0x0000000088b00000, 0x0000000088c00000|  0%| F|  |TAMS 0x0000000088b00000| PB 0x0000000088b00000| Untracked 
|  86|0x0000000088c00000, 0x0000000088c00000, 0x0000000088d00000|  0%| F|  |TAMS 0x0000000088c00000| PB 0x0000000088c00000| Untracked 
|  87|0x0000000088d00000, 0x0000000088d00000, 0x0000000088e00000|  0%| F|  |TAMS 0x0000000088d00000| PB 0x0000000088d00000| Untracked 
|  88|0x0000000088e00000, 0x0000000088e00000, 0x0000000088f00000|  0%| F|  |TAMS 0x0000000088e00000| PB 0x0000000088e00000| Untracked 
|  89|0x0000000088f00000, 0x0000000088f00000, 0x0000000089000000|  0%| F|  |TAMS 0x0000000088f00000| PB 0x0000000088f00000| Untracked 
|  90|0x0000000089000000, 0x0000000089000000, 0x0000000089100000|  0%| F|  |TAMS 0x0000000089000000| PB 0x0000000089000000| Untracked 
|  91|0x0000000089100000, 0x0000000089100000, 0x0000000089200000|  0%| F|  |TAMS 0x0000000089100000| PB 0x0000000089100000| Untracked 
|  92|0x0000000089200000, 0x0000000089200000, 0x0000000089300000|  0%| F|  |TAMS 0x0000000089200000| PB 0x0000000089200000| Untracked 
|  93|0x0000000089300000, 0x0000000089300000, 0x0000000089400000|  0%| F|  |TAMS 0x0000000089300000| PB 0x0000000089300000| Untracked 
|  94|0x0000000089400000, 0x0000000089400000, 0x0000000089500000|  0%| F|  |TAMS 0x0000000089400000| PB 0x0000000089400000| Untracked 
|  95|0x0000000089500000, 0x0000000089500000, 0x0000000089600000|  0%| F|  |TAMS 0x0000000089500000| PB 0x0000000089500000| Untracked 
|  96|0x0000000089600000, 0x0000000089600000, 0x0000000089700000|  0%| F|  |TAMS 0x0000000089600000| PB 0x0000000089600000| Untracked 
|  97|0x0000000089700000, 0x0000000089700000, 0x0000000089800000|  0%| F|  |TAMS 0x0000000089700000| PB 0x0000000089700000| Untracked 
|  98|0x0000000089800000, 0x0000000089800000, 0x0000000089900000|  0%| F|  |TAMS 0x0000000089800000| PB 0x0000000089800000| Untracked 
|  99|0x0000000089900000, 0x0000000089900000, 0x0000000089a00000|  0%| F|  |TAMS 0x0000000089900000| PB 0x0000000089900000| Untracked 
| 100|0x0000000089a00000, 0x0000000089a00000, 0x0000000089b00000|  0%| F|  |TAMS 0x0000000089a00000| PB 0x0000000089a00000| Untracked 
| 101|0x0000000089b00000, 0x0000000089b00000, 0x0000000089c00000|  0%| F|  |TAMS 0x0000000089b00000| PB 0x0000000089b00000| Untracked 
| 102|0x0000000089c00000, 0x0000000089c00000, 0x0000000089d00000|  0%| F|  |TAMS 0x0000000089c00000| PB 0x0000000089c00000| Untracked 
| 103|0x0000000089d00000, 0x0000000089d00000, 0x0000000089e00000|  0%| F|  |TAMS 0x0000000089d00000| PB 0x0000000089d00000| Untracked 
| 104|0x0000000089e00000, 0x0000000089e00000, 0x0000000089f00000|  0%| F|  |TAMS 0x0000000089e00000| PB 0x0000000089e00000| Untracked 
| 105|0x0000000089f00000, 0x0000000089f00000, 0x000000008a000000|  0%| F|  |TAMS 0x0000000089f00000| PB 0x0000000089f00000| Untracked 
| 106|0x000000008a000000, 0x000000008a000000, 0x000000008a100000|  0%| F|  |TAMS 0x000000008a000000| PB 0x000000008a000000| Untracked 
| 107|0x000000008a100000, 0x000000008a100000, 0x000000008a200000|  0%| F|  |TAMS 0x000000008a100000| PB 0x000000008a100000| Untracked 
| 108|0x000000008a200000, 0x000000008a200000, 0x000000008a300000|  0%| F|  |TAMS 0x000000008a200000| PB 0x000000008a200000| Untracked 
| 109|0x000000008a300000, 0x000000008a300000, 0x000000008a400000|  0%| F|  |TAMS 0x000000008a300000| PB 0x000000008a300000| Untracked 
| 110|0x000000008a400000, 0x000000008a400000, 0x000000008a500000|  0%| F|  |TAMS 0x000000008a400000| PB 0x000000008a400000| Untracked 
| 111|0x000000008a500000, 0x000000008a500000, 0x000000008a600000|  0%| F|  |TAMS 0x000000008a500000| PB 0x000000008a500000| Untracked 
| 112|0x000000008a600000, 0x000000008a600000, 0x000000008a700000|  0%| F|  |TAMS 0x000000008a600000| PB 0x000000008a600000| Untracked 
| 113|0x000000008a700000, 0x000000008a700000, 0x000000008a800000|  0%| F|  |TAMS 0x000000008a700000| PB 0x000000008a700000| Untracked 
| 114|0x000000008a800000, 0x000000008a800000, 0x000000008a900000|  0%| F|  |TAMS 0x000000008a800000| PB 0x000000008a800000| Untracked 
| 115|0x000000008a900000, 0x000000008a900000, 0x000000008aa00000|  0%| F|  |TAMS 0x000000008a900000| PB 0x000000008a900000| Untracked 
| 116|0x000000008aa00000, 0x000000008aa00000, 0x000000008ab00000|  0%| F|  |TAMS 0x000000008aa00000| PB 0x000000008aa00000| Untracked 
| 117|0x000000008ab00000, 0x000000008ab860b0, 0x000000008ac00000| 52%| E|  |TAMS 0x000000008ab00000| PB 0x000000008ab00000| Complete 
| 118|0x000000008ac00000, 0x000000008ad00000, 0x000000008ad00000|100%| E|CS|TAMS 0x000000008ac00000| PB 0x000000008ac00000| Complete 
| 119|0x000000008ad00000, 0x000000008ae00000, 0x000000008ae00000|100%| E|CS|TAMS 0x000000008ad00000| PB 0x000000008ad00000| Complete 
| 120|0x000000008ae00000, 0x000000008af00000, 0x000000008af00000|100%| E|  |TAMS 0x000000008ae00000| PB 0x000000008ae00000| Complete 
| 121|0x000000008af00000, 0x000000008b000000, 0x000000008b000000|100%| E|CS|TAMS 0x000000008af00000| PB 0x000000008af00000| Complete 
| 122|0x000000008b000000, 0x000000008b100000, 0x000000008b100000|100%| E|CS|TAMS 0x000000008b000000| PB 0x000000008b000000| Complete 
| 123|0x000000008b100000, 0x000000008b200000, 0x000000008b200000|100%| E|CS|TAMS 0x000000008b100000| PB 0x000000008b100000| Complete 
| 124|0x000000008b200000, 0x000000008b300000, 0x000000008b300000|100%| E|CS|TAMS 0x000000008b200000| PB 0x000000008b200000| Complete 
| 125|0x000000008b300000, 0x000000008b400000, 0x000000008b400000|100%| E|CS|TAMS 0x000000008b300000| PB 0x000000008b300000| Complete 

Card table byte_map: [0x000001a29e7f0000,0x000001a29ebe0000] _byte_map_base: 0x000001a29e3d5000

Marking Bits: (CMBitMap*) 0x000001a284b82340
 Bits: [0x000001a29ebe0000, 0x000001a2a0b08000)

Polling page: 0x000001a284bf0000

Metaspace:

Usage:
  Non-class:      1.96 MB used.
      Class:    171.47 KB used.
       Both:      2.13 MB used.

Virtual space:
  Non-class space:       64.00 MB reserved,       2.06 MB (  3%) committed,  1 nodes.
      Class space:        1.00 GB reserved,     256.00 KB ( <1%) committed,  1 nodes.
             Both:        1.06 GB reserved,       2.31 MB ( <1%) committed. 

Chunk freelists:
   Non-Class:  11.31 MB
       Class:  15.64 MB
        Both:  26.95 MB

MaxMetaspaceSize: unlimited
CompressedClassSpaceSize: 1.00 GB
Initial GC threshold: 21.00 MB
Current GC threshold: 21.00 MB
CDS: on
 - commit_granule_bytes: 65536.
 - commit_granule_words: 8192.
 - virtual_space_node_default_size: 8388608.
 - enlarge_chunks_in_place: 1.
 - use_allocation_guard: 0.


Internal statistics:

num_allocs_failed_limit: 0.
num_arena_births: 90.
num_arena_deaths: 0.
num_vsnodes_births: 2.
num_vsnodes_deaths: 0.
num_space_committed: 37.
num_space_uncommitted: 0.
num_chunks_returned_to_freelist: 0.
num_chunks_taken_from_freelist: 132.
num_chunk_merges: 0.
num_chunk_splits: 89.
num_chunks_enlarged: 58.
num_inconsistent_stats: 0.

CodeHeap 'non-profiled nmethods': size=120000Kb used=177Kb max_used=177Kb free=119822Kb
 bounds [0x000001a296240000, 0x000001a2964b0000, 0x000001a29d770000]
CodeHeap 'profiled nmethods': size=120000Kb used=806Kb max_used=806Kb free=119193Kb
 bounds [0x000001a28e770000, 0x000001a28e9e0000, 0x000001a295ca0000]
CodeHeap 'non-nmethods': size=5760Kb used=1531Kb max_used=1545Kb free=4228Kb
 bounds [0x000001a295ca0000, 0x000001a295f10000, 0x000001a296240000]
 total_blobs=1002 nmethods=555 adapters=352
 compilation: enabled
              stopped_count=0, restarted_count=0
 full_count=0

Compilation events (20 events):
Event: 0.658 Thread 0x000001a2a37fca00  546       3       java.lang.String::concat (15 bytes)
Event: 0.659 Thread 0x000001a2a37fbf60  548       4       java.lang.StringLatin1::lastIndexOf (40 bytes)
Event: 0.659 Thread 0x000001a2a37fca00 nmethod 546 0x000001a28e832510 code [0x000001a28e832880, 0x000001a28e833bf8]
Event: 0.659 Thread 0x000001a2a37fca00  547       3       java.lang.StringConcatHelper::simpleConcat (94 bytes)
Event: 0.660 Thread 0x000001a2a37fca00 nmethod 547 0x000001a28e834310 code [0x000001a28e834660, 0x000001a28e835990]
Event: 0.660 Thread 0x000001a2a37fca00  549       1       jdk.internal.loader.URLClassPath$Loader::getBaseURL (5 bytes)
Event: 0.660 Thread 0x000001a2a37fca00 nmethod 549 0x000001a29626bf10 code [0x000001a29626c0a0, 0x000001a29626c168]
Event: 0.661 Thread 0x000001a2a37fca00  550       3       java.util.Arrays::rangeCheck (74 bytes)
Event: 0.661 Thread 0x000001a2a37fca00 nmethod 550 0x000001a28e836110 code [0x000001a28e8363e0, 0x000001a28e836d78]
Event: 0.662 Thread 0x000001a2a37fbf60 nmethod 548 0x000001a29626c210 code [0x000001a29626c3a0, 0x000001a29626c580]
Event: 0.665 Thread 0x000001a2a37fca00  551       3       jdk.internal.jimage.ImageStringsReader::hashCode (33 bytes)
Event: 0.665 Thread 0x000001a2a37fca00 nmethod 551 0x000001a28e837190 code [0x000001a28e837340, 0x000001a28e8374c0]
Event: 0.665 Thread 0x000001a2a37fca00  552   !   3       java.nio.DirectIntBufferU::get (34 bytes)
Event: 0.665 Thread 0x000001a2a37fca00 nmethod 552 0x000001a28e837590 code [0x000001a28e837800, 0x000001a28e838178]
Event: 0.665 Thread 0x000001a2a37fca00  553       3       java.nio.DirectIntBufferU::ix (10 bytes)
Event: 0.666 Thread 0x000001a2a37fca00 nmethod 553 0x000001a28e838690 code [0x000001a28e838820, 0x000001a28e838940]
Event: 0.666 Thread 0x000001a2a37fca00  554   !   3       jdk.internal.misc.ScopedMemoryAccess::getInt (16 bytes)
Event: 0.666 Thread 0x000001a2a37fca00 nmethod 554 0x000001a28e838a10 code [0x000001a28e838c00, 0x000001a28e839008]
Event: 0.666 Thread 0x000001a2a37fca00  555   !   3       jdk.internal.misc.ScopedMemoryAccess::getIntInternal (34 bytes)
Event: 0.666 Thread 0x000001a2a37fca00 nmethod 555 0x000001a28e839290 code [0x000001a28e839460, 0x000001a28e839700]

GC Heap History (0 events):
No events

Dll operation events (9 events):
Event: 0.016 Loaded shared library C:\Users\dinhp\.jdks\openjdk-21.0.2\bin\java.dll
Event: 0.017 Loaded shared library C:\Users\dinhp\.jdks\openjdk-21.0.2\bin\zip.dll
Event: 0.043 Loaded shared library C:\Users\dinhp\.jdks\openjdk-21.0.2\bin\jsvml.dll
Event: 0.439 Loaded shared library C:\Users\dinhp\.jdks\openjdk-21.0.2\bin\instrument.dll
Event: 0.474 Loaded shared library C:\Users\dinhp\.jdks\openjdk-21.0.2\bin\net.dll
Event: 0.475 Loaded shared library C:\Users\dinhp\.jdks\openjdk-21.0.2\bin\nio.dll
Event: 0.483 Loaded shared library C:\Users\dinhp\.jdks\openjdk-21.0.2\bin\zip.dll
Event: 0.558 Loaded shared library C:\Users\dinhp\.jdks\openjdk-21.0.2\bin\jimage.dll
Event: 0.596 Loaded shared library C:\Users\dinhp\AppData\Local\Temp\lwjglACER\3.3.1-build-7\lwjgl.dll

Deoptimization events (10 events):
Event: 0.452 Thread 0x000001a284b29880 Uncommon trap: trap_request=0xffffff45 fr.pc=0x000001a296252e10 relative=0x0000000000000070
Event: 0.453 Thread 0x000001a284b29880 Uncommon trap: reason=unstable_if action=reinterpret pc=0x000001a296252e10 method=java.lang.String.isLatin1()Z @ 10 c2
Event: 0.453 Thread 0x000001a284b29880 DEOPT PACKING pc=0x000001a296252e10 sp=0x00000050d90fe2b0
Event: 0.453 Thread 0x000001a284b29880 DEOPT UNPACKING pc=0x000001a295cf7da2 sp=0x00000050d90fe250 mode 2
Event: 0.453 Thread 0x000001a284b29880 Uncommon trap: trap_request=0xffffff45 fr.pc=0x000001a296250574 relative=0x00000000000000d4
Event: 0.453 Thread 0x000001a284b29880 Uncommon trap: reason=unstable_if action=reinterpret pc=0x000001a296250574 method=java.lang.String.isLatin1()Z @ 10 c2
Event: 0.453 Thread 0x000001a284b29880 DEOPT PACKING pc=0x000001a296250574 sp=0x00000050d90fedd0
Event: 0.453 Thread 0x000001a284b29880 DEOPT UNPACKING pc=0x000001a295cf7da2 sp=0x00000050d90fed20 mode 2
Event: 0.604 Thread 0x000001a284b29880 DEOPT PACKING pc=0x000001a28e785973 sp=0x00000050d90fa980
Event: 0.604 Thread 0x000001a284b29880 DEOPT UNPACKING pc=0x000001a295cf88e2 sp=0x00000050d90f9da0 mode 0

Classes loaded (20 events):
Event: 0.644 Loading class org/lwjgl/glfw/GLFW
Event: 0.644 Loading class org/lwjgl/glfw/GLFW done
Event: 0.647 Loading class org/lwjgl/glfw/GLFWImage$Buffer
Event: 0.647 Loading class org/lwjgl/glfw/GLFWImage$Buffer done
Event: 0.647 Loading class org/lwjgl/system/StructBuffer
Event: 0.647 Loading class org/lwjgl/system/StructBuffer done
Event: 0.658 Loading class org/lwjgl/system/APIUtil$1
Event: 0.658 Loading class org/lwjgl/system/APIUtil$1 done
Event: 0.658 Loading class java/lang/NoSuchFieldError
Event: 0.658 Loading class java/lang/NoSuchFieldError done
Event: 0.658 Loading class org/lwjgl/system/windows/WindowsLibrary
Event: 0.658 Loading class org/lwjgl/system/windows/WindowsLibrary done
Event: 0.659 Loading class org/lwjgl/system/SharedLibrary$Default
Event: 0.659 Loading class org/lwjgl/system/SharedLibrary$Default done
Event: 0.661 Loading class org/lwjgl/system/windows/WinBase
Event: 0.661 Loading class org/lwjgl/system/windows/WinBase done
Event: 0.662 Loading class org/lwjgl/system/ThreadLocalUtil
Event: 0.662 Loading class org/lwjgl/system/ThreadLocalUtil done
Event: 0.665 Loading class jdk/internal/reflect/MethodHandleIntegerFieldAccessorImpl
Event: 0.666 Loading class jdk/internal/reflect/MethodHandleIntegerFieldAccessorImpl done

Classes unloaded (0 events):
No events

Classes redefined (0 events):
No events

Internal exceptions (19 events):
Event: 0.440 Thread 0x000001a284b29880 Exception <a 'java/lang/NoSuchMethodError'{0x000000008b12fca0}: 'void java.lang.invoke.DirectMethodHandle$Holder.invokeStatic(java.lang.Object, java.lang.Object, java.lang.Object)'> (0x000000008b12fca0) 
thrown [s\open\src\hotspot\share\interpreter\linkResolver.cpp, line 773]
Event: 0.444 Thread 0x000001a284b29880 Exception <a 'java/lang/NoSuchMethodError'{0x000000008b1471a8}: 'java.lang.Object java.lang.invoke.Invokers$Holder.invokeExact_MT(java.lang.Object, java.lang.Object, java.lang.Object, java.lang.Object, java.lang.Object)'> (0x000000008b1471a8) 
thrown [s\open\src\hotspot\share\interpreter\linkResolver.cpp, line 773]
Event: 0.535 Thread 0x000001a284b29880 Exception <a 'java/lang/NoSuchMethodError'{0x000000008aea5cd8}: 'void java.lang.invoke.DirectMethodHandle$Holder.invokeStatic(java.lang.Object, java.lang.Object)'> (0x000000008aea5cd8) 
thrown [s\open\src\hotspot\share\interpreter\linkResolver.cpp, line 773]
Event: 0.537 Thread 0x000001a284b29880 Exception <a 'java/lang/NoSuchMethodError'{0x000000008aeb0340}: 'void java.lang.System.load(java.lang.String, java.lang.Class)'> (0x000000008aeb0340) 
thrown [s\open\src\hotspot\share\interpreter\linkResolver.cpp, line 773]
Event: 0.537 Thread 0x000001a284b29880 Exception <a 'java/lang/NoSuchMethodError'{0x000000008aeb0d10}: 'void java.lang.invoke.DirectMethodHandle$Holder.invokeSpecial(java.lang.Object, java.lang.Object, java.lang.Object)'> (0x000000008aeb0d10) 
thrown [s\open\src\hotspot\share\interpreter\linkResolver.cpp, line 773]
Event: 0.541 Thread 0x000001a284b29880 Exception <a 'java/lang/NoSuchMethodError'{0x000000008aec4548}: 'java.lang.Object java.lang.invoke.DirectMethodHandle$Holder.invokeStatic(java.lang.Object, java.lang.Object, int)'> (0x000000008aec4548) 
thrown [s\open\src\hotspot\share\interpreter\linkResolver.cpp, line 773]
Event: 0.542 Thread 0x000001a284b29880 Exception <a 'java/lang/NoSuchMethodError'{0x000000008aecf998}: 'void java.lang.invoke.DelegatingMethodHandle$Holder.delegate(java.lang.Object, java.lang.Object, int, java.lang.Object)'> (0x000000008aecf998) 
thrown [s\open\src\hotspot\share\interpreter\linkResolver.cpp, line 773]
Event: 0.543 Thread 0x000001a284b29880 Exception <a 'java/lang/NoSuchMethodError'{0x000000008aed3628}: 'int java.lang.invoke.DirectMethodHandle$Holder.invokeSpecial(java.lang.Object, java.lang.Object, java.lang.Object)'> (0x000000008aed3628) 
thrown [s\open\src\hotspot\share\interpreter\linkResolver.cpp, line 773]
Event: 0.548 Thread 0x000001a284b29880 Exception <a 'java/lang/NoSuchMethodError'{0x000000008aeef3d8}: 'void java.lang.System.loadLibrary(java.lang.String, java.lang.Class)'> (0x000000008aeef3d8) 
thrown [s\open\src\hotspot\share\interpreter\linkResolver.cpp, line 773]
Event: 0.593 Thread 0x000001a284b29880 Exception <a 'sun/nio/fs/WindowsException'{0x000000008adcc9c8}> (0x000000008adcc9c8) 
thrown [s\open\src\hotspot\share\prims\jni.cpp, line 520]
Event: 0.594 Thread 0x000001a284b29880 Exception <a 'sun/nio/fs/WindowsException'{0x000000008adcdfd0}> (0x000000008adcdfd0) 
thrown [s\open\src\hotspot\share\prims\jni.cpp, line 520]
Event: 0.619 Thread 0x000001a284b29880 Exception <a 'java/lang/NoSuchMethodError'{0x000000008ac80990}: 'int java.lang.invoke.DirectMethodHandle$Holder.invokeStaticInit(java.lang.Object, java.lang.Object, int, long)'> (0x000000008ac80990) 
thrown [s\open\src\hotspot\share\interpreter\linkResolver.cpp, line 773]
Event: 0.620 Thread 0x000001a284b29880 Exception <a 'java/lang/NoSuchMethodError'{0x000000008ac859b8}: 'java.lang.Object java.lang.invoke.DirectMethodHandle$Holder.newInvokeSpecial(java.lang.Object, java.lang.Object, int)'> (0x000000008ac859b8) 
thrown [s\open\src\hotspot\share\interpreter\linkResolver.cpp, line 773]
Event: 0.624 Thread 0x000001a284b29880 Exception <a 'java/lang/NoSuchMethodError'{0x000000008ac98b30}: 'int java.lang.invoke.DirectMethodHandle$Holder.invokeStaticInit(java.lang.Object, java.lang.Object, long, long)'> (0x000000008ac98b30) 
thrown [s\open\src\hotspot\share\interpreter\linkResolver.cpp, line 773]
Event: 0.625 Thread 0x000001a284b29880 Exception <a 'java/lang/NoSuchMethodError'{0x000000008ac9e010}: 'java.lang.Object java.lang.invoke.DirectMethodHandle$Holder.newInvokeSpecial(java.lang.Object, java.lang.Object, long)'> (0x000000008ac9e010) 
thrown [s\open\src\hotspot\share\interpreter\linkResolver.cpp, line 773]
Event: 0.625 Thread 0x000001a284b29880 Exception <a 'java/lang/NoSuchMethodError'{0x000000008aca1658}: 'java.lang.Object java.lang.invoke.Invokers$Holder.linkToTargetMethod(java.lang.Object, long, java.lang.Object)'> (0x000000008aca1658) 
thrown [s\open\src\hotspot\share\interpreter\linkResolver.cpp, line 773]
Event: 0.627 Thread 0x000001a284b29880 Exception <a 'java/lang/NoSuchMethodError'{0x000000008aca85b0}: 'int java.lang.invoke.DirectMethodHandle$Holder.invokeStaticInit(java.lang.Object, java.lang.Object, java.lang.Object, long)'> (0x000000008aca85b0) 
thrown [s\open\src\hotspot\share\interpreter\linkResolver.cpp, line 773]
Event: 0.657 Thread 0x000001a284b29880 Exception <a 'sun/nio/fs/WindowsException'{0x000000008ab60b98}> (0x000000008ab60b98) 
thrown [s\open\src\hotspot\share\prims\jni.cpp, line 520]
Event: 0.657 Thread 0x000001a284b29880 Exception <a 'sun/nio/fs/WindowsException'{0x000000008ab60ef8}> (0x000000008ab60ef8) 
thrown [s\open\src\hotspot\share\prims\jni.cpp, line 520]

ZGC Phase Switch (0 events):
No events

VM Operations (6 events):
Event: 0.069 Executing VM operation: HandshakeAllThreads (Deoptimize)
Event: 0.069 Executing VM operation: HandshakeAllThreads (Deoptimize) done
Event: 0.429 Executing VM operation: ChangeBreakpoints
Event: 0.429 Executing VM operation: ChangeBreakpoints done
Event: 0.435 Executing VM operation: ChangeBreakpoints
Event: 0.436 Executing VM operation: ChangeBreakpoints done

Events (14 events):
Event: 0.029 Thread 0x000001a284b29880 Thread added: 0x000001a284b29880
Event: 0.041 Thread 0x000001a2a37e6040 Thread added: 0x000001a2a37e6040
Event: 0.041 Thread 0x000001a2a37e7050 Thread added: 0x000001a2a37e7050
Event: 0.041 Thread 0x000001a2a37e92a0 Thread added: 0x000001a2a37e92a0
Event: 0.041 Thread 0x000001a2a37ea250 Thread added: 0x000001a2a37ea250
Event: 0.041 Thread 0x000001a2a37ed240 Thread added: 0x000001a2a37ed240
Event: 0.041 Thread 0x000001a2a37f7cd0 Thread added: 0x000001a2a37f7cd0
Event: 0.041 Thread 0x000001a2a37fbf60 Thread added: 0x000001a2a37fbf60
Event: 0.041 Thread 0x000001a2a37fca00 Thread added: 0x000001a2a37fca00
Event: 0.065 Thread 0x000001a2a3a264c0 Thread added: 0x000001a2a3a264c0
Event: 0.083 Thread 0x000001a2a3abc1c0 Thread added: 0x000001a2a3abc1c0
Event: 0.083 Thread 0x000001a2a3ac5660 Thread added: 0x000001a2a3ac5660
Event: 0.084 Thread 0x000001a2a3ac5ce0 Thread added: 0x000001a2a3ac5ce0
Event: 0.451 Thread 0x000001a2a3b36ae0 Thread added: 0x000001a2a3b36ae0


Dynamic libraries:
0x00007ff619670000 - 0x00007ff61967e000 	C:\Users\dinhp\.jdks\openjdk-21.0.2\bin\java.exe
0x00007ffa79530000 - 0x00007ffa79747000 	C:\WINDOWS\SYSTEM32\ntdll.dll
0x00007ffa78260000 - 0x00007ffa78324000 	C:\WINDOWS\System32\KERNEL32.DLL
0x00007ffa76930000 - 0x00007ffa76cd6000 	C:\WINDOWS\System32\KERNELBASE.dll
0x00007ffa76d80000 - 0x00007ffa76e91000 	C:\WINDOWS\System32\ucrtbase.dll
0x00007ffa69f10000 - 0x00007ffa69f28000 	C:\Users\dinhp\.jdks\openjdk-21.0.2\bin\jli.dll
0x00007ffa69f30000 - 0x00007ffa69f4b000 	C:\Users\dinhp\.jdks\openjdk-21.0.2\bin\VCRUNTIME140.dll
0x00007ffa77490000 - 0x00007ffa7763e000 	C:\WINDOWS\System32\USER32.dll
0x00007ffa76ea0000 - 0x00007ffa76ec6000 	C:\WINDOWS\System32\win32u.dll
0x00007ffa5e6c0000 - 0x00007ffa5e953000 	C:\WINDOWS\WinSxS\amd64_microsoft.windows.common-controls_6595b64144ccf1df_6.0.22621.2506_none_270c5ae97388e100\COMCTL32.dll
0x00007ffa78120000 - 0x00007ffa78149000 	C:\WINDOWS\System32\GDI32.dll
0x00007ffa78390000 - 0x00007ffa78437000 	C:\WINDOWS\System32\msvcrt.dll
0x00007ffa77070000 - 0x00007ffa77188000 	C:\WINDOWS\System32\gdi32full.dll
0x00007ffa76ce0000 - 0x00007ffa76d7a000 	C:\WINDOWS\System32\msvcp_win.dll
0x00007ffa77e00000 - 0x00007ffa77e31000 	C:\WINDOWS\System32\IMM32.DLL
0x00007ffa69f00000 - 0x00007ffa69f0c000 	C:\Users\dinhp\.jdks\openjdk-21.0.2\bin\vcruntime140_1.dll
0x00007ffa243b0000 - 0x00007ffa2443e000 	C:\Users\dinhp\.jdks\openjdk-21.0.2\bin\msvcp140.dll
0x00007ff9fc010000 - 0x00007ff9fcd27000 	C:\Users\dinhp\.jdks\openjdk-21.0.2\bin\server\jvm.dll
0x00007ffa77280000 - 0x00007ffa77333000 	C:\WINDOWS\System32\ADVAPI32.dll
0x00007ffa78070000 - 0x00007ffa78118000 	C:\WINDOWS\System32\sechost.dll
0x00007ffa77040000 - 0x00007ffa77068000 	C:\WINDOWS\System32\bcrypt.dll
0x00007ffa78b40000 - 0x00007ffa78c57000 	C:\WINDOWS\System32\RPCRT4.dll
0x00007ffa78550000 - 0x00007ffa785c1000 	C:\WINDOWS\System32\WS2_32.dll
0x00007ffa756d0000 - 0x00007ffa7571d000 	C:\WINDOWS\SYSTEM32\POWRPROF.dll
0x00007ffa6b0d0000 - 0x00007ffa6b104000 	C:\WINDOWS\SYSTEM32\WINMM.dll
0x00007ffa6cfa0000 - 0x00007ffa6cfaa000 	C:\WINDOWS\SYSTEM32\VERSION.dll
0x00007ffa756a0000 - 0x00007ffa756b3000 	C:\WINDOWS\SYSTEM32\UMPDC.dll
0x00007ffa758d0000 - 0x00007ffa758e8000 	C:\WINDOWS\SYSTEM32\kernel.appcore.dll
0x00007ffa69ef0000 - 0x00007ffa69efa000 	C:\Users\dinhp\.jdks\openjdk-21.0.2\bin\jimage.dll
0x00007ffa74160000 - 0x00007ffa74393000 	C:\WINDOWS\SYSTEM32\DBGHELP.DLL
0x00007ffa785d0000 - 0x00007ffa78959000 	C:\WINDOWS\System32\combase.dll
0x00007ffa78150000 - 0x00007ffa78227000 	C:\WINDOWS\System32\OLEAUT32.dll
0x00007ffa59010000 - 0x00007ffa59042000 	C:\WINDOWS\SYSTEM32\dbgcore.DLL
0x00007ffa77200000 - 0x00007ffa7727a000 	C:\WINDOWS\System32\bcryptPrimitives.dll
0x00007ffa3e220000 - 0x00007ffa3e25c000 	C:\Users\dinhp\.jdks\openjdk-21.0.2\bin\jdwp.dll
0x00007ffa68920000 - 0x00007ffa6892f000 	C:\Users\dinhp\.jdks\openjdk-21.0.2\bin\instrument.dll
0x00007ffa381f0000 - 0x00007ffa3820f000 	C:\Users\dinhp\.jdks\openjdk-21.0.2\bin\java.dll
0x00007ffa2e650000 - 0x00007ffa2e668000 	C:\Users\dinhp\.jdks\openjdk-21.0.2\bin\zip.dll
0x00007ffa78c70000 - 0x00007ffa794ca000 	C:\WINDOWS\System32\SHELL32.dll
0x00007ffa74770000 - 0x00007ffa75066000 	C:\WINDOWS\SYSTEM32\windows.storage.dll
0x00007ffa74630000 - 0x00007ffa7476e000 	C:\WINDOWS\SYSTEM32\wintypes.dll
0x00007ffa78450000 - 0x00007ffa78543000 	C:\WINDOWS\System32\SHCORE.dll
0x00007ffa78330000 - 0x00007ffa7838e000 	C:\WINDOWS\System32\shlwapi.dll
0x00007ffa767a0000 - 0x00007ffa767c6000 	C:\WINDOWS\SYSTEM32\profapi.dll
0x00007ffa242d0000 - 0x00007ffa243a7000 	C:\Users\dinhp\.jdks\openjdk-21.0.2\bin\jsvml.dll
0x00007ffa67d80000 - 0x00007ffa67d8c000 	C:\Users\dinhp\.jdks\openjdk-21.0.2\bin\dt_socket.dll
0x00007ffa75350000 - 0x00007ffa7537d000 	C:\WINDOWS\SYSTEM32\IPHLPAPI.DLL
0x00007ffa75e10000 - 0x00007ffa75e79000 	C:\WINDOWS\system32\mswsock.dll
0x00007ffa5cb00000 - 0x00007ffa5cb10000 	C:\Users\dinhp\.jdks\openjdk-21.0.2\bin\net.dll
0x00007ffa6e410000 - 0x00007ffa6e547000 	C:\WINDOWS\SYSTEM32\WINHTTP.dll
0x00007ffa2f9a0000 - 0x00007ffa2f9b6000 	C:\Users\dinhp\.jdks\openjdk-21.0.2\bin\nio.dll
0x00007ffa3cd20000 - 0x00007ffa3cd95000 	C:\Users\dinhp\AppData\Local\Temp\lwjglACER\3.3.1-build-7\lwjgl.dll
0x00007ffa34d30000 - 0x00007ffa34d91000 	C:\Users\dinhp\AppData\Local\Temp\lwjglACER\3.3.1-build-7\glfw.dll

dbghelp: loaded successfully - version: 4.0.5 - missing functions: none
symbol engine: initialized successfully - sym options: 0x614 - pdb path: .;C:\Users\dinhp\.jdks\openjdk-21.0.2\bin;C:\WINDOWS\SYSTEM32;C:\WINDOWS\WinSxS\amd64_microsoft.windows.common-controls_6595b64144ccf1df_6.0.22621.2506_none_270c5ae97388e100;C:\Users\dinhp\.jdks\openjdk-21.0.2\bin\server;C:\Users\dinhp\AppData\Local\Temp\lwjglACER\3.3.1-build-7

VM Arguments:
jvm_args: -agentlib:jdwp=transport=dt_socket,address=127.0.0.1:60591,suspend=y,server=n -javaagent:C:\Users\dinhp\AppData\Local\JetBrains\IntelliJIdea2023.3\captureAgent\debugger-agent.jar -Dfile.encoding=UTF-8 -Dsun.stdout.encoding=UTF-8 -Dsun.stderr.encoding=UTF-8 
java_command: Main
java_class_path (initial): C:\Users\dinhp\ducky-game\target\classes;C:\Users\dinhp\.m2\repository\io\imgui\java\binding\1.77-0.17.1\binding-1.77-0.17.1.jar;C:\Users\dinhp\.m2\repository\io\imgui\java\lwjgl3\1.77-0.17.1\lwjgl3-1.77-0.17.1.jar;C:\Users\dinhp\.m2\repository\io\imgui\java\natives-windows\1.77-0.17.1\natives-windows-1.77-0.17.1.jar;C:\Users\dinhp\.m2\repository\io\imgui\java\natives-linux\1.77-0.17.1\natives-linux-1.77-0.17.1.jar;C:\Users\dinhp\.m2\repository\org\lwjgl\lwjgl\3.3.1\lwjgl-3.3.1.jar;C:\Users\dinhp\.m2\repository\com\google\code\gson\gson\2.10.1\gson-2.10.1.jar;C:\Users\dinhp\.m2\repository\org\lwjgl\lwjgl-nfd\3.3.1\lwjgl-nfd-3.3.1.jar;C:\Users\dinhp\.m2\repository\org\lwjgl\lwjgl-assimp\3.3.1\lwjgl-assimp-3.3.1.jar;C:\Users\dinhp\.m2\repository\org\lwjgl\lwjgl-glfw\3.3.1\lwjgl-glfw-3.3.1.jar;C:\Users\dinhp\.m2\repository\org\lwjgl\lwjgl-openal\3.3.1\lwjgl-openal-3.3.1.jar;C:\Users\dinhp\.m2\repository\org\lwjgl\lwjgl-opengl\3.3.1\lwjgl-opengl-3.3.1.jar;C:\Users\dinhp\.m2\repository\org\lwjgl\lwjgl-stb\3.3.1\lwjgl-stb-3.3.1.jar;C:\Users\dinhp\.m2\repository\org\lwjgl\lwjgl\3.3.1\lwjgl-3.3.1-natives-windows.jar;C:\Users\dinhp\.m2\repository\org\lwjgl\lwjgl-assimp\3.3.1\lwjgl-assimp-3.3.1-natives-windows.jar;C:\Users\dinhp\.m2\repository\org\lwjgl\lwjgl-glfw\3.3.1\lwjgl-glfw-3.3.1-natives-windows.jar;C:\Users\dinhp\.m2\repository\org\lwjgl\lwjgl-openal\3.3.1\lwjgl-openal-3.3.1-natives-windows.jar;C:\Users\dinhp\.m2\repository\org\lwjgl\lwjgl-opengl\3.3.1\lwjgl-opengl-3.3.1-natives-windows.jar;C:\Users\dinhp\.m2\repository\org\mongodb\mongodb-driver\3.12.14\mongodb-driver-3.12.14.jar;C:\Users\dinhp\.m2\repository\org\mongodb\bson\3.12.14\bson-3.12.14.jar;C:\Users\dinhp\.m2\repository\org\mongodb\mongodb-driver-core\3.12.14\mongodb-driver-core-3.12.14.jar;C:\Users\dinhp\.m2\repository\org\lwjgl\lwjgl-stb\3.3.1\lwjgl-stb-3.3.1-natives-windows.jar;C:\Users\dinhp\.m2\repository\org\lwjgl\lwjgl-nfd\3.3.1\lwjgl-nfd-3.3.1-natives-windows.jar;C:\Users\dinhp\.m2\repository\org\joml\joml\1.9.24\joml-1.9.24.jar;C:\Program Files\JetBrains\IntelliJ IDEA 2023.2.5\lib\idea_rt.jar
Launcher Type: SUN_STANDARD

[Global flags]
     intx CICompilerCount                          = 4                                         {product} {ergonomic}
     uint ConcGCThreads                            = 3                                         {product} {ergonomic}
     uint G1ConcRefinementThreads                  = 10                                        {product} {ergonomic}
   size_t G1HeapRegionSize                         = 1048576                                   {product} {ergonomic}
    uintx GCDrainStackTargetSize                   = 64                                        {product} {ergonomic}
   size_t InitialHeapSize                          = 132120576                                 {product} {ergonomic}
   size_t MarkStackSize                            = 4194304                                   {product} {ergonomic}
   size_t MaxHeapSize                              = 2090860544                                {product} {ergonomic}
   size_t MaxNewSize                               = 1254096896                                {product} {ergonomic}
   size_t MinHeapDeltaBytes                        = 1048576                                   {product} {ergonomic}
   size_t MinHeapSize                              = 8388608                                   {product} {ergonomic}
    uintx NonNMethodCodeHeapSize                   = 5839372                                {pd product} {ergonomic}
    uintx NonProfiledCodeHeapSize                  = 122909434                              {pd product} {ergonomic}
    uintx ProfiledCodeHeapSize                     = 122909434                              {pd product} {ergonomic}
    uintx ReservedCodeCacheSize                    = 251658240                              {pd product} {ergonomic}
     bool SegmentedCodeCache                       = true                                      {product} {ergonomic}
   size_t SoftMaxHeapSize                          = 2090860544                             {manageable} {ergonomic}
     bool UseCompressedOops                        = true                           {product lp64_product} {ergonomic}
     bool UseG1GC                                  = true                                      {product} {ergonomic}
     bool UseLargePagesIndividualAllocation        = false                                  {pd product} {ergonomic}

Logging:
Log output configuration:
 #0: stdout all=warning uptime,level,tags foldmultilines=false
 #1: stderr all=off uptime,level,tags foldmultilines=false

Environment Variables:
PATH=C:\Program Files\Microsoft\jdk-11.0.16.101-hotspot\bin;C:\Program Files (x86)\VMware\VMware Workstation\bin\;C:\Windows\system32;C:\Windows;C:\Windows\System32\Wbem;C:\Windows\System32\WindowsPowerShell\v1.0\;C:\Windows\System32\OpenSSH\;C:\Program Files (x86)\NVIDIA Corporation\PhysX\Common;C:\Program Files\NVIDIA Corporation\NVIDIA NvDLISR;C:\WINDOWS\system32;C:\WINDOWS;C:\WINDOWS\System32\Wbem;C:\WINDOWS\System32\WindowsPowerShell\v1.0\;C:\WINDOWS\System32\OpenSSH\;C:\Program Files\Azure Data Studio\bin;C:\Program Files (x86)\Microsoft SQL Server\160\Tools\Binn\;C:\Program Files\Microsoft SQL Server\160\Tools\Binn\;C:\Program Files\Microsoft SQL Server\Client SDK\ODBC\170\Tools\Binn\;C:\Program Files\Microsoft SQL Server\160\DTS\Binn\;C:\Program Files (x86)\Microsoft SQL Server\160\DTS\Binn\;C:\Program Files\Git\cmd;C:\Program Files\Microsoft SQL Server\150\Tools\Binn\;C:\Program Files\dotnet\;C:\Users\dinhp\AppData\Local\Microsoft\WindowsApps;;C:\Users\dinhp\AppData\Local\Programs\Microsoft VS Code\bin;C:\Program Files\Azure Data Studio\bin;C:\Users\dinhp\.dotnet\tools
USERNAME=ACER
OS=Windows_NT
PROCESSOR_IDENTIFIER=Intel64 Family 6 Model 141 Stepping 1, GenuineIntel
TMP=C:\Users\dinhp\AppData\Local\Temp
TEMP=C:\Users\dinhp\AppData\Local\Temp




Periodic native trim disabled

---------------  S Y S T E M  ---------------

OS:
 Windows 11 , 64 bit Build 22621 (10.0.22621.2506)
OS uptime: 8 days 16:19 hours
Hyper-V role detected

CPU: total 12 (initial active 12) (6 cores per cpu, 2 threads per core) family 6 model 141 stepping 1 microcode 0x3c, cx8, cmov, fxsr, ht, mmx, 3dnowpref, sse, sse2, sse3, ssse3, sse4.1, sse4.2, popcnt, lzcnt, tsc, tscinvbit, avx, avx2, aes, erms, clmul, bmi1, bmi2, adx, avx512f, avx512dq, avx512cd, avx512bw, avx512vl, sha, fma, vzeroupper, avx512_vpopcntdq, avx512_vpclmulqdq, avx512_vaes, avx512_vnni, clflush, clflushopt, clwb, avx512_vbmi2, avx512_vbmi, hv, rdtscp, rdpid, fsrm, gfni, avx512_bitalg, f16c, cet_ibt, cet_ss, avx512_ifma
Processor Information for all 12 processors :
  Max Mhz: 2688, Current Mhz: 2688, Mhz Limit: 2688

Memory: 4k page, system-wide physical 7971M (671M free)
TotalPageFile size 21283M (AvailPageFile size 8519M)
current process WorkingSet (physical memory assigned to process): 50M, peak: 50M
current process commit charge ("private bytes"): 216M, peak: 216M

vm_info: OpenJDK 64-Bit Server VM (21.0.2+13-58) for windows-amd64 JRE (21.0.2+13-58), built on 2024-01-05T18:32:24Z by "mach5one" with MS VC++ 17.1 (VS2022)

END.
