#
# A fatal error has been detected by the Java Runtime Environment:
#
#  EXCEPTION_ACCESS_VIOLATION (0xc0000005) at pc=0x00007ffd8d97366c, pid=5540, tid=8876
#
# JRE version: Java(TM) SE Runtime Environment (21.0.1+12) (build 21.0.1+12-LTS-29)
# Java VM: Java HotSpot(TM) 64-Bit Server VM (21.0.1+12-LTS-29, mixed mode, sharing, tiered, compressed oops, compressed class ptrs, g1 gc, windows-amd64)
# Problematic frame:
# C  [igxelpicd64.dll+0x13366c]
#
# No core dump will be written. Minidumps are not enabled by default on client versions of Windows
#
# If you would like to submit a bug report, please visit:
#   https://bugreport.java.com/bugreport/crash.jsp
#

---------------  S U M M A R Y ------------

Command Line: -javaagent:D:\IntelliJ IDEA Community Edition 2023.3.3\lib\idea_rt.jar=52532:D:\IntelliJ IDEA Community Edition 2023.3.3\bin -Dfile.encoding=UTF-8 -Dsun.stdout.encoding=UTF-8 -Dsun.stderr.encoding=UTF-8 main.Main

Host: 11th Gen Intel(R) Core(TM) i5-11400H @ 2.70GHz, 12 cores, 15G,  Windows 11 , 64 bit Build 22621 (10.0.22621.3085)
Time: Wed Feb 21 17:42:26 2024 SE Asia Standard Time elapsed time: 737.907389 seconds (0d 0h 12m 17s)

---------------  T H R E A D  ---------------

Current thread (0x0000028ba5225be0):  VMThread "VM Thread"          [id=8876, stack(0x000000a189e00000,0x000000a189f00000) (1024K)]

Stack: [0x000000a189e00000,0x000000a189f00000],  sp=0x000000a189efe590,  free space=1017k
Native frames: (J=compiled Java code, j=interpreted, Vv=VM code, C=native code)
C  [igxelpicd64.dll+0x13366c]


siginfo: EXCEPTION_ACCESS_VIOLATION (0xc0000005), reading address 0x00000000000356f8


Registers:
RAX=0x0000028ba5cdcb28, RBX=0x0000028ba5cdca20, RCX=0x0000000000000000, RDX=0x0000000000000000
RSP=0x000000a189efe590, RBP=0x0000000000000000, RSI=0x0000028ba5cdcff0, RDI=0x0000028ba5bf4420
R8 =0x0000000000000014, R9 =0x0000000000000000, R10=0x0000000000000000, R11=0x0000000000000000
R12=0x0000000000000000, R13=0x0000028ba5cdf810, R14=0x0000000013278b00, R15=0x0000000000000016
RIP=0x00007ffd8d97366c, EFLAGS=0x0000000000010206


Register to memory mapping:

RAX=0x0000028ba5cdcb28 points into unknown readable memory: 0x0000000013277be7 | e7 7b 27 13 00 00 00 00
RBX=0x0000028ba5cdca20 points into unknown readable memory: 0x0000028ba59d5350 | 50 53 9d a5 8b 02 00 00
RCX=0x0 is null
RDX=0x0 is null
RSP=0x000000a189efe590 points into unknown readable memory: 0x0000028ba59eef80 | 80 ef 9e a5 8b 02 00 00
RBP=0x0 is null
RSI=0x0000028ba5cdcff0 points into unknown readable memory: 0x0000028ba5cdf810 | 10 f8 cd a5 8b 02 00 00
RDI=0x0000028ba5bf4420 points into unknown readable memory: 0x0000028ba5a53800 | 00 38 a5 a5 8b 02 00 00
R8 =0x0000000000000014 is an unknown value
R9 =0x0 is null
R10=0x0 is null
R11=0x0 is null
R12=0x0 is null
R13=0x0000028ba5cdf810 points into unknown readable memory: 0x0000028ba59d5350 | 50 53 9d a5 8b 02 00 00
R14=0x0000000013278b00 is an unknown value
R15=0x0000000000000016 is an unknown value

Top of Stack: (sp=0x000000a189efe590)
0x000000a189efe590:   0000028ba59eef80 0000000000000000
0x000000a189efe5a0:   000000a189efee40 00007ffe1b2533b4
0x000000a189efe5b0:   00007ffdb3749010 00007ffe1b245511
0x000000a189efe5c0:   0000000000000001 00007ffe1b2418f4
0x000000a189efe5d0:   0000028ba5aace38 0000000013278bfe
0x000000a189efe5e0:   0000000000000000 000000000000000d
0x000000a189efe5f0:   0000000000000000 0000000000000000
0x000000a189efe600:   000000a189efe710 00007ffd8daebc3c
0x000000a189efe610:   0000028ba59eef80 0000028ba5bf4420
0x000000a189efe620:   0000028b839a0a00 0000000000000000
0x000000a189efe630:   000000a100000a80 0000b8021e7e0000
0x000000a189efe640:   0000000000000000 000000a189efe998
0x000000a189efe650:   000000a1892ff000 00007ffe1b1cd8e6
0x000000a189efe660:   0000028b83990000 0000000000000002
0x000000a189efe670:   0000000200000101 00007ffd8dae19a0
0x000000a189efe680:   00007ffe1b2197f0 00000000000004b4
0x000000a189efe690:   000000a189efe7f8 000000a189efe820
0x000000a189efe6a0:   00007ffe00000002 00000000000004b4
0x000000a189efe6b0:   000025189af8ac60 00007ffd8d8c3cdf
0x000000a189efe6c0:   0000b8021e7e0000 0000000000000a80
0x000000a189efe6d0:   0000000000000000 4000170000000001
0x000000a189efe6e0:   0000000000000000 0000000000000000
0x000000a189efe6f0:   0000000000000000 0000000000000000
0x000000a189efe700:   0000000000000000 0000000000000000
0x000000a189efe710:   0000000000000000 0000000000000000
0x000000a189efe720:   0000000000000000 0000000000000000
0x000000a189efe730:   0000000000000000 0000000000000000
0x000000a189efe740:   0000000000000000 0000000000000000
0x000000a189efe750:   0000000000000000 0000000000000000
0x000000a189efe760:   0000000000000000 0000000000000000
0x000000a189efe770:   0000000000000000 0000000000000000
0x000000a189efe780:   0000000000000000 0000000000000000 

Instructions: (pc=0x00007ffd8d97366c)
0x00007ffd8d97356c:   ec 40 45 8a e1 48 8b fa 48 8b e9 48 8b 1d 42 08
0x00007ffd8d97357c:   e0 00 48 89 58 08 48 8b cb ff 15 85 5b 9a 00 90
0x00007ffd8d97358c:   4c 8b af 78 02 00 00 48 8b 05 c6 e4 cf 00 44 8b
0x00007ffd8d97359c:   b8 40 0b 00 00 45 33 db 45 8a f3 4c 89 9f 78 02
0x00007ffd8d9735ac:   00 00 44 89 9f 80 02 00 00 4c 89 9f 98 02 00 00
0x00007ffd8d9735bc:   4c 89 9f 88 02 00 00 48 85 ed 75 38 8b 35 4a e2
0x00007ffd8d9735cc:   df 00 65 48 8b 04 25 58 00 00 00 b9 14 00 00 00
0x00007ffd8d9735dc:   48 8b 04 f0 44 38 1c 01 0f 84 9d da 86 00 65 48
0x00007ffd8d9735ec:   8b 04 25 58 00 00 00 bd 20 00 00 00 48 8b 04 f0
0x00007ffd8d9735fc:   48 8b 2c 28 48 3b 2d 39 07 e0 00 45 0f 44 fb 4d
0x00007ffd8d97360c:   85 ed 0f 84 21 01 00 00 44 8a a4 24 90 00 00 00
0x00007ffd8d97361c:   49 8b dd 49 8d b5 d0 05 00 00 4c 8b 2e 45 84 e4
0x00007ffd8d97362c:   0f 85 2a 03 00 00 8b 97 c8 01 00 00 48 8b 05 21
0x00007ffd8d97363c:   e4 cf 00 83 b8 78 03 00 00 02 75 31 83 fa 10 0f
0x00007ffd8d97364c:   83 20 01 00 00 48 8d 04 d5 21 00 00 00 48 03 c2
0x00007ffd8d97365c:   48 8d 04 c3 48 85 c0 0f 85 ff 00 00 00 49 8b cb
0x00007ffd8d97366c:   48 3b 8d f8 56 03 00 0f 87 f3 02 00 00 4c 39 9b
0x00007ffd8d97367c:   48 06 00 00 0f 85 41 da 86 00 44 8b 97 c8 01 00
0x00007ffd8d97368c:   00 48 8b 87 e0 01 00 00 4c 8b 08 8b 97 c8 01 00
0x00007ffd8d97369c:   00 83 fa 10 0f 83 03 01 00 00 48 8d 04 d5 21 00
0x00007ffd8d9736ac:   00 00 48 03 c2 48 8d 04 c3 48 85 c0 0f 85 e2 00
0x00007ffd8d9736bc:   00 00 49 8b cb 49 3b c9 0f 86 0e 01 00 00 48 8b
0x00007ffd8d9736cc:   87 78 02 00 00 48 89 06 48 89 9f 78 02 00 00 ff
0x00007ffd8d9736dc:   87 80 02 00 00 48 8b 43 08 48 8b 88 18 01 00 00
0x00007ffd8d9736ec:   48 81 e1 00 00 ff ff 48 81 c1 00 00 01 00 48 01
0x00007ffd8d9736fc:   8f 88 02 00 00 48 8b 43 08 48 8b 88 18 01 00 00
0x00007ffd8d97370c:   48 01 8f 98 02 00 00 4d 85 ed 0f 85 00 ff ff ff
0x00007ffd8d97371c:   45 84 f6 44 8a a4 24 98 00 00 00 0f 85 82 03 00
0x00007ffd8d97372c:   00 48 8b 9c 24 80 00 00 00 48 8b cf 45 84 e4 0f
0x00007ffd8d97373c:   85 8a 03 00 00 e8 fa f9 ff ff 90 48 8b cb 48 8b
0x00007ffd8d97374c:   9c 24 88 00 00 00 48 83 c4 40 41 5f 41 5e 41 5d
0x00007ffd8d97375c:   41 5c 5f 5e 5d 48 ff 25 b0 59 9a 00 48 8b 48 08 


Stack slot to memory mapping:

stack at sp + 0 slots: 0x0000028ba59eef80 points into unknown readable memory: 0xffffffffffffffff | ff ff ff ff ff ff ff ff
stack at sp + 1 slots: 0x0 is null
stack at sp + 2 slots: 0x000000a189efee40 points into unknown readable memory: 0x0000028bf455e8a0 | a0 e8 55 f4 8b 02 00 00
stack at sp + 3 slots: 0x00007ffe1b2533b4 ntdll.dll
stack at sp + 4 slots: 0x00007ffdb3749010 jvm.dll
stack at sp + 5 slots: 0x00007ffe1b245511 ntdll.dll
stack at sp + 6 slots: 0x0000000000000001 is an unknown value
stack at sp + 7 slots: 0x00007ffe1b2418f4 ntdll.dll

VM_Operation (0x000000a1894fee20): Exit, mode: safepoint, requested by thread 0x0000028bf3a66420


---------------  P R O C E S S  ---------------

Threads class SMR info:
_java_thread_list=0x0000028ba5586860, length=13, elements={
0x0000028b83b71ae0, 0x0000028ba52462f0, 0x0000028ba5247300, 0x0000028ba5249c40,
0x0000028ba524a990, 0x0000028ba524d4f0, 0x0000028ba524ef60, 0x0000028ba5252e40,
0x0000028ba5264d80, 0x0000028ba548bd10, 0x0000028ba5883c30, 0x0000028ba589dbf0,
0x0000028bf3a66420
}

Java Threads: ( => current thread )
  0x0000028b83b71ae0 JavaThread "main"                              [_thread_blocked, id=17848, stack(0x000000a189700000,0x000000a189800000) (1024K)]
  0x0000028ba52462f0 JavaThread "Reference Handler"          daemon [_thread_blocked, id=21856, stack(0x000000a189f00000,0x000000a18a000000) (1024K)]
  0x0000028ba5247300 JavaThread "Finalizer"                  daemon [_thread_blocked, id=14836, stack(0x000000a18a000000,0x000000a18a100000) (1024K)]
  0x0000028ba5249c40 JavaThread "Signal Dispatcher"          daemon [_thread_blocked, id=9428, stack(0x000000a18a100000,0x000000a18a200000) (1024K)]
  0x0000028ba524a990 JavaThread "Attach Listener"            daemon [_thread_blocked, id=7996, stack(0x000000a18a200000,0x000000a18a300000) (1024K)]
  0x0000028ba524d4f0 JavaThread "Service Thread"             daemon [_thread_blocked, id=5616, stack(0x000000a18a300000,0x000000a18a400000) (1024K)]
  0x0000028ba524ef60 JavaThread "Monitor Deflation Thread"   daemon [_thread_blocked, id=15012, stack(0x000000a18a400000,0x000000a18a500000) (1024K)]
  0x0000028ba5252e40 JavaThread "C2 CompilerThread0"         daemon [_thread_blocked, id=16504, stack(0x000000a18a500000,0x000000a18a600000) (1024K)]
  0x0000028ba5264d80 JavaThread "C1 CompilerThread0"         daemon [_thread_blocked, id=20256, stack(0x000000a18a600000,0x000000a18a700000) (1024K)]
  0x0000028ba548bd10 JavaThread "Common-Cleaner"             daemon [_thread_blocked, id=7744, stack(0x000000a18a700000,0x000000a18a800000) (1024K)]
  0x0000028ba5883c30 JavaThread "Monitor Ctrl-Break"         daemon [_thread_in_native, id=4460, stack(0x000000a18a900000,0x000000a18aa00000) (1024K)]
  0x0000028ba589dbf0 JavaThread "Notification Thread"        daemon [_thread_blocked, id=18256, stack(0x000000a18aa00000,0x000000a18ab00000) (1024K)]
  0x0000028bf3a66420 JavaThread "SIGINT handler"             daemon [_thread_blocked, id=12196, stack(0x000000a189400000,0x000000a189500000) (1024K)]
Total: 13

Other Threads:
=>0x0000028ba5225be0 VMThread "VM Thread"                           [id=8876, stack(0x000000a189e00000,0x000000a189f00000) (1024K)]
  0x0000028b85d802a0 WorkerThread "GC Thread#0"                     [id=20892, stack(0x000000a189800000,0x000000a189900000) (1024K)]
  0x0000028bf46817c0 WorkerThread "GC Thread#1"                     [id=24392, stack(0x000000a18b300000,0x000000a18b400000) (1024K)]
  0x0000028bf39da580 WorkerThread "GC Thread#2"                     [id=14520, stack(0x000000a18b400000,0x000000a18b500000) (1024K)]
  0x0000028bf39da920 WorkerThread "GC Thread#3"                     [id=17104, stack(0x000000a18b500000,0x000000a18b600000) (1024K)]
  0x0000028bf39dacc0 WorkerThread "GC Thread#4"                     [id=21684, stack(0x000000a18b600000,0x000000a18b700000) (1024K)]
  0x0000028bf39db060 WorkerThread "GC Thread#5"                     [id=18420, stack(0x000000a18b700000,0x000000a18b800000) (1024K)]
  0x0000028bf3d5c690 WorkerThread "GC Thread#6"                     [id=20008, stack(0x000000a18b800000,0x000000a18b900000) (1024K)]
  0x0000028bf3d5b810 WorkerThread "GC Thread#7"                     [id=8056, stack(0x000000a18b900000,0x000000a18ba00000) (1024K)]
  0x0000028bf3d5ca30 WorkerThread "GC Thread#8"                     [id=11820, stack(0x000000a18ba00000,0x000000a18bb00000) (1024K)]
  0x0000028bf3d5c2f0 WorkerThread "GC Thread#9"                     [id=19200, stack(0x000000a18bb00000,0x000000a18bc00000) (1024K)]
  0x0000028b85d91080 ConcurrentGCThread "G1 Main Marker"            terminated
  0x0000028b85d91b80 WorkerThread "G1 Conc#0"                       [id=24300, stack(0x000000a189a00000,0x000000a189b00000) (1024K)]
  0x0000028b85dde580 ConcurrentGCThread "G1 Refine#0"               terminated
  0x0000028ba50df2c0 ConcurrentGCThread "G1 Service"                terminated
Total: 15

Threads with active compile tasks:
Total: 0

VM state: at safepoint (shutting down)

VM Mutex/Monitor currently owned by a thread:  ([mutex/lock_event])
[0x00007ffdb3a8a5f8] Threads_lock - owner thread: 0x0000028ba5225be0
[0x00007ffdb3a8a6f8] Heap_lock - owner thread: 0x0000028bf3a66420

Heap address: 0x0000000703a00000, size: 4038 MB, Compressed Oops mode: Zero based, Oop shift amount: 3

CDS archive(s) mapped at: [0x0000028ba6000000-0x0000028ba6c90000-0x0000028ba6c90000), size 13172736, SharedBaseAddress: 0x0000028ba6000000, ArchiveRelocationMode: 1.
Compressed class space mapped at: 0x0000028ba7000000-0x0000028be7000000, reserved size: 1073741824
Narrow klass base: 0x0000028ba6000000, Narrow klass shift: 0, Narrow klass range: 0x100000000

GC Precious Log:
 CardTable entry size: 512
 Card Set container configuration: InlinePtr #cards 4 size 8 Array Of Cards #cards 16 size 48 Howl #buckets 8 coarsen threshold 3686 Howl Bitmap #cards 512 size 80 coarsen threshold 460 Card regions per heap region 1 cards per card region 4096
 CPUs: 12 total, 12 available
 Memory: 16147M
 Large Page Support: Disabled
 NUMA Support: Disabled
 Compressed Oops: Enabled (Zero based)
 Heap Region Size: 2M
 Heap Min Capacity: 8M
 Heap Initial Capacity: 254M
 Heap Max Capacity: 4038M
 Pre-touch: Disabled
 Parallel Workers: 10
 Concurrent Workers: 3
 Concurrent Refinement Workers: 10
 Periodic GC: Disabled

Heap:
 garbage-first heap   total 260096K, used 90908K [0x0000000703a00000, 0x0000000800000000)
  region size 2048K, 36 young (73728K), 2 survivors (4096K)
 Metaspace       used 10358K, committed 10560K, reserved 1114112K
  class space    used 725K, committed 832K, reserved 1048576K

Heap Regions: E=young(eden), S=young(survivor), O=old, HS=humongous(starts), HC=humongous(continues), CS=collection set, F=free, TAMS=top-at-mark-start, PB=parsable bottom
|   0|0x0000000703a00000, 0x0000000703c00000, 0x0000000703c00000|100%| O|  |TAMS 0x0000000703a00000| PB 0x0000000703a00000| Untracked 
|   1|0x0000000703c00000, 0x0000000703e00000, 0x0000000703e00000|100%| O|  |TAMS 0x0000000703c00000| PB 0x0000000703c00000| Untracked 
|   2|0x0000000703e00000, 0x0000000704000000, 0x0000000704000000|100%| O|  |TAMS 0x0000000703e00000| PB 0x0000000703e00000| Untracked 
|   3|0x0000000704000000, 0x0000000704200000, 0x0000000704200000|100%| O|  |TAMS 0x0000000704000000| PB 0x0000000704000000| Untracked 
|   4|0x0000000704200000, 0x00000007043003b0, 0x0000000704400000| 50%| O|  |TAMS 0x0000000704200000| PB 0x0000000704200000| Untracked 
|   5|0x0000000704400000, 0x0000000704400000, 0x0000000704600000|  0%| F|  |TAMS 0x0000000704400000| PB 0x0000000704400000| Untracked 
|   6|0x0000000704600000, 0x0000000704600000, 0x0000000704800000|  0%| F|  |TAMS 0x0000000704600000| PB 0x0000000704600000| Untracked 
|   7|0x0000000704800000, 0x0000000704800000, 0x0000000704a00000|  0%| F|  |TAMS 0x0000000704800000| PB 0x0000000704800000| Untracked 
|   8|0x0000000704a00000, 0x0000000704a00000, 0x0000000704c00000|  0%| F|  |TAMS 0x0000000704a00000| PB 0x0000000704a00000| Untracked 
|   9|0x0000000704c00000, 0x0000000704e00000, 0x0000000704e00000|100%|HS|  |TAMS 0x0000000704c00000| PB 0x0000000704c00000| Complete 
|  10|0x0000000704e00000, 0x0000000705000000, 0x0000000705000000|100%|HC|  |TAMS 0x0000000704e00000| PB 0x0000000704e00000| Complete 
|  11|0x0000000705000000, 0x0000000705200000, 0x0000000705200000|100%|HC|  |TAMS 0x0000000705000000| PB 0x0000000705000000| Complete 
|  12|0x0000000705200000, 0x0000000705400000, 0x0000000705400000|100%|HC|  |TAMS 0x0000000705200000| PB 0x0000000705200000| Complete 
|  13|0x0000000705400000, 0x0000000705600000, 0x0000000705600000|100%|HC|  |TAMS 0x0000000705400000| PB 0x0000000705400000| Complete 
|  14|0x0000000705600000, 0x0000000705600000, 0x0000000705800000|  0%| F|  |TAMS 0x0000000705600000| PB 0x0000000705600000| Untracked 
|  15|0x0000000705800000, 0x0000000705800000, 0x0000000705a00000|  0%| F|  |TAMS 0x0000000705800000| PB 0x0000000705800000| Untracked 
|  16|0x0000000705a00000, 0x0000000705a00000, 0x0000000705c00000|  0%| F|  |TAMS 0x0000000705a00000| PB 0x0000000705a00000| Untracked 
|  17|0x0000000705c00000, 0x0000000705c00000, 0x0000000705e00000|  0%| F|  |TAMS 0x0000000705c00000| PB 0x0000000705c00000| Untracked 
|  18|0x0000000705e00000, 0x0000000705e00000, 0x0000000706000000|  0%| F|  |TAMS 0x0000000705e00000| PB 0x0000000705e00000| Untracked 
|  19|0x0000000706000000, 0x0000000706000000, 0x0000000706200000|  0%| F|  |TAMS 0x0000000706000000| PB 0x0000000706000000| Untracked 
|  20|0x0000000706200000, 0x0000000706200000, 0x0000000706400000|  0%| F|  |TAMS 0x0000000706200000| PB 0x0000000706200000| Untracked 
|  21|0x0000000706400000, 0x0000000706400000, 0x0000000706600000|  0%| F|  |TAMS 0x0000000706400000| PB 0x0000000706400000| Untracked 
|  22|0x0000000706600000, 0x0000000706600000, 0x0000000706800000|  0%| F|  |TAMS 0x0000000706600000| PB 0x0000000706600000| Untracked 
|  23|0x0000000706800000, 0x0000000706800000, 0x0000000706a00000|  0%| F|  |TAMS 0x0000000706800000| PB 0x0000000706800000| Untracked 
|  24|0x0000000706a00000, 0x0000000706a00000, 0x0000000706c00000|  0%| F|  |TAMS 0x0000000706a00000| PB 0x0000000706a00000| Untracked 
|  25|0x0000000706c00000, 0x0000000706c00000, 0x0000000706e00000|  0%| F|  |TAMS 0x0000000706c00000| PB 0x0000000706c00000| Untracked 
|  26|0x0000000706e00000, 0x0000000706e00000, 0x0000000707000000|  0%| F|  |TAMS 0x0000000706e00000| PB 0x0000000706e00000| Untracked 
|  27|0x0000000707000000, 0x0000000707000000, 0x0000000707200000|  0%| F|  |TAMS 0x0000000707000000| PB 0x0000000707000000| Untracked 
|  28|0x0000000707200000, 0x0000000707200000, 0x0000000707400000|  0%| F|  |TAMS 0x0000000707200000| PB 0x0000000707200000| Untracked 
|  29|0x0000000707400000, 0x0000000707400000, 0x0000000707600000|  0%| F|  |TAMS 0x0000000707400000| PB 0x0000000707400000| Untracked 
|  30|0x0000000707600000, 0x0000000707600000, 0x0000000707800000|  0%| F|  |TAMS 0x0000000707600000| PB 0x0000000707600000| Untracked 
|  31|0x0000000707800000, 0x0000000707800000, 0x0000000707a00000|  0%| F|  |TAMS 0x0000000707800000| PB 0x0000000707800000| Untracked 
|  32|0x0000000707a00000, 0x0000000707a00000, 0x0000000707c00000|  0%| F|  |TAMS 0x0000000707a00000| PB 0x0000000707a00000| Untracked 
|  33|0x0000000707c00000, 0x0000000707c00000, 0x0000000707e00000|  0%| F|  |TAMS 0x0000000707c00000| PB 0x0000000707c00000| Untracked 
|  34|0x0000000707e00000, 0x0000000707e00000, 0x0000000708000000|  0%| F|  |TAMS 0x0000000707e00000| PB 0x0000000707e00000| Untracked 
|  35|0x0000000708000000, 0x0000000708000000, 0x0000000708200000|  0%| F|  |TAMS 0x0000000708000000| PB 0x0000000708000000| Untracked 
|  36|0x0000000708200000, 0x0000000708200000, 0x0000000708400000|  0%| F|  |TAMS 0x0000000708200000| PB 0x0000000708200000| Untracked 
|  37|0x0000000708400000, 0x0000000708400000, 0x0000000708600000|  0%| F|  |TAMS 0x0000000708400000| PB 0x0000000708400000| Untracked 
|  38|0x0000000708600000, 0x0000000708600000, 0x0000000708800000|  0%| F|  |TAMS 0x0000000708600000| PB 0x0000000708600000| Untracked 
|  39|0x0000000708800000, 0x0000000708800000, 0x0000000708a00000|  0%| F|  |TAMS 0x0000000708800000| PB 0x0000000708800000| Untracked 
|  40|0x0000000708a00000, 0x0000000708a00000, 0x0000000708c00000|  0%| F|  |TAMS 0x0000000708a00000| PB 0x0000000708a00000| Untracked 
|  41|0x0000000708c00000, 0x0000000708c00000, 0x0000000708e00000|  0%| F|  |TAMS 0x0000000708c00000| PB 0x0000000708c00000| Untracked 
|  42|0x0000000708e00000, 0x0000000708e00000, 0x0000000709000000|  0%| F|  |TAMS 0x0000000708e00000| PB 0x0000000708e00000| Untracked 
|  43|0x0000000709000000, 0x0000000709000000, 0x0000000709200000|  0%| F|  |TAMS 0x0000000709000000| PB 0x0000000709000000| Untracked 
|  44|0x0000000709200000, 0x0000000709200000, 0x0000000709400000|  0%| F|  |TAMS 0x0000000709200000| PB 0x0000000709200000| Untracked 
|  45|0x0000000709400000, 0x0000000709400000, 0x0000000709600000|  0%| F|  |TAMS 0x0000000709400000| PB 0x0000000709400000| Untracked 
|  46|0x0000000709600000, 0x0000000709600000, 0x0000000709800000|  0%| F|  |TAMS 0x0000000709600000| PB 0x0000000709600000| Untracked 
|  47|0x0000000709800000, 0x0000000709800000, 0x0000000709a00000|  0%| F|  |TAMS 0x0000000709800000| PB 0x0000000709800000| Untracked 
|  48|0x0000000709a00000, 0x0000000709a00000, 0x0000000709c00000|  0%| F|  |TAMS 0x0000000709a00000| PB 0x0000000709a00000| Untracked 
|  49|0x0000000709c00000, 0x0000000709dc6f00, 0x0000000709e00000| 88%| S|CS|TAMS 0x0000000709c00000| PB 0x0000000709c00000| Complete 
|  50|0x0000000709e00000, 0x000000070a000000, 0x000000070a000000|100%| S|CS|TAMS 0x0000000709e00000| PB 0x0000000709e00000| Complete 
|  51|0x000000070a000000, 0x000000070a000000, 0x000000070a200000|  0%| F|  |TAMS 0x000000070a000000| PB 0x000000070a000000| Untracked 
|  52|0x000000070a200000, 0x000000070a200000, 0x000000070a400000|  0%| F|  |TAMS 0x000000070a200000| PB 0x000000070a200000| Untracked 
|  53|0x000000070a400000, 0x000000070a400000, 0x000000070a600000|  0%| F|  |TAMS 0x000000070a400000| PB 0x000000070a400000| Untracked 
|  54|0x000000070a600000, 0x000000070a600000, 0x000000070a800000|  0%| F|  |TAMS 0x000000070a600000| PB 0x000000070a600000| Untracked 
|  55|0x000000070a800000, 0x000000070a800000, 0x000000070aa00000|  0%| F|  |TAMS 0x000000070a800000| PB 0x000000070a800000| Untracked 
|  56|0x000000070aa00000, 0x000000070aa00000, 0x000000070ac00000|  0%| F|  |TAMS 0x000000070aa00000| PB 0x000000070aa00000| Untracked 
|  57|0x000000070ac00000, 0x000000070ac00000, 0x000000070ae00000|  0%| F|  |TAMS 0x000000070ac00000| PB 0x000000070ac00000| Untracked 
|  58|0x000000070ae00000, 0x000000070ae00000, 0x000000070b000000|  0%| F|  |TAMS 0x000000070ae00000| PB 0x000000070ae00000| Untracked 
|  59|0x000000070b000000, 0x000000070b000000, 0x000000070b200000|  0%| F|  |TAMS 0x000000070b000000| PB 0x000000070b000000| Untracked 
|  60|0x000000070b200000, 0x000000070b200000, 0x000000070b400000|  0%| F|  |TAMS 0x000000070b200000| PB 0x000000070b200000| Untracked 
|  61|0x000000070b400000, 0x000000070b400000, 0x000000070b600000|  0%| F|  |TAMS 0x000000070b400000| PB 0x000000070b400000| Untracked 
|  62|0x000000070b600000, 0x000000070b600000, 0x000000070b800000|  0%| F|  |TAMS 0x000000070b600000| PB 0x000000070b600000| Untracked 
|  63|0x000000070b800000, 0x000000070b800000, 0x000000070ba00000|  0%| F|  |TAMS 0x000000070b800000| PB 0x000000070b800000| Untracked 
|  64|0x000000070ba00000, 0x000000070ba00000, 0x000000070bc00000|  0%| F|  |TAMS 0x000000070ba00000| PB 0x000000070ba00000| Untracked 
|  65|0x000000070bc00000, 0x000000070bc00000, 0x000000070be00000|  0%| F|  |TAMS 0x000000070bc00000| PB 0x000000070bc00000| Untracked 
|  66|0x000000070be00000, 0x000000070be00000, 0x000000070c000000|  0%| F|  |TAMS 0x000000070be00000| PB 0x000000070be00000| Untracked 
|  67|0x000000070c000000, 0x000000070c000000, 0x000000070c200000|  0%| F|  |TAMS 0x000000070c000000| PB 0x000000070c000000| Untracked 
|  68|0x000000070c200000, 0x000000070c200000, 0x000000070c400000|  0%| F|  |TAMS 0x000000070c200000| PB 0x000000070c200000| Untracked 
|  69|0x000000070c400000, 0x000000070c400000, 0x000000070c600000|  0%| F|  |TAMS 0x000000070c400000| PB 0x000000070c400000| Untracked 
|  70|0x000000070c600000, 0x000000070c600000, 0x000000070c800000|  0%| F|  |TAMS 0x000000070c600000| PB 0x000000070c600000| Untracked 
|  71|0x000000070c800000, 0x000000070c800000, 0x000000070ca00000|  0%| F|  |TAMS 0x000000070c800000| PB 0x000000070c800000| Untracked 
|  72|0x000000070ca00000, 0x000000070ca00000, 0x000000070cc00000|  0%| F|  |TAMS 0x000000070ca00000| PB 0x000000070ca00000| Untracked 
|  73|0x000000070cc00000, 0x000000070cc00000, 0x000000070ce00000|  0%| F|  |TAMS 0x000000070cc00000| PB 0x000000070cc00000| Untracked 
|  74|0x000000070ce00000, 0x000000070ce00000, 0x000000070d000000|  0%| F|  |TAMS 0x000000070ce00000| PB 0x000000070ce00000| Untracked 
|  75|0x000000070d000000, 0x000000070d000000, 0x000000070d200000|  0%| F|  |TAMS 0x000000070d000000| PB 0x000000070d000000| Untracked 
|  76|0x000000070d200000, 0x000000070d200000, 0x000000070d400000|  0%| F|  |TAMS 0x000000070d200000| PB 0x000000070d200000| Untracked 
|  77|0x000000070d400000, 0x000000070d400000, 0x000000070d600000|  0%| F|  |TAMS 0x000000070d400000| PB 0x000000070d400000| Untracked 
|  78|0x000000070d600000, 0x000000070d600000, 0x000000070d800000|  0%| F|  |TAMS 0x000000070d600000| PB 0x000000070d600000| Untracked 
|  79|0x000000070d800000, 0x000000070d800000, 0x000000070da00000|  0%| F|  |TAMS 0x000000070d800000| PB 0x000000070d800000| Untracked 
|  80|0x000000070da00000, 0x000000070da00000, 0x000000070dc00000|  0%| F|  |TAMS 0x000000070da00000| PB 0x000000070da00000| Untracked 
|  81|0x000000070dc00000, 0x000000070dc00000, 0x000000070de00000|  0%| F|  |TAMS 0x000000070dc00000| PB 0x000000070dc00000| Untracked 
|  82|0x000000070de00000, 0x000000070de00000, 0x000000070e000000|  0%| F|  |TAMS 0x000000070de00000| PB 0x000000070de00000| Untracked 
|  83|0x000000070e000000, 0x000000070e000000, 0x000000070e200000|  0%| F|  |TAMS 0x000000070e000000| PB 0x000000070e000000| Untracked 
|  84|0x000000070e200000, 0x000000070e200000, 0x000000070e400000|  0%| F|  |TAMS 0x000000070e200000| PB 0x000000070e200000| Untracked 
|  85|0x000000070e400000, 0x000000070e400000, 0x000000070e600000|  0%| F|  |TAMS 0x000000070e400000| PB 0x000000070e400000| Untracked 
|  86|0x000000070e600000, 0x000000070e600000, 0x000000070e800000|  0%| F|  |TAMS 0x000000070e600000| PB 0x000000070e600000| Untracked 
|  87|0x000000070e800000, 0x000000070e800000, 0x000000070ea00000|  0%| F|  |TAMS 0x000000070e800000| PB 0x000000070e800000| Untracked 
|  88|0x000000070ea00000, 0x000000070ea00000, 0x000000070ec00000|  0%| F|  |TAMS 0x000000070ea00000| PB 0x000000070ea00000| Untracked 
|  89|0x000000070ec00000, 0x000000070ec00000, 0x000000070ee00000|  0%| F|  |TAMS 0x000000070ec00000| PB 0x000000070ec00000| Untracked 
|  90|0x000000070ee00000, 0x000000070ee00000, 0x000000070f000000|  0%| F|  |TAMS 0x000000070ee00000| PB 0x000000070ee00000| Untracked 
|  91|0x000000070f000000, 0x000000070f000000, 0x000000070f200000|  0%| F|  |TAMS 0x000000070f000000| PB 0x000000070f000000| Untracked 
|  92|0x000000070f200000, 0x000000070f200000, 0x000000070f400000|  0%| F|  |TAMS 0x000000070f200000| PB 0x000000070f200000| Untracked 
|  93|0x000000070f400000, 0x000000070f600000, 0x000000070f600000|100%| E|  |TAMS 0x000000070f400000| PB 0x000000070f400000| Complete 
|  94|0x000000070f600000, 0x000000070f800000, 0x000000070f800000|100%| E|CS|TAMS 0x000000070f600000| PB 0x000000070f600000| Complete 
|  95|0x000000070f800000, 0x000000070fa00000, 0x000000070fa00000|100%| E|CS|TAMS 0x000000070f800000| PB 0x000000070f800000| Complete 
|  96|0x000000070fa00000, 0x000000070fc00000, 0x000000070fc00000|100%| E|CS|TAMS 0x000000070fa00000| PB 0x000000070fa00000| Complete 
|  97|0x000000070fc00000, 0x000000070fe00000, 0x000000070fe00000|100%| E|CS|TAMS 0x000000070fc00000| PB 0x000000070fc00000| Complete 
|  98|0x000000070fe00000, 0x0000000710000000, 0x0000000710000000|100%| E|CS|TAMS 0x000000070fe00000| PB 0x000000070fe00000| Complete 
|  99|0x0000000710000000, 0x0000000710200000, 0x0000000710200000|100%| E|CS|TAMS 0x0000000710000000| PB 0x0000000710000000| Complete 
| 100|0x0000000710200000, 0x0000000710400000, 0x0000000710400000|100%| E|CS|TAMS 0x0000000710200000| PB 0x0000000710200000| Complete 
| 101|0x0000000710400000, 0x0000000710600000, 0x0000000710600000|100%| E|CS|TAMS 0x0000000710400000| PB 0x0000000710400000| Complete 
| 102|0x0000000710600000, 0x0000000710800000, 0x0000000710800000|100%| E|CS|TAMS 0x0000000710600000| PB 0x0000000710600000| Complete 
| 103|0x0000000710800000, 0x0000000710a00000, 0x0000000710a00000|100%| E|CS|TAMS 0x0000000710800000| PB 0x0000000710800000| Complete 
| 104|0x0000000710a00000, 0x0000000710c00000, 0x0000000710c00000|100%| E|CS|TAMS 0x0000000710a00000| PB 0x0000000710a00000| Complete 
| 105|0x0000000710c00000, 0x0000000710e00000, 0x0000000710e00000|100%| E|CS|TAMS 0x0000000710c00000| PB 0x0000000710c00000| Complete 
| 106|0x0000000710e00000, 0x0000000711000000, 0x0000000711000000|100%| E|CS|TAMS 0x0000000710e00000| PB 0x0000000710e00000| Complete 
| 107|0x0000000711000000, 0x0000000711200000, 0x0000000711200000|100%| E|CS|TAMS 0x0000000711000000| PB 0x0000000711000000| Complete 
| 108|0x0000000711200000, 0x0000000711400000, 0x0000000711400000|100%| E|CS|TAMS 0x0000000711200000| PB 0x0000000711200000| Complete 
| 109|0x0000000711400000, 0x0000000711600000, 0x0000000711600000|100%| E|CS|TAMS 0x0000000711400000| PB 0x0000000711400000| Complete 
| 110|0x0000000711600000, 0x0000000711800000, 0x0000000711800000|100%| E|CS|TAMS 0x0000000711600000| PB 0x0000000711600000| Complete 
| 111|0x0000000711800000, 0x0000000711a00000, 0x0000000711a00000|100%| E|CS|TAMS 0x0000000711800000| PB 0x0000000711800000| Complete 
| 112|0x0000000711a00000, 0x0000000711c00000, 0x0000000711c00000|100%| E|CS|TAMS 0x0000000711a00000| PB 0x0000000711a00000| Complete 
| 113|0x0000000711c00000, 0x0000000711e00000, 0x0000000711e00000|100%| E|CS|TAMS 0x0000000711c00000| PB 0x0000000711c00000| Complete 
| 114|0x0000000711e00000, 0x0000000712000000, 0x0000000712000000|100%| E|CS|TAMS 0x0000000711e00000| PB 0x0000000711e00000| Complete 
| 115|0x0000000712000000, 0x0000000712200000, 0x0000000712200000|100%| E|CS|TAMS 0x0000000712000000| PB 0x0000000712000000| Complete 
| 116|0x0000000712200000, 0x0000000712400000, 0x0000000712400000|100%| E|CS|TAMS 0x0000000712200000| PB 0x0000000712200000| Complete 
| 117|0x0000000712400000, 0x0000000712600000, 0x0000000712600000|100%| E|CS|TAMS 0x0000000712400000| PB 0x0000000712400000| Complete 
| 118|0x0000000712600000, 0x0000000712800000, 0x0000000712800000|100%| E|CS|TAMS 0x0000000712600000| PB 0x0000000712600000| Complete 
| 119|0x0000000712800000, 0x0000000712a00000, 0x0000000712a00000|100%| E|CS|TAMS 0x0000000712800000| PB 0x0000000712800000| Complete 
| 120|0x0000000712a00000, 0x0000000712c00000, 0x0000000712c00000|100%| E|CS|TAMS 0x0000000712a00000| PB 0x0000000712a00000| Complete 
| 121|0x0000000712c00000, 0x0000000712e00000, 0x0000000712e00000|100%| E|CS|TAMS 0x0000000712c00000| PB 0x0000000712c00000| Complete 
| 122|0x0000000712e00000, 0x0000000713000000, 0x0000000713000000|100%| E|CS|TAMS 0x0000000712e00000| PB 0x0000000712e00000| Complete 
| 123|0x0000000713000000, 0x0000000713200000, 0x0000000713200000|100%| E|CS|TAMS 0x0000000713000000| PB 0x0000000713000000| Complete 
| 124|0x0000000713200000, 0x0000000713400000, 0x0000000713400000|100%| E|CS|TAMS 0x0000000713200000| PB 0x0000000713200000| Complete 
| 125|0x0000000713400000, 0x0000000713600000, 0x0000000713600000|100%| E|CS|TAMS 0x0000000713400000| PB 0x0000000713400000| Complete 
| 126|0x0000000713600000, 0x0000000713800000, 0x0000000713800000|100%| E|CS|TAMS 0x0000000713600000| PB 0x0000000713600000| Complete 

Card table byte_map: [0x0000028b9dec0000,0x0000028b9e6b0000] _byte_map_base: 0x0000028b9a6a3000

Marking Bits: (CMBitMap*) 0x0000028b85d809a0
 Bits: [0x0000028b9e6b0000, 0x0000028ba25c8000)

Polling page: 0x0000028b854e0000

Metaspace:

Usage:
  Non-class:      9.41 MB used.
      Class:    725.77 KB used.
       Both:     10.12 MB used.

Virtual space:
  Non-class space:       64.00 MB reserved,       9.50 MB ( 15%) committed,  1 nodes.
      Class space:        1.00 GB reserved,     832.00 KB ( <1%) committed,  1 nodes.
             Both:        1.06 GB reserved,      10.31 MB ( <1%) committed. 

Chunk freelists:
   Non-Class:  5.50 MB
       Class:  15.19 MB
        Both:  20.69 MB

MaxMetaspaceSize: unlimited
CompressedClassSpaceSize: 1.00 GB
Initial GC threshold: 21.00 MB
Current GC threshold: 21.00 MB
CDS: on
 - commit_granule_bytes: 65536.
 - commit_granule_words: 8192.
 - virtual_space_node_default_size: 8388608.
 - enlarge_chunks_in_place: 1.
 - use_allocation_guard: 0.


Internal statistics:

num_allocs_failed_limit: 0.
num_arena_births: 320.
num_arena_deaths: 0.
num_vsnodes_births: 2.
num_vsnodes_deaths: 0.
num_space_committed: 163.
num_space_uncommitted: 0.
num_chunks_returned_to_freelist: 0.
num_chunks_taken_from_freelist: 697.
num_chunk_merges: 0.
num_chunk_splits: 456.
num_chunks_enlarged: 279.
num_inconsistent_stats: 0.

CodeHeap 'non-profiled nmethods': size=120000Kb used=2824Kb max_used=2824Kb free=117175Kb
 bounds [0x0000028b95c40000, 0x0000028b95f10000, 0x0000028b9d170000]
CodeHeap 'profiled nmethods': size=120000Kb used=5677Kb max_used=5677Kb free=114322Kb
 bounds [0x0000028b8e170000, 0x0000028b8e700000, 0x0000028b956a0000]
CodeHeap 'non-nmethods': size=5760Kb used=2729Kb max_used=2814Kb free=3030Kb
 bounds [0x0000028b956a0000, 0x0000028b95970000, 0x0000028b95c40000]
 total_blobs=4440 nmethods=3164 adapters=1181
 compilation: enabled
              stopped_count=0, restarted_count=0
 full_count=0

Compilation events (20 events):
Event: 90.512 Thread 0x0000028ba5252e40 3155       4       imgui.glfw.ImGuiImplGlfw::updateMousePosAndButtons (302 bytes)
Event: 90.517 Thread 0x0000028ba5252e40 nmethod 3155 0x0000028b95eeea90 code [0x0000028b95eeeda0, 0x0000028b95eef778]
Event: 107.893 Thread 0x0000028ba5252e40 3156       4       jade.ImGuiLayer::update (39 bytes)
Event: 107.931 Thread 0x0000028ba5252e40 nmethod 3156 0x0000028b95ef0210 code [0x0000028b95ef0b00, 0x0000028b95ef3500]
Event: 107.931 Thread 0x0000028ba5252e40 3157       4       imgui.glfw.ImGuiImplGlfw::newFrame (186 bytes)
Event: 107.941 Thread 0x0000028ba5252e40 nmethod 3157 0x0000028b95ef6590 code [0x0000028b95ef6a20, 0x0000028b95ef7ce0]
Event: 115.026 Thread 0x0000028ba5252e40 3158       4       imgui.glfw.ImGuiImplGlfw$GetWindowFocusFunction::get (26 bytes)
Event: 115.027 Thread 0x0000028ba5252e40 nmethod 3158 0x0000028b95ef9290 code [0x0000028b95ef9440, 0x0000028b95ef95c0]
Event: 156.609 Thread 0x0000028ba5264d80 3159       3       renderer.DebugDraw::draw (255 bytes)
Event: 156.611 Thread 0x0000028ba5264d80 nmethod 3159 0x0000028b8e6f3b10 code [0x0000028b8e6f3ec0, 0x0000028b8e6f5240]
Event: 156.728 Thread 0x0000028ba5252e40 3160       4       renderer.DebugDraw::draw (255 bytes)
Event: 156.820 Thread 0x0000028ba5252e40 nmethod 3160 0x0000028b95ef9790 code [0x0000028b95ef9ce0, 0x0000028b95efcbc0]
Event: 422.254 Thread 0x0000028ba5264d80 3161 %     3       jade.Window::loop @ 25 (239 bytes)
Event: 422.255 Thread 0x0000028ba5264d80 nmethod 3161% 0x0000028b8e6f5a90 code [0x0000028b8e6f5fa0, 0x0000028b8e6f7d48]
Event: 429.490 Thread 0x0000028ba5264d80 3162       3       jade.Window::loop (239 bytes)
Event: 429.491 Thread 0x0000028ba5264d80 nmethod 3162 0x0000028b8e6f8910 code [0x0000028b8e6f8e20, 0x0000028b8e6faa38]
Event: 433.039 Thread 0x0000028ba5252e40 3163       4       renderer.Renderer::render (46 bytes)
Event: 433.041 Thread 0x0000028ba5252e40 nmethod 3163 0x0000028b95efeb90 code [0x0000028b95efed80, 0x0000028b95eff0b0]
Event: 712.809 Thread 0x0000028ba5252e40 3164 %     4       jade.Window::loop @ 25 (239 bytes)
Event: 712.827 Thread 0x0000028ba5252e40 nmethod 3164% 0x0000028b95eff410 code [0x0000028b95eff840, 0x0000028b95f00f78]

GC Heap History (20 events):
Event: 508.082 GC heap before
{Heap before GC invocations=22 (full 0):
 garbage-first heap   total 260096K, used 170552K [0x0000000703a00000, 0x0000000800000000)
  region size 2048K, 76 young (155648K), 2 survivors (4096K)
 Metaspace       used 10275K, committed 10496K, reserved 1114112K
  class space    used 713K, committed 832K, reserved 1048576K
}
Event: 508.094 GC heap after
{Heap after GC invocations=23 (full 0):
 garbage-first heap   total 260096K, used 19112K [0x0000000703a00000, 0x0000000800000000)
  region size 2048K, 2 young (4096K), 2 survivors (4096K)
 Metaspace       used 10275K, committed 10496K, reserved 1114112K
  class space    used 713K, committed 832K, reserved 1048576K
}
Event: 532.400 GC heap before
{Heap before GC invocations=23 (full 0):
 garbage-first heap   total 260096K, used 170664K [0x0000000703a00000, 0x0000000800000000)
  region size 2048K, 76 young (155648K), 2 survivors (4096K)
 Metaspace       used 10275K, committed 10496K, reserved 1114112K
  class space    used 713K, committed 832K, reserved 1048576K
}
Event: 532.414 GC heap after
{Heap after GC invocations=24 (full 0):
 garbage-first heap   total 260096K, used 19118K [0x0000000703a00000, 0x0000000800000000)
  region size 2048K, 2 young (4096K), 2 survivors (4096K)
 Metaspace       used 10275K, committed 10496K, reserved 1114112K
  class space    used 713K, committed 832K, reserved 1048576K
}
Event: 556.971 GC heap before
{Heap before GC invocations=24 (full 0):
 garbage-first heap   total 260096K, used 170670K [0x0000000703a00000, 0x0000000800000000)
  region size 2048K, 76 young (155648K), 2 survivors (4096K)
 Metaspace       used 10275K, committed 10496K, reserved 1114112K
  class space    used 713K, committed 832K, reserved 1048576K
}
Event: 556.985 GC heap after
{Heap after GC invocations=25 (full 0):
 garbage-first heap   total 260096K, used 19006K [0x0000000703a00000, 0x0000000800000000)
  region size 2048K, 2 young (4096K), 2 survivors (4096K)
 Metaspace       used 10275K, committed 10496K, reserved 1114112K
  class space    used 713K, committed 832K, reserved 1048576K
}
Event: 581.695 GC heap before
{Heap before GC invocations=25 (full 0):
 garbage-first heap   total 260096K, used 170558K [0x0000000703a00000, 0x0000000800000000)
  region size 2048K, 76 young (155648K), 2 survivors (4096K)
 Metaspace       used 10275K, committed 10496K, reserved 1114112K
  class space    used 713K, committed 832K, reserved 1048576K
}
Event: 581.707 GC heap after
{Heap after GC invocations=26 (full 0):
 garbage-first heap   total 260096K, used 19233K [0x0000000703a00000, 0x0000000800000000)
  region size 2048K, 2 young (4096K), 2 survivors (4096K)
 Metaspace       used 10275K, committed 10496K, reserved 1114112K
  class space    used 713K, committed 832K, reserved 1048576K
}
Event: 606.125 GC heap before
{Heap before GC invocations=26 (full 0):
 garbage-first heap   total 260096K, used 181025K [0x0000000703a00000, 0x0000000800000000)
  region size 2048K, 76 young (155648K), 2 survivors (4096K)
 Metaspace       used 10275K, committed 10496K, reserved 1114112K
  class space    used 713K, committed 832K, reserved 1048576K
}
Event: 606.137 GC heap after
{Heap after GC invocations=27 (full 0):
 garbage-first heap   total 260096K, used 23217K [0x0000000703a00000, 0x0000000800000000)
  region size 2048K, 2 young (4096K), 2 survivors (4096K)
 Metaspace       used 10275K, committed 10496K, reserved 1114112K
  class space    used 713K, committed 832K, reserved 1048576K
}
Event: 630.421 GC heap before
{Heap before GC invocations=27 (full 0):
 garbage-first heap   total 260096K, used 174769K [0x0000000703a00000, 0x0000000800000000)
  region size 2048K, 76 young (155648K), 2 survivors (4096K)
 Metaspace       used 10275K, committed 10496K, reserved 1114112K
  class space    used 713K, committed 832K, reserved 1048576K
}
Event: 630.432 GC heap after
{Heap after GC invocations=28 (full 0):
 garbage-first heap   total 260096K, used 23102K [0x0000000703a00000, 0x0000000800000000)
  region size 2048K, 2 young (4096K), 2 survivors (4096K)
 Metaspace       used 10275K, committed 10496K, reserved 1114112K
  class space    used 713K, committed 832K, reserved 1048576K
}
Event: 654.720 GC heap before
{Heap before GC invocations=28 (full 0):
 garbage-first heap   total 260096K, used 174654K [0x0000000703a00000, 0x0000000800000000)
  region size 2048K, 76 young (155648K), 2 survivors (4096K)
 Metaspace       used 10275K, committed 10496K, reserved 1114112K
  class space    used 713K, committed 832K, reserved 1048576K
}
Event: 654.732 GC heap after
{Heap after GC invocations=29 (full 0):
 garbage-first heap   total 260096K, used 23208K [0x0000000703a00000, 0x0000000800000000)
  region size 2048K, 2 young (4096K), 2 survivors (4096K)
 Metaspace       used 10275K, committed 10496K, reserved 1114112K
  class space    used 713K, committed 832K, reserved 1048576K
}
Event: 678.922 GC heap before
{Heap before GC invocations=29 (full 0):
 garbage-first heap   total 260096K, used 174760K [0x0000000703a00000, 0x0000000800000000)
  region size 2048K, 76 young (155648K), 2 survivors (4096K)
 Metaspace       used 10275K, committed 10496K, reserved 1114112K
  class space    used 713K, committed 832K, reserved 1048576K
}
Event: 678.929 GC heap after
{Heap after GC invocations=30 (full 0):
 garbage-first heap   total 260096K, used 23322K [0x0000000703a00000, 0x0000000800000000)
  region size 2048K, 2 young (4096K), 2 survivors (4096K)
 Metaspace       used 10275K, committed 10496K, reserved 1114112K
  class space    used 713K, committed 832K, reserved 1048576K
}
Event: 702.769 GC heap before
{Heap before GC invocations=30 (full 0):
 garbage-first heap   total 260096K, used 174874K [0x0000000703a00000, 0x0000000800000000)
  region size 2048K, 76 young (155648K), 2 survivors (4096K)
 Metaspace       used 10275K, committed 10496K, reserved 1114112K
  class space    used 713K, committed 832K, reserved 1048576K
}
Event: 702.781 GC heap after
{Heap after GC invocations=31 (full 0):
 garbage-first heap   total 260096K, used 23095K [0x0000000703a00000, 0x0000000800000000)
  region size 2048K, 2 young (4096K), 2 survivors (4096K)
 Metaspace       used 10275K, committed 10496K, reserved 1114112K
  class space    used 713K, committed 832K, reserved 1048576K
}
Event: 726.701 GC heap before
{Heap before GC invocations=31 (full 0):
 garbage-first heap   total 260096K, used 174647K [0x0000000703a00000, 0x0000000800000000)
  region size 2048K, 76 young (155648K), 2 survivors (4096K)
 Metaspace       used 10275K, committed 10496K, reserved 1114112K
  class space    used 713K, committed 832K, reserved 1048576K
}
Event: 726.712 GC heap after
{Heap after GC invocations=32 (full 0):
 garbage-first heap   total 260096K, used 23324K [0x0000000703a00000, 0x0000000800000000)
  region size 2048K, 2 young (4096K), 2 survivors (4096K)
 Metaspace       used 10275K, committed 10496K, reserved 1114112K
  class space    used 713K, committed 832K, reserved 1048576K
}

Dll operation events (15 events):
Event: 0.006 Loaded shared library D:\jdk-21.0.1\bin\java.dll
Event: 0.033 Loaded shared library D:\jdk-21.0.1\bin\jsvml.dll
Event: 0.068 Loaded shared library D:\jdk-21.0.1\bin\zip.dll
Event: 0.070 Loaded shared library D:\jdk-21.0.1\bin\instrument.dll
Event: 0.074 Loaded shared library D:\jdk-21.0.1\bin\net.dll
Event: 0.075 Loaded shared library D:\jdk-21.0.1\bin\nio.dll
Event: 0.077 Loaded shared library D:\jdk-21.0.1\bin\zip.dll
Event: 0.102 Loaded shared library D:\IntelliJ IDEA Community Edition 2023.3.3\bin\breakgen64.dll
Event: 0.107 Loaded shared library D:\jdk-21.0.1\bin\extnet.dll
Event: 0.136 Loaded shared library D:\jdk-21.0.1\bin\jimage.dll
Event: 0.148 Loaded shared library C:\Users\Vu\AppData\Local\Temp\lwjglVu\3.3.1-build-7\lwjgl.dll
Event: 1.019 Loaded shared library C:\Users\Vu\AppData\Local\Temp\lwjglVu\3.3.1-build-7\lwjgl_opengl.dll
Event: 1.357 Loaded shared library C:\Users\Vu\AppData\Local\Temp\imgui-java-natives_1708511410149\imgui-java64.dll
Event: 1.459 Loaded shared library D:\jdk-21.0.1\bin\verify.dll
Event: 1.593 Loaded shared library C:\Users\Vu\AppData\Local\Temp\lwjglVu\3.3.1-build-7\lwjgl_stb.dll

Deoptimization events (20 events):
Event: 156.623 Thread 0x0000028b83b71ae0 DEOPT PACKING pc=0x0000028b8e6f4e83 sp=0x000000a1897feef0
Event: 156.623 Thread 0x0000028b83b71ae0 DEOPT UNPACKING pc=0x0000028b956f88e2 sp=0x000000a1897fe3c8 mode 0
Event: 156.644 Thread 0x0000028b83b71ae0 DEOPT PACKING pc=0x0000028b8e6f4e83 sp=0x000000a1897feef0
Event: 156.644 Thread 0x0000028b83b71ae0 DEOPT UNPACKING pc=0x0000028b956f88e2 sp=0x000000a1897fe3c8 mode 0
Event: 156.664 Thread 0x0000028b83b71ae0 DEOPT PACKING pc=0x0000028b8e6f4e83 sp=0x000000a1897feef0
Event: 156.664 Thread 0x0000028b83b71ae0 DEOPT UNPACKING pc=0x0000028b956f88e2 sp=0x000000a1897fe3c8 mode 0
Event: 156.685 Thread 0x0000028b83b71ae0 DEOPT PACKING pc=0x0000028b8e6f4e83 sp=0x000000a1897feef0
Event: 156.685 Thread 0x0000028b83b71ae0 DEOPT UNPACKING pc=0x0000028b956f88e2 sp=0x000000a1897fe3c8 mode 0
Event: 156.706 Thread 0x0000028b83b71ae0 DEOPT PACKING pc=0x0000028b8e6f4e83 sp=0x000000a1897feef0
Event: 156.706 Thread 0x0000028b83b71ae0 DEOPT UNPACKING pc=0x0000028b956f88e2 sp=0x000000a1897fe3c8 mode 0
Event: 156.728 Thread 0x0000028b83b71ae0 DEOPT PACKING pc=0x0000028b8e6f4e83 sp=0x000000a1897feef0
Event: 156.728 Thread 0x0000028b83b71ae0 DEOPT UNPACKING pc=0x0000028b956f88e2 sp=0x000000a1897fe3c8 mode 0
Event: 156.747 Thread 0x0000028b83b71ae0 DEOPT PACKING pc=0x0000028b8e6f4e83 sp=0x000000a1897feef0
Event: 156.747 Thread 0x0000028b83b71ae0 DEOPT UNPACKING pc=0x0000028b956f88e2 sp=0x000000a1897fe3c8 mode 0
Event: 156.768 Thread 0x0000028b83b71ae0 DEOPT PACKING pc=0x0000028b8e6f4e83 sp=0x000000a1897feef0
Event: 156.768 Thread 0x0000028b83b71ae0 DEOPT UNPACKING pc=0x0000028b956f88e2 sp=0x000000a1897fe3c8 mode 0
Event: 156.789 Thread 0x0000028b83b71ae0 DEOPT PACKING pc=0x0000028b8e6f4e83 sp=0x000000a1897feef0
Event: 156.789 Thread 0x0000028b83b71ae0 DEOPT UNPACKING pc=0x0000028b956f88e2 sp=0x000000a1897fe3c8 mode 0
Event: 156.810 Thread 0x0000028b83b71ae0 DEOPT PACKING pc=0x0000028b8e6f4e83 sp=0x000000a1897feef0
Event: 156.810 Thread 0x0000028b83b71ae0 DEOPT UNPACKING pc=0x0000028b956f88e2 sp=0x000000a1897fe3c8 mode 0

Classes loaded (20 events):
Event: 737.382 Loading class jdk/internal/logger/AbstractLoggerWrapper
Event: 737.382 Loading class jdk/internal/logger/AbstractLoggerWrapper done
Event: 737.382 Loading class jdk/internal/logger/LazyLoggers$LazyLoggerWrapper done
Event: 737.382 Loading class jdk/internal/logger/LazyLoggers$JdkLazyLogger done
Event: 737.382 Loading class jdk/internal/logger/LazyLoggers$LazyLoggerAccessor
Event: 737.382 Loading class jdk/internal/logger/LazyLoggers$LoggerAccessor
Event: 737.382 Loading class jdk/internal/logger/LazyLoggers$LoggerAccessor done
Event: 737.383 Loading class jdk/internal/logger/LazyLoggers$LazyLoggerAccessor done
Event: 737.383 Loading class java/lang/System$Logger$Level
Event: 737.383 Loading class java/lang/System$Logger$Level done
Event: 737.383 Loading class jdk/internal/logger/SurrogateLogger
Event: 737.383 Loading class jdk/internal/logger/SimpleConsoleLogger
Event: 737.383 Loading class sun/util/logging/PlatformLogger$ConfigurableBridge$LoggerConfiguration
Event: 737.383 Loading class sun/util/logging/PlatformLogger$ConfigurableBridge$LoggerConfiguration done
Event: 737.383 Loading class jdk/internal/logger/SimpleConsoleLogger done
Event: 737.383 Loading class jdk/internal/logger/SurrogateLogger done
Event: 737.383 Loading class sun/util/logging/PlatformLogger
Event: 737.383 Loading class sun/util/logging/PlatformLogger done
Event: 737.383 Loading class sun/util/logging/PlatformLogger$Level
Event: 737.383 Loading class sun/util/logging/PlatformLogger$Level done

Classes unloaded (0 events):
No events

Classes redefined (0 events):
No events

Internal exceptions (20 events):
Event: 1.018 Thread 0x0000028b83b71ae0 Exception <a 'sun/nio/fs/WindowsException'{0x0000000712ed3db0}> (0x0000000712ed3db0) 
thrown [s\open\src\hotspot\share\prims\jni.cpp, line 520]
Event: 1.020 Thread 0x0000028b83b71ae0 Exception <a 'sun/nio/fs/WindowsException'{0x0000000712edac90}> (0x0000000712edac90) 
thrown [s\open\src\hotspot\share\prims\jni.cpp, line 520]
Event: 1.020 Thread 0x0000028b83b71ae0 Exception <a 'sun/nio/fs/WindowsException'{0x0000000712edaf50}> (0x0000000712edaf50) 
thrown [s\open\src\hotspot\share\prims\jni.cpp, line 520]
Event: 1.048 Thread 0x0000028ba524a990 Exception <a 'java/lang/NoSuchMethodError'{0x0000000712ce82a8}: 'java.lang.Object java.lang.invoke.Invokers$Holder.invokeExact_MT(java.lang.Object, java.lang.Object, java.lang.Object, java.lang.Object, java.lang.Object, java.lang.Object)'> (0x0000000712ce82a8) 
thrown [s\open\src\hotspot\share\interpreter\linkResolver.cpp, line 773]
Event: 1.223 Thread 0x0000028b83b71ae0 Exception <a 'sun/nio/fs/WindowsException'{0x0000000712b6f098}> (0x0000000712b6f098) 
thrown [s\open\src\hotspot\share\prims\jni.cpp, line 520]
Event: 1.368 Thread 0x0000028b83b71ae0 Exception <a 'java/lang/NoSuchMethodError'{0x0000000712bc67e0}: 'void java.lang.invoke.DirectMethodHandle$Holder.invokeVirtual(java.lang.Object, java.lang.Object, long, int)'> (0x0000000712bc67e0) 
thrown [s\open\src\hotspot\share\interpreter\linkResolver.cpp, line 773]
Event: 1.463 Thread 0x0000028b83b71ae0 Exception <a 'java/lang/NoSuchMethodError'{0x000000071224f198}: 'float java.lang.invoke.DelegatingMethodHandle$Holder.reinvoke_L(java.lang.Object, java.lang.Object)'> (0x000000071224f198) 
thrown [s\open\src\hotspot\share\interpreter\linkResolver.cpp, line 773]
Event: 1.463 Thread 0x0000028b83b71ae0 Exception <a 'java/lang/NoSuchMethodError'{0x0000000712259120}: 'void java.lang.invoke.DelegatingMethodHandle$Holder.reinvoke_L(java.lang.Object, java.lang.Object, float)'> (0x0000000712259120) 
thrown [s\open\src\hotspot\share\interpreter\linkResolver.cpp, line 773]
Event: 1.465 Thread 0x0000028b83b71ae0 Exception <a 'java/lang/NoSuchMethodError'{0x0000000712274118}: 'void java.lang.invoke.Invokers$Holder.invokeExact_MT(java.lang.Object, java.lang.Object, java.lang.Object, java.lang.Object)'> (0x0000000712274118) 
thrown [s\open\src\hotspot\share\interpreter\linkResolver.cpp, line 773]
Event: 1.466 Thread 0x0000028b83b71ae0 Exception <a 'java/lang/NoSuchMethodError'{0x000000071227cb68}: 'void java.lang.invoke.DelegatingMethodHandle$Holder.reinvoke_L(java.lang.Object, java.lang.Object, int)'> (0x000000071227cb68) 
thrown [s\open\src\hotspot\share\interpreter\linkResolver.cpp, line 773]
Event: 1.466 Thread 0x0000028b83b71ae0 Exception <a 'java/lang/NoSuchMethodError'{0x00000007122833a8}: 'void java.lang.invoke.Invokers$Holder.invokeExact_MT(java.lang.Object, java.lang.Object, int, java.lang.Object)'> (0x00000007122833a8) 
thrown [s\open\src\hotspot\share\interpreter\linkResolver.cpp, line 773]
Event: 1.588 Thread 0x0000028b83b71ae0 Exception <a 'java/lang/NoSuchMethodError'{0x0000000713316330}: 'void java.lang.System.load(java.lang.String, java.lang.Class)'> (0x0000000713316330) 
thrown [s\open\src\hotspot\share\interpreter\linkResolver.cpp, line 773]
Event: 1.588 Thread 0x0000028b83b71ae0 Exception <a 'java/lang/NoSuchMethodError'{0x0000000713318cd0}: 'void java.lang.System.loadLibrary(java.lang.String, java.lang.Class)'> (0x0000000713318cd0) 
thrown [s\open\src\hotspot\share\interpreter\linkResolver.cpp, line 773]
Event: 1.592 Thread 0x0000028b83b71ae0 Exception <a 'sun/nio/fs/WindowsException'{0x00000007133278e8}> (0x00000007133278e8) 
thrown [s\open\src\hotspot\share\prims\jni.cpp, line 520]
Event: 1.592 Thread 0x0000028b83b71ae0 Exception <a 'sun/nio/fs/WindowsException'{0x0000000713327c48}> (0x0000000713327c48) 
thrown [s\open\src\hotspot\share\prims\jni.cpp, line 520]
Event: 4.106 Thread 0x0000028b83b71ae0 Exception <a 'java/lang/NoSuchMethodError'{0x0000000711b5e558}: 'int java.lang.invoke.Invokers$Holder.invokeExact_MT(java.lang.Object, java.lang.Object, java.lang.Object)'> (0x0000000711b5e558) 
thrown [s\open\src\hotspot\share\interpreter\linkResolver.cpp, line 773]
Event: 4.108 Thread 0x0000028b83b71ae0 Exception <a 'java/lang/NoSuchMethodError'{0x0000000711b658e0}: 'float java.lang.invoke.Invokers$Holder.invokeExact_MT(java.lang.Object, java.lang.Object, java.lang.Object)'> (0x0000000711b658e0) 
thrown [s\open\src\hotspot\share\interpreter\linkResolver.cpp, line 773]
Event: 4.173 Thread 0x0000028b83b71ae0 Implicit null exception at 0x0000028b95cfab86 to 0x0000028b95cfbffc
Event: 4.173 Thread 0x0000028b83b71ae0 Implicit null exception at 0x0000028b95d15b8a to 0x0000028b95d15d9c
Event: 4.174 Thread 0x0000028b83b71ae0 Implicit null exception at 0x0000028b95ce3d2b to 0x0000028b95ce5f8c

ZGC Phase Switch (0 events):
No events

VM Operations (20 events):
Event: 606.137 Executing VM operation: G1CollectForAllocation (G1 Evacuation Pause) done
Event: 630.421 Executing VM operation: G1CollectForAllocation (G1 Evacuation Pause)
Event: 630.432 Executing VM operation: G1CollectForAllocation (G1 Evacuation Pause) done
Event: 654.720 Executing VM operation: G1CollectForAllocation (G1 Evacuation Pause)
Event: 654.732 Executing VM operation: G1CollectForAllocation (G1 Evacuation Pause) done
Event: 661.797 Executing VM operation: HandshakeAllThreads (HandshakeForDeflation)
Event: 661.797 Executing VM operation: HandshakeAllThreads (HandshakeForDeflation) done
Event: 661.797 Executing VM operation: RendezvousGCThreads
Event: 661.797 Executing VM operation: RendezvousGCThreads done
Event: 678.922 Executing VM operation: G1CollectForAllocation (G1 Evacuation Pause)
Event: 678.929 Executing VM operation: G1CollectForAllocation (G1 Evacuation Pause) done
Event: 702.769 Executing VM operation: G1CollectForAllocation (G1 Evacuation Pause)
Event: 702.781 Executing VM operation: G1CollectForAllocation (G1 Evacuation Pause) done
Event: 721.874 Executing VM operation: HandshakeAllThreads (HandshakeForDeflation)
Event: 721.874 Executing VM operation: HandshakeAllThreads (HandshakeForDeflation) done
Event: 721.874 Executing VM operation: RendezvousGCThreads
Event: 721.874 Executing VM operation: RendezvousGCThreads done
Event: 726.701 Executing VM operation: G1CollectForAllocation (G1 Evacuation Pause)
Event: 726.712 Executing VM operation: G1CollectForAllocation (G1 Evacuation Pause) done
Event: 737.384 Executing VM operation: Exit

Events (20 events):
Event: 1.529 Thread 0x0000028bf420d000 Thread added: 0x0000028bf420d000
Event: 1.845 Thread 0x0000028bf420d000 Thread exited: 0x0000028bf420d000
Event: 1.845 Thread 0x0000028bf395fd40 Thread exited: 0x0000028bf395fd40
Event: 2.234 Thread 0x0000028bf3a3f980 Thread added: 0x0000028bf3a3f980
Event: 2.554 Thread 0x0000028bf3a3f980 Thread exited: 0x0000028bf3a3f980
Event: 4.112 Thread 0x0000028bf465ead0 Thread added: 0x0000028bf465ead0
Event: 4.137 Thread 0x0000028bf93b3e80 Thread added: 0x0000028bf93b3e80
Event: 4.734 Thread 0x0000028bf93b3e80 Thread exited: 0x0000028bf93b3e80
Event: 4.901 Thread 0x0000028bf465ead0 Thread exited: 0x0000028bf465ead0
Event: 12.342 Thread 0x0000028bfc34acb0 Thread added: 0x0000028bfc34acb0
Event: 12.342 Thread 0x0000028bf8e62360 Thread added: 0x0000028bf8e62360
Event: 12.490 Thread 0x0000028bf8e62360 Thread exited: 0x0000028bf8e62360
Event: 12.921 Thread 0x0000028bfc34acb0 Thread exited: 0x0000028bfc34acb0
Event: 13.406 Thread 0x0000028bfc34acb0 Thread added: 0x0000028bfc34acb0
Event: 13.409 Thread 0x0000028bf8fbba40 Thread added: 0x0000028bf8fbba40
Event: 13.706 Thread 0x0000028bf8fbba40 Thread exited: 0x0000028bf8fbba40
Event: 14.144 Thread 0x0000028bfc34acb0 Thread exited: 0x0000028bfc34acb0
Event: 37.375 Thread 0x0000028bf3d4a2f0 Thread added: 0x0000028bf3d4a2f0
Event: 39.832 Thread 0x0000028bf3d4a2f0 Thread exited: 0x0000028bf3d4a2f0
Event: 737.380 Thread 0x0000028bf3a66420 Thread added: 0x0000028bf3a66420


Dynamic libraries:
0x00007ff7ee840000 - 0x00007ff7ee850000 	D:\jdk-21.0.1\bin\java.exe
0x00007ffe1b1b0000 - 0x00007ffe1b3c7000 	C:\WINDOWS\SYSTEM32\ntdll.dll
0x00007ffe199f0000 - 0x00007ffe19ab4000 	C:\WINDOWS\System32\KERNEL32.DLL
0x00007ffe187d0000 - 0x00007ffe18b76000 	C:\WINDOWS\System32\KERNELBASE.dll
0x00007ffe18db0000 - 0x00007ffe18ec1000 	C:\WINDOWS\System32\ucrtbase.dll
0x00007ffe106e0000 - 0x00007ffe106fb000 	D:\jdk-21.0.1\bin\VCRUNTIME140.dll
0x00007ffe106c0000 - 0x00007ffe106d9000 	D:\jdk-21.0.1\bin\jli.dll
0x00007ffe1aa40000 - 0x00007ffe1aaf3000 	C:\WINDOWS\System32\ADVAPI32.dll
0x00007ffe1a690000 - 0x00007ffe1a737000 	C:\WINDOWS\System32\msvcrt.dll
0x00007ffe18f00000 - 0x00007ffe18fa8000 	C:\WINDOWS\System32\sechost.dll
0x00007ffe18570000 - 0x00007ffe18598000 	C:\WINDOWS\System32\bcrypt.dll
0x00007ffe197e0000 - 0x00007ffe198f7000 	C:\WINDOWS\System32\RPCRT4.dll
0x00007ffe1a880000 - 0x00007ffe1aa2e000 	C:\WINDOWS\System32\USER32.dll
0x00007ffe18ed0000 - 0x00007ffe18ef6000 	C:\WINDOWS\System32\win32u.dll
0x00007ffe19900000 - 0x00007ffe19929000 	C:\WINDOWS\System32\GDI32.dll
0x00007ffdf6ba0000 - 0x00007ffdf6e33000 	C:\WINDOWS\WinSxS\amd64_microsoft.windows.common-controls_6595b64144ccf1df_6.0.22621.2506_none_270c5ae97388e100\COMCTL32.dll
0x00007ffe185a0000 - 0x00007ffe186b8000 	C:\WINDOWS\System32\gdi32full.dll
0x00007ffe18730000 - 0x00007ffe187ca000 	C:\WINDOWS\System32\msvcp_win.dll
0x00007ffe0db10000 - 0x00007ffe0db1a000 	C:\WINDOWS\SYSTEM32\VERSION.dll
0x00007ffe199b0000 - 0x00007ffe199e1000 	C:\WINDOWS\System32\IMM32.DLL
0x00007ffe106b0000 - 0x00007ffe106bc000 	D:\jdk-21.0.1\bin\vcruntime140_1.dll
0x00007ffe09b20000 - 0x00007ffe09bae000 	D:\jdk-21.0.1\bin\msvcp140.dll
0x00007ffdb2e50000 - 0x00007ffdb3b65000 	D:\jdk-21.0.1\bin\server\jvm.dll
0x00007ffe19930000 - 0x00007ffe199a1000 	C:\WINDOWS\System32\WS2_32.dll
0x00007ffe17340000 - 0x00007ffe1738d000 	C:\WINDOWS\SYSTEM32\POWRPROF.dll
0x00007ffe0e060000 - 0x00007ffe0e094000 	C:\WINDOWS\SYSTEM32\WINMM.dll
0x00007ffe17320000 - 0x00007ffe17333000 	C:\WINDOWS\SYSTEM32\UMPDC.dll
0x00007ffe175e0000 - 0x00007ffe175f8000 	C:\WINDOWS\SYSTEM32\kernel.appcore.dll
0x00007ffe106a0000 - 0x00007ffe106aa000 	D:\jdk-21.0.1\bin\jimage.dll
0x00007ffe15fb0000 - 0x00007ffe161e3000 	C:\WINDOWS\SYSTEM32\DBGHELP.DLL
0x00007ffe19290000 - 0x00007ffe19619000 	C:\WINDOWS\System32\combase.dll
0x00007ffe19be0000 - 0x00007ffe19cb7000 	C:\WINDOWS\System32\OLEAUT32.dll
0x00007ffdfe150000 - 0x00007ffdfe182000 	C:\WINDOWS\SYSTEM32\dbgcore.DLL
0x00007ffe184f0000 - 0x00007ffe1856a000 	C:\WINDOWS\System32\bcryptPrimitives.dll
0x00007ffe12210000 - 0x00007ffe1221f000 	D:\jdk-21.0.1\bin\instrument.dll
0x00007ffe09330000 - 0x00007ffe0934f000 	D:\jdk-21.0.1\bin\java.dll
0x00007ffe19d20000 - 0x00007ffe1a57b000 	C:\WINDOWS\System32\SHELL32.dll
0x00007ffe16410000 - 0x00007ffe16d06000 	C:\WINDOWS\SYSTEM32\windows.storage.dll
0x00007ffe162d0000 - 0x00007ffe1640e000 	C:\WINDOWS\SYSTEM32\wintypes.dll
0x00007ffe19ac0000 - 0x00007ffe19bb3000 	C:\WINDOWS\System32\SHCORE.dll
0x00007ffe1a790000 - 0x00007ffe1a7ee000 	C:\WINDOWS\System32\shlwapi.dll
0x00007ffe18420000 - 0x00007ffe18446000 	C:\WINDOWS\SYSTEM32\profapi.dll
0x00007ffe05340000 - 0x00007ffe05417000 	D:\jdk-21.0.1\bin\jsvml.dll
0x00007ffdbe290000 - 0x00007ffdbe2a8000 	D:\jdk-21.0.1\bin\zip.dll
0x00007ffe09a10000 - 0x00007ffe09a20000 	D:\jdk-21.0.1\bin\net.dll
0x00007ffe0eeb0000 - 0x00007ffe0efe7000 	C:\WINDOWS\SYSTEM32\WINHTTP.dll
0x00007ffe17a50000 - 0x00007ffe17ab9000 	C:\WINDOWS\system32\mswsock.dll
0x00007ffe09310000 - 0x00007ffe09326000 	D:\jdk-21.0.1\bin\nio.dll
0x00007ffe120f0000 - 0x00007ffe1210a000 	D:\IntelliJ IDEA Community Edition 2023.3.3\bin\breakgen64.dll
0x00007ffe09300000 - 0x00007ffe09307000 	D:\jdk-21.0.1\bin\extnet.dll
0x00007ffe09970000 - 0x00007ffe099e5000 	C:\Users\Vu\AppData\Local\Temp\lwjglVu\3.3.1-build-7\lwjgl.dll
0x00007ffe09a80000 - 0x00007ffe09ae1000 	C:\Users\Vu\AppData\Local\Temp\lwjglVu\3.3.1-build-7\glfw.dll
0x00007ffe09f30000 - 0x00007ffe09f76000 	C:\WINDOWS\SYSTEM32\dinput8.dll
0x00007ffdbe410000 - 0x00007ffdbe421000 	C:\WINDOWS\SYSTEM32\xinput1_4.dll
0x00007ffe181e0000 - 0x00007ffe1822e000 	C:\WINDOWS\SYSTEM32\cfgmgr32.dll
0x00007ffe181b0000 - 0x00007ffe181dc000 	C:\WINDOWS\SYSTEM32\DEVOBJ.dll
0x00007ffe12f40000 - 0x00007ffe12f6b000 	C:\WINDOWS\SYSTEM32\dwmapi.dll
0x00007ffded560000 - 0x00007ffded76a000 	C:\WINDOWS\SYSTEM32\inputhost.dll
0x00007ffe12840000 - 0x00007ffe12974000 	C:\WINDOWS\SYSTEM32\CoreMessaging.dll
0x00007ffe12cf0000 - 0x00007ffe12d9b000 	C:\WINDOWS\system32\uxtheme.dll
0x00007ffe19680000 - 0x00007ffe197d1000 	C:\WINDOWS\System32\MSCTF.dll
0x00007ffe17d80000 - 0x00007ffe17d8c000 	C:\WINDOWS\SYSTEM32\CRYPTBASE.DLL
0x00007ffdecbb0000 - 0x00007ffdeccb0000 	C:\WINDOWS\SYSTEM32\opengl32.dll
0x00007ffe06370000 - 0x00007ffe0639d000 	C:\WINDOWS\SYSTEM32\GLU32.dll
0x00007ffe15660000 - 0x00007ffe15699000 	C:\WINDOWS\SYSTEM32\dxcore.dll
0x00007ffe0e0a0000 - 0x00007ffe0e0ea000 	C:\WINDOWS\SYSTEM32\directxdatabasehelper.dll
0x00007ffe19030000 - 0x00007ffe190e0000 	C:\WINDOWS\System32\clbcatq.dll
0x00007ffd8d840000 - 0x00007ffd8e833000 	C:\WINDOWS\System32\DriverStore\FileRepository\iigd_dch.inf_amd64_5802b1615520e41c\igxelpicd64.dll
0x00007ffe190e0000 - 0x00007ffe19280000 	C:\WINDOWS\System32\ole32.dll
0x00007ffe12e20000 - 0x00007ffe12f18000 	C:\WINDOWS\system32\dxgi.dll
0x00007ffe00280000 - 0x00007ffe00567000 	C:\WINDOWS\System32\DriverStore\FileRepository\iigd_dch.inf_amd64_5802b1615520e41c\igdml64.dll
0x00007ffe0a6c0000 - 0x00007ffe0aa87000 	C:\WINDOWS\System32\DriverStore\FileRepository\iigd_dch.inf_amd64_5802b1615520e41c\igdgmm64.dll
0x00007ffe00a00000 - 0x00007ffe04011000 	C:\WINDOWS\System32\DriverStore\FileRepository\iigd_dch.inf_amd64_5802b1615520e41c\igc64.dll
0x00007ffe056a0000 - 0x00007ffe057ea000 	C:\WINDOWS\SYSTEM32\textinputframework.dll
0x00007ffe0d290000 - 0x00007ffe0d5fc000 	C:\WINDOWS\SYSTEM32\CoreUIComponents.dll
0x00007ffdffee0000 - 0x00007ffe00077000 	C:\Users\Vu\AppData\Local\Temp\lwjglVu\3.3.1-build-7\OpenAL.dll
0x00007ffe042a0000 - 0x00007ffe0433d000 	C:\WINDOWS\System32\MMDevApi.dll
0x00007ffe06180000 - 0x00007ffe0636c000 	C:\WINDOWS\SYSTEM32\AUDIOSES.DLL
0x00007ffe15900000 - 0x00007ffe15915000 	C:\WINDOWS\SYSTEM32\resourcepolicyclient.dll
0x00007ffe09590000 - 0x00007ffe095ed000 	C:\Users\Vu\AppData\Local\Temp\lwjglVu\3.3.1-build-7\lwjgl_opengl.dll
0x0000000064a00000 - 0x0000000064d10000 	C:\Users\Vu\AppData\Local\Temp\imgui-java-natives_1708511410149\imgui-java64.dll
0x00007ffe17da0000 - 0x00007ffe17dbb000 	C:\WINDOWS\SYSTEM32\CRYPTSP.dll
0x00007ffe17540000 - 0x00007ffe17575000 	C:\WINDOWS\system32\rsaenh.dll
0x00007ffdd9af0000 - 0x00007ffdd9b00000 	D:\jdk-21.0.1\bin\verify.dll
0x00007ffe08780000 - 0x00007ffe08801000 	C:\Users\Vu\AppData\Local\Temp\lwjglVu\3.3.1-build-7\lwjgl_stb.dll

dbghelp: loaded successfully - version: 4.0.5 - missing functions: none
symbol engine: initialized successfully - sym options: 0x614 - pdb path: .;D:\jdk-21.0.1\bin;C:\WINDOWS\SYSTEM32;C:\WINDOWS\WinSxS\amd64_microsoft.windows.common-controls_6595b64144ccf1df_6.0.22621.2506_none_270c5ae97388e100;D:\jdk-21.0.1\bin\server;D:\IntelliJ IDEA Community Edition 2023.3.3\bin;C:\Users\Vu\AppData\Local\Temp\lwjglVu\3.3.1-build-7;C:\WINDOWS\System32\DriverStore\FileRepository\iigd_dch.inf_amd64_5802b1615520e41c;C:\Users\Vu\AppData\Local\Temp\imgui-java-natives_1708511410149

VM Arguments:
jvm_args: -javaagent:D:\IntelliJ IDEA Community Edition 2023.3.3\lib\idea_rt.jar=52532:D:\IntelliJ IDEA Community Edition 2023.3.3\bin -Dfile.encoding=UTF-8 -Dsun.stdout.encoding=UTF-8 -Dsun.stderr.encoding=UTF-8 
java_command: main.Main
java_class_path (initial): D:\ducky-game\target\classes;C:\Users\Vu\.m2\repository\io\github\spair\imgui-java-app\1.81.0\imgui-java-app-1.81.0.jar;C:\Users\Vu\.m2\repository\org\lwjgl\lwjgl\3.3.1\lwjgl-3.3.1-natives-linux.jar;C:\Users\Vu\.m2\repository\org\lwjgl\lwjgl-glfw\3.3.1\lwjgl-glfw-3.3.1-natives-linux.jar;C:\Users\Vu\.m2\repository\org\lwjgl\lwjgl-opengl\3.3.1\lwjgl-opengl-3.3.1-natives-linux.jar;C:\Users\Vu\.m2\repository\org\lwjgl\lwjgl\3.3.1\lwjgl-3.3.1-natives-macos.jar;C:\Users\Vu\.m2\repository\org\lwjgl\lwjgl-glfw\3.3.1\lwjgl-glfw-3.3.1-natives-macos.jar;C:\Users\Vu\.m2\repository\org\lwjgl\lwjgl-opengl\3.3.1\lwjgl-opengl-3.3.1-natives-macos.jar;C:\Users\Vu\.m2\repository\io\github\spair\imgui-java-binding\1.81.0\imgui-java-binding-1.81.0.jar;C:\Users\Vu\.m2\repository\io\github\spair\imgui-java-lwjgl3\1.81.0\imgui-java-lwjgl3-1.81.0.jar;C:\Users\Vu\.m2\repository\org\lwjgl\lwjgl\3.3.1\lwjgl-3.3.1.jar;C:\Users\Vu\.m2\repository\com\google\code\gson\gson\2.10.1\gson-2.10.1.jar;C:\Users\Vu\.m2\repository\org\openjfx\javafx-controls\21\javafx-controls-21.jar;C:\Users\Vu\.m2\repository\org\openjfx\javafx-controls\21\javafx-controls-21-win.jar;C:\Users\Vu\.m2\repository\org\openjfx\javafx-graphics\21\javafx-graphics-21.jar;C:\Users\Vu\.m2\repository\org\openjfx\javafx-graphics\21\javafx-graphics-21-win.jar;C:\Users\Vu\.m2\repository\org\openjfx\javafx-base\21\javafx-base-21.jar;C:\Users\Vu\.m2\repository\org\openjfx\javafx-base\21\javafx-base-21-win.jar;C:\Users\Vu\.m2\repository\org\openjfx\javafx-fxml\21\javafx-fxml-21.jar;C:\Users\Vu\.m2\repository\org\openjfx\javafx-fxml\21\javafx-fxml-21-win.jar;C:\Users\Vu\.m2\repository\org\lwjgl\lwjgl-nfd\3.3.1\lwjgl-nfd-3.3.1.jar;C:\Users\Vu\.m2\repository\org\lwjgl\lwjgl-assimp\3.3.1\lwjgl-assimp-3.3.1.jar;C:\Users\Vu\.m2\repository\org\lwjgl\lwjgl-glfw\3.3.1\lwjgl-glfw-3.3.1.jar;C:\Users\Vu\.m2\repository\org\lwjgl\lwjgl-openal\3.3.1\lwjgl-openal-3.3.1.jar;C:\Users\Vu\.m2\repository\org\lwjgl\lwjgl-opengl\3.3.1\lwjgl-opengl-3.3.1.jar;C:\Users\Vu\.m2\repository\org\lwjgl\lwjgl-stb\3.3.1\lwjgl-stb-3.3.1.jar;C:\Users\Vu\.m2\repository\org\lwjgl\lwjgl\3.3.1\lwjgl-3.3.1-natives-windows.jar;C:\Users\Vu\.m2\repository\org\lwjgl\lwjgl-assimp\3.3.1\lwjgl-assimp-3.3.1-natives-windows.jar;C:\Users\Vu\.m2\repository\org\lwjgl\lwjgl-glfw\3.3.1\lwjgl-glfw-3.3.1-natives-windows.jar;C:\Users\Vu\.m2\repository\org\lwjgl\lwjgl-openal\3.3.1\lwjgl-openal-3.3.1-natives-windows.jar;C:\Users\Vu\.m2\repository\org\lwjgl\lwjgl-opengl\3.3.1\lwjgl-opengl-3.3.1-natives-windows.jar;C:\Users\Vu\.m2\repository\org\mongodb\mongodb-driver\3.12.14\mongodb-driver-3.12.14.jar;C:\Users\Vu\.m2\repository\org\mongodb\bson\3.12.14\bson-3.12.14.jar;C:\Users\Vu\.m2\repository\org\mongodb\mongodb-driver-core\3.12.14\mongodb-driver-core-3.12.14.jar;C:\Users\Vu\.m2\repository\org\lwjgl\lwjgl-stb\3.3.1\lwjgl-stb-3.3.1-natives-windows.jar;C:\Users\Vu\.m2\repository\org\lwjgl\lwjgl-nfd\3.3.1\lwjgl-nfd-3.3.1-natives-windows.jar;C:\Users\Vu\.m2\repository\org\jbox2d\jbox2d-library\2.2.1.1\jbox2d-library-2.2.1.1.jar;C:\Users\Vu\.m2\repository\org\joml\joml\1.9.24\joml-1.9.24.jar
Launcher Type: SUN_STANDARD

[Global flags]
     intx CICompilerCount                          = 4                                         {product} {ergonomic}
     uint ConcGCThreads                            = 3                                         {product} {ergonomic}
     uint G1ConcRefinementThreads                  = 10                                        {product} {ergonomic}
   size_t G1HeapRegionSize                         = 2097152                                   {product} {ergonomic}
    uintx GCDrainStackTargetSize                   = 64                                        {product} {ergonomic}
   size_t InitialHeapSize                          = 266338304                                 {product} {ergonomic}
   size_t MarkStackSize                            = 4194304                                   {product} {ergonomic}
   size_t MaxHeapSize                              = 4234149888                                {product} {ergonomic}
   size_t MaxNewSize                               = 2539651072                                {product} {ergonomic}
   size_t MinHeapDeltaBytes                        = 2097152                                   {product} {ergonomic}
   size_t MinHeapSize                              = 8388608                                   {product} {ergonomic}
    uintx NonNMethodCodeHeapSize                   = 5839372                                {pd product} {ergonomic}
    uintx NonProfiledCodeHeapSize                  = 122909434                              {pd product} {ergonomic}
    uintx ProfiledCodeHeapSize                     = 122909434                              {pd product} {ergonomic}
    uintx ReservedCodeCacheSize                    = 251658240                              {pd product} {ergonomic}
     bool SegmentedCodeCache                       = true                                      {product} {ergonomic}
   size_t SoftMaxHeapSize                          = 4234149888                             {manageable} {ergonomic}
     bool UseCompressedOops                        = true                           {product lp64_product} {ergonomic}
     bool UseG1GC                                  = true                                      {product} {ergonomic}
     bool UseLargePagesIndividualAllocation        = false                                  {pd product} {ergonomic}

Logging:
Log output configuration:
 #0: stdout all=off uptime,level,tags foldmultilines=false
 #1: stderr all=off uptime,level,tags foldmultilines=false

Environment Variables:
PATH=C:\Program Files\Common Files\Oracle\Java\javapath;C:\Windows\system32;C:\Windows;C:\Windows\System32\Wbem;C:\Windows\System32\WindowsPowerShell\v1.0\;C:\Windows\System32\OpenSSH\;C:\Program Files (x86)\NVIDIA Corporation\PhysX\Common;C:\Program Files\NVIDIA Corporation\NVIDIA NvDLISR;C:\WINDOWS\system32;C:\WINDOWS;C:\WINDOWS\System32\Wbem;C:\WINDOWS\System32\WindowsPowerShell\v1.0\;C:\WINDOWS\System32\OpenSSH\;C:\Program Files\Git\cmd;C:\Users\Vu\AppData\Local\Microsoft\WindowsApps;
USERNAME=Vu
OS=Windows_NT
PROCESSOR_IDENTIFIER=Intel64 Family 6 Model 141 Stepping 1, GenuineIntel
TMP=C:\Users\Vu\AppData\Local\Temp
TEMP=C:\Users\Vu\AppData\Local\Temp




Periodic native trim disabled

---------------  S Y S T E M  ---------------

OS:
 Windows 11 , 64 bit Build 22621 (10.0.22621.3085)
OS uptime: 1 days 1:57 hours
Hyper-V role detected

CPU: total 12 (initial active 12) (6 cores per cpu, 2 threads per core) family 6 model 141 stepping 1 microcode 0x3c, cx8, cmov, fxsr, ht, mmx, 3dnowpref, sse, sse2, sse3, ssse3, sse4.1, sse4.2, popcnt, lzcnt, tsc, tscinvbit, avx, avx2, aes, erms, clmul, bmi1, bmi2, adx, avx512f, avx512dq, avx512cd, avx512bw, avx512vl, sha, fma, vzeroupper, avx512_vpopcntdq, avx512_vpclmulqdq, avx512_vaes, avx512_vnni, clflush, clflushopt, clwb, avx512_vbmi2, avx512_vbmi, hv, rdtscp, rdpid, fsrm, gfni, avx512_bitalg, f16c, cet_ibt, cet_ss, avx512_ifma
Processor Information for all 12 processors :
  Max Mhz: 2688, Current Mhz: 2688, Mhz Limit: 2688

Memory: 4k page, system-wide physical 16147M (6456M free)
TotalPageFile size 22547M (AvailPageFile size 8386M)
current process WorkingSet (physical memory assigned to process): 477M, peak: 487M
current process commit charge ("private bytes"): 516M, peak: 538M

vm_info: Java HotSpot(TM) 64-Bit Server VM (21.0.1+12-LTS-29) for windows-amd64 JRE (21.0.1+12-LTS-29), built on 2023-10-05T13:27:09Z by "mach5one" with MS VC++ 17.1 (VS2022)

END.
