#
# A fatal error has been detected by the Java Runtime Environment:
#
#  EXCEPTION_ACCESS_VIOLATION (0xc0000005) at pc=0x00007ffd7f94366c, pid=10840, tid=23896
#
# JRE version: Java(TM) SE Runtime Environment (21.0.1+12) (build 21.0.1+12-LTS-29)
# Java VM: Java HotSpot(TM) 64-Bit Server VM (21.0.1+12-LTS-29, mixed mode, sharing, tiered, compressed oops, compressed class ptrs, g1 gc, windows-amd64)
# Problematic frame:
# C  [igxelpicd64.dll+0x13366c]
#
# No core dump will be written. Minidumps are not enabled by default on client versions of Windows
#
# If you would like to submit a bug report, please visit:
#   https://bugreport.java.com/bugreport/crash.jsp
#

---------------  S U M M A R Y ------------

Command Line: -javaagent:D:\IntelliJ IDEA Community Edition 2023.3.3\lib\idea_rt.jar=54442:D:\IntelliJ IDEA Community Edition 2023.3.3\bin -Dfile.encoding=UTF-8 -Dsun.stdout.encoding=UTF-8 -Dsun.stderr.encoding=UTF-8 main.Main

Host: 11th Gen Intel(R) Core(TM) i5-11400H @ 2.70GHz, 12 cores, 15G,  Windows 11 , 64 bit Build 22621 (10.0.22621.3085)
Time: Wed Feb 21 03:47:02 2024 SE Asia Standard Time elapsed time: 308.608678 seconds (0d 0h 5m 8s)

---------------  T H R E A D  ---------------

Current thread (0x000001eae7737940):  VMThread "VM Thread"          [id=23896, stack(0x000000b38a000000,0x000000b38a100000) (1024K)]

Stack: [0x000000b38a000000,0x000000b38a100000],  sp=0x000000b38a0fe670,  free space=1017k
Native frames: (J=compiled Java code, j=interpreted, Vv=VM code, C=native code)
C  [igxelpicd64.dll+0x13366c]


siginfo: EXCEPTION_ACCESS_VIOLATION (0xc0000005), reading address 0x00000000000356f8


Registers:
RAX=0x000001eaf565ee98, RBX=0x000001eaf565ed90, RCX=0x0000000000000000, RDX=0x0000000000000000
RSP=0x000000b38a0fe670, RBP=0x0000000000000000, RSI=0x000001eaf565f360, RDI=0x000001eaec15e690
R8 =0x0000000000000014, R9 =0x0000000000000000, R10=0x0000000000000000, R11=0x0000000000000000
R12=0x0000000000000000, R13=0x000001eaf5660140, R14=0x0000000006ff3d00, R15=0x0000000000000016
RIP=0x00007ffd7f94366c, EFLAGS=0x0000000000010202


Register to memory mapping:

RAX=0x000001eaf565ee98 points into unknown readable memory: 0x0000000006ff31b6 | b6 31 ff 06 00 00 00 00
RBX=0x000001eaf565ed90 points into unknown readable memory: 0x000001eaec15f240 | 40 f2 15 ec ea 01 00 00
RCX=0x0 is null
RDX=0x0 is null
RSP=0x000000b38a0fe670 points into unknown readable memory: 0x000001eaec1748b0 | b0 48 17 ec ea 01 00 00
RBP=0x0 is null
RSI=0x000001eaf565f360 points into unknown readable memory: 0x000001eaf5660140 | 40 01 66 f5 ea 01 00 00
RDI=0x000001eaec15e690 points into unknown readable memory: 0x000001eaec42b200 | 00 b2 42 ec ea 01 00 00
R8 =0x0000000000000014 is an unknown value
R9 =0x0 is null
R10=0x0 is null
R11=0x0 is null
R12=0x0 is null
R13=0x000001eaf5660140 points into unknown readable memory: 0x000001eaec15f240 | 40 f2 15 ec ea 01 00 00
R14=0x0000000006ff3d00 is an unknown value
R15=0x0000000000000016 is an unknown value

Top of Stack: (sp=0x000000b38a0fe670)
0x000000b38a0fe670:   000001eaec1748b0 0000000000000000
0x000000b38a0fe680:   000000b38a0fef20 00007ffe1b2533b4
0x000000b38a0fe690:   00007ffd8f489010 00007ffe1b245511
0x000000b38a0fe6a0:   000001ea02000001 00007ffe1b2418f4
0x000000b38a0fe6b0:   000001eaec2ed838 0000000006ff3ddd
0x000000b38a0fe6c0:   0000000000000000 000000000000000e
0x000000b38a0fe6d0:   0000000000000000 0000000000000000
0x000000b38a0fe6e0:   000000b38a0fe7f0 00007ffd7fabbc3c
0x000000b38a0fe6f0:   000001eaec1748b0 000001eaec15e690
0x000000b38a0fe700:   000001eac61c0a00 0000000000000000
0x000000b38a0fe710:   000000b3000010f4 0000b80221160000
0x000000b38a0fe720:   0000000000000000 000000b38a0fea78
0x000000b38a0fe730:   000000b38950f000 00007ffe1b1cd8e6
0x000000b38a0fe740:   000001eac61b0000 0000000000000002
0x000000b38a0fe750:   0000000200000101 00007ffd7fab19a0
0x000000b38a0fe760:   00007ffe1b2197f0 00000000000004b4
0x000000b38a0fe770:   000000b38a0fe8d8 000000b38a0fe900
0x000000b38a0fe780:   00007ffe00000002 00000000000004b4
0x000000b38a0fe790:   0000ad8df8867d1a 00007ffd7f893cdf
0x000000b38a0fe7a0:   0000b80221160000 00000000000010f4
0x000000b38a0fe7b0:   0000000000000000 4000170000000001
0x000000b38a0fe7c0:   0000000000000000 0000000000000000
0x000000b38a0fe7d0:   0000000000000000 0000000000000000
0x000000b38a0fe7e0:   0000000000000000 0000000000000000
0x000000b38a0fe7f0:   0000000000000000 0000000000000000
0x000000b38a0fe800:   0000000000000000 0000000000000000
0x000000b38a0fe810:   0000000000000000 0000000000000000
0x000000b38a0fe820:   0000000000000000 0000000000000000
0x000000b38a0fe830:   0000000000000000 0000000000000000
0x000000b38a0fe840:   0000000000000000 0000000000000000
0x000000b38a0fe850:   0000000000000000 0000000000000000
0x000000b38a0fe860:   0000000000000000 0000000000000000 

Instructions: (pc=0x00007ffd7f94366c)
0x00007ffd7f94356c:   ec 40 45 8a e1 48 8b fa 48 8b e9 48 8b 1d 42 08
0x00007ffd7f94357c:   e0 00 48 89 58 08 48 8b cb ff 15 85 5b 9a 00 90
0x00007ffd7f94358c:   4c 8b af 78 02 00 00 48 8b 05 c6 e4 cf 00 44 8b
0x00007ffd7f94359c:   b8 40 0b 00 00 45 33 db 45 8a f3 4c 89 9f 78 02
0x00007ffd7f9435ac:   00 00 44 89 9f 80 02 00 00 4c 89 9f 98 02 00 00
0x00007ffd7f9435bc:   4c 89 9f 88 02 00 00 48 85 ed 75 38 8b 35 4a e2
0x00007ffd7f9435cc:   df 00 65 48 8b 04 25 58 00 00 00 b9 14 00 00 00
0x00007ffd7f9435dc:   48 8b 04 f0 44 38 1c 01 0f 84 9d da 86 00 65 48
0x00007ffd7f9435ec:   8b 04 25 58 00 00 00 bd 20 00 00 00 48 8b 04 f0
0x00007ffd7f9435fc:   48 8b 2c 28 48 3b 2d 39 07 e0 00 45 0f 44 fb 4d
0x00007ffd7f94360c:   85 ed 0f 84 21 01 00 00 44 8a a4 24 90 00 00 00
0x00007ffd7f94361c:   49 8b dd 49 8d b5 d0 05 00 00 4c 8b 2e 45 84 e4
0x00007ffd7f94362c:   0f 85 2a 03 00 00 8b 97 c8 01 00 00 48 8b 05 21
0x00007ffd7f94363c:   e4 cf 00 83 b8 78 03 00 00 02 75 31 83 fa 10 0f
0x00007ffd7f94364c:   83 20 01 00 00 48 8d 04 d5 21 00 00 00 48 03 c2
0x00007ffd7f94365c:   48 8d 04 c3 48 85 c0 0f 85 ff 00 00 00 49 8b cb
0x00007ffd7f94366c:   48 3b 8d f8 56 03 00 0f 87 f3 02 00 00 4c 39 9b
0x00007ffd7f94367c:   48 06 00 00 0f 85 41 da 86 00 44 8b 97 c8 01 00
0x00007ffd7f94368c:   00 48 8b 87 e0 01 00 00 4c 8b 08 8b 97 c8 01 00
0x00007ffd7f94369c:   00 83 fa 10 0f 83 03 01 00 00 48 8d 04 d5 21 00
0x00007ffd7f9436ac:   00 00 48 03 c2 48 8d 04 c3 48 85 c0 0f 85 e2 00
0x00007ffd7f9436bc:   00 00 49 8b cb 49 3b c9 0f 86 0e 01 00 00 48 8b
0x00007ffd7f9436cc:   87 78 02 00 00 48 89 06 48 89 9f 78 02 00 00 ff
0x00007ffd7f9436dc:   87 80 02 00 00 48 8b 43 08 48 8b 88 18 01 00 00
0x00007ffd7f9436ec:   48 81 e1 00 00 ff ff 48 81 c1 00 00 01 00 48 01
0x00007ffd7f9436fc:   8f 88 02 00 00 48 8b 43 08 48 8b 88 18 01 00 00
0x00007ffd7f94370c:   48 01 8f 98 02 00 00 4d 85 ed 0f 85 00 ff ff ff
0x00007ffd7f94371c:   45 84 f6 44 8a a4 24 98 00 00 00 0f 85 82 03 00
0x00007ffd7f94372c:   00 48 8b 9c 24 80 00 00 00 48 8b cf 45 84 e4 0f
0x00007ffd7f94373c:   85 8a 03 00 00 e8 fa f9 ff ff 90 48 8b cb 48 8b
0x00007ffd7f94374c:   9c 24 88 00 00 00 48 83 c4 40 41 5f 41 5e 41 5d
0x00007ffd7f94375c:   41 5c 5f 5e 5d 48 ff 25 b0 59 9a 00 48 8b 48 08 


Stack slot to memory mapping:

stack at sp + 0 slots: 0x000001eaec1748b0 points into unknown readable memory: 0xffffffffffffffff | ff ff ff ff ff ff ff ff
stack at sp + 1 slots: 0x0 is null
stack at sp + 2 slots: 0x000000b38a0fef20 points into unknown readable memory: 0x000001eac6393fc0 | c0 3f 39 c6 ea 01 00 00
stack at sp + 3 slots: 0x00007ffe1b2533b4 ntdll.dll
stack at sp + 4 slots: 0x00007ffd8f489010 jvm.dll
stack at sp + 5 slots: 0x00007ffe1b245511 ntdll.dll
stack at sp + 6 slots: 0x000001ea02000001 is an unknown value
stack at sp + 7 slots: 0x00007ffe1b2418f4 ntdll.dll

VM_Operation (0x000000b3898ff280): Exit, mode: safepoint, requested by thread 0x000001eafc4138b0


---------------  P R O C E S S  ---------------

Threads class SMR info:
_java_thread_list=0x000001eaf5cbc370, length=13, elements={
0x000001eac62c00e0, 0x000001eae7757e30, 0x000001eae7758b50, 0x000001eae775b1a0,
0x000001eae775bc00, 0x000001eae775c660, 0x000001eae7765200, 0x000001eae77669a0,
0x000001eae776b580, 0x000001eae7ccb340, 0x000001eae7fdb590, 0x000001eae7fdfc10,
0x000001eafc4138b0
}

Java Threads: ( => current thread )
  0x000001eac62c00e0 JavaThread "main"                              [_thread_blocked, id=16276, stack(0x000000b389900000,0x000000b389a00000) (1024K)]
  0x000001eae7757e30 JavaThread "Reference Handler"          daemon [_thread_blocked, id=22404, stack(0x000000b38a100000,0x000000b38a200000) (1024K)]
  0x000001eae7758b50 JavaThread "Finalizer"                  daemon [_thread_blocked, id=20592, stack(0x000000b38a200000,0x000000b38a300000) (1024K)]
  0x000001eae775b1a0 JavaThread "Signal Dispatcher"          daemon [_thread_blocked, id=6576, stack(0x000000b38a300000,0x000000b38a400000) (1024K)]
  0x000001eae775bc00 JavaThread "Attach Listener"            daemon [_thread_blocked, id=11692, stack(0x000000b38a400000,0x000000b38a500000) (1024K)]
  0x000001eae775c660 JavaThread "Service Thread"             daemon [_thread_blocked, id=14884, stack(0x000000b38a500000,0x000000b38a600000) (1024K)]
  0x000001eae7765200 JavaThread "Monitor Deflation Thread"   daemon [_thread_blocked, id=4472, stack(0x000000b38a600000,0x000000b38a700000) (1024K)]
  0x000001eae77669a0 JavaThread "C2 CompilerThread0"         daemon [_thread_blocked, id=9004, stack(0x000000b38a700000,0x000000b38a800000) (1024K)]
  0x000001eae776b580 JavaThread "C1 CompilerThread0"         daemon [_thread_blocked, id=22248, stack(0x000000b38a800000,0x000000b38a900000) (1024K)]
  0x000001eae7ccb340 JavaThread "Common-Cleaner"             daemon [_thread_blocked, id=12448, stack(0x000000b38a900000,0x000000b38aa00000) (1024K)]
  0x000001eae7fdb590 JavaThread "Monitor Ctrl-Break"         daemon [_thread_in_native, id=14008, stack(0x000000b38aa00000,0x000000b38ab00000) (1024K)]
  0x000001eae7fdfc10 JavaThread "Notification Thread"        daemon [_thread_blocked, id=22556, stack(0x000000b38ab00000,0x000000b38ac00000) (1024K)]
  0x000001eafc4138b0 JavaThread "SIGINT handler"             daemon [_thread_blocked, id=14124, stack(0x000000b389800000,0x000000b389900000) (1024K)]
Total: 13

Other Threads:
=>0x000001eae7737940 VMThread "VM Thread"                           [id=23896, stack(0x000000b38a000000,0x000000b38a100000) (1024K)]
  0x000001eac65f05e0 WorkerThread "GC Thread#0"                     [id=22516, stack(0x000000b389a00000,0x000000b389b00000) (1024K)]
  0x000001eaf52a4db0 WorkerThread "GC Thread#1"                     [id=9244, stack(0x000000b38b400000,0x000000b38b500000) (1024K)]
  0x000001eaf5c2dcf0 WorkerThread "GC Thread#2"                     [id=20488, stack(0x000000b38b500000,0x000000b38b600000) (1024K)]
  0x000001eaf5cfc360 WorkerThread "GC Thread#3"                     [id=3776, stack(0x000000b38b600000,0x000000b38b700000) (1024K)]
  0x000001eaf5944cf0 WorkerThread "GC Thread#4"                     [id=20664, stack(0x000000b38b700000,0x000000b38b800000) (1024K)]
  0x000001eaf5945090 WorkerThread "GC Thread#5"                     [id=14804, stack(0x000000b38b800000,0x000000b38b900000) (1024K)]
  0x000001eaf5f0e9b0 WorkerThread "GC Thread#6"                     [id=9100, stack(0x000000b38b900000,0x000000b38ba00000) (1024K)]
  0x000001eaf58af180 WorkerThread "GC Thread#7"                     [id=11284, stack(0x000000b38ba00000,0x000000b38bb00000) (1024K)]
  0x000001eaf58ae300 WorkerThread "GC Thread#8"                     [id=8668, stack(0x000000b38bb00000,0x000000b38bc00000) (1024K)]
  0x000001eaf58ae6a0 WorkerThread "GC Thread#9"                     [id=13364, stack(0x000000b38bc00000,0x000000b38bd00000) (1024K)]
  0x000001eac66022d0 ConcurrentGCThread "G1 Main Marker"            terminated
  0x000001eac6602cd0 WorkerThread "G1 Conc#0"                       [id=22136, stack(0x000000b389c00000,0x000000b389d00000) (1024K)]
  0x000001eac664e810 ConcurrentGCThread "G1 Refine#0"               terminated
  0x000001eae75f6470 ConcurrentGCThread "G1 Service"                terminated
Total: 15

Threads with active compile tasks:
C1 CompilerThread0   308639 2135   !   3       java.util.concurrent.ConcurrentHashMap::replaceNode (437 bytes)
Total: 1

VM state: at safepoint (shutting down)

VM Mutex/Monitor currently owned by a thread:  ([mutex/lock_event])
[0x00007ffd8f7ca5f8] Threads_lock - owner thread: 0x000001eae7737940
[0x00007ffd8f7ca6f8] Heap_lock - owner thread: 0x000001eafc4138b0

Heap address: 0x0000000703a00000, size: 4038 MB, Compressed Oops mode: Zero based, Oop shift amount: 3

CDS archive(s) mapped at: [0x000001ea80000000-0x000001ea80c90000-0x000001ea80c90000), size 13172736, SharedBaseAddress: 0x000001ea80000000, ArchiveRelocationMode: 1.
Compressed class space mapped at: 0x000001ea81000000-0x000001eac1000000, reserved size: 1073741824
Narrow klass base: 0x000001ea80000000, Narrow klass shift: 0, Narrow klass range: 0x100000000

GC Precious Log:
 CardTable entry size: 512
 Card Set container configuration: InlinePtr #cards 4 size 8 Array Of Cards #cards 16 size 48 Howl #buckets 8 coarsen threshold 3686 Howl Bitmap #cards 512 size 80 coarsen threshold 460 Card regions per heap region 1 cards per card region 4096
 CPUs: 12 total, 12 available
 Memory: 16147M
 Large Page Support: Disabled
 NUMA Support: Disabled
 Compressed Oops: Enabled (Zero based)
 Heap Region Size: 2M
 Heap Min Capacity: 8M
 Heap Initial Capacity: 254M
 Heap Max Capacity: 4038M
 Pre-touch: Disabled
 Parallel Workers: 10
 Concurrent Workers: 3
 Concurrent Refinement Workers: 10
 Periodic GC: Disabled

Heap:
 garbage-first heap   total 260096K, used 83363K [0x0000000703a00000, 0x0000000800000000)
  region size 2048K, 40 young (81920K), 6 survivors (12288K)
 Metaspace       used 9709K, committed 9920K, reserved 1114112K
  class space    used 676K, committed 768K, reserved 1048576K

Heap Regions: E=young(eden), S=young(survivor), O=old, HS=humongous(starts), HC=humongous(continues), CS=collection set, F=free, TAMS=top-at-mark-start, PB=parsable bottom
|   0|0x0000000703a00000, 0x0000000703c00000, 0x0000000703c00000|100%| O|  |TAMS 0x0000000703a00000| PB 0x0000000703a00000| Untracked 
|   1|0x0000000703c00000, 0x0000000703c00000, 0x0000000703e00000|  0%| F|  |TAMS 0x0000000703c00000| PB 0x0000000703c00000| Untracked 
|   2|0x0000000703e00000, 0x0000000703e00000, 0x0000000704000000|  0%| F|  |TAMS 0x0000000703e00000| PB 0x0000000703e00000| Untracked 
|   3|0x0000000704000000, 0x0000000704000000, 0x0000000704200000|  0%| F|  |TAMS 0x0000000704000000| PB 0x0000000704000000| Untracked 
|   4|0x0000000704200000, 0x0000000704200000, 0x0000000704400000|  0%| F|  |TAMS 0x0000000704200000| PB 0x0000000704200000| Untracked 
|   5|0x0000000704400000, 0x0000000704600000, 0x0000000704600000|100%| O|  |TAMS 0x0000000704400000| PB 0x0000000704400000| Untracked 
|   6|0x0000000704600000, 0x0000000704645180, 0x0000000704800000| 13%| O|  |TAMS 0x0000000704600000| PB 0x0000000704600000| Untracked 
|   7|0x0000000704800000, 0x0000000704800000, 0x0000000704a00000|  0%| F|  |TAMS 0x0000000704800000| PB 0x0000000704800000| Untracked 
|   8|0x0000000704a00000, 0x0000000704a00000, 0x0000000704c00000|  0%| F|  |TAMS 0x0000000704a00000| PB 0x0000000704a00000| Untracked 
|   9|0x0000000704c00000, 0x0000000704c00000, 0x0000000704e00000|  0%| F|  |TAMS 0x0000000704c00000| PB 0x0000000704c00000| Untracked 
|  10|0x0000000704e00000, 0x0000000704e00000, 0x0000000705000000|  0%| F|  |TAMS 0x0000000704e00000| PB 0x0000000704e00000| Untracked 
|  11|0x0000000705000000, 0x0000000705000000, 0x0000000705200000|  0%| F|  |TAMS 0x0000000705000000| PB 0x0000000705000000| Untracked 
|  12|0x0000000705200000, 0x0000000705200000, 0x0000000705400000|  0%| F|  |TAMS 0x0000000705200000| PB 0x0000000705200000| Untracked 
|  13|0x0000000705400000, 0x0000000705400000, 0x0000000705600000|  0%| F|  |TAMS 0x0000000705400000| PB 0x0000000705400000| Untracked 
|  14|0x0000000705600000, 0x0000000705600000, 0x0000000705800000|  0%| F|  |TAMS 0x0000000705600000| PB 0x0000000705600000| Untracked 
|  15|0x0000000705800000, 0x0000000705800000, 0x0000000705a00000|  0%| F|  |TAMS 0x0000000705800000| PB 0x0000000705800000| Untracked 
|  16|0x0000000705a00000, 0x0000000705a00000, 0x0000000705c00000|  0%| F|  |TAMS 0x0000000705a00000| PB 0x0000000705a00000| Untracked 
|  17|0x0000000705c00000, 0x0000000705c00000, 0x0000000705e00000|  0%| F|  |TAMS 0x0000000705c00000| PB 0x0000000705c00000| Untracked 
|  18|0x0000000705e00000, 0x0000000705e00000, 0x0000000706000000|  0%| F|  |TAMS 0x0000000705e00000| PB 0x0000000705e00000| Untracked 
|  19|0x0000000706000000, 0x0000000706000000, 0x0000000706200000|  0%| F|  |TAMS 0x0000000706000000| PB 0x0000000706000000| Untracked 
|  20|0x0000000706200000, 0x0000000706200000, 0x0000000706400000|  0%| F|  |TAMS 0x0000000706200000| PB 0x0000000706200000| Untracked 
|  21|0x0000000706400000, 0x0000000706400000, 0x0000000706600000|  0%| F|  |TAMS 0x0000000706400000| PB 0x0000000706400000| Untracked 
|  22|0x0000000706600000, 0x0000000706600000, 0x0000000706800000|  0%| F|  |TAMS 0x0000000706600000| PB 0x0000000706600000| Untracked 
|  23|0x0000000706800000, 0x0000000706800000, 0x0000000706a00000|  0%| F|  |TAMS 0x0000000706800000| PB 0x0000000706800000| Untracked 
|  24|0x0000000706a00000, 0x0000000706a00000, 0x0000000706c00000|  0%| F|  |TAMS 0x0000000706a00000| PB 0x0000000706a00000| Untracked 
|  25|0x0000000706c00000, 0x0000000706c00000, 0x0000000706e00000|  0%| F|  |TAMS 0x0000000706c00000| PB 0x0000000706c00000| Untracked 
|  26|0x0000000706e00000, 0x0000000706e00000, 0x0000000707000000|  0%| F|  |TAMS 0x0000000706e00000| PB 0x0000000706e00000| Untracked 
|  27|0x0000000707000000, 0x0000000707000000, 0x0000000707200000|  0%| F|  |TAMS 0x0000000707000000| PB 0x0000000707000000| Untracked 
|  28|0x0000000707200000, 0x0000000707200000, 0x0000000707400000|  0%| F|  |TAMS 0x0000000707200000| PB 0x0000000707200000| Untracked 
|  29|0x0000000707400000, 0x0000000707400000, 0x0000000707600000|  0%| F|  |TAMS 0x0000000707400000| PB 0x0000000707400000| Untracked 
|  30|0x0000000707600000, 0x0000000707600000, 0x0000000707800000|  0%| F|  |TAMS 0x0000000707600000| PB 0x0000000707600000| Untracked 
|  31|0x0000000707800000, 0x0000000707800000, 0x0000000707a00000|  0%| F|  |TAMS 0x0000000707800000| PB 0x0000000707800000| Untracked 
|  32|0x0000000707a00000, 0x0000000707a00000, 0x0000000707c00000|  0%| F|  |TAMS 0x0000000707a00000| PB 0x0000000707a00000| Untracked 
|  33|0x0000000707c00000, 0x0000000707c00000, 0x0000000707e00000|  0%| F|  |TAMS 0x0000000707c00000| PB 0x0000000707c00000| Untracked 
|  34|0x0000000707e00000, 0x0000000707e00000, 0x0000000708000000|  0%| F|  |TAMS 0x0000000707e00000| PB 0x0000000707e00000| Untracked 
|  35|0x0000000708000000, 0x0000000708000000, 0x0000000708200000|  0%| F|  |TAMS 0x0000000708000000| PB 0x0000000708000000| Untracked 
|  36|0x0000000708200000, 0x0000000708200000, 0x0000000708400000|  0%| F|  |TAMS 0x0000000708200000| PB 0x0000000708200000| Untracked 
|  37|0x0000000708400000, 0x0000000708400000, 0x0000000708600000|  0%| F|  |TAMS 0x0000000708400000| PB 0x0000000708400000| Untracked 
|  38|0x0000000708600000, 0x0000000708600000, 0x0000000708800000|  0%| F|  |TAMS 0x0000000708600000| PB 0x0000000708600000| Untracked 
|  39|0x0000000708800000, 0x0000000708800000, 0x0000000708a00000|  0%| F|  |TAMS 0x0000000708800000| PB 0x0000000708800000| Untracked 
|  40|0x0000000708a00000, 0x0000000708a00000, 0x0000000708c00000|  0%| F|  |TAMS 0x0000000708a00000| PB 0x0000000708a00000| Untracked 
|  41|0x0000000708c00000, 0x0000000708c00000, 0x0000000708e00000|  0%| F|  |TAMS 0x0000000708c00000| PB 0x0000000708c00000| Untracked 
|  42|0x0000000708e00000, 0x0000000708e00000, 0x0000000709000000|  0%| F|  |TAMS 0x0000000708e00000| PB 0x0000000708e00000| Untracked 
|  43|0x0000000709000000, 0x0000000709000000, 0x0000000709200000|  0%| F|  |TAMS 0x0000000709000000| PB 0x0000000709000000| Untracked 
|  44|0x0000000709200000, 0x0000000709200000, 0x0000000709400000|  0%| F|  |TAMS 0x0000000709200000| PB 0x0000000709200000| Untracked 
|  45|0x0000000709400000, 0x0000000709400000, 0x0000000709600000|  0%| F|  |TAMS 0x0000000709400000| PB 0x0000000709400000| Untracked 
|  46|0x0000000709600000, 0x0000000709600000, 0x0000000709800000|  0%| F|  |TAMS 0x0000000709600000| PB 0x0000000709600000| Untracked 
|  47|0x0000000709800000, 0x0000000709800000, 0x0000000709a00000|  0%| F|  |TAMS 0x0000000709800000| PB 0x0000000709800000| Untracked 
|  48|0x0000000709a00000, 0x0000000709a00000, 0x0000000709c00000|  0%| F|  |TAMS 0x0000000709a00000| PB 0x0000000709a00000| Untracked 
|  49|0x0000000709c00000, 0x0000000709c00000, 0x0000000709e00000|  0%| F|  |TAMS 0x0000000709c00000| PB 0x0000000709c00000| Untracked 
|  50|0x0000000709e00000, 0x0000000709e00000, 0x000000070a000000|  0%| F|  |TAMS 0x0000000709e00000| PB 0x0000000709e00000| Untracked 
|  51|0x000000070a000000, 0x000000070a123ca0, 0x000000070a200000| 56%| S|CS|TAMS 0x000000070a000000| PB 0x000000070a000000| Complete 
|  52|0x000000070a200000, 0x000000070a400000, 0x000000070a400000|100%| S|CS|TAMS 0x000000070a200000| PB 0x000000070a200000| Complete 
|  53|0x000000070a400000, 0x000000070a600000, 0x000000070a600000|100%| S|CS|TAMS 0x000000070a400000| PB 0x000000070a400000| Complete 
|  54|0x000000070a600000, 0x000000070a800000, 0x000000070a800000|100%| S|CS|TAMS 0x000000070a600000| PB 0x000000070a600000| Complete 
|  55|0x000000070a800000, 0x000000070aa00000, 0x000000070aa00000|100%| S|CS|TAMS 0x000000070a800000| PB 0x000000070a800000| Complete 
|  56|0x000000070aa00000, 0x000000070ac00000, 0x000000070ac00000|100%| S|CS|TAMS 0x000000070aa00000| PB 0x000000070aa00000| Complete 
|  57|0x000000070ac00000, 0x000000070ac00000, 0x000000070ae00000|  0%| F|  |TAMS 0x000000070ac00000| PB 0x000000070ac00000| Untracked 
|  58|0x000000070ae00000, 0x000000070ae00000, 0x000000070b000000|  0%| F|  |TAMS 0x000000070ae00000| PB 0x000000070ae00000| Untracked 
|  59|0x000000070b000000, 0x000000070b000000, 0x000000070b200000|  0%| F|  |TAMS 0x000000070b000000| PB 0x000000070b000000| Untracked 
|  60|0x000000070b200000, 0x000000070b200000, 0x000000070b400000|  0%| F|  |TAMS 0x000000070b200000| PB 0x000000070b200000| Untracked 
|  61|0x000000070b400000, 0x000000070b400000, 0x000000070b600000|  0%| F|  |TAMS 0x000000070b400000| PB 0x000000070b400000| Untracked 
|  62|0x000000070b600000, 0x000000070b600000, 0x000000070b800000|  0%| F|  |TAMS 0x000000070b600000| PB 0x000000070b600000| Untracked 
|  63|0x000000070b800000, 0x000000070b800000, 0x000000070ba00000|  0%| F|  |TAMS 0x000000070b800000| PB 0x000000070b800000| Untracked 
|  64|0x000000070ba00000, 0x000000070ba00000, 0x000000070bc00000|  0%| F|  |TAMS 0x000000070ba00000| PB 0x000000070ba00000| Untracked 
|  65|0x000000070bc00000, 0x000000070bc00000, 0x000000070be00000|  0%| F|  |TAMS 0x000000070bc00000| PB 0x000000070bc00000| Untracked 
|  66|0x000000070be00000, 0x000000070be00000, 0x000000070c000000|  0%| F|  |TAMS 0x000000070be00000| PB 0x000000070be00000| Untracked 
|  67|0x000000070c000000, 0x000000070c000000, 0x000000070c200000|  0%| F|  |TAMS 0x000000070c000000| PB 0x000000070c000000| Untracked 
|  68|0x000000070c200000, 0x000000070c200000, 0x000000070c400000|  0%| F|  |TAMS 0x000000070c200000| PB 0x000000070c200000| Untracked 
|  69|0x000000070c400000, 0x000000070c400000, 0x000000070c600000|  0%| F|  |TAMS 0x000000070c400000| PB 0x000000070c400000| Untracked 
|  70|0x000000070c600000, 0x000000070c600000, 0x000000070c800000|  0%| F|  |TAMS 0x000000070c600000| PB 0x000000070c600000| Untracked 
|  71|0x000000070c800000, 0x000000070c800000, 0x000000070ca00000|  0%| F|  |TAMS 0x000000070c800000| PB 0x000000070c800000| Untracked 
|  72|0x000000070ca00000, 0x000000070ca00000, 0x000000070cc00000|  0%| F|  |TAMS 0x000000070ca00000| PB 0x000000070ca00000| Untracked 
|  73|0x000000070cc00000, 0x000000070cc00000, 0x000000070ce00000|  0%| F|  |TAMS 0x000000070cc00000| PB 0x000000070cc00000| Untracked 
|  74|0x000000070ce00000, 0x000000070ce00000, 0x000000070d000000|  0%| F|  |TAMS 0x000000070ce00000| PB 0x000000070ce00000| Untracked 
|  75|0x000000070d000000, 0x000000070d000000, 0x000000070d200000|  0%| F|  |TAMS 0x000000070d000000| PB 0x000000070d000000| Untracked 
|  76|0x000000070d200000, 0x000000070d200000, 0x000000070d400000|  0%| F|  |TAMS 0x000000070d200000| PB 0x000000070d200000| Untracked 
|  77|0x000000070d400000, 0x000000070d400000, 0x000000070d600000|  0%| F|  |TAMS 0x000000070d400000| PB 0x000000070d400000| Untracked 
|  78|0x000000070d600000, 0x000000070d600000, 0x000000070d800000|  0%| F|  |TAMS 0x000000070d600000| PB 0x000000070d600000| Untracked 
|  79|0x000000070d800000, 0x000000070d800000, 0x000000070da00000|  0%| F|  |TAMS 0x000000070d800000| PB 0x000000070d800000| Untracked 
|  80|0x000000070da00000, 0x000000070da00000, 0x000000070dc00000|  0%| F|  |TAMS 0x000000070da00000| PB 0x000000070da00000| Untracked 
|  81|0x000000070dc00000, 0x000000070dc00000, 0x000000070de00000|  0%| F|  |TAMS 0x000000070dc00000| PB 0x000000070dc00000| Untracked 
|  82|0x000000070de00000, 0x000000070de00000, 0x000000070e000000|  0%| F|  |TAMS 0x000000070de00000| PB 0x000000070de00000| Untracked 
|  83|0x000000070e000000, 0x000000070e000000, 0x000000070e200000|  0%| F|  |TAMS 0x000000070e000000| PB 0x000000070e000000| Untracked 
|  84|0x000000070e200000, 0x000000070e200000, 0x000000070e400000|  0%| F|  |TAMS 0x000000070e200000| PB 0x000000070e200000| Untracked 
|  85|0x000000070e400000, 0x000000070e400000, 0x000000070e600000|  0%| F|  |TAMS 0x000000070e400000| PB 0x000000070e400000| Untracked 
|  86|0x000000070e600000, 0x000000070e600000, 0x000000070e800000|  0%| F|  |TAMS 0x000000070e600000| PB 0x000000070e600000| Untracked 
|  87|0x000000070e800000, 0x000000070e800000, 0x000000070ea00000|  0%| F|  |TAMS 0x000000070e800000| PB 0x000000070e800000| Untracked 
|  88|0x000000070ea00000, 0x000000070ea00000, 0x000000070ec00000|  0%| F|  |TAMS 0x000000070ea00000| PB 0x000000070ea00000| Untracked 
|  89|0x000000070ec00000, 0x000000070ec00000, 0x000000070ee00000|  0%| F|  |TAMS 0x000000070ec00000| PB 0x000000070ec00000| Untracked 
|  90|0x000000070ee00000, 0x000000070ee00000, 0x000000070f000000|  0%| F|  |TAMS 0x000000070ee00000| PB 0x000000070ee00000| Untracked 
|  91|0x000000070f000000, 0x000000070f000000, 0x000000070f200000|  0%| F|  |TAMS 0x000000070f000000| PB 0x000000070f000000| Untracked 
|  92|0x000000070f200000, 0x000000070f200000, 0x000000070f400000|  0%| F|  |TAMS 0x000000070f200000| PB 0x000000070f200000| Untracked 
|  93|0x000000070f400000, 0x000000070f500800, 0x000000070f600000| 50%| E|  |TAMS 0x000000070f400000| PB 0x000000070f400000| Complete 
|  94|0x000000070f600000, 0x000000070f800000, 0x000000070f800000|100%| E|CS|TAMS 0x000000070f600000| PB 0x000000070f600000| Complete 
|  95|0x000000070f800000, 0x000000070fa00000, 0x000000070fa00000|100%| E|CS|TAMS 0x000000070f800000| PB 0x000000070f800000| Complete 
|  96|0x000000070fa00000, 0x000000070fc00000, 0x000000070fc00000|100%| E|CS|TAMS 0x000000070fa00000| PB 0x000000070fa00000| Complete 
|  97|0x000000070fc00000, 0x000000070fe00000, 0x000000070fe00000|100%| E|CS|TAMS 0x000000070fc00000| PB 0x000000070fc00000| Complete 
|  98|0x000000070fe00000, 0x0000000710000000, 0x0000000710000000|100%| E|CS|TAMS 0x000000070fe00000| PB 0x000000070fe00000| Complete 
|  99|0x0000000710000000, 0x0000000710200000, 0x0000000710200000|100%| E|CS|TAMS 0x0000000710000000| PB 0x0000000710000000| Complete 
| 100|0x0000000710200000, 0x0000000710400000, 0x0000000710400000|100%| E|CS|TAMS 0x0000000710200000| PB 0x0000000710200000| Complete 
| 101|0x0000000710400000, 0x0000000710600000, 0x0000000710600000|100%| E|CS|TAMS 0x0000000710400000| PB 0x0000000710400000| Complete 
| 102|0x0000000710600000, 0x0000000710800000, 0x0000000710800000|100%| E|CS|TAMS 0x0000000710600000| PB 0x0000000710600000| Complete 
| 103|0x0000000710800000, 0x0000000710a00000, 0x0000000710a00000|100%| E|CS|TAMS 0x0000000710800000| PB 0x0000000710800000| Complete 
| 104|0x0000000710a00000, 0x0000000710c00000, 0x0000000710c00000|100%| E|CS|TAMS 0x0000000710a00000| PB 0x0000000710a00000| Complete 
| 105|0x0000000710c00000, 0x0000000710e00000, 0x0000000710e00000|100%| E|CS|TAMS 0x0000000710c00000| PB 0x0000000710c00000| Complete 
| 106|0x0000000710e00000, 0x0000000711000000, 0x0000000711000000|100%| E|CS|TAMS 0x0000000710e00000| PB 0x0000000710e00000| Complete 
| 107|0x0000000711000000, 0x0000000711200000, 0x0000000711200000|100%| E|CS|TAMS 0x0000000711000000| PB 0x0000000711000000| Complete 
| 108|0x0000000711200000, 0x0000000711400000, 0x0000000711400000|100%| E|CS|TAMS 0x0000000711200000| PB 0x0000000711200000| Complete 
| 109|0x0000000711400000, 0x0000000711600000, 0x0000000711600000|100%| E|CS|TAMS 0x0000000711400000| PB 0x0000000711400000| Complete 
| 110|0x0000000711600000, 0x0000000711800000, 0x0000000711800000|100%| E|CS|TAMS 0x0000000711600000| PB 0x0000000711600000| Complete 
| 111|0x0000000711800000, 0x0000000711a00000, 0x0000000711a00000|100%| E|CS|TAMS 0x0000000711800000| PB 0x0000000711800000| Complete 
| 112|0x0000000711a00000, 0x0000000711c00000, 0x0000000711c00000|100%| E|CS|TAMS 0x0000000711a00000| PB 0x0000000711a00000| Complete 
| 113|0x0000000711c00000, 0x0000000711e00000, 0x0000000711e00000|100%| E|CS|TAMS 0x0000000711c00000| PB 0x0000000711c00000| Complete 
| 114|0x0000000711e00000, 0x0000000712000000, 0x0000000712000000|100%| E|CS|TAMS 0x0000000711e00000| PB 0x0000000711e00000| Complete 
| 115|0x0000000712000000, 0x0000000712200000, 0x0000000712200000|100%| E|CS|TAMS 0x0000000712000000| PB 0x0000000712000000| Complete 
| 116|0x0000000712200000, 0x0000000712400000, 0x0000000712400000|100%| E|CS|TAMS 0x0000000712200000| PB 0x0000000712200000| Complete 
| 117|0x0000000712400000, 0x0000000712600000, 0x0000000712600000|100%| E|CS|TAMS 0x0000000712400000| PB 0x0000000712400000| Complete 
| 118|0x0000000712600000, 0x0000000712800000, 0x0000000712800000|100%| E|CS|TAMS 0x0000000712600000| PB 0x0000000712600000| Complete 
| 119|0x0000000712800000, 0x0000000712a00000, 0x0000000712a00000|100%| E|CS|TAMS 0x0000000712800000| PB 0x0000000712800000| Complete 
| 120|0x0000000712a00000, 0x0000000712c00000, 0x0000000712c00000|100%| E|CS|TAMS 0x0000000712a00000| PB 0x0000000712a00000| Complete 
| 121|0x0000000712c00000, 0x0000000712e00000, 0x0000000712e00000|100%| E|CS|TAMS 0x0000000712c00000| PB 0x0000000712c00000| Complete 
| 122|0x0000000712e00000, 0x0000000713000000, 0x0000000713000000|100%| E|CS|TAMS 0x0000000712e00000| PB 0x0000000712e00000| Complete 
| 123|0x0000000713000000, 0x0000000713200000, 0x0000000713200000|100%| E|CS|TAMS 0x0000000713000000| PB 0x0000000713000000| Complete 
| 124|0x0000000713200000, 0x0000000713400000, 0x0000000713400000|100%| E|CS|TAMS 0x0000000713200000| PB 0x0000000713200000| Complete 
| 125|0x0000000713400000, 0x0000000713600000, 0x0000000713600000|100%| E|CS|TAMS 0x0000000713400000| PB 0x0000000713400000| Complete 
| 126|0x0000000713600000, 0x0000000713800000, 0x0000000713800000|100%| E|CS|TAMS 0x0000000713600000| PB 0x0000000713600000| Complete 

Card table byte_map: [0x000001eae0650000,0x000001eae0e40000] _byte_map_base: 0x000001eadce33000

Marking Bits: (CMBitMap*) 0x000001eac65f0be0
 Bits: [0x000001eae0e40000, 0x000001eae4d58000)

Polling page: 0x000001eac6650000

Metaspace:

Usage:
  Non-class:      8.82 MB used.
      Class:    676.16 KB used.
       Both:      9.48 MB used.

Virtual space:
  Non-class space:       64.00 MB reserved,       8.94 MB ( 14%) committed,  1 nodes.
      Class space:        1.00 GB reserved,     768.00 KB ( <1%) committed,  1 nodes.
             Both:        1.06 GB reserved,       9.69 MB ( <1%) committed. 

Chunk freelists:
   Non-Class:  5.97 MB
       Class:  15.26 MB
        Both:  21.23 MB

MaxMetaspaceSize: unlimited
CompressedClassSpaceSize: 1.00 GB
Initial GC threshold: 21.00 MB
Current GC threshold: 21.00 MB
CDS: on
 - commit_granule_bytes: 65536.
 - commit_granule_words: 8192.
 - virtual_space_node_default_size: 8388608.
 - enlarge_chunks_in_place: 1.
 - use_allocation_guard: 0.


Internal statistics:

num_allocs_failed_limit: 0.
num_arena_births: 180.
num_arena_deaths: 0.
num_vsnodes_births: 2.
num_vsnodes_deaths: 0.
num_space_committed: 153.
num_space_uncommitted: 0.
num_chunks_returned_to_freelist: 0.
num_chunks_taken_from_freelist: 456.
num_chunk_merges: 0.
num_chunk_splits: 321.
num_chunks_enlarged: 244.
num_inconsistent_stats: 0.

CodeHeap 'non-profiled nmethods': size=120000Kb used=1192Kb max_used=1192Kb free=118808Kb
 bounds [0x000001ead7c80000, 0x000001ead7ef0000, 0x000001eadf1b0000]
CodeHeap 'profiled nmethods': size=120000Kb used=3449Kb max_used=3449Kb free=116550Kb
 bounds [0x000001ead01b0000, 0x000001ead0510000, 0x000001ead76e0000]
CodeHeap 'non-nmethods': size=5760Kb used=2725Kb max_used=2752Kb free=3034Kb
 bounds [0x000001ead76e0000, 0x000001ead79a0000, 0x000001ead7c80000]
 total_blobs=3409 nmethods=2134 adapters=1180
 compilation: enabled
              stopped_count=0, restarted_count=0
 full_count=0

Compilation events (20 events):
Event: 49.690 Thread 0x000001eae77669a0 nmethod 2125 0x000001ead7da5d90 code [0x000001ead7da5f60, 0x000001ead7da6290]
Event: 49.692 Thread 0x000001eae77669a0 2126       4       components.ScaleGizmo::editorUpdate (79 bytes)
Event: 49.695 Thread 0x000001eae77669a0 nmethod 2126 0x000001ead7da6610 code [0x000001ead7da6800, 0x000001ead7da6df0]
Event: 54.114 Thread 0x000001eae77669a0 2127       4       org.lwjgl.glfw.GLFW::glfwGetTime (9 bytes)
Event: 54.115 Thread 0x000001eae77669a0 nmethod 2127 0x000001ead7da7210 code [0x000001ead7da73a0, 0x000001ead7da7440]
Event: 55.927 Thread 0x000001eae77669a0 2128       4       org.lwjgl.glfw.GLFW::glfwSwapBuffers (21 bytes)
Event: 55.927 Thread 0x000001eae77669a0 nmethod 2128 0x000001ead7da7510 code [0x000001ead7da76a0, 0x000001ead7da7770]
Event: 71.961 Thread 0x000001eae776b580 2129       3       java.lang.Thread::interrupted (7 bytes)
Event: 71.961 Thread 0x000001eae776b580 nmethod 2129 0x000001ead050ca90 code [0x000001ead050cc40, 0x000001ead050ceb0]
Event: 71.961 Thread 0x000001eae776b580 2130       3       java.lang.Thread::getAndClearInterrupt (19 bytes)
Event: 71.961 Thread 0x000001eae776b580 nmethod 2130 0x000001ead050cf90 code [0x000001ead050d140, 0x000001ead050d2d0]
Event: 99.348 Thread 0x000001eae77669a0 2131 % !   4       java.lang.ref.Reference::processPendingReferences @ 27 (118 bytes)
Event: 99.354 Thread 0x000001eae77669a0 nmethod 2131% 0x000001ead7da7890 code [0x000001ead7da7ac0, 0x000001ead7da8798]
Event: 99.355 Thread 0x000001eae77669a0 2132   !   4       java.lang.ref.Reference::processPendingReferences (118 bytes)
Event: 99.361 Thread 0x000001eae77669a0 nmethod 2132 0x000001ead7da8b10 code [0x000001ead7da8d80, 0x000001ead7da9c40]
Event: 308.099 Thread 0x000001eae776b580 2133       3       java.lang.Class::getReflectionFactory (28 bytes)
Event: 308.099 Thread 0x000001eae776b580 nmethod 2133 0x000001ead050d390 code [0x000001ead050d5c0, 0x000001ead050dca0]
Event: 308.100 Thread 0x000001eae776b580 2134       3       java.lang.ref.SoftReference::<init> (13 bytes)
Event: 308.100 Thread 0x000001eae776b580 nmethod 2134 0x000001ead050df10 code [0x000001ead050e0e0, 0x000001ead050e410]
Event: 308.100 Thread 0x000001eae776b580 2135   !   3       java.util.concurrent.ConcurrentHashMap::replaceNode (437 bytes)

GC Heap History (14 events):
Event: 1.375 GC heap before
{Heap before GC invocations=0 (full 0):
 garbage-first heap   total 260096K, used 22528K [0x0000000703a00000, 0x0000000800000000)
  region size 2048K, 11 young (22528K), 0 survivors (0K)
 Metaspace       used 8115K, committed 8320K, reserved 1114112K
  class space    used 608K, committed 704K, reserved 1048576K
}
Event: 1.379 GC heap after
{Heap after GC invocations=1 (full 0):
 garbage-first heap   total 260096K, used 4295K [0x0000000703a00000, 0x0000000800000000)
  region size 2048K, 2 young (4096K), 2 survivors (4096K)
 Metaspace       used 8115K, committed 8320K, reserved 1114112K
  class space    used 608K, committed 704K, reserved 1048576K
}
Event: 11.940 GC heap before
{Heap before GC invocations=1 (full 0):
 garbage-first heap   total 260096K, used 43207K [0x0000000703a00000, 0x0000000800000000)
  region size 2048K, 18 young (36864K), 2 survivors (4096K)
 Metaspace       used 9618K, committed 9856K, reserved 1114112K
  class space    used 664K, committed 768K, reserved 1048576K
}
Event: 11.946 GC heap after
{Heap after GC invocations=2 (full 0):
 garbage-first heap   total 260096K, used 7160K [0x0000000703a00000, 0x0000000800000000)
  region size 2048K, 2 young (4096K), 2 survivors (4096K)
 Metaspace       used 9618K, committed 9856K, reserved 1114112K
  class space    used 664K, committed 768K, reserved 1048576K
}
Event: 33.572 GC heap before
{Heap before GC invocations=2 (full 0):
 garbage-first heap   total 260096K, used 58360K [0x0000000703a00000, 0x0000000800000000)
  region size 2048K, 27 young (55296K), 2 survivors (4096K)
 Metaspace       used 9620K, committed 9856K, reserved 1114112K
  class space    used 664K, committed 768K, reserved 1048576K
}
Event: 33.582 GC heap after
{Heap after GC invocations=3 (full 0):
 garbage-first heap   total 260096K, used 8680K [0x0000000703a00000, 0x0000000800000000)
  region size 2048K, 3 young (6144K), 3 survivors (6144K)
 Metaspace       used 9620K, committed 9856K, reserved 1114112K
  class space    used 664K, committed 768K, reserved 1048576K
}
Event: 99.303 GC heap before
{Heap before GC invocations=3 (full 0):
 garbage-first heap   total 260096K, used 158184K [0x0000000703a00000, 0x0000000800000000)
  region size 2048K, 76 young (155648K), 3 survivors (6144K)
 Metaspace       used 9621K, committed 9856K, reserved 1114112K
  class space    used 664K, committed 768K, reserved 1048576K
}
Event: 99.337 GC heap after
{Heap after GC invocations=4 (full 0):
 garbage-first heap   total 260096K, used 14806K [0x0000000703a00000, 0x0000000800000000)
  region size 2048K, 6 young (12288K), 6 survivors (12288K)
 Metaspace       used 9621K, committed 9856K, reserved 1114112K
  class space    used 664K, committed 768K, reserved 1048576K
}
Event: 159.162 GC heap before
{Heap before GC invocations=4 (full 0):
 garbage-first heap   total 260096K, used 158166K [0x0000000703a00000, 0x0000000800000000)
  region size 2048K, 76 young (155648K), 6 survivors (12288K)
 Metaspace       used 9621K, committed 9856K, reserved 1114112K
  class space    used 664K, committed 768K, reserved 1048576K
}
Event: 159.180 GC heap after
{Heap after GC invocations=5 (full 0):
 garbage-first heap   total 260096K, used 15852K [0x0000000703a00000, 0x0000000800000000)
  region size 2048K, 6 young (12288K), 6 survivors (12288K)
 Metaspace       used 9621K, committed 9856K, reserved 1114112K
  class space    used 664K, committed 768K, reserved 1048576K
}
Event: 219.259 GC heap before
{Heap before GC invocations=5 (full 0):
 garbage-first heap   total 260096K, used 159212K [0x0000000703a00000, 0x0000000800000000)
  region size 2048K, 76 young (155648K), 6 survivors (12288K)
 Metaspace       used 9621K, committed 9856K, reserved 1114112K
  class space    used 664K, committed 768K, reserved 1048576K
}
Event: 219.290 GC heap after
{Heap after GC invocations=6 (full 0):
 garbage-first heap   total 260096K, used 15172K [0x0000000703a00000, 0x0000000800000000)
  region size 2048K, 6 young (12288K), 6 survivors (12288K)
 Metaspace       used 9621K, committed 9856K, reserved 1114112K
  class space    used 664K, committed 768K, reserved 1048576K
}
Event: 279.961 GC heap before
{Heap before GC invocations=6 (full 0):
 garbage-first heap   total 260096K, used 158532K [0x0000000703a00000, 0x0000000800000000)
  region size 2048K, 76 young (155648K), 6 survivors (12288K)
 Metaspace       used 9621K, committed 9856K, reserved 1114112K
  class space    used 664K, committed 768K, reserved 1048576K
}
Event: 279.986 GC heap after
{Heap after GC invocations=7 (full 0):
 garbage-first heap   total 260096K, used 15779K [0x0000000703a00000, 0x0000000800000000)
  region size 2048K, 6 young (12288K), 6 survivors (12288K)
 Metaspace       used 9621K, committed 9856K, reserved 1114112K
  class space    used 664K, committed 768K, reserved 1048576K
}

Dll operation events (15 events):
Event: 0.013 Loaded shared library D:\jdk-21.0.1\bin\java.dll
Event: 0.044 Loaded shared library D:\jdk-21.0.1\bin\jsvml.dll
Event: 0.085 Loaded shared library D:\jdk-21.0.1\bin\zip.dll
Event: 0.089 Loaded shared library D:\jdk-21.0.1\bin\instrument.dll
Event: 0.093 Loaded shared library D:\jdk-21.0.1\bin\net.dll
Event: 0.094 Loaded shared library D:\jdk-21.0.1\bin\nio.dll
Event: 0.097 Loaded shared library D:\jdk-21.0.1\bin\zip.dll
Event: 0.124 Loaded shared library D:\IntelliJ IDEA Community Edition 2023.3.3\bin\breakgen64.dll
Event: 0.130 Loaded shared library D:\jdk-21.0.1\bin\extnet.dll
Event: 0.163 Loaded shared library D:\jdk-21.0.1\bin\jimage.dll
Event: 0.175 Loaded shared library C:\Users\Vu\AppData\Local\Temp\lwjglVu\3.3.1-build-7\lwjgl.dll
Event: 0.459 Loaded shared library C:\Users\Vu\AppData\Local\Temp\lwjglVu\3.3.1-build-7\lwjgl_opengl.dll
Event: 0.778 Loaded shared library C:\Users\Vu\AppData\Local\Temp\imgui-java-natives_1708461714532\imgui-java64.dll
Event: 0.890 Loaded shared library D:\jdk-21.0.1\bin\verify.dll
Event: 0.998 Loaded shared library C:\Users\Vu\AppData\Local\Temp\lwjglVu\3.3.1-build-7\lwjgl_stb.dll

Deoptimization events (20 events):
Event: 11.968 Thread 0x000001eac62c00e0 DEOPT PACKING pc=0x000001ead0506603 sp=0x000000b3899ff3b0
Event: 11.968 Thread 0x000001eac62c00e0 DEOPT UNPACKING pc=0x000001ead77388e2 sp=0x000000b3899fe888 mode 0
Event: 12.030 Thread 0x000001eac62c00e0 DEOPT PACKING pc=0x000001ead0506603 sp=0x000000b3899ff3b0
Event: 12.030 Thread 0x000001eac62c00e0 DEOPT UNPACKING pc=0x000001ead77388e2 sp=0x000000b3899fe888 mode 0
Event: 12.155 Thread 0x000001eac62c00e0 DEOPT PACKING pc=0x000001ead0506603 sp=0x000000b3899ff3b0
Event: 12.155 Thread 0x000001eac62c00e0 DEOPT UNPACKING pc=0x000001ead77388e2 sp=0x000000b3899fe888 mode 0
Event: 12.287 Thread 0x000001eac62c00e0 DEOPT PACKING pc=0x000001ead0506603 sp=0x000000b3899ff3b0
Event: 12.287 Thread 0x000001eac62c00e0 DEOPT UNPACKING pc=0x000001ead77388e2 sp=0x000000b3899fe888 mode 0
Event: 12.413 Thread 0x000001eac62c00e0 DEOPT PACKING pc=0x000001ead0506603 sp=0x000000b3899ff3b0
Event: 12.413 Thread 0x000001eac62c00e0 DEOPT UNPACKING pc=0x000001ead77388e2 sp=0x000000b3899fe888 mode 0
Event: 33.593 Thread 0x000001eac62c00e0 Uncommon trap: trap_request=0xffffff45 fr.pc=0x000001ead7d315d8 relative=0x0000000000003158
Event: 33.594 Thread 0x000001eac62c00e0 Uncommon trap: reason=unstable_if action=reinterpret pc=0x000001ead7d315d8 method=java.nio.Bits.tryReserveMemory(JJ)Z @ 30 c2
Event: 33.594 Thread 0x000001eac62c00e0 DEOPT PACKING pc=0x000001ead7d315d8 sp=0x000000b3899ff370
Event: 33.594 Thread 0x000001eac62c00e0 DEOPT UNPACKING pc=0x000001ead7737da2 sp=0x000000b3899fefc8 mode 2
Event: 99.355 Thread 0x000001eae7757e30 DEOPT PACKING pc=0x000001ead050811f sp=0x000000b38a1ff6c0
Event: 99.355 Thread 0x000001eae7757e30 DEOPT UNPACKING pc=0x000001ead77388e2 sp=0x000000b38a1feb80 mode 0
Event: 308.099 Thread 0x000001eafc4138b0 Uncommon trap: trap_request=0xffffff45 fr.pc=0x000001ead7d538e0 relative=0x0000000000000140
Event: 308.099 Thread 0x000001eafc4138b0 Uncommon trap: reason=unstable_if action=reinterpret pc=0x000001ead7d538e0 method=java.lang.Class.reflectionData()Ljava/lang/Class$ReflectionData; @ 11 c2
Event: 308.099 Thread 0x000001eafc4138b0 DEOPT PACKING pc=0x000001ead7d538e0 sp=0x000000b3898fded0
Event: 308.099 Thread 0x000001eafc4138b0 DEOPT UNPACKING pc=0x000001ead7737da2 sp=0x000000b3898fde88 mode 2

Classes loaded (20 events):
Event: 308.099 Loading class jdk/internal/logger/AbstractLoggerWrapper
Event: 308.099 Loading class jdk/internal/logger/AbstractLoggerWrapper done
Event: 308.099 Loading class jdk/internal/logger/LazyLoggers$LazyLoggerWrapper done
Event: 308.099 Loading class jdk/internal/logger/LazyLoggers$JdkLazyLogger done
Event: 308.099 Loading class jdk/internal/logger/LazyLoggers$LazyLoggerAccessor
Event: 308.099 Loading class jdk/internal/logger/LazyLoggers$LoggerAccessor
Event: 308.099 Loading class jdk/internal/logger/LazyLoggers$LoggerAccessor done
Event: 308.099 Loading class jdk/internal/logger/LazyLoggers$LazyLoggerAccessor done
Event: 308.099 Loading class java/lang/System$Logger$Level
Event: 308.099 Loading class java/lang/System$Logger$Level done
Event: 308.099 Loading class jdk/internal/logger/SurrogateLogger
Event: 308.099 Loading class jdk/internal/logger/SimpleConsoleLogger
Event: 308.099 Loading class sun/util/logging/PlatformLogger$ConfigurableBridge$LoggerConfiguration
Event: 308.099 Loading class sun/util/logging/PlatformLogger$ConfigurableBridge$LoggerConfiguration done
Event: 308.099 Loading class jdk/internal/logger/SimpleConsoleLogger done
Event: 308.099 Loading class jdk/internal/logger/SurrogateLogger done
Event: 308.100 Loading class sun/util/logging/PlatformLogger
Event: 308.100 Loading class sun/util/logging/PlatformLogger done
Event: 308.100 Loading class sun/util/logging/PlatformLogger$Level
Event: 308.100 Loading class sun/util/logging/PlatformLogger$Level done

Classes unloaded (0 events):
No events

Classes redefined (0 events):
No events

Internal exceptions (20 events):
Event: 0.446 Thread 0x000001eac62c00e0 Exception <a 'java/lang/NoSuchMethodError'{0x00000007131e53e8}: 'java.lang.Object java.lang.invoke.DirectMethodHandle$Holder.newInvokeSpecial(java.lang.Object, long)'> (0x00000007131e53e8) 
thrown [s\open\src\hotspot\share\interpreter\linkResolver.cpp, line 773]
Event: 0.454 Thread 0x000001eac62c00e0 Exception <a 'java/lang/NoSuchMethodError'{0x0000000712e1ef48}: 'void java.lang.System.load(java.lang.String, java.lang.Class)'> (0x0000000712e1ef48) 
thrown [s\open\src\hotspot\share\interpreter\linkResolver.cpp, line 773]
Event: 0.455 Thread 0x000001eac62c00e0 Exception <a 'java/lang/NoSuchMethodError'{0x0000000712e218e8}: 'void java.lang.System.loadLibrary(java.lang.String, java.lang.Class)'> (0x0000000712e218e8) 
thrown [s\open\src\hotspot\share\interpreter\linkResolver.cpp, line 773]
Event: 0.458 Thread 0x000001eac62c00e0 Exception <a 'sun/nio/fs/WindowsException'{0x0000000712e31718}> (0x0000000712e31718) 
thrown [s\open\src\hotspot\share\prims\jni.cpp, line 520]
Event: 0.458 Thread 0x000001eac62c00e0 Exception <a 'sun/nio/fs/WindowsException'{0x0000000712e31a98}> (0x0000000712e31a98) 
thrown [s\open\src\hotspot\share\prims\jni.cpp, line 520]
Event: 0.461 Thread 0x000001eac62c00e0 Exception <a 'sun/nio/fs/WindowsException'{0x0000000712e38978}> (0x0000000712e38978) 
thrown [s\open\src\hotspot\share\prims\jni.cpp, line 520]
Event: 0.461 Thread 0x000001eac62c00e0 Exception <a 'sun/nio/fs/WindowsException'{0x0000000712e38c38}> (0x0000000712e38c38) 
thrown [s\open\src\hotspot\share\prims\jni.cpp, line 520]
Event: 0.720 Thread 0x000001eac62c00e0 Exception <a 'sun/nio/fs/WindowsException'{0x0000000712dae070}> (0x0000000712dae070) 
thrown [s\open\src\hotspot\share\prims\jni.cpp, line 520]
Event: 0.787 Thread 0x000001eac62c00e0 Exception <a 'java/lang/NoSuchMethodError'{0x0000000712a05618}: 'void java.lang.invoke.DirectMethodHandle$Holder.invokeVirtual(java.lang.Object, java.lang.Object, long, int)'> (0x0000000712a05618) 
thrown [s\open\src\hotspot\share\interpreter\linkResolver.cpp, line 773]
Event: 0.894 Thread 0x000001eac62c00e0 Exception <a 'java/lang/NoSuchMethodError'{0x00000007127b17e8}: 'float java.lang.invoke.DelegatingMethodHandle$Holder.reinvoke_L(java.lang.Object, java.lang.Object)'> (0x00000007127b17e8) 
thrown [s\open\src\hotspot\share\interpreter\linkResolver.cpp, line 773]
Event: 0.895 Thread 0x000001eac62c00e0 Exception <a 'java/lang/NoSuchMethodError'{0x00000007127bb770}: 'void java.lang.invoke.DelegatingMethodHandle$Holder.reinvoke_L(java.lang.Object, java.lang.Object, float)'> (0x00000007127bb770) 
thrown [s\open\src\hotspot\share\interpreter\linkResolver.cpp, line 773]
Event: 0.898 Thread 0x000001eac62c00e0 Exception <a 'java/lang/NoSuchMethodError'{0x00000007127d6770}: 'void java.lang.invoke.Invokers$Holder.invokeExact_MT(java.lang.Object, java.lang.Object, java.lang.Object, java.lang.Object)'> (0x00000007127d6770) 
thrown [s\open\src\hotspot\share\interpreter\linkResolver.cpp, line 773]
Event: 0.899 Thread 0x000001eac62c00e0 Exception <a 'java/lang/NoSuchMethodError'{0x00000007127df1c0}: 'void java.lang.invoke.DelegatingMethodHandle$Holder.reinvoke_L(java.lang.Object, java.lang.Object, int)'> (0x00000007127df1c0) 
thrown [s\open\src\hotspot\share\interpreter\linkResolver.cpp, line 773]
Event: 0.899 Thread 0x000001eac62c00e0 Exception <a 'java/lang/NoSuchMethodError'{0x00000007127e5a00}: 'void java.lang.invoke.Invokers$Holder.invokeExact_MT(java.lang.Object, java.lang.Object, int, java.lang.Object)'> (0x00000007127e5a00) 
thrown [s\open\src\hotspot\share\interpreter\linkResolver.cpp, line 773]
Event: 0.992 Thread 0x000001eac62c00e0 Exception <a 'java/lang/NoSuchMethodError'{0x0000000712273e40}: 'void java.lang.System.load(java.lang.String, java.lang.Class)'> (0x0000000712273e40) 
thrown [s\open\src\hotspot\share\interpreter\linkResolver.cpp, line 773]
Event: 0.993 Thread 0x000001eac62c00e0 Exception <a 'java/lang/NoSuchMethodError'{0x00000007122767e0}: 'void java.lang.System.loadLibrary(java.lang.String, java.lang.Class)'> (0x00000007122767e0) 
thrown [s\open\src\hotspot\share\interpreter\linkResolver.cpp, line 773]
Event: 0.997 Thread 0x000001eac62c00e0 Exception <a 'sun/nio/fs/WindowsException'{0x0000000712285128}> (0x0000000712285128) 
thrown [s\open\src\hotspot\share\prims\jni.cpp, line 520]
Event: 0.997 Thread 0x000001eac62c00e0 Exception <a 'sun/nio/fs/WindowsException'{0x0000000712285488}> (0x0000000712285488) 
thrown [s\open\src\hotspot\share\prims\jni.cpp, line 520]
Event: 1.028 Thread 0x000001eae775bc00 Exception <a 'java/lang/NoSuchMethodError'{0x00000007123b6340}: 'java.lang.Object java.lang.invoke.Invokers$Holder.invokeExact_MT(java.lang.Object, java.lang.Object, java.lang.Object, java.lang.Object, java.lang.Object, java.lang.Object)'> (0x00000007123b6340) 
thrown [s\open\src\hotspot\share\interpreter\linkResolver.cpp, line 773]
Event: 308.099 Thread 0x000001eafc4138b0 Implicit null exception at 0x000001ead7d537e4 to 0x000001ead7d538c8

ZGC Phase Switch (0 events):
No events

VM Operations (20 events):
Event: 120.318 Executing VM operation: RendezvousGCThreads done
Event: 159.162 Executing VM operation: G1CollectForAllocation (G1 Evacuation Pause)
Event: 159.180 Executing VM operation: G1CollectForAllocation (G1 Evacuation Pause) done
Event: 180.544 Executing VM operation: HandshakeAllThreads (HandshakeForDeflation)
Event: 180.544 Executing VM operation: HandshakeAllThreads (HandshakeForDeflation) done
Event: 180.544 Executing VM operation: RendezvousGCThreads
Event: 180.544 Executing VM operation: RendezvousGCThreads done
Event: 219.259 Executing VM operation: G1CollectForAllocation (G1 Evacuation Pause)
Event: 219.290 Executing VM operation: G1CollectForAllocation (G1 Evacuation Pause) done
Event: 240.781 Executing VM operation: HandshakeAllThreads (HandshakeForDeflation)
Event: 240.781 Executing VM operation: HandshakeAllThreads (HandshakeForDeflation) done
Event: 240.781 Executing VM operation: RendezvousGCThreads
Event: 240.781 Executing VM operation: RendezvousGCThreads done
Event: 279.961 Executing VM operation: G1CollectForAllocation (G1 Evacuation Pause)
Event: 279.986 Executing VM operation: G1CollectForAllocation (G1 Evacuation Pause) done
Event: 301.032 Executing VM operation: HandshakeAllThreads (HandshakeForDeflation)
Event: 301.032 Executing VM operation: HandshakeAllThreads (HandshakeForDeflation) done
Event: 301.032 Executing VM operation: RendezvousGCThreads
Event: 301.032 Executing VM operation: RendezvousGCThreads done
Event: 308.101 Executing VM operation: Exit

Events (15 events):
Event: 0.027 Thread 0x000001eac62c00e0 Thread added: 0x000001eac62c00e0
Event: 0.041 Thread 0x000001eae7757e30 Thread added: 0x000001eae7757e30
Event: 0.041 Thread 0x000001eae7758b50 Thread added: 0x000001eae7758b50
Event: 0.042 Thread 0x000001eae775b1a0 Thread added: 0x000001eae775b1a0
Event: 0.042 Thread 0x000001eae775bc00 Thread added: 0x000001eae775bc00
Event: 0.042 Thread 0x000001eae775c660 Thread added: 0x000001eae775c660
Event: 0.042 Thread 0x000001eae7765200 Thread added: 0x000001eae7765200
Event: 0.042 Thread 0x000001eae77669a0 Thread added: 0x000001eae77669a0
Event: 0.042 Thread 0x000001eae776b580 Thread added: 0x000001eae776b580
Event: 0.068 Thread 0x000001eae7ccb340 Thread added: 0x000001eae7ccb340
Event: 0.125 Thread 0x000001eae7fdb590 Thread added: 0x000001eae7fdb590
Event: 0.125 Thread 0x000001eae7fdfc10 Thread added: 0x000001eae7fdfc10
Event: 0.468 Thread 0x000001eae776bc50 Thread added: 0x000001eae776bc50
Event: 0.584 Thread 0x000001eae776bc50 Thread exited: 0x000001eae776bc50
Event: 308.097 Thread 0x000001eafc4138b0 Thread added: 0x000001eafc4138b0


Dynamic libraries:
0x00007ff674430000 - 0x00007ff674440000 	D:\jdk-21.0.1\bin\java.exe
0x00007ffe1b1b0000 - 0x00007ffe1b3c7000 	C:\WINDOWS\SYSTEM32\ntdll.dll
0x00007ffe199f0000 - 0x00007ffe19ab4000 	C:\WINDOWS\System32\KERNEL32.DLL
0x00007ffe187d0000 - 0x00007ffe18b76000 	C:\WINDOWS\System32\KERNELBASE.dll
0x00007ffe18db0000 - 0x00007ffe18ec1000 	C:\WINDOWS\System32\ucrtbase.dll
0x00007ffe05fa0000 - 0x00007ffe05fbb000 	D:\jdk-21.0.1\bin\VCRUNTIME140.dll
0x00007ffe05d20000 - 0x00007ffe05d39000 	D:\jdk-21.0.1\bin\jli.dll
0x00007ffe1aa40000 - 0x00007ffe1aaf3000 	C:\WINDOWS\System32\ADVAPI32.dll
0x00007ffe1a690000 - 0x00007ffe1a737000 	C:\WINDOWS\System32\msvcrt.dll
0x00007ffe18f00000 - 0x00007ffe18fa8000 	C:\WINDOWS\System32\sechost.dll
0x00007ffe18570000 - 0x00007ffe18598000 	C:\WINDOWS\System32\bcrypt.dll
0x00007ffe197e0000 - 0x00007ffe198f7000 	C:\WINDOWS\System32\RPCRT4.dll
0x00007ffe1a880000 - 0x00007ffe1aa2e000 	C:\WINDOWS\System32\USER32.dll
0x00007ffe18ed0000 - 0x00007ffe18ef6000 	C:\WINDOWS\System32\win32u.dll
0x00007ffe19900000 - 0x00007ffe19929000 	C:\WINDOWS\System32\GDI32.dll
0x00007ffdf6ba0000 - 0x00007ffdf6e33000 	C:\WINDOWS\WinSxS\amd64_microsoft.windows.common-controls_6595b64144ccf1df_6.0.22621.2506_none_270c5ae97388e100\COMCTL32.dll
0x00007ffe185a0000 - 0x00007ffe186b8000 	C:\WINDOWS\System32\gdi32full.dll
0x00007ffe18730000 - 0x00007ffe187ca000 	C:\WINDOWS\System32\msvcp_win.dll
0x00007ffe0db10000 - 0x00007ffe0db1a000 	C:\WINDOWS\SYSTEM32\VERSION.dll
0x00007ffe199b0000 - 0x00007ffe199e1000 	C:\WINDOWS\System32\IMM32.DLL
0x00007ffe09790000 - 0x00007ffe0979c000 	D:\jdk-21.0.1\bin\vcruntime140_1.dll
0x00007ffdd1b90000 - 0x00007ffdd1c1e000 	D:\jdk-21.0.1\bin\msvcp140.dll
0x00007ffd8eb90000 - 0x00007ffd8f8a5000 	D:\jdk-21.0.1\bin\server\jvm.dll
0x00007ffe19930000 - 0x00007ffe199a1000 	C:\WINDOWS\System32\WS2_32.dll
0x00007ffe17340000 - 0x00007ffe1738d000 	C:\WINDOWS\SYSTEM32\POWRPROF.dll
0x00007ffe0e060000 - 0x00007ffe0e094000 	C:\WINDOWS\SYSTEM32\WINMM.dll
0x00007ffe17320000 - 0x00007ffe17333000 	C:\WINDOWS\SYSTEM32\UMPDC.dll
0x00007ffe175e0000 - 0x00007ffe175f8000 	C:\WINDOWS\SYSTEM32\kernel.appcore.dll
0x00007ffe09680000 - 0x00007ffe0968a000 	D:\jdk-21.0.1\bin\jimage.dll
0x00007ffe15fb0000 - 0x00007ffe161e3000 	C:\WINDOWS\SYSTEM32\DBGHELP.DLL
0x00007ffe19290000 - 0x00007ffe19619000 	C:\WINDOWS\System32\combase.dll
0x00007ffe19be0000 - 0x00007ffe19cb7000 	C:\WINDOWS\System32\OLEAUT32.dll
0x00007ffdfe150000 - 0x00007ffdfe182000 	C:\WINDOWS\SYSTEM32\dbgcore.DLL
0x00007ffe184f0000 - 0x00007ffe1856a000 	C:\WINDOWS\System32\bcryptPrimitives.dll
0x00007ffdf4920000 - 0x00007ffdf492f000 	D:\jdk-21.0.1\bin\instrument.dll
0x00007ffe05b00000 - 0x00007ffe05b1f000 	D:\jdk-21.0.1\bin\java.dll
0x00007ffe19d20000 - 0x00007ffe1a57b000 	C:\WINDOWS\System32\SHELL32.dll
0x00007ffe16410000 - 0x00007ffe16d06000 	C:\WINDOWS\SYSTEM32\windows.storage.dll
0x00007ffe162d0000 - 0x00007ffe1640e000 	C:\WINDOWS\SYSTEM32\wintypes.dll
0x00007ffe19ac0000 - 0x00007ffe19bb3000 	C:\WINDOWS\System32\SHCORE.dll
0x00007ffe1a790000 - 0x00007ffe1a7ee000 	C:\WINDOWS\System32\shlwapi.dll
0x00007ffe18420000 - 0x00007ffe18446000 	C:\WINDOWS\SYSTEM32\profapi.dll
0x00007ffdb95d0000 - 0x00007ffdb96a7000 	D:\jdk-21.0.1\bin\jsvml.dll
0x00007ffdf0880000 - 0x00007ffdf0898000 	D:\jdk-21.0.1\bin\zip.dll
0x00007ffe05d10000 - 0x00007ffe05d20000 	D:\jdk-21.0.1\bin\net.dll
0x00007ffe0eeb0000 - 0x00007ffe0efe7000 	C:\WINDOWS\SYSTEM32\WINHTTP.dll
0x00007ffe17a50000 - 0x00007ffe17ab9000 	C:\WINDOWS\system32\mswsock.dll
0x00007ffdf7ff0000 - 0x00007ffdf8006000 	D:\jdk-21.0.1\bin\nio.dll
0x00007ffdf0860000 - 0x00007ffdf087a000 	D:\IntelliJ IDEA Community Edition 2023.3.3\bin\breakgen64.dll
0x00007ffdf6f40000 - 0x00007ffdf6f47000 	D:\jdk-21.0.1\bin\extnet.dll
0x00007ffdd1610000 - 0x00007ffdd1685000 	C:\Users\Vu\AppData\Local\Temp\lwjglVu\3.3.1-build-7\lwjgl.dll
0x00007ffdd15a0000 - 0x00007ffdd1601000 	C:\Users\Vu\AppData\Local\Temp\lwjglVu\3.3.1-build-7\glfw.dll
0x00007ffdd8e20000 - 0x00007ffdd8e66000 	C:\WINDOWS\SYSTEM32\dinput8.dll
0x00007ffdc08b0000 - 0x00007ffdc08c1000 	C:\WINDOWS\SYSTEM32\xinput1_4.dll
0x00007ffe181e0000 - 0x00007ffe1822e000 	C:\WINDOWS\SYSTEM32\cfgmgr32.dll
0x00007ffe181b0000 - 0x00007ffe181dc000 	C:\WINDOWS\SYSTEM32\DEVOBJ.dll
0x00007ffe12f40000 - 0x00007ffe12f6b000 	C:\WINDOWS\SYSTEM32\dwmapi.dll
0x00007ffdeb9e0000 - 0x00007ffdebbea000 	C:\WINDOWS\SYSTEM32\inputhost.dll
0x00007ffe12840000 - 0x00007ffe12974000 	C:\WINDOWS\SYSTEM32\CoreMessaging.dll
0x00007ffe12cf0000 - 0x00007ffe12d9b000 	C:\WINDOWS\system32\uxtheme.dll
0x00007ffe19680000 - 0x00007ffe197d1000 	C:\WINDOWS\System32\MSCTF.dll
0x00007ffe17d80000 - 0x00007ffe17d8c000 	C:\WINDOWS\SYSTEM32\CRYPTBASE.DLL
0x00007ffdf4ab0000 - 0x00007ffdf4bb0000 	C:\WINDOWS\SYSTEM32\opengl32.dll
0x00007ffe05b20000 - 0x00007ffe05b4d000 	C:\WINDOWS\SYSTEM32\GLU32.dll
0x00007ffe15660000 - 0x00007ffe15699000 	C:\WINDOWS\SYSTEM32\dxcore.dll
0x00007ffe0e0a0000 - 0x00007ffe0e0ea000 	C:\WINDOWS\SYSTEM32\directxdatabasehelper.dll
0x00007ffe19030000 - 0x00007ffe190e0000 	C:\WINDOWS\System32\clbcatq.dll
0x00007ffd7f810000 - 0x00007ffd80803000 	C:\WINDOWS\System32\DriverStore\FileRepository\iigd_dch.inf_amd64_5802b1615520e41c\igxelpicd64.dll
0x00007ffe190e0000 - 0x00007ffe19280000 	C:\WINDOWS\System32\ole32.dll
0x00007ffe12e20000 - 0x00007ffe12f18000 	C:\WINDOWS\system32\dxgi.dll
0x00007ffdae740000 - 0x00007ffdaea27000 	C:\WINDOWS\System32\DriverStore\FileRepository\iigd_dch.inf_amd64_5802b1615520e41c\igdml64.dll
0x00007ffe0a6c0000 - 0x00007ffe0aa87000 	C:\WINDOWS\System32\DriverStore\FileRepository\iigd_dch.inf_amd64_5802b1615520e41c\igdgmm64.dll
0x00007ffe00a00000 - 0x00007ffe04011000 	C:\WINDOWS\System32\DriverStore\FileRepository\iigd_dch.inf_amd64_5802b1615520e41c\igc64.dll
0x00007ffe056a0000 - 0x00007ffe057ea000 	C:\WINDOWS\SYSTEM32\textinputframework.dll
0x00007ffe0d290000 - 0x00007ffe0d5fc000 	C:\WINDOWS\SYSTEM32\CoreUIComponents.dll
0x00007ffdb9430000 - 0x00007ffdb95c7000 	C:\Users\Vu\AppData\Local\Temp\lwjglVu\3.3.1-build-7\OpenAL.dll
0x00007ffe042a0000 - 0x00007ffe0433d000 	C:\WINDOWS\System32\MMDevApi.dll
0x00007ffe06180000 - 0x00007ffe0636c000 	C:\WINDOWS\SYSTEM32\AUDIOSES.DLL
0x00007ffe15900000 - 0x00007ffe15915000 	C:\WINDOWS\SYSTEM32\resourcepolicyclient.dll
0x00007ffdcfaa0000 - 0x00007ffdcfafd000 	C:\Users\Vu\AppData\Local\Temp\lwjglVu\3.3.1-build-7\lwjgl_opengl.dll
0x0000000064a00000 - 0x0000000064d10000 	C:\Users\Vu\AppData\Local\Temp\imgui-java-natives_1708461714532\imgui-java64.dll
0x00007ffe17da0000 - 0x00007ffe17dbb000 	C:\WINDOWS\SYSTEM32\CRYPTSP.dll
0x00007ffe17540000 - 0x00007ffe17575000 	C:\WINDOWS\system32\rsaenh.dll
0x00007ffdf4d80000 - 0x00007ffdf4d90000 	D:\jdk-21.0.1\bin\verify.dll
0x00007ffdcfa10000 - 0x00007ffdcfa91000 	C:\Users\Vu\AppData\Local\Temp\lwjglVu\3.3.1-build-7\lwjgl_stb.dll

dbghelp: loaded successfully - version: 4.0.5 - missing functions: none
symbol engine: initialized successfully - sym options: 0x614 - pdb path: .;D:\jdk-21.0.1\bin;C:\WINDOWS\SYSTEM32;C:\WINDOWS\WinSxS\amd64_microsoft.windows.common-controls_6595b64144ccf1df_6.0.22621.2506_none_270c5ae97388e100;D:\jdk-21.0.1\bin\server;D:\IntelliJ IDEA Community Edition 2023.3.3\bin;C:\Users\Vu\AppData\Local\Temp\lwjglVu\3.3.1-build-7;C:\WINDOWS\System32\DriverStore\FileRepository\iigd_dch.inf_amd64_5802b1615520e41c;C:\Users\Vu\AppData\Local\Temp\imgui-java-natives_1708461714532

VM Arguments:
jvm_args: -javaagent:D:\IntelliJ IDEA Community Edition 2023.3.3\lib\idea_rt.jar=54442:D:\IntelliJ IDEA Community Edition 2023.3.3\bin -Dfile.encoding=UTF-8 -Dsun.stdout.encoding=UTF-8 -Dsun.stderr.encoding=UTF-8 
java_command: main.Main
java_class_path (initial): D:\ducky-game\target\classes;C:\Users\Vu\.m2\repository\io\github\spair\imgui-java-app\1.81.0\imgui-java-app-1.81.0.jar;C:\Users\Vu\.m2\repository\org\lwjgl\lwjgl\3.3.1\lwjgl-3.3.1-natives-linux.jar;C:\Users\Vu\.m2\repository\org\lwjgl\lwjgl-glfw\3.3.1\lwjgl-glfw-3.3.1-natives-linux.jar;C:\Users\Vu\.m2\repository\org\lwjgl\lwjgl-opengl\3.3.1\lwjgl-opengl-3.3.1-natives-linux.jar;C:\Users\Vu\.m2\repository\org\lwjgl\lwjgl\3.3.1\lwjgl-3.3.1-natives-macos.jar;C:\Users\Vu\.m2\repository\org\lwjgl\lwjgl-glfw\3.3.1\lwjgl-glfw-3.3.1-natives-macos.jar;C:\Users\Vu\.m2\repository\org\lwjgl\lwjgl-opengl\3.3.1\lwjgl-opengl-3.3.1-natives-macos.jar;C:\Users\Vu\.m2\repository\io\github\spair\imgui-java-binding\1.81.0\imgui-java-binding-1.81.0.jar;C:\Users\Vu\.m2\repository\io\github\spair\imgui-java-lwjgl3\1.81.0\imgui-java-lwjgl3-1.81.0.jar;C:\Users\Vu\.m2\repository\org\lwjgl\lwjgl\3.3.1\lwjgl-3.3.1.jar;C:\Users\Vu\.m2\repository\com\google\code\gson\gson\2.10.1\gson-2.10.1.jar;C:\Users\Vu\.m2\repository\org\lwjgl\lwjgl-nfd\3.3.1\lwjgl-nfd-3.3.1.jar;C:\Users\Vu\.m2\repository\org\lwjgl\lwjgl-assimp\3.3.1\lwjgl-assimp-3.3.1.jar;C:\Users\Vu\.m2\repository\org\lwjgl\lwjgl-glfw\3.3.1\lwjgl-glfw-3.3.1.jar;C:\Users\Vu\.m2\repository\org\lwjgl\lwjgl-openal\3.3.1\lwjgl-openal-3.3.1.jar;C:\Users\Vu\.m2\repository\org\lwjgl\lwjgl-opengl\3.3.1\lwjgl-opengl-3.3.1.jar;C:\Users\Vu\.m2\repository\org\lwjgl\lwjgl-stb\3.3.1\lwjgl-stb-3.3.1.jar;C:\Users\Vu\.m2\repository\org\lwjgl\lwjgl\3.3.1\lwjgl-3.3.1-natives-windows.jar;C:\Users\Vu\.m2\repository\org\lwjgl\lwjgl-assimp\3.3.1\lwjgl-assimp-3.3.1-natives-windows.jar;C:\Users\Vu\.m2\repository\org\lwjgl\lwjgl-glfw\3.3.1\lwjgl-glfw-3.3.1-natives-windows.jar;C:\Users\Vu\.m2\repository\org\lwjgl\lwjgl-openal\3.3.1\lwjgl-openal-3.3.1-natives-windows.jar;C:\Users\Vu\.m2\repository\org\lwjgl\lwjgl-opengl\3.3.1\lwjgl-opengl-3.3.1-natives-windows.jar;C:\Users\Vu\.m2\repository\org\mongodb\mongodb-driver\3.12.14\mongodb-driver-3.12.14.jar;C:\Users\Vu\.m2\repository\org\mongodb\bson\3.12.14\bson-3.12.14.jar;C:\Users\Vu\.m2\repository\org\mongodb\mongodb-driver-core\3.12.14\mongodb-driver-core-3.12.14.jar;C:\Users\Vu\.m2\repository\org\lwjgl\lwjgl-stb\3.3.1\lwjgl-stb-3.3.1-natives-windows.jar;C:\Users\Vu\.m2\repository\org\lwjgl\lwjgl-nfd\3.3.1\lwjgl-nfd-3.3.1-natives-windows.jar;C:\Users\Vu\.m2\repository\org\jbox2d\jbox2d-library\2.2.1.1\jbox2d-library-2.2.1.1.jar;C:\Users\Vu\.m2\repository\org\joml\joml\1.9.24\joml-1.9.24.jar
Launcher Type: SUN_STANDARD

[Global flags]
     intx CICompilerCount                          = 4                                         {product} {ergonomic}
     uint ConcGCThreads                            = 3                                         {product} {ergonomic}
     uint G1ConcRefinementThreads                  = 10                                        {product} {ergonomic}
   size_t G1HeapRegionSize                         = 2097152                                   {product} {ergonomic}
    uintx GCDrainStackTargetSize                   = 64                                        {product} {ergonomic}
   size_t InitialHeapSize                          = 266338304                                 {product} {ergonomic}
   size_t MarkStackSize                            = 4194304                                   {product} {ergonomic}
   size_t MaxHeapSize                              = 4234149888                                {product} {ergonomic}
   size_t MaxNewSize                               = 2539651072                                {product} {ergonomic}
   size_t MinHeapDeltaBytes                        = 2097152                                   {product} {ergonomic}
   size_t MinHeapSize                              = 8388608                                   {product} {ergonomic}
    uintx NonNMethodCodeHeapSize                   = 5839372                                {pd product} {ergonomic}
    uintx NonProfiledCodeHeapSize                  = 122909434                              {pd product} {ergonomic}
    uintx ProfiledCodeHeapSize                     = 122909434                              {pd product} {ergonomic}
    uintx ReservedCodeCacheSize                    = 251658240                              {pd product} {ergonomic}
     bool SegmentedCodeCache                       = true                                      {product} {ergonomic}
   size_t SoftMaxHeapSize                          = 4234149888                             {manageable} {ergonomic}
     bool UseCompressedOops                        = true                           {product lp64_product} {ergonomic}
     bool UseG1GC                                  = true                                      {product} {ergonomic}
     bool UseLargePagesIndividualAllocation        = false                                  {pd product} {ergonomic}

Logging:
Log output configuration:
 #0: stdout all=off uptime,level,tags foldmultilines=false
 #1: stderr all=off uptime,level,tags foldmultilines=false

Environment Variables:
PATH=C:\Program Files\Common Files\Oracle\Java\javapath;C:\Windows\system32;C:\Windows;C:\Windows\System32\Wbem;C:\Windows\System32\WindowsPowerShell\v1.0\;C:\Windows\System32\OpenSSH\;C:\Program Files (x86)\NVIDIA Corporation\PhysX\Common;C:\Program Files\NVIDIA Corporation\NVIDIA NvDLISR;C:\WINDOWS\system32;C:\WINDOWS;C:\WINDOWS\System32\Wbem;C:\WINDOWS\System32\WindowsPowerShell\v1.0\;C:\WINDOWS\System32\OpenSSH\;C:\Program Files\Git\cmd;C:\Users\Vu\AppData\Local\Microsoft\WindowsApps;
USERNAME=Vu
OS=Windows_NT
PROCESSOR_IDENTIFIER=Intel64 Family 6 Model 141 Stepping 1, GenuineIntel
TMP=C:\Users\Vu\AppData\Local\Temp
TEMP=C:\Users\Vu\AppData\Local\Temp




Periodic native trim disabled

---------------  S Y S T E M  ---------------

OS:
 Windows 11 , 64 bit Build 22621 (10.0.22621.3085)
OS uptime: 0 days 12:02 hours
Hyper-V role detected

CPU: total 12 (initial active 12) (6 cores per cpu, 2 threads per core) family 6 model 141 stepping 1 microcode 0x3c, cx8, cmov, fxsr, ht, mmx, 3dnowpref, sse, sse2, sse3, ssse3, sse4.1, sse4.2, popcnt, lzcnt, tsc, tscinvbit, avx, avx2, aes, erms, clmul, bmi1, bmi2, adx, avx512f, avx512dq, avx512cd, avx512bw, avx512vl, sha, fma, vzeroupper, avx512_vpopcntdq, avx512_vpclmulqdq, avx512_vaes, avx512_vnni, clflush, clflushopt, clwb, avx512_vbmi2, avx512_vbmi, hv, rdtscp, rdpid, fsrm, gfni, avx512_bitalg, f16c, cet_ibt, cet_ss, avx512_ifma
Processor Information for all 12 processors :
  Max Mhz: 2688, Current Mhz: 2688, Mhz Limit: 2688

Memory: 4k page, system-wide physical 16147M (4057M free)
TotalPageFile size 22547M (AvailPageFile size 5263M)
current process WorkingSet (physical memory assigned to process): 472M, peak: 480M
current process commit charge ("private bytes"): 512M, peak: 531M

vm_info: Java HotSpot(TM) 64-Bit Server VM (21.0.1+12-LTS-29) for windows-amd64 JRE (21.0.1+12-LTS-29), built on 2023-10-05T13:27:09Z by "mach5one" with MS VC++ 17.1 (VS2022)

END.
