#
# A fatal error has been detected by the Java Runtime Environment:
#
#  EXCEPTION_ACCESS_VIOLATION (0xc0000005) at pc=0x00007ffdcb03366c, pid=10188, tid=23948
#
# JRE version: Java(TM) SE Runtime Environment (21.0.1+12) (build 21.0.1+12-LTS-29)
# Java VM: Java HotSpot(TM) 64-Bit Server VM (21.0.1+12-LTS-29, mixed mode, sharing, tiered, compressed oops, compressed class ptrs, g1 gc, windows-amd64)
# Problematic frame:
# C  [igxelpicd64.dll+0x13366c]
#
# No core dump will be written. Minidumps are not enabled by default on client versions of Windows
#
# If you would like to submit a bug report, please visit:
#   https://bugreport.java.com/bugreport/crash.jsp
#

---------------  S U M M A R Y ------------

Command Line: -javaagent:D:\IntelliJ IDEA Community Edition 2023.3.3\lib\idea_rt.jar=54727:D:\IntelliJ IDEA Community Edition 2023.3.3\bin -Dfile.encoding=UTF-8 -Dsun.stdout.encoding=UTF-8 -Dsun.stderr.encoding=UTF-8 main.Main

Host: 11th Gen Intel(R) Core(TM) i5-11400H @ 2.70GHz, 12 cores, 15G,  Windows 11 , 64 bit Build 22621 (10.0.22621.3085)
Time: Wed Feb 21 03:51:48 2024 SE Asia Standard Time elapsed time: 16.485783 seconds (0d 0h 0m 16s)

---------------  T H R E A D  ---------------

Current thread (0x000001607d2544c0):  VMThread "VM Thread"          [id=23948, stack(0x0000004937100000,0x0000004937200000) (1024K)]

Stack: [0x0000004937100000,0x0000004937200000],  sp=0x00000049371fe430,  free space=1017k
Native frames: (J=compiled Java code, j=interpreted, Vv=VM code, C=native code)
C  [igxelpicd64.dll+0x13366c]


siginfo: EXCEPTION_ACCESS_VIOLATION (0xc0000005), reading address 0x00000000000356f8


Registers:
RAX=0x000001604d8c7868, RBX=0x000001604d8c7760, RCX=0x0000000000000000, RDX=0x0000000000000000
RSP=0x00000049371fe430, RBP=0x0000000000000000, RSI=0x000001604d8c7d30, RDI=0x000001607dc966b0
R8 =0x0000000000000014, R9 =0x0000000000000000, R10=0x0000000000000000, R11=0x0000000000000000
R12=0x0000000000000000, R13=0x000001604d938be0, R14=0x0000000000210c00, R15=0x0000000000000016
RIP=0x00007ffdcb03366c, EFLAGS=0x0000000000010202


Register to memory mapping:

RAX=0x000001604d8c7868 points into unknown readable memory: 0x000000000020fff0 | f0 ff 20 00 00 00 00 00
RBX=0x000001604d8c7760 points into unknown readable memory: 0x000001607dc98ac0 | c0 8a c9 7d 60 01 00 00
RCX=0x0 is null
RDX=0x0 is null
RSP=0x00000049371fe430 points into unknown readable memory: 0x000001607dcb7930 | 30 79 cb 7d 60 01 00 00
RBP=0x0 is null
RSI=0x000001604d8c7d30 points into unknown readable memory: 0x000001604d938be0 | e0 8b 93 4d 60 01 00 00
RDI=0x000001607dc966b0 points into unknown readable memory: 0x000001607dc67d00 | 00 7d c6 7d 60 01 00 00
R8 =0x0000000000000014 is an unknown value
R9 =0x0 is null
R10=0x0 is null
R11=0x0 is null
R12=0x0 is null
R13=0x000001604d938be0 points into unknown readable memory: 0x000001607dc98ac0 | c0 8a c9 7d 60 01 00 00
R14=0x0000000000210c00 is an unknown value
R15=0x0000000000000016 is an unknown value

Top of Stack: (sp=0x00000049371fe430)
0x00000049371fe430:   000001607dcb7930 0000000000000000
0x00000049371fe440:   000001607dd60e80 00007ffe1b2533b4
0x00000049371fe450:   000001607dd60e80 00007ffdcaf45db3
0x00000049371fe460:   000000007a000004 0000000000000000
0x00000049371fe470:   000001607dd558b8 0000000000210c17
0x00000049371fe480:   0000000000000000 000000000000000e
0x00000049371fe490:   0000000000000000 0000000000000000
0x00000049371fe4a0:   00000049371fe5b0 00007ffdcb1abc3c
0x00000049371fe4b0:   000001607dcb7930 000001607dc966b0
0x00000049371fe4c0:   000001607dd55500 000001607dd20a00
0x00000049371fe4d0:   0000004900000fb0 0000b802001a0000
0x00000049371fe4e0:   0000000000000000 00000049371fe838
0x00000049371fe4f0:   0000004900000028 0000800400112000
0x00000049371fe500:   000001605bc60000 0000000000000002
0x00000049371fe510:   0000000200000101 00007ffdcb1a19a0
0x00000049371fe520:   00007ffe00000000 00000000000004b4
0x00000049371fe530:   0000000000000000 0000000000000000
0x00000049371fe540:   00007f0000000000 0000000000000000
0x00000049371fe550:   0000000000000000 00007ffdcaf83cdf
0x00000049371fe560:   0000b802001a0000 0000000000000fb0
0x00000049371fe570:   0000000000000000 4000170000000001
0x00000049371fe580:   0000000000000000 0000000000000000
0x00000049371fe590:   0000000000000000 0000000000000000
0x00000049371fe5a0:   0000000000000000 0000000000000000
0x00000049371fe5b0:   0000000000000000 0000000000000000
0x00000049371fe5c0:   0000000000000000 0000000000000000
0x00000049371fe5d0:   0000000000000000 0000000000000000
0x00000049371fe5e0:   0000000000000000 0000000000000000
0x00000049371fe5f0:   0000000000000000 0000000000000000
0x00000049371fe600:   0000000000000000 0000000000000000
0x00000049371fe610:   0000000000000000 0000000000000000
0x00000049371fe620:   0000000000000000 0000000000000000 

Instructions: (pc=0x00007ffdcb03366c)
0x00007ffdcb03356c:   ec 40 45 8a e1 48 8b fa 48 8b e9 48 8b 1d 42 08
0x00007ffdcb03357c:   e0 00 48 89 58 08 48 8b cb ff 15 85 5b 9a 00 90
0x00007ffdcb03358c:   4c 8b af 78 02 00 00 48 8b 05 c6 e4 cf 00 44 8b
0x00007ffdcb03359c:   b8 40 0b 00 00 45 33 db 45 8a f3 4c 89 9f 78 02
0x00007ffdcb0335ac:   00 00 44 89 9f 80 02 00 00 4c 89 9f 98 02 00 00
0x00007ffdcb0335bc:   4c 89 9f 88 02 00 00 48 85 ed 75 38 8b 35 4a e2
0x00007ffdcb0335cc:   df 00 65 48 8b 04 25 58 00 00 00 b9 14 00 00 00
0x00007ffdcb0335dc:   48 8b 04 f0 44 38 1c 01 0f 84 9d da 86 00 65 48
0x00007ffdcb0335ec:   8b 04 25 58 00 00 00 bd 20 00 00 00 48 8b 04 f0
0x00007ffdcb0335fc:   48 8b 2c 28 48 3b 2d 39 07 e0 00 45 0f 44 fb 4d
0x00007ffdcb03360c:   85 ed 0f 84 21 01 00 00 44 8a a4 24 90 00 00 00
0x00007ffdcb03361c:   49 8b dd 49 8d b5 d0 05 00 00 4c 8b 2e 45 84 e4
0x00007ffdcb03362c:   0f 85 2a 03 00 00 8b 97 c8 01 00 00 48 8b 05 21
0x00007ffdcb03363c:   e4 cf 00 83 b8 78 03 00 00 02 75 31 83 fa 10 0f
0x00007ffdcb03364c:   83 20 01 00 00 48 8d 04 d5 21 00 00 00 48 03 c2
0x00007ffdcb03365c:   48 8d 04 c3 48 85 c0 0f 85 ff 00 00 00 49 8b cb
0x00007ffdcb03366c:   48 3b 8d f8 56 03 00 0f 87 f3 02 00 00 4c 39 9b
0x00007ffdcb03367c:   48 06 00 00 0f 85 41 da 86 00 44 8b 97 c8 01 00
0x00007ffdcb03368c:   00 48 8b 87 e0 01 00 00 4c 8b 08 8b 97 c8 01 00
0x00007ffdcb03369c:   00 83 fa 10 0f 83 03 01 00 00 48 8d 04 d5 21 00
0x00007ffdcb0336ac:   00 00 48 03 c2 48 8d 04 c3 48 85 c0 0f 85 e2 00
0x00007ffdcb0336bc:   00 00 49 8b cb 49 3b c9 0f 86 0e 01 00 00 48 8b
0x00007ffdcb0336cc:   87 78 02 00 00 48 89 06 48 89 9f 78 02 00 00 ff
0x00007ffdcb0336dc:   87 80 02 00 00 48 8b 43 08 48 8b 88 18 01 00 00
0x00007ffdcb0336ec:   48 81 e1 00 00 ff ff 48 81 c1 00 00 01 00 48 01
0x00007ffdcb0336fc:   8f 88 02 00 00 48 8b 43 08 48 8b 88 18 01 00 00
0x00007ffdcb03370c:   48 01 8f 98 02 00 00 4d 85 ed 0f 85 00 ff ff ff
0x00007ffdcb03371c:   45 84 f6 44 8a a4 24 98 00 00 00 0f 85 82 03 00
0x00007ffdcb03372c:   00 48 8b 9c 24 80 00 00 00 48 8b cf 45 84 e4 0f
0x00007ffdcb03373c:   85 8a 03 00 00 e8 fa f9 ff ff 90 48 8b cb 48 8b
0x00007ffdcb03374c:   9c 24 88 00 00 00 48 83 c4 40 41 5f 41 5e 41 5d
0x00007ffdcb03375c:   41 5c 5f 5e 5d 48 ff 25 b0 59 9a 00 48 8b 48 08 


Stack slot to memory mapping:

stack at sp + 0 slots: 0x000001607dcb7930 points into unknown readable memory: 0xffffffffffffffff | ff ff ff ff ff ff ff ff
stack at sp + 1 slots: 0x0 is null
stack at sp + 2 slots: 0x000001607dd60e80 points into unknown readable memory: 0x0000000000000001 | 01 00 00 00 00 00 00 00
stack at sp + 3 slots: 0x00007ffe1b2533b4 ntdll.dll
stack at sp + 4 slots: 0x000001607dd60e80 points into unknown readable memory: 0x0000000000000001 | 01 00 00 00 00 00 00 00
stack at sp + 5 slots: 0x00007ffdcaf45db3 igxelpicd64.dll
stack at sp + 6 slots: 0x000000007a000004 is an unknown value
stack at sp + 7 slots: 0x0 is null

VM_Operation (0x0000004938eff140): Exit, mode: safepoint, requested by thread 0x000001604d135aa0


---------------  P R O C E S S  ---------------

Threads class SMR info:
_java_thread_list=0x00000160541e1ef0, length=13, elements={
0x000001605bd100e0, 0x000001607d273400, 0x000001607d274410, 0x000001607d276400,
0x000001607d279880, 0x000001607d29b970, 0x000001607d6d9890, 0x000001607d29c910,
0x000001607d6e6df0, 0x000001607d6d9f20, 0x000001607d6db960, 0x000001607d6da5b0,
0x000001604d135aa0
}

Java Threads: ( => current thread )
  0x000001605bd100e0 JavaThread "main"                              [_thread_blocked, id=19756, stack(0x0000004936a00000,0x0000004936b00000) (1024K)]
  0x000001607d273400 JavaThread "Reference Handler"          daemon [_thread_blocked, id=19860, stack(0x0000004937200000,0x0000004937300000) (1024K)]
  0x000001607d274410 JavaThread "Finalizer"                  daemon [_thread_blocked, id=24032, stack(0x0000004937300000,0x0000004937400000) (1024K)]
  0x000001607d276400 JavaThread "Signal Dispatcher"          daemon [_thread_blocked, id=22776, stack(0x0000004937400000,0x0000004937500000) (1024K)]
  0x000001607d279880 JavaThread "Attach Listener"            daemon [_thread_blocked, id=8248, stack(0x0000004937500000,0x0000004937600000) (1024K)]
  0x000001607d29b970 JavaThread "Service Thread"             daemon [_thread_blocked, id=19920, stack(0x0000004937600000,0x0000004937700000) (1024K)]
  0x000001607d6d9890 JavaThread "Monitor Deflation Thread"   daemon [_thread_blocked, id=17052, stack(0x0000004937700000,0x0000004937800000) (1024K)]
  0x000001607d29c910 JavaThread "C2 CompilerThread0"         daemon [_thread_blocked, id=21096, stack(0x0000004937800000,0x0000004937900000) (1024K)]
  0x000001607d6e6df0 JavaThread "C1 CompilerThread0"         daemon [_thread_blocked, id=13000, stack(0x0000004937900000,0x0000004937a00000) (1024K)]
  0x000001607d6d9f20 JavaThread "Common-Cleaner"             daemon [_thread_blocked, id=6372, stack(0x0000004937a00000,0x0000004937b00000) (1024K)]
  0x000001607d6db960 JavaThread "Monitor Ctrl-Break"         daemon [_thread_in_native, id=1192, stack(0x0000004937b00000,0x0000004937c00000) (1024K)]
  0x000001607d6da5b0 JavaThread "Notification Thread"        daemon [_thread_blocked, id=8096, stack(0x0000004937c00000,0x0000004937d00000) (1024K)]
  0x000001604d135aa0 JavaThread "SIGINT handler"             daemon [_thread_blocked, id=10104, stack(0x0000004938e00000,0x0000004938f00000) (1024K)]
Total: 13

Other Threads:
=>0x000001607d2544c0 VMThread "VM Thread"                           [id=23948, stack(0x0000004937100000,0x0000004937200000) (1024K)]
  0x000001605e0ee7a0 WorkerThread "GC Thread#0"                     [id=20880, stack(0x0000004936b00000,0x0000004936c00000) (1024K)]
  0x000001604cd0b620 WorkerThread "GC Thread#1"                     [id=17152, stack(0x0000004938500000,0x0000004938600000) (1024K)]
  0x000001604cc09a80 WorkerThread "GC Thread#2"                     [id=22568, stack(0x0000004938600000,0x0000004938700000) (1024K)]
  0x000001604d598880 WorkerThread "GC Thread#3"                     [id=16424, stack(0x0000004938700000,0x0000004938800000) (1024K)]
  0x000001604d687850 WorkerThread "GC Thread#4"                     [id=9868, stack(0x0000004938800000,0x0000004938900000) (1024K)]
  0x000001604d1522b0 WorkerThread "GC Thread#5"                     [id=10228, stack(0x0000004938900000,0x0000004938a00000) (1024K)]
  0x000001604cbf38f0 WorkerThread "GC Thread#6"                     [id=20768, stack(0x0000004938a00000,0x0000004938b00000) (1024K)]
  0x000001604d687bf0 WorkerThread "GC Thread#7"                     [id=21916, stack(0x0000004938b00000,0x0000004938c00000) (1024K)]
  0x000001604d3aece0 WorkerThread "GC Thread#8"                     [id=17392, stack(0x0000004938c00000,0x0000004938d00000) (1024K)]
  0x000001604d56e680 WorkerThread "GC Thread#9"                     [id=14800, stack(0x0000004938d00000,0x0000004938e00000) (1024K)]
  0x000001605e100620 ConcurrentGCThread "G1 Main Marker"            terminated
  0x000001605e101130 WorkerThread "G1 Conc#0"                       [id=5588, stack(0x0000004936d00000,0x0000004936e00000) (1024K)]
  0x000001607d110160 ConcurrentGCThread "G1 Refine#0"               terminated
  0x000001607d110cd0 ConcurrentGCThread "G1 Service"                terminated
Total: 15

Threads with active compile tasks:
C1 CompilerThread0    16517 2053   !   3       java.util.concurrent.ConcurrentHashMap::replaceNode (437 bytes)
Total: 1

VM state: at safepoint (shutting down)

VM Mutex/Monitor currently owned by a thread:  ([mutex/lock_event])
[0x00007ffd8f7ca5f8] Threads_lock - owner thread: 0x000001607d2544c0
[0x00007ffd8f7ca6f8] Heap_lock - owner thread: 0x000001604d135aa0

Heap address: 0x0000000703a00000, size: 4038 MB, Compressed Oops mode: Zero based, Oop shift amount: 3

CDS archive(s) mapped at: [0x0000016000000000-0x0000016000c90000-0x0000016000c90000), size 13172736, SharedBaseAddress: 0x0000016000000000, ArchiveRelocationMode: 1.
Compressed class space mapped at: 0x0000016001000000-0x0000016041000000, reserved size: 1073741824
Narrow klass base: 0x0000016000000000, Narrow klass shift: 0, Narrow klass range: 0x100000000

GC Precious Log:
 CardTable entry size: 512
 Card Set container configuration: InlinePtr #cards 4 size 8 Array Of Cards #cards 16 size 48 Howl #buckets 8 coarsen threshold 3686 Howl Bitmap #cards 512 size 80 coarsen threshold 460 Card regions per heap region 1 cards per card region 4096
 CPUs: 12 total, 12 available
 Memory: 16147M
 Large Page Support: Disabled
 NUMA Support: Disabled
 Compressed Oops: Enabled (Zero based)
 Heap Region Size: 2M
 Heap Min Capacity: 8M
 Heap Initial Capacity: 254M
 Heap Max Capacity: 4038M
 Pre-touch: Disabled
 Parallel Workers: 10
 Concurrent Workers: 3
 Concurrent Refinement Workers: 10
 Periodic GC: Disabled

Heap:
 garbage-first heap   total 260096K, used 19594K [0x0000000703a00000, 0x0000000800000000)
  region size 2048K, 9 young (18432K), 2 survivors (4096K)
 Metaspace       used 9699K, committed 9920K, reserved 1114112K
  class space    used 676K, committed 768K, reserved 1048576K

Heap Regions: E=young(eden), S=young(survivor), O=old, HS=humongous(starts), HC=humongous(continues), CS=collection set, F=free, TAMS=top-at-mark-start, PB=parsable bottom
|   0|0x0000000703a00000, 0x0000000703c00000, 0x0000000703c00000|100%| O|  |TAMS 0x0000000703a00000| PB 0x0000000703a00000| Untracked 
|   1|0x0000000703c00000, 0x0000000703e00000, 0x0000000703e00000|100%| O|  |TAMS 0x0000000703c00000| PB 0x0000000703c00000| Untracked 
|   2|0x0000000703e00000, 0x0000000703e22e00, 0x0000000704000000|  6%| O|  |TAMS 0x0000000703e00000| PB 0x0000000703e00000| Untracked 
|   3|0x0000000704000000, 0x0000000704000000, 0x0000000704200000|  0%| F|  |TAMS 0x0000000704000000| PB 0x0000000704000000| Untracked 
|   4|0x0000000704200000, 0x0000000704200000, 0x0000000704400000|  0%| F|  |TAMS 0x0000000704200000| PB 0x0000000704200000| Untracked 
|   5|0x0000000704400000, 0x0000000704400000, 0x0000000704600000|  0%| F|  |TAMS 0x0000000704400000| PB 0x0000000704400000| Untracked 
|   6|0x0000000704600000, 0x0000000704600000, 0x0000000704800000|  0%| F|  |TAMS 0x0000000704600000| PB 0x0000000704600000| Untracked 
|   7|0x0000000704800000, 0x0000000704800000, 0x0000000704a00000|  0%| F|  |TAMS 0x0000000704800000| PB 0x0000000704800000| Untracked 
|   8|0x0000000704a00000, 0x0000000704a00000, 0x0000000704c00000|  0%| F|  |TAMS 0x0000000704a00000| PB 0x0000000704a00000| Untracked 
|   9|0x0000000704c00000, 0x0000000704c00000, 0x0000000704e00000|  0%| F|  |TAMS 0x0000000704c00000| PB 0x0000000704c00000| Untracked 
|  10|0x0000000704e00000, 0x0000000704e00000, 0x0000000705000000|  0%| F|  |TAMS 0x0000000704e00000| PB 0x0000000704e00000| Untracked 
|  11|0x0000000705000000, 0x0000000705000000, 0x0000000705200000|  0%| F|  |TAMS 0x0000000705000000| PB 0x0000000705000000| Untracked 
|  12|0x0000000705200000, 0x0000000705200000, 0x0000000705400000|  0%| F|  |TAMS 0x0000000705200000| PB 0x0000000705200000| Untracked 
|  13|0x0000000705400000, 0x0000000705400000, 0x0000000705600000|  0%| F|  |TAMS 0x0000000705400000| PB 0x0000000705400000| Untracked 
|  14|0x0000000705600000, 0x0000000705600000, 0x0000000705800000|  0%| F|  |TAMS 0x0000000705600000| PB 0x0000000705600000| Untracked 
|  15|0x0000000705800000, 0x0000000705800000, 0x0000000705a00000|  0%| F|  |TAMS 0x0000000705800000| PB 0x0000000705800000| Untracked 
|  16|0x0000000705a00000, 0x0000000705a00000, 0x0000000705c00000|  0%| F|  |TAMS 0x0000000705a00000| PB 0x0000000705a00000| Untracked 
|  17|0x0000000705c00000, 0x0000000705c00000, 0x0000000705e00000|  0%| F|  |TAMS 0x0000000705c00000| PB 0x0000000705c00000| Untracked 
|  18|0x0000000705e00000, 0x0000000705e00000, 0x0000000706000000|  0%| F|  |TAMS 0x0000000705e00000| PB 0x0000000705e00000| Untracked 
|  19|0x0000000706000000, 0x0000000706000000, 0x0000000706200000|  0%| F|  |TAMS 0x0000000706000000| PB 0x0000000706000000| Untracked 
|  20|0x0000000706200000, 0x0000000706200000, 0x0000000706400000|  0%| F|  |TAMS 0x0000000706200000| PB 0x0000000706200000| Untracked 
|  21|0x0000000706400000, 0x0000000706400000, 0x0000000706600000|  0%| F|  |TAMS 0x0000000706400000| PB 0x0000000706400000| Untracked 
|  22|0x0000000706600000, 0x0000000706600000, 0x0000000706800000|  0%| F|  |TAMS 0x0000000706600000| PB 0x0000000706600000| Untracked 
|  23|0x0000000706800000, 0x0000000706800000, 0x0000000706a00000|  0%| F|  |TAMS 0x0000000706800000| PB 0x0000000706800000| Untracked 
|  24|0x0000000706a00000, 0x0000000706a00000, 0x0000000706c00000|  0%| F|  |TAMS 0x0000000706a00000| PB 0x0000000706a00000| Untracked 
|  25|0x0000000706c00000, 0x0000000706c00000, 0x0000000706e00000|  0%| F|  |TAMS 0x0000000706c00000| PB 0x0000000706c00000| Untracked 
|  26|0x0000000706e00000, 0x0000000706e00000, 0x0000000707000000|  0%| F|  |TAMS 0x0000000706e00000| PB 0x0000000706e00000| Untracked 
|  27|0x0000000707000000, 0x0000000707000000, 0x0000000707200000|  0%| F|  |TAMS 0x0000000707000000| PB 0x0000000707000000| Untracked 
|  28|0x0000000707200000, 0x0000000707200000, 0x0000000707400000|  0%| F|  |TAMS 0x0000000707200000| PB 0x0000000707200000| Untracked 
|  29|0x0000000707400000, 0x0000000707400000, 0x0000000707600000|  0%| F|  |TAMS 0x0000000707400000| PB 0x0000000707400000| Untracked 
|  30|0x0000000707600000, 0x0000000707600000, 0x0000000707800000|  0%| F|  |TAMS 0x0000000707600000| PB 0x0000000707600000| Untracked 
|  31|0x0000000707800000, 0x0000000707800000, 0x0000000707a00000|  0%| F|  |TAMS 0x0000000707800000| PB 0x0000000707800000| Untracked 
|  32|0x0000000707a00000, 0x0000000707a00000, 0x0000000707c00000|  0%| F|  |TAMS 0x0000000707a00000| PB 0x0000000707a00000| Untracked 
|  33|0x0000000707c00000, 0x0000000707c00000, 0x0000000707e00000|  0%| F|  |TAMS 0x0000000707c00000| PB 0x0000000707c00000| Untracked 
|  34|0x0000000707e00000, 0x0000000707e00000, 0x0000000708000000|  0%| F|  |TAMS 0x0000000707e00000| PB 0x0000000707e00000| Untracked 
|  35|0x0000000708000000, 0x0000000708000000, 0x0000000708200000|  0%| F|  |TAMS 0x0000000708000000| PB 0x0000000708000000| Untracked 
|  36|0x0000000708200000, 0x0000000708200000, 0x0000000708400000|  0%| F|  |TAMS 0x0000000708200000| PB 0x0000000708200000| Untracked 
|  37|0x0000000708400000, 0x0000000708400000, 0x0000000708600000|  0%| F|  |TAMS 0x0000000708400000| PB 0x0000000708400000| Untracked 
|  38|0x0000000708600000, 0x0000000708600000, 0x0000000708800000|  0%| F|  |TAMS 0x0000000708600000| PB 0x0000000708600000| Untracked 
|  39|0x0000000708800000, 0x0000000708800000, 0x0000000708a00000|  0%| F|  |TAMS 0x0000000708800000| PB 0x0000000708800000| Untracked 
|  40|0x0000000708a00000, 0x0000000708a00000, 0x0000000708c00000|  0%| F|  |TAMS 0x0000000708a00000| PB 0x0000000708a00000| Untracked 
|  41|0x0000000708c00000, 0x0000000708c00000, 0x0000000708e00000|  0%| F|  |TAMS 0x0000000708c00000| PB 0x0000000708c00000| Untracked 
|  42|0x0000000708e00000, 0x0000000708e00000, 0x0000000709000000|  0%| F|  |TAMS 0x0000000708e00000| PB 0x0000000708e00000| Untracked 
|  43|0x0000000709000000, 0x0000000709000000, 0x0000000709200000|  0%| F|  |TAMS 0x0000000709000000| PB 0x0000000709000000| Untracked 
|  44|0x0000000709200000, 0x0000000709200000, 0x0000000709400000|  0%| F|  |TAMS 0x0000000709200000| PB 0x0000000709200000| Untracked 
|  45|0x0000000709400000, 0x0000000709400000, 0x0000000709600000|  0%| F|  |TAMS 0x0000000709400000| PB 0x0000000709400000| Untracked 
|  46|0x0000000709600000, 0x0000000709600000, 0x0000000709800000|  0%| F|  |TAMS 0x0000000709600000| PB 0x0000000709600000| Untracked 
|  47|0x0000000709800000, 0x0000000709800000, 0x0000000709a00000|  0%| F|  |TAMS 0x0000000709800000| PB 0x0000000709800000| Untracked 
|  48|0x0000000709a00000, 0x0000000709a00000, 0x0000000709c00000|  0%| F|  |TAMS 0x0000000709a00000| PB 0x0000000709a00000| Untracked 
|  49|0x0000000709c00000, 0x0000000709c00000, 0x0000000709e00000|  0%| F|  |TAMS 0x0000000709c00000| PB 0x0000000709c00000| Untracked 
|  50|0x0000000709e00000, 0x0000000709e00000, 0x000000070a000000|  0%| F|  |TAMS 0x0000000709e00000| PB 0x0000000709e00000| Untracked 
|  51|0x000000070a000000, 0x000000070a000000, 0x000000070a200000|  0%| F|  |TAMS 0x000000070a000000| PB 0x000000070a000000| Untracked 
|  52|0x000000070a200000, 0x000000070a200000, 0x000000070a400000|  0%| F|  |TAMS 0x000000070a200000| PB 0x000000070a200000| Untracked 
|  53|0x000000070a400000, 0x000000070a400000, 0x000000070a600000|  0%| F|  |TAMS 0x000000070a400000| PB 0x000000070a400000| Untracked 
|  54|0x000000070a600000, 0x000000070a600000, 0x000000070a800000|  0%| F|  |TAMS 0x000000070a600000| PB 0x000000070a600000| Untracked 
|  55|0x000000070a800000, 0x000000070a800000, 0x000000070aa00000|  0%| F|  |TAMS 0x000000070a800000| PB 0x000000070a800000| Untracked 
|  56|0x000000070aa00000, 0x000000070aa00000, 0x000000070ac00000|  0%| F|  |TAMS 0x000000070aa00000| PB 0x000000070aa00000| Untracked 
|  57|0x000000070ac00000, 0x000000070ac00000, 0x000000070ae00000|  0%| F|  |TAMS 0x000000070ac00000| PB 0x000000070ac00000| Untracked 
|  58|0x000000070ae00000, 0x000000070ae00000, 0x000000070b000000|  0%| F|  |TAMS 0x000000070ae00000| PB 0x000000070ae00000| Untracked 
|  59|0x000000070b000000, 0x000000070b000000, 0x000000070b200000|  0%| F|  |TAMS 0x000000070b000000| PB 0x000000070b000000| Untracked 
|  60|0x000000070b200000, 0x000000070b200000, 0x000000070b400000|  0%| F|  |TAMS 0x000000070b200000| PB 0x000000070b200000| Untracked 
|  61|0x000000070b400000, 0x000000070b400000, 0x000000070b600000|  0%| F|  |TAMS 0x000000070b400000| PB 0x000000070b400000| Untracked 
|  62|0x000000070b600000, 0x000000070b600000, 0x000000070b800000|  0%| F|  |TAMS 0x000000070b600000| PB 0x000000070b600000| Untracked 
|  63|0x000000070b800000, 0x000000070b800000, 0x000000070ba00000|  0%| F|  |TAMS 0x000000070b800000| PB 0x000000070b800000| Untracked 
|  64|0x000000070ba00000, 0x000000070ba00000, 0x000000070bc00000|  0%| F|  |TAMS 0x000000070ba00000| PB 0x000000070ba00000| Untracked 
|  65|0x000000070bc00000, 0x000000070bc00000, 0x000000070be00000|  0%| F|  |TAMS 0x000000070bc00000| PB 0x000000070bc00000| Untracked 
|  66|0x000000070be00000, 0x000000070be00000, 0x000000070c000000|  0%| F|  |TAMS 0x000000070be00000| PB 0x000000070be00000| Untracked 
|  67|0x000000070c000000, 0x000000070c000000, 0x000000070c200000|  0%| F|  |TAMS 0x000000070c000000| PB 0x000000070c000000| Untracked 
|  68|0x000000070c200000, 0x000000070c200000, 0x000000070c400000|  0%| F|  |TAMS 0x000000070c200000| PB 0x000000070c200000| Untracked 
|  69|0x000000070c400000, 0x000000070c400000, 0x000000070c600000|  0%| F|  |TAMS 0x000000070c400000| PB 0x000000070c400000| Untracked 
|  70|0x000000070c600000, 0x000000070c600000, 0x000000070c800000|  0%| F|  |TAMS 0x000000070c600000| PB 0x000000070c600000| Untracked 
|  71|0x000000070c800000, 0x000000070c800000, 0x000000070ca00000|  0%| F|  |TAMS 0x000000070c800000| PB 0x000000070c800000| Untracked 
|  72|0x000000070ca00000, 0x000000070ca00000, 0x000000070cc00000|  0%| F|  |TAMS 0x000000070ca00000| PB 0x000000070ca00000| Untracked 
|  73|0x000000070cc00000, 0x000000070cc00000, 0x000000070ce00000|  0%| F|  |TAMS 0x000000070cc00000| PB 0x000000070cc00000| Untracked 
|  74|0x000000070ce00000, 0x000000070ce00000, 0x000000070d000000|  0%| F|  |TAMS 0x000000070ce00000| PB 0x000000070ce00000| Untracked 
|  75|0x000000070d000000, 0x000000070d000000, 0x000000070d200000|  0%| F|  |TAMS 0x000000070d000000| PB 0x000000070d000000| Untracked 
|  76|0x000000070d200000, 0x000000070d200000, 0x000000070d400000|  0%| F|  |TAMS 0x000000070d200000| PB 0x000000070d200000| Untracked 
|  77|0x000000070d400000, 0x000000070d400000, 0x000000070d600000|  0%| F|  |TAMS 0x000000070d400000| PB 0x000000070d400000| Untracked 
|  78|0x000000070d600000, 0x000000070d600000, 0x000000070d800000|  0%| F|  |TAMS 0x000000070d600000| PB 0x000000070d600000| Untracked 
|  79|0x000000070d800000, 0x000000070d800000, 0x000000070da00000|  0%| F|  |TAMS 0x000000070d800000| PB 0x000000070d800000| Untracked 
|  80|0x000000070da00000, 0x000000070da00000, 0x000000070dc00000|  0%| F|  |TAMS 0x000000070da00000| PB 0x000000070da00000| Untracked 
|  81|0x000000070dc00000, 0x000000070dc00000, 0x000000070de00000|  0%| F|  |TAMS 0x000000070dc00000| PB 0x000000070dc00000| Untracked 
|  82|0x000000070de00000, 0x000000070de00000, 0x000000070e000000|  0%| F|  |TAMS 0x000000070de00000| PB 0x000000070de00000| Untracked 
|  83|0x000000070e000000, 0x000000070e000000, 0x000000070e200000|  0%| F|  |TAMS 0x000000070e000000| PB 0x000000070e000000| Untracked 
|  84|0x000000070e200000, 0x000000070e200000, 0x000000070e400000|  0%| F|  |TAMS 0x000000070e200000| PB 0x000000070e200000| Untracked 
|  85|0x000000070e400000, 0x000000070e400000, 0x000000070e600000|  0%| F|  |TAMS 0x000000070e400000| PB 0x000000070e400000| Untracked 
|  86|0x000000070e600000, 0x000000070e600000, 0x000000070e800000|  0%| F|  |TAMS 0x000000070e600000| PB 0x000000070e600000| Untracked 
|  87|0x000000070e800000, 0x000000070e800000, 0x000000070ea00000|  0%| F|  |TAMS 0x000000070e800000| PB 0x000000070e800000| Untracked 
|  88|0x000000070ea00000, 0x000000070ea00000, 0x000000070ec00000|  0%| F|  |TAMS 0x000000070ea00000| PB 0x000000070ea00000| Untracked 
|  89|0x000000070ec00000, 0x000000070ec00000, 0x000000070ee00000|  0%| F|  |TAMS 0x000000070ec00000| PB 0x000000070ec00000| Untracked 
|  90|0x000000070ee00000, 0x000000070ee00000, 0x000000070f000000|  0%| F|  |TAMS 0x000000070ee00000| PB 0x000000070ee00000| Untracked 
|  91|0x000000070f000000, 0x000000070f000000, 0x000000070f200000|  0%| F|  |TAMS 0x000000070f000000| PB 0x000000070f000000| Untracked 
|  92|0x000000070f200000, 0x000000070f200000, 0x000000070f400000|  0%| F|  |TAMS 0x000000070f200000| PB 0x000000070f200000| Untracked 
|  93|0x000000070f400000, 0x000000070f400000, 0x000000070f600000|  0%| F|  |TAMS 0x000000070f400000| PB 0x000000070f400000| Untracked 
|  94|0x000000070f600000, 0x000000070f600000, 0x000000070f800000|  0%| F|  |TAMS 0x000000070f600000| PB 0x000000070f600000| Untracked 
|  95|0x000000070f800000, 0x000000070f800000, 0x000000070fa00000|  0%| F|  |TAMS 0x000000070f800000| PB 0x000000070f800000| Untracked 
|  96|0x000000070fa00000, 0x000000070fa00000, 0x000000070fc00000|  0%| F|  |TAMS 0x000000070fa00000| PB 0x000000070fa00000| Untracked 
|  97|0x000000070fc00000, 0x000000070fc00000, 0x000000070fe00000|  0%| F|  |TAMS 0x000000070fc00000| PB 0x000000070fc00000| Untracked 
|  98|0x000000070fe00000, 0x000000070fe00000, 0x0000000710000000|  0%| F|  |TAMS 0x000000070fe00000| PB 0x000000070fe00000| Untracked 
|  99|0x0000000710000000, 0x0000000710000000, 0x0000000710200000|  0%| F|  |TAMS 0x0000000710000000| PB 0x0000000710000000| Untracked 
| 100|0x0000000710200000, 0x0000000710200000, 0x0000000710400000|  0%| F|  |TAMS 0x0000000710200000| PB 0x0000000710200000| Untracked 
| 101|0x0000000710400000, 0x0000000710400000, 0x0000000710600000|  0%| F|  |TAMS 0x0000000710400000| PB 0x0000000710400000| Untracked 
| 102|0x0000000710600000, 0x0000000710600000, 0x0000000710800000|  0%| F|  |TAMS 0x0000000710600000| PB 0x0000000710600000| Untracked 
| 103|0x0000000710800000, 0x0000000710800000, 0x0000000710a00000|  0%| F|  |TAMS 0x0000000710800000| PB 0x0000000710800000| Untracked 
| 104|0x0000000710a00000, 0x0000000710a00000, 0x0000000710c00000|  0%| F|  |TAMS 0x0000000710a00000| PB 0x0000000710a00000| Untracked 
| 105|0x0000000710c00000, 0x0000000710c00000, 0x0000000710e00000|  0%| F|  |TAMS 0x0000000710c00000| PB 0x0000000710c00000| Untracked 
| 106|0x0000000710e00000, 0x0000000710e00000, 0x0000000711000000|  0%| F|  |TAMS 0x0000000710e00000| PB 0x0000000710e00000| Untracked 
| 107|0x0000000711000000, 0x00000007110ffa10, 0x0000000711200000| 49%| S|CS|TAMS 0x0000000711000000| PB 0x0000000711000000| Complete 
| 108|0x0000000711200000, 0x0000000711400000, 0x0000000711400000|100%| S|CS|TAMS 0x0000000711200000| PB 0x0000000711200000| Complete 
| 109|0x0000000711400000, 0x0000000711400000, 0x0000000711600000|  0%| F|  |TAMS 0x0000000711400000| PB 0x0000000711400000| Untracked 
| 110|0x0000000711600000, 0x0000000711600000, 0x0000000711800000|  0%| F|  |TAMS 0x0000000711600000| PB 0x0000000711600000| Untracked 
| 111|0x0000000711800000, 0x0000000711800000, 0x0000000711a00000|  0%| F|  |TAMS 0x0000000711800000| PB 0x0000000711800000| Untracked 
| 112|0x0000000711a00000, 0x0000000711a00000, 0x0000000711c00000|  0%| F|  |TAMS 0x0000000711a00000| PB 0x0000000711a00000| Untracked 
| 113|0x0000000711c00000, 0x0000000711c00000, 0x0000000711e00000|  0%| F|  |TAMS 0x0000000711c00000| PB 0x0000000711c00000| Untracked 
| 114|0x0000000711e00000, 0x0000000711e00000, 0x0000000712000000|  0%| F|  |TAMS 0x0000000711e00000| PB 0x0000000711e00000| Untracked 
| 115|0x0000000712000000, 0x0000000712000000, 0x0000000712200000|  0%| F|  |TAMS 0x0000000712000000| PB 0x0000000712000000| Untracked 
| 116|0x0000000712200000, 0x0000000712200000, 0x0000000712400000|  0%| F|  |TAMS 0x0000000712200000| PB 0x0000000712200000| Untracked 
| 117|0x0000000712400000, 0x0000000712400000, 0x0000000712600000|  0%| F|  |TAMS 0x0000000712400000| PB 0x0000000712400000| Untracked 
| 118|0x0000000712600000, 0x0000000712600000, 0x0000000712800000|  0%| F|  |TAMS 0x0000000712600000| PB 0x0000000712600000| Untracked 
| 119|0x0000000712800000, 0x0000000712800000, 0x0000000712a00000|  0%| F|  |TAMS 0x0000000712800000| PB 0x0000000712800000| Untracked 
| 120|0x0000000712a00000, 0x0000000712a3df78, 0x0000000712c00000| 12%| E|  |TAMS 0x0000000712a00000| PB 0x0000000712a00000| Complete 
| 121|0x0000000712c00000, 0x0000000712e00000, 0x0000000712e00000|100%| E|CS|TAMS 0x0000000712c00000| PB 0x0000000712c00000| Complete 
| 122|0x0000000712e00000, 0x0000000713000000, 0x0000000713000000|100%| E|CS|TAMS 0x0000000712e00000| PB 0x0000000712e00000| Complete 
| 123|0x0000000713000000, 0x0000000713200000, 0x0000000713200000|100%| E|CS|TAMS 0x0000000713000000| PB 0x0000000713000000| Complete 
| 124|0x0000000713200000, 0x0000000713400000, 0x0000000713400000|100%| E|CS|TAMS 0x0000000713200000| PB 0x0000000713200000| Complete 
| 125|0x0000000713400000, 0x0000000713600000, 0x0000000713600000|100%| E|CS|TAMS 0x0000000713400000| PB 0x0000000713400000| Complete 
| 126|0x0000000713600000, 0x0000000713800000, 0x0000000713800000|100%| E|CS|TAMS 0x0000000713600000| PB 0x0000000713600000| Complete 

Card table byte_map: [0x0000016076220000,0x0000016076a10000] _byte_map_base: 0x0000016072a03000

Marking Bits: (CMBitMap*) 0x000001605e0eeea0
 Bits: [0x0000016076a10000, 0x000001607a928000)

Polling page: 0x000001605c000000

Metaspace:

Usage:
  Non-class:      8.81 MB used.
      Class:    676.16 KB used.
       Both:      9.47 MB used.

Virtual space:
  Non-class space:       64.00 MB reserved,       8.94 MB ( 14%) committed,  1 nodes.
      Class space:        1.00 GB reserved,     768.00 KB ( <1%) committed,  1 nodes.
             Both:        1.06 GB reserved,       9.69 MB ( <1%) committed. 

Chunk freelists:
   Non-Class:  5.98 MB
       Class:  15.26 MB
        Both:  21.25 MB

MaxMetaspaceSize: unlimited
CompressedClassSpaceSize: 1.00 GB
Initial GC threshold: 21.00 MB
Current GC threshold: 21.00 MB
CDS: on
 - commit_granule_bytes: 65536.
 - commit_granule_words: 8192.
 - virtual_space_node_default_size: 8388608.
 - enlarge_chunks_in_place: 1.
 - use_allocation_guard: 0.


Internal statistics:

num_allocs_failed_limit: 0.
num_arena_births: 180.
num_arena_deaths: 0.
num_vsnodes_births: 2.
num_vsnodes_deaths: 0.
num_space_committed: 153.
num_space_uncommitted: 0.
num_chunks_returned_to_freelist: 0.
num_chunks_taken_from_freelist: 460.
num_chunk_merges: 0.
num_chunk_splits: 321.
num_chunks_enlarged: 242.
num_inconsistent_stats: 0.

CodeHeap 'non-profiled nmethods': size=120000Kb used=936Kb max_used=936Kb free=119063Kb
 bounds [0x000001606dfb0000, 0x000001606e220000, 0x00000160754e0000]
CodeHeap 'profiled nmethods': size=120000Kb used=3438Kb max_used=3438Kb free=116561Kb
 bounds [0x00000160664e0000, 0x0000016066840000, 0x000001606da10000]
CodeHeap 'non-nmethods': size=5760Kb used=2725Kb max_used=2753Kb free=3034Kb
 bounds [0x000001606da10000, 0x000001606dcd0000, 0x000001606dfb0000]
 total_blobs=3327 nmethods=2052 adapters=1180
 compilation: enabled
              stopped_count=0, restarted_count=0
 full_count=0

Compilation events (20 events):
Event: 11.396 Thread 0x000001607d29c910 nmethod 2043 0x000001606e096790 code [0x000001606e096920, 0x000001606e0969c8]
Event: 11.396 Thread 0x000001607d29c910 2044       4       java.nio.DirectByteBuffer$Deallocator::run (38 bytes)
Event: 11.397 Thread 0x000001607d29c910 nmethod 2044 0x000001606e096a90 code [0x000001606e096c20, 0x000001606e096d60]
Event: 12.111 Thread 0x000001607d29c910 2045       4       org.jbox2d.collision.broadphase.DynamicTree::insertLeaf (596 bytes)
Event: 12.139 Thread 0x000001607d29c910 nmethod 2045 0x000001606e096e10 code [0x000001606e0970a0, 0x000001606e098620]
Event: 12.241 Thread 0x000001607d29c910 2046   !   4       org.lwjgl.system.MemoryUtil::wrap (78 bytes)
Event: 12.243 Thread 0x000001607d29c910 nmethod 2046 0x000001606e099010 code [0x000001606e0991a0, 0x000001606e0993e0]
Event: 13.928 Thread 0x000001607d29c910 2047       4       org.lwjgl.opengl.GL20C::glVertexAttribPointer (12 bytes)
Event: 13.928 Thread 0x000001607d29c910 nmethod 2047 0x000001606e099590 code [0x000001606e099720, 0x000001606e0997b0]
Event: 13.962 Thread 0x000001607d29c910 2048       4       org.lwjgl.opengl.GL20::glVertexAttribPointer (12 bytes)
Event: 13.963 Thread 0x000001607d29c910 nmethod 2048 0x000001606e099890 code [0x000001606e099a20, 0x000001606e099ab0]
Event: 13.963 Thread 0x000001607d29c910 2049       4       org.lwjgl.glfw.GLFW::glfwGetWindowAttrib (22 bytes)
Event: 13.963 Thread 0x000001607d29c910 nmethod 2049 0x000001606e099b90 code [0x000001606e099d20, 0x000001606e099df8]
Event: 15.218 Thread 0x000001607d29c910 2050       4       org.lwjgl.opengl.GL11::glDisable (5 bytes)
Event: 15.219 Thread 0x000001607d29c910 nmethod 2050 0x000001606e099f10 code [0x000001606e09a0a0, 0x000001606e09a130]
Event: 15.989 Thread 0x000001607d6e6df0 2051       3       java.lang.Class::getReflectionFactory (28 bytes)
Event: 15.989 Thread 0x000001607d6e6df0 nmethod 2051 0x000001606683a910 code [0x000001606683ab40, 0x000001606683b220]
Event: 15.990 Thread 0x000001607d6e6df0 2052       3       java.lang.ref.SoftReference::<init> (13 bytes)
Event: 15.990 Thread 0x000001607d6e6df0 nmethod 2052 0x000001606683b490 code [0x000001606683b660, 0x000001606683b990]
Event: 15.990 Thread 0x000001607d6e6df0 2053   !   3       java.util.concurrent.ConcurrentHashMap::replaceNode (437 bytes)

GC Heap History (4 events):
Event: 1.306 GC heap before
{Heap before GC invocations=0 (full 0):
 garbage-first heap   total 260096K, used 22528K [0x0000000703a00000, 0x0000000800000000)
  region size 2048K, 11 young (22528K), 0 survivors (0K)
 Metaspace       used 8110K, committed 8320K, reserved 1114112K
  class space    used 608K, committed 704K, reserved 1048576K
}
Event: 1.309 GC heap after
{Heap after GC invocations=1 (full 0):
 garbage-first heap   total 260096K, used 4295K [0x0000000703a00000, 0x0000000800000000)
  region size 2048K, 2 young (4096K), 2 survivors (4096K)
 Metaspace       used 8110K, committed 8320K, reserved 1114112K
  class space    used 608K, committed 704K, reserved 1048576K
}
Event: 11.379 GC heap before
{Heap before GC invocations=1 (full 0):
 garbage-first heap   total 260096K, used 37063K [0x0000000703a00000, 0x0000000800000000)
  region size 2048K, 18 young (36864K), 2 survivors (4096K)
 Metaspace       used 9609K, committed 9856K, reserved 1114112K
  class space    used 664K, committed 768K, reserved 1048576K
}
Event: 11.384 GC heap after
{Heap after GC invocations=2 (full 0):
 garbage-first heap   total 260096K, used 7306K [0x0000000703a00000, 0x0000000800000000)
  region size 2048K, 2 young (4096K), 2 survivors (4096K)
 Metaspace       used 9609K, committed 9856K, reserved 1114112K
  class space    used 664K, committed 768K, reserved 1048576K
}

Dll operation events (15 events):
Event: 0.009 Loaded shared library D:\jdk-21.0.1\bin\java.dll
Event: 0.039 Loaded shared library D:\jdk-21.0.1\bin\jsvml.dll
Event: 0.082 Loaded shared library D:\jdk-21.0.1\bin\zip.dll
Event: 0.085 Loaded shared library D:\jdk-21.0.1\bin\instrument.dll
Event: 0.089 Loaded shared library D:\jdk-21.0.1\bin\net.dll
Event: 0.090 Loaded shared library D:\jdk-21.0.1\bin\nio.dll
Event: 0.093 Loaded shared library D:\jdk-21.0.1\bin\zip.dll
Event: 0.116 Loaded shared library D:\IntelliJ IDEA Community Edition 2023.3.3\bin\breakgen64.dll
Event: 0.123 Loaded shared library D:\jdk-21.0.1\bin\extnet.dll
Event: 0.155 Loaded shared library D:\jdk-21.0.1\bin\jimage.dll
Event: 0.169 Loaded shared library C:\Users\Vu\AppData\Local\Temp\lwjglVu\3.3.1-build-7\lwjgl.dll
Event: 0.438 Loaded shared library C:\Users\Vu\AppData\Local\Temp\lwjglVu\3.3.1-build-7\lwjgl_opengl.dll
Event: 0.746 Loaded shared library C:\Users\Vu\AppData\Local\Temp\imgui-java-natives_1708462293160\imgui-java64.dll
Event: 0.856 Loaded shared library D:\jdk-21.0.1\bin\verify.dll
Event: 0.959 Loaded shared library C:\Users\Vu\AppData\Local\Temp\lwjglVu\3.3.1-build-7\lwjgl_stb.dll

Deoptimization events (20 events):
Event: 4.665 Thread 0x000001605bd100e0 Uncommon trap: trap_request=0xffffffbe fr.pc=0x000001606e06ab94 relative=0x00000000000000f4
Event: 4.665 Thread 0x000001605bd100e0 Uncommon trap: reason=profile_predicate action=maybe_recompile pc=0x000001606e06ab94 method=renderer.DebugDraw.addCircle(Lorg/joml/Vector2f;FLorg/joml/Vector3f;I)V @ 27 c2
Event: 4.665 Thread 0x000001605bd100e0 DEOPT PACKING pc=0x000001606e06ab94 sp=0x0000004936aff0e0
Event: 4.665 Thread 0x000001605bd100e0 DEOPT UNPACKING pc=0x000001606da67da2 sp=0x0000004936aff040 mode 2
Event: 4.671 Thread 0x000001605bd100e0 Uncommon trap: trap_request=0xffffffbe fr.pc=0x000001606e06ab94 relative=0x00000000000000f4
Event: 4.671 Thread 0x000001605bd100e0 Uncommon trap: reason=profile_predicate action=maybe_recompile pc=0x000001606e06ab94 method=renderer.DebugDraw.addCircle(Lorg/joml/Vector2f;FLorg/joml/Vector3f;I)V @ 27 c2
Event: 4.671 Thread 0x000001605bd100e0 DEOPT PACKING pc=0x000001606e06ab94 sp=0x0000004936aff0e0
Event: 4.671 Thread 0x000001605bd100e0 DEOPT UNPACKING pc=0x000001606da67da2 sp=0x0000004936aff040 mode 2
Event: 4.671 Thread 0x000001605bd100e0 Uncommon trap: trap_request=0xffffffbe fr.pc=0x000001606e06ab94 relative=0x00000000000000f4
Event: 4.671 Thread 0x000001605bd100e0 Uncommon trap: reason=profile_predicate action=maybe_recompile pc=0x000001606e06ab94 method=renderer.DebugDraw.addCircle(Lorg/joml/Vector2f;FLorg/joml/Vector3f;I)V @ 27 c2
Event: 4.671 Thread 0x000001605bd100e0 DEOPT PACKING pc=0x000001606e06ab94 sp=0x0000004936aff0e0
Event: 4.671 Thread 0x000001605bd100e0 DEOPT UNPACKING pc=0x000001606da67da2 sp=0x0000004936aff040 mode 2
Event: 6.123 Thread 0x000001605bd100e0 DEOPT PACKING pc=0x00000160667be8ed sp=0x0000004936aff130
Event: 6.123 Thread 0x000001605bd100e0 DEOPT UNPACKING pc=0x000001606da688e2 sp=0x0000004936afe5d0 mode 0
Event: 6.380 Thread 0x000001605bd100e0 DEOPT PACKING pc=0x00000160667b8654 sp=0x0000004936afefc0
Event: 6.380 Thread 0x000001605bd100e0 DEOPT UNPACKING pc=0x000001606da688e2 sp=0x0000004936afe6a8 mode 0
Event: 15.989 Thread 0x000001604d135aa0 Uncommon trap: trap_request=0xffffff45 fr.pc=0x000001606e07e560 relative=0x0000000000000140
Event: 15.989 Thread 0x000001604d135aa0 Uncommon trap: reason=unstable_if action=reinterpret pc=0x000001606e07e560 method=java.lang.Class.reflectionData()Ljava/lang/Class$ReflectionData; @ 11 c2
Event: 15.989 Thread 0x000001604d135aa0 DEOPT PACKING pc=0x000001606e07e560 sp=0x0000004938efdd90
Event: 15.989 Thread 0x000001604d135aa0 DEOPT UNPACKING pc=0x000001606da67da2 sp=0x0000004938efdd48 mode 2

Classes loaded (20 events):
Event: 15.989 Loading class jdk/internal/logger/AbstractLoggerWrapper
Event: 15.989 Loading class jdk/internal/logger/AbstractLoggerWrapper done
Event: 15.989 Loading class jdk/internal/logger/LazyLoggers$LazyLoggerWrapper done
Event: 15.989 Loading class jdk/internal/logger/LazyLoggers$JdkLazyLogger done
Event: 15.989 Loading class jdk/internal/logger/LazyLoggers$LazyLoggerAccessor
Event: 15.989 Loading class jdk/internal/logger/LazyLoggers$LoggerAccessor
Event: 15.989 Loading class jdk/internal/logger/LazyLoggers$LoggerAccessor done
Event: 15.989 Loading class jdk/internal/logger/LazyLoggers$LazyLoggerAccessor done
Event: 15.989 Loading class java/lang/System$Logger$Level
Event: 15.990 Loading class java/lang/System$Logger$Level done
Event: 15.990 Loading class jdk/internal/logger/SurrogateLogger
Event: 15.990 Loading class jdk/internal/logger/SimpleConsoleLogger
Event: 15.990 Loading class sun/util/logging/PlatformLogger$ConfigurableBridge$LoggerConfiguration
Event: 15.990 Loading class sun/util/logging/PlatformLogger$ConfigurableBridge$LoggerConfiguration done
Event: 15.990 Loading class jdk/internal/logger/SimpleConsoleLogger done
Event: 15.990 Loading class jdk/internal/logger/SurrogateLogger done
Event: 15.990 Loading class sun/util/logging/PlatformLogger
Event: 15.991 Loading class sun/util/logging/PlatformLogger done
Event: 15.991 Loading class sun/util/logging/PlatformLogger$Level
Event: 15.991 Loading class sun/util/logging/PlatformLogger$Level done

Classes unloaded (0 events):
No events

Classes redefined (0 events):
No events

Internal exceptions (20 events):
Event: 0.423 Thread 0x000001605bd100e0 Exception <a 'java/lang/NoSuchMethodError'{0x00000007131e5770}: 'java.lang.Object java.lang.invoke.DirectMethodHandle$Holder.newInvokeSpecial(java.lang.Object, long)'> (0x00000007131e5770) 
thrown [s\open\src\hotspot\share\interpreter\linkResolver.cpp, line 773]
Event: 0.431 Thread 0x000001605bd100e0 Exception <a 'java/lang/NoSuchMethodError'{0x0000000712e1f2f8}: 'void java.lang.System.load(java.lang.String, java.lang.Class)'> (0x0000000712e1f2f8) 
thrown [s\open\src\hotspot\share\interpreter\linkResolver.cpp, line 773]
Event: 0.432 Thread 0x000001605bd100e0 Exception <a 'java/lang/NoSuchMethodError'{0x0000000712e21c98}: 'void java.lang.System.loadLibrary(java.lang.String, java.lang.Class)'> (0x0000000712e21c98) 
thrown [s\open\src\hotspot\share\interpreter\linkResolver.cpp, line 773]
Event: 0.436 Thread 0x000001605bd100e0 Exception <a 'sun/nio/fs/WindowsException'{0x0000000712e31ac8}> (0x0000000712e31ac8) 
thrown [s\open\src\hotspot\share\prims\jni.cpp, line 520]
Event: 0.436 Thread 0x000001605bd100e0 Exception <a 'sun/nio/fs/WindowsException'{0x0000000712e31e48}> (0x0000000712e31e48) 
thrown [s\open\src\hotspot\share\prims\jni.cpp, line 520]
Event: 0.439 Thread 0x000001605bd100e0 Exception <a 'sun/nio/fs/WindowsException'{0x0000000712e38d28}> (0x0000000712e38d28) 
thrown [s\open\src\hotspot\share\prims\jni.cpp, line 520]
Event: 0.440 Thread 0x000001605bd100e0 Exception <a 'sun/nio/fs/WindowsException'{0x0000000712e38fe8}> (0x0000000712e38fe8) 
thrown [s\open\src\hotspot\share\prims\jni.cpp, line 520]
Event: 0.689 Thread 0x000001605bd100e0 Exception <a 'sun/nio/fs/WindowsException'{0x0000000712dae070}> (0x0000000712dae070) 
thrown [s\open\src\hotspot\share\prims\jni.cpp, line 520]
Event: 0.757 Thread 0x000001605bd100e0 Exception <a 'java/lang/NoSuchMethodError'{0x0000000712a05618}: 'void java.lang.invoke.DirectMethodHandle$Holder.invokeVirtual(java.lang.Object, java.lang.Object, long, int)'> (0x0000000712a05618) 
thrown [s\open\src\hotspot\share\interpreter\linkResolver.cpp, line 773]
Event: 0.861 Thread 0x000001605bd100e0 Exception <a 'java/lang/NoSuchMethodError'{0x00000007127b17e8}: 'float java.lang.invoke.DelegatingMethodHandle$Holder.reinvoke_L(java.lang.Object, java.lang.Object)'> (0x00000007127b17e8) 
thrown [s\open\src\hotspot\share\interpreter\linkResolver.cpp, line 773]
Event: 0.862 Thread 0x000001605bd100e0 Exception <a 'java/lang/NoSuchMethodError'{0x00000007127bb770}: 'void java.lang.invoke.DelegatingMethodHandle$Holder.reinvoke_L(java.lang.Object, java.lang.Object, float)'> (0x00000007127bb770) 
thrown [s\open\src\hotspot\share\interpreter\linkResolver.cpp, line 773]
Event: 0.864 Thread 0x000001605bd100e0 Exception <a 'java/lang/NoSuchMethodError'{0x00000007127d6770}: 'void java.lang.invoke.Invokers$Holder.invokeExact_MT(java.lang.Object, java.lang.Object, java.lang.Object, java.lang.Object)'> (0x00000007127d6770) 
thrown [s\open\src\hotspot\share\interpreter\linkResolver.cpp, line 773]
Event: 0.865 Thread 0x000001605bd100e0 Exception <a 'java/lang/NoSuchMethodError'{0x00000007127df1c0}: 'void java.lang.invoke.DelegatingMethodHandle$Holder.reinvoke_L(java.lang.Object, java.lang.Object, int)'> (0x00000007127df1c0) 
thrown [s\open\src\hotspot\share\interpreter\linkResolver.cpp, line 773]
Event: 0.866 Thread 0x000001605bd100e0 Exception <a 'java/lang/NoSuchMethodError'{0x00000007127e5a00}: 'void java.lang.invoke.Invokers$Holder.invokeExact_MT(java.lang.Object, java.lang.Object, int, java.lang.Object)'> (0x00000007127e5a00) 
thrown [s\open\src\hotspot\share\interpreter\linkResolver.cpp, line 773]
Event: 0.953 Thread 0x000001605bd100e0 Exception <a 'java/lang/NoSuchMethodError'{0x0000000712273e40}: 'void java.lang.System.load(java.lang.String, java.lang.Class)'> (0x0000000712273e40) 
thrown [s\open\src\hotspot\share\interpreter\linkResolver.cpp, line 773]
Event: 0.954 Thread 0x000001605bd100e0 Exception <a 'java/lang/NoSuchMethodError'{0x00000007122767e0}: 'void java.lang.System.loadLibrary(java.lang.String, java.lang.Class)'> (0x00000007122767e0) 
thrown [s\open\src\hotspot\share\interpreter\linkResolver.cpp, line 773]
Event: 0.958 Thread 0x000001605bd100e0 Exception <a 'sun/nio/fs/WindowsException'{0x0000000712285128}> (0x0000000712285128) 
thrown [s\open\src\hotspot\share\prims\jni.cpp, line 520]
Event: 0.958 Thread 0x000001605bd100e0 Exception <a 'sun/nio/fs/WindowsException'{0x0000000712285488}> (0x0000000712285488) 
thrown [s\open\src\hotspot\share\prims\jni.cpp, line 520]
Event: 1.051 Thread 0x000001607d279880 Exception <a 'java/lang/NoSuchMethodError'{0x00000007123b61f8}: 'java.lang.Object java.lang.invoke.Invokers$Holder.invokeExact_MT(java.lang.Object, java.lang.Object, java.lang.Object, java.lang.Object, java.lang.Object, java.lang.Object)'> (0x00000007123b61f8) 
thrown [s\open\src\hotspot\share\interpreter\linkResolver.cpp, line 773]
Event: 15.989 Thread 0x000001604d135aa0 Implicit null exception at 0x000001606e07e464 to 0x000001606e07e548

ZGC Phase Switch (0 events):
No events

VM Operations (20 events):
Event: 1.040 Executing VM operation: HandshakeAllThreads (Deoptimize) done
Event: 1.306 Executing VM operation: G1CollectForAllocation (G1 Evacuation Pause)
Event: 1.309 Executing VM operation: G1CollectForAllocation (G1 Evacuation Pause) done
Event: 1.346 Executing VM operation: HandshakeAllThreads (Deoptimize)
Event: 1.346 Executing VM operation: HandshakeAllThreads (Deoptimize) done
Event: 2.352 Executing VM operation: Cleanup
Event: 2.352 Executing VM operation: Cleanup done
Event: 3.362 Executing VM operation: Cleanup
Event: 3.362 Executing VM operation: Cleanup done
Event: 4.368 Executing VM operation: Cleanup
Event: 4.368 Executing VM operation: Cleanup done
Event: 5.372 Executing VM operation: Cleanup
Event: 5.372 Executing VM operation: Cleanup done
Event: 8.395 Executing VM operation: Cleanup
Event: 8.395 Executing VM operation: Cleanup done
Event: 11.379 Executing VM operation: G1CollectForAllocation (G1 Evacuation Pause)
Event: 11.384 Executing VM operation: G1CollectForAllocation (G1 Evacuation Pause) done
Event: 12.395 Executing VM operation: Cleanup
Event: 12.395 Executing VM operation: Cleanup done
Event: 15.991 Executing VM operation: Exit

Events (19 events):
Event: 0.022 Thread 0x000001605bd100e0 Thread added: 0x000001605bd100e0
Event: 0.036 Thread 0x000001607d273400 Thread added: 0x000001607d273400
Event: 0.036 Thread 0x000001607d274410 Thread added: 0x000001607d274410
Event: 0.036 Thread 0x000001607d276400 Thread added: 0x000001607d276400
Event: 0.037 Thread 0x000001607d279880 Thread added: 0x000001607d279880
Event: 0.037 Thread 0x000001607d29b970 Thread added: 0x000001607d29b970
Event: 0.037 Thread 0x000001607d6d9890 Thread added: 0x000001607d6d9890
Event: 0.037 Thread 0x000001607d29c910 Thread added: 0x000001607d29c910
Event: 0.037 Thread 0x000001607d6e6df0 Thread added: 0x000001607d6e6df0
Event: 0.066 Thread 0x000001607d6d9f20 Thread added: 0x000001607d6d9f20
Event: 0.117 Thread 0x000001607d6db960 Thread added: 0x000001607d6db960
Event: 0.117 Thread 0x000001607d6da5b0 Thread added: 0x000001607d6da5b0
Event: 0.454 Thread 0x000001604ca65e10 Thread added: 0x000001604ca65e10
Event: 0.556 Thread 0x000001604ca65e10 Thread exited: 0x000001604ca65e10
Event: 1.046 Thread 0x000001604d31cde0 Thread added: 0x000001604d31cde0
Event: 1.235 Thread 0x000001604d31cde0 Thread exited: 0x000001604d31cde0
Event: 3.688 Thread 0x000001604d8ad100 Thread added: 0x000001604d8ad100
Event: 3.810 Thread 0x000001604d8ad100 Thread exited: 0x000001604d8ad100
Event: 15.987 Thread 0x000001604d135aa0 Thread added: 0x000001604d135aa0


Dynamic libraries:
0x00007ff674430000 - 0x00007ff674440000 	D:\jdk-21.0.1\bin\java.exe
0x00007ffe1b1b0000 - 0x00007ffe1b3c7000 	C:\WINDOWS\SYSTEM32\ntdll.dll
0x00007ffe199f0000 - 0x00007ffe19ab4000 	C:\WINDOWS\System32\KERNEL32.DLL
0x00007ffe187d0000 - 0x00007ffe18b76000 	C:\WINDOWS\System32\KERNELBASE.dll
0x00007ffe18db0000 - 0x00007ffe18ec1000 	C:\WINDOWS\System32\ucrtbase.dll
0x00007ffe05d20000 - 0x00007ffe05d39000 	D:\jdk-21.0.1\bin\jli.dll
0x00007ffe05fa0000 - 0x00007ffe05fbb000 	D:\jdk-21.0.1\bin\VCRUNTIME140.dll
0x00007ffe1aa40000 - 0x00007ffe1aaf3000 	C:\WINDOWS\System32\ADVAPI32.dll
0x00007ffe1a690000 - 0x00007ffe1a737000 	C:\WINDOWS\System32\msvcrt.dll
0x00007ffe18f00000 - 0x00007ffe18fa8000 	C:\WINDOWS\System32\sechost.dll
0x00007ffe18570000 - 0x00007ffe18598000 	C:\WINDOWS\System32\bcrypt.dll
0x00007ffe197e0000 - 0x00007ffe198f7000 	C:\WINDOWS\System32\RPCRT4.dll
0x00007ffe1a880000 - 0x00007ffe1aa2e000 	C:\WINDOWS\System32\USER32.dll
0x00007ffe18ed0000 - 0x00007ffe18ef6000 	C:\WINDOWS\System32\win32u.dll
0x00007ffe19900000 - 0x00007ffe19929000 	C:\WINDOWS\System32\GDI32.dll
0x00007ffe185a0000 - 0x00007ffe186b8000 	C:\WINDOWS\System32\gdi32full.dll
0x00007ffdf6ba0000 - 0x00007ffdf6e33000 	C:\WINDOWS\WinSxS\amd64_microsoft.windows.common-controls_6595b64144ccf1df_6.0.22621.2506_none_270c5ae97388e100\COMCTL32.dll
0x00007ffe18730000 - 0x00007ffe187ca000 	C:\WINDOWS\System32\msvcp_win.dll
0x00007ffe0db10000 - 0x00007ffe0db1a000 	C:\WINDOWS\SYSTEM32\VERSION.dll
0x00007ffe199b0000 - 0x00007ffe199e1000 	C:\WINDOWS\System32\IMM32.DLL
0x00007ffe09790000 - 0x00007ffe0979c000 	D:\jdk-21.0.1\bin\vcruntime140_1.dll
0x00007ffdd1b90000 - 0x00007ffdd1c1e000 	D:\jdk-21.0.1\bin\msvcp140.dll
0x00007ffd8eb90000 - 0x00007ffd8f8a5000 	D:\jdk-21.0.1\bin\server\jvm.dll
0x00007ffe19930000 - 0x00007ffe199a1000 	C:\WINDOWS\System32\WS2_32.dll
0x00007ffe17340000 - 0x00007ffe1738d000 	C:\WINDOWS\SYSTEM32\POWRPROF.dll
0x00007ffe0e060000 - 0x00007ffe0e094000 	C:\WINDOWS\SYSTEM32\WINMM.dll
0x00007ffe17320000 - 0x00007ffe17333000 	C:\WINDOWS\SYSTEM32\UMPDC.dll
0x00007ffe175e0000 - 0x00007ffe175f8000 	C:\WINDOWS\SYSTEM32\kernel.appcore.dll
0x00007ffe09680000 - 0x00007ffe0968a000 	D:\jdk-21.0.1\bin\jimage.dll
0x00007ffe15fb0000 - 0x00007ffe161e3000 	C:\WINDOWS\SYSTEM32\DBGHELP.DLL
0x00007ffe19290000 - 0x00007ffe19619000 	C:\WINDOWS\System32\combase.dll
0x00007ffe19be0000 - 0x00007ffe19cb7000 	C:\WINDOWS\System32\OLEAUT32.dll
0x00007ffdfe150000 - 0x00007ffdfe182000 	C:\WINDOWS\SYSTEM32\dbgcore.DLL
0x00007ffe184f0000 - 0x00007ffe1856a000 	C:\WINDOWS\System32\bcryptPrimitives.dll
0x00007ffdff3f0000 - 0x00007ffdff3ff000 	D:\jdk-21.0.1\bin\instrument.dll
0x00007ffe05b00000 - 0x00007ffe05b1f000 	D:\jdk-21.0.1\bin\java.dll
0x00007ffe19d20000 - 0x00007ffe1a57b000 	C:\WINDOWS\System32\SHELL32.dll
0x00007ffe16410000 - 0x00007ffe16d06000 	C:\WINDOWS\SYSTEM32\windows.storage.dll
0x00007ffe162d0000 - 0x00007ffe1640e000 	C:\WINDOWS\SYSTEM32\wintypes.dll
0x00007ffe19ac0000 - 0x00007ffe19bb3000 	C:\WINDOWS\System32\SHCORE.dll
0x00007ffe1a790000 - 0x00007ffe1a7ee000 	C:\WINDOWS\System32\shlwapi.dll
0x00007ffe18420000 - 0x00007ffe18446000 	C:\WINDOWS\SYSTEM32\profapi.dll
0x00007ffdb95d0000 - 0x00007ffdb96a7000 	D:\jdk-21.0.1\bin\jsvml.dll
0x00007ffdf0880000 - 0x00007ffdf0898000 	D:\jdk-21.0.1\bin\zip.dll
0x00007ffe05d10000 - 0x00007ffe05d20000 	D:\jdk-21.0.1\bin\net.dll
0x00007ffe0eeb0000 - 0x00007ffe0efe7000 	C:\WINDOWS\SYSTEM32\WINHTTP.dll
0x00007ffe17a50000 - 0x00007ffe17ab9000 	C:\WINDOWS\system32\mswsock.dll
0x00007ffdf7ff0000 - 0x00007ffdf8006000 	D:\jdk-21.0.1\bin\nio.dll
0x00007ffdf4d60000 - 0x00007ffdf4d7a000 	D:\IntelliJ IDEA Community Edition 2023.3.3\bin\breakgen64.dll
0x00007ffdf6f40000 - 0x00007ffdf6f47000 	D:\jdk-21.0.1\bin\extnet.dll
0x00007ffdd1610000 - 0x00007ffdd1685000 	C:\Users\Vu\AppData\Local\Temp\lwjglVu\3.3.1-build-7\lwjgl.dll
0x00007ffdd24f0000 - 0x00007ffdd2551000 	C:\Users\Vu\AppData\Local\Temp\lwjglVu\3.3.1-build-7\glfw.dll
0x00007ffdef2b0000 - 0x00007ffdef2f6000 	C:\WINDOWS\SYSTEM32\dinput8.dll
0x00007ffdc08b0000 - 0x00007ffdc08c1000 	C:\WINDOWS\SYSTEM32\xinput1_4.dll
0x00007ffe181e0000 - 0x00007ffe1822e000 	C:\WINDOWS\SYSTEM32\cfgmgr32.dll
0x00007ffe181b0000 - 0x00007ffe181dc000 	C:\WINDOWS\SYSTEM32\DEVOBJ.dll
0x00007ffe12f40000 - 0x00007ffe12f6b000 	C:\WINDOWS\SYSTEM32\dwmapi.dll
0x00007ffdeb9e0000 - 0x00007ffdebbea000 	C:\WINDOWS\SYSTEM32\inputhost.dll
0x00007ffe12840000 - 0x00007ffe12974000 	C:\WINDOWS\SYSTEM32\CoreMessaging.dll
0x00007ffe12cf0000 - 0x00007ffe12d9b000 	C:\WINDOWS\system32\uxtheme.dll
0x00007ffe19680000 - 0x00007ffe197d1000 	C:\WINDOWS\System32\MSCTF.dll
0x00007ffe17d80000 - 0x00007ffe17d8c000 	C:\WINDOWS\SYSTEM32\CRYPTBASE.DLL
0x00007ffdf4ab0000 - 0x00007ffdf4bb0000 	C:\WINDOWS\SYSTEM32\opengl32.dll
0x00007ffe05b20000 - 0x00007ffe05b4d000 	C:\WINDOWS\SYSTEM32\GLU32.dll
0x00007ffe15660000 - 0x00007ffe15699000 	C:\WINDOWS\SYSTEM32\dxcore.dll
0x00007ffe0e0a0000 - 0x00007ffe0e0ea000 	C:\WINDOWS\SYSTEM32\directxdatabasehelper.dll
0x00007ffe19030000 - 0x00007ffe190e0000 	C:\WINDOWS\System32\clbcatq.dll
0x00007ffdcaf00000 - 0x00007ffdcbef3000 	C:\WINDOWS\System32\DriverStore\FileRepository\iigd_dch.inf_amd64_5802b1615520e41c\igxelpicd64.dll
0x00007ffe190e0000 - 0x00007ffe19280000 	C:\WINDOWS\System32\ole32.dll
0x00007ffe12e20000 - 0x00007ffe12f18000 	C:\WINDOWS\system32\dxgi.dll
0x00007ffdcc830000 - 0x00007ffdccb17000 	C:\WINDOWS\System32\DriverStore\FileRepository\iigd_dch.inf_amd64_5802b1615520e41c\igdml64.dll
0x00007ffe0a6c0000 - 0x00007ffe0aa87000 	C:\WINDOWS\System32\DriverStore\FileRepository\iigd_dch.inf_amd64_5802b1615520e41c\igdgmm64.dll
0x00007ffe00a00000 - 0x00007ffe04011000 	C:\WINDOWS\System32\DriverStore\FileRepository\iigd_dch.inf_amd64_5802b1615520e41c\igc64.dll
0x00007ffe056a0000 - 0x00007ffe057ea000 	C:\WINDOWS\SYSTEM32\textinputframework.dll
0x00007ffe0d290000 - 0x00007ffe0d5fc000 	C:\WINDOWS\SYSTEM32\CoreUIComponents.dll
0x00007ffdcc690000 - 0x00007ffdcc827000 	C:\Users\Vu\AppData\Local\Temp\lwjglVu\3.3.1-build-7\OpenAL.dll
0x00007ffe042a0000 - 0x00007ffe0433d000 	C:\WINDOWS\System32\MMDevApi.dll
0x00007ffe06180000 - 0x00007ffe0636c000 	C:\WINDOWS\SYSTEM32\AUDIOSES.DLL
0x00007ffe15900000 - 0x00007ffe15915000 	C:\WINDOWS\SYSTEM32\resourcepolicyclient.dll
0x00007ffddd4c0000 - 0x00007ffddd51d000 	C:\Users\Vu\AppData\Local\Temp\lwjglVu\3.3.1-build-7\lwjgl_opengl.dll
0x0000000064a00000 - 0x0000000064d10000 	C:\Users\Vu\AppData\Local\Temp\imgui-java-natives_1708462293160\imgui-java64.dll
0x00007ffe17da0000 - 0x00007ffe17dbb000 	C:\WINDOWS\SYSTEM32\CRYPTSP.dll
0x00007ffe17540000 - 0x00007ffe17575000 	C:\WINDOWS\system32\rsaenh.dll
0x00007ffdf4d80000 - 0x00007ffdf4d90000 	D:\jdk-21.0.1\bin\verify.dll
0x00007ffdd1580000 - 0x00007ffdd1601000 	C:\Users\Vu\AppData\Local\Temp\lwjglVu\3.3.1-build-7\lwjgl_stb.dll

dbghelp: loaded successfully - version: 4.0.5 - missing functions: none
symbol engine: initialized successfully - sym options: 0x614 - pdb path: .;D:\jdk-21.0.1\bin;C:\WINDOWS\SYSTEM32;C:\WINDOWS\WinSxS\amd64_microsoft.windows.common-controls_6595b64144ccf1df_6.0.22621.2506_none_270c5ae97388e100;D:\jdk-21.0.1\bin\server;D:\IntelliJ IDEA Community Edition 2023.3.3\bin;C:\Users\Vu\AppData\Local\Temp\lwjglVu\3.3.1-build-7;C:\WINDOWS\System32\DriverStore\FileRepository\iigd_dch.inf_amd64_5802b1615520e41c;C:\Users\Vu\AppData\Local\Temp\imgui-java-natives_1708462293160

VM Arguments:
jvm_args: -javaagent:D:\IntelliJ IDEA Community Edition 2023.3.3\lib\idea_rt.jar=54727:D:\IntelliJ IDEA Community Edition 2023.3.3\bin -Dfile.encoding=UTF-8 -Dsun.stdout.encoding=UTF-8 -Dsun.stderr.encoding=UTF-8 
java_command: main.Main
java_class_path (initial): D:\ducky-game\target\classes;C:\Users\Vu\.m2\repository\io\github\spair\imgui-java-app\1.81.0\imgui-java-app-1.81.0.jar;C:\Users\Vu\.m2\repository\org\lwjgl\lwjgl\3.3.1\lwjgl-3.3.1-natives-linux.jar;C:\Users\Vu\.m2\repository\org\lwjgl\lwjgl-glfw\3.3.1\lwjgl-glfw-3.3.1-natives-linux.jar;C:\Users\Vu\.m2\repository\org\lwjgl\lwjgl-opengl\3.3.1\lwjgl-opengl-3.3.1-natives-linux.jar;C:\Users\Vu\.m2\repository\org\lwjgl\lwjgl\3.3.1\lwjgl-3.3.1-natives-macos.jar;C:\Users\Vu\.m2\repository\org\lwjgl\lwjgl-glfw\3.3.1\lwjgl-glfw-3.3.1-natives-macos.jar;C:\Users\Vu\.m2\repository\org\lwjgl\lwjgl-opengl\3.3.1\lwjgl-opengl-3.3.1-natives-macos.jar;C:\Users\Vu\.m2\repository\io\github\spair\imgui-java-binding\1.81.0\imgui-java-binding-1.81.0.jar;C:\Users\Vu\.m2\repository\io\github\spair\imgui-java-lwjgl3\1.81.0\imgui-java-lwjgl3-1.81.0.jar;C:\Users\Vu\.m2\repository\org\lwjgl\lwjgl\3.3.1\lwjgl-3.3.1.jar;C:\Users\Vu\.m2\repository\com\google\code\gson\gson\2.10.1\gson-2.10.1.jar;C:\Users\Vu\.m2\repository\org\lwjgl\lwjgl-nfd\3.3.1\lwjgl-nfd-3.3.1.jar;C:\Users\Vu\.m2\repository\org\lwjgl\lwjgl-assimp\3.3.1\lwjgl-assimp-3.3.1.jar;C:\Users\Vu\.m2\repository\org\lwjgl\lwjgl-glfw\3.3.1\lwjgl-glfw-3.3.1.jar;C:\Users\Vu\.m2\repository\org\lwjgl\lwjgl-openal\3.3.1\lwjgl-openal-3.3.1.jar;C:\Users\Vu\.m2\repository\org\lwjgl\lwjgl-opengl\3.3.1\lwjgl-opengl-3.3.1.jar;C:\Users\Vu\.m2\repository\org\lwjgl\lwjgl-stb\3.3.1\lwjgl-stb-3.3.1.jar;C:\Users\Vu\.m2\repository\org\lwjgl\lwjgl\3.3.1\lwjgl-3.3.1-natives-windows.jar;C:\Users\Vu\.m2\repository\org\lwjgl\lwjgl-assimp\3.3.1\lwjgl-assimp-3.3.1-natives-windows.jar;C:\Users\Vu\.m2\repository\org\lwjgl\lwjgl-glfw\3.3.1\lwjgl-glfw-3.3.1-natives-windows.jar;C:\Users\Vu\.m2\repository\org\lwjgl\lwjgl-openal\3.3.1\lwjgl-openal-3.3.1-natives-windows.jar;C:\Users\Vu\.m2\repository\org\lwjgl\lwjgl-opengl\3.3.1\lwjgl-opengl-3.3.1-natives-windows.jar;C:\Users\Vu\.m2\repository\org\mongodb\mongodb-driver\3.12.14\mongodb-driver-3.12.14.jar;C:\Users\Vu\.m2\repository\org\mongodb\bson\3.12.14\bson-3.12.14.jar;C:\Users\Vu\.m2\repository\org\mongodb\mongodb-driver-core\3.12.14\mongodb-driver-core-3.12.14.jar;C:\Users\Vu\.m2\repository\org\lwjgl\lwjgl-stb\3.3.1\lwjgl-stb-3.3.1-natives-windows.jar;C:\Users\Vu\.m2\repository\org\lwjgl\lwjgl-nfd\3.3.1\lwjgl-nfd-3.3.1-natives-windows.jar;C:\Users\Vu\.m2\repository\org\jbox2d\jbox2d-library\2.2.1.1\jbox2d-library-2.2.1.1.jar;C:\Users\Vu\.m2\repository\org\joml\joml\1.9.24\joml-1.9.24.jar
Launcher Type: SUN_STANDARD

[Global flags]
     intx CICompilerCount                          = 4                                         {product} {ergonomic}
     uint ConcGCThreads                            = 3                                         {product} {ergonomic}
     uint G1ConcRefinementThreads                  = 10                                        {product} {ergonomic}
   size_t G1HeapRegionSize                         = 2097152                                   {product} {ergonomic}
    uintx GCDrainStackTargetSize                   = 64                                        {product} {ergonomic}
   size_t InitialHeapSize                          = 266338304                                 {product} {ergonomic}
   size_t MarkStackSize                            = 4194304                                   {product} {ergonomic}
   size_t MaxHeapSize                              = 4234149888                                {product} {ergonomic}
   size_t MaxNewSize                               = 2539651072                                {product} {ergonomic}
   size_t MinHeapDeltaBytes                        = 2097152                                   {product} {ergonomic}
   size_t MinHeapSize                              = 8388608                                   {product} {ergonomic}
    uintx NonNMethodCodeHeapSize                   = 5839372                                {pd product} {ergonomic}
    uintx NonProfiledCodeHeapSize                  = 122909434                              {pd product} {ergonomic}
    uintx ProfiledCodeHeapSize                     = 122909434                              {pd product} {ergonomic}
    uintx ReservedCodeCacheSize                    = 251658240                              {pd product} {ergonomic}
     bool SegmentedCodeCache                       = true                                      {product} {ergonomic}
   size_t SoftMaxHeapSize                          = 4234149888                             {manageable} {ergonomic}
     bool UseCompressedOops                        = true                           {product lp64_product} {ergonomic}
     bool UseG1GC                                  = true                                      {product} {ergonomic}
     bool UseLargePagesIndividualAllocation        = false                                  {pd product} {ergonomic}

Logging:
Log output configuration:
 #0: stdout all=off uptime,level,tags foldmultilines=false
 #1: stderr all=off uptime,level,tags foldmultilines=false

Environment Variables:
PATH=C:\Program Files\Common Files\Oracle\Java\javapath;C:\Windows\system32;C:\Windows;C:\Windows\System32\Wbem;C:\Windows\System32\WindowsPowerShell\v1.0\;C:\Windows\System32\OpenSSH\;C:\Program Files (x86)\NVIDIA Corporation\PhysX\Common;C:\Program Files\NVIDIA Corporation\NVIDIA NvDLISR;C:\WINDOWS\system32;C:\WINDOWS;C:\WINDOWS\System32\Wbem;C:\WINDOWS\System32\WindowsPowerShell\v1.0\;C:\WINDOWS\System32\OpenSSH\;C:\Program Files\Git\cmd;C:\Users\Vu\AppData\Local\Microsoft\WindowsApps;
USERNAME=Vu
OS=Windows_NT
PROCESSOR_IDENTIFIER=Intel64 Family 6 Model 141 Stepping 1, GenuineIntel
TMP=C:\Users\Vu\AppData\Local\Temp
TEMP=C:\Users\Vu\AppData\Local\Temp




Periodic native trim disabled

---------------  S Y S T E M  ---------------

OS:
 Windows 11 , 64 bit Build 22621 (10.0.22621.3085)
OS uptime: 0 days 12:06 hours
Hyper-V role detected

CPU: total 12 (initial active 12) (6 cores per cpu, 2 threads per core) family 6 model 141 stepping 1 microcode 0x3c, cx8, cmov, fxsr, ht, mmx, 3dnowpref, sse, sse2, sse3, ssse3, sse4.1, sse4.2, popcnt, lzcnt, tsc, tscinvbit, avx, avx2, aes, erms, clmul, bmi1, bmi2, adx, avx512f, avx512dq, avx512cd, avx512bw, avx512vl, sha, fma, vzeroupper, avx512_vpopcntdq, avx512_vpclmulqdq, avx512_vaes, avx512_vnni, clflush, clflushopt, clwb, avx512_vbmi2, avx512_vbmi, hv, rdtscp, rdpid, fsrm, gfni, avx512_bitalg, f16c, cet_ibt, cet_ss, avx512_ifma
Processor Information for all 12 processors :
  Max Mhz: 2688, Current Mhz: 2688, Mhz Limit: 2688

Memory: 4k page, system-wide physical 16147M (4078M free)
TotalPageFile size 22547M (AvailPageFile size 5040M)
current process WorkingSet (physical memory assigned to process): 330M, peak: 338M
current process commit charge ("private bytes"): 505M, peak: 530M

vm_info: Java HotSpot(TM) 64-Bit Server VM (21.0.1+12-LTS-29) for windows-amd64 JRE (21.0.1+12-LTS-29), built on 2023-10-05T13:27:09Z by "mach5one" with MS VC++ 17.1 (VS2022)

END.
