#
# A fatal error has been detected by the Java Runtime Environment:
#
#  EXCEPTION_ACCESS_VIOLATION (0xc0000005) at pc=0x00007ffdd1506834, pid=24364, tid=24244
#
# JRE version: Java(TM) SE Runtime Environment (21.0.1+12) (build 21.0.1+12-LTS-29)
# Java VM: Java HotSpot(TM) 64-Bit Server VM (21.0.1+12-LTS-29, mixed mode, sharing, tiered, compressed oops, compressed class ptrs, g1 gc, windows-amd64)
# Problematic frame:
# C  [jdwp.dll+0x26834]
#
# No core dump will be written. Minidumps are not enabled by default on client versions of Windows
#
# If you would like to submit a bug report, please visit:
#   https://bugreport.java.com/bugreport/crash.jsp
# The crash happened outside the Java Virtual Machine in native code.
# See problematic frame for where to report the bug.
#

---------------  S U M M A R Y ------------

Command Line: -agentlib:jdwp=transport=dt_socket,address=127.0.0.1:55854,suspend=y,server=n -javaagent:C:\Users\Vu\AppData\Local\JetBrains\IdeaIC2023.3\captureAgent\debugger-agent.jar -Dfile.encoding=UTF-8 -Dsun.stdout.encoding=UTF-8 -Dsun.stderr.encoding=UTF-8 main.Main

Host: 11th Gen Intel(R) Core(TM) i5-11400H @ 2.70GHz, 12 cores, 15G,  Windows 11 , 64 bit Build 22621 (10.0.22621.3085)
Time: Wed Feb 21 00:42:42 2024 SE Asia Standard Time elapsed time: 0.830821 seconds (0d 0h 0m 0s)

---------------  T H R E A D  ---------------

Current thread (0x000001a0b6851660):  JavaThread "main"             [_thread_in_native, id=24244, stack(0x0000008d9a700000,0x0000008d9a800000) (1024K)]

Stack: [0x0000008d9a700000,0x0000008d9a800000],  sp=0x0000008d9a7fe5f8,  free space=1017k
Native frames: (J=compiled Java code, j=interpreted, Vv=VM code, C=native code)
C  [jdwp.dll+0x26834]

Java frames: (J=compiled Java code, j=interpreted, Vv=VM code)
j  jdk.internal.reflect.MethodHandleAccessorFactory.newFieldAccessor(Ljava/lang/reflect/Field;Z)Ljdk/internal/reflect/FieldAccessorImpl;+170 java.base@21.0.1
j  jdk.internal.reflect.ReflectionFactory.newFieldAccessor(Ljava/lang/reflect/Field;Z)Ljdk/internal/reflect/FieldAccessor;+82 java.base@21.0.1
j  java.lang.reflect.Field.acquireFieldAccessor()Ljdk/internal/reflect/FieldAccessor;+35 java.base@21.0.1
j  java.lang.reflect.Field.getFieldAccessor()Ljdk/internal/reflect/FieldAccessor;+14 java.base@21.0.1
j  java.lang.reflect.Field.getInt(Ljava/lang/Object;)I+18 java.base@21.0.1
j  org.lwjgl.system.APIUtil.apiClassTokens(Ljava/util/function/BiPredicate;Ljava/util/Map;[Ljava/lang/Class;)Ljava/util/Map;+104
j  org.lwjgl.glfw.GLFWErrorCallback$1.<init>(Ljava/io/PrintStream;)V+25
j  org.lwjgl.glfw.GLFWErrorCallback.createPrint(Ljava/io/PrintStream;)Lorg/lwjgl/glfw/GLFWErrorCallback;+5
j  jade.Window.init()V+3
j  jade.Window.run()V+15
j  main.Main.main([Ljava/lang/String;)V+5
v  ~StubRoutines::call_stub 0x000001a0c83710e7

siginfo: EXCEPTION_ACCESS_VIOLATION (0xc0000005), reading address 0xffffffffffffffff


Registers:
RAX=0x000001a11d6556b0, RBX=0x000001a0d7efcfd0, RCX=0x000001a0b6851a18, RDX=0x000001a0d7efcfd0
RSP=0x0000008d9a7fe5f8, RBP=0x0000000000000002, RSI=0x0000008d9a7fe6a0, RDI=0x000001a0b6851a18
R8 =0x0000000000010002, R9 =0x0000000000000000, R10=0x00007ffe04120000, R11=0x0000008d9a7fe5c8
R12=0x0000000000000007, R13=0x000001a0b89e58a0, R14=0x00007ffdd1510200, R15=0x0000000000000000
RIP=0x00007ffdd1506834, EFLAGS=0x0000000000010206


Register to memory mapping:

RAX=0x000001a11d6556b0 points into unknown readable memory: 0x0000000000000000 | 00 00 00 00 00 00 00 00
RBX=0x000001a0d7efcfd0 points into unknown readable memory: 0x0000000713609c38 | 38 9c 60 13 07 00 00 00
RCX=0x000001a0b6851a18 points into unknown readable memory: 0x000001a11d6556b0 | b0 56 65 1d a1 01 00 00
RDX=0x000001a0d7efcfd0 points into unknown readable memory: 0x0000000713609c38 | 38 9c 60 13 07 00 00 00
RSP=0x0000008d9a7fe5f8 is pointing into the stack for thread: 0x000001a0b6851660
RBP=0x0000000000000002 is an unknown value
RSI=0x0000008d9a7fe6a0 is pointing into the stack for thread: 0x000001a0b6851660
RDI=0x000001a0b6851a18 points into unknown readable memory: 0x000001a11d6556b0 | b0 56 65 1d a1 01 00 00
R8 =0x0000000000010002 is an unknown value
R9 =0x0 is null
R10=0x00007ffe04120000 VCRUNTIME140.dll
R11=0x0000008d9a7fe5c8 is pointing into the stack for thread: 0x000001a0b6851660
R12=0x0000000000000007 is an unknown value
R13=0x000001a0b89e58a0 points into unknown readable memory: 0x00007ffd8f755040 | 40 50 75 8f fd 7f 00 00
R14=0x00007ffdd1510200 jdwp.dll
R15=0x0 is null

Top of Stack: (sp=0x0000008d9a7fe5f8)
0x0000008d9a7fe5f8:   00007ffdd14f60d7 000001a0d7efcfd0
0x0000008d9a7fe608:   0000008d9a7fe6a0 0000000000000000
0x0000008d9a7fe618:   0000000000000000 0000000000000000
0x0000008d9a7fe628:   0000ba8a852dc11e 000001a0b682dda0
0x0000008d9a7fe638:   00007ffdd15102d8 000001a0d7efcfd0
0x0000008d9a7fe648:   00007ffdd14f2757 000001a0d7efcfd0
0x0000008d9a7fe658:   0000000000000002 000001a0b6851a18
0x0000008d9a7fe668:   000001a0d7efcfd8 000000391d3a0000
0x0000008d9a7fe678:   000001a0d90581a8 0000000000000000
0x0000008d9a7fe688:   000001a0d81bbc98 0000008d9a7fe900
0x0000008d9a7fe698:   000001a0d809cfb8 0000000000000007
0x0000008d9a7fe6a8:   000001a0d7efcfd0 0000000000000000
0x0000008d9a7fe6b8:   000001a0d7efcfd8 0000000000000000
0x0000008d9a7fe6c8:   0000000000000000 0000000000000000
0x0000008d9a7fe6d8:   0000000000000000 0000000000000000
0x0000008d9a7fe6e8:   0000000000000000 0000000000000000
0x0000008d9a7fe6f8:   000001a0d7efcfd0 000001a0d90581a8
0x0000008d9a7fe708:   00007ffd8f1182a7 000001a0d7efcfd8
0x0000008d9a7fe718:   000001a11d21fd70 000001a0b6851660
0x0000008d9a7fe728:   00007ffd8f160bb1 000001a0b682dd50
0x0000008d9a7fe738:   000001a0b6851660 0000000000000000
0x0000008d9a7fe748:   0000008d9a7fe850 000001a0d90581a8
0x0000008d9a7fe758:   000001a0d88558e2 000001a0b68cfdb0
0x0000008d9a7fe768:   000001a0b6851cd0 000001a0b6851ce0
0x0000008d9a7fe778:   000001a0b68520b8 00000000000003d8
0x0000008d9a7fe788:   000001a0b6851660 000001a0b6851660
0x0000008d9a7fe798:   000001a0b68cf130 000001a0b89e80d0
0x0000008d9a7fe7a8:   000001a0b89e80e0 000001a0b89e81b8
0x0000008d9a7fe7b8:   00000000000000d8 0000008d9a7fe7d0
0x0000008d9a7fe7c8:   00007ffd8ee1d511 000001a0b6851660
0x0000008d9a7fe7d8:   000001a0b68cf130 000001a0b89e80d0
0x0000008d9a7fe7e8:   000001a0b89e80e0 000001a0b89e81b8 

Instructions: (pc=0x00007ffdd1506834)
0x00007ffdd1506734:   05 c7 09 01 00 48 8b 03 48 8b d7 4d 8b 40 30 48
0x00007ffdd1506744:   8b cb 48 8b 5c 24 30 48 83 c4 20 5f 48 ff a0 00
0x00007ffdd1506754:   01 00 00 cc 48 89 5c 24 08 57 48 83 ec 20 48 8b
0x00007ffdd1506764:   f9 e8 f2 ea ff ff 4c 8b 05 8f 09 01 00 48 8b d8
0x00007ffdd1506774:   41 f6 80 10 02 00 00 02 74 33 41 b8 20 06 00 00
0x00007ffdd1506784:   48 8d 15 ad c3 00 00 48 8d 0d 72 5c 00 00 e8 d9
0x00007ffdd1506794:   48 ff ff 48 8d 15 ea 99 00 00 48 8d 0d 73 5c 00
0x00007ffdd15067a4:   00 e8 6e 49 ff ff 4c 8b 05 4f 09 01 00 48 8b 03
0x00007ffdd15067b4:   48 8b d7 4d 8b 40 38 48 8b cb 48 8b 5c 24 30 48
0x00007ffdd15067c4:   83 c4 20 5f 48 ff a0 00 01 00 00 cc 48 89 5c 24
0x00007ffdd15067d4:   08 57 48 83 ec 20 48 8b f9 e8 7a ea ff ff 48 8b
0x00007ffdd15067e4:   15 17 09 01 00 48 8b d8 f6 82 10 02 00 00 02 74
0x00007ffdd15067f4:   2c 41 b8 12 06 00 00 48 8d 15 36 c3 00 00 48 8d
0x00007ffdd1506804:   0d fb 5b 00 00 e8 62 48 ff ff 48 8d 15 db 6c 00
0x00007ffdd1506814:   00 48 8d 0d fc 5b 00 00 e8 f7 48 ff ff 48 8b 03
0x00007ffdd1506824:   48 8b d7 48 8b cb 48 8b 5c 24 30 48 83 c4 20 5f
0x00007ffdd1506834:   48 ff a0 50 07 00 00 cc 48 89 5c 24 08 48 89 74
0x00007ffdd1506844:   24 10 48 89 7c 24 18 41 56 48 83 ec 20 4c 63 f2
0x00007ffdd1506854:   49 8b d8 48 8b d1 41 8b f9 48 8b cb 4d 8d 46 ff
0x00007ffdd1506864:   ff 15 06 5a 00 00 85 c0 75 3c 41 0f be 44 1e ff
0x00007ffdd1506874:   3b c7 75 32 49 03 de eb 10 0f be c8 ff 15 da 59
0x00007ffdd1506884:   00 00 85 c0 74 09 48 ff c3 8a 03 84 c0 75 ea 80
0x00007ffdd1506894:   3b 3b 74 12 8b d7 48 8b cb e8 30 4b 00 00 48 85
0x00007ffdd15068a4:   c0 0f 94 c0 eb 02 32 c0 48 8b 5c 24 30 48 8b 74
0x00007ffdd15068b4:   24 38 48 8b 7c 24 40 48 83 c4 20 41 5e c3 cc cc
0x00007ffdd15068c4:   0f b6 d1 83 fa 1e 0f 87 83 00 00 00 74 7b 83 fa
0x00007ffdd15068d4:   07 77 41 74 39 83 ea 01 74 2e 83 ea 01 74 23 83
0x00007ffdd15068e4:   ea 01 74 18 83 ea 01 74 0d 83 fa 02 0f 85 8a 00
0x00007ffdd15068f4:   00 00 8d 42 03 c3 b8 04 00 00 00 c3 b8 03 00 00
0x00007ffdd1506904:   00 c3 b8 02 00 00 00 c3 b8 01 00 00 00 c3 b8 06
0x00007ffdd1506914:   00 00 00 c3 b8 08 00 00 00 2b d0 74 26 83 ea 01
0x00007ffdd1506924:   0f 84 88 00 00 00 83 ea 01 74 12 b8 0a 00 00 00 


Stack slot to memory mapping:

stack at sp + 0 slots: 0x00007ffdd14f60d7 jdwp.dll
stack at sp + 1 slots: 0x000001a0d7efcfd0 points into unknown readable memory: 0x0000000713609c38 | 38 9c 60 13 07 00 00 00
stack at sp + 2 slots: 0x0000008d9a7fe6a0 is pointing into the stack for thread: 0x000001a0b6851660
stack at sp + 3 slots: 0x0 is null
stack at sp + 4 slots: 0x0 is null
stack at sp + 5 slots: 0x0 is null
stack at sp + 6 slots: 0x0000ba8a852dc11e is an unknown value
stack at sp + 7 slots: 0x000001a0b682dda0 points into unknown readable memory: 0x8000001200000001 | 01 00 00 00 12 00 00 80


---------------  P R O C E S S  ---------------

Threads class SMR info:
_java_thread_list=0x000001a11d37fe20, length=14, elements={
0x000001a0b6851660, 0x000001a0d7f18a90, 0x000001a0d7f19c50, 0x000001a0d7f1c2b0,
0x000001a0d7f1f3a0, 0x000001a0d7f20660, 0x000001a0d7f211b0, 0x000001a0d7f24f90,
0x000001a0d7f38990, 0x000001a11d2054b0, 0x000001a11d270bc0, 0x000001a11d2756a0,
0x000001a11d3b7430, 0x000001a11d38dda0
}

Java Threads: ( => current thread )
=>0x000001a0b6851660 JavaThread "main"                              [_thread_in_native, id=24244, stack(0x0000008d9a700000,0x0000008d9a800000) (1024K)]
  0x000001a0d7f18a90 JavaThread "Reference Handler"          daemon [_thread_blocked, id=24252, stack(0x0000008d9af00000,0x0000008d9b000000) (1024K)]
  0x000001a0d7f19c50 JavaThread "Finalizer"                  daemon [_thread_blocked, id=24200, stack(0x0000008d9b000000,0x0000008d9b100000) (1024K)]
  0x000001a0d7f1c2b0 JavaThread "Signal Dispatcher"          daemon [_thread_blocked, id=24276, stack(0x0000008d9b100000,0x0000008d9b200000) (1024K)]
  0x000001a0d7f1f3a0 JavaThread "Attach Listener"            daemon [_thread_blocked, id=24144, stack(0x0000008d9b200000,0x0000008d9b300000) (1024K)]
  0x000001a0d7f20660 JavaThread "Service Thread"             daemon [_thread_blocked, id=24216, stack(0x0000008d9b300000,0x0000008d9b400000) (1024K)]
  0x000001a0d7f211b0 JavaThread "Monitor Deflation Thread"   daemon [_thread_blocked, id=24240, stack(0x0000008d9b400000,0x0000008d9b500000) (1024K)]
  0x000001a0d7f24f90 JavaThread "C2 CompilerThread0"         daemon [_thread_blocked, id=24148, stack(0x0000008d9b500000,0x0000008d9b600000) (1024K)]
  0x000001a0d7f38990 JavaThread "C1 CompilerThread0"         daemon [_thread_blocked, id=24256, stack(0x0000008d9b600000,0x0000008d9b700000) (1024K)]
  0x000001a11d2054b0 JavaThread "Common-Cleaner"             daemon [_thread_blocked, id=24212, stack(0x0000008d9b700000,0x0000008d9b800000) (1024K)]
  0x000001a11d270bc0 JavaThread "JDWP Transport Listener: dt_socket" daemon [_thread_blocked, id=24128, stack(0x0000008d9b800000,0x0000008d9b900000) (1024K)]
  0x000001a11d2756a0 JavaThread "JDWP Event Helper Thread"   daemon [_thread_blocked, id=24100, stack(0x0000008d9b900000,0x0000008d9ba00000) (1024K)]
  0x000001a11d3b7430 JavaThread "JDWP Command Reader"        daemon [_thread_in_native, id=24036, stack(0x0000008d9ba00000,0x0000008d9bb00000) (1024K)]
  0x000001a11d38dda0 JavaThread "Notification Thread"        daemon [_thread_blocked, id=21216, stack(0x0000008d9bb00000,0x0000008d9bc00000) (1024K)]
Total: 14

Other Threads:
  0x000001a0d7ef85e0 VMThread "VM Thread"                           [id=24168, stack(0x0000008d9ae00000,0x0000008d9af00000) (1024K)]
  0x000001a0d7ee0c10 WatcherThread "VM Periodic Task Thread"        [id=24292, stack(0x0000008d9ad00000,0x0000008d9ae00000) (1024K)]
  0x000001a0b8a51be0 WorkerThread "GC Thread#0"                     [id=24192, stack(0x0000008d9a800000,0x0000008d9a900000) (1024K)]
  0x000001a0b8a629c0 ConcurrentGCThread "G1 Main Marker"            [id=24260, stack(0x0000008d9a900000,0x0000008d9aa00000) (1024K)]
  0x000001a0b8a634c0 WorkerThread "G1 Conc#0"                       [id=24288, stack(0x0000008d9aa00000,0x0000008d9ab00000) (1024K)]
  0x000001a0b8aaeb40 ConcurrentGCThread "G1 Refine#0"               [id=24228, stack(0x0000008d9ab00000,0x0000008d9ac00000) (1024K)]
  0x000001a0d7da08a0 ConcurrentGCThread "G1 Service"                [id=24124, stack(0x0000008d9ac00000,0x0000008d9ad00000) (1024K)]
Total: 7

Threads with active compile tasks:
Total: 0

VM state: not at safepoint (normal execution)

VM Mutex/Monitor currently owned by a thread: None

Heap address: 0x0000000703a00000, size: 4038 MB, Compressed Oops mode: Zero based, Oop shift amount: 3

CDS archive(s) mapped at: [0x000001a0d8000000-0x000001a0d8c90000-0x000001a0d8c90000), size 13172736, SharedBaseAddress: 0x000001a0d8000000, ArchiveRelocationMode: 1.
Compressed class space mapped at: 0x000001a0d9000000-0x000001a119000000, reserved size: 1073741824
Narrow klass base: 0x000001a0d8000000, Narrow klass shift: 0, Narrow klass range: 0x100000000

GC Precious Log:
 CardTable entry size: 512
 Card Set container configuration: InlinePtr #cards 4 size 8 Array Of Cards #cards 16 size 48 Howl #buckets 8 coarsen threshold 3686 Howl Bitmap #cards 512 size 80 coarsen threshold 460 Card regions per heap region 1 cards per card region 4096
 CPUs: 12 total, 12 available
 Memory: 16147M
 Large Page Support: Disabled
 NUMA Support: Disabled
 Compressed Oops: Enabled (Zero based)
 Heap Region Size: 2M
 Heap Min Capacity: 8M
 Heap Initial Capacity: 254M
 Heap Max Capacity: 4038M
 Pre-touch: Disabled
 Parallel Workers: 10
 Concurrent Workers: 3
 Concurrent Refinement Workers: 10
 Periodic GC: Disabled

Heap:
 garbage-first heap   total 260096K, used 8192K [0x0000000703a00000, 0x0000000800000000)
  region size 2048K, 5 young (10240K), 0 survivors (0K)
 Metaspace       used 2188K, committed 2368K, reserved 1114112K
  class space    used 172K, committed 256K, reserved 1048576K

Heap Regions: E=young(eden), S=young(survivor), O=old, HS=humongous(starts), HC=humongous(continues), CS=collection set, F=free, TAMS=top-at-mark-start, PB=parsable bottom
|   0|0x0000000703a00000, 0x0000000703a00000, 0x0000000703c00000|  0%| F|  |TAMS 0x0000000703a00000| PB 0x0000000703a00000| Untracked 
|   1|0x0000000703c00000, 0x0000000703c00000, 0x0000000703e00000|  0%| F|  |TAMS 0x0000000703c00000| PB 0x0000000703c00000| Untracked 
|   2|0x0000000703e00000, 0x0000000703e00000, 0x0000000704000000|  0%| F|  |TAMS 0x0000000703e00000| PB 0x0000000703e00000| Untracked 
|   3|0x0000000704000000, 0x0000000704000000, 0x0000000704200000|  0%| F|  |TAMS 0x0000000704000000| PB 0x0000000704000000| Untracked 
|   4|0x0000000704200000, 0x0000000704200000, 0x0000000704400000|  0%| F|  |TAMS 0x0000000704200000| PB 0x0000000704200000| Untracked 
|   5|0x0000000704400000, 0x0000000704400000, 0x0000000704600000|  0%| F|  |TAMS 0x0000000704400000| PB 0x0000000704400000| Untracked 
|   6|0x0000000704600000, 0x0000000704600000, 0x0000000704800000|  0%| F|  |TAMS 0x0000000704600000| PB 0x0000000704600000| Untracked 
|   7|0x0000000704800000, 0x0000000704800000, 0x0000000704a00000|  0%| F|  |TAMS 0x0000000704800000| PB 0x0000000704800000| Untracked 
|   8|0x0000000704a00000, 0x0000000704a00000, 0x0000000704c00000|  0%| F|  |TAMS 0x0000000704a00000| PB 0x0000000704a00000| Untracked 
|   9|0x0000000704c00000, 0x0000000704c00000, 0x0000000704e00000|  0%| F|  |TAMS 0x0000000704c00000| PB 0x0000000704c00000| Untracked 
|  10|0x0000000704e00000, 0x0000000704e00000, 0x0000000705000000|  0%| F|  |TAMS 0x0000000704e00000| PB 0x0000000704e00000| Untracked 
|  11|0x0000000705000000, 0x0000000705000000, 0x0000000705200000|  0%| F|  |TAMS 0x0000000705000000| PB 0x0000000705000000| Untracked 
|  12|0x0000000705200000, 0x0000000705200000, 0x0000000705400000|  0%| F|  |TAMS 0x0000000705200000| PB 0x0000000705200000| Untracked 
|  13|0x0000000705400000, 0x0000000705400000, 0x0000000705600000|  0%| F|  |TAMS 0x0000000705400000| PB 0x0000000705400000| Untracked 
|  14|0x0000000705600000, 0x0000000705600000, 0x0000000705800000|  0%| F|  |TAMS 0x0000000705600000| PB 0x0000000705600000| Untracked 
|  15|0x0000000705800000, 0x0000000705800000, 0x0000000705a00000|  0%| F|  |TAMS 0x0000000705800000| PB 0x0000000705800000| Untracked 
|  16|0x0000000705a00000, 0x0000000705a00000, 0x0000000705c00000|  0%| F|  |TAMS 0x0000000705a00000| PB 0x0000000705a00000| Untracked 
|  17|0x0000000705c00000, 0x0000000705c00000, 0x0000000705e00000|  0%| F|  |TAMS 0x0000000705c00000| PB 0x0000000705c00000| Untracked 
|  18|0x0000000705e00000, 0x0000000705e00000, 0x0000000706000000|  0%| F|  |TAMS 0x0000000705e00000| PB 0x0000000705e00000| Untracked 
|  19|0x0000000706000000, 0x0000000706000000, 0x0000000706200000|  0%| F|  |TAMS 0x0000000706000000| PB 0x0000000706000000| Untracked 
|  20|0x0000000706200000, 0x0000000706200000, 0x0000000706400000|  0%| F|  |TAMS 0x0000000706200000| PB 0x0000000706200000| Untracked 
|  21|0x0000000706400000, 0x0000000706400000, 0x0000000706600000|  0%| F|  |TAMS 0x0000000706400000| PB 0x0000000706400000| Untracked 
|  22|0x0000000706600000, 0x0000000706600000, 0x0000000706800000|  0%| F|  |TAMS 0x0000000706600000| PB 0x0000000706600000| Untracked 
|  23|0x0000000706800000, 0x0000000706800000, 0x0000000706a00000|  0%| F|  |TAMS 0x0000000706800000| PB 0x0000000706800000| Untracked 
|  24|0x0000000706a00000, 0x0000000706a00000, 0x0000000706c00000|  0%| F|  |TAMS 0x0000000706a00000| PB 0x0000000706a00000| Untracked 
|  25|0x0000000706c00000, 0x0000000706c00000, 0x0000000706e00000|  0%| F|  |TAMS 0x0000000706c00000| PB 0x0000000706c00000| Untracked 
|  26|0x0000000706e00000, 0x0000000706e00000, 0x0000000707000000|  0%| F|  |TAMS 0x0000000706e00000| PB 0x0000000706e00000| Untracked 
|  27|0x0000000707000000, 0x0000000707000000, 0x0000000707200000|  0%| F|  |TAMS 0x0000000707000000| PB 0x0000000707000000| Untracked 
|  28|0x0000000707200000, 0x0000000707200000, 0x0000000707400000|  0%| F|  |TAMS 0x0000000707200000| PB 0x0000000707200000| Untracked 
|  29|0x0000000707400000, 0x0000000707400000, 0x0000000707600000|  0%| F|  |TAMS 0x0000000707400000| PB 0x0000000707400000| Untracked 
|  30|0x0000000707600000, 0x0000000707600000, 0x0000000707800000|  0%| F|  |TAMS 0x0000000707600000| PB 0x0000000707600000| Untracked 
|  31|0x0000000707800000, 0x0000000707800000, 0x0000000707a00000|  0%| F|  |TAMS 0x0000000707800000| PB 0x0000000707800000| Untracked 
|  32|0x0000000707a00000, 0x0000000707a00000, 0x0000000707c00000|  0%| F|  |TAMS 0x0000000707a00000| PB 0x0000000707a00000| Untracked 
|  33|0x0000000707c00000, 0x0000000707c00000, 0x0000000707e00000|  0%| F|  |TAMS 0x0000000707c00000| PB 0x0000000707c00000| Untracked 
|  34|0x0000000707e00000, 0x0000000707e00000, 0x0000000708000000|  0%| F|  |TAMS 0x0000000707e00000| PB 0x0000000707e00000| Untracked 
|  35|0x0000000708000000, 0x0000000708000000, 0x0000000708200000|  0%| F|  |TAMS 0x0000000708000000| PB 0x0000000708000000| Untracked 
|  36|0x0000000708200000, 0x0000000708200000, 0x0000000708400000|  0%| F|  |TAMS 0x0000000708200000| PB 0x0000000708200000| Untracked 
|  37|0x0000000708400000, 0x0000000708400000, 0x0000000708600000|  0%| F|  |TAMS 0x0000000708400000| PB 0x0000000708400000| Untracked 
|  38|0x0000000708600000, 0x0000000708600000, 0x0000000708800000|  0%| F|  |TAMS 0x0000000708600000| PB 0x0000000708600000| Untracked 
|  39|0x0000000708800000, 0x0000000708800000, 0x0000000708a00000|  0%| F|  |TAMS 0x0000000708800000| PB 0x0000000708800000| Untracked 
|  40|0x0000000708a00000, 0x0000000708a00000, 0x0000000708c00000|  0%| F|  |TAMS 0x0000000708a00000| PB 0x0000000708a00000| Untracked 
|  41|0x0000000708c00000, 0x0000000708c00000, 0x0000000708e00000|  0%| F|  |TAMS 0x0000000708c00000| PB 0x0000000708c00000| Untracked 
|  42|0x0000000708e00000, 0x0000000708e00000, 0x0000000709000000|  0%| F|  |TAMS 0x0000000708e00000| PB 0x0000000708e00000| Untracked 
|  43|0x0000000709000000, 0x0000000709000000, 0x0000000709200000|  0%| F|  |TAMS 0x0000000709000000| PB 0x0000000709000000| Untracked 
|  44|0x0000000709200000, 0x0000000709200000, 0x0000000709400000|  0%| F|  |TAMS 0x0000000709200000| PB 0x0000000709200000| Untracked 
|  45|0x0000000709400000, 0x0000000709400000, 0x0000000709600000|  0%| F|  |TAMS 0x0000000709400000| PB 0x0000000709400000| Untracked 
|  46|0x0000000709600000, 0x0000000709600000, 0x0000000709800000|  0%| F|  |TAMS 0x0000000709600000| PB 0x0000000709600000| Untracked 
|  47|0x0000000709800000, 0x0000000709800000, 0x0000000709a00000|  0%| F|  |TAMS 0x0000000709800000| PB 0x0000000709800000| Untracked 
|  48|0x0000000709a00000, 0x0000000709a00000, 0x0000000709c00000|  0%| F|  |TAMS 0x0000000709a00000| PB 0x0000000709a00000| Untracked 
|  49|0x0000000709c00000, 0x0000000709c00000, 0x0000000709e00000|  0%| F|  |TAMS 0x0000000709c00000| PB 0x0000000709c00000| Untracked 
|  50|0x0000000709e00000, 0x0000000709e00000, 0x000000070a000000|  0%| F|  |TAMS 0x0000000709e00000| PB 0x0000000709e00000| Untracked 
|  51|0x000000070a000000, 0x000000070a000000, 0x000000070a200000|  0%| F|  |TAMS 0x000000070a000000| PB 0x000000070a000000| Untracked 
|  52|0x000000070a200000, 0x000000070a200000, 0x000000070a400000|  0%| F|  |TAMS 0x000000070a200000| PB 0x000000070a200000| Untracked 
|  53|0x000000070a400000, 0x000000070a400000, 0x000000070a600000|  0%| F|  |TAMS 0x000000070a400000| PB 0x000000070a400000| Untracked 
|  54|0x000000070a600000, 0x000000070a600000, 0x000000070a800000|  0%| F|  |TAMS 0x000000070a600000| PB 0x000000070a600000| Untracked 
|  55|0x000000070a800000, 0x000000070a800000, 0x000000070aa00000|  0%| F|  |TAMS 0x000000070a800000| PB 0x000000070a800000| Untracked 
|  56|0x000000070aa00000, 0x000000070aa00000, 0x000000070ac00000|  0%| F|  |TAMS 0x000000070aa00000| PB 0x000000070aa00000| Untracked 
|  57|0x000000070ac00000, 0x000000070ac00000, 0x000000070ae00000|  0%| F|  |TAMS 0x000000070ac00000| PB 0x000000070ac00000| Untracked 
|  58|0x000000070ae00000, 0x000000070ae00000, 0x000000070b000000|  0%| F|  |TAMS 0x000000070ae00000| PB 0x000000070ae00000| Untracked 
|  59|0x000000070b000000, 0x000000070b000000, 0x000000070b200000|  0%| F|  |TAMS 0x000000070b000000| PB 0x000000070b000000| Untracked 
|  60|0x000000070b200000, 0x000000070b200000, 0x000000070b400000|  0%| F|  |TAMS 0x000000070b200000| PB 0x000000070b200000| Untracked 
|  61|0x000000070b400000, 0x000000070b400000, 0x000000070b600000|  0%| F|  |TAMS 0x000000070b400000| PB 0x000000070b400000| Untracked 
|  62|0x000000070b600000, 0x000000070b600000, 0x000000070b800000|  0%| F|  |TAMS 0x000000070b600000| PB 0x000000070b600000| Untracked 
|  63|0x000000070b800000, 0x000000070b800000, 0x000000070ba00000|  0%| F|  |TAMS 0x000000070b800000| PB 0x000000070b800000| Untracked 
|  64|0x000000070ba00000, 0x000000070ba00000, 0x000000070bc00000|  0%| F|  |TAMS 0x000000070ba00000| PB 0x000000070ba00000| Untracked 
|  65|0x000000070bc00000, 0x000000070bc00000, 0x000000070be00000|  0%| F|  |TAMS 0x000000070bc00000| PB 0x000000070bc00000| Untracked 
|  66|0x000000070be00000, 0x000000070be00000, 0x000000070c000000|  0%| F|  |TAMS 0x000000070be00000| PB 0x000000070be00000| Untracked 
|  67|0x000000070c000000, 0x000000070c000000, 0x000000070c200000|  0%| F|  |TAMS 0x000000070c000000| PB 0x000000070c000000| Untracked 
|  68|0x000000070c200000, 0x000000070c200000, 0x000000070c400000|  0%| F|  |TAMS 0x000000070c200000| PB 0x000000070c200000| Untracked 
|  69|0x000000070c400000, 0x000000070c400000, 0x000000070c600000|  0%| F|  |TAMS 0x000000070c400000| PB 0x000000070c400000| Untracked 
|  70|0x000000070c600000, 0x000000070c600000, 0x000000070c800000|  0%| F|  |TAMS 0x000000070c600000| PB 0x000000070c600000| Untracked 
|  71|0x000000070c800000, 0x000000070c800000, 0x000000070ca00000|  0%| F|  |TAMS 0x000000070c800000| PB 0x000000070c800000| Untracked 
|  72|0x000000070ca00000, 0x000000070ca00000, 0x000000070cc00000|  0%| F|  |TAMS 0x000000070ca00000| PB 0x000000070ca00000| Untracked 
|  73|0x000000070cc00000, 0x000000070cc00000, 0x000000070ce00000|  0%| F|  |TAMS 0x000000070cc00000| PB 0x000000070cc00000| Untracked 
|  74|0x000000070ce00000, 0x000000070ce00000, 0x000000070d000000|  0%| F|  |TAMS 0x000000070ce00000| PB 0x000000070ce00000| Untracked 
|  75|0x000000070d000000, 0x000000070d000000, 0x000000070d200000|  0%| F|  |TAMS 0x000000070d000000| PB 0x000000070d000000| Untracked 
|  76|0x000000070d200000, 0x000000070d200000, 0x000000070d400000|  0%| F|  |TAMS 0x000000070d200000| PB 0x000000070d200000| Untracked 
|  77|0x000000070d400000, 0x000000070d400000, 0x000000070d600000|  0%| F|  |TAMS 0x000000070d400000| PB 0x000000070d400000| Untracked 
|  78|0x000000070d600000, 0x000000070d600000, 0x000000070d800000|  0%| F|  |TAMS 0x000000070d600000| PB 0x000000070d600000| Untracked 
|  79|0x000000070d800000, 0x000000070d800000, 0x000000070da00000|  0%| F|  |TAMS 0x000000070d800000| PB 0x000000070d800000| Untracked 
|  80|0x000000070da00000, 0x000000070da00000, 0x000000070dc00000|  0%| F|  |TAMS 0x000000070da00000| PB 0x000000070da00000| Untracked 
|  81|0x000000070dc00000, 0x000000070dc00000, 0x000000070de00000|  0%| F|  |TAMS 0x000000070dc00000| PB 0x000000070dc00000| Untracked 
|  82|0x000000070de00000, 0x000000070de00000, 0x000000070e000000|  0%| F|  |TAMS 0x000000070de00000| PB 0x000000070de00000| Untracked 
|  83|0x000000070e000000, 0x000000070e000000, 0x000000070e200000|  0%| F|  |TAMS 0x000000070e000000| PB 0x000000070e000000| Untracked 
|  84|0x000000070e200000, 0x000000070e200000, 0x000000070e400000|  0%| F|  |TAMS 0x000000070e200000| PB 0x000000070e200000| Untracked 
|  85|0x000000070e400000, 0x000000070e400000, 0x000000070e600000|  0%| F|  |TAMS 0x000000070e400000| PB 0x000000070e400000| Untracked 
|  86|0x000000070e600000, 0x000000070e600000, 0x000000070e800000|  0%| F|  |TAMS 0x000000070e600000| PB 0x000000070e600000| Untracked 
|  87|0x000000070e800000, 0x000000070e800000, 0x000000070ea00000|  0%| F|  |TAMS 0x000000070e800000| PB 0x000000070e800000| Untracked 
|  88|0x000000070ea00000, 0x000000070ea00000, 0x000000070ec00000|  0%| F|  |TAMS 0x000000070ea00000| PB 0x000000070ea00000| Untracked 
|  89|0x000000070ec00000, 0x000000070ec00000, 0x000000070ee00000|  0%| F|  |TAMS 0x000000070ec00000| PB 0x000000070ec00000| Untracked 
|  90|0x000000070ee00000, 0x000000070ee00000, 0x000000070f000000|  0%| F|  |TAMS 0x000000070ee00000| PB 0x000000070ee00000| Untracked 
|  91|0x000000070f000000, 0x000000070f000000, 0x000000070f200000|  0%| F|  |TAMS 0x000000070f000000| PB 0x000000070f000000| Untracked 
|  92|0x000000070f200000, 0x000000070f200000, 0x000000070f400000|  0%| F|  |TAMS 0x000000070f200000| PB 0x000000070f200000| Untracked 
|  93|0x000000070f400000, 0x000000070f400000, 0x000000070f600000|  0%| F|  |TAMS 0x000000070f400000| PB 0x000000070f400000| Untracked 
|  94|0x000000070f600000, 0x000000070f600000, 0x000000070f800000|  0%| F|  |TAMS 0x000000070f600000| PB 0x000000070f600000| Untracked 
|  95|0x000000070f800000, 0x000000070f800000, 0x000000070fa00000|  0%| F|  |TAMS 0x000000070f800000| PB 0x000000070f800000| Untracked 
|  96|0x000000070fa00000, 0x000000070fa00000, 0x000000070fc00000|  0%| F|  |TAMS 0x000000070fa00000| PB 0x000000070fa00000| Untracked 
|  97|0x000000070fc00000, 0x000000070fc00000, 0x000000070fe00000|  0%| F|  |TAMS 0x000000070fc00000| PB 0x000000070fc00000| Untracked 
|  98|0x000000070fe00000, 0x000000070fe00000, 0x0000000710000000|  0%| F|  |TAMS 0x000000070fe00000| PB 0x000000070fe00000| Untracked 
|  99|0x0000000710000000, 0x0000000710000000, 0x0000000710200000|  0%| F|  |TAMS 0x0000000710000000| PB 0x0000000710000000| Untracked 
| 100|0x0000000710200000, 0x0000000710200000, 0x0000000710400000|  0%| F|  |TAMS 0x0000000710200000| PB 0x0000000710200000| Untracked 
| 101|0x0000000710400000, 0x0000000710400000, 0x0000000710600000|  0%| F|  |TAMS 0x0000000710400000| PB 0x0000000710400000| Untracked 
| 102|0x0000000710600000, 0x0000000710600000, 0x0000000710800000|  0%| F|  |TAMS 0x0000000710600000| PB 0x0000000710600000| Untracked 
| 103|0x0000000710800000, 0x0000000710800000, 0x0000000710a00000|  0%| F|  |TAMS 0x0000000710800000| PB 0x0000000710800000| Untracked 
| 104|0x0000000710a00000, 0x0000000710a00000, 0x0000000710c00000|  0%| F|  |TAMS 0x0000000710a00000| PB 0x0000000710a00000| Untracked 
| 105|0x0000000710c00000, 0x0000000710c00000, 0x0000000710e00000|  0%| F|  |TAMS 0x0000000710c00000| PB 0x0000000710c00000| Untracked 
| 106|0x0000000710e00000, 0x0000000710e00000, 0x0000000711000000|  0%| F|  |TAMS 0x0000000710e00000| PB 0x0000000710e00000| Untracked 
| 107|0x0000000711000000, 0x0000000711000000, 0x0000000711200000|  0%| F|  |TAMS 0x0000000711000000| PB 0x0000000711000000| Untracked 
| 108|0x0000000711200000, 0x0000000711200000, 0x0000000711400000|  0%| F|  |TAMS 0x0000000711200000| PB 0x0000000711200000| Untracked 
| 109|0x0000000711400000, 0x0000000711400000, 0x0000000711600000|  0%| F|  |TAMS 0x0000000711400000| PB 0x0000000711400000| Untracked 
| 110|0x0000000711600000, 0x0000000711600000, 0x0000000711800000|  0%| F|  |TAMS 0x0000000711600000| PB 0x0000000711600000| Untracked 
| 111|0x0000000711800000, 0x0000000711800000, 0x0000000711a00000|  0%| F|  |TAMS 0x0000000711800000| PB 0x0000000711800000| Untracked 
| 112|0x0000000711a00000, 0x0000000711a00000, 0x0000000711c00000|  0%| F|  |TAMS 0x0000000711a00000| PB 0x0000000711a00000| Untracked 
| 113|0x0000000711c00000, 0x0000000711c00000, 0x0000000711e00000|  0%| F|  |TAMS 0x0000000711c00000| PB 0x0000000711c00000| Untracked 
| 114|0x0000000711e00000, 0x0000000711e00000, 0x0000000712000000|  0%| F|  |TAMS 0x0000000711e00000| PB 0x0000000711e00000| Untracked 
| 115|0x0000000712000000, 0x0000000712000000, 0x0000000712200000|  0%| F|  |TAMS 0x0000000712000000| PB 0x0000000712000000| Untracked 
| 116|0x0000000712200000, 0x0000000712200000, 0x0000000712400000|  0%| F|  |TAMS 0x0000000712200000| PB 0x0000000712200000| Untracked 
| 117|0x0000000712400000, 0x0000000712400000, 0x0000000712600000|  0%| F|  |TAMS 0x0000000712400000| PB 0x0000000712400000| Untracked 
| 118|0x0000000712600000, 0x0000000712600000, 0x0000000712800000|  0%| F|  |TAMS 0x0000000712600000| PB 0x0000000712600000| Untracked 
| 119|0x0000000712800000, 0x0000000712800000, 0x0000000712a00000|  0%| F|  |TAMS 0x0000000712800000| PB 0x0000000712800000| Untracked 
| 120|0x0000000712a00000, 0x0000000712a00000, 0x0000000712c00000|  0%| F|  |TAMS 0x0000000712a00000| PB 0x0000000712a00000| Untracked 
| 121|0x0000000712c00000, 0x0000000712c00000, 0x0000000712e00000|  0%| F|  |TAMS 0x0000000712c00000| PB 0x0000000712c00000| Untracked 
| 122|0x0000000712e00000, 0x0000000712f54730, 0x0000000713000000| 66%| E|  |TAMS 0x0000000712e00000| PB 0x0000000712e00000| Complete 
| 123|0x0000000713000000, 0x0000000713200000, 0x0000000713200000|100%| E|CS|TAMS 0x0000000713000000| PB 0x0000000713000000| Complete 
| 124|0x0000000713200000, 0x0000000713400000, 0x0000000713400000|100%| E|CS|TAMS 0x0000000713200000| PB 0x0000000713200000| Complete 
| 125|0x0000000713400000, 0x0000000713600000, 0x0000000713600000|100%| E|CS|TAMS 0x0000000713400000| PB 0x0000000713400000| Complete 
| 126|0x0000000713600000, 0x0000000713800000, 0x0000000713800000|100%| E|CS|TAMS 0x0000000713600000| PB 0x0000000713600000| Complete 

Card table byte_map: [0x000001a0d0b90000,0x000001a0d1380000] _byte_map_base: 0x000001a0cd373000

Marking Bits: (CMBitMap*) 0x000001a0b8a522e0
 Bits: [0x000001a0d1380000, 0x000001a0d5298000)

Polling page: 0x000001a0b69b0000

Metaspace:

Usage:
  Non-class:      1.97 MB used.
      Class:    172.95 KB used.
       Both:      2.14 MB used.

Virtual space:
  Non-class space:       64.00 MB reserved,       2.06 MB (  3%) committed,  1 nodes.
      Class space:        1.00 GB reserved,     256.00 KB ( <1%) committed,  1 nodes.
             Both:        1.06 GB reserved,       2.31 MB ( <1%) committed. 

Chunk freelists:
   Non-Class:  11.31 MB
       Class:  15.64 MB
        Both:  26.95 MB

MaxMetaspaceSize: unlimited
CompressedClassSpaceSize: 1.00 GB
Initial GC threshold: 21.00 MB
Current GC threshold: 21.00 MB
CDS: on
 - commit_granule_bytes: 65536.
 - commit_granule_words: 8192.
 - virtual_space_node_default_size: 8388608.
 - enlarge_chunks_in_place: 1.
 - use_allocation_guard: 0.


Internal statistics:

num_allocs_failed_limit: 0.
num_arena_births: 90.
num_arena_deaths: 0.
num_vsnodes_births: 2.
num_vsnodes_deaths: 0.
num_space_committed: 37.
num_space_uncommitted: 0.
num_chunks_returned_to_freelist: 0.
num_chunks_taken_from_freelist: 132.
num_chunk_merges: 0.
num_chunk_splits: 88.
num_chunks_enlarged: 57.
num_inconsistent_stats: 0.

CodeHeap 'non-profiled nmethods': size=120000Kb used=182Kb max_used=182Kb free=119818Kb
 bounds [0x000001a0c8910000, 0x000001a0c8b80000, 0x000001a0cfe40000]
CodeHeap 'profiled nmethods': size=120000Kb used=827Kb max_used=827Kb free=119173Kb
 bounds [0x000001a0c0e40000, 0x000001a0c10b0000, 0x000001a0c8370000]
CodeHeap 'non-nmethods': size=5760Kb used=1531Kb max_used=1545Kb free=4228Kb
 bounds [0x000001a0c8370000, 0x000001a0c85e0000, 0x000001a0c8910000]
 total_blobs=1022 nmethods=575 adapters=352
 compilation: enabled
              stopped_count=0, restarted_count=0
 full_count=0

Compilation events (20 events):
Event: 0.825 Thread 0x000001a0d7f38990 nmethod 564 0x000001a0c0f0a810 code [0x000001a0c0f0a9e0, 0x000001a0c0f0add0]
Event: 0.825 Thread 0x000001a0d7f38990  565       3       java.lang.ThreadLocal::get (35 bytes)
Event: 0.825 Thread 0x000001a0d7f38990 nmethod 565 0x000001a0c0f0af90 code [0x000001a0c0f0b160, 0x000001a0c0f0b4b0]
Event: 0.825 Thread 0x000001a0d7f38990  566       1       jdk.internal.loader.URLClassPath$Loader::getBaseURL (5 bytes)
Event: 0.825 Thread 0x000001a0d7f38990 nmethod 566 0x000001a0c893d210 code [0x000001a0c893d3a0, 0x000001a0c893d470]
Event: 0.825 Thread 0x000001a0d7f38990  567       3       java.lang.StringUTF16::compress (50 bytes)
Event: 0.826 Thread 0x000001a0d7f38990 nmethod 567 0x000001a0c0f0b610 code [0x000001a0c0f0b7c0, 0x000001a0c0f0ba10]
Event: 0.826 Thread 0x000001a0d7f38990  568       3       java.lang.ref.PhantomReference::<init> (7 bytes)
Event: 0.826 Thread 0x000001a0d7f38990 nmethod 568 0x000001a0c0f0bb90 code [0x000001a0c0f0bd40, 0x000001a0c0f0c030]
Event: 0.826 Thread 0x000001a0d7f38990  569       1       java.security.CodeSource::getLocation (5 bytes)
Event: 0.826 Thread 0x000001a0d7f38990 nmethod 569 0x000001a0c893d510 code [0x000001a0c893d6a0, 0x000001a0c893d770]
Event: 0.826 Thread 0x000001a0d7f38990  570       3       java.io.InputStream::<init> (5 bytes)
Event: 0.826 Thread 0x000001a0d7f38990 nmethod 570 0x000001a0c0f0c110 code [0x000001a0c0f0c2c0, 0x000001a0c0f0c428]
Event: 0.828 Thread 0x000001a0d7f38990  571       3       jdk.internal.jimage.ImageStringsReader::hashCode (33 bytes)
Event: 0.828 Thread 0x000001a0d7f38990 nmethod 571 0x000001a0c0f0c510 code [0x000001a0c0f0c6c0, 0x000001a0c0f0c840]
Event: 0.828 Thread 0x000001a0d7f38990  572   !   3       java.nio.DirectIntBufferU::get (34 bytes)
Event: 0.828 Thread 0x000001a0d7f38990 nmethod 572 0x000001a0c0f0c910 code [0x000001a0c0f0cb80, 0x000001a0c0f0d518]
Event: 0.828 Thread 0x000001a0d7f38990  573       3       java.nio.DirectIntBufferU::ix (10 bytes)
Event: 0.828 Thread 0x000001a0d7f38990 nmethod 573 0x000001a0c0f0da10 code [0x000001a0c0f0dba0, 0x000001a0c0f0dcc0]
Event: 0.828 Thread 0x000001a0d7f38990  574   !   3       jdk.internal.misc.ScopedMemoryAccess::getInt (16 bytes)

GC Heap History (0 events):
No events

Dll operation events (9 events):
Event: 0.075 Loaded shared library D:\jdk-21.0.1\bin\java.dll
Event: 0.076 Loaded shared library D:\jdk-21.0.1\bin\zip.dll
Event: 0.112 Loaded shared library D:\jdk-21.0.1\bin\jsvml.dll
Event: 0.620 Loaded shared library D:\jdk-21.0.1\bin\instrument.dll
Event: 0.659 Loaded shared library D:\jdk-21.0.1\bin\net.dll
Event: 0.660 Loaded shared library D:\jdk-21.0.1\bin\nio.dll
Event: 0.669 Loaded shared library D:\jdk-21.0.1\bin\zip.dll
Event: 0.760 Loaded shared library D:\jdk-21.0.1\bin\jimage.dll
Event: 0.793 Loaded shared library C:\Users\Vu\AppData\Local\Temp\lwjglVu\3.3.1-build-7\lwjgl.dll

Deoptimization events (10 events):
Event: 0.635 Thread 0x000001a0b6851660 Uncommon trap: trap_request=0xffffff45 fr.pc=0x000001a0c8914d10 relative=0x0000000000000070
Event: 0.635 Thread 0x000001a0b6851660 Uncommon trap: reason=unstable_if action=reinterpret pc=0x000001a0c8914d10 method=java.lang.String.isLatin1()Z @ 10 c2
Event: 0.635 Thread 0x000001a0b6851660 DEOPT PACKING pc=0x000001a0c8914d10 sp=0x0000008d9a7fe4f0
Event: 0.635 Thread 0x000001a0b6851660 DEOPT UNPACKING pc=0x000001a0c83c7da2 sp=0x0000008d9a7fe490 mode 2
Event: 0.635 Thread 0x000001a0b6851660 Uncommon trap: trap_request=0xffffff45 fr.pc=0x000001a0c8920c7c relative=0x00000000000000dc
Event: 0.635 Thread 0x000001a0b6851660 Uncommon trap: reason=unstable_if action=reinterpret pc=0x000001a0c8920c7c method=java.lang.String.isLatin1()Z @ 10 c2
Event: 0.635 Thread 0x000001a0b6851660 DEOPT PACKING pc=0x000001a0c8920c7c sp=0x0000008d9a7ff010
Event: 0.635 Thread 0x000001a0b6851660 DEOPT UNPACKING pc=0x000001a0c83c7da2 sp=0x0000008d9a7fef60 mode 2
Event: 0.796 Thread 0x000001a0b6851660 DEOPT PACKING pc=0x000001a0c0e5521c sp=0x0000008d9a7fab30
Event: 0.797 Thread 0x000001a0b6851660 DEOPT UNPACKING pc=0x000001a0c83c88e2 sp=0x0000008d9a7f9f50 mode 0

Classes loaded (20 events):
Event: 0.817 Loading class org/lwjgl/glfw/GLFW
Event: 0.817 Loading class org/lwjgl/glfw/GLFW done
Event: 0.819 Loading class org/lwjgl/glfw/GLFWImage$Buffer
Event: 0.819 Loading class org/lwjgl/glfw/GLFWImage$Buffer done
Event: 0.820 Loading class org/lwjgl/system/StructBuffer
Event: 0.820 Loading class org/lwjgl/system/StructBuffer done
Event: 0.825 Loading class org/lwjgl/system/APIUtil$1
Event: 0.825 Loading class org/lwjgl/system/APIUtil$1 done
Event: 0.825 Loading class java/lang/NoSuchFieldError
Event: 0.825 Loading class java/lang/NoSuchFieldError done
Event: 0.825 Loading class org/lwjgl/system/windows/WindowsLibrary
Event: 0.825 Loading class org/lwjgl/system/windows/WindowsLibrary done
Event: 0.825 Loading class org/lwjgl/system/SharedLibrary$Default
Event: 0.825 Loading class org/lwjgl/system/SharedLibrary$Default done
Event: 0.826 Loading class org/lwjgl/system/windows/WinBase
Event: 0.826 Loading class org/lwjgl/system/windows/WinBase done
Event: 0.826 Loading class org/lwjgl/system/ThreadLocalUtil
Event: 0.826 Loading class org/lwjgl/system/ThreadLocalUtil done
Event: 0.828 Loading class jdk/internal/reflect/MethodHandleIntegerFieldAccessorImpl
Event: 0.828 Loading class jdk/internal/reflect/MethodHandleIntegerFieldAccessorImpl done

Classes unloaded (0 events):
No events

Classes redefined (0 events):
No events

Internal exceptions (19 events):
Event: 0.622 Thread 0x000001a0b6851660 Exception <a 'java/lang/NoSuchMethodError'{0x00000007134f3870}: 'void java.lang.invoke.DirectMethodHandle$Holder.invokeStatic(java.lang.Object, java.lang.Object, java.lang.Object)'> (0x00000007134f3870) 
thrown [s\open\src\hotspot\share\interpreter\linkResolver.cpp, line 773]
Event: 0.626 Thread 0x000001a0b6851660 Exception <a 'java/lang/NoSuchMethodError'{0x000000071350ad78}: 'java.lang.Object java.lang.invoke.Invokers$Holder.invokeExact_MT(java.lang.Object, java.lang.Object, java.lang.Object, java.lang.Object, java.lang.Object)'> (0x000000071350ad78) 
thrown [s\open\src\hotspot\share\interpreter\linkResolver.cpp, line 773]
Event: 0.736 Thread 0x000001a0b6851660 Exception <a 'java/lang/NoSuchMethodError'{0x000000071301a0b8}: 'void java.lang.invoke.DirectMethodHandle$Holder.invokeStatic(java.lang.Object, java.lang.Object)'> (0x000000071301a0b8) 
thrown [s\open\src\hotspot\share\interpreter\linkResolver.cpp, line 773]
Event: 0.738 Thread 0x000001a0b6851660 Exception <a 'java/lang/NoSuchMethodError'{0x0000000713024720}: 'void java.lang.System.load(java.lang.String, java.lang.Class)'> (0x0000000713024720) 
thrown [s\open\src\hotspot\share\interpreter\linkResolver.cpp, line 773]
Event: 0.738 Thread 0x000001a0b6851660 Exception <a 'java/lang/NoSuchMethodError'{0x00000007130250f0}: 'void java.lang.invoke.DirectMethodHandle$Holder.invokeSpecial(java.lang.Object, java.lang.Object, java.lang.Object)'> (0x00000007130250f0) 
thrown [s\open\src\hotspot\share\interpreter\linkResolver.cpp, line 773]
Event: 0.740 Thread 0x000001a0b6851660 Exception <a 'java/lang/NoSuchMethodError'{0x0000000713038928}: 'java.lang.Object java.lang.invoke.DirectMethodHandle$Holder.invokeStatic(java.lang.Object, java.lang.Object, int)'> (0x0000000713038928) 
thrown [s\open\src\hotspot\share\interpreter\linkResolver.cpp, line 773]
Event: 0.743 Thread 0x000001a0b6851660 Exception <a 'java/lang/NoSuchMethodError'{0x0000000713043d78}: 'void java.lang.invoke.DelegatingMethodHandle$Holder.delegate(java.lang.Object, java.lang.Object, int, java.lang.Object)'> (0x0000000713043d78) 
thrown [s\open\src\hotspot\share\interpreter\linkResolver.cpp, line 773]
Event: 0.744 Thread 0x000001a0b6851660 Exception <a 'java/lang/NoSuchMethodError'{0x0000000713047a08}: 'int java.lang.invoke.DirectMethodHandle$Holder.invokeSpecial(java.lang.Object, java.lang.Object, java.lang.Object)'> (0x0000000713047a08) 
thrown [s\open\src\hotspot\share\interpreter\linkResolver.cpp, line 773]
Event: 0.749 Thread 0x000001a0b6851660 Exception <a 'java/lang/NoSuchMethodError'{0x00000007130639a0}: 'void java.lang.System.loadLibrary(java.lang.String, java.lang.Class)'> (0x00000007130639a0) 
thrown [s\open\src\hotspot\share\interpreter\linkResolver.cpp, line 773]
Event: 0.792 Thread 0x000001a0b6851660 Exception <a 'sun/nio/fs/WindowsException'{0x0000000713141868}> (0x0000000713141868) 
thrown [s\open\src\hotspot\share\prims\jni.cpp, line 520]
Event: 0.792 Thread 0x000001a0b6851660 Exception <a 'sun/nio/fs/WindowsException'{0x0000000713142e50}> (0x0000000713142e50) 
thrown [s\open\src\hotspot\share\prims\jni.cpp, line 520]
Event: 0.806 Thread 0x000001a0b6851660 Exception <a 'java/lang/NoSuchMethodError'{0x00000007131fc380}: 'int java.lang.invoke.DirectMethodHandle$Holder.invokeStaticInit(java.lang.Object, java.lang.Object, int, long)'> (0x00000007131fc380) 
thrown [s\open\src\hotspot\share\interpreter\linkResolver.cpp, line 773]
Event: 0.806 Thread 0x000001a0b6851660 Exception <a 'java/lang/NoSuchMethodError'{0x0000000712e01848}: 'java.lang.Object java.lang.invoke.DirectMethodHandle$Holder.newInvokeSpecial(java.lang.Object, java.lang.Object, int)'> (0x0000000712e01848) 
thrown [s\open\src\hotspot\share\interpreter\linkResolver.cpp, line 773]
Event: 0.808 Thread 0x000001a0b6851660 Exception <a 'java/lang/NoSuchMethodError'{0x0000000712e15088}: 'int java.lang.invoke.DirectMethodHandle$Holder.invokeStaticInit(java.lang.Object, java.lang.Object, long, long)'> (0x0000000712e15088) 
thrown [s\open\src\hotspot\share\interpreter\linkResolver.cpp, line 773]
Event: 0.808 Thread 0x000001a0b6851660 Exception <a 'java/lang/NoSuchMethodError'{0x0000000712e1a568}: 'java.lang.Object java.lang.invoke.DirectMethodHandle$Holder.newInvokeSpecial(java.lang.Object, java.lang.Object, long)'> (0x0000000712e1a568) 
thrown [s\open\src\hotspot\share\interpreter\linkResolver.cpp, line 773]
Event: 0.808 Thread 0x000001a0b6851660 Exception <a 'java/lang/NoSuchMethodError'{0x0000000712e1dbb0}: 'java.lang.Object java.lang.invoke.Invokers$Holder.linkToTargetMethod(java.lang.Object, long, java.lang.Object)'> (0x0000000712e1dbb0) 
thrown [s\open\src\hotspot\share\interpreter\linkResolver.cpp, line 773]
Event: 0.809 Thread 0x000001a0b6851660 Exception <a 'java/lang/NoSuchMethodError'{0x0000000712e24b08}: 'int java.lang.invoke.DirectMethodHandle$Holder.invokeStaticInit(java.lang.Object, java.lang.Object, java.lang.Object, long)'> (0x0000000712e24b08) 
thrown [s\open\src\hotspot\share\interpreter\linkResolver.cpp, line 773]
Event: 0.824 Thread 0x000001a0b6851660 Exception <a 'sun/nio/fs/WindowsException'{0x0000000712ee46f8}> (0x0000000712ee46f8) 
thrown [s\open\src\hotspot\share\prims\jni.cpp, line 520]
Event: 0.825 Thread 0x000001a0b6851660 Exception <a 'sun/nio/fs/WindowsException'{0x0000000712ee4a40}> (0x0000000712ee4a40) 
thrown [s\open\src\hotspot\share\prims\jni.cpp, line 520]

ZGC Phase Switch (0 events):
No events

VM Operations (10 events):
Event: 0.150 Executing VM operation: HandshakeAllThreads (Deoptimize)
Event: 0.150 Executing VM operation: HandshakeAllThreads (Deoptimize) done
Event: 0.614 Executing VM operation: ChangeBreakpoints
Event: 0.614 Executing VM operation: ChangeBreakpoints done
Event: 0.617 Executing VM operation: ChangeBreakpoints
Event: 0.617 Executing VM operation: ChangeBreakpoints done
Event: 0.784 Executing VM operation: HandshakeAllThreads (Deoptimize)
Event: 0.784 Executing VM operation: HandshakeAllThreads (Deoptimize) done
Event: 0.792 Executing VM operation: HandshakeAllThreads (Deoptimize)
Event: 0.792 Executing VM operation: HandshakeAllThreads (Deoptimize) done

Events (14 events):
Event: 0.093 Thread 0x000001a0b6851660 Thread added: 0x000001a0b6851660
Event: 0.109 Thread 0x000001a0d7f18a90 Thread added: 0x000001a0d7f18a90
Event: 0.109 Thread 0x000001a0d7f19c50 Thread added: 0x000001a0d7f19c50
Event: 0.109 Thread 0x000001a0d7f1c2b0 Thread added: 0x000001a0d7f1c2b0
Event: 0.110 Thread 0x000001a0d7f1f3a0 Thread added: 0x000001a0d7f1f3a0
Event: 0.110 Thread 0x000001a0d7f20660 Thread added: 0x000001a0d7f20660
Event: 0.110 Thread 0x000001a0d7f211b0 Thread added: 0x000001a0d7f211b0
Event: 0.110 Thread 0x000001a0d7f24f90 Thread added: 0x000001a0d7f24f90
Event: 0.110 Thread 0x000001a0d7f38990 Thread added: 0x000001a0d7f38990
Event: 0.145 Thread 0x000001a11d2054b0 Thread added: 0x000001a11d2054b0
Event: 0.216 Thread 0x000001a11d270bc0 Thread added: 0x000001a11d270bc0
Event: 0.216 Thread 0x000001a11d2756a0 Thread added: 0x000001a11d2756a0
Event: 0.216 Thread 0x000001a11d3b7430 Thread added: 0x000001a11d3b7430
Event: 0.632 Thread 0x000001a11d38dda0 Thread added: 0x000001a11d38dda0


Dynamic libraries:
0x00007ff674430000 - 0x00007ff674440000 	D:\jdk-21.0.1\bin\java.exe
0x00007ffe1b1b0000 - 0x00007ffe1b3c7000 	C:\WINDOWS\SYSTEM32\ntdll.dll
0x00007ffe199f0000 - 0x00007ffe19ab4000 	C:\WINDOWS\System32\KERNEL32.DLL
0x00007ffe187d0000 - 0x00007ffe18b76000 	C:\WINDOWS\System32\KERNELBASE.dll
0x00007ffe18db0000 - 0x00007ffe18ec1000 	C:\WINDOWS\System32\ucrtbase.dll
0x00007ffe05b00000 - 0x00007ffe05b19000 	D:\jdk-21.0.1\bin\jli.dll
0x00007ffe04120000 - 0x00007ffe0413b000 	D:\jdk-21.0.1\bin\VCRUNTIME140.dll
0x00007ffe1aa40000 - 0x00007ffe1aaf3000 	C:\WINDOWS\System32\ADVAPI32.dll
0x00007ffe1a690000 - 0x00007ffe1a737000 	C:\WINDOWS\System32\msvcrt.dll
0x00007ffe18f00000 - 0x00007ffe18fa8000 	C:\WINDOWS\System32\sechost.dll
0x00007ffe18570000 - 0x00007ffe18598000 	C:\WINDOWS\System32\bcrypt.dll
0x00007ffe197e0000 - 0x00007ffe198f7000 	C:\WINDOWS\System32\RPCRT4.dll
0x00007ffe1a880000 - 0x00007ffe1aa2e000 	C:\WINDOWS\System32\USER32.dll
0x00007ffe18ed0000 - 0x00007ffe18ef6000 	C:\WINDOWS\System32\win32u.dll
0x00007ffe19900000 - 0x00007ffe19929000 	C:\WINDOWS\System32\GDI32.dll
0x00007ffdf6ba0000 - 0x00007ffdf6e33000 	C:\WINDOWS\WinSxS\amd64_microsoft.windows.common-controls_6595b64144ccf1df_6.0.22621.2506_none_270c5ae97388e100\COMCTL32.dll
0x00007ffe185a0000 - 0x00007ffe186b8000 	C:\WINDOWS\System32\gdi32full.dll
0x00007ffe18730000 - 0x00007ffe187ca000 	C:\WINDOWS\System32\msvcp_win.dll
0x00007ffe0db10000 - 0x00007ffe0db1a000 	C:\WINDOWS\SYSTEM32\VERSION.dll
0x00007ffe199b0000 - 0x00007ffe199e1000 	C:\WINDOWS\System32\IMM32.DLL
0x00007ffe09680000 - 0x00007ffe0968c000 	D:\jdk-21.0.1\bin\vcruntime140_1.dll
0x00007ffdd2850000 - 0x00007ffdd28de000 	D:\jdk-21.0.1\bin\msvcp140.dll
0x00007ffd8eb90000 - 0x00007ffd8f8a5000 	D:\jdk-21.0.1\bin\server\jvm.dll
0x00007ffe19930000 - 0x00007ffe199a1000 	C:\WINDOWS\System32\WS2_32.dll
0x00007ffe17340000 - 0x00007ffe1738d000 	C:\WINDOWS\SYSTEM32\POWRPROF.dll
0x00007ffe0e060000 - 0x00007ffe0e094000 	C:\WINDOWS\SYSTEM32\WINMM.dll
0x00007ffe17320000 - 0x00007ffe17333000 	C:\WINDOWS\SYSTEM32\UMPDC.dll
0x00007ffe175e0000 - 0x00007ffe175f8000 	C:\WINDOWS\SYSTEM32\kernel.appcore.dll
0x00007ffe05fb0000 - 0x00007ffe05fba000 	D:\jdk-21.0.1\bin\jimage.dll
0x00007ffe15fb0000 - 0x00007ffe161e3000 	C:\WINDOWS\SYSTEM32\DBGHELP.DLL
0x00007ffe19290000 - 0x00007ffe19619000 	C:\WINDOWS\System32\combase.dll
0x00007ffe19be0000 - 0x00007ffe19cb7000 	C:\WINDOWS\System32\OLEAUT32.dll
0x00007ffdfe150000 - 0x00007ffdfe182000 	C:\WINDOWS\SYSTEM32\dbgcore.DLL
0x00007ffe184f0000 - 0x00007ffe1856a000 	C:\WINDOWS\System32\bcryptPrimitives.dll
0x00007ffdd14e0000 - 0x00007ffdd151c000 	D:\jdk-21.0.1\bin\jdwp.dll
0x00007ffdf4d00000 - 0x00007ffdf4d0f000 	D:\jdk-21.0.1\bin\instrument.dll
0x00007ffdf0850000 - 0x00007ffdf086f000 	D:\jdk-21.0.1\bin\java.dll
0x00007ffdeafc0000 - 0x00007ffdeafd8000 	D:\jdk-21.0.1\bin\zip.dll
0x00007ffe19d20000 - 0x00007ffe1a57b000 	C:\WINDOWS\System32\SHELL32.dll
0x00007ffe16410000 - 0x00007ffe16d06000 	C:\WINDOWS\SYSTEM32\windows.storage.dll
0x00007ffe162d0000 - 0x00007ffe1640e000 	C:\WINDOWS\SYSTEM32\wintypes.dll
0x00007ffe19ac0000 - 0x00007ffe19bb3000 	C:\WINDOWS\System32\SHCORE.dll
0x00007ffe1a790000 - 0x00007ffe1a7ee000 	C:\WINDOWS\System32\shlwapi.dll
0x00007ffe18420000 - 0x00007ffe18446000 	C:\WINDOWS\SYSTEM32\profapi.dll
0x00007ffdd1c00000 - 0x00007ffdd1cd7000 	D:\jdk-21.0.1\bin\jsvml.dll
0x00007ffdea440000 - 0x00007ffdea44c000 	D:\jdk-21.0.1\bin\dt_socket.dll
0x00007ffe16fe0000 - 0x00007ffe1700d000 	C:\WINDOWS\SYSTEM32\IPHLPAPI.DLL
0x00007ffe17a50000 - 0x00007ffe17ab9000 	C:\WINDOWS\system32\mswsock.dll
0x00007ffe05fa0000 - 0x00007ffe05fb0000 	D:\jdk-21.0.1\bin\net.dll
0x00007ffe0eeb0000 - 0x00007ffe0efe7000 	C:\WINDOWS\SYSTEM32\WINHTTP.dll
0x00007ffded3d0000 - 0x00007ffded3e6000 	D:\jdk-21.0.1\bin\nio.dll
0x00007ffdcf3f0000 - 0x00007ffdcf465000 	C:\Users\Vu\AppData\Local\Temp\lwjglVu\3.3.1-build-7\lwjgl.dll
0x00007ffdcf320000 - 0x00007ffdcf381000 	C:\Users\Vu\AppData\Local\Temp\lwjglVu\3.3.1-build-7\glfw.dll

dbghelp: loaded successfully - version: 4.0.5 - missing functions: none
symbol engine: initialized successfully - sym options: 0x614 - pdb path: .;D:\jdk-21.0.1\bin;C:\WINDOWS\SYSTEM32;C:\WINDOWS\WinSxS\amd64_microsoft.windows.common-controls_6595b64144ccf1df_6.0.22621.2506_none_270c5ae97388e100;D:\jdk-21.0.1\bin\server;C:\Users\Vu\AppData\Local\Temp\lwjglVu\3.3.1-build-7

VM Arguments:
jvm_args: -agentlib:jdwp=transport=dt_socket,address=127.0.0.1:55854,suspend=y,server=n -javaagent:C:\Users\Vu\AppData\Local\JetBrains\IdeaIC2023.3\captureAgent\debugger-agent.jar -Dfile.encoding=UTF-8 -Dsun.stdout.encoding=UTF-8 -Dsun.stderr.encoding=UTF-8 
java_command: main.Main
java_class_path (initial): D:\ducky-game\target\classes;C:\Users\Vu\.m2\repository\io\github\spair\imgui-java-app\1.81.0\imgui-java-app-1.81.0.jar;C:\Users\Vu\.m2\repository\org\lwjgl\lwjgl\3.3.1\lwjgl-3.3.1-natives-linux.jar;C:\Users\Vu\.m2\repository\org\lwjgl\lwjgl-glfw\3.3.1\lwjgl-glfw-3.3.1-natives-linux.jar;C:\Users\Vu\.m2\repository\org\lwjgl\lwjgl-opengl\3.3.1\lwjgl-opengl-3.3.1-natives-linux.jar;C:\Users\Vu\.m2\repository\org\lwjgl\lwjgl\3.3.1\lwjgl-3.3.1-natives-macos.jar;C:\Users\Vu\.m2\repository\org\lwjgl\lwjgl-glfw\3.3.1\lwjgl-glfw-3.3.1-natives-macos.jar;C:\Users\Vu\.m2\repository\org\lwjgl\lwjgl-opengl\3.3.1\lwjgl-opengl-3.3.1-natives-macos.jar;C:\Users\Vu\.m2\repository\io\github\spair\imgui-java-binding\1.81.0\imgui-java-binding-1.81.0.jar;C:\Users\Vu\.m2\repository\io\github\spair\imgui-java-lwjgl3\1.81.0\imgui-java-lwjgl3-1.81.0.jar;C:\Users\Vu\.m2\repository\org\lwjgl\lwjgl\3.3.1\lwjgl-3.3.1.jar;C:\Users\Vu\.m2\repository\com\google\code\gson\gson\2.10.1\gson-2.10.1.jar;C:\Users\Vu\.m2\repository\org\lwjgl\lwjgl-nfd\3.3.1\lwjgl-nfd-3.3.1.jar;C:\Users\Vu\.m2\repository\org\lwjgl\lwjgl-assimp\3.3.1\lwjgl-assimp-3.3.1.jar;C:\Users\Vu\.m2\repository\org\lwjgl\lwjgl-glfw\3.3.1\lwjgl-glfw-3.3.1.jar;C:\Users\Vu\.m2\repository\org\lwjgl\lwjgl-openal\3.3.1\lwjgl-openal-3.3.1.jar;C:\Users\Vu\.m2\repository\org\lwjgl\lwjgl-opengl\3.3.1\lwjgl-opengl-3.3.1.jar;C:\Users\Vu\.m2\repository\org\lwjgl\lwjgl-stb\3.3.1\lwjgl-stb-3.3.1.jar;C:\Users\Vu\.m2\repository\org\lwjgl\lwjgl\3.3.1\lwjgl-3.3.1-natives-windows.jar;C:\Users\Vu\.m2\repository\org\lwjgl\lwjgl-assimp\3.3.1\lwjgl-assimp-3.3.1-natives-windows.jar;C:\Users\Vu\.m2\repository\org\lwjgl\lwjgl-glfw\3.3.1\lwjgl-glfw-3.3.1-natives-windows.jar;C:\Users\Vu\.m2\repository\org\lwjgl\lwjgl-openal\3.3.1\lwjgl-openal-3.3.1-natives-windows.jar;C:\Users\Vu\.m2\repository\org\lwjgl\lwjgl-opengl\3.3.1\lwjgl-opengl-3.3.1-natives-windows.jar;C:\Users\Vu\.m2\repository\org\mongodb\mongodb-driver\3.12.14\mongodb-driver-3.12.14.jar;C:\Users\Vu\.m2\repository\org\mongodb\bson\3.12.14\bson-3.12.14.jar;C:\Users\Vu\.m2\repository\org\mongodb\mongodb-driver-core\3.12.14\mongodb-driver-core-3.12.14.jar;C:\Users\Vu\.m2\repository\org\lwjgl\lwjgl-stb\3.3.1\lwjgl-stb-3.3.1-natives-windows.jar;C:\Users\Vu\.m2\repository\org\lwjgl\lwjgl-nfd\3.3.1\lwjgl-nfd-3.3.1-natives-windows.jar;C:\Users\Vu\.m2\repository\org\jbox2d\jbox2d-library\2.2.1.1\jbox2d-library-2.2.1.1.jar;C:\Users\Vu\.m2\repository\org\joml\joml\1.9.24\joml-1.9.24.jar;D:\IntelliJ IDEA Community Edition 2023.3.3\lib\idea_rt.jar
Launcher Type: SUN_STANDARD

[Global flags]
     intx CICompilerCount                          = 4                                         {product} {ergonomic}
     uint ConcGCThreads                            = 3                                         {product} {ergonomic}
     uint G1ConcRefinementThreads                  = 10                                        {product} {ergonomic}
   size_t G1HeapRegionSize                         = 2097152                                   {product} {ergonomic}
    uintx GCDrainStackTargetSize                   = 64                                        {product} {ergonomic}
   size_t InitialHeapSize                          = 266338304                                 {product} {ergonomic}
   size_t MarkStackSize                            = 4194304                                   {product} {ergonomic}
   size_t MaxHeapSize                              = 4234149888                                {product} {ergonomic}
   size_t MaxNewSize                               = 2539651072                                {product} {ergonomic}
   size_t MinHeapDeltaBytes                        = 2097152                                   {product} {ergonomic}
   size_t MinHeapSize                              = 8388608                                   {product} {ergonomic}
    uintx NonNMethodCodeHeapSize                   = 5839372                                {pd product} {ergonomic}
    uintx NonProfiledCodeHeapSize                  = 122909434                              {pd product} {ergonomic}
    uintx ProfiledCodeHeapSize                     = 122909434                              {pd product} {ergonomic}
    uintx ReservedCodeCacheSize                    = 251658240                              {pd product} {ergonomic}
     bool SegmentedCodeCache                       = true                                      {product} {ergonomic}
   size_t SoftMaxHeapSize                          = 4234149888                             {manageable} {ergonomic}
     bool UseCompressedOops                        = true                           {product lp64_product} {ergonomic}
     bool UseG1GC                                  = true                                      {product} {ergonomic}
     bool UseLargePagesIndividualAllocation        = false                                  {pd product} {ergonomic}

Logging:
Log output configuration:
 #0: stdout all=warning uptime,level,tags foldmultilines=false
 #1: stderr all=off uptime,level,tags foldmultilines=false

Environment Variables:
PATH=C:\Program Files\Common Files\Oracle\Java\javapath;C:\Windows\system32;C:\Windows;C:\Windows\System32\Wbem;C:\Windows\System32\WindowsPowerShell\v1.0\;C:\Windows\System32\OpenSSH\;C:\Program Files (x86)\NVIDIA Corporation\PhysX\Common;C:\Program Files\NVIDIA Corporation\NVIDIA NvDLISR;C:\WINDOWS\system32;C:\WINDOWS;C:\WINDOWS\System32\Wbem;C:\WINDOWS\System32\WindowsPowerShell\v1.0\;C:\WINDOWS\System32\OpenSSH\;C:\Program Files\Git\cmd;C:\Users\Vu\AppData\Local\Microsoft\WindowsApps;
USERNAME=Vu
OS=Windows_NT
PROCESSOR_IDENTIFIER=Intel64 Family 6 Model 141 Stepping 1, GenuineIntel
TMP=C:\Users\Vu\AppData\Local\Temp
TEMP=C:\Users\Vu\AppData\Local\Temp




Periodic native trim disabled

---------------  S Y S T E M  ---------------

OS:
 Windows 11 , 64 bit Build 22621 (10.0.22621.3085)
OS uptime: 0 days 8:57 hours
Hyper-V role detected

CPU: total 12 (initial active 12) (6 cores per cpu, 2 threads per core) family 6 model 141 stepping 1 microcode 0x3c, cx8, cmov, fxsr, ht, mmx, 3dnowpref, sse, sse2, sse3, ssse3, sse4.1, sse4.2, popcnt, lzcnt, tsc, tscinvbit, avx, avx2, aes, erms, clmul, bmi1, bmi2, adx, avx512f, avx512dq, avx512cd, avx512bw, avx512vl, sha, fma, vzeroupper, avx512_vpopcntdq, avx512_vpclmulqdq, avx512_vaes, avx512_vnni, clflush, clflushopt, clwb, avx512_vbmi2, avx512_vbmi, hv, rdtscp, rdpid, fsrm, gfni, avx512_bitalg, f16c, cet_ibt, cet_ss, avx512_ifma
Processor Information for all 12 processors :
  Max Mhz: 2688, Current Mhz: 2688, Mhz Limit: 2688

Memory: 4k page, system-wide physical 16147M (4055M free)
TotalPageFile size 22547M (AvailPageFile size 5305M)
current process WorkingSet (physical memory assigned to process): 51M, peak: 51M
current process commit charge ("private bytes"): 348M, peak: 348M

vm_info: Java HotSpot(TM) 64-Bit Server VM (21.0.1+12-LTS-29) for windows-amd64 JRE (21.0.1+12-LTS-29), built on 2023-10-05T13:27:09Z by "mach5one" with MS VC++ 17.1 (VS2022)

END.
