#
# A fatal error has been detected by the Java Runtime Environment:
#
#  EXCEPTION_ACCESS_VIOLATION (0xc0000005) at pc=0x00007ffd96b5366c, pid=22728, tid=8180
#
# JRE version: Java(TM) SE Runtime Environment (21.0.1+12) (build 21.0.1+12-LTS-29)
# Java VM: Java HotSpot(TM) 64-Bit Server VM (21.0.1+12-LTS-29, mixed mode, sharing, tiered, compressed oops, compressed class ptrs, g1 gc, windows-amd64)
# Problematic frame:
# C  [igxelpicd64.dll+0x13366c]
#
# No core dump will be written. Minidumps are not enabled by default on client versions of Windows
#
# If you would like to submit a bug report, please visit:
#   https://bugreport.java.com/bugreport/crash.jsp
#

---------------  S U M M A R Y ------------

Command Line: -javaagent:D:\IntelliJ IDEA Community Edition 2023.3.3\lib\idea_rt.jar=58455:D:\IntelliJ IDEA Community Edition 2023.3.3\bin -Dfile.encoding=UTF-8 -Dsun.stdout.encoding=UTF-8 -Dsun.stderr.encoding=UTF-8 main.Main

Host: 11th Gen Intel(R) Core(TM) i5-11400H @ 2.70GHz, 12 cores, 15G,  Windows 11 , 64 bit Build 22621 (10.0.22621.3085)
Time: Wed Feb 21 07:33:07 2024 SE Asia Standard Time elapsed time: 167.093670 seconds (0d 0h 2m 47s)

---------------  T H R E A D  ---------------

Current thread (0x000001b8aa7e32d0):  VMThread "VM Thread"          [id=8180, stack(0x000000a63d600000,0x000000a63d700000) (1024K)]

Stack: [0x000000a63d600000,0x000000a63d700000],  sp=0x000000a63d6fe400,  free space=1017k
Native frames: (J=compiled Java code, j=interpreted, Vv=VM code, C=native code)
C  [igxelpicd64.dll+0x13366c]


siginfo: EXCEPTION_ACCESS_VIOLATION (0xc0000005), reading address 0x00000000000356f8


Registers:
RAX=0x000001b8f95d2d68, RBX=0x000001b8f95d2c60, RCX=0x0000000000000000, RDX=0x0000000000000000
RSP=0x000000a63d6fe400, RBP=0x0000000000000000, RSI=0x000001b8f95d3230, RDI=0x000001b8f06dc890
R8 =0x0000000000000014, R9 =0x0000000000000000, R10=0x0000000000000000, R11=0x0000000000000000
R12=0x0000000000000000, R13=0x000001b8f98d9650, R14=0x00000000040ebf00, R15=0x0000000000000016
RIP=0x00007ffd96b5366c, EFLAGS=0x0000000000010202


Register to memory mapping:

RAX=0x000001b8f95d2d68 points into unknown readable memory: 0x00000000040eb3d6 | d6 b3 0e 04 00 00 00 00
RBX=0x000001b8f95d2c60 points into unknown readable memory: 0x000001b8f0573680 | 80 36 57 f0 b8 01 00 00
RCX=0x0 is null
RDX=0x0 is null
RSP=0x000000a63d6fe400 points into unknown readable memory: 0x000001b8f061d750 | 50 d7 61 f0 b8 01 00 00
RBP=0x0 is null
RSI=0x000001b8f95d3230 points into unknown readable memory: 0x000001b8f98d9650 | 50 96 8d f9 b8 01 00 00
RDI=0x000001b8f06dc890 points into unknown readable memory: 0x000001b8f0604c00 | 00 4c 60 f0 b8 01 00 00
R8 =0x0000000000000014 is an unknown value
R9 =0x0 is null
R10=0x0 is null
R11=0x0 is null
R12=0x0 is null
R13=0x000001b8f98d9650 points into unknown readable memory: 0x000001b8f0573680 | 80 36 57 f0 b8 01 00 00
R14=0x00000000040ebf00 is an unknown value
R15=0x0000000000000016 is an unknown value

Top of Stack: (sp=0x000000a63d6fe400)
0x000000a63d6fe400:   000001b8f061d750 0000000000000000
0x000000a63d6fe410:   018cce93023dca93 00007ffe1b2533b4
0x000000a63d6fe420:   015ba19402275b94 02d44095016e1295
0x000000a63d6fe430:   02948d9601339f95 01ebba9601e39796
0x000000a63d6fe440:   000001b8f06c77f8 00000000040ebfcb
0x000000a63d6fe450:   0000000000000000 000000000000000e
0x000000a63d6fe460:   0000000000000000 0000000000000000
0x000000a63d6fe470:   000000a63d6fe580 00007ffd96ccbc3c
0x000000a63d6fe480:   000001b8f061d750 000001b8f06dc890
0x000000a63d6fe490:   0256499f02977600 02bd8d9f02308200
0x000000a63d6fe4a0:   000000a6000010f4 0000b80200000000
0x000000a63d6fe4b0:   0000000000000000 025d06a2000605a2
0x000000a63d6fe4c0:   02ba7aa2029c58a2 029f23a3021096a2
0x000000a63d6fe4d0:   000258a40115e7a3 022e09a501e9aea4
0x000000a63d6fe4e0:   02743ca5021632a5 00007ffd96cc19a0
0x000000a63d6fe4f0:   02a81ca60177faa5 00a836a700a644a6
0x000000a63d6fe500:   00adb8a702b236a7 023ee2a70133c2a7
0x000000a63d6fe510:   024eeaa802bf4ca8 02c72baa01e518a9
0x000000a63d6fe520:   01fcb1aa02627eaa 00007ffd96aa3cdf
0x000000a63d6fe530:   0000b80200000000 00000000000010f4
0x000000a63d6fe540:   0000000000000000 4000170000000001
0x000000a63d6fe550:   0000000000000000 0000000000000000
0x000000a63d6fe560:   0000000000000000 0000000000000000
0x000000a63d6fe570:   0000000000000000 0000000000000000
0x000000a63d6fe580:   0000000000000000 0000000000000000
0x000000a63d6fe590:   0000000000000000 0000000000000000
0x000000a63d6fe5a0:   0000000000000000 0000000000000000
0x000000a63d6fe5b0:   0000000000000000 0000000000000000
0x000000a63d6fe5c0:   0000000000000000 0000000000000000
0x000000a63d6fe5d0:   0000000000000000 0000000000000000
0x000000a63d6fe5e0:   0000000000000000 0000000000000000
0x000000a63d6fe5f0:   0000000000000000 0000000000000000 

Instructions: (pc=0x00007ffd96b5366c)
0x00007ffd96b5356c:   ec 40 45 8a e1 48 8b fa 48 8b e9 48 8b 1d 42 08
0x00007ffd96b5357c:   e0 00 48 89 58 08 48 8b cb ff 15 85 5b 9a 00 90
0x00007ffd96b5358c:   4c 8b af 78 02 00 00 48 8b 05 c6 e4 cf 00 44 8b
0x00007ffd96b5359c:   b8 40 0b 00 00 45 33 db 45 8a f3 4c 89 9f 78 02
0x00007ffd96b535ac:   00 00 44 89 9f 80 02 00 00 4c 89 9f 98 02 00 00
0x00007ffd96b535bc:   4c 89 9f 88 02 00 00 48 85 ed 75 38 8b 35 4a e2
0x00007ffd96b535cc:   df 00 65 48 8b 04 25 58 00 00 00 b9 14 00 00 00
0x00007ffd96b535dc:   48 8b 04 f0 44 38 1c 01 0f 84 9d da 86 00 65 48
0x00007ffd96b535ec:   8b 04 25 58 00 00 00 bd 20 00 00 00 48 8b 04 f0
0x00007ffd96b535fc:   48 8b 2c 28 48 3b 2d 39 07 e0 00 45 0f 44 fb 4d
0x00007ffd96b5360c:   85 ed 0f 84 21 01 00 00 44 8a a4 24 90 00 00 00
0x00007ffd96b5361c:   49 8b dd 49 8d b5 d0 05 00 00 4c 8b 2e 45 84 e4
0x00007ffd96b5362c:   0f 85 2a 03 00 00 8b 97 c8 01 00 00 48 8b 05 21
0x00007ffd96b5363c:   e4 cf 00 83 b8 78 03 00 00 02 75 31 83 fa 10 0f
0x00007ffd96b5364c:   83 20 01 00 00 48 8d 04 d5 21 00 00 00 48 03 c2
0x00007ffd96b5365c:   48 8d 04 c3 48 85 c0 0f 85 ff 00 00 00 49 8b cb
0x00007ffd96b5366c:   48 3b 8d f8 56 03 00 0f 87 f3 02 00 00 4c 39 9b
0x00007ffd96b5367c:   48 06 00 00 0f 85 41 da 86 00 44 8b 97 c8 01 00
0x00007ffd96b5368c:   00 48 8b 87 e0 01 00 00 4c 8b 08 8b 97 c8 01 00
0x00007ffd96b5369c:   00 83 fa 10 0f 83 03 01 00 00 48 8d 04 d5 21 00
0x00007ffd96b536ac:   00 00 48 03 c2 48 8d 04 c3 48 85 c0 0f 85 e2 00
0x00007ffd96b536bc:   00 00 49 8b cb 49 3b c9 0f 86 0e 01 00 00 48 8b
0x00007ffd96b536cc:   87 78 02 00 00 48 89 06 48 89 9f 78 02 00 00 ff
0x00007ffd96b536dc:   87 80 02 00 00 48 8b 43 08 48 8b 88 18 01 00 00
0x00007ffd96b536ec:   48 81 e1 00 00 ff ff 48 81 c1 00 00 01 00 48 01
0x00007ffd96b536fc:   8f 88 02 00 00 48 8b 43 08 48 8b 88 18 01 00 00
0x00007ffd96b5370c:   48 01 8f 98 02 00 00 4d 85 ed 0f 85 00 ff ff ff
0x00007ffd96b5371c:   45 84 f6 44 8a a4 24 98 00 00 00 0f 85 82 03 00
0x00007ffd96b5372c:   00 48 8b 9c 24 80 00 00 00 48 8b cf 45 84 e4 0f
0x00007ffd96b5373c:   85 8a 03 00 00 e8 fa f9 ff ff 90 48 8b cb 48 8b
0x00007ffd96b5374c:   9c 24 88 00 00 00 48 83 c4 40 41 5f 41 5e 41 5d
0x00007ffd96b5375c:   41 5c 5f 5e 5d 48 ff 25 b0 59 9a 00 48 8b 48 08 


Stack slot to memory mapping:

stack at sp + 0 slots: 0x000001b8f061d750 points into unknown readable memory: 0xffffffffffffffff | ff ff ff ff ff ff ff ff
stack at sp + 1 slots: 0x0 is null
stack at sp + 2 slots: 0x018cce93023dca93 is an unknown value
stack at sp + 3 slots: 0x00007ffe1b2533b4 ntdll.dll
stack at sp + 4 slots: 0x015ba19402275b94 is an unknown value
stack at sp + 5 slots: 0x02d44095016e1295 is an unknown value
stack at sp + 6 slots: 0x02948d9601339f95 is an unknown value
stack at sp + 7 slots: 0x01ebba9601e39796 is an unknown value

VM_Operation (0x000000a63ccff3b0): Exit, mode: safepoint, requested by thread 0x000001b8fe6992f0


---------------  P R O C E S S  ---------------

Threads class SMR info:
_java_thread_list=0x000001b8feaba9f0, length=13, elements={
0x000001b8894e2810, 0x000001b8aa8015c0, 0x000001b8aa802220, 0x000001b8aa8030e0,
0x000001b8aa805fe0, 0x000001b8aa8094f0, 0x000001b8aa80a080, 0x000001b8aa8189e0,
0x000001b8aa819090, 0x000001b8aa7cc340, 0x000001b8f0311510, 0x000001b8f0491880,
0x000001b8fe6992f0
}

Java Threads: ( => current thread )
  0x000001b8894e2810 JavaThread "main"                              [_thread_blocked, id=11692, stack(0x000000a63cf00000,0x000000a63d000000) (1024K)]
  0x000001b8aa8015c0 JavaThread "Reference Handler"          daemon [_thread_blocked, id=21852, stack(0x000000a63d700000,0x000000a63d800000) (1024K)]
  0x000001b8aa802220 JavaThread "Finalizer"                  daemon [_thread_blocked, id=6372, stack(0x000000a63d800000,0x000000a63d900000) (1024K)]
  0x000001b8aa8030e0 JavaThread "Signal Dispatcher"          daemon [_thread_blocked, id=6952, stack(0x000000a63d900000,0x000000a63da00000) (1024K)]
  0x000001b8aa805fe0 JavaThread "Attach Listener"            daemon [_thread_blocked, id=17980, stack(0x000000a63da00000,0x000000a63db00000) (1024K)]
  0x000001b8aa8094f0 JavaThread "Service Thread"             daemon [_thread_blocked, id=24496, stack(0x000000a63db00000,0x000000a63dc00000) (1024K)]
  0x000001b8aa80a080 JavaThread "Monitor Deflation Thread"   daemon [_thread_blocked, id=22148, stack(0x000000a63dc00000,0x000000a63dd00000) (1024K)]
  0x000001b8aa8189e0 JavaThread "C2 CompilerThread0"         daemon [_thread_blocked, id=19820, stack(0x000000a63dd00000,0x000000a63de00000) (1024K)]
  0x000001b8aa819090 JavaThread "C1 CompilerThread0"         daemon [_thread_blocked, id=16212, stack(0x000000a63de00000,0x000000a63df00000) (1024K)]
  0x000001b8aa7cc340 JavaThread "Common-Cleaner"             daemon [_thread_blocked, id=16556, stack(0x000000a63df00000,0x000000a63e000000) (1024K)]
  0x000001b8f0311510 JavaThread "Monitor Ctrl-Break"         daemon [_thread_in_native, id=20136, stack(0x000000a63e100000,0x000000a63e200000) (1024K)]
  0x000001b8f0491880 JavaThread "Notification Thread"        daemon [_thread_blocked, id=13004, stack(0x000000a63e200000,0x000000a63e300000) (1024K)]
  0x000001b8fe6992f0 JavaThread "SIGINT handler"             daemon [_thread_blocked, id=22224, stack(0x000000a63cc00000,0x000000a63cd00000) (1024K)]
Total: 13

Other Threads:
=>0x000001b8aa7e32d0 VMThread "VM Thread"                           [id=8180, stack(0x000000a63d600000,0x000000a63d700000) (1024K)]
  0x000001b88b8819d0 WorkerThread "GC Thread#0"                     [id=17856, stack(0x000000a63d000000,0x000000a63d100000) (1024K)]
  0x000001b8f94da660 WorkerThread "GC Thread#1"                     [id=15364, stack(0x000000a63ec00000,0x000000a63ed00000) (1024K)]
  0x000001b8fa156420 WorkerThread "GC Thread#2"                     [id=15744, stack(0x000000a63ed00000,0x000000a63ee00000) (1024K)]
  0x000001b8fa1567c0 WorkerThread "GC Thread#3"                     [id=9224, stack(0x000000a63ee00000,0x000000a63ef00000) (1024K)]
  0x000001b8fa156b60 WorkerThread "GC Thread#4"                     [id=16648, stack(0x000000a63ef00000,0x000000a63f000000) (1024K)]
  0x000001b8fa156f00 WorkerThread "GC Thread#5"                     [id=20012, stack(0x000000a63f000000,0x000000a63f100000) (1024K)]
  0x000001b8f999fe20 WorkerThread "GC Thread#6"                     [id=22412, stack(0x000000a63f100000,0x000000a63f200000) (1024K)]
  0x000001b8f9f79630 WorkerThread "GC Thread#7"                     [id=8728, stack(0x000000a63f200000,0x000000a63f300000) (1024K)]
  0x000001b8f95c9f50 WorkerThread "GC Thread#8"                     [id=9488, stack(0x000000a63f300000,0x000000a63f400000) (1024K)]
  0x000001b8f9ca7ee0 WorkerThread "GC Thread#9"                     [id=19396, stack(0x000000a63f400000,0x000000a63f500000) (1024K)]
  0x000001b88b8936d0 ConcurrentGCThread "G1 Main Marker"            terminated
  0x000001b88b8940e0 WorkerThread "G1 Conc#0"                       [id=18008, stack(0x000000a63d200000,0x000000a63d300000) (1024K)]
  0x000001b88b8de100 ConcurrentGCThread "G1 Refine#0"               terminated
  0x000001b88b8dea20 ConcurrentGCThread "G1 Service"                terminated
Total: 15

Threads with active compile tasks:
C1 CompilerThread0   167127 2157   !   3       java.util.concurrent.ConcurrentHashMap::replaceNode (437 bytes)
Total: 1

VM state: at safepoint (shutting down)

VM Mutex/Monitor currently owned by a thread:  ([mutex/lock_event])
[0x00007ffd98b4a5f8] Threads_lock - owner thread: 0x000001b8aa7e32d0
[0x00007ffd98b4a6f8] Heap_lock - owner thread: 0x000001b8fe6992f0

Heap address: 0x0000000703a00000, size: 4038 MB, Compressed Oops mode: Zero based, Oop shift amount: 3

CDS archive(s) mapped at: [0x000001b8ab000000-0x000001b8abc90000-0x000001b8abc90000), size 13172736, SharedBaseAddress: 0x000001b8ab000000, ArchiveRelocationMode: 1.
Compressed class space mapped at: 0x000001b8ac000000-0x000001b8ec000000, reserved size: 1073741824
Narrow klass base: 0x000001b8ab000000, Narrow klass shift: 0, Narrow klass range: 0x100000000

GC Precious Log:
 CardTable entry size: 512
 Card Set container configuration: InlinePtr #cards 4 size 8 Array Of Cards #cards 16 size 48 Howl #buckets 8 coarsen threshold 3686 Howl Bitmap #cards 512 size 80 coarsen threshold 460 Card regions per heap region 1 cards per card region 4096
 CPUs: 12 total, 12 available
 Memory: 16147M
 Large Page Support: Disabled
 NUMA Support: Disabled
 Compressed Oops: Enabled (Zero based)
 Heap Region Size: 2M
 Heap Min Capacity: 8M
 Heap Initial Capacity: 254M
 Heap Max Capacity: 4038M
 Pre-touch: Disabled
 Parallel Workers: 10
 Concurrent Workers: 3
 Concurrent Refinement Workers: 10
 Periodic GC: Disabled

Heap:
 garbage-first heap   total 260096K, used 82121K [0x0000000703a00000, 0x0000000800000000)
  region size 2048K, 39 young (79872K), 5 survivors (10240K)
 Metaspace       used 9677K, committed 9856K, reserved 1114112K
  class space    used 677K, committed 768K, reserved 1048576K

Heap Regions: E=young(eden), S=young(survivor), O=old, HS=humongous(starts), HC=humongous(continues), CS=collection set, F=free, TAMS=top-at-mark-start, PB=parsable bottom
|   0|0x0000000703a00000, 0x0000000703c00000, 0x0000000703c00000|100%| O|  |TAMS 0x0000000703a00000| PB 0x0000000703a00000| Untracked 
|   1|0x0000000703c00000, 0x0000000703e00000, 0x0000000703e00000|100%| O|  |TAMS 0x0000000703c00000| PB 0x0000000703c00000| Untracked 
|   2|0x0000000703e00000, 0x0000000703ee0a70, 0x0000000704000000| 43%| O|  |TAMS 0x0000000703e00000| PB 0x0000000703e00000| Untracked 
|   3|0x0000000704000000, 0x0000000704000000, 0x0000000704200000|  0%| F|  |TAMS 0x0000000704000000| PB 0x0000000704000000| Untracked 
|   4|0x0000000704200000, 0x0000000704200000, 0x0000000704400000|  0%| F|  |TAMS 0x0000000704200000| PB 0x0000000704200000| Untracked 
|   5|0x0000000704400000, 0x0000000704400000, 0x0000000704600000|  0%| F|  |TAMS 0x0000000704400000| PB 0x0000000704400000| Untracked 
|   6|0x0000000704600000, 0x0000000704600000, 0x0000000704800000|  0%| F|  |TAMS 0x0000000704600000| PB 0x0000000704600000| Untracked 
|   7|0x0000000704800000, 0x0000000704800000, 0x0000000704a00000|  0%| F|  |TAMS 0x0000000704800000| PB 0x0000000704800000| Untracked 
|   8|0x0000000704a00000, 0x0000000704a00000, 0x0000000704c00000|  0%| F|  |TAMS 0x0000000704a00000| PB 0x0000000704a00000| Untracked 
|   9|0x0000000704c00000, 0x0000000704c00000, 0x0000000704e00000|  0%| F|  |TAMS 0x0000000704c00000| PB 0x0000000704c00000| Untracked 
|  10|0x0000000704e00000, 0x0000000704e00000, 0x0000000705000000|  0%| F|  |TAMS 0x0000000704e00000| PB 0x0000000704e00000| Untracked 
|  11|0x0000000705000000, 0x0000000705000000, 0x0000000705200000|  0%| F|  |TAMS 0x0000000705000000| PB 0x0000000705000000| Untracked 
|  12|0x0000000705200000, 0x0000000705200000, 0x0000000705400000|  0%| F|  |TAMS 0x0000000705200000| PB 0x0000000705200000| Untracked 
|  13|0x0000000705400000, 0x0000000705400000, 0x0000000705600000|  0%| F|  |TAMS 0x0000000705400000| PB 0x0000000705400000| Untracked 
|  14|0x0000000705600000, 0x0000000705600000, 0x0000000705800000|  0%| F|  |TAMS 0x0000000705600000| PB 0x0000000705600000| Untracked 
|  15|0x0000000705800000, 0x0000000705800000, 0x0000000705a00000|  0%| F|  |TAMS 0x0000000705800000| PB 0x0000000705800000| Untracked 
|  16|0x0000000705a00000, 0x0000000705a00000, 0x0000000705c00000|  0%| F|  |TAMS 0x0000000705a00000| PB 0x0000000705a00000| Untracked 
|  17|0x0000000705c00000, 0x0000000705c00000, 0x0000000705e00000|  0%| F|  |TAMS 0x0000000705c00000| PB 0x0000000705c00000| Untracked 
|  18|0x0000000705e00000, 0x0000000705e00000, 0x0000000706000000|  0%| F|  |TAMS 0x0000000705e00000| PB 0x0000000705e00000| Untracked 
|  19|0x0000000706000000, 0x0000000706000000, 0x0000000706200000|  0%| F|  |TAMS 0x0000000706000000| PB 0x0000000706000000| Untracked 
|  20|0x0000000706200000, 0x0000000706200000, 0x0000000706400000|  0%| F|  |TAMS 0x0000000706200000| PB 0x0000000706200000| Untracked 
|  21|0x0000000706400000, 0x0000000706400000, 0x0000000706600000|  0%| F|  |TAMS 0x0000000706400000| PB 0x0000000706400000| Untracked 
|  22|0x0000000706600000, 0x0000000706600000, 0x0000000706800000|  0%| F|  |TAMS 0x0000000706600000| PB 0x0000000706600000| Untracked 
|  23|0x0000000706800000, 0x0000000706800000, 0x0000000706a00000|  0%| F|  |TAMS 0x0000000706800000| PB 0x0000000706800000| Untracked 
|  24|0x0000000706a00000, 0x0000000706a00000, 0x0000000706c00000|  0%| F|  |TAMS 0x0000000706a00000| PB 0x0000000706a00000| Untracked 
|  25|0x0000000706c00000, 0x0000000706c00000, 0x0000000706e00000|  0%| F|  |TAMS 0x0000000706c00000| PB 0x0000000706c00000| Untracked 
|  26|0x0000000706e00000, 0x0000000706e00000, 0x0000000707000000|  0%| F|  |TAMS 0x0000000706e00000| PB 0x0000000706e00000| Untracked 
|  27|0x0000000707000000, 0x0000000707000000, 0x0000000707200000|  0%| F|  |TAMS 0x0000000707000000| PB 0x0000000707000000| Untracked 
|  28|0x0000000707200000, 0x0000000707200000, 0x0000000707400000|  0%| F|  |TAMS 0x0000000707200000| PB 0x0000000707200000| Untracked 
|  29|0x0000000707400000, 0x0000000707400000, 0x0000000707600000|  0%| F|  |TAMS 0x0000000707400000| PB 0x0000000707400000| Untracked 
|  30|0x0000000707600000, 0x0000000707600000, 0x0000000707800000|  0%| F|  |TAMS 0x0000000707600000| PB 0x0000000707600000| Untracked 
|  31|0x0000000707800000, 0x0000000707800000, 0x0000000707a00000|  0%| F|  |TAMS 0x0000000707800000| PB 0x0000000707800000| Untracked 
|  32|0x0000000707a00000, 0x0000000707a00000, 0x0000000707c00000|  0%| F|  |TAMS 0x0000000707a00000| PB 0x0000000707a00000| Untracked 
|  33|0x0000000707c00000, 0x0000000707c00000, 0x0000000707e00000|  0%| F|  |TAMS 0x0000000707c00000| PB 0x0000000707c00000| Untracked 
|  34|0x0000000707e00000, 0x0000000707e00000, 0x0000000708000000|  0%| F|  |TAMS 0x0000000707e00000| PB 0x0000000707e00000| Untracked 
|  35|0x0000000708000000, 0x0000000708000000, 0x0000000708200000|  0%| F|  |TAMS 0x0000000708000000| PB 0x0000000708000000| Untracked 
|  36|0x0000000708200000, 0x0000000708200000, 0x0000000708400000|  0%| F|  |TAMS 0x0000000708200000| PB 0x0000000708200000| Untracked 
|  37|0x0000000708400000, 0x0000000708400000, 0x0000000708600000|  0%| F|  |TAMS 0x0000000708400000| PB 0x0000000708400000| Untracked 
|  38|0x0000000708600000, 0x0000000708600000, 0x0000000708800000|  0%| F|  |TAMS 0x0000000708600000| PB 0x0000000708600000| Untracked 
|  39|0x0000000708800000, 0x0000000708800000, 0x0000000708a00000|  0%| F|  |TAMS 0x0000000708800000| PB 0x0000000708800000| Untracked 
|  40|0x0000000708a00000, 0x0000000708a00000, 0x0000000708c00000|  0%| F|  |TAMS 0x0000000708a00000| PB 0x0000000708a00000| Untracked 
|  41|0x0000000708c00000, 0x0000000708c00000, 0x0000000708e00000|  0%| F|  |TAMS 0x0000000708c00000| PB 0x0000000708c00000| Untracked 
|  42|0x0000000708e00000, 0x0000000708e00000, 0x0000000709000000|  0%| F|  |TAMS 0x0000000708e00000| PB 0x0000000708e00000| Untracked 
|  43|0x0000000709000000, 0x0000000709000000, 0x0000000709200000|  0%| F|  |TAMS 0x0000000709000000| PB 0x0000000709000000| Untracked 
|  44|0x0000000709200000, 0x0000000709200000, 0x0000000709400000|  0%| F|  |TAMS 0x0000000709200000| PB 0x0000000709200000| Untracked 
|  45|0x0000000709400000, 0x0000000709400000, 0x0000000709600000|  0%| F|  |TAMS 0x0000000709400000| PB 0x0000000709400000| Untracked 
|  46|0x0000000709600000, 0x0000000709600000, 0x0000000709800000|  0%| F|  |TAMS 0x0000000709600000| PB 0x0000000709600000| Untracked 
|  47|0x0000000709800000, 0x0000000709800000, 0x0000000709a00000|  0%| F|  |TAMS 0x0000000709800000| PB 0x0000000709800000| Untracked 
|  48|0x0000000709a00000, 0x0000000709a00000, 0x0000000709c00000|  0%| F|  |TAMS 0x0000000709a00000| PB 0x0000000709a00000| Untracked 
|  49|0x0000000709c00000, 0x0000000709c00000, 0x0000000709e00000|  0%| F|  |TAMS 0x0000000709c00000| PB 0x0000000709c00000| Untracked 
|  50|0x0000000709e00000, 0x0000000709e00000, 0x000000070a000000|  0%| F|  |TAMS 0x0000000709e00000| PB 0x0000000709e00000| Untracked 
|  51|0x000000070a000000, 0x000000070a151c50, 0x000000070a200000| 65%| S|CS|TAMS 0x000000070a000000| PB 0x000000070a000000| Complete 
|  52|0x000000070a200000, 0x000000070a400000, 0x000000070a400000|100%| S|CS|TAMS 0x000000070a200000| PB 0x000000070a200000| Complete 
|  53|0x000000070a400000, 0x000000070a600000, 0x000000070a600000|100%| S|CS|TAMS 0x000000070a400000| PB 0x000000070a400000| Complete 
|  54|0x000000070a600000, 0x000000070a800000, 0x000000070a800000|100%| S|CS|TAMS 0x000000070a600000| PB 0x000000070a600000| Complete 
|  55|0x000000070a800000, 0x000000070aa00000, 0x000000070aa00000|100%| S|CS|TAMS 0x000000070a800000| PB 0x000000070a800000| Complete 
|  56|0x000000070aa00000, 0x000000070aa00000, 0x000000070ac00000|  0%| F|  |TAMS 0x000000070aa00000| PB 0x000000070aa00000| Untracked 
|  57|0x000000070ac00000, 0x000000070ac00000, 0x000000070ae00000|  0%| F|  |TAMS 0x000000070ac00000| PB 0x000000070ac00000| Untracked 
|  58|0x000000070ae00000, 0x000000070ae00000, 0x000000070b000000|  0%| F|  |TAMS 0x000000070ae00000| PB 0x000000070ae00000| Untracked 
|  59|0x000000070b000000, 0x000000070b000000, 0x000000070b200000|  0%| F|  |TAMS 0x000000070b000000| PB 0x000000070b000000| Untracked 
|  60|0x000000070b200000, 0x000000070b200000, 0x000000070b400000|  0%| F|  |TAMS 0x000000070b200000| PB 0x000000070b200000| Untracked 
|  61|0x000000070b400000, 0x000000070b400000, 0x000000070b600000|  0%| F|  |TAMS 0x000000070b400000| PB 0x000000070b400000| Untracked 
|  62|0x000000070b600000, 0x000000070b600000, 0x000000070b800000|  0%| F|  |TAMS 0x000000070b600000| PB 0x000000070b600000| Untracked 
|  63|0x000000070b800000, 0x000000070b800000, 0x000000070ba00000|  0%| F|  |TAMS 0x000000070b800000| PB 0x000000070b800000| Untracked 
|  64|0x000000070ba00000, 0x000000070ba00000, 0x000000070bc00000|  0%| F|  |TAMS 0x000000070ba00000| PB 0x000000070ba00000| Untracked 
|  65|0x000000070bc00000, 0x000000070bc00000, 0x000000070be00000|  0%| F|  |TAMS 0x000000070bc00000| PB 0x000000070bc00000| Untracked 
|  66|0x000000070be00000, 0x000000070be00000, 0x000000070c000000|  0%| F|  |TAMS 0x000000070be00000| PB 0x000000070be00000| Untracked 
|  67|0x000000070c000000, 0x000000070c000000, 0x000000070c200000|  0%| F|  |TAMS 0x000000070c000000| PB 0x000000070c000000| Untracked 
|  68|0x000000070c200000, 0x000000070c200000, 0x000000070c400000|  0%| F|  |TAMS 0x000000070c200000| PB 0x000000070c200000| Untracked 
|  69|0x000000070c400000, 0x000000070c400000, 0x000000070c600000|  0%| F|  |TAMS 0x000000070c400000| PB 0x000000070c400000| Untracked 
|  70|0x000000070c600000, 0x000000070c600000, 0x000000070c800000|  0%| F|  |TAMS 0x000000070c600000| PB 0x000000070c600000| Untracked 
|  71|0x000000070c800000, 0x000000070c800000, 0x000000070ca00000|  0%| F|  |TAMS 0x000000070c800000| PB 0x000000070c800000| Untracked 
|  72|0x000000070ca00000, 0x000000070ca00000, 0x000000070cc00000|  0%| F|  |TAMS 0x000000070ca00000| PB 0x000000070ca00000| Untracked 
|  73|0x000000070cc00000, 0x000000070cc00000, 0x000000070ce00000|  0%| F|  |TAMS 0x000000070cc00000| PB 0x000000070cc00000| Untracked 
|  74|0x000000070ce00000, 0x000000070ce00000, 0x000000070d000000|  0%| F|  |TAMS 0x000000070ce00000| PB 0x000000070ce00000| Untracked 
|  75|0x000000070d000000, 0x000000070d000000, 0x000000070d200000|  0%| F|  |TAMS 0x000000070d000000| PB 0x000000070d000000| Untracked 
|  76|0x000000070d200000, 0x000000070d200000, 0x000000070d400000|  0%| F|  |TAMS 0x000000070d200000| PB 0x000000070d200000| Untracked 
|  77|0x000000070d400000, 0x000000070d400000, 0x000000070d600000|  0%| F|  |TAMS 0x000000070d400000| PB 0x000000070d400000| Untracked 
|  78|0x000000070d600000, 0x000000070d600000, 0x000000070d800000|  0%| F|  |TAMS 0x000000070d600000| PB 0x000000070d600000| Untracked 
|  79|0x000000070d800000, 0x000000070d800000, 0x000000070da00000|  0%| F|  |TAMS 0x000000070d800000| PB 0x000000070d800000| Untracked 
|  80|0x000000070da00000, 0x000000070da00000, 0x000000070dc00000|  0%| F|  |TAMS 0x000000070da00000| PB 0x000000070da00000| Untracked 
|  81|0x000000070dc00000, 0x000000070dc00000, 0x000000070de00000|  0%| F|  |TAMS 0x000000070dc00000| PB 0x000000070dc00000| Untracked 
|  82|0x000000070de00000, 0x000000070de00000, 0x000000070e000000|  0%| F|  |TAMS 0x000000070de00000| PB 0x000000070de00000| Untracked 
|  83|0x000000070e000000, 0x000000070e000000, 0x000000070e200000|  0%| F|  |TAMS 0x000000070e000000| PB 0x000000070e000000| Untracked 
|  84|0x000000070e200000, 0x000000070e200000, 0x000000070e400000|  0%| F|  |TAMS 0x000000070e200000| PB 0x000000070e200000| Untracked 
|  85|0x000000070e400000, 0x000000070e400000, 0x000000070e600000|  0%| F|  |TAMS 0x000000070e400000| PB 0x000000070e400000| Untracked 
|  86|0x000000070e600000, 0x000000070e600000, 0x000000070e800000|  0%| F|  |TAMS 0x000000070e600000| PB 0x000000070e600000| Untracked 
|  87|0x000000070e800000, 0x000000070e800000, 0x000000070ea00000|  0%| F|  |TAMS 0x000000070e800000| PB 0x000000070e800000| Untracked 
|  88|0x000000070ea00000, 0x000000070ea00000, 0x000000070ec00000|  0%| F|  |TAMS 0x000000070ea00000| PB 0x000000070ea00000| Untracked 
|  89|0x000000070ec00000, 0x000000070ec00000, 0x000000070ee00000|  0%| F|  |TAMS 0x000000070ec00000| PB 0x000000070ec00000| Untracked 
|  90|0x000000070ee00000, 0x000000070ee00000, 0x000000070f000000|  0%| F|  |TAMS 0x000000070ee00000| PB 0x000000070ee00000| Untracked 
|  91|0x000000070f000000, 0x000000070f000000, 0x000000070f200000|  0%| F|  |TAMS 0x000000070f000000| PB 0x000000070f000000| Untracked 
|  92|0x000000070f200000, 0x000000070f200000, 0x000000070f400000|  0%| F|  |TAMS 0x000000070f200000| PB 0x000000070f200000| Untracked 
|  93|0x000000070f400000, 0x000000070f500800, 0x000000070f600000| 50%| E|  |TAMS 0x000000070f400000| PB 0x000000070f400000| Complete 
|  94|0x000000070f600000, 0x000000070f800000, 0x000000070f800000|100%| E|CS|TAMS 0x000000070f600000| PB 0x000000070f600000| Complete 
|  95|0x000000070f800000, 0x000000070fa00000, 0x000000070fa00000|100%| E|CS|TAMS 0x000000070f800000| PB 0x000000070f800000| Complete 
|  96|0x000000070fa00000, 0x000000070fc00000, 0x000000070fc00000|100%| E|CS|TAMS 0x000000070fa00000| PB 0x000000070fa00000| Complete 
|  97|0x000000070fc00000, 0x000000070fe00000, 0x000000070fe00000|100%| E|CS|TAMS 0x000000070fc00000| PB 0x000000070fc00000| Complete 
|  98|0x000000070fe00000, 0x0000000710000000, 0x0000000710000000|100%| E|CS|TAMS 0x000000070fe00000| PB 0x000000070fe00000| Complete 
|  99|0x0000000710000000, 0x0000000710200000, 0x0000000710200000|100%| E|CS|TAMS 0x0000000710000000| PB 0x0000000710000000| Complete 
| 100|0x0000000710200000, 0x0000000710400000, 0x0000000710400000|100%| E|CS|TAMS 0x0000000710200000| PB 0x0000000710200000| Complete 
| 101|0x0000000710400000, 0x0000000710600000, 0x0000000710600000|100%| E|CS|TAMS 0x0000000710400000| PB 0x0000000710400000| Complete 
| 102|0x0000000710600000, 0x0000000710800000, 0x0000000710800000|100%| E|CS|TAMS 0x0000000710600000| PB 0x0000000710600000| Complete 
| 103|0x0000000710800000, 0x0000000710a00000, 0x0000000710a00000|100%| E|CS|TAMS 0x0000000710800000| PB 0x0000000710800000| Complete 
| 104|0x0000000710a00000, 0x0000000710c00000, 0x0000000710c00000|100%| E|CS|TAMS 0x0000000710a00000| PB 0x0000000710a00000| Complete 
| 105|0x0000000710c00000, 0x0000000710e00000, 0x0000000710e00000|100%| E|CS|TAMS 0x0000000710c00000| PB 0x0000000710c00000| Complete 
| 106|0x0000000710e00000, 0x0000000711000000, 0x0000000711000000|100%| E|CS|TAMS 0x0000000710e00000| PB 0x0000000710e00000| Complete 
| 107|0x0000000711000000, 0x0000000711200000, 0x0000000711200000|100%| E|CS|TAMS 0x0000000711000000| PB 0x0000000711000000| Complete 
| 108|0x0000000711200000, 0x0000000711400000, 0x0000000711400000|100%| E|CS|TAMS 0x0000000711200000| PB 0x0000000711200000| Complete 
| 109|0x0000000711400000, 0x0000000711600000, 0x0000000711600000|100%| E|CS|TAMS 0x0000000711400000| PB 0x0000000711400000| Complete 
| 110|0x0000000711600000, 0x0000000711800000, 0x0000000711800000|100%| E|CS|TAMS 0x0000000711600000| PB 0x0000000711600000| Complete 
| 111|0x0000000711800000, 0x0000000711a00000, 0x0000000711a00000|100%| E|CS|TAMS 0x0000000711800000| PB 0x0000000711800000| Complete 
| 112|0x0000000711a00000, 0x0000000711c00000, 0x0000000711c00000|100%| E|CS|TAMS 0x0000000711a00000| PB 0x0000000711a00000| Complete 
| 113|0x0000000711c00000, 0x0000000711e00000, 0x0000000711e00000|100%| E|CS|TAMS 0x0000000711c00000| PB 0x0000000711c00000| Complete 
| 114|0x0000000711e00000, 0x0000000712000000, 0x0000000712000000|100%| E|CS|TAMS 0x0000000711e00000| PB 0x0000000711e00000| Complete 
| 115|0x0000000712000000, 0x0000000712200000, 0x0000000712200000|100%| E|CS|TAMS 0x0000000712000000| PB 0x0000000712000000| Complete 
| 116|0x0000000712200000, 0x0000000712400000, 0x0000000712400000|100%| E|CS|TAMS 0x0000000712200000| PB 0x0000000712200000| Complete 
| 117|0x0000000712400000, 0x0000000712600000, 0x0000000712600000|100%| E|CS|TAMS 0x0000000712400000| PB 0x0000000712400000| Complete 
| 118|0x0000000712600000, 0x0000000712800000, 0x0000000712800000|100%| E|CS|TAMS 0x0000000712600000| PB 0x0000000712600000| Complete 
| 119|0x0000000712800000, 0x0000000712a00000, 0x0000000712a00000|100%| E|CS|TAMS 0x0000000712800000| PB 0x0000000712800000| Complete 
| 120|0x0000000712a00000, 0x0000000712c00000, 0x0000000712c00000|100%| E|CS|TAMS 0x0000000712a00000| PB 0x0000000712a00000| Complete 
| 121|0x0000000712c00000, 0x0000000712e00000, 0x0000000712e00000|100%| E|CS|TAMS 0x0000000712c00000| PB 0x0000000712c00000| Complete 
| 122|0x0000000712e00000, 0x0000000713000000, 0x0000000713000000|100%| E|CS|TAMS 0x0000000712e00000| PB 0x0000000712e00000| Complete 
| 123|0x0000000713000000, 0x0000000713200000, 0x0000000713200000|100%| E|CS|TAMS 0x0000000713000000| PB 0x0000000713000000| Complete 
| 124|0x0000000713200000, 0x0000000713400000, 0x0000000713400000|100%| E|CS|TAMS 0x0000000713200000| PB 0x0000000713200000| Complete 
| 125|0x0000000713400000, 0x0000000713600000, 0x0000000713600000|100%| E|CS|TAMS 0x0000000713400000| PB 0x0000000713400000| Complete 
| 126|0x0000000713600000, 0x0000000713800000, 0x0000000713800000|100%| E|CS|TAMS 0x0000000713600000| PB 0x0000000713600000| Complete 

Card table byte_map: [0x000001b8a39b0000,0x000001b8a41a0000] _byte_map_base: 0x000001b8a0193000

Marking Bits: (CMBitMap*) 0x000001b88b881fe0
 Bits: [0x000001b8a41a0000, 0x000001b8a80b8000)

Polling page: 0x000001b8897b0000

Metaspace:

Usage:
  Non-class:      8.79 MB used.
      Class:    677.34 KB used.
       Both:      9.45 MB used.

Virtual space:
  Non-class space:       64.00 MB reserved,       8.88 MB ( 14%) committed,  1 nodes.
      Class space:        1.00 GB reserved,     768.00 KB ( <1%) committed,  1 nodes.
             Both:        1.06 GB reserved,       9.62 MB ( <1%) committed. 

Chunk freelists:
   Non-Class:  6.00 MB
       Class:  15.27 MB
        Both:  21.27 MB

MaxMetaspaceSize: unlimited
CompressedClassSpaceSize: 1.00 GB
Initial GC threshold: 21.00 MB
Current GC threshold: 21.00 MB
CDS: on
 - commit_granule_bytes: 65536.
 - commit_granule_words: 8192.
 - virtual_space_node_default_size: 8388608.
 - enlarge_chunks_in_place: 1.
 - use_allocation_guard: 0.


Internal statistics:

num_allocs_failed_limit: 0.
num_arena_births: 180.
num_arena_deaths: 0.
num_vsnodes_births: 2.
num_vsnodes_deaths: 0.
num_space_committed: 152.
num_space_uncommitted: 0.
num_chunks_returned_to_freelist: 0.
num_chunks_taken_from_freelist: 458.
num_chunk_merges: 0.
num_chunk_splits: 322.
num_chunks_enlarged: 241.
num_inconsistent_stats: 0.

CodeHeap 'non-profiled nmethods': size=120000Kb used=1361Kb max_used=1361Kb free=118638Kb
 bounds [0x000001b89b740000, 0x000001b89b9b0000, 0x000001b8a2c70000]
CodeHeap 'profiled nmethods': size=120000Kb used=3524Kb max_used=3524Kb free=116475Kb
 bounds [0x000001b893c70000, 0x000001b893ff0000, 0x000001b89b1a0000]
CodeHeap 'non-nmethods': size=5760Kb used=2726Kb max_used=2764Kb free=3033Kb
 bounds [0x000001b89b1a0000, 0x000001b89b460000, 0x000001b89b740000]
 total_blobs=3430 nmethods=2155 adapters=1180
 compilation: enabled
              stopped_count=0, restarted_count=0
 full_count=0

Compilation events (20 events):
Event: 47.474 Thread 0x000001b8aa8189e0 nmethod 2147 0x000001b89b885d10 code [0x000001b89b885ee0, 0x000001b89b8861a0]
Event: 48.295 Thread 0x000001b8aa8189e0 2148       4       scenes.LevelEditorSceneInitializer::imgui (1914 bytes)
Event: 48.370 Thread 0x000001b8aa8189e0 nmethod 2148 0x000001b89b886410 code [0x000001b89b886f00, 0x000001b89b88b290]
Event: 48.370 Thread 0x000001b8aa8189e0 2149       4       imgui.glfw.ImGuiImplGlfw$GetWindowPosFunction::get (46 bytes)
Event: 48.372 Thread 0x000001b8aa8189e0 nmethod 2149 0x000001b89b88fe10 code [0x000001b89b88ffe0, 0x000001b89b890310]
Event: 48.372 Thread 0x000001b8aa8189e0 2150       4       components.TranslateGizmo::editorUpdate (79 bytes)
Event: 48.375 Thread 0x000001b8aa8189e0 nmethod 2150 0x000001b89b890690 code [0x000001b89b890860, 0x000001b89b890cb8]
Event: 48.375 Thread 0x000001b8aa8189e0 2151       4       components.ScaleGizmo::editorUpdate (79 bytes)
Event: 48.377 Thread 0x000001b8aa8189e0 nmethod 2151 0x000001b89b891110 code [0x000001b89b8912e0, 0x000001b89b891738]
Event: 73.564 Thread 0x000001b8aa8189e0 2152       4       org.lwjgl.opengl.GL11::glDrawArrays (7 bytes)
Event: 73.565 Thread 0x000001b8aa8189e0 nmethod 2152 0x000001b89b891b90 code [0x000001b89b891d20, 0x000001b89b891db0]
Event: 91.444 Thread 0x000001b8aa8189e0 2153 % !   4       java.lang.ref.Reference::processPendingReferences @ 27 (118 bytes)
Event: 91.450 Thread 0x000001b8aa8189e0 nmethod 2153% 0x000001b89b891e90 code [0x000001b89b8920c0, 0x000001b89b892d98]
Event: 91.451 Thread 0x000001b8aa8189e0 2154   !   4       java.lang.ref.Reference::processPendingReferences (118 bytes)
Event: 91.457 Thread 0x000001b8aa8189e0 nmethod 2154 0x000001b89b893110 code [0x000001b89b893380, 0x000001b89b894240]
Event: 166.576 Thread 0x000001b8aa819090 2155       3       jdk.internal.loader.ClassLoaders::platformClassLoader (4 bytes)
Event: 166.576 Thread 0x000001b8aa819090 nmethod 2155 0x000001b893fe0510 code [0x000001b893fe06a0, 0x000001b893fe0798]
Event: 166.577 Thread 0x000001b8aa819090 2156       3       java.lang.Class::getReflectionFactory (28 bytes)
Event: 166.577 Thread 0x000001b8aa819090 nmethod 2156 0x000001b893fe0810 code [0x000001b893fe0a40, 0x000001b893fe1120]
Event: 166.578 Thread 0x000001b8aa819090 2157   !   3       java.util.concurrent.ConcurrentHashMap::replaceNode (437 bytes)

GC Heap History (10 events):
Event: 1.511 GC heap before
{Heap before GC invocations=0 (full 0):
 garbage-first heap   total 260096K, used 20480K [0x0000000703a00000, 0x0000000800000000)
  region size 2048K, 11 young (22528K), 0 survivors (0K)
 Metaspace       used 7671K, committed 7936K, reserved 1114112K
  class space    used 596K, committed 704K, reserved 1048576K
}
Event: 1.520 GC heap after
{Heap after GC invocations=1 (full 0):
 garbage-first heap   total 260096K, used 5007K [0x0000000703a00000, 0x0000000800000000)
  region size 2048K, 2 young (4096K), 2 survivors (4096K)
 Metaspace       used 7671K, committed 7936K, reserved 1114112K
  class space    used 596K, committed 704K, reserved 1048576K
}
Event: 8.454 GC heap before
{Heap before GC invocations=1 (full 0):
 garbage-first heap   total 260096K, used 31631K [0x0000000703a00000, 0x0000000800000000)
  region size 2048K, 15 young (30720K), 2 survivors (4096K)
 Metaspace       used 9584K, committed 9792K, reserved 1114112K
  class space    used 665K, committed 768K, reserved 1048576K
}
Event: 8.459 GC heap after
{Heap after GC invocations=2 (full 0):
 garbage-first heap   total 260096K, used 7446K [0x0000000703a00000, 0x0000000800000000)
  region size 2048K, 2 young (4096K), 2 survivors (4096K)
 Metaspace       used 9584K, committed 9792K, reserved 1114112K
  class space    used 665K, committed 768K, reserved 1048576K
}
Event: 38.558 GC heap before
{Heap before GC invocations=2 (full 0):
 garbage-first heap   total 260096K, used 93462K [0x0000000703a00000, 0x0000000800000000)
  region size 2048K, 44 young (90112K), 2 survivors (4096K)
 Metaspace       used 9588K, committed 9792K, reserved 1114112K
  class space    used 665K, committed 768K, reserved 1048576K
}
Event: 38.578 GC heap after
{Heap after GC invocations=3 (full 0):
 garbage-first heap   total 260096K, used 10829K [0x0000000703a00000, 0x0000000800000000)
  region size 2048K, 3 young (6144K), 3 survivors (6144K)
 Metaspace       used 9588K, committed 9792K, reserved 1114112K
  class space    used 665K, committed 768K, reserved 1048576K
}
Event: 91.419 GC heap before
{Heap before GC invocations=3 (full 0):
 garbage-first heap   total 260096K, used 160333K [0x0000000703a00000, 0x0000000800000000)
  region size 2048K, 76 young (155648K), 3 survivors (6144K)
 Metaspace       used 9589K, committed 9792K, reserved 1114112K
  class space    used 665K, committed 768K, reserved 1048576K
}
Event: 91.438 GC heap after
{Heap after GC invocations=4 (full 0):
 garbage-first heap   total 260096K, used 14446K [0x0000000703a00000, 0x0000000800000000)
  region size 2048K, 5 young (10240K), 5 survivors (10240K)
 Metaspace       used 9589K, committed 9792K, reserved 1114112K
  class space    used 665K, committed 768K, reserved 1048576K
}
Event: 142.835 GC heap before
{Heap before GC invocations=4 (full 0):
 garbage-first heap   total 260096K, used 159854K [0x0000000703a00000, 0x0000000800000000)
  region size 2048K, 76 young (155648K), 5 survivors (10240K)
 Metaspace       used 9589K, committed 9792K, reserved 1114112K
  class space    used 665K, committed 768K, reserved 1048576K
}
Event: 142.858 GC heap after
{Heap after GC invocations=5 (full 0):
 garbage-first heap   total 260096K, used 14537K [0x0000000703a00000, 0x0000000800000000)
  region size 2048K, 5 young (10240K), 5 survivors (10240K)
 Metaspace       used 9589K, committed 9792K, reserved 1114112K
  class space    used 665K, committed 768K, reserved 1048576K
}

Dll operation events (15 events):
Event: 0.006 Loaded shared library D:\jdk-21.0.1\bin\java.dll
Event: 0.034 Loaded shared library D:\jdk-21.0.1\bin\jsvml.dll
Event: 0.072 Loaded shared library D:\jdk-21.0.1\bin\zip.dll
Event: 0.073 Loaded shared library D:\jdk-21.0.1\bin\instrument.dll
Event: 0.076 Loaded shared library D:\jdk-21.0.1\bin\net.dll
Event: 0.077 Loaded shared library D:\jdk-21.0.1\bin\nio.dll
Event: 0.079 Loaded shared library D:\jdk-21.0.1\bin\zip.dll
Event: 0.104 Loaded shared library D:\IntelliJ IDEA Community Edition 2023.3.3\bin\breakgen64.dll
Event: 0.109 Loaded shared library D:\jdk-21.0.1\bin\extnet.dll
Event: 0.140 Loaded shared library D:\jdk-21.0.1\bin\jimage.dll
Event: 0.152 Loaded shared library C:\Users\Vu\AppData\Local\Temp\lwjglVu\3.3.1-build-7\lwjgl.dll
Event: 0.939 Loaded shared library C:\Users\Vu\AppData\Local\Temp\lwjglVu\3.3.1-build-7\lwjgl_opengl.dll
Event: 1.294 Loaded shared library C:\Users\Vu\AppData\Local\Temp\imgui-java-natives_1708475421109\imgui-java64.dll
Event: 1.459 Loaded shared library D:\jdk-21.0.1\bin\verify.dll
Event: 1.569 Loaded shared library C:\Users\Vu\AppData\Local\Temp\lwjglVu\3.3.1-build-7\lwjgl_stb.dll

Deoptimization events (20 events):
Event: 38.634 Thread 0x000001b8894e2810 DEOPT PACKING pc=0x000001b893fdd683 sp=0x000000a63cfff200
Event: 38.634 Thread 0x000001b8894e2810 DEOPT UNPACKING pc=0x000001b89b1f88e2 sp=0x000000a63cffe6d8 mode 0
Event: 38.690 Thread 0x000001b8894e2810 DEOPT PACKING pc=0x000001b893fdd683 sp=0x000000a63cfff200
Event: 38.690 Thread 0x000001b8894e2810 DEOPT UNPACKING pc=0x000001b89b1f88e2 sp=0x000000a63cffe6d8 mode 0
Event: 38.808 Thread 0x000001b8894e2810 DEOPT PACKING pc=0x000001b893fdd683 sp=0x000000a63cfff200
Event: 38.808 Thread 0x000001b8894e2810 DEOPT UNPACKING pc=0x000001b89b1f88e2 sp=0x000000a63cffe6d8 mode 0
Event: 38.926 Thread 0x000001b8894e2810 DEOPT PACKING pc=0x000001b893fdd683 sp=0x000000a63cfff200
Event: 38.926 Thread 0x000001b8894e2810 DEOPT UNPACKING pc=0x000001b89b1f88e2 sp=0x000000a63cffe6d8 mode 0
Event: 39.024 Thread 0x000001b8894e2810 DEOPT PACKING pc=0x000001b893fdd683 sp=0x000000a63cfff200
Event: 39.024 Thread 0x000001b8894e2810 DEOPT UNPACKING pc=0x000001b89b1f88e2 sp=0x000000a63cffe6d8 mode 0
Event: 39.086 Thread 0x000001b8894e2810 DEOPT PACKING pc=0x000001b893fdd6a4 sp=0x000000a63cfff200
Event: 39.086 Thread 0x000001b8894e2810 DEOPT UNPACKING pc=0x000001b89b1f88e2 sp=0x000000a63cffe6d8 mode 0
Event: 39.141 Thread 0x000001b8894e2810 DEOPT PACKING pc=0x000001b893fdd683 sp=0x000000a63cfff200
Event: 39.141 Thread 0x000001b8894e2810 DEOPT UNPACKING pc=0x000001b89b1f88e2 sp=0x000000a63cffe6d8 mode 0
Event: 91.451 Thread 0x000001b8aa8015c0 DEOPT PACKING pc=0x000001b893fdfd99 sp=0x000000a63d7ff6f0
Event: 91.451 Thread 0x000001b8aa8015c0 DEOPT UNPACKING pc=0x000001b89b1f88e2 sp=0x000000a63d7feb90 mode 0
Event: 166.577 Thread 0x000001b8fe6992f0 Uncommon trap: trap_request=0xffffff45 fr.pc=0x000001b89b818be0 relative=0x0000000000000140
Event: 166.577 Thread 0x000001b8fe6992f0 Uncommon trap: reason=unstable_if action=reinterpret pc=0x000001b89b818be0 method=java.lang.Class.reflectionData()Ljava/lang/Class$ReflectionData; @ 11 c2
Event: 166.577 Thread 0x000001b8fe6992f0 DEOPT PACKING pc=0x000001b89b818be0 sp=0x000000a63ccfe000
Event: 166.577 Thread 0x000001b8fe6992f0 DEOPT UNPACKING pc=0x000001b89b1f7da2 sp=0x000000a63ccfdfb8 mode 2

Classes loaded (20 events):
Event: 166.577 Loading class jdk/internal/logger/AbstractLoggerWrapper
Event: 166.577 Loading class jdk/internal/logger/AbstractLoggerWrapper done
Event: 166.577 Loading class jdk/internal/logger/LazyLoggers$LazyLoggerWrapper done
Event: 166.577 Loading class jdk/internal/logger/LazyLoggers$JdkLazyLogger done
Event: 166.577 Loading class jdk/internal/logger/LazyLoggers$LazyLoggerAccessor
Event: 166.577 Loading class jdk/internal/logger/LazyLoggers$LoggerAccessor
Event: 166.577 Loading class jdk/internal/logger/LazyLoggers$LoggerAccessor done
Event: 166.577 Loading class jdk/internal/logger/LazyLoggers$LazyLoggerAccessor done
Event: 166.577 Loading class java/lang/System$Logger$Level
Event: 166.577 Loading class java/lang/System$Logger$Level done
Event: 166.577 Loading class jdk/internal/logger/SurrogateLogger
Event: 166.577 Loading class jdk/internal/logger/SimpleConsoleLogger
Event: 166.577 Loading class sun/util/logging/PlatformLogger$ConfigurableBridge$LoggerConfiguration
Event: 166.577 Loading class sun/util/logging/PlatformLogger$ConfigurableBridge$LoggerConfiguration done
Event: 166.577 Loading class jdk/internal/logger/SimpleConsoleLogger done
Event: 166.577 Loading class jdk/internal/logger/SurrogateLogger done
Event: 166.578 Loading class sun/util/logging/PlatformLogger
Event: 166.578 Loading class sun/util/logging/PlatformLogger done
Event: 166.578 Loading class sun/util/logging/PlatformLogger$Level
Event: 166.578 Loading class sun/util/logging/PlatformLogger$Level done

Classes unloaded (0 events):
No events

Classes redefined (0 events):
No events

Internal exceptions (20 events):
Event: 0.929 Thread 0x000001b8894e2810 Exception <a 'java/lang/NoSuchMethodError'{0x0000000712e878b0}: 'java.lang.Object java.lang.invoke.DirectMethodHandle$Holder.newInvokeSpecial(java.lang.Object, long)'> (0x0000000712e878b0) 
thrown [s\open\src\hotspot\share\interpreter\linkResolver.cpp, line 773]
Event: 0.935 Thread 0x000001b8894e2810 Exception <a 'java/lang/NoSuchMethodError'{0x0000000712ec12c0}: 'void java.lang.System.load(java.lang.String, java.lang.Class)'> (0x0000000712ec12c0) 
thrown [s\open\src\hotspot\share\interpreter\linkResolver.cpp, line 773]
Event: 0.935 Thread 0x000001b8894e2810 Exception <a 'java/lang/NoSuchMethodError'{0x0000000712ec3c60}: 'void java.lang.System.loadLibrary(java.lang.String, java.lang.Class)'> (0x0000000712ec3c60) 
thrown [s\open\src\hotspot\share\interpreter\linkResolver.cpp, line 773]
Event: 0.938 Thread 0x000001b8894e2810 Exception <a 'sun/nio/fs/WindowsException'{0x0000000712ed3a10}> (0x0000000712ed3a10) 
thrown [s\open\src\hotspot\share\prims\jni.cpp, line 520]
Event: 0.938 Thread 0x000001b8894e2810 Exception <a 'sun/nio/fs/WindowsException'{0x0000000712ed3d90}> (0x0000000712ed3d90) 
thrown [s\open\src\hotspot\share\prims\jni.cpp, line 520]
Event: 0.940 Thread 0x000001b8894e2810 Exception <a 'sun/nio/fs/WindowsException'{0x0000000712edac70}> (0x0000000712edac70) 
thrown [s\open\src\hotspot\share\prims\jni.cpp, line 520]
Event: 0.940 Thread 0x000001b8894e2810 Exception <a 'sun/nio/fs/WindowsException'{0x0000000712edaf30}> (0x0000000712edaf30) 
thrown [s\open\src\hotspot\share\prims\jni.cpp, line 520]
Event: 1.044 Thread 0x000001b8aa805fe0 Exception <a 'java/lang/NoSuchMethodError'{0x0000000712d58ca0}: 'java.lang.Object java.lang.invoke.Invokers$Holder.invokeExact_MT(java.lang.Object, java.lang.Object, java.lang.Object, java.lang.Object, java.lang.Object, java.lang.Object)'> (0x0000000712d58ca0) 
thrown [s\open\src\hotspot\share\interpreter\linkResolver.cpp, line 773]
Event: 1.145 Thread 0x000001b8894e2810 Exception <a 'sun/nio/fs/WindowsException'{0x0000000712b6f098}> (0x0000000712b6f098) 
thrown [s\open\src\hotspot\share\prims\jni.cpp, line 520]
Event: 1.305 Thread 0x000001b8894e2810 Exception <a 'java/lang/NoSuchMethodError'{0x0000000712bc67e0}: 'void java.lang.invoke.DirectMethodHandle$Holder.invokeVirtual(java.lang.Object, java.lang.Object, long, int)'> (0x0000000712bc67e0) 
thrown [s\open\src\hotspot\share\interpreter\linkResolver.cpp, line 773]
Event: 1.464 Thread 0x000001b8894e2810 Exception <a 'java/lang/NoSuchMethodError'{0x00000007125a0108}: 'float java.lang.invoke.DelegatingMethodHandle$Holder.reinvoke_L(java.lang.Object, java.lang.Object)'> (0x00000007125a0108) 
thrown [s\open\src\hotspot\share\interpreter\linkResolver.cpp, line 773]
Event: 1.465 Thread 0x000001b8894e2810 Exception <a 'java/lang/NoSuchMethodError'{0x00000007125aa090}: 'void java.lang.invoke.DelegatingMethodHandle$Holder.reinvoke_L(java.lang.Object, java.lang.Object, float)'> (0x00000007125aa090) 
thrown [s\open\src\hotspot\share\interpreter\linkResolver.cpp, line 773]
Event: 1.467 Thread 0x000001b8894e2810 Exception <a 'java/lang/NoSuchMethodError'{0x00000007125c4e28}: 'void java.lang.invoke.Invokers$Holder.invokeExact_MT(java.lang.Object, java.lang.Object, java.lang.Object, java.lang.Object)'> (0x00000007125c4e28) 
thrown [s\open\src\hotspot\share\interpreter\linkResolver.cpp, line 773]
Event: 1.468 Thread 0x000001b8894e2810 Exception <a 'java/lang/NoSuchMethodError'{0x00000007125cd878}: 'void java.lang.invoke.DelegatingMethodHandle$Holder.reinvoke_L(java.lang.Object, java.lang.Object, int)'> (0x00000007125cd878) 
thrown [s\open\src\hotspot\share\interpreter\linkResolver.cpp, line 773]
Event: 1.468 Thread 0x000001b8894e2810 Exception <a 'java/lang/NoSuchMethodError'{0x00000007125d40b8}: 'void java.lang.invoke.Invokers$Holder.invokeExact_MT(java.lang.Object, java.lang.Object, int, java.lang.Object)'> (0x00000007125d40b8) 
thrown [s\open\src\hotspot\share\interpreter\linkResolver.cpp, line 773]
Event: 1.564 Thread 0x000001b8894e2810 Exception <a 'java/lang/NoSuchMethodError'{0x00000007136d8b90}: 'void java.lang.System.load(java.lang.String, java.lang.Class)'> (0x00000007136d8b90) 
thrown [s\open\src\hotspot\share\interpreter\linkResolver.cpp, line 773]
Event: 1.565 Thread 0x000001b8894e2810 Exception <a 'java/lang/NoSuchMethodError'{0x000000071375e0c0}: 'void java.lang.System.loadLibrary(java.lang.String, java.lang.Class)'> (0x000000071375e0c0) 
thrown [s\open\src\hotspot\share\interpreter\linkResolver.cpp, line 773]
Event: 1.568 Thread 0x000001b8894e2810 Exception <a 'sun/nio/fs/WindowsException'{0x000000071376ccd8}> (0x000000071376ccd8) 
thrown [s\open\src\hotspot\share\prims\jni.cpp, line 520]
Event: 1.568 Thread 0x000001b8894e2810 Exception <a 'sun/nio/fs/WindowsException'{0x000000071376d038}> (0x000000071376d038) 
thrown [s\open\src\hotspot\share\prims\jni.cpp, line 520]
Event: 166.577 Thread 0x000001b8fe6992f0 Implicit null exception at 0x000001b89b818ae4 to 0x000001b89b818bc8

ZGC Phase Switch (0 events):
No events

VM Operations (20 events):
Event: 13.473 Executing VM operation: Cleanup done
Event: 17.510 Executing VM operation: Cleanup
Event: 17.510 Executing VM operation: Cleanup done
Event: 38.558 Executing VM operation: G1CollectForAllocation (G1 Evacuation Pause)
Event: 38.578 Executing VM operation: G1CollectForAllocation (G1 Evacuation Pause) done
Event: 39.588 Executing VM operation: Cleanup
Event: 39.588 Executing VM operation: Cleanup done
Event: 60.129 Executing VM operation: HandshakeAllThreads (HandshakeForDeflation)
Event: 60.129 Executing VM operation: HandshakeAllThreads (HandshakeForDeflation) done
Event: 60.129 Executing VM operation: RendezvousGCThreads
Event: 60.129 Executing VM operation: RendezvousGCThreads done
Event: 91.419 Executing VM operation: G1CollectForAllocation (G1 Evacuation Pause)
Event: 91.438 Executing VM operation: G1CollectForAllocation (G1 Evacuation Pause) done
Event: 120.138 Executing VM operation: HandshakeAllThreads (HandshakeForDeflation)
Event: 120.138 Executing VM operation: HandshakeAllThreads (HandshakeForDeflation) done
Event: 120.138 Executing VM operation: RendezvousGCThreads
Event: 120.138 Executing VM operation: RendezvousGCThreads done
Event: 142.835 Executing VM operation: G1CollectForAllocation (G1 Evacuation Pause)
Event: 142.858 Executing VM operation: G1CollectForAllocation (G1 Evacuation Pause) done
Event: 166.578 Executing VM operation: Exit

Events (20 events):
Event: 0.032 Thread 0x000001b8aa8030e0 Thread added: 0x000001b8aa8030e0
Event: 0.032 Thread 0x000001b8aa805fe0 Thread added: 0x000001b8aa805fe0
Event: 0.032 Thread 0x000001b8aa8094f0 Thread added: 0x000001b8aa8094f0
Event: 0.032 Thread 0x000001b8aa80a080 Thread added: 0x000001b8aa80a080
Event: 0.033 Thread 0x000001b8aa8189e0 Thread added: 0x000001b8aa8189e0
Event: 0.033 Thread 0x000001b8aa819090 Thread added: 0x000001b8aa819090
Event: 0.057 Thread 0x000001b8aa7cc340 Thread added: 0x000001b8aa7cc340
Event: 0.092 Thread 0x000001b8f0200b10 Thread added: 0x000001b8f0200b10
Event: 0.104 Thread 0x000001b8f0311510 Thread added: 0x000001b8f0311510
Event: 0.104 Thread 0x000001b8f0491880 Thread added: 0x000001b8f0491880
Event: 0.928 Thread 0x000001b8f0200b10 Thread exited: 0x000001b8f0200b10
Event: 0.948 Thread 0x000001b8f92ff580 Thread added: 0x000001b8f92ff580
Event: 1.295 Thread 0x000001b8f92ff580 Thread exited: 0x000001b8f92ff580
Event: 1.389 Thread 0x000001b8f94dcf20 Thread added: 0x000001b8f94dcf20
Event: 1.450 Thread 0x000001b8f9f2c5e0 Thread added: 0x000001b8f9f2c5e0
Event: 1.831 Thread 0x000001b8f9f2c5e0 Thread exited: 0x000001b8f9f2c5e0
Event: 1.831 Thread 0x000001b8f94dcf20 Thread exited: 0x000001b8f94dcf20
Event: 8.465 Thread 0x000001b8fe617390 Thread added: 0x000001b8fe617390
Event: 10.460 Thread 0x000001b8fe617390 Thread exited: 0x000001b8fe617390
Event: 166.575 Thread 0x000001b8fe6992f0 Thread added: 0x000001b8fe6992f0


Dynamic libraries:
0x00007ff73fbf0000 - 0x00007ff73fc00000 	D:\jdk-21.0.1\bin\java.exe
0x00007ffe1b1b0000 - 0x00007ffe1b3c7000 	C:\WINDOWS\SYSTEM32\ntdll.dll
0x00007ffe199f0000 - 0x00007ffe19ab4000 	C:\WINDOWS\System32\KERNEL32.DLL
0x00007ffe187d0000 - 0x00007ffe18b76000 	C:\WINDOWS\System32\KERNELBASE.dll
0x00007ffe18db0000 - 0x00007ffe18ec1000 	C:\WINDOWS\System32\ucrtbase.dll
0x00007ffdbc5e0000 - 0x00007ffdbc5f9000 	D:\jdk-21.0.1\bin\jli.dll
0x00007ffdadf40000 - 0x00007ffdadf5b000 	D:\jdk-21.0.1\bin\VCRUNTIME140.dll
0x00007ffe1aa40000 - 0x00007ffe1aaf3000 	C:\WINDOWS\System32\ADVAPI32.dll
0x00007ffe1a690000 - 0x00007ffe1a737000 	C:\WINDOWS\System32\msvcrt.dll
0x00007ffe18f00000 - 0x00007ffe18fa8000 	C:\WINDOWS\System32\sechost.dll
0x00007ffe18570000 - 0x00007ffe18598000 	C:\WINDOWS\System32\bcrypt.dll
0x00007ffe197e0000 - 0x00007ffe198f7000 	C:\WINDOWS\System32\RPCRT4.dll
0x00007ffe1a880000 - 0x00007ffe1aa2e000 	C:\WINDOWS\System32\USER32.dll
0x00007ffe18ed0000 - 0x00007ffe18ef6000 	C:\WINDOWS\System32\win32u.dll
0x00007ffe19900000 - 0x00007ffe19929000 	C:\WINDOWS\System32\GDI32.dll
0x00007ffe185a0000 - 0x00007ffe186b8000 	C:\WINDOWS\System32\gdi32full.dll
0x00007ffdf6ba0000 - 0x00007ffdf6e33000 	C:\WINDOWS\WinSxS\amd64_microsoft.windows.common-controls_6595b64144ccf1df_6.0.22621.2506_none_270c5ae97388e100\COMCTL32.dll
0x00007ffe18730000 - 0x00007ffe187ca000 	C:\WINDOWS\System32\msvcp_win.dll
0x00007ffe0db10000 - 0x00007ffe0db1a000 	C:\WINDOWS\SYSTEM32\VERSION.dll
0x00007ffe199b0000 - 0x00007ffe199e1000 	C:\WINDOWS\System32\IMM32.DLL
0x00007ffddec00000 - 0x00007ffddec0c000 	D:\jdk-21.0.1\bin\vcruntime140_1.dll
0x00007ffd9a610000 - 0x00007ffd9a69e000 	D:\jdk-21.0.1\bin\msvcp140.dll
0x00007ffd97f10000 - 0x00007ffd98c25000 	D:\jdk-21.0.1\bin\server\jvm.dll
0x00007ffe19930000 - 0x00007ffe199a1000 	C:\WINDOWS\System32\WS2_32.dll
0x00007ffe17340000 - 0x00007ffe1738d000 	C:\WINDOWS\SYSTEM32\POWRPROF.dll
0x00007ffe0e060000 - 0x00007ffe0e094000 	C:\WINDOWS\SYSTEM32\WINMM.dll
0x00007ffe17320000 - 0x00007ffe17333000 	C:\WINDOWS\SYSTEM32\UMPDC.dll
0x00007ffe175e0000 - 0x00007ffe175f8000 	C:\WINDOWS\SYSTEM32\kernel.appcore.dll
0x00007ffddd1c0000 - 0x00007ffddd1ca000 	D:\jdk-21.0.1\bin\jimage.dll
0x00007ffe15fb0000 - 0x00007ffe161e3000 	C:\WINDOWS\SYSTEM32\DBGHELP.DLL
0x00007ffe19290000 - 0x00007ffe19619000 	C:\WINDOWS\System32\combase.dll
0x00007ffe19be0000 - 0x00007ffe19cb7000 	C:\WINDOWS\System32\OLEAUT32.dll
0x00007ffdfe150000 - 0x00007ffdfe182000 	C:\WINDOWS\SYSTEM32\dbgcore.DLL
0x00007ffe184f0000 - 0x00007ffe1856a000 	C:\WINDOWS\System32\bcryptPrimitives.dll
0x00007ffe12210000 - 0x00007ffe1221f000 	D:\jdk-21.0.1\bin\instrument.dll
0x00007ffdadf20000 - 0x00007ffdadf3f000 	D:\jdk-21.0.1\bin\java.dll
0x00007ffe19d20000 - 0x00007ffe1a57b000 	C:\WINDOWS\System32\SHELL32.dll
0x00007ffe16410000 - 0x00007ffe16d06000 	C:\WINDOWS\SYSTEM32\windows.storage.dll
0x00007ffe162d0000 - 0x00007ffe1640e000 	C:\WINDOWS\SYSTEM32\wintypes.dll
0x00007ffe19ac0000 - 0x00007ffe19bb3000 	C:\WINDOWS\System32\SHCORE.dll
0x00007ffe1a790000 - 0x00007ffe1a7ee000 	C:\WINDOWS\System32\shlwapi.dll
0x00007ffe18420000 - 0x00007ffe18446000 	C:\WINDOWS\SYSTEM32\profapi.dll
0x00007ffd97e30000 - 0x00007ffd97f07000 	D:\jdk-21.0.1\bin\jsvml.dll
0x00007ffd9eb10000 - 0x00007ffd9eb28000 	D:\jdk-21.0.1\bin\zip.dll
0x00007ffddc6d0000 - 0x00007ffddc6e0000 	D:\jdk-21.0.1\bin\net.dll
0x00007ffe0eeb0000 - 0x00007ffe0efe7000 	C:\WINDOWS\SYSTEM32\WINHTTP.dll
0x00007ffe17a50000 - 0x00007ffe17ab9000 	C:\WINDOWS\system32\mswsock.dll
0x00007ffd9eb30000 - 0x00007ffd9eb46000 	D:\jdk-21.0.1\bin\nio.dll
0x00007ffe121f0000 - 0x00007ffe1220a000 	D:\IntelliJ IDEA Community Edition 2023.3.3\bin\breakgen64.dll
0x00007ffdda030000 - 0x00007ffdda037000 	D:\jdk-21.0.1\bin\extnet.dll
0x00007ffe09dd0000 - 0x00007ffe09e45000 	C:\Users\Vu\AppData\Local\Temp\lwjglVu\3.3.1-build-7\lwjgl.dll
0x00007ffe099f0000 - 0x00007ffe09a51000 	C:\Users\Vu\AppData\Local\Temp\lwjglVu\3.3.1-build-7\glfw.dll
0x00007ffe09d80000 - 0x00007ffe09dc6000 	C:\WINDOWS\SYSTEM32\dinput8.dll
0x00007ffdb9410000 - 0x00007ffdb9421000 	C:\WINDOWS\SYSTEM32\xinput1_4.dll
0x00007ffe181e0000 - 0x00007ffe1822e000 	C:\WINDOWS\SYSTEM32\cfgmgr32.dll
0x00007ffe181b0000 - 0x00007ffe181dc000 	C:\WINDOWS\SYSTEM32\DEVOBJ.dll
0x00007ffe12f40000 - 0x00007ffe12f6b000 	C:\WINDOWS\SYSTEM32\dwmapi.dll
0x00007ffde85d0000 - 0x00007ffde87da000 	C:\WINDOWS\SYSTEM32\inputhost.dll
0x00007ffe12840000 - 0x00007ffe12974000 	C:\WINDOWS\SYSTEM32\CoreMessaging.dll
0x00007ffe12cf0000 - 0x00007ffe12d9b000 	C:\WINDOWS\system32\uxtheme.dll
0x00007ffe19680000 - 0x00007ffe197d1000 	C:\WINDOWS\System32\MSCTF.dll
0x00007ffe17d80000 - 0x00007ffe17d8c000 	C:\WINDOWS\SYSTEM32\CRYPTBASE.DLL
0x00007ffded440000 - 0x00007ffded540000 	C:\WINDOWS\SYSTEM32\opengl32.dll
0x00007ffe05670000 - 0x00007ffe0569d000 	C:\WINDOWS\SYSTEM32\GLU32.dll
0x00007ffe15660000 - 0x00007ffe15699000 	C:\WINDOWS\SYSTEM32\dxcore.dll
0x00007ffe0e0a0000 - 0x00007ffe0e0ea000 	C:\WINDOWS\SYSTEM32\directxdatabasehelper.dll
0x00007ffe19030000 - 0x00007ffe190e0000 	C:\WINDOWS\System32\clbcatq.dll
0x00007ffd96a20000 - 0x00007ffd97a13000 	C:\WINDOWS\System32\DriverStore\FileRepository\iigd_dch.inf_amd64_5802b1615520e41c\igxelpicd64.dll
0x00007ffe190e0000 - 0x00007ffe19280000 	C:\WINDOWS\System32\ole32.dll
0x00007ffe12e20000 - 0x00007ffe12f18000 	C:\WINDOWS\system32\dxgi.dll
0x00007ffdbb860000 - 0x00007ffdbbb47000 	C:\WINDOWS\System32\DriverStore\FileRepository\iigd_dch.inf_amd64_5802b1615520e41c\igdml64.dll
0x00007ffe0a6c0000 - 0x00007ffe0aa87000 	C:\WINDOWS\System32\DriverStore\FileRepository\iigd_dch.inf_amd64_5802b1615520e41c\igdgmm64.dll
0x00007ffe00a00000 - 0x00007ffe04011000 	C:\WINDOWS\System32\DriverStore\FileRepository\iigd_dch.inf_amd64_5802b1615520e41c\igc64.dll
0x00007ffe056a0000 - 0x00007ffe057ea000 	C:\WINDOWS\SYSTEM32\textinputframework.dll
0x00007ffe0d290000 - 0x00007ffe0d5fc000 	C:\WINDOWS\SYSTEM32\CoreUIComponents.dll
0x00007ffdbb6c0000 - 0x00007ffdbb857000 	C:\Users\Vu\AppData\Local\Temp\lwjglVu\3.3.1-build-7\OpenAL.dll
0x00007ffe042a0000 - 0x00007ffe0433d000 	C:\WINDOWS\System32\MMDevApi.dll
0x00007ffe06180000 - 0x00007ffe0636c000 	C:\WINDOWS\SYSTEM32\AUDIOSES.DLL
0x00007ffe15900000 - 0x00007ffe15915000 	C:\WINDOWS\SYSTEM32\resourcepolicyclient.dll
0x00007ffe05f50000 - 0x00007ffe05fad000 	C:\Users\Vu\AppData\Local\Temp\lwjglVu\3.3.1-build-7\lwjgl_opengl.dll
0x0000000064a00000 - 0x0000000064d10000 	C:\Users\Vu\AppData\Local\Temp\imgui-java-natives_1708475421109\imgui-java64.dll
0x00007ffe17da0000 - 0x00007ffe17dbb000 	C:\WINDOWS\SYSTEM32\CRYPTSP.dll
0x00007ffe17540000 - 0x00007ffe17575000 	C:\WINDOWS\system32\rsaenh.dll
0x00007ffdd8880000 - 0x00007ffdd8890000 	D:\jdk-21.0.1\bin\verify.dll
0x00007ffe052f0000 - 0x00007ffe05371000 	C:\Users\Vu\AppData\Local\Temp\lwjglVu\3.3.1-build-7\lwjgl_stb.dll

dbghelp: loaded successfully - version: 4.0.5 - missing functions: none
symbol engine: initialized successfully - sym options: 0x614 - pdb path: .;D:\jdk-21.0.1\bin;C:\WINDOWS\SYSTEM32;C:\WINDOWS\WinSxS\amd64_microsoft.windows.common-controls_6595b64144ccf1df_6.0.22621.2506_none_270c5ae97388e100;D:\jdk-21.0.1\bin\server;D:\IntelliJ IDEA Community Edition 2023.3.3\bin;C:\Users\Vu\AppData\Local\Temp\lwjglVu\3.3.1-build-7;C:\WINDOWS\System32\DriverStore\FileRepository\iigd_dch.inf_amd64_5802b1615520e41c;C:\Users\Vu\AppData\Local\Temp\imgui-java-natives_1708475421109

VM Arguments:
jvm_args: -javaagent:D:\IntelliJ IDEA Community Edition 2023.3.3\lib\idea_rt.jar=58455:D:\IntelliJ IDEA Community Edition 2023.3.3\bin -Dfile.encoding=UTF-8 -Dsun.stdout.encoding=UTF-8 -Dsun.stderr.encoding=UTF-8 
java_command: main.Main
java_class_path (initial): D:\ducky-game\target\classes;C:\Users\Vu\.m2\repository\io\github\spair\imgui-java-app\1.81.0\imgui-java-app-1.81.0.jar;C:\Users\Vu\.m2\repository\org\lwjgl\lwjgl\3.3.1\lwjgl-3.3.1-natives-linux.jar;C:\Users\Vu\.m2\repository\org\lwjgl\lwjgl-glfw\3.3.1\lwjgl-glfw-3.3.1-natives-linux.jar;C:\Users\Vu\.m2\repository\org\lwjgl\lwjgl-opengl\3.3.1\lwjgl-opengl-3.3.1-natives-linux.jar;C:\Users\Vu\.m2\repository\org\lwjgl\lwjgl\3.3.1\lwjgl-3.3.1-natives-macos.jar;C:\Users\Vu\.m2\repository\org\lwjgl\lwjgl-glfw\3.3.1\lwjgl-glfw-3.3.1-natives-macos.jar;C:\Users\Vu\.m2\repository\org\lwjgl\lwjgl-opengl\3.3.1\lwjgl-opengl-3.3.1-natives-macos.jar;C:\Users\Vu\.m2\repository\io\github\spair\imgui-java-binding\1.81.0\imgui-java-binding-1.81.0.jar;C:\Users\Vu\.m2\repository\io\github\spair\imgui-java-lwjgl3\1.81.0\imgui-java-lwjgl3-1.81.0.jar;C:\Users\Vu\.m2\repository\org\lwjgl\lwjgl\3.3.1\lwjgl-3.3.1.jar;C:\Users\Vu\.m2\repository\com\google\code\gson\gson\2.10.1\gson-2.10.1.jar;C:\Users\Vu\.m2\repository\org\openjfx\javafx-controls\21\javafx-controls-21.jar;C:\Users\Vu\.m2\repository\org\openjfx\javafx-controls\21\javafx-controls-21-win.jar;C:\Users\Vu\.m2\repository\org\openjfx\javafx-graphics\21\javafx-graphics-21.jar;C:\Users\Vu\.m2\repository\org\openjfx\javafx-graphics\21\javafx-graphics-21-win.jar;C:\Users\Vu\.m2\repository\org\openjfx\javafx-base\21\javafx-base-21.jar;C:\Users\Vu\.m2\repository\org\openjfx\javafx-base\21\javafx-base-21-win.jar;C:\Users\Vu\.m2\repository\org\openjfx\javafx-fxml\21\javafx-fxml-21.jar;C:\Users\Vu\.m2\repository\org\openjfx\javafx-fxml\21\javafx-fxml-21-win.jar;C:\Users\Vu\.m2\repository\org\lwjgl\lwjgl-nfd\3.3.1\lwjgl-nfd-3.3.1.jar;C:\Users\Vu\.m2\repository\org\lwjgl\lwjgl-assimp\3.3.1\lwjgl-assimp-3.3.1.jar;C:\Users\Vu\.m2\repository\org\lwjgl\lwjgl-glfw\3.3.1\lwjgl-glfw-3.3.1.jar;C:\Users\Vu\.m2\repository\org\lwjgl\lwjgl-openal\3.3.1\lwjgl-openal-3.3.1.jar;C:\Users\Vu\.m2\repository\org\lwjgl\lwjgl-opengl\3.3.1\lwjgl-opengl-3.3.1.jar;C:\Users\Vu\.m2\repository\org\lwjgl\lwjgl-stb\3.3.1\lwjgl-stb-3.3.1.jar;C:\Users\Vu\.m2\repository\org\lwjgl\lwjgl\3.3.1\lwjgl-3.3.1-natives-windows.jar;C:\Users\Vu\.m2\repository\org\lwjgl\lwjgl-assimp\3.3.1\lwjgl-assimp-3.3.1-natives-windows.jar;C:\Users\Vu\.m2\repository\org\lwjgl\lwjgl-glfw\3.3.1\lwjgl-glfw-3.3.1-natives-windows.jar;C:\Users\Vu\.m2\repository\org\lwjgl\lwjgl-openal\3.3.1\lwjgl-openal-3.3.1-natives-windows.jar;C:\Users\Vu\.m2\repository\org\lwjgl\lwjgl-opengl\3.3.1\lwjgl-opengl-3.3.1-natives-windows.jar;C:\Users\Vu\.m2\repository\org\mongodb\mongodb-driver\3.12.14\mongodb-driver-3.12.14.jar;C:\Users\Vu\.m2\repository\org\mongodb\bson\3.12.14\bson-3.12.14.jar;C:\Users\Vu\.m2\repository\org\mongodb\mongodb-driver-core\3.12.14\mongodb-driver-core-3.12.14.jar;C:\Users\Vu\.m2\repository\org\lwjgl\lwjgl-stb\3.3.1\lwjgl-stb-3.3.1-natives-windows.jar;C:\Users\Vu\.m2\repository\org\lwjgl\lwjgl-nfd\3.3.1\lwjgl-nfd-3.3.1-natives-windows.jar;C:\Users\Vu\.m2\repository\org\jbox2d\jbox2d-library\2.2.1.1\jbox2d-library-2.2.1.1.jar;C:\Users\Vu\.m2\repository\org\joml\joml\1.9.24\joml-1.9.24.jar
Launcher Type: SUN_STANDARD

[Global flags]
     intx CICompilerCount                          = 4                                         {product} {ergonomic}
     uint ConcGCThreads                            = 3                                         {product} {ergonomic}
     uint G1ConcRefinementThreads                  = 10                                        {product} {ergonomic}
   size_t G1HeapRegionSize                         = 2097152                                   {product} {ergonomic}
    uintx GCDrainStackTargetSize                   = 64                                        {product} {ergonomic}
   size_t InitialHeapSize                          = 266338304                                 {product} {ergonomic}
   size_t MarkStackSize                            = 4194304                                   {product} {ergonomic}
   size_t MaxHeapSize                              = 4234149888                                {product} {ergonomic}
   size_t MaxNewSize                               = 2539651072                                {product} {ergonomic}
   size_t MinHeapDeltaBytes                        = 2097152                                   {product} {ergonomic}
   size_t MinHeapSize                              = 8388608                                   {product} {ergonomic}
    uintx NonNMethodCodeHeapSize                   = 5839372                                {pd product} {ergonomic}
    uintx NonProfiledCodeHeapSize                  = 122909434                              {pd product} {ergonomic}
    uintx ProfiledCodeHeapSize                     = 122909434                              {pd product} {ergonomic}
    uintx ReservedCodeCacheSize                    = 251658240                              {pd product} {ergonomic}
     bool SegmentedCodeCache                       = true                                      {product} {ergonomic}
   size_t SoftMaxHeapSize                          = 4234149888                             {manageable} {ergonomic}
     bool UseCompressedOops                        = true                           {product lp64_product} {ergonomic}
     bool UseG1GC                                  = true                                      {product} {ergonomic}
     bool UseLargePagesIndividualAllocation        = false                                  {pd product} {ergonomic}

Logging:
Log output configuration:
 #0: stdout all=off uptime,level,tags foldmultilines=false
 #1: stderr all=off uptime,level,tags foldmultilines=false

Environment Variables:
PATH=C:\Program Files\Common Files\Oracle\Java\javapath;C:\Windows\system32;C:\Windows;C:\Windows\System32\Wbem;C:\Windows\System32\WindowsPowerShell\v1.0\;C:\Windows\System32\OpenSSH\;C:\Program Files (x86)\NVIDIA Corporation\PhysX\Common;C:\Program Files\NVIDIA Corporation\NVIDIA NvDLISR;C:\WINDOWS\system32;C:\WINDOWS;C:\WINDOWS\System32\Wbem;C:\WINDOWS\System32\WindowsPowerShell\v1.0\;C:\WINDOWS\System32\OpenSSH\;C:\Program Files\Git\cmd;C:\Users\Vu\AppData\Local\Microsoft\WindowsApps;
USERNAME=Vu
OS=Windows_NT
PROCESSOR_IDENTIFIER=Intel64 Family 6 Model 141 Stepping 1, GenuineIntel
TMP=C:\Users\Vu\AppData\Local\Temp
TEMP=C:\Users\Vu\AppData\Local\Temp




Periodic native trim disabled

---------------  S Y S T E M  ---------------

OS:
 Windows 11 , 64 bit Build 22621 (10.0.22621.3085)
OS uptime: 0 days 15:48 hours
Hyper-V role detected

CPU: total 12 (initial active 12) (6 cores per cpu, 2 threads per core) family 6 model 141 stepping 1 microcode 0x3c, cx8, cmov, fxsr, ht, mmx, 3dnowpref, sse, sse2, sse3, ssse3, sse4.1, sse4.2, popcnt, lzcnt, tsc, tscinvbit, avx, avx2, aes, erms, clmul, bmi1, bmi2, adx, avx512f, avx512dq, avx512cd, avx512bw, avx512vl, sha, fma, vzeroupper, avx512_vpopcntdq, avx512_vpclmulqdq, avx512_vaes, avx512_vnni, clflush, clflushopt, clwb, avx512_vbmi2, avx512_vbmi, hv, rdtscp, rdpid, fsrm, gfni, avx512_bitalg, f16c, cet_ibt, cet_ss, avx512_ifma
Processor Information for all 12 processors :
  Max Mhz: 2688, Current Mhz: 2688, Mhz Limit: 2688

Memory: 4k page, system-wide physical 16147M (6455M free)
TotalPageFile size 22547M (AvailPageFile size 8165M)
current process WorkingSet (physical memory assigned to process): 462M, peak: 471M
current process commit charge ("private bytes"): 511M, peak: 535M

vm_info: Java HotSpot(TM) 64-Bit Server VM (21.0.1+12-LTS-29) for windows-amd64 JRE (21.0.1+12-LTS-29), built on 2023-10-05T13:27:09Z by "mach5one" with MS VC++ 17.1 (VS2022)

END.
