#
# A fatal error has been detected by the Java Runtime Environment:
#
#  EXCEPTION_ACCESS_VIOLATION (0xc0000005) at pc=0x00007ffdaf2d366c, pid=8692, tid=1932
#
# JRE version: Java(TM) SE Runtime Environment (21.0.1+12) (build 21.0.1+12-LTS-29)
# Java VM: Java HotSpot(TM) 64-Bit Server VM (21.0.1+12-LTS-29, mixed mode, sharing, tiered, compressed oops, compressed class ptrs, g1 gc, windows-amd64)
# Problematic frame:
# C  [igxelpicd64.dll+0x13366c]
#
# No core dump will be written. Minidumps are not enabled by default on client versions of Windows
#
# If you would like to submit a bug report, please visit:
#   https://bugreport.java.com/bugreport/crash.jsp
#

---------------  S U M M A R Y ------------

Command Line: -javaagent:D:\IntelliJ IDEA Community Edition 2023.3.3\lib\idea_rt.jar=57246:D:\IntelliJ IDEA Community Edition 2023.3.3\bin -Dfile.encoding=UTF-8 -Dsun.stdout.encoding=UTF-8 -Dsun.stderr.encoding=UTF-8 main.Main

Host: 11th Gen Intel(R) Core(TM) i5-11400H @ 2.70GHz, 12 cores, 15G,  Windows 11 , 64 bit Build 22621 (10.0.22621.3235)
Time: Mon Mar  4 23:58:31 2024 SE Asia Standard Time elapsed time: 3.791560 seconds (0d 0h 0m 3s)

---------------  T H R E A D  ---------------

Current thread (0x00000208560547a0):  VMThread "VM Thread"          [id=1932, stack(0x0000005a4fd00000,0x0000005a4fe00000) (1024K)]

Stack: [0x0000005a4fd00000,0x0000005a4fe00000],  sp=0x0000005a4fdfe5b0,  free space=1017k
Native frames: (J=compiled Java code, j=interpreted, Vv=VM code, C=native code)
C  [igxelpicd64.dll+0x13366c]


siginfo: EXCEPTION_ACCESS_VIOLATION (0xc0000005), reading address 0x00000000000356f8


Registers:
RAX=0x00000208a5521818, RBX=0x00000208a5521710, RCX=0x0000000000000000, RDX=0x0000000000000000
RSP=0x0000005a4fdfe5b0, RBP=0x0000000000000000, RSI=0x00000208a5521ce0, RDI=0x000002089c3f6880
R8 =0x0000000000000014, R9 =0x0000000000000000, R10=0x0000000000000000, R11=0x0000000000000000
R12=0x0000000000000000, R13=0x00000208a5522ac0, R14=0x0000000000000000, R15=0x0000000000000016
RIP=0x00007ffdaf2d366c, EFLAGS=0x0000000000010206


Register to memory mapping:

RAX=0x00000208a5521818 points into unknown readable memory: 0x0000000000000095 | 95 00 00 00 00 00 00 00
RBX=0x00000208a5521710 points into unknown readable memory: 0x000002089c1cfa30 | 30 fa 1c 9c 08 02 00 00
RCX=0x0 is null
RDX=0x0 is null
RSP=0x0000005a4fdfe5b0 points into unknown readable memory: 0x000002089c1b1a80 | 80 1a 1b 9c 08 02 00 00
RBP=0x0 is null
RSI=0x00000208a5521ce0 points into unknown readable memory: 0x00000208a5522ac0 | c0 2a 52 a5 08 02 00 00
RDI=0x000002089c3f6880 points into unknown readable memory: 0x000002089c1d2f00 | 00 2f 1d 9c 08 02 00 00
R8 =0x0000000000000014 is an unknown value
R9 =0x0 is null
R10=0x0 is null
R11=0x0 is null
R12=0x0 is null
R13=0x00000208a5522ac0 points into unknown readable memory: 0x000002089c1cfa30 | 30 fa 1c 9c 08 02 00 00
R14=0x0 is null
R15=0x0000000000000016 is an unknown value

Top of Stack: (sp=0x0000005a4fdfe5b0)
0x0000005a4fdfe5b0:   000002089c1b1a80 0000000000000000
0x0000005a4fdfe5c0:   01fba78a02489c8a 00007ffe6ad533b4
0x0000005a4fdfe5d0:   00f2ee8b01e7a98b 016efd8b027cf78b
0x0000005a4fdfe5e0:   02ac5b8d02579f8c 02b1e58d02b8758d
0x0000005a4fdfe5f0:   000002089c389078 0000000000000096
0x0000005a4fdfe600:   0000000000000000 000000000000000e
0x0000005a4fdfe610:   0000000000000000 0000000000000000
0x0000005a4fdfe620:   0000005a4fdfe730 00007ffdaf44bc3c
0x0000005a4fdfe630:   000002089c1b1a80 000002089c3f6880
0x0000005a4fdfe640:   0235019301eff600 023dca9300c76900
0x0000005a4fdfe650:   0000005a000032c8 0000b80200000000
0x0000005a4fdfe660:   0000000000000000 02e07d9502d44095
0x0000005a4fdfe670:   01339f9500519b95 01e3979602948d96
0x0000005a4fdfe680:   02c0e39701ebba96 0263139800c4f697
0x0000005a4fdfe690:   0278d79801f1c798 00007ffdaf4419a0
0x0000005a4fdfe6a0:   01730b9a02ced499 02c95b9a026a529a
0x0000005a4fdfe6b0:   02827c9a0254649a 02b00b9b020ec89a
0x0000005a4fdfe6c0:   02224d9c02b8a59b 02e3a79c02126f9c
0x0000005a4fdfe6d0:   028a9a9d00a8e09c 00007ffdaf223cdf
0x0000005a4fdfe6e0:   0000b80200000000 00000000000032c8
0x0000005a4fdfe6f0:   0000000000000000 4000170000000001
0x0000005a4fdfe700:   0000000000000000 0000000000000000
0x0000005a4fdfe710:   0000000000000000 0000000000000000
0x0000005a4fdfe720:   0000000000000000 0000000000000000
0x0000005a4fdfe730:   0000000000000000 0000000000000000
0x0000005a4fdfe740:   0000000000000000 0000000000000000
0x0000005a4fdfe750:   0000000000000000 0000000000000000
0x0000005a4fdfe760:   0000000000000000 0000000000000000
0x0000005a4fdfe770:   0000000000000000 0000000000000000
0x0000005a4fdfe780:   0000000000000000 0000000000000000
0x0000005a4fdfe790:   0000000000000000 0000000000000000
0x0000005a4fdfe7a0:   0000000000000000 0000000000000000 

Instructions: (pc=0x00007ffdaf2d366c)
0x00007ffdaf2d356c:   ec 40 45 8a e1 48 8b fa 48 8b e9 48 8b 1d 42 08
0x00007ffdaf2d357c:   e0 00 48 89 58 08 48 8b cb ff 15 85 5b 9a 00 90
0x00007ffdaf2d358c:   4c 8b af 78 02 00 00 48 8b 05 c6 e4 cf 00 44 8b
0x00007ffdaf2d359c:   b8 40 0b 00 00 45 33 db 45 8a f3 4c 89 9f 78 02
0x00007ffdaf2d35ac:   00 00 44 89 9f 80 02 00 00 4c 89 9f 98 02 00 00
0x00007ffdaf2d35bc:   4c 89 9f 88 02 00 00 48 85 ed 75 38 8b 35 4a e2
0x00007ffdaf2d35cc:   df 00 65 48 8b 04 25 58 00 00 00 b9 14 00 00 00
0x00007ffdaf2d35dc:   48 8b 04 f0 44 38 1c 01 0f 84 9d da 86 00 65 48
0x00007ffdaf2d35ec:   8b 04 25 58 00 00 00 bd 20 00 00 00 48 8b 04 f0
0x00007ffdaf2d35fc:   48 8b 2c 28 48 3b 2d 39 07 e0 00 45 0f 44 fb 4d
0x00007ffdaf2d360c:   85 ed 0f 84 21 01 00 00 44 8a a4 24 90 00 00 00
0x00007ffdaf2d361c:   49 8b dd 49 8d b5 d0 05 00 00 4c 8b 2e 45 84 e4
0x00007ffdaf2d362c:   0f 85 2a 03 00 00 8b 97 c8 01 00 00 48 8b 05 21
0x00007ffdaf2d363c:   e4 cf 00 83 b8 78 03 00 00 02 75 31 83 fa 10 0f
0x00007ffdaf2d364c:   83 20 01 00 00 48 8d 04 d5 21 00 00 00 48 03 c2
0x00007ffdaf2d365c:   48 8d 04 c3 48 85 c0 0f 85 ff 00 00 00 49 8b cb
0x00007ffdaf2d366c:   48 3b 8d f8 56 03 00 0f 87 f3 02 00 00 4c 39 9b
0x00007ffdaf2d367c:   48 06 00 00 0f 85 41 da 86 00 44 8b 97 c8 01 00
0x00007ffdaf2d368c:   00 48 8b 87 e0 01 00 00 4c 8b 08 8b 97 c8 01 00
0x00007ffdaf2d369c:   00 83 fa 10 0f 83 03 01 00 00 48 8d 04 d5 21 00
0x00007ffdaf2d36ac:   00 00 48 03 c2 48 8d 04 c3 48 85 c0 0f 85 e2 00
0x00007ffdaf2d36bc:   00 00 49 8b cb 49 3b c9 0f 86 0e 01 00 00 48 8b
0x00007ffdaf2d36cc:   87 78 02 00 00 48 89 06 48 89 9f 78 02 00 00 ff
0x00007ffdaf2d36dc:   87 80 02 00 00 48 8b 43 08 48 8b 88 18 01 00 00
0x00007ffdaf2d36ec:   48 81 e1 00 00 ff ff 48 81 c1 00 00 01 00 48 01
0x00007ffdaf2d36fc:   8f 88 02 00 00 48 8b 43 08 48 8b 88 18 01 00 00
0x00007ffdaf2d370c:   48 01 8f 98 02 00 00 4d 85 ed 0f 85 00 ff ff ff
0x00007ffdaf2d371c:   45 84 f6 44 8a a4 24 98 00 00 00 0f 85 82 03 00
0x00007ffdaf2d372c:   00 48 8b 9c 24 80 00 00 00 48 8b cf 45 84 e4 0f
0x00007ffdaf2d373c:   85 8a 03 00 00 e8 fa f9 ff ff 90 48 8b cb 48 8b
0x00007ffdaf2d374c:   9c 24 88 00 00 00 48 83 c4 40 41 5f 41 5e 41 5d
0x00007ffdaf2d375c:   41 5c 5f 5e 5d 48 ff 25 b0 59 9a 00 48 8b 48 08 


Stack slot to memory mapping:

stack at sp + 0 slots: 0x000002089c1b1a80 points into unknown readable memory: 0xffffffffffffffff | ff ff ff ff ff ff ff ff
stack at sp + 1 slots: 0x0 is null
stack at sp + 2 slots: 0x01fba78a02489c8a is an unknown value
stack at sp + 3 slots: 0x00007ffe6ad533b4 ntdll.dll
stack at sp + 4 slots: 0x00f2ee8b01e7a98b is an unknown value
stack at sp + 5 slots: 0x016efd8b027cf78b is an unknown value
stack at sp + 6 slots: 0x02ac5b8d02579f8c is an unknown value
stack at sp + 7 slots: 0x02b1e58d02b8758d is an unknown value

VM_Operation (0x0000005a51cff260): Exit, mode: safepoint, requested by thread 0x00000208a58c0d40


---------------  P R O C E S S  ---------------

Threads class SMR info:
_java_thread_list=0x00000208a5511190, length=13, elements={
0x000002083515fd50, 0x0000020856075700, 0x0000020856076640, 0x00000208560797f0,
0x0000020856079e60, 0x000002085607a4d0, 0x0000020856a1a0a0, 0x0000020856a1d200,
0x0000020856a21860, 0x0000020856afac30, 0x0000020856e0ac10, 0x0000020856d72590,
0x00000208a58c0d40
}

Java Threads: ( => current thread )
  0x000002083515fd50 JavaThread "main"                              [_thread_blocked, id=15704, stack(0x0000005a4f600000,0x0000005a4f700000) (1024K)]
  0x0000020856075700 JavaThread "Reference Handler"          daemon [_thread_blocked, id=19996, stack(0x0000005a4fe00000,0x0000005a4ff00000) (1024K)]
  0x0000020856076640 JavaThread "Finalizer"                  daemon [_thread_blocked, id=15696, stack(0x0000005a4ff00000,0x0000005a50000000) (1024K)]
  0x00000208560797f0 JavaThread "Signal Dispatcher"          daemon [_thread_blocked, id=1960, stack(0x0000005a50000000,0x0000005a50100000) (1024K)]
  0x0000020856079e60 JavaThread "Attach Listener"            daemon [_thread_blocked, id=19396, stack(0x0000005a50100000,0x0000005a50200000) (1024K)]
  0x000002085607a4d0 JavaThread "Service Thread"             daemon [_thread_blocked, id=19688, stack(0x0000005a50200000,0x0000005a50300000) (1024K)]
  0x0000020856a1a0a0 JavaThread "Monitor Deflation Thread"   daemon [_thread_blocked, id=20008, stack(0x0000005a50300000,0x0000005a50400000) (1024K)]
  0x0000020856a1d200 JavaThread "C2 CompilerThread0"         daemon [_thread_blocked, id=21032, stack(0x0000005a50400000,0x0000005a50500000) (1024K)]
  0x0000020856a21860 JavaThread "C1 CompilerThread0"         daemon [_thread_blocked, id=2344, stack(0x0000005a50500000,0x0000005a50600000) (1024K)]
  0x0000020856afac30 JavaThread "Common-Cleaner"             daemon [_thread_blocked, id=13792, stack(0x0000005a50600000,0x0000005a50700000) (1024K)]
  0x0000020856e0ac10 JavaThread "Monitor Ctrl-Break"         daemon [_thread_in_native, id=5544, stack(0x0000005a50700000,0x0000005a50800000) (1024K)]
  0x0000020856d72590 JavaThread "Notification Thread"        daemon [_thread_blocked, id=16100, stack(0x0000005a50800000,0x0000005a50900000) (1024K)]
  0x00000208a58c0d40 JavaThread "SIGINT handler"             daemon [_thread_blocked, id=22544, stack(0x0000005a51c00000,0x0000005a51d00000) (1024K)]
Total: 13

Other Threads:
=>0x00000208560547a0 VMThread "VM Thread"                           [id=1932, stack(0x0000005a4fd00000,0x0000005a4fe00000) (1024K)]
  0x0000020837421cb0 WorkerThread "GC Thread#0"                     [id=15556, stack(0x0000005a4f700000,0x0000005a4f800000) (1024K)]
  0x000002089c7fc7e0 WorkerThread "GC Thread#1"                     [id=4948, stack(0x0000005a51100000,0x0000005a51200000) (1024K)]
  0x00000208a4fe7660 WorkerThread "GC Thread#2"                     [id=1784, stack(0x0000005a51200000,0x0000005a51300000) (1024K)]
  0x00000208a4fc7ff0 WorkerThread "GC Thread#3"                     [id=5008, stack(0x0000005a51300000,0x0000005a51400000) (1024K)]
  0x00000208a4fe9e10 WorkerThread "GC Thread#4"                     [id=22312, stack(0x0000005a51400000,0x0000005a51500000) (1024K)]
  0x00000208a4f3d230 WorkerThread "GC Thread#5"                     [id=6652, stack(0x0000005a51500000,0x0000005a51600000) (1024K)]
  0x00000208a4f3bc70 WorkerThread "GC Thread#6"                     [id=17452, stack(0x0000005a51600000,0x0000005a51700000) (1024K)]
  0x00000208a4f3b8d0 WorkerThread "GC Thread#7"                     [id=11392, stack(0x0000005a51700000,0x0000005a51800000) (1024K)]
  0x00000208a4f3c010 WorkerThread "GC Thread#8"                     [id=4428, stack(0x0000005a51800000,0x0000005a51900000) (1024K)]
  0x00000208a4f3c3b0 WorkerThread "GC Thread#9"                     [id=22192, stack(0x0000005a51900000,0x0000005a51a00000) (1024K)]
  0x0000020837470410 ConcurrentGCThread "G1 Main Marker"            terminated
  0x0000020837470e10 WorkerThread "G1 Conc#0"                       [id=2544, stack(0x0000005a4f900000,0x0000005a4fa00000) (1024K)]
  0x0000020855f11c50 ConcurrentGCThread "G1 Refine#0"               terminated
  0x0000020855f146e0 ConcurrentGCThread "G1 Service"                terminated
Total: 15

Threads with active compile tasks:
Total: 0

VM state: at safepoint (shutting down)

VM Mutex/Monitor currently owned by a thread:  ([mutex/lock_event])
[0x00007ffdf3e8a5f8] Threads_lock - owner thread: 0x00000208560547a0
[0x00007ffdf3e8a6f8] Heap_lock - owner thread: 0x00000208a58c0d40

Heap address: 0x0000000703a00000, size: 4038 MB, Compressed Oops mode: Zero based, Oop shift amount: 3

CDS archive(s) mapped at: [0x0000020857000000-0x0000020857c90000-0x0000020857c90000), size 13172736, SharedBaseAddress: 0x0000020857000000, ArchiveRelocationMode: 1.
Compressed class space mapped at: 0x0000020858000000-0x0000020898000000, reserved size: 1073741824
Narrow klass base: 0x0000020857000000, Narrow klass shift: 0, Narrow klass range: 0x100000000

GC Precious Log:
 CardTable entry size: 512
 Card Set container configuration: InlinePtr #cards 4 size 8 Array Of Cards #cards 16 size 48 Howl #buckets 8 coarsen threshold 3686 Howl Bitmap #cards 512 size 80 coarsen threshold 460 Card regions per heap region 1 cards per card region 4096
 CPUs: 12 total, 12 available
 Memory: 16147M
 Large Page Support: Disabled
 NUMA Support: Disabled
 Compressed Oops: Enabled (Zero based)
 Heap Region Size: 2M
 Heap Min Capacity: 8M
 Heap Initial Capacity: 254M
 Heap Max Capacity: 4038M
 Pre-touch: Disabled
 Parallel Workers: 10
 Concurrent Workers: 3
 Concurrent Refinement Workers: 10
 Periodic GC: Disabled

Heap:
 garbage-first heap   total 260096K, used 9824K [0x0000000703a00000, 0x0000000800000000)
  region size 2048K, 3 young (6144K), 1 survivors (2048K)
 Metaspace       used 8353K, committed 8640K, reserved 1114112K
  class space    used 642K, committed 768K, reserved 1048576K

Heap Regions: E=young(eden), S=young(survivor), O=old, HS=humongous(starts), HC=humongous(continues), CS=collection set, F=free, TAMS=top-at-mark-start, PB=parsable bottom
|   0|0x0000000703a00000, 0x0000000703c00000, 0x0000000703c00000|100%| O|  |TAMS 0x0000000703a00000| PB 0x0000000703a00000| Untracked 
|   1|0x0000000703c00000, 0x0000000703e00000, 0x0000000703e00000|100%|HS|  |TAMS 0x0000000703c00000| PB 0x0000000703c00000| Complete 
|   2|0x0000000703e00000, 0x0000000704000000, 0x0000000704000000|100%| O|  |TAMS 0x0000000703e00000| PB 0x0000000703e00000| Untracked 
|   3|0x0000000704000000, 0x00000007040c2128, 0x0000000704200000| 37%| O|  |TAMS 0x0000000704000000| PB 0x0000000704000000| Untracked 
|   4|0x0000000704200000, 0x0000000704200000, 0x0000000704400000|  0%| F|  |TAMS 0x0000000704200000| PB 0x0000000704200000| Untracked 
|   5|0x0000000704400000, 0x0000000704400000, 0x0000000704600000|  0%| F|  |TAMS 0x0000000704400000| PB 0x0000000704400000| Untracked 
|   6|0x0000000704600000, 0x0000000704600000, 0x0000000704800000|  0%| F|  |TAMS 0x0000000704600000| PB 0x0000000704600000| Untracked 
|   7|0x0000000704800000, 0x0000000704800000, 0x0000000704a00000|  0%| F|  |TAMS 0x0000000704800000| PB 0x0000000704800000| Untracked 
|   8|0x0000000704a00000, 0x0000000704a00000, 0x0000000704c00000|  0%| F|  |TAMS 0x0000000704a00000| PB 0x0000000704a00000| Untracked 
|   9|0x0000000704c00000, 0x0000000704c00000, 0x0000000704e00000|  0%| F|  |TAMS 0x0000000704c00000| PB 0x0000000704c00000| Untracked 
|  10|0x0000000704e00000, 0x0000000704e00000, 0x0000000705000000|  0%| F|  |TAMS 0x0000000704e00000| PB 0x0000000704e00000| Untracked 
|  11|0x0000000705000000, 0x0000000705000000, 0x0000000705200000|  0%| F|  |TAMS 0x0000000705000000| PB 0x0000000705000000| Untracked 
|  12|0x0000000705200000, 0x0000000705200000, 0x0000000705400000|  0%| F|  |TAMS 0x0000000705200000| PB 0x0000000705200000| Untracked 
|  13|0x0000000705400000, 0x0000000705400000, 0x0000000705600000|  0%| F|  |TAMS 0x0000000705400000| PB 0x0000000705400000| Untracked 
|  14|0x0000000705600000, 0x0000000705600000, 0x0000000705800000|  0%| F|  |TAMS 0x0000000705600000| PB 0x0000000705600000| Untracked 
|  15|0x0000000705800000, 0x0000000705800000, 0x0000000705a00000|  0%| F|  |TAMS 0x0000000705800000| PB 0x0000000705800000| Untracked 
|  16|0x0000000705a00000, 0x0000000705a00000, 0x0000000705c00000|  0%| F|  |TAMS 0x0000000705a00000| PB 0x0000000705a00000| Untracked 
|  17|0x0000000705c00000, 0x0000000705c00000, 0x0000000705e00000|  0%| F|  |TAMS 0x0000000705c00000| PB 0x0000000705c00000| Untracked 
|  18|0x0000000705e00000, 0x0000000705e00000, 0x0000000706000000|  0%| F|  |TAMS 0x0000000705e00000| PB 0x0000000705e00000| Untracked 
|  19|0x0000000706000000, 0x0000000706000000, 0x0000000706200000|  0%| F|  |TAMS 0x0000000706000000| PB 0x0000000706000000| Untracked 
|  20|0x0000000706200000, 0x0000000706200000, 0x0000000706400000|  0%| F|  |TAMS 0x0000000706200000| PB 0x0000000706200000| Untracked 
|  21|0x0000000706400000, 0x0000000706400000, 0x0000000706600000|  0%| F|  |TAMS 0x0000000706400000| PB 0x0000000706400000| Untracked 
|  22|0x0000000706600000, 0x0000000706600000, 0x0000000706800000|  0%| F|  |TAMS 0x0000000706600000| PB 0x0000000706600000| Untracked 
|  23|0x0000000706800000, 0x0000000706800000, 0x0000000706a00000|  0%| F|  |TAMS 0x0000000706800000| PB 0x0000000706800000| Untracked 
|  24|0x0000000706a00000, 0x0000000706a00000, 0x0000000706c00000|  0%| F|  |TAMS 0x0000000706a00000| PB 0x0000000706a00000| Untracked 
|  25|0x0000000706c00000, 0x0000000706c00000, 0x0000000706e00000|  0%| F|  |TAMS 0x0000000706c00000| PB 0x0000000706c00000| Untracked 
|  26|0x0000000706e00000, 0x0000000706e00000, 0x0000000707000000|  0%| F|  |TAMS 0x0000000706e00000| PB 0x0000000706e00000| Untracked 
|  27|0x0000000707000000, 0x0000000707000000, 0x0000000707200000|  0%| F|  |TAMS 0x0000000707000000| PB 0x0000000707000000| Untracked 
|  28|0x0000000707200000, 0x0000000707200000, 0x0000000707400000|  0%| F|  |TAMS 0x0000000707200000| PB 0x0000000707200000| Untracked 
|  29|0x0000000707400000, 0x0000000707400000, 0x0000000707600000|  0%| F|  |TAMS 0x0000000707400000| PB 0x0000000707400000| Untracked 
|  30|0x0000000707600000, 0x0000000707600000, 0x0000000707800000|  0%| F|  |TAMS 0x0000000707600000| PB 0x0000000707600000| Untracked 
|  31|0x0000000707800000, 0x0000000707800000, 0x0000000707a00000|  0%| F|  |TAMS 0x0000000707800000| PB 0x0000000707800000| Untracked 
|  32|0x0000000707a00000, 0x0000000707a00000, 0x0000000707c00000|  0%| F|  |TAMS 0x0000000707a00000| PB 0x0000000707a00000| Untracked 
|  33|0x0000000707c00000, 0x0000000707c00000, 0x0000000707e00000|  0%| F|  |TAMS 0x0000000707c00000| PB 0x0000000707c00000| Untracked 
|  34|0x0000000707e00000, 0x0000000707e00000, 0x0000000708000000|  0%| F|  |TAMS 0x0000000707e00000| PB 0x0000000707e00000| Untracked 
|  35|0x0000000708000000, 0x0000000708000000, 0x0000000708200000|  0%| F|  |TAMS 0x0000000708000000| PB 0x0000000708000000| Untracked 
|  36|0x0000000708200000, 0x0000000708200000, 0x0000000708400000|  0%| F|  |TAMS 0x0000000708200000| PB 0x0000000708200000| Untracked 
|  37|0x0000000708400000, 0x0000000708400000, 0x0000000708600000|  0%| F|  |TAMS 0x0000000708400000| PB 0x0000000708400000| Untracked 
|  38|0x0000000708600000, 0x0000000708600000, 0x0000000708800000|  0%| F|  |TAMS 0x0000000708600000| PB 0x0000000708600000| Untracked 
|  39|0x0000000708800000, 0x0000000708800000, 0x0000000708a00000|  0%| F|  |TAMS 0x0000000708800000| PB 0x0000000708800000| Untracked 
|  40|0x0000000708a00000, 0x0000000708a00000, 0x0000000708c00000|  0%| F|  |TAMS 0x0000000708a00000| PB 0x0000000708a00000| Untracked 
|  41|0x0000000708c00000, 0x0000000708c00000, 0x0000000708e00000|  0%| F|  |TAMS 0x0000000708c00000| PB 0x0000000708c00000| Untracked 
|  42|0x0000000708e00000, 0x0000000708e00000, 0x0000000709000000|  0%| F|  |TAMS 0x0000000708e00000| PB 0x0000000708e00000| Untracked 
|  43|0x0000000709000000, 0x0000000709000000, 0x0000000709200000|  0%| F|  |TAMS 0x0000000709000000| PB 0x0000000709000000| Untracked 
|  44|0x0000000709200000, 0x0000000709200000, 0x0000000709400000|  0%| F|  |TAMS 0x0000000709200000| PB 0x0000000709200000| Untracked 
|  45|0x0000000709400000, 0x0000000709400000, 0x0000000709600000|  0%| F|  |TAMS 0x0000000709400000| PB 0x0000000709400000| Untracked 
|  46|0x0000000709600000, 0x0000000709600000, 0x0000000709800000|  0%| F|  |TAMS 0x0000000709600000| PB 0x0000000709600000| Untracked 
|  47|0x0000000709800000, 0x0000000709800000, 0x0000000709a00000|  0%| F|  |TAMS 0x0000000709800000| PB 0x0000000709800000| Untracked 
|  48|0x0000000709a00000, 0x0000000709a00000, 0x0000000709c00000|  0%| F|  |TAMS 0x0000000709a00000| PB 0x0000000709a00000| Untracked 
|  49|0x0000000709c00000, 0x0000000709c00000, 0x0000000709e00000|  0%| F|  |TAMS 0x0000000709c00000| PB 0x0000000709c00000| Untracked 
|  50|0x0000000709e00000, 0x0000000709e00000, 0x000000070a000000|  0%| F|  |TAMS 0x0000000709e00000| PB 0x0000000709e00000| Untracked 
|  51|0x000000070a000000, 0x000000070a000000, 0x000000070a200000|  0%| F|  |TAMS 0x000000070a000000| PB 0x000000070a000000| Untracked 
|  52|0x000000070a200000, 0x000000070a200000, 0x000000070a400000|  0%| F|  |TAMS 0x000000070a200000| PB 0x000000070a200000| Untracked 
|  53|0x000000070a400000, 0x000000070a400000, 0x000000070a600000|  0%| F|  |TAMS 0x000000070a400000| PB 0x000000070a400000| Untracked 
|  54|0x000000070a600000, 0x000000070a600000, 0x000000070a800000|  0%| F|  |TAMS 0x000000070a600000| PB 0x000000070a600000| Untracked 
|  55|0x000000070a800000, 0x000000070a800000, 0x000000070aa00000|  0%| F|  |TAMS 0x000000070a800000| PB 0x000000070a800000| Untracked 
|  56|0x000000070aa00000, 0x000000070aa00000, 0x000000070ac00000|  0%| F|  |TAMS 0x000000070aa00000| PB 0x000000070aa00000| Untracked 
|  57|0x000000070ac00000, 0x000000070ac00000, 0x000000070ae00000|  0%| F|  |TAMS 0x000000070ac00000| PB 0x000000070ac00000| Untracked 
|  58|0x000000070ae00000, 0x000000070ae00000, 0x000000070b000000|  0%| F|  |TAMS 0x000000070ae00000| PB 0x000000070ae00000| Untracked 
|  59|0x000000070b000000, 0x000000070b000000, 0x000000070b200000|  0%| F|  |TAMS 0x000000070b000000| PB 0x000000070b000000| Untracked 
|  60|0x000000070b200000, 0x000000070b200000, 0x000000070b400000|  0%| F|  |TAMS 0x000000070b200000| PB 0x000000070b200000| Untracked 
|  61|0x000000070b400000, 0x000000070b400000, 0x000000070b600000|  0%| F|  |TAMS 0x000000070b400000| PB 0x000000070b400000| Untracked 
|  62|0x000000070b600000, 0x000000070b600000, 0x000000070b800000|  0%| F|  |TAMS 0x000000070b600000| PB 0x000000070b600000| Untracked 
|  63|0x000000070b800000, 0x000000070b800000, 0x000000070ba00000|  0%| F|  |TAMS 0x000000070b800000| PB 0x000000070b800000| Untracked 
|  64|0x000000070ba00000, 0x000000070ba00000, 0x000000070bc00000|  0%| F|  |TAMS 0x000000070ba00000| PB 0x000000070ba00000| Untracked 
|  65|0x000000070bc00000, 0x000000070bc00000, 0x000000070be00000|  0%| F|  |TAMS 0x000000070bc00000| PB 0x000000070bc00000| Untracked 
|  66|0x000000070be00000, 0x000000070be00000, 0x000000070c000000|  0%| F|  |TAMS 0x000000070be00000| PB 0x000000070be00000| Untracked 
|  67|0x000000070c000000, 0x000000070c000000, 0x000000070c200000|  0%| F|  |TAMS 0x000000070c000000| PB 0x000000070c000000| Untracked 
|  68|0x000000070c200000, 0x000000070c200000, 0x000000070c400000|  0%| F|  |TAMS 0x000000070c200000| PB 0x000000070c200000| Untracked 
|  69|0x000000070c400000, 0x000000070c400000, 0x000000070c600000|  0%| F|  |TAMS 0x000000070c400000| PB 0x000000070c400000| Untracked 
|  70|0x000000070c600000, 0x000000070c600000, 0x000000070c800000|  0%| F|  |TAMS 0x000000070c600000| PB 0x000000070c600000| Untracked 
|  71|0x000000070c800000, 0x000000070c800000, 0x000000070ca00000|  0%| F|  |TAMS 0x000000070c800000| PB 0x000000070c800000| Untracked 
|  72|0x000000070ca00000, 0x000000070ca00000, 0x000000070cc00000|  0%| F|  |TAMS 0x000000070ca00000| PB 0x000000070ca00000| Untracked 
|  73|0x000000070cc00000, 0x000000070cc00000, 0x000000070ce00000|  0%| F|  |TAMS 0x000000070cc00000| PB 0x000000070cc00000| Untracked 
|  74|0x000000070ce00000, 0x000000070ce00000, 0x000000070d000000|  0%| F|  |TAMS 0x000000070ce00000| PB 0x000000070ce00000| Untracked 
|  75|0x000000070d000000, 0x000000070d000000, 0x000000070d200000|  0%| F|  |TAMS 0x000000070d000000| PB 0x000000070d000000| Untracked 
|  76|0x000000070d200000, 0x000000070d200000, 0x000000070d400000|  0%| F|  |TAMS 0x000000070d200000| PB 0x000000070d200000| Untracked 
|  77|0x000000070d400000, 0x000000070d400000, 0x000000070d600000|  0%| F|  |TAMS 0x000000070d400000| PB 0x000000070d400000| Untracked 
|  78|0x000000070d600000, 0x000000070d600000, 0x000000070d800000|  0%| F|  |TAMS 0x000000070d600000| PB 0x000000070d600000| Untracked 
|  79|0x000000070d800000, 0x000000070d800000, 0x000000070da00000|  0%| F|  |TAMS 0x000000070d800000| PB 0x000000070d800000| Untracked 
|  80|0x000000070da00000, 0x000000070da00000, 0x000000070dc00000|  0%| F|  |TAMS 0x000000070da00000| PB 0x000000070da00000| Untracked 
|  81|0x000000070dc00000, 0x000000070dc00000, 0x000000070de00000|  0%| F|  |TAMS 0x000000070dc00000| PB 0x000000070dc00000| Untracked 
|  82|0x000000070de00000, 0x000000070de00000, 0x000000070e000000|  0%| F|  |TAMS 0x000000070de00000| PB 0x000000070de00000| Untracked 
|  83|0x000000070e000000, 0x000000070e000000, 0x000000070e200000|  0%| F|  |TAMS 0x000000070e000000| PB 0x000000070e000000| Untracked 
|  84|0x000000070e200000, 0x000000070e200000, 0x000000070e400000|  0%| F|  |TAMS 0x000000070e200000| PB 0x000000070e200000| Untracked 
|  85|0x000000070e400000, 0x000000070e400000, 0x000000070e600000|  0%| F|  |TAMS 0x000000070e400000| PB 0x000000070e400000| Untracked 
|  86|0x000000070e600000, 0x000000070e600000, 0x000000070e800000|  0%| F|  |TAMS 0x000000070e600000| PB 0x000000070e600000| Untracked 
|  87|0x000000070e800000, 0x000000070e800000, 0x000000070ea00000|  0%| F|  |TAMS 0x000000070e800000| PB 0x000000070e800000| Untracked 
|  88|0x000000070ea00000, 0x000000070ea00000, 0x000000070ec00000|  0%| F|  |TAMS 0x000000070ea00000| PB 0x000000070ea00000| Untracked 
|  89|0x000000070ec00000, 0x000000070ec00000, 0x000000070ee00000|  0%| F|  |TAMS 0x000000070ec00000| PB 0x000000070ec00000| Untracked 
|  90|0x000000070ee00000, 0x000000070ee00000, 0x000000070f000000|  0%| F|  |TAMS 0x000000070ee00000| PB 0x000000070ee00000| Untracked 
|  91|0x000000070f000000, 0x000000070f000000, 0x000000070f200000|  0%| F|  |TAMS 0x000000070f000000| PB 0x000000070f000000| Untracked 
|  92|0x000000070f200000, 0x000000070f200000, 0x000000070f400000|  0%| F|  |TAMS 0x000000070f200000| PB 0x000000070f200000| Untracked 
|  93|0x000000070f400000, 0x000000070f400000, 0x000000070f600000|  0%| F|  |TAMS 0x000000070f400000| PB 0x000000070f400000| Untracked 
|  94|0x000000070f600000, 0x000000070f600000, 0x000000070f800000|  0%| F|  |TAMS 0x000000070f600000| PB 0x000000070f600000| Untracked 
|  95|0x000000070f800000, 0x000000070f800000, 0x000000070fa00000|  0%| F|  |TAMS 0x000000070f800000| PB 0x000000070f800000| Untracked 
|  96|0x000000070fa00000, 0x000000070fa00000, 0x000000070fc00000|  0%| F|  |TAMS 0x000000070fa00000| PB 0x000000070fa00000| Untracked 
|  97|0x000000070fc00000, 0x000000070fc00000, 0x000000070fe00000|  0%| F|  |TAMS 0x000000070fc00000| PB 0x000000070fc00000| Untracked 
|  98|0x000000070fe00000, 0x000000070fe00000, 0x0000000710000000|  0%| F|  |TAMS 0x000000070fe00000| PB 0x000000070fe00000| Untracked 
|  99|0x0000000710000000, 0x0000000710000000, 0x0000000710200000|  0%| F|  |TAMS 0x0000000710000000| PB 0x0000000710000000| Untracked 
| 100|0x0000000710200000, 0x0000000710200000, 0x0000000710400000|  0%| F|  |TAMS 0x0000000710200000| PB 0x0000000710200000| Untracked 
| 101|0x0000000710400000, 0x0000000710400000, 0x0000000710600000|  0%| F|  |TAMS 0x0000000710400000| PB 0x0000000710400000| Untracked 
| 102|0x0000000710600000, 0x0000000710600000, 0x0000000710800000|  0%| F|  |TAMS 0x0000000710600000| PB 0x0000000710600000| Untracked 
| 103|0x0000000710800000, 0x0000000710800000, 0x0000000710a00000|  0%| F|  |TAMS 0x0000000710800000| PB 0x0000000710800000| Untracked 
| 104|0x0000000710a00000, 0x0000000710a00000, 0x0000000710c00000|  0%| F|  |TAMS 0x0000000710a00000| PB 0x0000000710a00000| Untracked 
| 105|0x0000000710c00000, 0x0000000710c00000, 0x0000000710e00000|  0%| F|  |TAMS 0x0000000710c00000| PB 0x0000000710c00000| Untracked 
| 106|0x0000000710e00000, 0x0000000710e00000, 0x0000000711000000|  0%| F|  |TAMS 0x0000000710e00000| PB 0x0000000710e00000| Untracked 
| 107|0x0000000711000000, 0x0000000711000000, 0x0000000711200000|  0%| F|  |TAMS 0x0000000711000000| PB 0x0000000711000000| Untracked 
| 108|0x0000000711200000, 0x0000000711200000, 0x0000000711400000|  0%| F|  |TAMS 0x0000000711200000| PB 0x0000000711200000| Untracked 
| 109|0x0000000711400000, 0x0000000711400000, 0x0000000711600000|  0%| F|  |TAMS 0x0000000711400000| PB 0x0000000711400000| Untracked 
| 110|0x0000000711600000, 0x0000000711600000, 0x0000000711800000|  0%| F|  |TAMS 0x0000000711600000| PB 0x0000000711600000| Untracked 
| 111|0x0000000711800000, 0x0000000711800000, 0x0000000711a00000|  0%| F|  |TAMS 0x0000000711800000| PB 0x0000000711800000| Untracked 
| 112|0x0000000711a00000, 0x0000000711a00000, 0x0000000711c00000|  0%| F|  |TAMS 0x0000000711a00000| PB 0x0000000711a00000| Untracked 
| 113|0x0000000711c00000, 0x0000000711c00000, 0x0000000711e00000|  0%| F|  |TAMS 0x0000000711c00000| PB 0x0000000711c00000| Untracked 
| 114|0x0000000711e00000, 0x0000000711e00000, 0x0000000712000000|  0%| F|  |TAMS 0x0000000711e00000| PB 0x0000000711e00000| Untracked 
| 115|0x0000000712000000, 0x0000000712000000, 0x0000000712200000|  0%| F|  |TAMS 0x0000000712000000| PB 0x0000000712000000| Untracked 
| 116|0x0000000712200000, 0x00000007122d6000, 0x0000000712400000| 41%| S|CS|TAMS 0x0000000712200000| PB 0x0000000712200000| Complete 
| 117|0x0000000712400000, 0x0000000712400000, 0x0000000712600000|  0%| F|  |TAMS 0x0000000712400000| PB 0x0000000712400000| Untracked 
| 118|0x0000000712600000, 0x0000000712600000, 0x0000000712800000|  0%| F|  |TAMS 0x0000000712600000| PB 0x0000000712600000| Untracked 
| 119|0x0000000712800000, 0x0000000712800000, 0x0000000712a00000|  0%| F|  |TAMS 0x0000000712800000| PB 0x0000000712800000| Untracked 
| 120|0x0000000712a00000, 0x0000000712a00000, 0x0000000712c00000|  0%| F|  |TAMS 0x0000000712a00000| PB 0x0000000712a00000| Untracked 
| 121|0x0000000712c00000, 0x0000000712c00000, 0x0000000712e00000|  0%| F|  |TAMS 0x0000000712c00000| PB 0x0000000712c00000| Untracked 
| 122|0x0000000712e00000, 0x0000000712e00000, 0x0000000713000000|  0%| F|  |TAMS 0x0000000712e00000| PB 0x0000000712e00000| Untracked 
| 123|0x0000000713000000, 0x0000000713000000, 0x0000000713200000|  0%| F|  |TAMS 0x0000000713000000| PB 0x0000000713000000| Untracked 
| 124|0x0000000713200000, 0x0000000713200000, 0x0000000713400000|  0%| F|  |TAMS 0x0000000713200000| PB 0x0000000713200000| Untracked 
| 125|0x0000000713400000, 0x0000000713535868, 0x0000000713600000| 60%| E|  |TAMS 0x0000000713400000| PB 0x0000000713400000| Complete 
| 126|0x0000000713600000, 0x0000000713800000, 0x0000000713800000|100%| E|CS|TAMS 0x0000000713600000| PB 0x0000000713600000| Complete 

Card table byte_map: [0x000002084f550000,0x000002084fd40000] _byte_map_base: 0x000002084bd33000

Marking Bits: (CMBitMap*) 0x00000208374222b0
 Bits: [0x000002084fd40000, 0x0000020853c58000)

Polling page: 0x0000020835110000

Metaspace:

Usage:
  Non-class:      7.53 MB used.
      Class:    642.48 KB used.
       Both:      8.16 MB used.

Virtual space:
  Non-class space:       64.00 MB reserved,       7.69 MB ( 12%) committed,  1 nodes.
      Class space:        1.00 GB reserved,     768.00 KB ( <1%) committed,  1 nodes.
             Both:        1.06 GB reserved,       8.44 MB ( <1%) committed. 

Chunk freelists:
   Non-Class:  7.23 MB
       Class:  15.29 MB
        Both:  22.51 MB

MaxMetaspaceSize: unlimited
CompressedClassSpaceSize: 1.00 GB
Initial GC threshold: 21.00 MB
Current GC threshold: 21.00 MB
CDS: on
 - commit_granule_bytes: 65536.
 - commit_granule_words: 8192.
 - virtual_space_node_default_size: 8388608.
 - enlarge_chunks_in_place: 1.
 - use_allocation_guard: 0.


Internal statistics:

num_allocs_failed_limit: 0.
num_arena_births: 258.
num_arena_deaths: 0.
num_vsnodes_births: 2.
num_vsnodes_deaths: 0.
num_space_committed: 133.
num_space_uncommitted: 0.
num_chunks_returned_to_freelist: 0.
num_chunks_taken_from_freelist: 497.
num_chunk_merges: 0.
num_chunk_splits: 341.
num_chunks_enlarged: 238.
num_inconsistent_stats: 0.

CodeHeap 'non-profiled nmethods': size=120000Kb used=613Kb max_used=613Kb free=119386Kb
 bounds [0x00000208472e0000, 0x0000020847550000, 0x000002084e810000]
CodeHeap 'profiled nmethods': size=120000Kb used=2999Kb max_used=2999Kb free=117000Kb
 bounds [0x000002083f810000, 0x000002083fb00000, 0x0000020846d40000]
CodeHeap 'non-nmethods': size=5760Kb used=2678Kb max_used=2689Kb free=3081Kb
 bounds [0x0000020846d40000, 0x0000020846ff0000, 0x00000208472e0000]
 total_blobs=2804 nmethods=1559 adapters=1150
 compilation: enabled
              stopped_count=0, restarted_count=0
 full_count=0

Compilation events (20 events):
Event: 3.069 Thread 0x0000020856a21860 1549       1       components.Sprite::setTexture (6 bytes)
Event: 3.069 Thread 0x0000020856a21860 nmethod 1549 0x0000020847378690 code [0x0000020847378820, 0x0000020847378940]
Event: 3.069 Thread 0x0000020856a21860 1550       1       components.Sprite::setTexCoords (6 bytes)
Event: 3.069 Thread 0x0000020856a21860 nmethod 1550 0x0000020847378990 code [0x0000020847378b20, 0x0000020847378c40]
Event: 3.069 Thread 0x0000020856a21860 1551       1       components.Sprite::setWidth (6 bytes)
Event: 3.069 Thread 0x0000020856a21860 nmethod 1551 0x0000020847378c90 code [0x0000020847378e20, 0x0000020847378ee8]
Event: 3.069 Thread 0x0000020856a21860 1552       1       components.Sprite::setHeight (6 bytes)
Event: 3.069 Thread 0x0000020856a21860 nmethod 1552 0x0000020847378f90 code [0x0000020847379120, 0x00000208473791e8]
Event: 3.071 Thread 0x0000020856a21860 1554       3       renderer.Texture::<init> (20 bytes)
Event: 3.071 Thread 0x0000020856a21860 nmethod 1554 0x000002083fafa690 code [0x000002083fafa840, 0x000002083fafa9c0]
Event: 3.073 Thread 0x0000020856a21860 1555       1       java.io.File::getPrefixLength (5 bytes)
Event: 3.073 Thread 0x0000020856a21860 nmethod 1555 0x0000020847379290 code [0x0000020847379420, 0x00000208473794e8]
Event: 3.076 Thread 0x0000020856a21860 1556       3       java.security.SecureClassLoader::defineClass (16 bytes)
Event: 3.077 Thread 0x0000020856a21860 nmethod 1556 0x000002083fafaa90 code [0x000002083fafac40, 0x000002083fafade8]
Event: 3.077 Thread 0x0000020856a21860 1557       3       java.lang.ClassLoader::defineClass (43 bytes)
Event: 3.078 Thread 0x0000020856a21860 nmethod 1557 0x000002083fafaf10 code [0x000002083fafb120, 0x000002083fafb650]
Event: 3.267 Thread 0x0000020856a21860 1558       3       jdk.internal.loader.ClassLoaders::platformClassLoader (4 bytes)
Event: 3.267 Thread 0x0000020856a21860 nmethod 1558 0x000002083fafb890 code [0x000002083fafba20, 0x000002083fafbb18]
Event: 3.267 Thread 0x0000020856a21860 1559       3       jdk.internal.jimage.ImageLocation::verifyName (161 bytes)
Event: 3.268 Thread 0x0000020856a21860 nmethod 1559 0x000002083fafbb90 code [0x000002083fafbee0, 0x000002083fafd4e0]

GC Heap History (4 events):
Event: 2.667 GC heap before
{Heap before GC invocations=0 (full 0):
 garbage-first heap   total 260096K, used 24576K [0x0000000703a00000, 0x0000000800000000)
  region size 2048K, 11 young (22528K), 0 survivors (0K)
 Metaspace       used 7374K, committed 7616K, reserved 1114112K
  class space    used 556K, committed 704K, reserved 1048576K
}
Event: 2.678 GC heap after
{Heap after GC invocations=1 (full 0):
 garbage-first heap   total 260096K, used 6795K [0x0000000703a00000, 0x0000000800000000)
  region size 2048K, 2 young (4096K), 2 survivors (4096K)
 Metaspace       used 7374K, committed 7616K, reserved 1114112K
  class space    used 556K, committed 704K, reserved 1048576K
}
Event: 2.911 GC heap before
{Heap before GC invocations=1 (full 0):
 garbage-first heap   total 260096K, used 27275K [0x0000000703a00000, 0x0000000800000000)
  region size 2048K, 12 young (24576K), 2 survivors (4096K)
 Metaspace       used 7855K, committed 8128K, reserved 1114112K
  class space    used 614K, committed 768K, reserved 1048576K
}
Event: 2.915 GC heap after
{Heap after GC invocations=2 (full 0):
 garbage-first heap   total 260096K, used 7776K [0x0000000703a00000, 0x0000000800000000)
  region size 2048K, 1 young (2048K), 1 survivors (2048K)
 Metaspace       used 7855K, committed 8128K, reserved 1114112K
  class space    used 614K, committed 768K, reserved 1048576K
}

Dll operation events (15 events):
Event: 0.019 Loaded shared library D:\jdk-21.0.1\bin\java.dll
Event: 0.096 Loaded shared library D:\jdk-21.0.1\bin\jsvml.dll
Event: 0.215 Loaded shared library D:\jdk-21.0.1\bin\zip.dll
Event: 0.221 Loaded shared library D:\jdk-21.0.1\bin\instrument.dll
Event: 0.234 Loaded shared library D:\jdk-21.0.1\bin\net.dll
Event: 0.236 Loaded shared library D:\jdk-21.0.1\bin\nio.dll
Event: 0.244 Loaded shared library D:\jdk-21.0.1\bin\zip.dll
Event: 0.455 Loaded shared library D:\IntelliJ IDEA Community Edition 2023.3.3\bin\breakgen64.dll
Event: 0.470 Loaded shared library D:\jdk-21.0.1\bin\extnet.dll
Event: 0.559 Loaded shared library D:\jdk-21.0.1\bin\jimage.dll
Event: 0.587 Loaded shared library C:\Users\Vu\AppData\Local\Temp\lwjglVu\3.3.1-build-7\lwjgl.dll
Event: 1.228 Loaded shared library C:\Users\Vu\AppData\Local\Temp\lwjglVu\3.3.1-build-7\lwjgl_opengl.dll
Event: 1.990 Loaded shared library C:\Users\Vu\AppData\Local\Temp\imgui-java-natives_1709571510015\imgui-java64.dll
Event: 2.553 Loaded shared library D:\jdk-21.0.1\bin\verify.dll
Event: 3.060 Loaded shared library C:\Users\Vu\AppData\Local\Temp\lwjglVu\3.3.1-build-7\lwjgl_stb.dll

Deoptimization events (20 events):
Event: 3.005 Thread 0x000002083515fd50 Uncommon trap: trap_request=0xffffffde fr.pc=0x000002084732232c relative=0x000000000000048c
Event: 3.005 Thread 0x000002083515fd50 Uncommon trap: reason=class_check action=maybe_recompile pc=0x000002084732232c method=java.util.regex.Pattern$Start.match(Ljava/util/regex/Matcher;ILjava/lang/CharSequence;)Z @ 44 c2
Event: 3.005 Thread 0x000002083515fd50 DEOPT PACKING pc=0x000002084732232c sp=0x0000005a4f6ff150
Event: 3.005 Thread 0x000002083515fd50 DEOPT UNPACKING pc=0x0000020846d97da2 sp=0x0000005a4f6ff0b0 mode 2
Event: 3.005 Thread 0x000002083515fd50 Uncommon trap: trap_request=0xffffffde fr.pc=0x000002084732232c relative=0x000000000000048c
Event: 3.005 Thread 0x000002083515fd50 Uncommon trap: reason=class_check action=maybe_recompile pc=0x000002084732232c method=java.util.regex.Pattern$Start.match(Ljava/util/regex/Matcher;ILjava/lang/CharSequence;)Z @ 44 c2
Event: 3.005 Thread 0x000002083515fd50 DEOPT PACKING pc=0x000002084732232c sp=0x0000005a4f6ff150
Event: 3.005 Thread 0x000002083515fd50 DEOPT UNPACKING pc=0x0000020846d97da2 sp=0x0000005a4f6ff0b0 mode 2
Event: 3.005 Thread 0x000002083515fd50 Uncommon trap: trap_request=0xffffffde fr.pc=0x000002084732232c relative=0x000000000000048c
Event: 3.005 Thread 0x000002083515fd50 Uncommon trap: reason=class_check action=maybe_recompile pc=0x000002084732232c method=java.util.regex.Pattern$Start.match(Ljava/util/regex/Matcher;ILjava/lang/CharSequence;)Z @ 44 c2
Event: 3.005 Thread 0x000002083515fd50 DEOPT PACKING pc=0x000002084732232c sp=0x0000005a4f6ff150
Event: 3.005 Thread 0x000002083515fd50 DEOPT UNPACKING pc=0x0000020846d97da2 sp=0x0000005a4f6ff0b0 mode 2
Event: 3.005 Thread 0x000002083515fd50 Uncommon trap: trap_request=0xffffff45 fr.pc=0x0000020847375f60 relative=0x00000000000000c0
Event: 3.005 Thread 0x000002083515fd50 Uncommon trap: reason=unstable_if action=reinterpret pc=0x0000020847375f60 method=java.lang.StringLatin1.trim([B)Ljava/lang/String; @ 44 c2
Event: 3.005 Thread 0x000002083515fd50 DEOPT PACKING pc=0x0000020847375f60 sp=0x0000005a4f6ff3c0
Event: 3.005 Thread 0x000002083515fd50 DEOPT UNPACKING pc=0x0000020846d97da2 sp=0x0000005a4f6ff350 mode 2
Event: 3.058 Thread 0x000002083515fd50 Uncommon trap: trap_request=0xffffffde fr.pc=0x000002084732232c relative=0x000000000000048c
Event: 3.058 Thread 0x000002083515fd50 Uncommon trap: reason=class_check action=maybe_recompile pc=0x000002084732232c method=java.util.regex.Pattern$Start.match(Ljava/util/regex/Matcher;ILjava/lang/CharSequence;)Z @ 44 c2
Event: 3.058 Thread 0x000002083515fd50 DEOPT PACKING pc=0x000002084732232c sp=0x0000005a4f6fd670
Event: 3.058 Thread 0x000002083515fd50 DEOPT UNPACKING pc=0x0000020846d97da2 sp=0x0000005a4f6fd5d0 mode 2

Classes loaded (20 events):
Event: 3.268 Loading class jdk/internal/logger/AbstractLoggerWrapper
Event: 3.268 Loading class jdk/internal/logger/AbstractLoggerWrapper done
Event: 3.268 Loading class jdk/internal/logger/LazyLoggers$LazyLoggerWrapper done
Event: 3.268 Loading class jdk/internal/logger/LazyLoggers$JdkLazyLogger done
Event: 3.268 Loading class jdk/internal/logger/LazyLoggers$LazyLoggerAccessor
Event: 3.268 Loading class jdk/internal/logger/LazyLoggers$LoggerAccessor
Event: 3.268 Loading class jdk/internal/logger/LazyLoggers$LoggerAccessor done
Event: 3.268 Loading class jdk/internal/logger/LazyLoggers$LazyLoggerAccessor done
Event: 3.268 Loading class java/lang/System$Logger$Level
Event: 3.268 Loading class java/lang/System$Logger$Level done
Event: 3.269 Loading class jdk/internal/logger/SurrogateLogger
Event: 3.269 Loading class jdk/internal/logger/SimpleConsoleLogger
Event: 3.269 Loading class sun/util/logging/PlatformLogger$ConfigurableBridge$LoggerConfiguration
Event: 3.269 Loading class sun/util/logging/PlatformLogger$ConfigurableBridge$LoggerConfiguration done
Event: 3.269 Loading class jdk/internal/logger/SimpleConsoleLogger done
Event: 3.269 Loading class jdk/internal/logger/SurrogateLogger done
Event: 3.269 Loading class sun/util/logging/PlatformLogger
Event: 3.269 Loading class sun/util/logging/PlatformLogger done
Event: 3.269 Loading class sun/util/logging/PlatformLogger$Level
Event: 3.269 Loading class sun/util/logging/PlatformLogger$Level done

Classes unloaded (0 events):
No events

Classes redefined (0 events):
No events

Internal exceptions (20 events):
Event: 1.199 Thread 0x000002083515fd50 Exception <a 'java/lang/NoSuchMethodError'{0x0000000712e8e8e8}: 'java.lang.Object java.lang.invoke.DirectMethodHandle$Holder.newInvokeSpecial(java.lang.Object, long)'> (0x0000000712e8e8e8) 
thrown [s\open\src\hotspot\share\interpreter\linkResolver.cpp, line 773]
Event: 1.218 Thread 0x000002083515fd50 Exception <a 'java/lang/NoSuchMethodError'{0x0000000712ec7fc0}: 'void java.lang.System.load(java.lang.String, java.lang.Class)'> (0x0000000712ec7fc0) 
thrown [s\open\src\hotspot\share\interpreter\linkResolver.cpp, line 773]
Event: 1.219 Thread 0x000002083515fd50 Exception <a 'java/lang/NoSuchMethodError'{0x0000000712eca960}: 'void java.lang.System.loadLibrary(java.lang.String, java.lang.Class)'> (0x0000000712eca960) 
thrown [s\open\src\hotspot\share\interpreter\linkResolver.cpp, line 773]
Event: 1.226 Thread 0x000002083515fd50 Exception <a 'sun/nio/fs/WindowsException'{0x0000000712eda710}> (0x0000000712eda710) 
thrown [s\open\src\hotspot\share\prims\jni.cpp, line 520]
Event: 1.226 Thread 0x000002083515fd50 Exception <a 'sun/nio/fs/WindowsException'{0x0000000712edaa90}> (0x0000000712edaa90) 
thrown [s\open\src\hotspot\share\prims\jni.cpp, line 520]
Event: 1.234 Thread 0x000002083515fd50 Exception <a 'sun/nio/fs/WindowsException'{0x0000000712ee1970}> (0x0000000712ee1970) 
thrown [s\open\src\hotspot\share\prims\jni.cpp, line 520]
Event: 1.234 Thread 0x000002083515fd50 Exception <a 'sun/nio/fs/WindowsException'{0x0000000712ee1c30}> (0x0000000712ee1c30) 
thrown [s\open\src\hotspot\share\prims\jni.cpp, line 520]
Event: 1.480 Thread 0x0000020856079e60 Exception <a 'java/lang/NoSuchMethodError'{0x0000000712cefaf8}: 'java.lang.Object java.lang.invoke.Invokers$Holder.invokeExact_MT(java.lang.Object, java.lang.Object, java.lang.Object, java.lang.Object, java.lang.Object, java.lang.Object)'> (0x0000000712cefaf8) 
thrown [s\open\src\hotspot\share\interpreter\linkResolver.cpp, line 773]
Event: 1.857 Thread 0x000002083515fd50 Exception <a 'sun/nio/fs/WindowsException'{0x0000000712b6c3a0}> (0x0000000712b6c3a0) 
thrown [s\open\src\hotspot\share\prims\jni.cpp, line 520]
Event: 2.016 Thread 0x000002083515fd50 Exception <a 'java/lang/NoSuchMethodError'{0x0000000712bc3848}: 'void java.lang.invoke.DirectMethodHandle$Holder.invokeVirtual(java.lang.Object, java.lang.Object, long, int)'> (0x0000000712bc3848) 
thrown [s\open\src\hotspot\share\interpreter\linkResolver.cpp, line 773]
Event: 2.564 Thread 0x000002083515fd50 Exception <a 'java/lang/NoSuchMethodError'{0x0000000712502fc8}: 'float java.lang.invoke.DelegatingMethodHandle$Holder.reinvoke_L(java.lang.Object, java.lang.Object)'> (0x0000000712502fc8) 
thrown [s\open\src\hotspot\share\interpreter\linkResolver.cpp, line 773]
Event: 2.565 Thread 0x000002083515fd50 Exception <a 'java/lang/NoSuchMethodError'{0x000000071250cf50}: 'void java.lang.invoke.DelegatingMethodHandle$Holder.reinvoke_L(java.lang.Object, java.lang.Object, float)'> (0x000000071250cf50) 
thrown [s\open\src\hotspot\share\interpreter\linkResolver.cpp, line 773]
Event: 2.568 Thread 0x000002083515fd50 Exception <a 'java/lang/NoSuchMethodError'{0x0000000712527ce8}: 'void java.lang.invoke.Invokers$Holder.invokeExact_MT(java.lang.Object, java.lang.Object, java.lang.Object, java.lang.Object)'> (0x0000000712527ce8) 
thrown [s\open\src\hotspot\share\interpreter\linkResolver.cpp, line 773]
Event: 2.569 Thread 0x000002083515fd50 Exception <a 'java/lang/NoSuchMethodError'{0x0000000712530738}: 'void java.lang.invoke.DelegatingMethodHandle$Holder.reinvoke_L(java.lang.Object, java.lang.Object, int)'> (0x0000000712530738) 
thrown [s\open\src\hotspot\share\interpreter\linkResolver.cpp, line 773]
Event: 2.569 Thread 0x000002083515fd50 Exception <a 'java/lang/NoSuchMethodError'{0x0000000712536f78}: 'void java.lang.invoke.Invokers$Holder.invokeExact_MT(java.lang.Object, java.lang.Object, int, java.lang.Object)'> (0x0000000712536f78) 
thrown [s\open\src\hotspot\share\interpreter\linkResolver.cpp, line 773]
Event: 2.909 Thread 0x000002083515fd50 Implicit null exception at 0x0000020847368dda to 0x000002084736bd84
Event: 3.051 Thread 0x000002083515fd50 Exception <a 'java/lang/NoSuchMethodError'{0x00000007137d11c8}: 'void java.lang.System.load(java.lang.String, java.lang.Class)'> (0x00000007137d11c8) 
thrown [s\open\src\hotspot\share\interpreter\linkResolver.cpp, line 773]
Event: 3.052 Thread 0x000002083515fd50 Exception <a 'java/lang/NoSuchMethodError'{0x00000007137d3bc0}: 'void java.lang.System.loadLibrary(java.lang.String, java.lang.Class)'> (0x00000007137d3bc0) 
thrown [s\open\src\hotspot\share\interpreter\linkResolver.cpp, line 773]
Event: 3.059 Thread 0x000002083515fd50 Exception <a 'sun/nio/fs/WindowsException'{0x00000007137e27d8}> (0x00000007137e27d8) 
thrown [s\open\src\hotspot\share\prims\jni.cpp, line 520]
Event: 3.059 Thread 0x000002083515fd50 Exception <a 'sun/nio/fs/WindowsException'{0x00000007137e2b38}> (0x00000007137e2b38) 
thrown [s\open\src\hotspot\share\prims\jni.cpp, line 520]

ZGC Phase Switch (0 events):
No events

VM Operations (17 events):
Event: 0.195 Executing VM operation: HandshakeAllThreads (Deoptimize)
Event: 0.195 Executing VM operation: HandshakeAllThreads (Deoptimize) done
Event: 0.573 Executing VM operation: HandshakeAllThreads (Deoptimize)
Event: 0.573 Executing VM operation: HandshakeAllThreads (Deoptimize) done
Event: 0.584 Executing VM operation: HandshakeAllThreads (Deoptimize)
Event: 0.584 Executing VM operation: HandshakeAllThreads (Deoptimize) done
Event: 1.585 Executing VM operation: Cleanup
Event: 1.586 Executing VM operation: Cleanup done
Event: 2.592 Executing VM operation: Cleanup
Event: 2.593 Executing VM operation: Cleanup done
Event: 2.667 Executing VM operation: G1CollectForAllocation (G1 Evacuation Pause)
Event: 2.678 Executing VM operation: G1CollectForAllocation (G1 Evacuation Pause) done
Event: 2.852 Executing VM operation: HandshakeAllThreads (Deoptimize)
Event: 2.852 Executing VM operation: HandshakeAllThreads (Deoptimize) done
Event: 2.911 Executing VM operation: G1CollectForAllocation (G1 Evacuation Pause)
Event: 2.915 Executing VM operation: G1CollectForAllocation (G1 Evacuation Pause) done
Event: 3.270 Executing VM operation: Exit

Events (19 events):
Event: 0.052 Thread 0x000002083515fd50 Thread added: 0x000002083515fd50
Event: 0.087 Thread 0x0000020856075700 Thread added: 0x0000020856075700
Event: 0.087 Thread 0x0000020856076640 Thread added: 0x0000020856076640
Event: 0.087 Thread 0x00000208560797f0 Thread added: 0x00000208560797f0
Event: 0.087 Thread 0x0000020856079e60 Thread added: 0x0000020856079e60
Event: 0.087 Thread 0x000002085607a4d0 Thread added: 0x000002085607a4d0
Event: 0.087 Thread 0x0000020856a1a0a0 Thread added: 0x0000020856a1a0a0
Event: 0.087 Thread 0x0000020856a1d200 Thread added: 0x0000020856a1d200
Event: 0.087 Thread 0x0000020856a21860 Thread added: 0x0000020856a21860
Event: 0.174 Thread 0x0000020856afac30 Thread added: 0x0000020856afac30
Event: 0.456 Thread 0x0000020856e0ac10 Thread added: 0x0000020856e0ac10
Event: 0.457 Thread 0x0000020856d72590 Thread added: 0x0000020856d72590
Event: 1.466 Thread 0x0000020856a1f650 Thread added: 0x0000020856a1f650
Event: 1.632 Thread 0x0000020856a1f650 Thread exited: 0x0000020856a1f650
Event: 2.683 Thread 0x0000020856a20ac0 Thread added: 0x0000020856a20ac0
Event: 2.752 Thread 0x0000020856a203f0 Thread added: 0x0000020856a203f0
Event: 3.265 Thread 0x00000208a58c0d40 Thread added: 0x00000208a58c0d40
Event: 3.267 Thread 0x0000020856a203f0 Thread exited: 0x0000020856a203f0
Event: 3.267 Thread 0x0000020856a20ac0 Thread exited: 0x0000020856a20ac0


Dynamic libraries:
0x00007ff7f8300000 - 0x00007ff7f8310000 	D:\jdk-21.0.1\bin\java.exe
0x00007ffe6acb0000 - 0x00007ffe6aec6000 	C:\WINDOWS\SYSTEM32\ntdll.dll
0x00007ffe691f0000 - 0x00007ffe692b4000 	C:\WINDOWS\System32\KERNEL32.DLL
0x00007ffe681d0000 - 0x00007ffe68576000 	C:\WINDOWS\System32\KERNELBASE.dll
0x00007ffe685f0000 - 0x00007ffe68701000 	C:\WINDOWS\System32\ucrtbase.dll
0x00007ffe623f0000 - 0x00007ffe62409000 	D:\jdk-21.0.1\bin\jli.dll
0x00007ffe6a080000 - 0x00007ffe6a132000 	C:\WINDOWS\System32\ADVAPI32.dll
0x00007ffe6a1a0000 - 0x00007ffe6a247000 	C:\WINDOWS\System32\msvcrt.dll
0x00007ffe6aa90000 - 0x00007ffe6ab38000 	C:\WINDOWS\System32\sechost.dll
0x00007ffe5e420000 - 0x00007ffe5e43b000 	D:\jdk-21.0.1\bin\VCRUNTIME140.dll
0x00007ffe68710000 - 0x00007ffe68738000 	C:\WINDOWS\System32\bcrypt.dll
0x00007ffe69f60000 - 0x00007ffe6a075000 	C:\WINDOWS\System32\RPCRT4.dll
0x00007ffe68b00000 - 0x00007ffe68cad000 	C:\WINDOWS\System32\USER32.dll
0x00007ffe68950000 - 0x00007ffe68976000 	C:\WINDOWS\System32\win32u.dll
0x00007ffe50410000 - 0x00007ffe506a3000 	C:\WINDOWS\WinSxS\amd64_microsoft.windows.common-controls_6595b64144ccf1df_6.0.22621.3235_none_270f74e173860f98\COMCTL32.dll
0x00007ffe692c0000 - 0x00007ffe692e9000 	C:\WINDOWS\System32\GDI32.dll
0x00007ffe67ff0000 - 0x00007ffe68108000 	C:\WINDOWS\System32\gdi32full.dll
0x00007ffe68740000 - 0x00007ffe687da000 	C:\WINDOWS\System32\msvcp_win.dll
0x00007ffe5d640000 - 0x00007ffe5d64a000 	C:\WINDOWS\SYSTEM32\VERSION.dll
0x00007ffe691b0000 - 0x00007ffe691e1000 	C:\WINDOWS\System32\IMM32.DLL
0x00007ffe53120000 - 0x00007ffe5312c000 	D:\jdk-21.0.1\bin\vcruntime140_1.dll
0x00007ffe35f90000 - 0x00007ffe3601e000 	D:\jdk-21.0.1\bin\msvcp140.dll
0x00007ffdf3250000 - 0x00007ffdf3f65000 	D:\jdk-21.0.1\bin\server\jvm.dll
0x00007ffe6abf0000 - 0x00007ffe6ac61000 	C:\WINDOWS\System32\WS2_32.dll
0x00007ffe66e40000 - 0x00007ffe66e8d000 	C:\WINDOWS\SYSTEM32\POWRPROF.dll
0x00007ffe5db90000 - 0x00007ffe5dbc4000 	C:\WINDOWS\SYSTEM32\WINMM.dll
0x00007ffe66e20000 - 0x00007ffe66e33000 	C:\WINDOWS\SYSTEM32\UMPDC.dll
0x00007ffe670e0000 - 0x00007ffe670f8000 	C:\WINDOWS\SYSTEM32\kernel.appcore.dll
0x00007ffe52880000 - 0x00007ffe5288a000 	D:\jdk-21.0.1\bin\jimage.dll
0x00007ffe65900000 - 0x00007ffe65b33000 	C:\WINDOWS\SYSTEM32\DBGHELP.DLL
0x00007ffe69bb0000 - 0x00007ffe69f38000 	C:\WINDOWS\System32\combase.dll
0x00007ffe6a270000 - 0x00007ffe6a347000 	C:\WINDOWS\System32\OLEAUT32.dll
0x00007ffe4cf40000 - 0x00007ffe4cf72000 	C:\WINDOWS\SYSTEM32\dbgcore.DLL
0x00007ffe68980000 - 0x00007ffe689fa000 	C:\WINDOWS\System32\bcryptPrimitives.dll
0x00007ffe52770000 - 0x00007ffe5277f000 	D:\jdk-21.0.1\bin\instrument.dll
0x00007ffe522b0000 - 0x00007ffe522cf000 	D:\jdk-21.0.1\bin\java.dll
0x00007ffe692f0000 - 0x00007ffe69b4c000 	C:\WINDOWS\System32\SHELL32.dll
0x00007ffe65f10000 - 0x00007ffe66808000 	C:\WINDOWS\SYSTEM32\windows.storage.dll
0x00007ffe65dd0000 - 0x00007ffe65f0e000 	C:\WINDOWS\SYSTEM32\wintypes.dll
0x00007ffe68a00000 - 0x00007ffe68af3000 	C:\WINDOWS\System32\SHCORE.dll
0x00007ffe6a140000 - 0x00007ffe6a19e000 	C:\WINDOWS\System32\shlwapi.dll
0x00007ffe67f20000 - 0x00007ffe67f46000 	C:\WINDOWS\SYSTEM32\profapi.dll
0x00007ffe2f470000 - 0x00007ffe2f547000 	D:\jdk-21.0.1\bin\jsvml.dll
0x00007ffe53130000 - 0x00007ffe53148000 	D:\jdk-21.0.1\bin\zip.dll
0x00007ffe538e0000 - 0x00007ffe538f0000 	D:\jdk-21.0.1\bin\net.dll
0x00007ffe5e8f0000 - 0x00007ffe5ea27000 	C:\WINDOWS\SYSTEM32\WINHTTP.dll
0x00007ffe67550000 - 0x00007ffe675b9000 	C:\WINDOWS\system32\mswsock.dll
0x00007ffe538c0000 - 0x00007ffe538d6000 	D:\jdk-21.0.1\bin\nio.dll
0x00007ffe51170000 - 0x00007ffe5118a000 	D:\IntelliJ IDEA Community Edition 2023.3.3\bin\breakgen64.dll
0x00007ffe528b0000 - 0x00007ffe528b7000 	D:\jdk-21.0.1\bin\extnet.dll
0x00007ffe2f3f0000 - 0x00007ffe2f465000 	C:\Users\Vu\AppData\Local\Temp\lwjglVu\3.3.1-build-7\lwjgl.dll
0x00007ffe1f0f0000 - 0x00007ffe1f151000 	C:\Users\Vu\AppData\Local\Temp\lwjglVu\3.3.1-build-7\glfw.dll
0x00007ffe36110000 - 0x00007ffe36156000 	C:\WINDOWS\SYSTEM32\dinput8.dll
0x00007ffe0cb50000 - 0x00007ffe0cb61000 	C:\WINDOWS\SYSTEM32\xinput1_4.dll
0x00007ffe67ce0000 - 0x00007ffe67d2e000 	C:\WINDOWS\SYSTEM32\cfgmgr32.dll
0x00007ffe67cb0000 - 0x00007ffe67cdc000 	C:\WINDOWS\SYSTEM32\DEVOBJ.dll
0x00007ffe62a40000 - 0x00007ffe62a6b000 	C:\WINDOWS\SYSTEM32\dwmapi.dll
0x00007ffe3a400000 - 0x00007ffe3a60a000 	C:\WINDOWS\SYSTEM32\inputhost.dll
0x00007ffe61140000 - 0x00007ffe61274000 	C:\WINDOWS\SYSTEM32\CoreMessaging.dll
0x00007ffe627f0000 - 0x00007ffe6289b000 	C:\WINDOWS\system32\uxtheme.dll
0x00007ffe68cb0000 - 0x00007ffe68e04000 	C:\WINDOWS\System32\MSCTF.dll
0x00007ffe67880000 - 0x00007ffe6788c000 	C:\WINDOWS\SYSTEM32\CRYPTBASE.DLL
0x00007ffe3eaa0000 - 0x00007ffe3eba0000 	C:\WINDOWS\SYSTEM32\opengl32.dll
0x00007ffe47050000 - 0x00007ffe4707d000 	C:\WINDOWS\SYSTEM32\GLU32.dll
0x00007ffe65160000 - 0x00007ffe65199000 	C:\WINDOWS\SYSTEM32\dxcore.dll
0x00007ffe5d980000 - 0x00007ffe5d9ca000 	C:\WINDOWS\SYSTEM32\directxdatabasehelper.dll
0x00007ffe6ab40000 - 0x00007ffe6abf0000 	C:\WINDOWS\System32\clbcatq.dll
0x00007ffdaf1a0000 - 0x00007ffdb0193000 	C:\WINDOWS\System32\DriverStore\FileRepository\iigd_dch.inf_amd64_5802b1615520e41c\igxelpicd64.dll
0x00007ffe6a360000 - 0x00007ffe6a4ff000 	C:\WINDOWS\System32\ole32.dll
0x00007ffe62920000 - 0x00007ffe62a18000 	C:\WINDOWS\system32\dxgi.dll
0x00007ffe00210000 - 0x00007ffe004f7000 	C:\WINDOWS\System32\DriverStore\FileRepository\iigd_dch.inf_amd64_5802b1615520e41c\igdml64.dll
0x00007ffe58080000 - 0x00007ffe58447000 	C:\WINDOWS\System32\DriverStore\FileRepository\iigd_dch.inf_amd64_5802b1615520e41c\igdgmm64.dll
0x00007ffe54a60000 - 0x00007ffe58071000 	C:\WINDOWS\System32\DriverStore\FileRepository\iigd_dch.inf_amd64_5802b1615520e41c\igc64.dll
0x00007ffe50ce0000 - 0x00007ffe50e2a000 	C:\WINDOWS\SYSTEM32\textinputframework.dll
0x00007ffdff240000 - 0x00007ffdff3d7000 	C:\Users\Vu\AppData\Local\Temp\lwjglVu\3.3.1-build-7\OpenAL.dll
0x00007ffe53bb0000 - 0x00007ffe53c4d000 	C:\WINDOWS\System32\MMDevApi.dll
0x00007ffe51830000 - 0x00007ffe51a1c000 	C:\WINDOWS\SYSTEM32\AUDIOSES.DLL
0x00007ffe65610000 - 0x00007ffe65625000 	C:\WINDOWS\SYSTEM32\resourcepolicyclient.dll
0x00007ffe2c800000 - 0x00007ffe2c85d000 	C:\Users\Vu\AppData\Local\Temp\lwjglVu\3.3.1-build-7\lwjgl_opengl.dll
0x0000000064a00000 - 0x0000000064d10000 	C:\Users\Vu\AppData\Local\Temp\imgui-java-natives_1709571510015\imgui-java64.dll
0x00007ffe678a0000 - 0x00007ffe678bb000 	C:\WINDOWS\SYSTEM32\CRYPTSP.dll
0x00007ffe67040000 - 0x00007ffe67075000 	C:\WINDOWS\system32\rsaenh.dll
0x00007ffe52890000 - 0x00007ffe528a0000 	D:\jdk-21.0.1\bin\verify.dll
0x00007ffe1b1d0000 - 0x00007ffe1b251000 	C:\Users\Vu\AppData\Local\Temp\lwjglVu\3.3.1-build-7\lwjgl_stb.dll

dbghelp: loaded successfully - version: 4.0.5 - missing functions: none
symbol engine: initialized successfully - sym options: 0x614 - pdb path: .;D:\jdk-21.0.1\bin;C:\WINDOWS\SYSTEM32;C:\WINDOWS\WinSxS\amd64_microsoft.windows.common-controls_6595b64144ccf1df_6.0.22621.3235_none_270f74e173860f98;D:\jdk-21.0.1\bin\server;D:\IntelliJ IDEA Community Edition 2023.3.3\bin;C:\Users\Vu\AppData\Local\Temp\lwjglVu\3.3.1-build-7;C:\WINDOWS\System32\DriverStore\FileRepository\iigd_dch.inf_amd64_5802b1615520e41c;C:\Users\Vu\AppData\Local\Temp\imgui-java-natives_1709571510015

VM Arguments:
jvm_args: -javaagent:D:\IntelliJ IDEA Community Edition 2023.3.3\lib\idea_rt.jar=57246:D:\IntelliJ IDEA Community Edition 2023.3.3\bin -Dfile.encoding=UTF-8 -Dsun.stdout.encoding=UTF-8 -Dsun.stderr.encoding=UTF-8 
java_command: main.Main
java_class_path (initial): D:\ducky-game\target\classes;C:\Users\Vu\.m2\repository\io\github\spair\imgui-java-app\1.81.0\imgui-java-app-1.81.0.jar;C:\Users\Vu\.m2\repository\org\lwjgl\lwjgl\3.3.1\lwjgl-3.3.1-natives-linux.jar;C:\Users\Vu\.m2\repository\org\lwjgl\lwjgl-glfw\3.3.1\lwjgl-glfw-3.3.1-natives-linux.jar;C:\Users\Vu\.m2\repository\org\lwjgl\lwjgl-opengl\3.3.1\lwjgl-opengl-3.3.1-natives-linux.jar;C:\Users\Vu\.m2\repository\org\lwjgl\lwjgl\3.3.1\lwjgl-3.3.1-natives-macos.jar;C:\Users\Vu\.m2\repository\org\lwjgl\lwjgl-glfw\3.3.1\lwjgl-glfw-3.3.1-natives-macos.jar;C:\Users\Vu\.m2\repository\org\lwjgl\lwjgl-opengl\3.3.1\lwjgl-opengl-3.3.1-natives-macos.jar;C:\Users\Vu\.m2\repository\io\github\spair\imgui-java-binding\1.81.0\imgui-java-binding-1.81.0.jar;C:\Users\Vu\.m2\repository\io\github\spair\imgui-java-lwjgl3\1.81.0\imgui-java-lwjgl3-1.81.0.jar;C:\Users\Vu\.m2\repository\org\lwjgl\lwjgl\3.3.1\lwjgl-3.3.1.jar;C:\Users\Vu\.m2\repository\com\google\code\gson\gson\2.10.1\gson-2.10.1.jar;C:\Users\Vu\.m2\repository\org\openjfx\javafx-controls\21\javafx-controls-21.jar;C:\Users\Vu\.m2\repository\org\openjfx\javafx-controls\21\javafx-controls-21-win.jar;C:\Users\Vu\.m2\repository\org\openjfx\javafx-graphics\21\javafx-graphics-21.jar;C:\Users\Vu\.m2\repository\org\openjfx\javafx-graphics\21\javafx-graphics-21-win.jar;C:\Users\Vu\.m2\repository\org\openjfx\javafx-base\21\javafx-base-21.jar;C:\Users\Vu\.m2\repository\org\openjfx\javafx-base\21\javafx-base-21-win.jar;C:\Users\Vu\.m2\repository\org\openjfx\javafx-fxml\21\javafx-fxml-21.jar;C:\Users\Vu\.m2\repository\org\openjfx\javafx-fxml\21\javafx-fxml-21-win.jar;C:\Users\Vu\.m2\repository\org\lwjgl\lwjgl-nfd\3.3.1\lwjgl-nfd-3.3.1.jar;C:\Users\Vu\.m2\repository\org\lwjgl\lwjgl-assimp\3.3.1\lwjgl-assimp-3.3.1.jar;C:\Users\Vu\.m2\repository\org\lwjgl\lwjgl-glfw\3.3.1\lwjgl-glfw-3.3.1.jar;C:\Users\Vu\.m2\repository\org\lwjgl\lwjgl-openal\3.3.1\lwjgl-openal-3.3.1.jar;C:\Users\Vu\.m2\repository\org\lwjgl\lwjgl-opengl\3.3.1\lwjgl-opengl-3.3.1.jar;C:\Users\Vu\.m2\repository\org\lwjgl\lwjgl-stb\3.3.1\lwjgl-stb-3.3.1.jar;C:\Users\Vu\.m2\repository\org\lwjgl\lwjgl\3.3.1\lwjgl-3.3.1-natives-windows.jar;C:\Users\Vu\.m2\repository\org\lwjgl\lwjgl-assimp\3.3.1\lwjgl-assimp-3.3.1-natives-windows.jar;C:\Users\Vu\.m2\repository\org\lwjgl\lwjgl-glfw\3.3.1\lwjgl-glfw-3.3.1-natives-windows.jar;C:\Users\Vu\.m2\repository\org\lwjgl\lwjgl-openal\3.3.1\lwjgl-openal-3.3.1-natives-windows.jar;C:\Users\Vu\.m2\repository\org\lwjgl\lwjgl-opengl\3.3.1\lwjgl-opengl-3.3.1-natives-windows.jar;C:\Users\Vu\.m2\repository\org\mongodb\mongodb-driver\3.12.14\mongodb-driver-3.12.14.jar;C:\Users\Vu\.m2\repository\org\mongodb\bson\3.12.14\bson-3.12.14.jar;C:\Users\Vu\.m2\repository\org\mongodb\mongodb-driver-core\3.12.14\mongodb-driver-core-3.12.14.jar;C:\Users\Vu\.m2\repository\org\lwjgl\lwjgl-stb\3.3.1\lwjgl-stb-3.3.1-natives-windows.jar;C:\Users\Vu\.m2\repository\org\lwjgl\lwjgl-nfd\3.3.1\lwjgl-nfd-3.3.1-natives-windows.jar;C:\Users\Vu\.m2\repository\org\jbox2d\jbox2d-library\2.2.1.1\jbox2d-library-2.2.1.1.jar;C:\Users\Vu\.m2\repository\org\joml\joml\1.9.24\joml-1.9.24.jar
Launcher Type: SUN_STANDARD

[Global flags]
     intx CICompilerCount                          = 4                                         {product} {ergonomic}
     uint ConcGCThreads                            = 3                                         {product} {ergonomic}
     uint G1ConcRefinementThreads                  = 10                                        {product} {ergonomic}
   size_t G1HeapRegionSize                         = 2097152                                   {product} {ergonomic}
    uintx GCDrainStackTargetSize                   = 64                                        {product} {ergonomic}
   size_t InitialHeapSize                          = 266338304                                 {product} {ergonomic}
   size_t MarkStackSize                            = 4194304                                   {product} {ergonomic}
   size_t MaxHeapSize                              = 4234149888                                {product} {ergonomic}
   size_t MaxNewSize                               = 2539651072                                {product} {ergonomic}
   size_t MinHeapDeltaBytes                        = 2097152                                   {product} {ergonomic}
   size_t MinHeapSize                              = 8388608                                   {product} {ergonomic}
    uintx NonNMethodCodeHeapSize                   = 5839372                                {pd product} {ergonomic}
    uintx NonProfiledCodeHeapSize                  = 122909434                              {pd product} {ergonomic}
    uintx ProfiledCodeHeapSize                     = 122909434                              {pd product} {ergonomic}
    uintx ReservedCodeCacheSize                    = 251658240                              {pd product} {ergonomic}
     bool SegmentedCodeCache                       = true                                      {product} {ergonomic}
   size_t SoftMaxHeapSize                          = 4234149888                             {manageable} {ergonomic}
     bool UseCompressedOops                        = true                           {product lp64_product} {ergonomic}
     bool UseG1GC                                  = true                                      {product} {ergonomic}
     bool UseLargePagesIndividualAllocation        = false                                  {pd product} {ergonomic}

Logging:
Log output configuration:
 #0: stdout all=off uptime,level,tags foldmultilines=false
 #1: stderr all=off uptime,level,tags foldmultilines=false

Environment Variables:
JAVA_HOME=D:\jdk-21.0.1
PATH=C:\Program Files\Common Files\Oracle\Java\javapath;C:\Windows\system32;C:\Windows;C:\Windows\System32\Wbem;C:\Windows\System32\WindowsPowerShell\v1.0\;C:\Windows\System32\OpenSSH\;C:\Program Files (x86)\NVIDIA Corporation\PhysX\Common;C:\Program Files\NVIDIA Corporation\NVIDIA NvDLISR;C:\WINDOWS\system32;C:\WINDOWS;C:\WINDOWS\System32\Wbem;C:\WINDOWS\System32\WindowsPowerShell\v1.0\;C:\WINDOWS\System32\OpenSSH\;C:\Program Files\Git\cmd;C:\Program Files\Microsoft SQL Server\150\Tools\Binn\;C:\Program Files\Microsoft SQL Server\Client SDK\ODBC\170\Tools\Binn\;C:\Program Files\dotnet\;C:\Users\Vu\Downloads\apache-maven-3.9.6\bin;D:\jdk-21.0.1\bin;C:\Users\Vu\AppData\Local\Microsoft\WindowsApps;C:\Users\Vu\AppData\Local\Programs\Microsoft VS Code\bin;C:\Users\Vu\.dotnet\tools
USERNAME=Vu
OS=Windows_NT
PROCESSOR_IDENTIFIER=Intel64 Family 6 Model 141 Stepping 1, GenuineIntel
TMP=C:\Users\Vu\AppData\Local\Temp
TEMP=C:\Users\Vu\AppData\Local\Temp




Periodic native trim disabled

---------------  S Y S T E M  ---------------

OS:
 Windows 11 , 64 bit Build 22621 (10.0.22621.3235)
OS uptime: 1 days 6:00 hours
Hyper-V role detected

CPU: total 12 (initial active 12) (6 cores per cpu, 2 threads per core) family 6 model 141 stepping 1 microcode 0x3c, cx8, cmov, fxsr, ht, mmx, 3dnowpref, sse, sse2, sse3, ssse3, sse4.1, sse4.2, popcnt, lzcnt, tsc, tscinvbit, avx, avx2, aes, erms, clmul, bmi1, bmi2, adx, avx512f, avx512dq, avx512cd, avx512bw, avx512vl, sha, fma, vzeroupper, avx512_vpopcntdq, avx512_vpclmulqdq, avx512_vaes, avx512_vnni, clflush, clflushopt, clwb, avx512_vbmi2, avx512_vbmi, hv, rdtscp, rdpid, fsrm, gfni, avx512_bitalg, f16c, cet_ibt, cet_ss, avx512_ifma
Processor Information for all 12 processors :
  Max Mhz: 2688, Current Mhz: 2688, Mhz Limit: 2688

Memory: 4k page, system-wide physical 16147M (4791M free)
TotalPageFile size 23315M (AvailPageFile size 6068M)
current process WorkingSet (physical memory assigned to process): 281M, peak: 285M
current process commit charge ("private bytes"): 505M, peak: 524M

vm_info: Java HotSpot(TM) 64-Bit Server VM (21.0.1+12-LTS-29) for windows-amd64 JRE (21.0.1+12-LTS-29), built on 2023-10-05T13:27:09Z by "mach5one" with MS VC++ 17.1 (VS2022)

END.
