#
# A fatal error has been detected by the Java Runtime Environment:
#
#  EXCEPTION_ACCESS_VIOLATION (0xc0000005) at pc=0x00007ffd7f94366c, pid=9884, tid=21548
#
# JRE version: Java(TM) SE Runtime Environment (21.0.1+12) (build 21.0.1+12-LTS-29)
# Java VM: Java HotSpot(TM) 64-Bit Server VM (21.0.1+12-LTS-29, mixed mode, sharing, tiered, compressed oops, compressed class ptrs, g1 gc, windows-amd64)
# Problematic frame:
# C  [igxelpicd64.dll+0x13366c]
#
# No core dump will be written. Minidumps are not enabled by default on client versions of Windows
#
# If you would like to submit a bug report, please visit:
#   https://bugreport.java.com/bugreport/crash.jsp
#

---------------  S U M M A R Y ------------

Command Line: -javaagent:D:\IntelliJ IDEA Community Edition 2023.3.3\lib\idea_rt.jar=54324:D:\IntelliJ IDEA Community Edition 2023.3.3\bin -Dfile.encoding=UTF-8 -Dsun.stdout.encoding=UTF-8 -Dsun.stderr.encoding=UTF-8 main.Main

Host: 11th Gen Intel(R) Core(TM) i5-11400H @ 2.70GHz, 12 cores, 15G,  Windows 11 , 64 bit Build 22621 (10.0.22621.3085)
Time: Wed Feb 21 03:41:52 2024 SE Asia Standard Time elapsed time: 277.248671 seconds (0d 0h 4m 37s)

---------------  T H R E A D  ---------------

Current thread (0x000001feba8a9c80):  VMThread "VM Thread"          [id=21548, stack(0x0000001aaea00000,0x0000001aaeb00000) (1024K)]

Stack: [0x0000001aaea00000,0x0000001aaeb00000],  sp=0x0000001aaeafe2f0,  free space=1016k
Native frames: (J=compiled Java code, j=interpreted, Vv=VM code, C=native code)
C  [igxelpicd64.dll+0x13366c]


siginfo: EXCEPTION_ACCESS_VIOLATION (0xc0000005), reading address 0x00000000000356f8


Registers:
RAX=0x000001fe89c34f08, RBX=0x000001fe89c34e00, RCX=0x0000000000000000, RDX=0x0000000000000000
RSP=0x0000001aaeafe2f0, RBP=0x0000000000000000, RSI=0x000001fe89c353d0, RDI=0x000001fe805535d0
R8 =0x0000000000000014, R9 =0x0000000000000000, R10=0x0000000000000000, R11=0x0000000000000000
R12=0x0000000000000000, R13=0x000001fe8070ff20, R14=0x0000000006e79600, R15=0x0000000000000016
RIP=0x00007ffd7f94366c, EFLAGS=0x0000000000010202


Register to memory mapping:

RAX=0x000001fe89c34f08 points into unknown readable memory: 0x0000000006e792eb | eb 92 e7 06 00 00 00 00
RBX=0x000001fe89c34e00 points into unknown readable memory: 0x000001fe8051eea0 | a0 ee 51 80 fe 01 00 00
RCX=0x0 is null
RDX=0x0 is null
RSP=0x0000001aaeafe2f0 points into unknown readable memory: 0x000001fe8056a9f0 | f0 a9 56 80 fe 01 00 00
RBP=0x0 is null
RSI=0x000001fe89c353d0 points into unknown readable memory: 0x000001fe8070ff20 | 20 ff 70 80 fe 01 00 00
RDI=0x000001fe805535d0 points into unknown readable memory: 0x000001fe8053c800 | 00 c8 53 80 fe 01 00 00
R8 =0x0000000000000014 is an unknown value
R9 =0x0 is null
R10=0x0 is null
R11=0x0 is null
R12=0x0 is null
R13=0x000001fe8070ff20 points into unknown readable memory: 0x000001fe8051eea0 | a0 ee 51 80 fe 01 00 00
R14=0x0000000006e79600 is an unknown value
R15=0x0000000000000016 is an unknown value

Top of Stack: (sp=0x0000001aaeafe2f0)
0x0000001aaeafe2f0:   000001fe8056a9f0 0000000000000000
0x0000001aaeafe300:   000001fe806205c0 00007ffe1b2533b4
0x0000001aaeafe310:   000001fe806205c0 00007ffd7f855db3
0x0000001aaeafe320:   000000007a000004 0000000000000000
0x0000001aaeafe330:   000001fe80614ff8 0000000006e796e1
0x0000001aaeafe340:   0000000000000000 000000000000000e
0x0000001aaeafe350:   0000000000000000 0000000000000000
0x0000001aaeafe360:   0000001aaeafe470 00007ffd7fabbc3c
0x0000001aaeafe370:   000001fe8056a9f0 000001fe805535d0
0x0000001aaeafe380:   000001fe80614c00 000001fe805e0100
0x0000001aaeafe390:   0000001a00000fb0 0000b802195e0000
0x0000001aaeafe3a0:   0000000000000000 0000001aaeafe6f8
0x0000001aaeafe3b0:   0000001a00000028 0000800400112000
0x0000001aaeafe3c0:   000001fe99210000 0000000000000002
0x0000001aaeafe3d0:   0000000200000101 00007ffd7fab19a0
0x0000001aaeafe3e0:   00007ffe00000000 00000000000004b4
0x0000001aaeafe3f0:   0000000000000000 0000000000000000
0x0000001aaeafe400:   00007f0000000000 0000000000000000
0x0000001aaeafe410:   0000000000000000 00007ffd7f893cdf
0x0000001aaeafe420:   0000b802195e0000 0000000000000fb0
0x0000001aaeafe430:   0000000000000000 4000170000000001
0x0000001aaeafe440:   0000000000000000 0000000000000000
0x0000001aaeafe450:   0000000000000000 0000000000000000
0x0000001aaeafe460:   0000000000000000 0000000000000000
0x0000001aaeafe470:   0000000000000000 0000000000000000
0x0000001aaeafe480:   0000000000000000 0000000000000000
0x0000001aaeafe490:   0000000000000000 0000000000000000
0x0000001aaeafe4a0:   0000000000000000 0000000000000000
0x0000001aaeafe4b0:   0000000000000000 0000000000000000
0x0000001aaeafe4c0:   0000000000000000 0000000000000000
0x0000001aaeafe4d0:   0000000000000000 0000000000000000
0x0000001aaeafe4e0:   0000000000000000 0000000000000000 

Instructions: (pc=0x00007ffd7f94366c)
0x00007ffd7f94356c:   ec 40 45 8a e1 48 8b fa 48 8b e9 48 8b 1d 42 08
0x00007ffd7f94357c:   e0 00 48 89 58 08 48 8b cb ff 15 85 5b 9a 00 90
0x00007ffd7f94358c:   4c 8b af 78 02 00 00 48 8b 05 c6 e4 cf 00 44 8b
0x00007ffd7f94359c:   b8 40 0b 00 00 45 33 db 45 8a f3 4c 89 9f 78 02
0x00007ffd7f9435ac:   00 00 44 89 9f 80 02 00 00 4c 89 9f 98 02 00 00
0x00007ffd7f9435bc:   4c 89 9f 88 02 00 00 48 85 ed 75 38 8b 35 4a e2
0x00007ffd7f9435cc:   df 00 65 48 8b 04 25 58 00 00 00 b9 14 00 00 00
0x00007ffd7f9435dc:   48 8b 04 f0 44 38 1c 01 0f 84 9d da 86 00 65 48
0x00007ffd7f9435ec:   8b 04 25 58 00 00 00 bd 20 00 00 00 48 8b 04 f0
0x00007ffd7f9435fc:   48 8b 2c 28 48 3b 2d 39 07 e0 00 45 0f 44 fb 4d
0x00007ffd7f94360c:   85 ed 0f 84 21 01 00 00 44 8a a4 24 90 00 00 00
0x00007ffd7f94361c:   49 8b dd 49 8d b5 d0 05 00 00 4c 8b 2e 45 84 e4
0x00007ffd7f94362c:   0f 85 2a 03 00 00 8b 97 c8 01 00 00 48 8b 05 21
0x00007ffd7f94363c:   e4 cf 00 83 b8 78 03 00 00 02 75 31 83 fa 10 0f
0x00007ffd7f94364c:   83 20 01 00 00 48 8d 04 d5 21 00 00 00 48 03 c2
0x00007ffd7f94365c:   48 8d 04 c3 48 85 c0 0f 85 ff 00 00 00 49 8b cb
0x00007ffd7f94366c:   48 3b 8d f8 56 03 00 0f 87 f3 02 00 00 4c 39 9b
0x00007ffd7f94367c:   48 06 00 00 0f 85 41 da 86 00 44 8b 97 c8 01 00
0x00007ffd7f94368c:   00 48 8b 87 e0 01 00 00 4c 8b 08 8b 97 c8 01 00
0x00007ffd7f94369c:   00 83 fa 10 0f 83 03 01 00 00 48 8d 04 d5 21 00
0x00007ffd7f9436ac:   00 00 48 03 c2 48 8d 04 c3 48 85 c0 0f 85 e2 00
0x00007ffd7f9436bc:   00 00 49 8b cb 49 3b c9 0f 86 0e 01 00 00 48 8b
0x00007ffd7f9436cc:   87 78 02 00 00 48 89 06 48 89 9f 78 02 00 00 ff
0x00007ffd7f9436dc:   87 80 02 00 00 48 8b 43 08 48 8b 88 18 01 00 00
0x00007ffd7f9436ec:   48 81 e1 00 00 ff ff 48 81 c1 00 00 01 00 48 01
0x00007ffd7f9436fc:   8f 88 02 00 00 48 8b 43 08 48 8b 88 18 01 00 00
0x00007ffd7f94370c:   48 01 8f 98 02 00 00 4d 85 ed 0f 85 00 ff ff ff
0x00007ffd7f94371c:   45 84 f6 44 8a a4 24 98 00 00 00 0f 85 82 03 00
0x00007ffd7f94372c:   00 48 8b 9c 24 80 00 00 00 48 8b cf 45 84 e4 0f
0x00007ffd7f94373c:   85 8a 03 00 00 e8 fa f9 ff ff 90 48 8b cb 48 8b
0x00007ffd7f94374c:   9c 24 88 00 00 00 48 83 c4 40 41 5f 41 5e 41 5d
0x00007ffd7f94375c:   41 5c 5f 5e 5d 48 ff 25 b0 59 9a 00 48 8b 48 08 


Stack slot to memory mapping:

stack at sp + 0 slots: 0x000001fe8056a9f0 points into unknown readable memory: 0xffffffffffffffff | ff ff ff ff ff ff ff ff
stack at sp + 1 slots: 0x0 is null
stack at sp + 2 slots: 0x000001fe806205c0 points into unknown readable memory: 0x0000000000000001 | 01 00 00 00 00 00 00 00
stack at sp + 3 slots: 0x00007ffe1b2533b4 ntdll.dll
stack at sp + 4 slots: 0x000001fe806205c0 points into unknown readable memory: 0x0000000000000001 | 01 00 00 00 00 00 00 00
stack at sp + 5 slots: 0x00007ffd7f855db3 igxelpicd64.dll
stack at sp + 6 slots: 0x000000007a000004 is an unknown value
stack at sp + 7 slots: 0x0 is null

VM_Operation (0x0000001aae0ff0f0): Exit, mode: safepoint, requested by thread 0x000001fe89822c80


---------------  P R O C E S S  ---------------

Threads class SMR info:
_java_thread_list=0x000001fe804e07d0, length=13, elements={
0x000001fe99401760, 0x000001feba8ca390, 0x000001feba8cb3a0, 0x000001feba8cd5f0,
0x000001feba8ce470, 0x000001feba8d1100, 0x000001fe80008090, 0x000001fe80008f50,
0x000001feba8d8640, 0x000001fe80115fb0, 0x000001fe80118da0, 0x000001fe80119430,
0x000001fe89822c80
}

Java Threads: ( => current thread )
  0x000001fe99401760 JavaThread "main"                              [_thread_blocked, id=21460, stack(0x0000001aae300000,0x0000001aae400000) (1024K)]
  0x000001feba8ca390 JavaThread "Reference Handler"          daemon [_thread_blocked, id=22076, stack(0x0000001aaeb00000,0x0000001aaec00000) (1024K)]
  0x000001feba8cb3a0 JavaThread "Finalizer"                  daemon [_thread_blocked, id=11608, stack(0x0000001aaec00000,0x0000001aaed00000) (1024K)]
  0x000001feba8cd5f0 JavaThread "Signal Dispatcher"          daemon [_thread_blocked, id=6420, stack(0x0000001aaed00000,0x0000001aaee00000) (1024K)]
  0x000001feba8ce470 JavaThread "Attach Listener"            daemon [_thread_blocked, id=23680, stack(0x0000001aaee00000,0x0000001aaef00000) (1024K)]
  0x000001feba8d1100 JavaThread "Service Thread"             daemon [_thread_blocked, id=13184, stack(0x0000001aaef00000,0x0000001aaf000000) (1024K)]
  0x000001fe80008090 JavaThread "Monitor Deflation Thread"   daemon [_thread_blocked, id=21236, stack(0x0000001aaf000000,0x0000001aaf100000) (1024K)]
  0x000001fe80008f50 JavaThread "C2 CompilerThread0"         daemon [_thread_blocked, id=8740, stack(0x0000001aaf100000,0x0000001aaf200000) (1024K)]
  0x000001feba8d8640 JavaThread "C1 CompilerThread0"         daemon [_thread_blocked, id=18088, stack(0x0000001aaf200000,0x0000001aaf300000) (1024K)]
  0x000001fe80115fb0 JavaThread "Common-Cleaner"             daemon [_thread_blocked, id=19580, stack(0x0000001aaf300000,0x0000001aaf400000) (1024K)]
  0x000001fe80118da0 JavaThread "Monitor Ctrl-Break"         daemon [_thread_in_native, id=21500, stack(0x0000001aaf400000,0x0000001aaf500000) (1024K)]
  0x000001fe80119430 JavaThread "Notification Thread"        daemon [_thread_blocked, id=2648, stack(0x0000001aaf500000,0x0000001aaf600000) (1024K)]
  0x000001fe89822c80 JavaThread "SIGINT handler"             daemon [_thread_blocked, id=20936, stack(0x0000001aae000000,0x0000001aae100000) (1024K)]
Total: 13

Other Threads:
=>0x000001feba8a9c80 VMThread "VM Thread"                           [id=21548, stack(0x0000001aaea00000,0x0000001aaeb00000) (1024K)]
  0x000001fe9964f990 WorkerThread "GC Thread#0"                     [id=22592, stack(0x0000001aae400000,0x0000001aae500000) (1024K)]
  0x000001fe89cf9710 WorkerThread "GC Thread#1"                     [id=2752, stack(0x0000001aafe00000,0x0000001aaff00000) (1024K)]
  0x000001fe80464c00 WorkerThread "GC Thread#2"                     [id=23188, stack(0x0000001aaff00000,0x0000001ab0000000) (1024K)]
  0x000001fe89d33f60 WorkerThread "GC Thread#3"                     [id=12548, stack(0x0000001ab0000000,0x0000001ab0100000) (1024K)]
  0x000001fe89d34300 WorkerThread "GC Thread#4"                     [id=10836, stack(0x0000001ab0100000,0x0000001ab0200000) (1024K)]
  0x000001fe801d9420 WorkerThread "GC Thread#5"                     [id=16796, stack(0x0000001ab0200000,0x0000001ab0300000) (1024K)]
  0x000001fe89ce9df0 WorkerThread "GC Thread#6"                     [id=21212, stack(0x0000001ab0300000,0x0000001ab0400000) (1024K)]
  0x000001fe89ce96b0 WorkerThread "GC Thread#7"                     [id=1876, stack(0x0000001ab0400000,0x0000001ab0500000) (1024K)]
  0x000001fe89ce9a50 WorkerThread "GC Thread#8"                     [id=9028, stack(0x0000001ab0500000,0x0000001ab0600000) (1024K)]
  0x000001fe89cea190 WorkerThread "GC Thread#9"                     [id=16500, stack(0x0000001ab0600000,0x0000001ab0700000) (1024K)]
  0x000001fe99660770 ConcurrentGCThread "G1 Main Marker"            terminated
  0x000001fe99661270 WorkerThread "G1 Conc#0"                       [id=15896, stack(0x0000001aae600000,0x0000001aae700000) (1024K)]
  0x000001feba767cb0 ConcurrentGCThread "G1 Refine#0"               terminated
  0x000001feba7684d0 ConcurrentGCThread "G1 Service"                terminated
Total: 15

Threads with active compile tasks:
C1 CompilerThread0   277281 2127   !   3       java.util.concurrent.ConcurrentHashMap::replaceNode (437 bytes)
Total: 1

VM state: at safepoint (shutting down)

VM Mutex/Monitor currently owned by a thread:  ([mutex/lock_event])
[0x00007ffd8f7ca5f8] Threads_lock - owner thread: 0x000001feba8a9c80
[0x00007ffd8f7ca6f8] Heap_lock - owner thread: 0x000001fe89822c80

Heap address: 0x0000000703a00000, size: 4038 MB, Compressed Oops mode: Zero based, Oop shift amount: 3

CDS archive(s) mapped at: [0x000001febb000000-0x000001febbc90000-0x000001febbc90000), size 13172736, SharedBaseAddress: 0x000001febb000000, ArchiveRelocationMode: 1.
Compressed class space mapped at: 0x000001febc000000-0x000001fefc000000, reserved size: 1073741824
Narrow klass base: 0x000001febb000000, Narrow klass shift: 0, Narrow klass range: 0x100000000

GC Precious Log:
 CardTable entry size: 512
 Card Set container configuration: InlinePtr #cards 4 size 8 Array Of Cards #cards 16 size 48 Howl #buckets 8 coarsen threshold 3686 Howl Bitmap #cards 512 size 80 coarsen threshold 460 Card regions per heap region 1 cards per card region 4096
 CPUs: 12 total, 12 available
 Memory: 16147M
 Large Page Support: Disabled
 NUMA Support: Disabled
 Compressed Oops: Enabled (Zero based)
 Heap Region Size: 2M
 Heap Min Capacity: 8M
 Heap Initial Capacity: 254M
 Heap Max Capacity: 4038M
 Pre-touch: Disabled
 Parallel Workers: 10
 Concurrent Workers: 3
 Concurrent Refinement Workers: 10
 Periodic GC: Disabled

Heap:
 garbage-first heap   total 260096K, used 152023K [0x0000000703a00000, 0x0000000800000000)
  region size 2048K, 74 young (151552K), 6 survivors (12288K)
 Metaspace       used 9699K, committed 9920K, reserved 1114112K
  class space    used 677K, committed 768K, reserved 1048576K

Heap Regions: E=young(eden), S=young(survivor), O=old, HS=humongous(starts), HC=humongous(continues), CS=collection set, F=free, TAMS=top-at-mark-start, PB=parsable bottom
|   0|0x0000000703a00000, 0x0000000703c00000, 0x0000000703c00000|100%| O|  |TAMS 0x0000000703a00000| PB 0x0000000703a00000| Untracked 
|   1|0x0000000703c00000, 0x0000000703c00000, 0x0000000703e00000|  0%| F|  |TAMS 0x0000000703c00000| PB 0x0000000703c00000| Untracked 
|   2|0x0000000703e00000, 0x0000000703e00000, 0x0000000704000000|  0%| F|  |TAMS 0x0000000703e00000| PB 0x0000000703e00000| Untracked 
|   3|0x0000000704000000, 0x0000000704000000, 0x0000000704200000|  0%| F|  |TAMS 0x0000000704000000| PB 0x0000000704000000| Untracked 
|   4|0x0000000704200000, 0x0000000704200000, 0x0000000704400000|  0%| F|  |TAMS 0x0000000704200000| PB 0x0000000704200000| Untracked 
|   5|0x0000000704400000, 0x0000000704400000, 0x0000000704600000|  0%| F|  |TAMS 0x0000000704400000| PB 0x0000000704400000| Untracked 
|   6|0x0000000704600000, 0x0000000704600000, 0x0000000704800000|  0%| F|  |TAMS 0x0000000704600000| PB 0x0000000704600000| Untracked 
|   7|0x0000000704800000, 0x0000000704800000, 0x0000000704a00000|  0%| F|  |TAMS 0x0000000704800000| PB 0x0000000704800000| Untracked 
|   8|0x0000000704a00000, 0x0000000704a00000, 0x0000000704c00000|  0%| F|  |TAMS 0x0000000704a00000| PB 0x0000000704a00000| Untracked 
|   9|0x0000000704c00000, 0x0000000704e00000, 0x0000000704e00000|100%| O|  |TAMS 0x0000000704c00000| PB 0x0000000704c00000| Untracked 
|  10|0x0000000704e00000, 0x0000000704e2bb00, 0x0000000705000000|  8%| O|  |TAMS 0x0000000704e00000| PB 0x0000000704e00000| Untracked 
|  11|0x0000000705000000, 0x0000000705000000, 0x0000000705200000|  0%| F|  |TAMS 0x0000000705000000| PB 0x0000000705000000| Untracked 
|  12|0x0000000705200000, 0x0000000705200000, 0x0000000705400000|  0%| F|  |TAMS 0x0000000705200000| PB 0x0000000705200000| Untracked 
|  13|0x0000000705400000, 0x0000000705400000, 0x0000000705600000|  0%| F|  |TAMS 0x0000000705400000| PB 0x0000000705400000| Untracked 
|  14|0x0000000705600000, 0x0000000705600000, 0x0000000705800000|  0%| F|  |TAMS 0x0000000705600000| PB 0x0000000705600000| Untracked 
|  15|0x0000000705800000, 0x0000000705800000, 0x0000000705a00000|  0%| F|  |TAMS 0x0000000705800000| PB 0x0000000705800000| Untracked 
|  16|0x0000000705a00000, 0x0000000705a00000, 0x0000000705c00000|  0%| F|  |TAMS 0x0000000705a00000| PB 0x0000000705a00000| Untracked 
|  17|0x0000000705c00000, 0x0000000705c00000, 0x0000000705e00000|  0%| F|  |TAMS 0x0000000705c00000| PB 0x0000000705c00000| Untracked 
|  18|0x0000000705e00000, 0x0000000705e00000, 0x0000000706000000|  0%| F|  |TAMS 0x0000000705e00000| PB 0x0000000705e00000| Untracked 
|  19|0x0000000706000000, 0x0000000706000000, 0x0000000706200000|  0%| F|  |TAMS 0x0000000706000000| PB 0x0000000706000000| Untracked 
|  20|0x0000000706200000, 0x0000000706200000, 0x0000000706400000|  0%| F|  |TAMS 0x0000000706200000| PB 0x0000000706200000| Untracked 
|  21|0x0000000706400000, 0x0000000706400000, 0x0000000706600000|  0%| F|  |TAMS 0x0000000706400000| PB 0x0000000706400000| Untracked 
|  22|0x0000000706600000, 0x0000000706600000, 0x0000000706800000|  0%| F|  |TAMS 0x0000000706600000| PB 0x0000000706600000| Untracked 
|  23|0x0000000706800000, 0x0000000706800000, 0x0000000706a00000|  0%| F|  |TAMS 0x0000000706800000| PB 0x0000000706800000| Untracked 
|  24|0x0000000706a00000, 0x0000000706a00000, 0x0000000706c00000|  0%| F|  |TAMS 0x0000000706a00000| PB 0x0000000706a00000| Untracked 
|  25|0x0000000706c00000, 0x0000000706c00000, 0x0000000706e00000|  0%| F|  |TAMS 0x0000000706c00000| PB 0x0000000706c00000| Untracked 
|  26|0x0000000706e00000, 0x0000000706e00000, 0x0000000707000000|  0%| F|  |TAMS 0x0000000706e00000| PB 0x0000000706e00000| Untracked 
|  27|0x0000000707000000, 0x0000000707000000, 0x0000000707200000|  0%| F|  |TAMS 0x0000000707000000| PB 0x0000000707000000| Untracked 
|  28|0x0000000707200000, 0x0000000707200000, 0x0000000707400000|  0%| F|  |TAMS 0x0000000707200000| PB 0x0000000707200000| Untracked 
|  29|0x0000000707400000, 0x0000000707400000, 0x0000000707600000|  0%| F|  |TAMS 0x0000000707400000| PB 0x0000000707400000| Untracked 
|  30|0x0000000707600000, 0x0000000707600000, 0x0000000707800000|  0%| F|  |TAMS 0x0000000707600000| PB 0x0000000707600000| Untracked 
|  31|0x0000000707800000, 0x0000000707800000, 0x0000000707a00000|  0%| F|  |TAMS 0x0000000707800000| PB 0x0000000707800000| Untracked 
|  32|0x0000000707a00000, 0x0000000707a00000, 0x0000000707c00000|  0%| F|  |TAMS 0x0000000707a00000| PB 0x0000000707a00000| Untracked 
|  33|0x0000000707c00000, 0x0000000707c00000, 0x0000000707e00000|  0%| F|  |TAMS 0x0000000707c00000| PB 0x0000000707c00000| Untracked 
|  34|0x0000000707e00000, 0x0000000707e00000, 0x0000000708000000|  0%| F|  |TAMS 0x0000000707e00000| PB 0x0000000707e00000| Untracked 
|  35|0x0000000708000000, 0x0000000708000000, 0x0000000708200000|  0%| F|  |TAMS 0x0000000708000000| PB 0x0000000708000000| Untracked 
|  36|0x0000000708200000, 0x0000000708200000, 0x0000000708400000|  0%| F|  |TAMS 0x0000000708200000| PB 0x0000000708200000| Untracked 
|  37|0x0000000708400000, 0x0000000708400000, 0x0000000708600000|  0%| F|  |TAMS 0x0000000708400000| PB 0x0000000708400000| Untracked 
|  38|0x0000000708600000, 0x0000000708600000, 0x0000000708800000|  0%| F|  |TAMS 0x0000000708600000| PB 0x0000000708600000| Untracked 
|  39|0x0000000708800000, 0x0000000708800000, 0x0000000708a00000|  0%| F|  |TAMS 0x0000000708800000| PB 0x0000000708800000| Untracked 
|  40|0x0000000708a00000, 0x0000000708a00000, 0x0000000708c00000|  0%| F|  |TAMS 0x0000000708a00000| PB 0x0000000708a00000| Untracked 
|  41|0x0000000708c00000, 0x0000000708c00000, 0x0000000708e00000|  0%| F|  |TAMS 0x0000000708c00000| PB 0x0000000708c00000| Untracked 
|  42|0x0000000708e00000, 0x0000000708e00000, 0x0000000709000000|  0%| F|  |TAMS 0x0000000708e00000| PB 0x0000000708e00000| Untracked 
|  43|0x0000000709000000, 0x0000000709000000, 0x0000000709200000|  0%| F|  |TAMS 0x0000000709000000| PB 0x0000000709000000| Untracked 
|  44|0x0000000709200000, 0x0000000709200000, 0x0000000709400000|  0%| F|  |TAMS 0x0000000709200000| PB 0x0000000709200000| Untracked 
|  45|0x0000000709400000, 0x000000070944a4f0, 0x0000000709600000| 14%| S|CS|TAMS 0x0000000709400000| PB 0x0000000709400000| Complete 
|  46|0x0000000709600000, 0x0000000709800000, 0x0000000709800000|100%| S|CS|TAMS 0x0000000709600000| PB 0x0000000709600000| Complete 
|  47|0x0000000709800000, 0x0000000709a00000, 0x0000000709a00000|100%| S|CS|TAMS 0x0000000709800000| PB 0x0000000709800000| Complete 
|  48|0x0000000709a00000, 0x0000000709c00000, 0x0000000709c00000|100%| S|CS|TAMS 0x0000000709a00000| PB 0x0000000709a00000| Complete 
|  49|0x0000000709c00000, 0x0000000709e00000, 0x0000000709e00000|100%| S|CS|TAMS 0x0000000709c00000| PB 0x0000000709c00000| Complete 
|  50|0x0000000709e00000, 0x000000070a000000, 0x000000070a000000|100%| S|CS|TAMS 0x0000000709e00000| PB 0x0000000709e00000| Complete 
|  51|0x000000070a000000, 0x000000070a000000, 0x000000070a200000|  0%| F|  |TAMS 0x000000070a000000| PB 0x000000070a000000| Untracked 
|  52|0x000000070a200000, 0x000000070a200000, 0x000000070a400000|  0%| F|  |TAMS 0x000000070a200000| PB 0x000000070a200000| Untracked 
|  53|0x000000070a400000, 0x000000070a400000, 0x000000070a600000|  0%| F|  |TAMS 0x000000070a400000| PB 0x000000070a400000| Untracked 
|  54|0x000000070a600000, 0x000000070a600000, 0x000000070a800000|  0%| F|  |TAMS 0x000000070a600000| PB 0x000000070a600000| Untracked 
|  55|0x000000070a800000, 0x000000070a800000, 0x000000070aa00000|  0%| F|  |TAMS 0x000000070a800000| PB 0x000000070a800000| Untracked 
|  56|0x000000070aa00000, 0x000000070aa00000, 0x000000070ac00000|  0%| F|  |TAMS 0x000000070aa00000| PB 0x000000070aa00000| Untracked 
|  57|0x000000070ac00000, 0x000000070ac00000, 0x000000070ae00000|  0%| F|  |TAMS 0x000000070ac00000| PB 0x000000070ac00000| Untracked 
|  58|0x000000070ae00000, 0x000000070ae00000, 0x000000070b000000|  0%| F|  |TAMS 0x000000070ae00000| PB 0x000000070ae00000| Untracked 
|  59|0x000000070b000000, 0x000000070b100800, 0x000000070b200000| 50%| E|  |TAMS 0x000000070b000000| PB 0x000000070b000000| Complete 
|  60|0x000000070b200000, 0x000000070b400000, 0x000000070b400000|100%| E|CS|TAMS 0x000000070b200000| PB 0x000000070b200000| Complete 
|  61|0x000000070b400000, 0x000000070b600000, 0x000000070b600000|100%| E|CS|TAMS 0x000000070b400000| PB 0x000000070b400000| Complete 
|  62|0x000000070b600000, 0x000000070b800000, 0x000000070b800000|100%| E|CS|TAMS 0x000000070b600000| PB 0x000000070b600000| Complete 
|  63|0x000000070b800000, 0x000000070ba00000, 0x000000070ba00000|100%| E|CS|TAMS 0x000000070b800000| PB 0x000000070b800000| Complete 
|  64|0x000000070ba00000, 0x000000070bc00000, 0x000000070bc00000|100%| E|CS|TAMS 0x000000070ba00000| PB 0x000000070ba00000| Complete 
|  65|0x000000070bc00000, 0x000000070be00000, 0x000000070be00000|100%| E|CS|TAMS 0x000000070bc00000| PB 0x000000070bc00000| Complete 
|  66|0x000000070be00000, 0x000000070c000000, 0x000000070c000000|100%| E|CS|TAMS 0x000000070be00000| PB 0x000000070be00000| Complete 
|  67|0x000000070c000000, 0x000000070c200000, 0x000000070c200000|100%| E|CS|TAMS 0x000000070c000000| PB 0x000000070c000000| Complete 
|  68|0x000000070c200000, 0x000000070c400000, 0x000000070c400000|100%| E|CS|TAMS 0x000000070c200000| PB 0x000000070c200000| Complete 
|  69|0x000000070c400000, 0x000000070c600000, 0x000000070c600000|100%| E|CS|TAMS 0x000000070c400000| PB 0x000000070c400000| Complete 
|  70|0x000000070c600000, 0x000000070c800000, 0x000000070c800000|100%| E|CS|TAMS 0x000000070c600000| PB 0x000000070c600000| Complete 
|  71|0x000000070c800000, 0x000000070ca00000, 0x000000070ca00000|100%| E|CS|TAMS 0x000000070c800000| PB 0x000000070c800000| Complete 
|  72|0x000000070ca00000, 0x000000070cc00000, 0x000000070cc00000|100%| E|CS|TAMS 0x000000070ca00000| PB 0x000000070ca00000| Complete 
|  73|0x000000070cc00000, 0x000000070ce00000, 0x000000070ce00000|100%| E|CS|TAMS 0x000000070cc00000| PB 0x000000070cc00000| Complete 
|  74|0x000000070ce00000, 0x000000070d000000, 0x000000070d000000|100%| E|CS|TAMS 0x000000070ce00000| PB 0x000000070ce00000| Complete 
|  75|0x000000070d000000, 0x000000070d200000, 0x000000070d200000|100%| E|CS|TAMS 0x000000070d000000| PB 0x000000070d000000| Complete 
|  76|0x000000070d200000, 0x000000070d400000, 0x000000070d400000|100%| E|CS|TAMS 0x000000070d200000| PB 0x000000070d200000| Complete 
|  77|0x000000070d400000, 0x000000070d600000, 0x000000070d600000|100%| E|CS|TAMS 0x000000070d400000| PB 0x000000070d400000| Complete 
|  78|0x000000070d600000, 0x000000070d800000, 0x000000070d800000|100%| E|CS|TAMS 0x000000070d600000| PB 0x000000070d600000| Complete 
|  79|0x000000070d800000, 0x000000070da00000, 0x000000070da00000|100%| E|CS|TAMS 0x000000070d800000| PB 0x000000070d800000| Complete 
|  80|0x000000070da00000, 0x000000070dc00000, 0x000000070dc00000|100%| E|CS|TAMS 0x000000070da00000| PB 0x000000070da00000| Complete 
|  81|0x000000070dc00000, 0x000000070de00000, 0x000000070de00000|100%| E|CS|TAMS 0x000000070dc00000| PB 0x000000070dc00000| Complete 
|  82|0x000000070de00000, 0x000000070e000000, 0x000000070e000000|100%| E|CS|TAMS 0x000000070de00000| PB 0x000000070de00000| Complete 
|  83|0x000000070e000000, 0x000000070e200000, 0x000000070e200000|100%| E|CS|TAMS 0x000000070e000000| PB 0x000000070e000000| Complete 
|  84|0x000000070e200000, 0x000000070e400000, 0x000000070e400000|100%| E|CS|TAMS 0x000000070e200000| PB 0x000000070e200000| Complete 
|  85|0x000000070e400000, 0x000000070e600000, 0x000000070e600000|100%| E|CS|TAMS 0x000000070e400000| PB 0x000000070e400000| Complete 
|  86|0x000000070e600000, 0x000000070e800000, 0x000000070e800000|100%| E|CS|TAMS 0x000000070e600000| PB 0x000000070e600000| Complete 
|  87|0x000000070e800000, 0x000000070ea00000, 0x000000070ea00000|100%| E|CS|TAMS 0x000000070e800000| PB 0x000000070e800000| Complete 
|  88|0x000000070ea00000, 0x000000070ec00000, 0x000000070ec00000|100%| E|CS|TAMS 0x000000070ea00000| PB 0x000000070ea00000| Complete 
|  89|0x000000070ec00000, 0x000000070ee00000, 0x000000070ee00000|100%| E|CS|TAMS 0x000000070ec00000| PB 0x000000070ec00000| Complete 
|  90|0x000000070ee00000, 0x000000070f000000, 0x000000070f000000|100%| E|CS|TAMS 0x000000070ee00000| PB 0x000000070ee00000| Complete 
|  91|0x000000070f000000, 0x000000070f200000, 0x000000070f200000|100%| E|CS|TAMS 0x000000070f000000| PB 0x000000070f000000| Complete 
|  92|0x000000070f200000, 0x000000070f400000, 0x000000070f400000|100%| E|CS|TAMS 0x000000070f200000| PB 0x000000070f200000| Complete 
|  93|0x000000070f400000, 0x000000070f600000, 0x000000070f600000|100%| E|CS|TAMS 0x000000070f400000| PB 0x000000070f400000| Complete 
|  94|0x000000070f600000, 0x000000070f800000, 0x000000070f800000|100%| E|CS|TAMS 0x000000070f600000| PB 0x000000070f600000| Complete 
|  95|0x000000070f800000, 0x000000070fa00000, 0x000000070fa00000|100%| E|CS|TAMS 0x000000070f800000| PB 0x000000070f800000| Complete 
|  96|0x000000070fa00000, 0x000000070fc00000, 0x000000070fc00000|100%| E|CS|TAMS 0x000000070fa00000| PB 0x000000070fa00000| Complete 
|  97|0x000000070fc00000, 0x000000070fe00000, 0x000000070fe00000|100%| E|CS|TAMS 0x000000070fc00000| PB 0x000000070fc00000| Complete 
|  98|0x000000070fe00000, 0x0000000710000000, 0x0000000710000000|100%| E|CS|TAMS 0x000000070fe00000| PB 0x000000070fe00000| Complete 
|  99|0x0000000710000000, 0x0000000710200000, 0x0000000710200000|100%| E|CS|TAMS 0x0000000710000000| PB 0x0000000710000000| Complete 
| 100|0x0000000710200000, 0x0000000710400000, 0x0000000710400000|100%| E|CS|TAMS 0x0000000710200000| PB 0x0000000710200000| Complete 
| 101|0x0000000710400000, 0x0000000710600000, 0x0000000710600000|100%| E|CS|TAMS 0x0000000710400000| PB 0x0000000710400000| Complete 
| 102|0x0000000710600000, 0x0000000710800000, 0x0000000710800000|100%| E|CS|TAMS 0x0000000710600000| PB 0x0000000710600000| Complete 
| 103|0x0000000710800000, 0x0000000710a00000, 0x0000000710a00000|100%| E|CS|TAMS 0x0000000710800000| PB 0x0000000710800000| Complete 
| 104|0x0000000710a00000, 0x0000000710c00000, 0x0000000710c00000|100%| E|CS|TAMS 0x0000000710a00000| PB 0x0000000710a00000| Complete 
| 105|0x0000000710c00000, 0x0000000710e00000, 0x0000000710e00000|100%| E|CS|TAMS 0x0000000710c00000| PB 0x0000000710c00000| Complete 
| 106|0x0000000710e00000, 0x0000000711000000, 0x0000000711000000|100%| E|CS|TAMS 0x0000000710e00000| PB 0x0000000710e00000| Complete 
| 107|0x0000000711000000, 0x0000000711200000, 0x0000000711200000|100%| E|CS|TAMS 0x0000000711000000| PB 0x0000000711000000| Complete 
| 108|0x0000000711200000, 0x0000000711400000, 0x0000000711400000|100%| E|CS|TAMS 0x0000000711200000| PB 0x0000000711200000| Complete 
| 109|0x0000000711400000, 0x0000000711600000, 0x0000000711600000|100%| E|CS|TAMS 0x0000000711400000| PB 0x0000000711400000| Complete 
| 110|0x0000000711600000, 0x0000000711800000, 0x0000000711800000|100%| E|CS|TAMS 0x0000000711600000| PB 0x0000000711600000| Complete 
| 111|0x0000000711800000, 0x0000000711a00000, 0x0000000711a00000|100%| E|CS|TAMS 0x0000000711800000| PB 0x0000000711800000| Complete 
| 112|0x0000000711a00000, 0x0000000711c00000, 0x0000000711c00000|100%| E|CS|TAMS 0x0000000711a00000| PB 0x0000000711a00000| Complete 
| 113|0x0000000711c00000, 0x0000000711e00000, 0x0000000711e00000|100%| E|CS|TAMS 0x0000000711c00000| PB 0x0000000711c00000| Complete 
| 114|0x0000000711e00000, 0x0000000712000000, 0x0000000712000000|100%| E|CS|TAMS 0x0000000711e00000| PB 0x0000000711e00000| Complete 
| 115|0x0000000712000000, 0x0000000712200000, 0x0000000712200000|100%| E|CS|TAMS 0x0000000712000000| PB 0x0000000712000000| Complete 
| 116|0x0000000712200000, 0x0000000712400000, 0x0000000712400000|100%| E|CS|TAMS 0x0000000712200000| PB 0x0000000712200000| Complete 
| 117|0x0000000712400000, 0x0000000712600000, 0x0000000712600000|100%| E|CS|TAMS 0x0000000712400000| PB 0x0000000712400000| Complete 
| 118|0x0000000712600000, 0x0000000712800000, 0x0000000712800000|100%| E|CS|TAMS 0x0000000712600000| PB 0x0000000712600000| Complete 
| 119|0x0000000712800000, 0x0000000712a00000, 0x0000000712a00000|100%| E|CS|TAMS 0x0000000712800000| PB 0x0000000712800000| Complete 
| 120|0x0000000712a00000, 0x0000000712c00000, 0x0000000712c00000|100%| E|CS|TAMS 0x0000000712a00000| PB 0x0000000712a00000| Complete 
| 121|0x0000000712c00000, 0x0000000712e00000, 0x0000000712e00000|100%| E|CS|TAMS 0x0000000712c00000| PB 0x0000000712c00000| Complete 
| 122|0x0000000712e00000, 0x0000000713000000, 0x0000000713000000|100%| E|CS|TAMS 0x0000000712e00000| PB 0x0000000712e00000| Complete 
| 123|0x0000000713000000, 0x0000000713200000, 0x0000000713200000|100%| E|CS|TAMS 0x0000000713000000| PB 0x0000000713000000| Complete 
| 124|0x0000000713200000, 0x0000000713400000, 0x0000000713400000|100%| E|CS|TAMS 0x0000000713200000| PB 0x0000000713200000| Complete 
| 125|0x0000000713400000, 0x0000000713600000, 0x0000000713600000|100%| E|CS|TAMS 0x0000000713400000| PB 0x0000000713400000| Complete 
| 126|0x0000000713600000, 0x0000000713800000, 0x0000000713800000|100%| E|CS|TAMS 0x0000000713600000| PB 0x0000000713600000| Complete 

Card table byte_map: [0x000001feb36b0000,0x000001feb3ea0000] _byte_map_base: 0x000001feafe93000

Marking Bits: (CMBitMap*) 0x000001fe99650090
 Bits: [0x000001feb3ea0000, 0x000001feb7db8000)

Polling page: 0x000001fe996b0000

Metaspace:

Usage:
  Non-class:      8.81 MB used.
      Class:    677.13 KB used.
       Both:      9.47 MB used.

Virtual space:
  Non-class space:       64.00 MB reserved,       8.94 MB ( 14%) committed,  1 nodes.
      Class space:        1.00 GB reserved,     768.00 KB ( <1%) committed,  1 nodes.
             Both:        1.06 GB reserved,       9.69 MB ( <1%) committed. 

Chunk freelists:
   Non-Class:  5.97 MB
       Class:  15.26 MB
        Both:  21.23 MB

MaxMetaspaceSize: unlimited
CompressedClassSpaceSize: 1.00 GB
Initial GC threshold: 21.00 MB
Current GC threshold: 21.00 MB
CDS: on
 - commit_granule_bytes: 65536.
 - commit_granule_words: 8192.
 - virtual_space_node_default_size: 8388608.
 - enlarge_chunks_in_place: 1.
 - use_allocation_guard: 0.


Internal statistics:

num_allocs_failed_limit: 0.
num_arena_births: 180.
num_arena_deaths: 0.
num_vsnodes_births: 2.
num_vsnodes_deaths: 0.
num_space_committed: 153.
num_space_uncommitted: 0.
num_chunks_returned_to_freelist: 0.
num_chunks_taken_from_freelist: 457.
num_chunk_merges: 0.
num_chunk_splits: 321.
num_chunks_enlarged: 243.
num_inconsistent_stats: 0.

CodeHeap 'non-profiled nmethods': size=120000Kb used=1225Kb max_used=1225Kb free=118774Kb
 bounds [0x000001feaad00000, 0x000001feaaf70000, 0x000001feb2230000]
CodeHeap 'profiled nmethods': size=120000Kb used=3473Kb max_used=3473Kb free=116527Kb
 bounds [0x000001fea3230000, 0x000001fea35a0000, 0x000001feaa760000]
CodeHeap 'non-nmethods': size=5760Kb used=2726Kb max_used=2753Kb free=3033Kb
 bounds [0x000001feaa760000, 0x000001feaaa20000, 0x000001feaad00000]
 total_blobs=3400 nmethods=2125 adapters=1180
 compilation: enabled
              stopped_count=0, restarted_count=0
 full_count=0

Compilation events (20 events):
Event: 94.387 Thread 0x000001feba8d8640 nmethod 2117 0x000001fea3590090 code [0x000001fea35902e0, 0x000001fea3590cc8]
Event: 94.398 Thread 0x000001fe80008f50 2118 % !   4       java.lang.ref.Reference::processPendingReferences @ 27 (118 bytes)
Event: 94.403 Thread 0x000001fe80008f50 nmethod 2118% 0x000001feaae28e90 code [0x000001feaae290a0, 0x000001feaae29af8]
Event: 154.908 Thread 0x000001fe80008f50 2119 % !   4       java.lang.ref.Reference::processPendingReferences @ 27 (118 bytes)
Event: 154.915 Thread 0x000001fe80008f50 nmethod 2119% 0x000001feaae29e10 code [0x000001feaae2a040, 0x000001feaae2ad18]
Event: 154.918 Thread 0x000001fe80008f50 2120   !   4       java.lang.ref.Reference::processPendingReferences (118 bytes)
Event: 154.924 Thread 0x000001fe80008f50 nmethod 2120 0x000001feaae2b090 code [0x000001feaae2b300, 0x000001feaae2c1c0]
Event: 217.016 Thread 0x000001feba8d8640 2121       3       renderer.DebugDraw::draw (255 bytes)
Event: 217.017 Thread 0x000001feba8d8640 nmethod 2121 0x000001fea3590f90 code [0x000001fea3591340, 0x000001fea35926c0]
Event: 217.341 Thread 0x000001fe80008f50 2122       4       renderer.DebugDraw::draw (255 bytes)
Event: 217.483 Thread 0x000001fe80008f50 nmethod 2122 0x000001feaae2c590 code [0x000001feaae2cba0, 0x000001feaae300c0]
Event: 218.247 Thread 0x000001feba8d8640 2123       3       org.lwjgl.opengl.GL11::glDrawArrays (7 bytes)
Event: 218.247 Thread 0x000001feba8d8640 nmethod 2123 0x000001fea3592f10 code [0x000001fea35930c0, 0x000001fea35931d8]
Event: 253.404 Thread 0x000001fe80008f50 2124       4       org.lwjgl.opengl.GL11::glDrawArrays (7 bytes)
Event: 253.404 Thread 0x000001fe80008f50 nmethod 2124 0x000001feaae32490 code [0x000001feaae32620, 0x000001feaae326b0]
Event: 276.735 Thread 0x000001feba8d8640 2125       3       java.lang.Class::getReflectionFactory (28 bytes)
Event: 276.736 Thread 0x000001feba8d8640 nmethod 2125 0x000001fea3593290 code [0x000001fea35934c0, 0x000001fea3593ba0]
Event: 276.736 Thread 0x000001feba8d8640 2126       3       java.lang.ref.SoftReference::<init> (13 bytes)
Event: 276.736 Thread 0x000001feba8d8640 nmethod 2126 0x000001fea3593e10 code [0x000001fea3593fe0, 0x000001fea3594310]
Event: 276.736 Thread 0x000001feba8d8640 2127   !   3       java.util.concurrent.ConcurrentHashMap::replaceNode (437 bytes)

GC Heap History (12 events):
Event: 1.569 GC heap before
{Heap before GC invocations=0 (full 0):
 garbage-first heap   total 260096K, used 22528K [0x0000000703a00000, 0x0000000800000000)
  region size 2048K, 11 young (22528K), 0 survivors (0K)
 Metaspace       used 8103K, committed 8320K, reserved 1114112K
  class space    used 609K, committed 704K, reserved 1048576K
}
Event: 1.572 GC heap after
{Heap after GC invocations=1 (full 0):
 garbage-first heap   total 260096K, used 4282K [0x0000000703a00000, 0x0000000800000000)
  region size 2048K, 2 young (4096K), 2 survivors (4096K)
 Metaspace       used 8103K, committed 8320K, reserved 1114112K
  class space    used 609K, committed 704K, reserved 1048576K
}
Event: 11.495 GC heap before
{Heap before GC invocations=1 (full 0):
 garbage-first heap   total 260096K, used 49338K [0x0000000703a00000, 0x0000000800000000)
  region size 2048K, 17 young (34816K), 2 survivors (4096K)
 Metaspace       used 9609K, committed 9856K, reserved 1114112K
  class space    used 664K, committed 768K, reserved 1048576K
}
Event: 11.499 GC heap after
{Heap after GC invocations=2 (full 0):
 garbage-first heap   total 260096K, used 7069K [0x0000000703a00000, 0x0000000800000000)
  region size 2048K, 2 young (4096K), 2 survivors (4096K)
 Metaspace       used 9609K, committed 9856K, reserved 1114112K
  class space    used 664K, committed 768K, reserved 1048576K
}
Event: 30.704 GC heap before
{Heap before GC invocations=2 (full 0):
 garbage-first heap   total 260096K, used 54173K [0x0000000703a00000, 0x0000000800000000)
  region size 2048K, 25 young (51200K), 2 survivors (4096K)
 Metaspace       used 9610K, committed 9856K, reserved 1114112K
  class space    used 664K, committed 768K, reserved 1048576K
}
Event: 30.716 GC heap after
{Heap after GC invocations=3 (full 0):
 garbage-first heap   total 260096K, used 8312K [0x0000000703a00000, 0x0000000800000000)
  region size 2048K, 2 young (4096K), 2 survivors (4096K)
 Metaspace       used 9610K, committed 9856K, reserved 1114112K
  class space    used 664K, committed 768K, reserved 1048576K
}
Event: 94.355 GC heap before
{Heap before GC invocations=3 (full 0):
 garbage-first heap   total 260096K, used 159864K [0x0000000703a00000, 0x0000000800000000)
  region size 2048K, 76 young (155648K), 2 survivors (4096K)
 Metaspace       used 9610K, committed 9856K, reserved 1114112K
  class space    used 664K, committed 768K, reserved 1048576K
}
Event: 94.384 GC heap after
{Heap after GC invocations=4 (full 0):
 garbage-first heap   total 260096K, used 14864K [0x0000000703a00000, 0x0000000800000000)
  region size 2048K, 6 young (12288K), 6 survivors (12288K)
 Metaspace       used 9610K, committed 9856K, reserved 1114112K
  class space    used 664K, committed 768K, reserved 1048576K
}
Event: 154.862 GC heap before
{Heap before GC invocations=4 (full 0):
 garbage-first heap   total 260096K, used 158224K [0x0000000703a00000, 0x0000000800000000)
  region size 2048K, 76 young (155648K), 6 survivors (12288K)
 Metaspace       used 9611K, committed 9856K, reserved 1114112K
  class space    used 664K, committed 768K, reserved 1048576K
}
Event: 154.888 GC heap after
{Heap after GC invocations=5 (full 0):
 garbage-first heap   total 260096K, used 14760K [0x0000000703a00000, 0x0000000800000000)
  region size 2048K, 6 young (12288K), 6 survivors (12288K)
 Metaspace       used 9611K, committed 9856K, reserved 1114112K
  class space    used 664K, committed 768K, reserved 1048576K
}
Event: 216.980 GC heap before
{Heap before GC invocations=5 (full 0):
 garbage-first heap   total 260096K, used 158120K [0x0000000703a00000, 0x0000000800000000)
  region size 2048K, 76 young (155648K), 6 survivors (12288K)
 Metaspace       used 9611K, committed 9856K, reserved 1114112K
  class space    used 664K, committed 768K, reserved 1048576K
}
Event: 217.007 GC heap after
{Heap after GC invocations=6 (full 0):
 garbage-first heap   total 260096K, used 14807K [0x0000000703a00000, 0x0000000800000000)
  region size 2048K, 6 young (12288K), 6 survivors (12288K)
 Metaspace       used 9611K, committed 9856K, reserved 1114112K
  class space    used 664K, committed 768K, reserved 1048576K
}

Dll operation events (15 events):
Event: 0.007 Loaded shared library D:\jdk-21.0.1\bin\java.dll
Event: 0.037 Loaded shared library D:\jdk-21.0.1\bin\jsvml.dll
Event: 0.082 Loaded shared library D:\jdk-21.0.1\bin\zip.dll
Event: 0.085 Loaded shared library D:\jdk-21.0.1\bin\instrument.dll
Event: 0.089 Loaded shared library D:\jdk-21.0.1\bin\net.dll
Event: 0.090 Loaded shared library D:\jdk-21.0.1\bin\nio.dll
Event: 0.093 Loaded shared library D:\jdk-21.0.1\bin\zip.dll
Event: 0.115 Loaded shared library D:\IntelliJ IDEA Community Edition 2023.3.3\bin\breakgen64.dll
Event: 0.121 Loaded shared library D:\jdk-21.0.1\bin\extnet.dll
Event: 0.179 Loaded shared library D:\jdk-21.0.1\bin\jimage.dll
Event: 0.192 Loaded shared library C:\Users\Vu\AppData\Local\Temp\lwjglVu\3.3.1-build-7\lwjgl.dll
Event: 0.466 Loaded shared library C:\Users\Vu\AppData\Local\Temp\lwjglVu\3.3.1-build-7\lwjgl_opengl.dll
Event: 0.888 Loaded shared library C:\Users\Vu\AppData\Local\Temp\imgui-java-natives_1708461435733\imgui-java64.dll
Event: 1.038 Loaded shared library D:\jdk-21.0.1\bin\verify.dll
Event: 1.181 Loaded shared library C:\Users\Vu\AppData\Local\Temp\lwjglVu\3.3.1-build-7\lwjgl_stb.dll

Deoptimization events (20 events):
Event: 217.009 Thread 0x000001fe99401760 Uncommon trap: trap_request=0xffffff45 fr.pc=0x000001feaad9dc1c relative=0x0000000000002bdc
Event: 217.009 Thread 0x000001fe99401760 Uncommon trap: reason=unstable_if action=reinterpret pc=0x000001feaad9dc1c method=java.nio.Bits.tryReserveMemory(JJ)Z @ 30 c2
Event: 217.009 Thread 0x000001fe99401760 DEOPT PACKING pc=0x000001feaad9dc1c sp=0x0000001aae3ff170
Event: 217.009 Thread 0x000001fe99401760 DEOPT UNPACKING pc=0x000001feaa7b7da2 sp=0x0000001aae3feda8 mode 2
Event: 217.084 Thread 0x000001fe99401760 DEOPT PACKING pc=0x000001fea3592303 sp=0x0000001aae3ff150
Event: 217.084 Thread 0x000001fe99401760 DEOPT UNPACKING pc=0x000001feaa7b88e2 sp=0x0000001aae3fe628 mode 0
Event: 217.210 Thread 0x000001fe99401760 DEOPT PACKING pc=0x000001fea3592303 sp=0x0000001aae3ff150
Event: 217.210 Thread 0x000001fe99401760 DEOPT UNPACKING pc=0x000001feaa7b88e2 sp=0x0000001aae3fe628 mode 0
Event: 217.341 Thread 0x000001fe99401760 DEOPT PACKING pc=0x000001fea3592303 sp=0x0000001aae3ff150
Event: 217.341 Thread 0x000001fe99401760 DEOPT UNPACKING pc=0x000001feaa7b88e2 sp=0x0000001aae3fe628 mode 0
Event: 217.466 Thread 0x000001fe99401760 DEOPT PACKING pc=0x000001fea3592303 sp=0x0000001aae3ff150
Event: 217.466 Thread 0x000001fe99401760 DEOPT UNPACKING pc=0x000001feaa7b88e2 sp=0x0000001aae3fe628 mode 0
Event: 276.735 Thread 0x000001fe89822c80 Uncommon trap: trap_request=0xffffff45 fr.pc=0x000001feaad5d7e8 relative=0x0000000000000228
Event: 276.735 Thread 0x000001fe89822c80 Uncommon trap: reason=unstable_if action=reinterpret pc=0x000001feaad5d7e8 method=java.util.jar.JarFile.getVersionedEntry(Ljava/lang/String;Ljava/util/jar/JarEntry;)Ljava/util/jar/JarEntry; @ 6 c2
Event: 276.735 Thread 0x000001fe89822c80 DEOPT PACKING pc=0x000001feaad5d7e8 sp=0x0000001aae0fdbc0
Event: 276.735 Thread 0x000001fe89822c80 DEOPT UNPACKING pc=0x000001feaa7b7da2 sp=0x0000001aae0fdab0 mode 2
Event: 276.735 Thread 0x000001fe89822c80 Uncommon trap: trap_request=0xffffff45 fr.pc=0x000001feaadd9160 relative=0x0000000000000140
Event: 276.735 Thread 0x000001fe89822c80 Uncommon trap: reason=unstable_if action=reinterpret pc=0x000001feaadd9160 method=java.lang.Class.reflectionData()Ljava/lang/Class$ReflectionData; @ 11 c2
Event: 276.735 Thread 0x000001fe89822c80 DEOPT PACKING pc=0x000001feaadd9160 sp=0x0000001aae0fdd40
Event: 276.735 Thread 0x000001fe89822c80 DEOPT UNPACKING pc=0x000001feaa7b7da2 sp=0x0000001aae0fdcf8 mode 2

Classes loaded (20 events):
Event: 276.735 Loading class jdk/internal/logger/AbstractLoggerWrapper
Event: 276.736 Loading class jdk/internal/logger/AbstractLoggerWrapper done
Event: 276.736 Loading class jdk/internal/logger/LazyLoggers$LazyLoggerWrapper done
Event: 276.736 Loading class jdk/internal/logger/LazyLoggers$JdkLazyLogger done
Event: 276.736 Loading class jdk/internal/logger/LazyLoggers$LazyLoggerAccessor
Event: 276.736 Loading class jdk/internal/logger/LazyLoggers$LoggerAccessor
Event: 276.736 Loading class jdk/internal/logger/LazyLoggers$LoggerAccessor done
Event: 276.736 Loading class jdk/internal/logger/LazyLoggers$LazyLoggerAccessor done
Event: 276.736 Loading class java/lang/System$Logger$Level
Event: 276.736 Loading class java/lang/System$Logger$Level done
Event: 276.736 Loading class jdk/internal/logger/SurrogateLogger
Event: 276.736 Loading class jdk/internal/logger/SimpleConsoleLogger
Event: 276.736 Loading class sun/util/logging/PlatformLogger$ConfigurableBridge$LoggerConfiguration
Event: 276.736 Loading class sun/util/logging/PlatformLogger$ConfigurableBridge$LoggerConfiguration done
Event: 276.736 Loading class jdk/internal/logger/SimpleConsoleLogger done
Event: 276.736 Loading class jdk/internal/logger/SurrogateLogger done
Event: 276.736 Loading class sun/util/logging/PlatformLogger
Event: 276.736 Loading class sun/util/logging/PlatformLogger done
Event: 276.736 Loading class sun/util/logging/PlatformLogger$Level
Event: 276.736 Loading class sun/util/logging/PlatformLogger$Level done

Classes unloaded (0 events):
No events

Classes redefined (0 events):
No events

Internal exceptions (20 events):
Event: 0.461 Thread 0x000001fe99401760 Exception <a 'java/lang/NoSuchMethodError'{0x0000000712e1dca8}: 'void java.lang.System.load(java.lang.String, java.lang.Class)'> (0x0000000712e1dca8) 
thrown [s\open\src\hotspot\share\interpreter\linkResolver.cpp, line 773]
Event: 0.462 Thread 0x000001fe99401760 Exception <a 'java/lang/NoSuchMethodError'{0x0000000712e20648}: 'void java.lang.System.loadLibrary(java.lang.String, java.lang.Class)'> (0x0000000712e20648) 
thrown [s\open\src\hotspot\share\interpreter\linkResolver.cpp, line 773]
Event: 0.465 Thread 0x000001fe99401760 Exception <a 'sun/nio/fs/WindowsException'{0x0000000712e30478}> (0x0000000712e30478) 
thrown [s\open\src\hotspot\share\prims\jni.cpp, line 520]
Event: 0.465 Thread 0x000001fe99401760 Exception <a 'sun/nio/fs/WindowsException'{0x0000000712e307f8}> (0x0000000712e307f8) 
thrown [s\open\src\hotspot\share\prims\jni.cpp, line 520]
Event: 0.467 Thread 0x000001fe99401760 Exception <a 'sun/nio/fs/WindowsException'{0x0000000712e376d8}> (0x0000000712e376d8) 
thrown [s\open\src\hotspot\share\prims\jni.cpp, line 520]
Event: 0.467 Thread 0x000001fe99401760 Exception <a 'sun/nio/fs/WindowsException'{0x0000000712e37998}> (0x0000000712e37998) 
thrown [s\open\src\hotspot\share\prims\jni.cpp, line 520]
Event: 0.823 Thread 0x000001fe99401760 Exception <a 'sun/nio/fs/WindowsException'{0x0000000712daeb80}> (0x0000000712daeb80) 
thrown [s\open\src\hotspot\share\prims\jni.cpp, line 520]
Event: 0.899 Thread 0x000001fe99401760 Exception <a 'java/lang/NoSuchMethodError'{0x0000000712a06880}: 'void java.lang.invoke.DirectMethodHandle$Holder.invokeVirtual(java.lang.Object, java.lang.Object, long, int)'> (0x0000000712a06880) 
thrown [s\open\src\hotspot\share\interpreter\linkResolver.cpp, line 773]
Event: 1.045 Thread 0x000001fe99401760 Exception <a 'java/lang/NoSuchMethodError'{0x00000007127b25e0}: 'float java.lang.invoke.DelegatingMethodHandle$Holder.reinvoke_L(java.lang.Object, java.lang.Object)'> (0x00000007127b25e0) 
thrown [s\open\src\hotspot\share\interpreter\linkResolver.cpp, line 773]
Event: 1.047 Thread 0x000001fe99401760 Exception <a 'java/lang/NoSuchMethodError'{0x00000007127bc568}: 'void java.lang.invoke.DelegatingMethodHandle$Holder.reinvoke_L(java.lang.Object, java.lang.Object, float)'> (0x00000007127bc568) 
thrown [s\open\src\hotspot\share\interpreter\linkResolver.cpp, line 773]
Event: 1.050 Thread 0x000001fe99401760 Exception <a 'java/lang/NoSuchMethodError'{0x0000000712413600}: 'void java.lang.invoke.Invokers$Holder.invokeExact_MT(java.lang.Object, java.lang.Object, java.lang.Object, java.lang.Object)'> (0x0000000712413600) 
thrown [s\open\src\hotspot\share\interpreter\linkResolver.cpp, line 773]
Event: 1.051 Thread 0x000001fe99401760 Exception <a 'java/lang/NoSuchMethodError'{0x000000071241c050}: 'void java.lang.invoke.DelegatingMethodHandle$Holder.reinvoke_L(java.lang.Object, java.lang.Object, int)'> (0x000000071241c050) 
thrown [s\open\src\hotspot\share\interpreter\linkResolver.cpp, line 773]
Event: 1.051 Thread 0x000001fe99401760 Exception <a 'java/lang/NoSuchMethodError'{0x0000000712422890}: 'void java.lang.invoke.Invokers$Holder.invokeExact_MT(java.lang.Object, java.lang.Object, int, java.lang.Object)'> (0x0000000712422890) 
thrown [s\open\src\hotspot\share\interpreter\linkResolver.cpp, line 773]
Event: 1.078 Thread 0x000001feba8ce470 Exception <a 'java/lang/NoSuchMethodError'{0x0000000712586960}: 'java.lang.Object java.lang.invoke.Invokers$Holder.invokeExact_MT(java.lang.Object, java.lang.Object, java.lang.Object, java.lang.Object, java.lang.Object, java.lang.Object)'> (0x0000000712586960) 
thrown [s\open\src\hotspot\share\interpreter\linkResolver.cpp, line 773]
Event: 1.175 Thread 0x000001fe99401760 Exception <a 'java/lang/NoSuchMethodError'{0x0000000712396490}: 'void java.lang.System.load(java.lang.String, java.lang.Class)'> (0x0000000712396490) 
thrown [s\open\src\hotspot\share\interpreter\linkResolver.cpp, line 773]
Event: 1.176 Thread 0x000001fe99401760 Exception <a 'java/lang/NoSuchMethodError'{0x0000000712398e30}: 'void java.lang.System.loadLibrary(java.lang.String, java.lang.Class)'> (0x0000000712398e30) 
thrown [s\open\src\hotspot\share\interpreter\linkResolver.cpp, line 773]
Event: 1.180 Thread 0x000001fe99401760 Exception <a 'sun/nio/fs/WindowsException'{0x00000007123a7a48}> (0x00000007123a7a48) 
thrown [s\open\src\hotspot\share\prims\jni.cpp, line 520]
Event: 1.180 Thread 0x000001fe99401760 Exception <a 'sun/nio/fs/WindowsException'{0x00000007123a7da8}> (0x00000007123a7da8) 
thrown [s\open\src\hotspot\share\prims\jni.cpp, line 520]
Event: 94.420 Thread 0x000001feba8ca390 Implicit null exception at 0x000001feaae293d0 to 0x000001feaae29a9c
Event: 276.735 Thread 0x000001fe89822c80 Implicit null exception at 0x000001feaadd9064 to 0x000001feaadd9148

ZGC Phase Switch (0 events):
No events

VM Operations (20 events):
Event: 60.217 Executing VM operation: RendezvousGCThreads done
Event: 94.355 Executing VM operation: G1CollectForAllocation (G1 Evacuation Pause)
Event: 94.384 Executing VM operation: G1CollectForAllocation (G1 Evacuation Pause) done
Event: 120.415 Executing VM operation: HandshakeAllThreads (HandshakeForDeflation)
Event: 120.415 Executing VM operation: HandshakeAllThreads (HandshakeForDeflation) done
Event: 120.415 Executing VM operation: RendezvousGCThreads
Event: 120.415 Executing VM operation: RendezvousGCThreads done
Event: 154.862 Executing VM operation: G1CollectForAllocation (G1 Evacuation Pause)
Event: 154.888 Executing VM operation: G1CollectForAllocation (G1 Evacuation Pause) done
Event: 180.416 Executing VM operation: HandshakeAllThreads (HandshakeForDeflation)
Event: 180.416 Executing VM operation: HandshakeAllThreads (HandshakeForDeflation) done
Event: 180.416 Executing VM operation: RendezvousGCThreads
Event: 180.416 Executing VM operation: RendezvousGCThreads done
Event: 216.980 Executing VM operation: G1CollectForAllocation (G1 Evacuation Pause)
Event: 217.007 Executing VM operation: G1CollectForAllocation (G1 Evacuation Pause) done
Event: 240.445 Executing VM operation: HandshakeAllThreads (HandshakeForDeflation)
Event: 240.445 Executing VM operation: HandshakeAllThreads (HandshakeForDeflation) done
Event: 240.445 Executing VM operation: RendezvousGCThreads
Event: 240.445 Executing VM operation: RendezvousGCThreads done
Event: 276.737 Executing VM operation: Exit

Events (19 events):
Event: 0.021 Thread 0x000001fe99401760 Thread added: 0x000001fe99401760
Event: 0.034 Thread 0x000001feba8ca390 Thread added: 0x000001feba8ca390
Event: 0.034 Thread 0x000001feba8cb3a0 Thread added: 0x000001feba8cb3a0
Event: 0.034 Thread 0x000001feba8cd5f0 Thread added: 0x000001feba8cd5f0
Event: 0.034 Thread 0x000001feba8ce470 Thread added: 0x000001feba8ce470
Event: 0.034 Thread 0x000001feba8d1100 Thread added: 0x000001feba8d1100
Event: 0.034 Thread 0x000001fe80008090 Thread added: 0x000001fe80008090
Event: 0.034 Thread 0x000001fe80008f50 Thread added: 0x000001fe80008f50
Event: 0.034 Thread 0x000001feba8d8640 Thread added: 0x000001feba8d8640
Event: 0.063 Thread 0x000001fe80115fb0 Thread added: 0x000001fe80115fb0
Event: 0.116 Thread 0x000001fe80118da0 Thread added: 0x000001fe80118da0
Event: 0.116 Thread 0x000001fe80119430 Thread added: 0x000001fe80119430
Event: 0.479 Thread 0x000001fe80bfde70 Thread added: 0x000001fe80bfde70
Event: 0.481 Thread 0x000001fe891d6b70 Thread added: 0x000001fe891d6b70
Event: 0.601 Thread 0x000001fe891d6b70 Thread exited: 0x000001fe891d6b70
Event: 0.602 Thread 0x000001fe80bfde70 Thread exited: 0x000001fe80bfde70
Event: 1.022 Thread 0x000001fe891d7910 Thread added: 0x000001fe891d7910
Event: 1.503 Thread 0x000001fe891d7910 Thread exited: 0x000001fe891d7910
Event: 276.733 Thread 0x000001fe89822c80 Thread added: 0x000001fe89822c80


Dynamic libraries:
0x00007ff674430000 - 0x00007ff674440000 	D:\jdk-21.0.1\bin\java.exe
0x00007ffe1b1b0000 - 0x00007ffe1b3c7000 	C:\WINDOWS\SYSTEM32\ntdll.dll
0x00007ffe199f0000 - 0x00007ffe19ab4000 	C:\WINDOWS\System32\KERNEL32.DLL
0x00007ffe187d0000 - 0x00007ffe18b76000 	C:\WINDOWS\System32\KERNELBASE.dll
0x00007ffe18db0000 - 0x00007ffe18ec1000 	C:\WINDOWS\System32\ucrtbase.dll
0x00007ffe05d20000 - 0x00007ffe05d39000 	D:\jdk-21.0.1\bin\jli.dll
0x00007ffe05fa0000 - 0x00007ffe05fbb000 	D:\jdk-21.0.1\bin\VCRUNTIME140.dll
0x00007ffe1aa40000 - 0x00007ffe1aaf3000 	C:\WINDOWS\System32\ADVAPI32.dll
0x00007ffe1a690000 - 0x00007ffe1a737000 	C:\WINDOWS\System32\msvcrt.dll
0x00007ffe18f00000 - 0x00007ffe18fa8000 	C:\WINDOWS\System32\sechost.dll
0x00007ffe18570000 - 0x00007ffe18598000 	C:\WINDOWS\System32\bcrypt.dll
0x00007ffe197e0000 - 0x00007ffe198f7000 	C:\WINDOWS\System32\RPCRT4.dll
0x00007ffe1a880000 - 0x00007ffe1aa2e000 	C:\WINDOWS\System32\USER32.dll
0x00007ffe18ed0000 - 0x00007ffe18ef6000 	C:\WINDOWS\System32\win32u.dll
0x00007ffe19900000 - 0x00007ffe19929000 	C:\WINDOWS\System32\GDI32.dll
0x00007ffdf6ba0000 - 0x00007ffdf6e33000 	C:\WINDOWS\WinSxS\amd64_microsoft.windows.common-controls_6595b64144ccf1df_6.0.22621.2506_none_270c5ae97388e100\COMCTL32.dll
0x00007ffe185a0000 - 0x00007ffe186b8000 	C:\WINDOWS\System32\gdi32full.dll
0x00007ffe18730000 - 0x00007ffe187ca000 	C:\WINDOWS\System32\msvcp_win.dll
0x00007ffe0db10000 - 0x00007ffe0db1a000 	C:\WINDOWS\SYSTEM32\VERSION.dll
0x00007ffe199b0000 - 0x00007ffe199e1000 	C:\WINDOWS\System32\IMM32.DLL
0x00007ffe09790000 - 0x00007ffe0979c000 	D:\jdk-21.0.1\bin\vcruntime140_1.dll
0x00007ffdd1b90000 - 0x00007ffdd1c1e000 	D:\jdk-21.0.1\bin\msvcp140.dll
0x00007ffd8eb90000 - 0x00007ffd8f8a5000 	D:\jdk-21.0.1\bin\server\jvm.dll
0x00007ffe19930000 - 0x00007ffe199a1000 	C:\WINDOWS\System32\WS2_32.dll
0x00007ffe0e060000 - 0x00007ffe0e094000 	C:\WINDOWS\SYSTEM32\WINMM.dll
0x00007ffe17340000 - 0x00007ffe1738d000 	C:\WINDOWS\SYSTEM32\POWRPROF.dll
0x00007ffe17320000 - 0x00007ffe17333000 	C:\WINDOWS\SYSTEM32\UMPDC.dll
0x00007ffe175e0000 - 0x00007ffe175f8000 	C:\WINDOWS\SYSTEM32\kernel.appcore.dll
0x00007ffe09680000 - 0x00007ffe0968a000 	D:\jdk-21.0.1\bin\jimage.dll
0x00007ffe15fb0000 - 0x00007ffe161e3000 	C:\WINDOWS\SYSTEM32\DBGHELP.DLL
0x00007ffe19290000 - 0x00007ffe19619000 	C:\WINDOWS\System32\combase.dll
0x00007ffe19be0000 - 0x00007ffe19cb7000 	C:\WINDOWS\System32\OLEAUT32.dll
0x00007ffdfe150000 - 0x00007ffdfe182000 	C:\WINDOWS\SYSTEM32\dbgcore.DLL
0x00007ffe184f0000 - 0x00007ffe1856a000 	C:\WINDOWS\System32\bcryptPrimitives.dll
0x00007ffdf4920000 - 0x00007ffdf492f000 	D:\jdk-21.0.1\bin\instrument.dll
0x00007ffe05b00000 - 0x00007ffe05b1f000 	D:\jdk-21.0.1\bin\java.dll
0x00007ffe19d20000 - 0x00007ffe1a57b000 	C:\WINDOWS\System32\SHELL32.dll
0x00007ffe16410000 - 0x00007ffe16d06000 	C:\WINDOWS\SYSTEM32\windows.storage.dll
0x00007ffe162d0000 - 0x00007ffe1640e000 	C:\WINDOWS\SYSTEM32\wintypes.dll
0x00007ffe19ac0000 - 0x00007ffe19bb3000 	C:\WINDOWS\System32\SHCORE.dll
0x00007ffe1a790000 - 0x00007ffe1a7ee000 	C:\WINDOWS\System32\shlwapi.dll
0x00007ffe18420000 - 0x00007ffe18446000 	C:\WINDOWS\SYSTEM32\profapi.dll
0x00007ffdb95d0000 - 0x00007ffdb96a7000 	D:\jdk-21.0.1\bin\jsvml.dll
0x00007ffdf0880000 - 0x00007ffdf0898000 	D:\jdk-21.0.1\bin\zip.dll
0x00007ffe05d10000 - 0x00007ffe05d20000 	D:\jdk-21.0.1\bin\net.dll
0x00007ffe0eeb0000 - 0x00007ffe0efe7000 	C:\WINDOWS\SYSTEM32\WINHTTP.dll
0x00007ffe17a50000 - 0x00007ffe17ab9000 	C:\WINDOWS\system32\mswsock.dll
0x00007ffdf7ff0000 - 0x00007ffdf8006000 	D:\jdk-21.0.1\bin\nio.dll
0x00007ffded3d0000 - 0x00007ffded3ea000 	D:\IntelliJ IDEA Community Edition 2023.3.3\bin\breakgen64.dll
0x00007ffdf6f40000 - 0x00007ffdf6f47000 	D:\jdk-21.0.1\bin\extnet.dll
0x00007ffdcfa80000 - 0x00007ffdcfaf5000 	C:\Users\Vu\AppData\Local\Temp\lwjglVu\3.3.1-build-7\lwjgl.dll
0x00007ffdcd350000 - 0x00007ffdcd3b1000 	C:\Users\Vu\AppData\Local\Temp\lwjglVu\3.3.1-build-7\glfw.dll
0x00007ffdd8e20000 - 0x00007ffdd8e66000 	C:\WINDOWS\SYSTEM32\dinput8.dll
0x00007ffdc08b0000 - 0x00007ffdc08c1000 	C:\WINDOWS\SYSTEM32\xinput1_4.dll
0x00007ffe181e0000 - 0x00007ffe1822e000 	C:\WINDOWS\SYSTEM32\cfgmgr32.dll
0x00007ffe181b0000 - 0x00007ffe181dc000 	C:\WINDOWS\SYSTEM32\DEVOBJ.dll
0x00007ffe12f40000 - 0x00007ffe12f6b000 	C:\WINDOWS\SYSTEM32\dwmapi.dll
0x00007ffdeb9e0000 - 0x00007ffdebbea000 	C:\WINDOWS\SYSTEM32\inputhost.dll
0x00007ffe12840000 - 0x00007ffe12974000 	C:\WINDOWS\SYSTEM32\CoreMessaging.dll
0x00007ffe12cf0000 - 0x00007ffe12d9b000 	C:\WINDOWS\system32\uxtheme.dll
0x00007ffe19680000 - 0x00007ffe197d1000 	C:\WINDOWS\System32\MSCTF.dll
0x00007ffe17d80000 - 0x00007ffe17d8c000 	C:\WINDOWS\SYSTEM32\CRYPTBASE.DLL
0x00007ffdf4ab0000 - 0x00007ffdf4bb0000 	C:\WINDOWS\SYSTEM32\opengl32.dll
0x00007ffe05b20000 - 0x00007ffe05b4d000 	C:\WINDOWS\SYSTEM32\GLU32.dll
0x00007ffe15660000 - 0x00007ffe15699000 	C:\WINDOWS\SYSTEM32\dxcore.dll
0x00007ffe0e0a0000 - 0x00007ffe0e0ea000 	C:\WINDOWS\SYSTEM32\directxdatabasehelper.dll
0x00007ffe19030000 - 0x00007ffe190e0000 	C:\WINDOWS\System32\clbcatq.dll
0x00007ffd7f810000 - 0x00007ffd80803000 	C:\WINDOWS\System32\DriverStore\FileRepository\iigd_dch.inf_amd64_5802b1615520e41c\igxelpicd64.dll
0x00007ffe190e0000 - 0x00007ffe19280000 	C:\WINDOWS\System32\ole32.dll
0x00007ffe12e20000 - 0x00007ffe12f18000 	C:\WINDOWS\system32\dxgi.dll
0x00007ffdae740000 - 0x00007ffdaea27000 	C:\WINDOWS\System32\DriverStore\FileRepository\iigd_dch.inf_amd64_5802b1615520e41c\igdml64.dll
0x00007ffe0a6c0000 - 0x00007ffe0aa87000 	C:\WINDOWS\System32\DriverStore\FileRepository\iigd_dch.inf_amd64_5802b1615520e41c\igdgmm64.dll
0x00007ffe00a00000 - 0x00007ffe04011000 	C:\WINDOWS\System32\DriverStore\FileRepository\iigd_dch.inf_amd64_5802b1615520e41c\igc64.dll
0x00007ffe056a0000 - 0x00007ffe057ea000 	C:\WINDOWS\SYSTEM32\textinputframework.dll
0x00007ffe0d290000 - 0x00007ffe0d5fc000 	C:\WINDOWS\SYSTEM32\CoreUIComponents.dll
0x00007ffdb9430000 - 0x00007ffdb95c7000 	C:\Users\Vu\AppData\Local\Temp\lwjglVu\3.3.1-build-7\OpenAL.dll
0x00007ffe042a0000 - 0x00007ffe0433d000 	C:\WINDOWS\System32\MMDevApi.dll
0x00007ffe06180000 - 0x00007ffe0636c000 	C:\WINDOWS\SYSTEM32\AUDIOSES.DLL
0x00007ffe15900000 - 0x00007ffe15915000 	C:\WINDOWS\SYSTEM32\resourcepolicyclient.dll
0x00007ffdd1560000 - 0x00007ffdd15bd000 	C:\Users\Vu\AppData\Local\Temp\lwjglVu\3.3.1-build-7\lwjgl_opengl.dll
0x0000000064a00000 - 0x0000000064d10000 	C:\Users\Vu\AppData\Local\Temp\imgui-java-natives_1708461435733\imgui-java64.dll
0x00007ffe17da0000 - 0x00007ffe17dbb000 	C:\WINDOWS\SYSTEM32\CRYPTSP.dll
0x00007ffe17540000 - 0x00007ffe17575000 	C:\WINDOWS\system32\rsaenh.dll
0x00007ffdf4d80000 - 0x00007ffdf4d90000 	D:\jdk-21.0.1\bin\verify.dll
0x00007ffdccc90000 - 0x00007ffdccd11000 	C:\Users\Vu\AppData\Local\Temp\lwjglVu\3.3.1-build-7\lwjgl_stb.dll

dbghelp: loaded successfully - version: 4.0.5 - missing functions: none
symbol engine: initialized successfully - sym options: 0x614 - pdb path: .;D:\jdk-21.0.1\bin;C:\WINDOWS\SYSTEM32;C:\WINDOWS\WinSxS\amd64_microsoft.windows.common-controls_6595b64144ccf1df_6.0.22621.2506_none_270c5ae97388e100;D:\jdk-21.0.1\bin\server;D:\IntelliJ IDEA Community Edition 2023.3.3\bin;C:\Users\Vu\AppData\Local\Temp\lwjglVu\3.3.1-build-7;C:\WINDOWS\System32\DriverStore\FileRepository\iigd_dch.inf_amd64_5802b1615520e41c;C:\Users\Vu\AppData\Local\Temp\imgui-java-natives_1708461435733

VM Arguments:
jvm_args: -javaagent:D:\IntelliJ IDEA Community Edition 2023.3.3\lib\idea_rt.jar=54324:D:\IntelliJ IDEA Community Edition 2023.3.3\bin -Dfile.encoding=UTF-8 -Dsun.stdout.encoding=UTF-8 -Dsun.stderr.encoding=UTF-8 
java_command: main.Main
java_class_path (initial): D:\ducky-game\target\classes;C:\Users\Vu\.m2\repository\io\github\spair\imgui-java-app\1.81.0\imgui-java-app-1.81.0.jar;C:\Users\Vu\.m2\repository\org\lwjgl\lwjgl\3.3.1\lwjgl-3.3.1-natives-linux.jar;C:\Users\Vu\.m2\repository\org\lwjgl\lwjgl-glfw\3.3.1\lwjgl-glfw-3.3.1-natives-linux.jar;C:\Users\Vu\.m2\repository\org\lwjgl\lwjgl-opengl\3.3.1\lwjgl-opengl-3.3.1-natives-linux.jar;C:\Users\Vu\.m2\repository\org\lwjgl\lwjgl\3.3.1\lwjgl-3.3.1-natives-macos.jar;C:\Users\Vu\.m2\repository\org\lwjgl\lwjgl-glfw\3.3.1\lwjgl-glfw-3.3.1-natives-macos.jar;C:\Users\Vu\.m2\repository\org\lwjgl\lwjgl-opengl\3.3.1\lwjgl-opengl-3.3.1-natives-macos.jar;C:\Users\Vu\.m2\repository\io\github\spair\imgui-java-binding\1.81.0\imgui-java-binding-1.81.0.jar;C:\Users\Vu\.m2\repository\io\github\spair\imgui-java-lwjgl3\1.81.0\imgui-java-lwjgl3-1.81.0.jar;C:\Users\Vu\.m2\repository\org\lwjgl\lwjgl\3.3.1\lwjgl-3.3.1.jar;C:\Users\Vu\.m2\repository\com\google\code\gson\gson\2.10.1\gson-2.10.1.jar;C:\Users\Vu\.m2\repository\org\lwjgl\lwjgl-nfd\3.3.1\lwjgl-nfd-3.3.1.jar;C:\Users\Vu\.m2\repository\org\lwjgl\lwjgl-assimp\3.3.1\lwjgl-assimp-3.3.1.jar;C:\Users\Vu\.m2\repository\org\lwjgl\lwjgl-glfw\3.3.1\lwjgl-glfw-3.3.1.jar;C:\Users\Vu\.m2\repository\org\lwjgl\lwjgl-openal\3.3.1\lwjgl-openal-3.3.1.jar;C:\Users\Vu\.m2\repository\org\lwjgl\lwjgl-opengl\3.3.1\lwjgl-opengl-3.3.1.jar;C:\Users\Vu\.m2\repository\org\lwjgl\lwjgl-stb\3.3.1\lwjgl-stb-3.3.1.jar;C:\Users\Vu\.m2\repository\org\lwjgl\lwjgl\3.3.1\lwjgl-3.3.1-natives-windows.jar;C:\Users\Vu\.m2\repository\org\lwjgl\lwjgl-assimp\3.3.1\lwjgl-assimp-3.3.1-natives-windows.jar;C:\Users\Vu\.m2\repository\org\lwjgl\lwjgl-glfw\3.3.1\lwjgl-glfw-3.3.1-natives-windows.jar;C:\Users\Vu\.m2\repository\org\lwjgl\lwjgl-openal\3.3.1\lwjgl-openal-3.3.1-natives-windows.jar;C:\Users\Vu\.m2\repository\org\lwjgl\lwjgl-opengl\3.3.1\lwjgl-opengl-3.3.1-natives-windows.jar;C:\Users\Vu\.m2\repository\org\mongodb\mongodb-driver\3.12.14\mongodb-driver-3.12.14.jar;C:\Users\Vu\.m2\repository\org\mongodb\bson\3.12.14\bson-3.12.14.jar;C:\Users\Vu\.m2\repository\org\mongodb\mongodb-driver-core\3.12.14\mongodb-driver-core-3.12.14.jar;C:\Users\Vu\.m2\repository\org\lwjgl\lwjgl-stb\3.3.1\lwjgl-stb-3.3.1-natives-windows.jar;C:\Users\Vu\.m2\repository\org\lwjgl\lwjgl-nfd\3.3.1\lwjgl-nfd-3.3.1-natives-windows.jar;C:\Users\Vu\.m2\repository\org\jbox2d\jbox2d-library\2.2.1.1\jbox2d-library-2.2.1.1.jar;C:\Users\Vu\.m2\repository\org\joml\joml\1.9.24\joml-1.9.24.jar
Launcher Type: SUN_STANDARD

[Global flags]
     intx CICompilerCount                          = 4                                         {product} {ergonomic}
     uint ConcGCThreads                            = 3                                         {product} {ergonomic}
     uint G1ConcRefinementThreads                  = 10                                        {product} {ergonomic}
   size_t G1HeapRegionSize                         = 2097152                                   {product} {ergonomic}
    uintx GCDrainStackTargetSize                   = 64                                        {product} {ergonomic}
   size_t InitialHeapSize                          = 266338304                                 {product} {ergonomic}
   size_t MarkStackSize                            = 4194304                                   {product} {ergonomic}
   size_t MaxHeapSize                              = 4234149888                                {product} {ergonomic}
   size_t MaxNewSize                               = 2539651072                                {product} {ergonomic}
   size_t MinHeapDeltaBytes                        = 2097152                                   {product} {ergonomic}
   size_t MinHeapSize                              = 8388608                                   {product} {ergonomic}
    uintx NonNMethodCodeHeapSize                   = 5839372                                {pd product} {ergonomic}
    uintx NonProfiledCodeHeapSize                  = 122909434                              {pd product} {ergonomic}
    uintx ProfiledCodeHeapSize                     = 122909434                              {pd product} {ergonomic}
    uintx ReservedCodeCacheSize                    = 251658240                              {pd product} {ergonomic}
     bool SegmentedCodeCache                       = true                                      {product} {ergonomic}
   size_t SoftMaxHeapSize                          = 4234149888                             {manageable} {ergonomic}
     bool UseCompressedOops                        = true                           {product lp64_product} {ergonomic}
     bool UseG1GC                                  = true                                      {product} {ergonomic}
     bool UseLargePagesIndividualAllocation        = false                                  {pd product} {ergonomic}

Logging:
Log output configuration:
 #0: stdout all=off uptime,level,tags foldmultilines=false
 #1: stderr all=off uptime,level,tags foldmultilines=false

Environment Variables:
PATH=C:\Program Files\Common Files\Oracle\Java\javapath;C:\Windows\system32;C:\Windows;C:\Windows\System32\Wbem;C:\Windows\System32\WindowsPowerShell\v1.0\;C:\Windows\System32\OpenSSH\;C:\Program Files (x86)\NVIDIA Corporation\PhysX\Common;C:\Program Files\NVIDIA Corporation\NVIDIA NvDLISR;C:\WINDOWS\system32;C:\WINDOWS;C:\WINDOWS\System32\Wbem;C:\WINDOWS\System32\WindowsPowerShell\v1.0\;C:\WINDOWS\System32\OpenSSH\;C:\Program Files\Git\cmd;C:\Users\Vu\AppData\Local\Microsoft\WindowsApps;
USERNAME=Vu
OS=Windows_NT
PROCESSOR_IDENTIFIER=Intel64 Family 6 Model 141 Stepping 1, GenuineIntel
TMP=C:\Users\Vu\AppData\Local\Temp
TEMP=C:\Users\Vu\AppData\Local\Temp




Periodic native trim disabled

---------------  S Y S T E M  ---------------

OS:
 Windows 11 , 64 bit Build 22621 (10.0.22621.3085)
OS uptime: 0 days 11:56 hours
Hyper-V role detected

CPU: total 12 (initial active 12) (6 cores per cpu, 2 threads per core) family 6 model 141 stepping 1 microcode 0x3c, cx8, cmov, fxsr, ht, mmx, 3dnowpref, sse, sse2, sse3, ssse3, sse4.1, sse4.2, popcnt, lzcnt, tsc, tscinvbit, avx, avx2, aes, erms, clmul, bmi1, bmi2, adx, avx512f, avx512dq, avx512cd, avx512bw, avx512vl, sha, fma, vzeroupper, avx512_vpopcntdq, avx512_vpclmulqdq, avx512_vaes, avx512_vnni, clflush, clflushopt, clwb, avx512_vbmi2, avx512_vbmi, hv, rdtscp, rdpid, fsrm, gfni, avx512_bitalg, f16c, cet_ibt, cet_ss, avx512_ifma
Processor Information for all 12 processors :
  Max Mhz: 2688, Current Mhz: 2688, Mhz Limit: 2688

Memory: 4k page, system-wide physical 16147M (3909M free)
TotalPageFile size 22547M (AvailPageFile size 4963M)
current process WorkingSet (physical memory assigned to process): 486M, peak: 494M
current process commit charge ("private bytes"): 519M, peak: 533M

vm_info: Java HotSpot(TM) 64-Bit Server VM (21.0.1+12-LTS-29) for windows-amd64 JRE (21.0.1+12-LTS-29), built on 2023-10-05T13:27:09Z by "mach5one" with MS VC++ 17.1 (VS2022)

END.
