#
# A fatal error has been detected by the Java Runtime Environment:
#
#  EXCEPTION_ACCESS_VIOLATION (0xc0000005) at pc=0x00007ffd96b5366c, pid=19424, tid=3180
#
# JRE version: Java(TM) SE Runtime Environment (21.0.1+12) (build 21.0.1+12-LTS-29)
# Java VM: Java HotSpot(TM) 64-Bit Server VM (21.0.1+12-LTS-29, mixed mode, sharing, tiered, compressed oops, compressed class ptrs, g1 gc, windows-amd64)
# Problematic frame:
# C  [igxelpicd64.dll+0x13366c]
#
# No core dump will be written. Minidumps are not enabled by default on client versions of Windows
#
# If you would like to submit a bug report, please visit:
#   https://bugreport.java.com/bugreport/crash.jsp
#

---------------  S U M M A R Y ------------

Command Line: -javaagent:D:\IntelliJ IDEA Community Edition 2023.3.3\lib\idea_rt.jar=56832:D:\IntelliJ IDEA Community Edition 2023.3.3\bin -Dfile.encoding=UTF-8 -Dsun.stdout.encoding=UTF-8 -Dsun.stderr.encoding=UTF-8 main.Main

Host: 11th Gen Intel(R) Core(TM) i5-11400H @ 2.70GHz, 12 cores, 15G,  Windows 11 , 64 bit Build 22621 (10.0.22621.3085)
Time: Wed Feb 21 06:56:06 2024 SE Asia Standard Time elapsed time: 140.780637 seconds (0d 0h 2m 20s)

---------------  T H R E A D  ---------------

Current thread (0x00000213f7aa2750):  VMThread "VM Thread"          [id=3180, stack(0x0000004882600000,0x0000004882700000) (1024K)]

Stack: [0x0000004882600000,0x0000004882700000],  sp=0x00000048826fe670,  free space=1017k
Native frames: (J=compiled Java code, j=interpreted, Vv=VM code, C=native code)
C  [igxelpicd64.dll+0x13366c]


siginfo: EXCEPTION_ACCESS_VIOLATION (0xc0000005), reading address 0x00000000000356f8


Registers:
RAX=0x00000213c6bd5428, RBX=0x00000213c6bd5320, RCX=0x0000000000000000, RDX=0x0000000000000000
RSP=0x00000048826fe670, RBP=0x0000000000000000, RSI=0x00000213c6bd58f0, RDI=0x00000213fc89f3e0
R8 =0x0000000000000014, R9 =0x0000000000000000, R10=0x0000000000000000, R11=0x0000000000000000
R12=0x0000000000000000, R13=0x00000213c75b3e60, R14=0x0000000000978000, R15=0x0000000000000016
RIP=0x00007ffd96b5366c, EFLAGS=0x0000000000010206


Register to memory mapping:

RAX=0x00000213c6bd5428 points into unknown readable memory: 0x00000000009780c5 | c5 80 97 00 00 00 00 00
RBX=0x00000213c6bd5320 points into unknown readable memory: 0x00000213fc6ad540 | 40 d5 6a fc 13 02 00 00
RCX=0x0 is null
RDX=0x0 is null
RSP=0x00000048826fe670 points into unknown readable memory: 0x00000213fc66b260 | 60 b2 66 fc 13 02 00 00
RBP=0x0 is null
RSI=0x00000213c6bd58f0 points into unknown readable memory: 0x00000213c75b3e60 | 60 3e 5b c7 13 02 00 00
RDI=0x00000213fc89f3e0 points into unknown readable memory: 0x00000213fc8d3d00 | 00 3d 8d fc 13 02 00 00
R8 =0x0000000000000014 is an unknown value
R9 =0x0 is null
R10=0x0 is null
R11=0x0 is null
R12=0x0 is null
R13=0x00000213c75b3e60 points into unknown readable memory: 0x00000213fc6ad540 | 40 d5 6a fc 13 02 00 00
R14=0x0000000000978000 is an unknown value
R15=0x0000000000000016 is an unknown value

Top of Stack: (sp=0x00000048826fe670)
0x00000048826fe670:   00000213fc66b260 0000000000000000
0x00000048826fe680:   01ebba9601e39796 00007ffe1b2533b4
0x00000048826fe690:   01f1c79802631398 025834990278d798
0x00000048826fe6a0:   01730b9a02766799 0254649a026a529a
0x00000048826fe6b0:   00000213fc769e38 00000000009780c8
0x00000048826fe6c0:   0000000000000000 000000000000000e
0x00000048826fe6d0:   0000000000000000 0000000000000000
0x00000048826fe6e0:   00000048826fe7f0 00007ffd96ccbc3c
0x00000048826fe6f0:   00000213fc66b260 00000213fc89f3e0
0x00000048826fe700:   025d06a200060500 02ba7aa2029c5800
0x00000048826fe710:   0000004800001650 0000b80221160000
0x00000048826fe720:   0000000000000000 02743ca5021632a5
0x00000048826fe730:   02ae83a5028d6ba5 02a81ca60177faa5
0x00000048826fe740:   00a836a700a644a6 00adb8a702b236a7
0x00000048826fe750:   023ee2a70133c2a7 00007ffd96cc19a0
0x00000048826fe760:   02c72baa01e518a9 01fcb1aa02627eaa
0x00000048826fe770:   022dceaa02aabbaa 02bf12ab02cdf4aa
0x00000048826fe780:   022bf4ab01c99fab 01b82dad021c4dac
0x00000048826fe790:   00bf73ad00f84fad 00007ffd96aa3cdf
0x00000048826fe7a0:   0000b80221160000 0000000000001650
0x00000048826fe7b0:   0000000000000000 4000170000000001
0x00000048826fe7c0:   0000000000000000 0000000000000000
0x00000048826fe7d0:   0000000000000000 0000000000000000
0x00000048826fe7e0:   0000000000000000 0000000000000000
0x00000048826fe7f0:   0000000000000000 0000000000000000
0x00000048826fe800:   0000000000000000 0000000000000000
0x00000048826fe810:   0000000000000000 0000000000000000
0x00000048826fe820:   0000000000000000 0000000000000000
0x00000048826fe830:   0000000000000000 0000000000000000
0x00000048826fe840:   0000000000000000 0000000000000000
0x00000048826fe850:   0000000000000000 0000000000000000
0x00000048826fe860:   0000000000000000 0000000000000000 

Instructions: (pc=0x00007ffd96b5366c)
0x00007ffd96b5356c:   ec 40 45 8a e1 48 8b fa 48 8b e9 48 8b 1d 42 08
0x00007ffd96b5357c:   e0 00 48 89 58 08 48 8b cb ff 15 85 5b 9a 00 90
0x00007ffd96b5358c:   4c 8b af 78 02 00 00 48 8b 05 c6 e4 cf 00 44 8b
0x00007ffd96b5359c:   b8 40 0b 00 00 45 33 db 45 8a f3 4c 89 9f 78 02
0x00007ffd96b535ac:   00 00 44 89 9f 80 02 00 00 4c 89 9f 98 02 00 00
0x00007ffd96b535bc:   4c 89 9f 88 02 00 00 48 85 ed 75 38 8b 35 4a e2
0x00007ffd96b535cc:   df 00 65 48 8b 04 25 58 00 00 00 b9 14 00 00 00
0x00007ffd96b535dc:   48 8b 04 f0 44 38 1c 01 0f 84 9d da 86 00 65 48
0x00007ffd96b535ec:   8b 04 25 58 00 00 00 bd 20 00 00 00 48 8b 04 f0
0x00007ffd96b535fc:   48 8b 2c 28 48 3b 2d 39 07 e0 00 45 0f 44 fb 4d
0x00007ffd96b5360c:   85 ed 0f 84 21 01 00 00 44 8a a4 24 90 00 00 00
0x00007ffd96b5361c:   49 8b dd 49 8d b5 d0 05 00 00 4c 8b 2e 45 84 e4
0x00007ffd96b5362c:   0f 85 2a 03 00 00 8b 97 c8 01 00 00 48 8b 05 21
0x00007ffd96b5363c:   e4 cf 00 83 b8 78 03 00 00 02 75 31 83 fa 10 0f
0x00007ffd96b5364c:   83 20 01 00 00 48 8d 04 d5 21 00 00 00 48 03 c2
0x00007ffd96b5365c:   48 8d 04 c3 48 85 c0 0f 85 ff 00 00 00 49 8b cb
0x00007ffd96b5366c:   48 3b 8d f8 56 03 00 0f 87 f3 02 00 00 4c 39 9b
0x00007ffd96b5367c:   48 06 00 00 0f 85 41 da 86 00 44 8b 97 c8 01 00
0x00007ffd96b5368c:   00 48 8b 87 e0 01 00 00 4c 8b 08 8b 97 c8 01 00
0x00007ffd96b5369c:   00 83 fa 10 0f 83 03 01 00 00 48 8d 04 d5 21 00
0x00007ffd96b536ac:   00 00 48 03 c2 48 8d 04 c3 48 85 c0 0f 85 e2 00
0x00007ffd96b536bc:   00 00 49 8b cb 49 3b c9 0f 86 0e 01 00 00 48 8b
0x00007ffd96b536cc:   87 78 02 00 00 48 89 06 48 89 9f 78 02 00 00 ff
0x00007ffd96b536dc:   87 80 02 00 00 48 8b 43 08 48 8b 88 18 01 00 00
0x00007ffd96b536ec:   48 81 e1 00 00 ff ff 48 81 c1 00 00 01 00 48 01
0x00007ffd96b536fc:   8f 88 02 00 00 48 8b 43 08 48 8b 88 18 01 00 00
0x00007ffd96b5370c:   48 01 8f 98 02 00 00 4d 85 ed 0f 85 00 ff ff ff
0x00007ffd96b5371c:   45 84 f6 44 8a a4 24 98 00 00 00 0f 85 82 03 00
0x00007ffd96b5372c:   00 48 8b 9c 24 80 00 00 00 48 8b cf 45 84 e4 0f
0x00007ffd96b5373c:   85 8a 03 00 00 e8 fa f9 ff ff 90 48 8b cb 48 8b
0x00007ffd96b5374c:   9c 24 88 00 00 00 48 83 c4 40 41 5f 41 5e 41 5d
0x00007ffd96b5375c:   41 5c 5f 5e 5d 48 ff 25 b0 59 9a 00 48 8b 48 08 


Stack slot to memory mapping:

stack at sp + 0 slots: 0x00000213fc66b260 points into unknown readable memory: 0xffffffffffffffff | ff ff ff ff ff ff ff ff
stack at sp + 1 slots: 0x0 is null
stack at sp + 2 slots: 0x01ebba9601e39796 is an unknown value
stack at sp + 3 slots: 0x00007ffe1b2533b4 ntdll.dll
stack at sp + 4 slots: 0x01f1c79802631398 is an unknown value
stack at sp + 5 slots: 0x025834990278d798 is an unknown value
stack at sp + 6 slots: 0x01730b9a02766799 is an unknown value
stack at sp + 7 slots: 0x0254649a026a529a is an unknown value

VM_Operation (0x0000004881cff0d0): Exit, mode: safepoint, requested by thread 0x00000213ccbf7830


---------------  P R O C E S S  ---------------

Threads class SMR info:
_java_thread_list=0x00000213fcb17780, length=13, elements={
0x00000213d63d3b90, 0x00000213f7ac8640, 0x00000213f7ac9710, 0x00000213f7acd800,
0x00000213f7ace5f0, 0x00000213f7acf840, 0x00000213f7ad02a0, 0x00000213f7ad3600,
0x00000213f7ad7750, 0x00000213fc0d5940, 0x00000213fc56d6b0, 0x00000213fc4350a0,
0x00000213ccbf7830
}

Java Threads: ( => current thread )
  0x00000213d63d3b90 JavaThread "main"                              [_thread_blocked, id=21176, stack(0x0000004881f00000,0x0000004882000000) (1024K)]
  0x00000213f7ac8640 JavaThread "Reference Handler"          daemon [_thread_blocked, id=14844, stack(0x0000004882700000,0x0000004882800000) (1024K)]
  0x00000213f7ac9710 JavaThread "Finalizer"                  daemon [_thread_blocked, id=17284, stack(0x0000004882800000,0x0000004882900000) (1024K)]
  0x00000213f7acd800 JavaThread "Signal Dispatcher"          daemon [_thread_blocked, id=5584, stack(0x0000004882900000,0x0000004882a00000) (1024K)]
  0x00000213f7ace5f0 JavaThread "Attach Listener"            daemon [_thread_blocked, id=11112, stack(0x0000004882a00000,0x0000004882b00000) (1024K)]
  0x00000213f7acf840 JavaThread "Service Thread"             daemon [_thread_blocked, id=12508, stack(0x0000004882b00000,0x0000004882c00000) (1024K)]
  0x00000213f7ad02a0 JavaThread "Monitor Deflation Thread"   daemon [_thread_blocked, id=19560, stack(0x0000004882c00000,0x0000004882d00000) (1024K)]
  0x00000213f7ad3600 JavaThread "C2 CompilerThread0"         daemon [_thread_blocked, id=20236, stack(0x0000004882d00000,0x0000004882e00000) (1024K)]
  0x00000213f7ad7750 JavaThread "C1 CompilerThread0"         daemon [_thread_blocked, id=21932, stack(0x0000004882e00000,0x0000004882f00000) (1024K)]
  0x00000213fc0d5940 JavaThread "Common-Cleaner"             daemon [_thread_blocked, id=11672, stack(0x0000004882f00000,0x0000004883000000) (1024K)]
  0x00000213fc56d6b0 JavaThread "Monitor Ctrl-Break"         daemon [_thread_in_native, id=6952, stack(0x0000004883100000,0x0000004883200000) (1024K)]
  0x00000213fc4350a0 JavaThread "Notification Thread"        daemon [_thread_blocked, id=16296, stack(0x0000004883200000,0x0000004883300000) (1024K)]
  0x00000213ccbf7830 JavaThread "SIGINT handler"             daemon [_thread_blocked, id=636, stack(0x0000004881c00000,0x0000004881d00000) (1024K)]
Total: 13

Other Threads:
=>0x00000213f7aa2750 VMThread "VM Thread"                           [id=3180, stack(0x0000004882600000,0x0000004882700000) (1024K)]
  0x00000213d8621120 WorkerThread "GC Thread#0"                     [id=6020, stack(0x0000004882000000,0x0000004882100000) (1024K)]
  0x00000213c7731c50 WorkerThread "GC Thread#1"                     [id=1644, stack(0x0000004883000000,0x0000004883100000) (1024K)]
  0x00000213c6e06e30 WorkerThread "GC Thread#2"                     [id=13356, stack(0x0000004883b00000,0x0000004883c00000) (1024K)]
  0x00000213c763be80 WorkerThread "GC Thread#3"                     [id=19048, stack(0x0000004883c00000,0x0000004883d00000) (1024K)]
  0x00000213c6bb0470 WorkerThread "GC Thread#4"                     [id=22092, stack(0x0000004883d00000,0x0000004883e00000) (1024K)]
  0x00000213c7907270 WorkerThread "GC Thread#5"                     [id=23988, stack(0x0000004883e00000,0x0000004883f00000) (1024K)]
  0x00000213c775eec0 WorkerThread "GC Thread#6"                     [id=13216, stack(0x0000004883f00000,0x0000004884000000) (1024K)]
  0x00000213c6d2da10 WorkerThread "GC Thread#7"                     [id=20420, stack(0x0000004884000000,0x0000004884100000) (1024K)]
  0x00000213c7469790 WorkerThread "GC Thread#8"                     [id=15160, stack(0x0000004884100000,0x0000004884200000) (1024K)]
  0x00000213c77f0960 WorkerThread "GC Thread#9"                     [id=2832, stack(0x0000004884200000,0x0000004884300000) (1024K)]
  0x00000213d8631e10 ConcurrentGCThread "G1 Main Marker"            terminated
  0x00000213d8632820 WorkerThread "G1 Conc#0"                       [id=5556, stack(0x0000004882200000,0x0000004882300000) (1024K)]
  0x00000213d867ea20 ConcurrentGCThread "G1 Refine#0"               terminated
  0x00000213f79626d0 ConcurrentGCThread "G1 Service"                terminated
Total: 15

Threads with active compile tasks:
Total: 0

VM state: at safepoint (shutting down)

VM Mutex/Monitor currently owned by a thread:  ([mutex/lock_event])
[0x00007ffd98b4a5f8] Threads_lock - owner thread: 0x00000213f7aa2750
[0x00007ffd98b4a6f8] Heap_lock - owner thread: 0x00000213ccbf7830

Heap address: 0x0000000703a00000, size: 4038 MB, Compressed Oops mode: Zero based, Oop shift amount: 3

CDS archive(s) mapped at: [0x0000021380000000-0x0000021380c90000-0x0000021380c90000), size 13172736, SharedBaseAddress: 0x0000021380000000, ArchiveRelocationMode: 1.
Compressed class space mapped at: 0x0000021381000000-0x00000213c1000000, reserved size: 1073741824
Narrow klass base: 0x0000021380000000, Narrow klass shift: 0, Narrow klass range: 0x100000000

GC Precious Log:
 CardTable entry size: 512
 Card Set container configuration: InlinePtr #cards 4 size 8 Array Of Cards #cards 16 size 48 Howl #buckets 8 coarsen threshold 3686 Howl Bitmap #cards 512 size 80 coarsen threshold 460 Card regions per heap region 1 cards per card region 4096
 CPUs: 12 total, 12 available
 Memory: 16147M
 Large Page Support: Disabled
 NUMA Support: Disabled
 Compressed Oops: Enabled (Zero based)
 Heap Region Size: 2M
 Heap Min Capacity: 8M
 Heap Initial Capacity: 254M
 Heap Max Capacity: 4038M
 Pre-touch: Disabled
 Parallel Workers: 10
 Concurrent Workers: 3
 Concurrent Refinement Workers: 10
 Periodic GC: Disabled

Heap:
 garbage-first heap   total 260096K, used 152577K [0x0000000703a00000, 0x0000000800000000)
  region size 2048K, 74 young (151552K), 4 survivors (8192K)
 Metaspace       used 10643K, committed 10944K, reserved 1114112K
  class space    used 743K, committed 896K, reserved 1048576K

Heap Regions: E=young(eden), S=young(survivor), O=old, HS=humongous(starts), HC=humongous(continues), CS=collection set, F=free, TAMS=top-at-mark-start, PB=parsable bottom
|   0|0x0000000703a00000, 0x0000000703c00000, 0x0000000703c00000|100%| O|  |TAMS 0x0000000703a00000| PB 0x0000000703a00000| Untracked 
|   1|0x0000000703c00000, 0x0000000703e00000, 0x0000000703e00000|100%| O|  |TAMS 0x0000000703c00000| PB 0x0000000703c00000| Untracked 
|   2|0x0000000703e00000, 0x0000000703ed73a0, 0x0000000704000000| 42%| O|  |TAMS 0x0000000703e00000| PB 0x0000000703e00000| Untracked 
|   3|0x0000000704000000, 0x0000000704000000, 0x0000000704200000|  0%| F|  |TAMS 0x0000000704000000| PB 0x0000000704000000| Untracked 
|   4|0x0000000704200000, 0x0000000704200000, 0x0000000704400000|  0%| F|  |TAMS 0x0000000704200000| PB 0x0000000704200000| Untracked 
|   5|0x0000000704400000, 0x0000000704400000, 0x0000000704600000|  0%| F|  |TAMS 0x0000000704400000| PB 0x0000000704400000| Untracked 
|   6|0x0000000704600000, 0x0000000704600000, 0x0000000704800000|  0%| F|  |TAMS 0x0000000704600000| PB 0x0000000704600000| Untracked 
|   7|0x0000000704800000, 0x0000000704800000, 0x0000000704a00000|  0%| F|  |TAMS 0x0000000704800000| PB 0x0000000704800000| Untracked 
|   8|0x0000000704a00000, 0x0000000704a00000, 0x0000000704c00000|  0%| F|  |TAMS 0x0000000704a00000| PB 0x0000000704a00000| Untracked 
|   9|0x0000000704c00000, 0x0000000704c00000, 0x0000000704e00000|  0%| F|  |TAMS 0x0000000704c00000| PB 0x0000000704c00000| Untracked 
|  10|0x0000000704e00000, 0x0000000704e00000, 0x0000000705000000|  0%| F|  |TAMS 0x0000000704e00000| PB 0x0000000704e00000| Untracked 
|  11|0x0000000705000000, 0x0000000705000000, 0x0000000705200000|  0%| F|  |TAMS 0x0000000705000000| PB 0x0000000705000000| Untracked 
|  12|0x0000000705200000, 0x0000000705200000, 0x0000000705400000|  0%| F|  |TAMS 0x0000000705200000| PB 0x0000000705200000| Untracked 
|  13|0x0000000705400000, 0x0000000705400000, 0x0000000705600000|  0%| F|  |TAMS 0x0000000705400000| PB 0x0000000705400000| Untracked 
|  14|0x0000000705600000, 0x0000000705600000, 0x0000000705800000|  0%| F|  |TAMS 0x0000000705600000| PB 0x0000000705600000| Untracked 
|  15|0x0000000705800000, 0x0000000705800000, 0x0000000705a00000|  0%| F|  |TAMS 0x0000000705800000| PB 0x0000000705800000| Untracked 
|  16|0x0000000705a00000, 0x0000000705a00000, 0x0000000705c00000|  0%| F|  |TAMS 0x0000000705a00000| PB 0x0000000705a00000| Untracked 
|  17|0x0000000705c00000, 0x0000000705c00000, 0x0000000705e00000|  0%| F|  |TAMS 0x0000000705c00000| PB 0x0000000705c00000| Untracked 
|  18|0x0000000705e00000, 0x0000000705e00000, 0x0000000706000000|  0%| F|  |TAMS 0x0000000705e00000| PB 0x0000000705e00000| Untracked 
|  19|0x0000000706000000, 0x0000000706000000, 0x0000000706200000|  0%| F|  |TAMS 0x0000000706000000| PB 0x0000000706000000| Untracked 
|  20|0x0000000706200000, 0x0000000706200000, 0x0000000706400000|  0%| F|  |TAMS 0x0000000706200000| PB 0x0000000706200000| Untracked 
|  21|0x0000000706400000, 0x0000000706400000, 0x0000000706600000|  0%| F|  |TAMS 0x0000000706400000| PB 0x0000000706400000| Untracked 
|  22|0x0000000706600000, 0x0000000706600000, 0x0000000706800000|  0%| F|  |TAMS 0x0000000706600000| PB 0x0000000706600000| Untracked 
|  23|0x0000000706800000, 0x0000000706800000, 0x0000000706a00000|  0%| F|  |TAMS 0x0000000706800000| PB 0x0000000706800000| Untracked 
|  24|0x0000000706a00000, 0x0000000706a00000, 0x0000000706c00000|  0%| F|  |TAMS 0x0000000706a00000| PB 0x0000000706a00000| Untracked 
|  25|0x0000000706c00000, 0x0000000706c00000, 0x0000000706e00000|  0%| F|  |TAMS 0x0000000706c00000| PB 0x0000000706c00000| Untracked 
|  26|0x0000000706e00000, 0x0000000706e00000, 0x0000000707000000|  0%| F|  |TAMS 0x0000000706e00000| PB 0x0000000706e00000| Untracked 
|  27|0x0000000707000000, 0x0000000707000000, 0x0000000707200000|  0%| F|  |TAMS 0x0000000707000000| PB 0x0000000707000000| Untracked 
|  28|0x0000000707200000, 0x0000000707200000, 0x0000000707400000|  0%| F|  |TAMS 0x0000000707200000| PB 0x0000000707200000| Untracked 
|  29|0x0000000707400000, 0x0000000707400000, 0x0000000707600000|  0%| F|  |TAMS 0x0000000707400000| PB 0x0000000707400000| Untracked 
|  30|0x0000000707600000, 0x0000000707600000, 0x0000000707800000|  0%| F|  |TAMS 0x0000000707600000| PB 0x0000000707600000| Untracked 
|  31|0x0000000707800000, 0x0000000707800000, 0x0000000707a00000|  0%| F|  |TAMS 0x0000000707800000| PB 0x0000000707800000| Untracked 
|  32|0x0000000707a00000, 0x0000000707a00000, 0x0000000707c00000|  0%| F|  |TAMS 0x0000000707a00000| PB 0x0000000707a00000| Untracked 
|  33|0x0000000707c00000, 0x0000000707c00000, 0x0000000707e00000|  0%| F|  |TAMS 0x0000000707c00000| PB 0x0000000707c00000| Untracked 
|  34|0x0000000707e00000, 0x0000000707e00000, 0x0000000708000000|  0%| F|  |TAMS 0x0000000707e00000| PB 0x0000000707e00000| Untracked 
|  35|0x0000000708000000, 0x0000000708000000, 0x0000000708200000|  0%| F|  |TAMS 0x0000000708000000| PB 0x0000000708000000| Untracked 
|  36|0x0000000708200000, 0x0000000708200000, 0x0000000708400000|  0%| F|  |TAMS 0x0000000708200000| PB 0x0000000708200000| Untracked 
|  37|0x0000000708400000, 0x0000000708400000, 0x0000000708600000|  0%| F|  |TAMS 0x0000000708400000| PB 0x0000000708400000| Untracked 
|  38|0x0000000708600000, 0x0000000708600000, 0x0000000708800000|  0%| F|  |TAMS 0x0000000708600000| PB 0x0000000708600000| Untracked 
|  39|0x0000000708800000, 0x0000000708800000, 0x0000000708a00000|  0%| F|  |TAMS 0x0000000708800000| PB 0x0000000708800000| Untracked 
|  40|0x0000000708a00000, 0x0000000708a00000, 0x0000000708c00000|  0%| F|  |TAMS 0x0000000708a00000| PB 0x0000000708a00000| Untracked 
|  41|0x0000000708c00000, 0x0000000708c00000, 0x0000000708e00000|  0%| F|  |TAMS 0x0000000708c00000| PB 0x0000000708c00000| Untracked 
|  42|0x0000000708e00000, 0x0000000708e00000, 0x0000000709000000|  0%| F|  |TAMS 0x0000000708e00000| PB 0x0000000708e00000| Untracked 
|  43|0x0000000709000000, 0x0000000709000000, 0x0000000709200000|  0%| F|  |TAMS 0x0000000709000000| PB 0x0000000709000000| Untracked 
|  44|0x0000000709200000, 0x0000000709200000, 0x0000000709400000|  0%| F|  |TAMS 0x0000000709200000| PB 0x0000000709200000| Untracked 
|  45|0x0000000709400000, 0x0000000709400000, 0x0000000709600000|  0%| F|  |TAMS 0x0000000709400000| PB 0x0000000709400000| Untracked 
|  46|0x0000000709600000, 0x0000000709600000, 0x0000000709800000|  0%| F|  |TAMS 0x0000000709600000| PB 0x0000000709600000| Untracked 
|  47|0x0000000709800000, 0x0000000709800000, 0x0000000709a00000|  0%| F|  |TAMS 0x0000000709800000| PB 0x0000000709800000| Untracked 
|  48|0x0000000709a00000, 0x0000000709a00000, 0x0000000709c00000|  0%| F|  |TAMS 0x0000000709a00000| PB 0x0000000709a00000| Untracked 
|  49|0x0000000709c00000, 0x0000000709c00000, 0x0000000709e00000|  0%| F|  |TAMS 0x0000000709c00000| PB 0x0000000709c00000| Untracked 
|  50|0x0000000709e00000, 0x0000000709e00000, 0x000000070a000000|  0%| F|  |TAMS 0x0000000709e00000| PB 0x0000000709e00000| Untracked 
|  51|0x000000070a000000, 0x000000070a0293e0, 0x000000070a200000|  8%| S|CS|TAMS 0x000000070a000000| PB 0x000000070a000000| Complete 
|  52|0x000000070a200000, 0x000000070a400000, 0x000000070a400000|100%| S|CS|TAMS 0x000000070a200000| PB 0x000000070a200000| Complete 
|  53|0x000000070a400000, 0x000000070a600000, 0x000000070a600000|100%| S|CS|TAMS 0x000000070a400000| PB 0x000000070a400000| Complete 
|  54|0x000000070a600000, 0x000000070a800000, 0x000000070a800000|100%| S|CS|TAMS 0x000000070a600000| PB 0x000000070a600000| Complete 
|  55|0x000000070a800000, 0x000000070a800000, 0x000000070aa00000|  0%| F|  |TAMS 0x000000070a800000| PB 0x000000070a800000| Untracked 
|  56|0x000000070aa00000, 0x000000070aa00000, 0x000000070ac00000|  0%| F|  |TAMS 0x000000070aa00000| PB 0x000000070aa00000| Untracked 
|  57|0x000000070ac00000, 0x000000070ad00800, 0x000000070ae00000| 50%| E|  |TAMS 0x000000070ac00000| PB 0x000000070ac00000| Complete 
|  58|0x000000070ae00000, 0x000000070b000000, 0x000000070b000000|100%| E|CS|TAMS 0x000000070ae00000| PB 0x000000070ae00000| Complete 
|  59|0x000000070b000000, 0x000000070b200000, 0x000000070b200000|100%| E|CS|TAMS 0x000000070b000000| PB 0x000000070b000000| Complete 
|  60|0x000000070b200000, 0x000000070b400000, 0x000000070b400000|100%| E|CS|TAMS 0x000000070b200000| PB 0x000000070b200000| Complete 
|  61|0x000000070b400000, 0x000000070b600000, 0x000000070b600000|100%| E|CS|TAMS 0x000000070b400000| PB 0x000000070b400000| Complete 
|  62|0x000000070b600000, 0x000000070b800000, 0x000000070b800000|100%| E|CS|TAMS 0x000000070b600000| PB 0x000000070b600000| Complete 
|  63|0x000000070b800000, 0x000000070ba00000, 0x000000070ba00000|100%| E|CS|TAMS 0x000000070b800000| PB 0x000000070b800000| Complete 
|  64|0x000000070ba00000, 0x000000070bc00000, 0x000000070bc00000|100%| E|CS|TAMS 0x000000070ba00000| PB 0x000000070ba00000| Complete 
|  65|0x000000070bc00000, 0x000000070be00000, 0x000000070be00000|100%| E|CS|TAMS 0x000000070bc00000| PB 0x000000070bc00000| Complete 
|  66|0x000000070be00000, 0x000000070c000000, 0x000000070c000000|100%| E|CS|TAMS 0x000000070be00000| PB 0x000000070be00000| Complete 
|  67|0x000000070c000000, 0x000000070c200000, 0x000000070c200000|100%| E|CS|TAMS 0x000000070c000000| PB 0x000000070c000000| Complete 
|  68|0x000000070c200000, 0x000000070c400000, 0x000000070c400000|100%| E|CS|TAMS 0x000000070c200000| PB 0x000000070c200000| Complete 
|  69|0x000000070c400000, 0x000000070c600000, 0x000000070c600000|100%| E|CS|TAMS 0x000000070c400000| PB 0x000000070c400000| Complete 
|  70|0x000000070c600000, 0x000000070c800000, 0x000000070c800000|100%| E|CS|TAMS 0x000000070c600000| PB 0x000000070c600000| Complete 
|  71|0x000000070c800000, 0x000000070ca00000, 0x000000070ca00000|100%| E|CS|TAMS 0x000000070c800000| PB 0x000000070c800000| Complete 
|  72|0x000000070ca00000, 0x000000070cc00000, 0x000000070cc00000|100%| E|CS|TAMS 0x000000070ca00000| PB 0x000000070ca00000| Complete 
|  73|0x000000070cc00000, 0x000000070ce00000, 0x000000070ce00000|100%| E|CS|TAMS 0x000000070cc00000| PB 0x000000070cc00000| Complete 
|  74|0x000000070ce00000, 0x000000070d000000, 0x000000070d000000|100%| E|CS|TAMS 0x000000070ce00000| PB 0x000000070ce00000| Complete 
|  75|0x000000070d000000, 0x000000070d200000, 0x000000070d200000|100%| E|CS|TAMS 0x000000070d000000| PB 0x000000070d000000| Complete 
|  76|0x000000070d200000, 0x000000070d400000, 0x000000070d400000|100%| E|CS|TAMS 0x000000070d200000| PB 0x000000070d200000| Complete 
|  77|0x000000070d400000, 0x000000070d600000, 0x000000070d600000|100%| E|CS|TAMS 0x000000070d400000| PB 0x000000070d400000| Complete 
|  78|0x000000070d600000, 0x000000070d800000, 0x000000070d800000|100%| E|CS|TAMS 0x000000070d600000| PB 0x000000070d600000| Complete 
|  79|0x000000070d800000, 0x000000070da00000, 0x000000070da00000|100%| E|CS|TAMS 0x000000070d800000| PB 0x000000070d800000| Complete 
|  80|0x000000070da00000, 0x000000070dc00000, 0x000000070dc00000|100%| E|CS|TAMS 0x000000070da00000| PB 0x000000070da00000| Complete 
|  81|0x000000070dc00000, 0x000000070de00000, 0x000000070de00000|100%| E|CS|TAMS 0x000000070dc00000| PB 0x000000070dc00000| Complete 
|  82|0x000000070de00000, 0x000000070e000000, 0x000000070e000000|100%| E|CS|TAMS 0x000000070de00000| PB 0x000000070de00000| Complete 
|  83|0x000000070e000000, 0x000000070e200000, 0x000000070e200000|100%| E|CS|TAMS 0x000000070e000000| PB 0x000000070e000000| Complete 
|  84|0x000000070e200000, 0x000000070e400000, 0x000000070e400000|100%| E|CS|TAMS 0x000000070e200000| PB 0x000000070e200000| Complete 
|  85|0x000000070e400000, 0x000000070e600000, 0x000000070e600000|100%| E|CS|TAMS 0x000000070e400000| PB 0x000000070e400000| Complete 
|  86|0x000000070e600000, 0x000000070e800000, 0x000000070e800000|100%| E|CS|TAMS 0x000000070e600000| PB 0x000000070e600000| Complete 
|  87|0x000000070e800000, 0x000000070ea00000, 0x000000070ea00000|100%| E|CS|TAMS 0x000000070e800000| PB 0x000000070e800000| Complete 
|  88|0x000000070ea00000, 0x000000070ec00000, 0x000000070ec00000|100%| E|CS|TAMS 0x000000070ea00000| PB 0x000000070ea00000| Complete 
|  89|0x000000070ec00000, 0x000000070ee00000, 0x000000070ee00000|100%| E|CS|TAMS 0x000000070ec00000| PB 0x000000070ec00000| Complete 
|  90|0x000000070ee00000, 0x000000070f000000, 0x000000070f000000|100%| E|CS|TAMS 0x000000070ee00000| PB 0x000000070ee00000| Complete 
|  91|0x000000070f000000, 0x000000070f200000, 0x000000070f200000|100%| E|CS|TAMS 0x000000070f000000| PB 0x000000070f000000| Complete 
|  92|0x000000070f200000, 0x000000070f400000, 0x000000070f400000|100%| E|CS|TAMS 0x000000070f200000| PB 0x000000070f200000| Complete 
|  93|0x000000070f400000, 0x000000070f600000, 0x000000070f600000|100%| E|CS|TAMS 0x000000070f400000| PB 0x000000070f400000| Complete 
|  94|0x000000070f600000, 0x000000070f800000, 0x000000070f800000|100%| E|CS|TAMS 0x000000070f600000| PB 0x000000070f600000| Complete 
|  95|0x000000070f800000, 0x000000070fa00000, 0x000000070fa00000|100%| E|CS|TAMS 0x000000070f800000| PB 0x000000070f800000| Complete 
|  96|0x000000070fa00000, 0x000000070fc00000, 0x000000070fc00000|100%| E|CS|TAMS 0x000000070fa00000| PB 0x000000070fa00000| Complete 
|  97|0x000000070fc00000, 0x000000070fe00000, 0x000000070fe00000|100%| E|CS|TAMS 0x000000070fc00000| PB 0x000000070fc00000| Complete 
|  98|0x000000070fe00000, 0x0000000710000000, 0x0000000710000000|100%| E|CS|TAMS 0x000000070fe00000| PB 0x000000070fe00000| Complete 
|  99|0x0000000710000000, 0x0000000710200000, 0x0000000710200000|100%| E|CS|TAMS 0x0000000710000000| PB 0x0000000710000000| Complete 
| 100|0x0000000710200000, 0x0000000710400000, 0x0000000710400000|100%| E|CS|TAMS 0x0000000710200000| PB 0x0000000710200000| Complete 
| 101|0x0000000710400000, 0x0000000710600000, 0x0000000710600000|100%| E|CS|TAMS 0x0000000710400000| PB 0x0000000710400000| Complete 
| 102|0x0000000710600000, 0x0000000710800000, 0x0000000710800000|100%| E|CS|TAMS 0x0000000710600000| PB 0x0000000710600000| Complete 
| 103|0x0000000710800000, 0x0000000710a00000, 0x0000000710a00000|100%| E|CS|TAMS 0x0000000710800000| PB 0x0000000710800000| Complete 
| 104|0x0000000710a00000, 0x0000000710c00000, 0x0000000710c00000|100%| E|CS|TAMS 0x0000000710a00000| PB 0x0000000710a00000| Complete 
| 105|0x0000000710c00000, 0x0000000710e00000, 0x0000000710e00000|100%| E|CS|TAMS 0x0000000710c00000| PB 0x0000000710c00000| Complete 
| 106|0x0000000710e00000, 0x0000000711000000, 0x0000000711000000|100%| E|CS|TAMS 0x0000000710e00000| PB 0x0000000710e00000| Complete 
| 107|0x0000000711000000, 0x0000000711200000, 0x0000000711200000|100%| E|CS|TAMS 0x0000000711000000| PB 0x0000000711000000| Complete 
| 108|0x0000000711200000, 0x0000000711400000, 0x0000000711400000|100%| E|CS|TAMS 0x0000000711200000| PB 0x0000000711200000| Complete 
| 109|0x0000000711400000, 0x0000000711600000, 0x0000000711600000|100%| E|CS|TAMS 0x0000000711400000| PB 0x0000000711400000| Complete 
| 110|0x0000000711600000, 0x0000000711800000, 0x0000000711800000|100%| E|CS|TAMS 0x0000000711600000| PB 0x0000000711600000| Complete 
| 111|0x0000000711800000, 0x0000000711a00000, 0x0000000711a00000|100%| E|CS|TAMS 0x0000000711800000| PB 0x0000000711800000| Complete 
| 112|0x0000000711a00000, 0x0000000711c00000, 0x0000000711c00000|100%| E|CS|TAMS 0x0000000711a00000| PB 0x0000000711a00000| Complete 
| 113|0x0000000711c00000, 0x0000000711e00000, 0x0000000711e00000|100%| E|CS|TAMS 0x0000000711c00000| PB 0x0000000711c00000| Complete 
| 114|0x0000000711e00000, 0x0000000712000000, 0x0000000712000000|100%| E|CS|TAMS 0x0000000711e00000| PB 0x0000000711e00000| Complete 
| 115|0x0000000712000000, 0x0000000712200000, 0x0000000712200000|100%| E|CS|TAMS 0x0000000712000000| PB 0x0000000712000000| Complete 
| 116|0x0000000712200000, 0x0000000712400000, 0x0000000712400000|100%| E|CS|TAMS 0x0000000712200000| PB 0x0000000712200000| Complete 
| 117|0x0000000712400000, 0x0000000712600000, 0x0000000712600000|100%| E|CS|TAMS 0x0000000712400000| PB 0x0000000712400000| Complete 
| 118|0x0000000712600000, 0x0000000712800000, 0x0000000712800000|100%| E|CS|TAMS 0x0000000712600000| PB 0x0000000712600000| Complete 
| 119|0x0000000712800000, 0x0000000712a00000, 0x0000000712a00000|100%| E|CS|TAMS 0x0000000712800000| PB 0x0000000712800000| Complete 
| 120|0x0000000712a00000, 0x0000000712c00000, 0x0000000712c00000|100%| E|CS|TAMS 0x0000000712a00000| PB 0x0000000712a00000| Complete 
| 121|0x0000000712c00000, 0x0000000712e00000, 0x0000000712e00000|100%| E|CS|TAMS 0x0000000712c00000| PB 0x0000000712c00000| Complete 
| 122|0x0000000712e00000, 0x0000000713000000, 0x0000000713000000|100%| E|CS|TAMS 0x0000000712e00000| PB 0x0000000712e00000| Complete 
| 123|0x0000000713000000, 0x0000000713200000, 0x0000000713200000|100%| E|CS|TAMS 0x0000000713000000| PB 0x0000000713000000| Complete 
| 124|0x0000000713200000, 0x0000000713400000, 0x0000000713400000|100%| E|CS|TAMS 0x0000000713200000| PB 0x0000000713200000| Complete 
| 125|0x0000000713400000, 0x0000000713600000, 0x0000000713600000|100%| E|CS|TAMS 0x0000000713400000| PB 0x0000000713400000| Complete 
| 126|0x0000000713600000, 0x0000000713800000, 0x0000000713800000|100%| E|CS|TAMS 0x0000000713600000| PB 0x0000000713600000| Complete 

Card table byte_map: [0x00000213f0750000,0x00000213f0f40000] _byte_map_base: 0x00000213ecf33000

Marking Bits: (CMBitMap*) 0x00000213d8621730
 Bits: [0x00000213f0f40000, 0x00000213f4e58000)

Polling page: 0x00000213d6370000

Metaspace:

Usage:
  Non-class:      9.67 MB used.
      Class:    743.62 KB used.
       Both:     10.39 MB used.

Virtual space:
  Non-class space:       64.00 MB reserved,       9.81 MB ( 15%) committed,  1 nodes.
      Class space:        1.00 GB reserved,     896.00 KB ( <1%) committed,  1 nodes.
             Both:        1.06 GB reserved,      10.69 MB ( <1%) committed. 

Chunk freelists:
   Non-Class:  5.34 MB
       Class:  15.16 MB
        Both:  20.50 MB

MaxMetaspaceSize: unlimited
CompressedClassSpaceSize: 1.00 GB
Initial GC threshold: 21.00 MB
Current GC threshold: 21.00 MB
CDS: on
 - commit_granule_bytes: 65536.
 - commit_granule_words: 8192.
 - virtual_space_node_default_size: 8388608.
 - enlarge_chunks_in_place: 1.
 - use_allocation_guard: 0.


Internal statistics:

num_allocs_failed_limit: 0.
num_arena_births: 382.
num_arena_deaths: 0.
num_vsnodes_births: 2.
num_vsnodes_deaths: 0.
num_space_committed: 169.
num_space_uncommitted: 0.
num_chunks_returned_to_freelist: 0.
num_chunks_taken_from_freelist: 837.
num_chunk_merges: 0.
num_chunk_splits: 521.
num_chunks_enlarged: 262.
num_inconsistent_stats: 0.

CodeHeap 'non-profiled nmethods': size=120000Kb used=2953Kb max_used=2953Kb free=117046Kb
 bounds [0x00000213e84e0000, 0x00000213e87d0000, 0x00000213efa10000]
CodeHeap 'profiled nmethods': size=120000Kb used=6287Kb max_used=6287Kb free=113712Kb
 bounds [0x00000213e0a10000, 0x00000213e1040000, 0x00000213e7f40000]
CodeHeap 'non-nmethods': size=5760Kb used=2729Kb max_used=2785Kb free=3031Kb
 bounds [0x00000213e7f40000, 0x00000213e8210000, 0x00000213e84e0000]
 total_blobs=4738 nmethods=3461 adapters=1181
 compilation: enabled
              stopped_count=0, restarted_count=0
 full_count=0

Compilation events (20 events):
Event: 116.230 Thread 0x00000213f7ad7750 3452       3       imgui.glfw.ImGuiImplGlfw::updateMousePosAndButtons (302 bytes)
Event: 116.230 Thread 0x00000213f7ad7750 nmethod 3452 0x00000213e102fa10 code [0x00000213e102fde0, 0x00000213e1030fa8]
Event: 116.736 Thread 0x00000213f7ad3600 3453       4       imgui.glfw.ImGuiImplGlfw::updateMouseCursor (149 bytes)
Event: 116.740 Thread 0x00000213f7ad3600 nmethod 3453 0x00000213e87bf710 code [0x00000213e87bf940, 0x00000213e87bfde8]
Event: 116.740 Thread 0x00000213f7ad3600 3454       4       org.lwjgl.glfw.GLFW::glfwGetInputMode (22 bytes)
Event: 116.740 Thread 0x00000213f7ad3600 nmethod 3454 0x00000213e87c0310 code [0x00000213e87c04a0, 0x00000213e87c0578]
Event: 116.740 Thread 0x00000213f7ad3600 3455       4       org.lwjgl.glfw.GLFW::glfwSetCursor (24 bytes)
Event: 116.740 Thread 0x00000213f7ad3600 nmethod 3455 0x00000213e87c0690 code [0x00000213e87c0820, 0x00000213e87c08f8]
Event: 116.743 Thread 0x00000213f7ad7750 3456       3       jade.ImGuiLayer::update (39 bytes)
Event: 116.743 Thread 0x00000213f7ad7750 nmethod 3456 0x00000213e1031810 code [0x00000213e1031a40, 0x00000213e1031ed0]
Event: 116.750 Thread 0x00000213f7ad7750 3457       3       imgui.glfw.ImGuiImplGlfw::newFrame (186 bytes)
Event: 116.750 Thread 0x00000213f7ad3600 3458       4       org.lwjgl.glfw.GLFW::glfwGetFramebufferSize (35 bytes)
Event: 116.750 Thread 0x00000213f7ad7750 nmethod 3457 0x00000213e1032190 code [0x00000213e1032480, 0x00000213e1032d28]
Event: 116.751 Thread 0x00000213f7ad3600 nmethod 3458 0x00000213e87c0a10 code [0x00000213e87c0bc0, 0x00000213e87c0d38]
Event: 116.785 Thread 0x00000213f7ad7750 3459       3       imgui.glfw.ImGuiImplGlfw$GetWindowFocusFunction::get (26 bytes)
Event: 116.785 Thread 0x00000213f7ad7750 nmethod 3459 0x00000213e1033190 code [0x00000213e1033360, 0x00000213e1033638]
Event: 134.201 Thread 0x00000213f7ad3600 3460       4       imgui.glfw.ImGuiImplGlfw::updateMousePosAndButtons (302 bytes)
Event: 134.206 Thread 0x00000213f7ad3600 nmethod 3460 0x00000213e87c0f10 code [0x00000213e87c1220, 0x00000213e87c1bf8]
Event: 140.263 Thread 0x00000213f7ad7750 3461       3       java.lang.PublicMethods$Key::matches (31 bytes)
Event: 140.263 Thread 0x00000213f7ad7750 nmethod 3461 0x00000213e1033790 code [0x00000213e1033960, 0x00000213e1033c80]

GC Heap History (14 events):
Event: 1.748 GC heap before
{Heap before GC invocations=0 (full 0):
 garbage-first heap   total 260096K, used 20480K [0x0000000703a00000, 0x0000000800000000)
  region size 2048K, 11 young (22528K), 0 survivors (0K)
 Metaspace       used 8320K, committed 8512K, reserved 1114112K
  class space    used 559K, committed 640K, reserved 1048576K
}
Event: 1.751 GC heap after
{Heap after GC invocations=1 (full 0):
 garbage-first heap   total 260096K, used 4928K [0x0000000703a00000, 0x0000000800000000)
  region size 2048K, 2 young (4096K), 2 survivors (4096K)
 Metaspace       used 8320K, committed 8512K, reserved 1114112K
  class space    used 559K, committed 640K, reserved 1048576K
}
Event: 6.541 GC heap before
{Heap before GC invocations=1 (full 0):
 garbage-first heap   total 260096K, used 31552K [0x0000000703a00000, 0x0000000800000000)
  region size 2048K, 16 young (32768K), 2 survivors (4096K)
 Metaspace       used 9441K, committed 9728K, reserved 1114112K
  class space    used 641K, committed 768K, reserved 1048576K
}
Event: 6.544 GC heap after
{Heap after GC invocations=2 (full 0):
 garbage-first heap   total 260096K, used 6426K [0x0000000703a00000, 0x0000000800000000)
  region size 2048K, 1 young (2048K), 1 survivors (2048K)
 Metaspace       used 9441K, committed 9728K, reserved 1114112K
  class space    used 641K, committed 768K, reserved 1048576K
}
Event: 18.604 GC heap before
{Heap before GC invocations=2 (full 0):
 garbage-first heap   total 260096K, used 88346K [0x0000000703a00000, 0x0000000800000000)
  region size 2048K, 42 young (86016K), 1 survivors (2048K)
 Metaspace       used 9928K, committed 10176K, reserved 1114112K
  class space    used 669K, committed 768K, reserved 1048576K
}
Event: 18.611 GC heap after
{Heap after GC invocations=3 (full 0):
 garbage-first heap   total 260096K, used 7849K [0x0000000703a00000, 0x0000000800000000)
  region size 2048K, 2 young (4096K), 2 survivors (4096K)
 Metaspace       used 9928K, committed 10176K, reserved 1114112K
  class space    used 669K, committed 768K, reserved 1048576K
}
Event: 49.159 GC heap before
{Heap before GC invocations=3 (full 0):
 garbage-first heap   total 260096K, used 159401K [0x0000000703a00000, 0x0000000800000000)
  region size 2048K, 76 young (155648K), 2 survivors (4096K)
 Metaspace       used 10282K, committed 10560K, reserved 1114112K
  class space    used 710K, committed 832K, reserved 1048576K
}
Event: 49.175 GC heap after
{Heap after GC invocations=4 (full 0):
 garbage-first heap   total 260096K, used 12260K [0x0000000703a00000, 0x0000000800000000)
  region size 2048K, 4 young (8192K), 4 survivors (8192K)
 Metaspace       used 10282K, committed 10560K, reserved 1114112K
  class space    used 710K, committed 832K, reserved 1048576K
}
Event: 75.722 GC heap before
{Heap before GC invocations=4 (full 0):
 garbage-first heap   total 260096K, used 159716K [0x0000000703a00000, 0x0000000800000000)
  region size 2048K, 76 young (155648K), 4 survivors (8192K)
 Metaspace       used 10478K, committed 10816K, reserved 1114112K
  class space    used 726K, committed 896K, reserved 1048576K
}
Event: 75.728 GC heap after
{Heap after GC invocations=5 (full 0):
 garbage-first heap   total 260096K, used 11568K [0x0000000703a00000, 0x0000000800000000)
  region size 2048K, 4 young (8192K), 4 survivors (8192K)
 Metaspace       used 10478K, committed 10816K, reserved 1114112K
  class space    used 726K, committed 896K, reserved 1048576K
}
Event: 102.486 GC heap before
{Heap before GC invocations=5 (full 0):
 garbage-first heap   total 260096K, used 159024K [0x0000000703a00000, 0x0000000800000000)
  region size 2048K, 76 young (155648K), 4 survivors (8192K)
 Metaspace       used 10559K, committed 10880K, reserved 1114112K
  class space    used 731K, committed 896K, reserved 1048576K
}
Event: 102.492 GC heap after
{Heap after GC invocations=6 (full 0):
 garbage-first heap   total 260096K, used 11582K [0x0000000703a00000, 0x0000000800000000)
  region size 2048K, 4 young (8192K), 4 survivors (8192K)
 Metaspace       used 10559K, committed 10880K, reserved 1114112K
  class space    used 731K, committed 896K, reserved 1048576K
}
Event: 121.753 GC heap before
{Heap before GC invocations=6 (full 0):
 garbage-first heap   total 260096K, used 159038K [0x0000000703a00000, 0x0000000800000000)
  region size 2048K, 76 young (155648K), 4 survivors (8192K)
 Metaspace       used 10559K, committed 10880K, reserved 1114112K
  class space    used 731K, committed 896K, reserved 1048576K
}
Event: 121.764 GC heap after
{Heap after GC invocations=7 (full 0):
 garbage-first heap   total 260096K, used 11265K [0x0000000703a00000, 0x0000000800000000)
  region size 2048K, 4 young (8192K), 4 survivors (8192K)
 Metaspace       used 10559K, committed 10880K, reserved 1114112K
  class space    used 731K, committed 896K, reserved 1048576K
}

Dll operation events (15 events):
Event: 0.007 Loaded shared library D:\jdk-21.0.1\bin\java.dll
Event: 0.032 Loaded shared library D:\jdk-21.0.1\bin\jsvml.dll
Event: 0.071 Loaded shared library D:\jdk-21.0.1\bin\zip.dll
Event: 0.073 Loaded shared library D:\jdk-21.0.1\bin\instrument.dll
Event: 0.076 Loaded shared library D:\jdk-21.0.1\bin\net.dll
Event: 0.077 Loaded shared library D:\jdk-21.0.1\bin\nio.dll
Event: 0.079 Loaded shared library D:\jdk-21.0.1\bin\zip.dll
Event: 0.103 Loaded shared library D:\IntelliJ IDEA Community Edition 2023.3.3\bin\breakgen64.dll
Event: 0.108 Loaded shared library D:\jdk-21.0.1\bin\extnet.dll
Event: 0.136 Loaded shared library D:\jdk-21.0.1\bin\jimage.dll
Event: 0.148 Loaded shared library C:\Users\Vu\AppData\Local\Temp\lwjglVu\3.3.1-build-7\lwjgl.dll
Event: 0.937 Loaded shared library C:\Users\Vu\AppData\Local\Temp\lwjglVu\3.3.1-build-7\lwjgl_opengl.dll
Event: 1.205 Loaded shared library C:\Users\Vu\AppData\Local\Temp\imgui-java-natives_1708473227193\imgui-java64.dll
Event: 1.303 Loaded shared library D:\jdk-21.0.1\bin\verify.dll
Event: 1.349 Loaded shared library C:\Users\Vu\AppData\Local\Temp\lwjglVu\3.3.1-build-7\lwjgl_stb.dll

Deoptimization events (20 events):
Event: 102.493 Thread 0x00000213f7ac8640 DEOPT PACKING pc=0x00000213e0f4d799 sp=0x00000048827ff170
Event: 102.493 Thread 0x00000213f7ac8640 DEOPT UNPACKING pc=0x00000213e7f988e2 sp=0x00000048827fe610 mode 0
Event: 115.899 Thread 0x00000213d63d3b90 Uncommon trap: trap_request=0xffffff45 fr.pc=0x00000213e86dba9c relative=0x0000000000001c1c
Event: 115.899 Thread 0x00000213d63d3b90 Uncommon trap: reason=unstable_if action=reinterpret pc=0x00000213e86dba9c method=imgui.glfw.ImGuiImplGlfw.updateMousePosAndButtons()V @ 110 c2
Event: 115.899 Thread 0x00000213d63d3b90 DEOPT PACKING pc=0x00000213e86dba9c sp=0x0000004881fff630
Event: 115.899 Thread 0x00000213d63d3b90 DEOPT UNPACKING pc=0x00000213e7f97da2 sp=0x0000004881fff480 mode 2
Event: 115.900 Thread 0x00000213d63d3b90 Uncommon trap: trap_request=0xffffff45 fr.pc=0x00000213e86e4234 relative=0x00000000000000f4
Event: 115.900 Thread 0x00000213d63d3b90 Uncommon trap: reason=unstable_if action=reinterpret pc=0x00000213e86e4234 method=imgui.glfw.ImGuiImplGlfw$GetWindowFocusFunction.get(Limgui/ImGuiViewport;)Z @ 17 c2
Event: 115.900 Thread 0x00000213d63d3b90 DEOPT PACKING pc=0x00000213e86e4234 sp=0x0000004881ffeea0
Event: 115.900 Thread 0x00000213d63d3b90 DEOPT UNPACKING pc=0x00000213e7f97da2 sp=0x0000004881ffee28 mode 2
Event: 115.906 Thread 0x00000213d63d3b90 Uncommon trap: trap_request=0xffffff45 fr.pc=0x00000213e86e0b04 relative=0x0000000000000ce4
Event: 115.906 Thread 0x00000213d63d3b90 Uncommon trap: reason=unstable_if action=reinterpret pc=0x00000213e86e0b04 method=imgui.glfw.ImGuiImplGlfw.updateMousePosAndButtons()V @ 110 c2
Event: 115.906 Thread 0x00000213d63d3b90 DEOPT PACKING pc=0x00000213e86e0b04 sp=0x0000004881fff5a0
Event: 115.906 Thread 0x00000213d63d3b90 DEOPT UNPACKING pc=0x00000213e7f97da2 sp=0x0000004881fff4b0 mode 2
Event: 115.912 Thread 0x00000213d63d3b90 Uncommon trap: trap_request=0xffffff45 fr.pc=0x00000213e85feebc relative=0x000000000000061c
Event: 115.912 Thread 0x00000213d63d3b90 Uncommon trap: reason=unstable_if action=reinterpret pc=0x00000213e85feebc method=imgui.glfw.ImGuiImplGlfw.updateMousePosAndButtons()V @ 110 c2
Event: 115.912 Thread 0x00000213d63d3b90 DEOPT PACKING pc=0x00000213e85feebc sp=0x0000004881fff520
Event: 115.912 Thread 0x00000213d63d3b90 DEOPT UNPACKING pc=0x00000213e7f97da2 sp=0x0000004881fff4a0 mode 2
Event: 121.766 Thread 0x00000213f7ac8640 DEOPT PACKING pc=0x00000213e0f4d799 sp=0x00000048827ff170
Event: 121.766 Thread 0x00000213f7ac8640 DEOPT UNPACKING pc=0x00000213e7f988e2 sp=0x00000048827fe610 mode 0

Classes loaded (20 events):
Event: 140.262 Loading class jdk/internal/logger/AbstractLoggerWrapper
Event: 140.262 Loading class jdk/internal/logger/AbstractLoggerWrapper done
Event: 140.262 Loading class jdk/internal/logger/LazyLoggers$LazyLoggerWrapper done
Event: 140.262 Loading class jdk/internal/logger/LazyLoggers$JdkLazyLogger done
Event: 140.263 Loading class jdk/internal/logger/LazyLoggers$LazyLoggerAccessor
Event: 140.263 Loading class jdk/internal/logger/LazyLoggers$LoggerAccessor
Event: 140.263 Loading class jdk/internal/logger/LazyLoggers$LoggerAccessor done
Event: 140.263 Loading class jdk/internal/logger/LazyLoggers$LazyLoggerAccessor done
Event: 140.263 Loading class java/lang/System$Logger$Level
Event: 140.263 Loading class java/lang/System$Logger$Level done
Event: 140.263 Loading class jdk/internal/logger/SurrogateLogger
Event: 140.263 Loading class jdk/internal/logger/SimpleConsoleLogger
Event: 140.263 Loading class sun/util/logging/PlatformLogger$ConfigurableBridge$LoggerConfiguration
Event: 140.263 Loading class sun/util/logging/PlatformLogger$ConfigurableBridge$LoggerConfiguration done
Event: 140.263 Loading class jdk/internal/logger/SimpleConsoleLogger done
Event: 140.263 Loading class jdk/internal/logger/SurrogateLogger done
Event: 140.263 Loading class sun/util/logging/PlatformLogger
Event: 140.263 Loading class sun/util/logging/PlatformLogger done
Event: 140.263 Loading class sun/util/logging/PlatformLogger$Level
Event: 140.263 Loading class sun/util/logging/PlatformLogger$Level done

Classes unloaded (0 events):
No events

Classes redefined (0 events):
No events

Internal exceptions (20 events):
Event: 1.050 Thread 0x00000213f7ace5f0 Exception <a 'java/lang/NoSuchMethodError'{0x0000000712d58ca0}: 'java.lang.Object java.lang.invoke.Invokers$Holder.invokeExact_MT(java.lang.Object, java.lang.Object, java.lang.Object, java.lang.Object, java.lang.Object, java.lang.Object)'> (0x0000000712d58ca0) 
thrown [s\open\src\hotspot\share\interpreter\linkResolver.cpp, line 773]
Event: 1.151 Thread 0x00000213d63d3b90 Exception <a 'sun/nio/fs/WindowsException'{0x0000000712b6f098}> (0x0000000712b6f098) 
thrown [s\open\src\hotspot\share\prims\jni.cpp, line 520]
Event: 1.215 Thread 0x00000213d63d3b90 Exception <a 'java/lang/NoSuchMethodError'{0x0000000712bc6810}: 'void java.lang.invoke.DirectMethodHandle$Holder.invokeVirtual(java.lang.Object, java.lang.Object, long, int)'> (0x0000000712bc6810) 
thrown [s\open\src\hotspot\share\interpreter\linkResolver.cpp, line 773]
Event: 1.301 Thread 0x00000213d63d3b90 Exception <a 'sun/nio/fs/WindowsException'{0x00000007124b69d8}> (0x00000007124b69d8) 
thrown [s\open\src\hotspot\share\prims\jni.cpp, line 520]
Event: 1.344 Thread 0x00000213d63d3b90 Exception <a 'java/lang/NoSuchMethodError'{0x000000071254f898}: 'void java.lang.System.load(java.lang.String, java.lang.Class)'> (0x000000071254f898) 
thrown [s\open\src\hotspot\share\interpreter\linkResolver.cpp, line 773]
Event: 1.344 Thread 0x00000213d63d3b90 Exception <a 'java/lang/NoSuchMethodError'{0x0000000712552238}: 'void java.lang.System.loadLibrary(java.lang.String, java.lang.Class)'> (0x0000000712552238) 
thrown [s\open\src\hotspot\share\interpreter\linkResolver.cpp, line 773]
Event: 1.348 Thread 0x00000213d63d3b90 Exception <a 'sun/nio/fs/WindowsException'{0x0000000712590038}> (0x0000000712590038) 
thrown [s\open\src\hotspot\share\prims\jni.cpp, line 520]
Event: 1.348 Thread 0x00000213d63d3b90 Exception <a 'sun/nio/fs/WindowsException'{0x0000000712590398}> (0x0000000712590398) 
thrown [s\open\src\hotspot\share\prims\jni.cpp, line 520]
Event: 4.717 Thread 0x00000213d63d3b90 Exception <a 'java/lang/NoSuchMethodError'{0x00000007133b71d8}: 'void java.lang.invoke.DelegatingMethodHandle$Holder.reinvoke_L(java.lang.Object, java.lang.Object, int)'> (0x00000007133b71d8) 
thrown [s\open\src\hotspot\share\interpreter\linkResolver.cpp, line 773]
Event: 4.717 Thread 0x00000213d63d3b90 Exception <a 'java/lang/NoSuchMethodError'{0x00000007133bd9e8}: 'int java.lang.invoke.Invokers$Holder.invokeExact_MT(java.lang.Object, java.lang.Object, java.lang.Object)'> (0x00000007133bd9e8) 
thrown [s\open\src\hotspot\share\interpreter\linkResolver.cpp, line 773]
Event: 4.720 Thread 0x00000213d63d3b90 Exception <a 'java/lang/NoSuchMethodError'{0x00000007133eddd8}: 'float java.lang.invoke.DelegatingMethodHandle$Holder.reinvoke_L(java.lang.Object, java.lang.Object)'> (0x00000007133eddd8) 
thrown [s\open\src\hotspot\share\interpreter\linkResolver.cpp, line 773]
Event: 4.721 Thread 0x00000213d63d3b90 Exception <a 'java/lang/NoSuchMethodError'{0x00000007133f7d60}: 'void java.lang.invoke.DelegatingMethodHandle$Holder.reinvoke_L(java.lang.Object, java.lang.Object, float)'> (0x00000007133f7d60) 
thrown [s\open\src\hotspot\share\interpreter\linkResolver.cpp, line 773]
Event: 4.721 Thread 0x00000213d63d3b90 Exception <a 'java/lang/NoSuchMethodError'{0x00000007133fe620}: 'float java.lang.invoke.Invokers$Holder.invokeExact_MT(java.lang.Object, java.lang.Object, java.lang.Object)'> (0x00000007133fe620) 
thrown [s\open\src\hotspot\share\interpreter\linkResolver.cpp, line 773]
Event: 4.731 Thread 0x00000213d63d3b90 Exception <a 'java/lang/NoSuchMethodError'{0x0000000713047df0}: 'void java.lang.invoke.Invokers$Holder.invokeExact_MT(java.lang.Object, java.lang.Object, java.lang.Object, java.lang.Object)'> (0x0000000713047df0) 
thrown [s\open\src\hotspot\share\interpreter\linkResolver.cpp, line 773]
Event: 4.732 Thread 0x00000213d63d3b90 Exception <a 'java/lang/NoSuchMethodError'{0x000000071304b660}: 'void java.lang.invoke.Invokers$Holder.invokeExact_MT(java.lang.Object, java.lang.Object, int, java.lang.Object)'> (0x000000071304b660) 
thrown [s\open\src\hotspot\share\interpreter\linkResolver.cpp, line 773]
Event: 7.308 Thread 0x00000213d63d3b90 Implicit null exception at 0x00000213e85c9685 to 0x00000213e85c975c
Event: 8.433 Thread 0x00000213d63d3b90 Implicit null exception at 0x00000213e85dea8c to 0x00000213e85debcf
Event: 8.433 Thread 0x00000213d63d3b90 Implicit null exception at 0x00000213e85cc9de to 0x00000213e85cca24
Event: 18.909 Thread 0x00000213d63d3b90 Implicit null exception at 0x00000213e860a104 to 0x00000213e860b5b4
Event: 43.010 Thread 0x00000213d63d3b90 Implicit null exception at 0x00000213e862ff50 to 0x00000213e8631e38

ZGC Phase Switch (0 events):
No events

VM Operations (20 events):
Event: 77.725 Executing VM operation: Cleanup done
Event: 78.727 Executing VM operation: Cleanup
Event: 78.727 Executing VM operation: Cleanup done
Event: 79.729 Executing VM operation: Cleanup
Event: 79.729 Executing VM operation: Cleanup done
Event: 92.864 Executing VM operation: Cleanup
Event: 92.864 Executing VM operation: Cleanup done
Event: 94.881 Executing VM operation: Cleanup
Event: 94.881 Executing VM operation: Cleanup done
Event: 102.486 Executing VM operation: G1CollectForAllocation (G1 Evacuation Pause)
Event: 102.492 Executing VM operation: G1CollectForAllocation (G1 Evacuation Pause) done
Event: 116.570 Executing VM operation: Cleanup
Event: 116.570 Executing VM operation: Cleanup done
Event: 120.289 Executing VM operation: HandshakeAllThreads (HandshakeForDeflation)
Event: 120.289 Executing VM operation: HandshakeAllThreads (HandshakeForDeflation) done
Event: 120.289 Executing VM operation: RendezvousGCThreads
Event: 120.289 Executing VM operation: RendezvousGCThreads done
Event: 121.753 Executing VM operation: G1CollectForAllocation (G1 Evacuation Pause)
Event: 121.764 Executing VM operation: G1CollectForAllocation (G1 Evacuation Pause) done
Event: 140.264 Executing VM operation: Exit

Events (20 events):
Event: 0.927 Thread 0x00000213fc27f7f0 Thread exited: 0x00000213fc27f7f0
Event: 0.948 Thread 0x00000213c6bb0060 Thread added: 0x00000213c6bb0060
Event: 1.693 Thread 0x00000213c6bb0060 Thread exited: 0x00000213c6bb0060
Event: 2.188 Thread 0x00000213c70c5df0 Thread added: 0x00000213c70c5df0
Event: 2.528 Thread 0x00000213c70c5df0 Thread exited: 0x00000213c70c5df0
Event: 18.872 Thread 0x00000213c7759f80 Thread added: 0x00000213c7759f80
Event: 18.875 Thread 0x00000213c6ec5090 Thread added: 0x00000213c6ec5090
Event: 19.229 Thread 0x00000213c6ec5090 Thread exited: 0x00000213c6ec5090
Event: 19.660 Thread 0x00000213c7759f80 Thread exited: 0x00000213c7759f80
Event: 21.990 Thread 0x00000213c6fedad0 Thread added: 0x00000213c6fedad0
Event: 21.990 Thread 0x00000213c77727a0 Thread added: 0x00000213c77727a0
Event: 22.729 Thread 0x00000213c77727a0 Thread exited: 0x00000213c77727a0
Event: 23.167 Thread 0x00000213c6fedad0 Thread exited: 0x00000213c6fedad0
Event: 64.127 Thread 0x00000213cc4d95b0 Thread added: 0x00000213cc4d95b0
Event: 64.736 Thread 0x00000213cc4d95b0 Thread exited: 0x00000213cc4d95b0
Event: 73.253 Thread 0x00000213cf06b100 Thread added: 0x00000213cf06b100
Event: 76.195 Thread 0x00000213cf06b100 Thread exited: 0x00000213cf06b100
Event: 94.064 Thread 0x00000213cbd70f90 Thread added: 0x00000213cbd70f90
Event: 94.896 Thread 0x00000213cbd70f90 Thread exited: 0x00000213cbd70f90
Event: 140.261 Thread 0x00000213ccbf7830 Thread added: 0x00000213ccbf7830


Dynamic libraries:
0x00007ff73fbf0000 - 0x00007ff73fc00000 	D:\jdk-21.0.1\bin\java.exe
0x00007ffe1b1b0000 - 0x00007ffe1b3c7000 	C:\WINDOWS\SYSTEM32\ntdll.dll
0x00007ffe199f0000 - 0x00007ffe19ab4000 	C:\WINDOWS\System32\KERNEL32.DLL
0x00007ffe187d0000 - 0x00007ffe18b76000 	C:\WINDOWS\System32\KERNELBASE.dll
0x00007ffe18db0000 - 0x00007ffe18ec1000 	C:\WINDOWS\System32\ucrtbase.dll
0x00007ffdbc5e0000 - 0x00007ffdbc5f9000 	D:\jdk-21.0.1\bin\jli.dll
0x00007ffdadf40000 - 0x00007ffdadf5b000 	D:\jdk-21.0.1\bin\VCRUNTIME140.dll
0x00007ffe1aa40000 - 0x00007ffe1aaf3000 	C:\WINDOWS\System32\ADVAPI32.dll
0x00007ffe1a690000 - 0x00007ffe1a737000 	C:\WINDOWS\System32\msvcrt.dll
0x00007ffe18f00000 - 0x00007ffe18fa8000 	C:\WINDOWS\System32\sechost.dll
0x00007ffe18570000 - 0x00007ffe18598000 	C:\WINDOWS\System32\bcrypt.dll
0x00007ffe197e0000 - 0x00007ffe198f7000 	C:\WINDOWS\System32\RPCRT4.dll
0x00007ffe1a880000 - 0x00007ffe1aa2e000 	C:\WINDOWS\System32\USER32.dll
0x00007ffe18ed0000 - 0x00007ffe18ef6000 	C:\WINDOWS\System32\win32u.dll
0x00007ffe19900000 - 0x00007ffe19929000 	C:\WINDOWS\System32\GDI32.dll
0x00007ffdf6ba0000 - 0x00007ffdf6e33000 	C:\WINDOWS\WinSxS\amd64_microsoft.windows.common-controls_6595b64144ccf1df_6.0.22621.2506_none_270c5ae97388e100\COMCTL32.dll
0x00007ffe185a0000 - 0x00007ffe186b8000 	C:\WINDOWS\System32\gdi32full.dll
0x00007ffe18730000 - 0x00007ffe187ca000 	C:\WINDOWS\System32\msvcp_win.dll
0x00007ffe0db10000 - 0x00007ffe0db1a000 	C:\WINDOWS\SYSTEM32\VERSION.dll
0x00007ffe199b0000 - 0x00007ffe199e1000 	C:\WINDOWS\System32\IMM32.DLL
0x00007ffddec00000 - 0x00007ffddec0c000 	D:\jdk-21.0.1\bin\vcruntime140_1.dll
0x00007ffd9a610000 - 0x00007ffd9a69e000 	D:\jdk-21.0.1\bin\msvcp140.dll
0x00007ffd97f10000 - 0x00007ffd98c25000 	D:\jdk-21.0.1\bin\server\jvm.dll
0x00007ffe19930000 - 0x00007ffe199a1000 	C:\WINDOWS\System32\WS2_32.dll
0x00007ffe17340000 - 0x00007ffe1738d000 	C:\WINDOWS\SYSTEM32\POWRPROF.dll
0x00007ffe0e060000 - 0x00007ffe0e094000 	C:\WINDOWS\SYSTEM32\WINMM.dll
0x00007ffe17320000 - 0x00007ffe17333000 	C:\WINDOWS\SYSTEM32\UMPDC.dll
0x00007ffe175e0000 - 0x00007ffe175f8000 	C:\WINDOWS\SYSTEM32\kernel.appcore.dll
0x00007ffddd1c0000 - 0x00007ffddd1ca000 	D:\jdk-21.0.1\bin\jimage.dll
0x00007ffe15fb0000 - 0x00007ffe161e3000 	C:\WINDOWS\SYSTEM32\DBGHELP.DLL
0x00007ffe19290000 - 0x00007ffe19619000 	C:\WINDOWS\System32\combase.dll
0x00007ffe19be0000 - 0x00007ffe19cb7000 	C:\WINDOWS\System32\OLEAUT32.dll
0x00007ffdfe150000 - 0x00007ffdfe182000 	C:\WINDOWS\SYSTEM32\dbgcore.DLL
0x00007ffe184f0000 - 0x00007ffe1856a000 	C:\WINDOWS\System32\bcryptPrimitives.dll
0x00007ffe12200000 - 0x00007ffe1220f000 	D:\jdk-21.0.1\bin\instrument.dll
0x00007ffdadf20000 - 0x00007ffdadf3f000 	D:\jdk-21.0.1\bin\java.dll
0x00007ffe19d20000 - 0x00007ffe1a57b000 	C:\WINDOWS\System32\SHELL32.dll
0x00007ffe16410000 - 0x00007ffe16d06000 	C:\WINDOWS\SYSTEM32\windows.storage.dll
0x00007ffe162d0000 - 0x00007ffe1640e000 	C:\WINDOWS\SYSTEM32\wintypes.dll
0x00007ffe19ac0000 - 0x00007ffe19bb3000 	C:\WINDOWS\System32\SHCORE.dll
0x00007ffe1a790000 - 0x00007ffe1a7ee000 	C:\WINDOWS\System32\shlwapi.dll
0x00007ffe18420000 - 0x00007ffe18446000 	C:\WINDOWS\SYSTEM32\profapi.dll
0x00007ffd97e30000 - 0x00007ffd97f07000 	D:\jdk-21.0.1\bin\jsvml.dll
0x00007ffd9eb10000 - 0x00007ffd9eb28000 	D:\jdk-21.0.1\bin\zip.dll
0x00007ffddc6d0000 - 0x00007ffddc6e0000 	D:\jdk-21.0.1\bin\net.dll
0x00007ffe0eeb0000 - 0x00007ffe0efe7000 	C:\WINDOWS\SYSTEM32\WINHTTP.dll
0x00007ffe17a50000 - 0x00007ffe17ab9000 	C:\WINDOWS\system32\mswsock.dll
0x00007ffd9eb30000 - 0x00007ffd9eb46000 	D:\jdk-21.0.1\bin\nio.dll
0x00007ffe121e0000 - 0x00007ffe121fa000 	D:\IntelliJ IDEA Community Edition 2023.3.3\bin\breakgen64.dll
0x00007ffdda030000 - 0x00007ffdda037000 	D:\jdk-21.0.1\bin\extnet.dll
0x00007ffe099e0000 - 0x00007ffe09a55000 	C:\Users\Vu\AppData\Local\Temp\lwjglVu\3.3.1-build-7\lwjgl.dll
0x00007ffe087a0000 - 0x00007ffe08801000 	C:\Users\Vu\AppData\Local\Temp\lwjglVu\3.3.1-build-7\glfw.dll
0x00007ffe0a2b0000 - 0x00007ffe0a2f6000 	C:\WINDOWS\SYSTEM32\dinput8.dll
0x00007ffdb9410000 - 0x00007ffdb9421000 	C:\WINDOWS\SYSTEM32\xinput1_4.dll
0x00007ffe181e0000 - 0x00007ffe1822e000 	C:\WINDOWS\SYSTEM32\cfgmgr32.dll
0x00007ffe181b0000 - 0x00007ffe181dc000 	C:\WINDOWS\SYSTEM32\DEVOBJ.dll
0x00007ffe12f40000 - 0x00007ffe12f6b000 	C:\WINDOWS\SYSTEM32\dwmapi.dll
0x00007ffde85d0000 - 0x00007ffde87da000 	C:\WINDOWS\SYSTEM32\inputhost.dll
0x00007ffe12840000 - 0x00007ffe12974000 	C:\WINDOWS\SYSTEM32\CoreMessaging.dll
0x00007ffe12cf0000 - 0x00007ffe12d9b000 	C:\WINDOWS\system32\uxtheme.dll
0x00007ffe19680000 - 0x00007ffe197d1000 	C:\WINDOWS\System32\MSCTF.dll
0x00007ffe17d80000 - 0x00007ffe17d8c000 	C:\WINDOWS\SYSTEM32\CRYPTBASE.DLL
0x00007ffded440000 - 0x00007ffded540000 	C:\WINDOWS\SYSTEM32\opengl32.dll
0x00007ffe05670000 - 0x00007ffe0569d000 	C:\WINDOWS\SYSTEM32\GLU32.dll
0x00007ffe15660000 - 0x00007ffe15699000 	C:\WINDOWS\SYSTEM32\dxcore.dll
0x00007ffe0e0a0000 - 0x00007ffe0e0ea000 	C:\WINDOWS\SYSTEM32\directxdatabasehelper.dll
0x00007ffe19030000 - 0x00007ffe190e0000 	C:\WINDOWS\System32\clbcatq.dll
0x00007ffd96a20000 - 0x00007ffd97a13000 	C:\WINDOWS\System32\DriverStore\FileRepository\iigd_dch.inf_amd64_5802b1615520e41c\igxelpicd64.dll
0x00007ffe190e0000 - 0x00007ffe19280000 	C:\WINDOWS\System32\ole32.dll
0x00007ffe12e20000 - 0x00007ffe12f18000 	C:\WINDOWS\system32\dxgi.dll
0x00007ffdbba60000 - 0x00007ffdbbd47000 	C:\WINDOWS\System32\DriverStore\FileRepository\iigd_dch.inf_amd64_5802b1615520e41c\igdml64.dll
0x00007ffe0a6c0000 - 0x00007ffe0aa87000 	C:\WINDOWS\System32\DriverStore\FileRepository\iigd_dch.inf_amd64_5802b1615520e41c\igdgmm64.dll
0x00007ffe00a00000 - 0x00007ffe04011000 	C:\WINDOWS\System32\DriverStore\FileRepository\iigd_dch.inf_amd64_5802b1615520e41c\igc64.dll
0x00007ffe056a0000 - 0x00007ffe057ea000 	C:\WINDOWS\SYSTEM32\textinputframework.dll
0x00007ffe0d290000 - 0x00007ffe0d5fc000 	C:\WINDOWS\SYSTEM32\CoreUIComponents.dll
0x00007ffdbb8c0000 - 0x00007ffdbba57000 	C:\Users\Vu\AppData\Local\Temp\lwjglVu\3.3.1-build-7\OpenAL.dll
0x00007ffe042a0000 - 0x00007ffe0433d000 	C:\WINDOWS\System32\MMDevApi.dll
0x00007ffe06180000 - 0x00007ffe0636c000 	C:\WINDOWS\SYSTEM32\AUDIOSES.DLL
0x00007ffe15900000 - 0x00007ffe15915000 	C:\WINDOWS\SYSTEM32\resourcepolicyclient.dll
0x00007ffe05bb0000 - 0x00007ffe05c0d000 	C:\Users\Vu\AppData\Local\Temp\lwjglVu\3.3.1-build-7\lwjgl_opengl.dll
0x0000000064a00000 - 0x0000000064d10000 	C:\Users\Vu\AppData\Local\Temp\imgui-java-natives_1708473227193\imgui-java64.dll
0x00007ffe17da0000 - 0x00007ffe17dbb000 	C:\WINDOWS\SYSTEM32\CRYPTSP.dll
0x00007ffe17540000 - 0x00007ffe17575000 	C:\WINDOWS\system32\rsaenh.dll
0x00007ffdd8880000 - 0x00007ffdd8890000 	D:\jdk-21.0.1\bin\verify.dll
0x00007ffe052f0000 - 0x00007ffe05371000 	C:\Users\Vu\AppData\Local\Temp\lwjglVu\3.3.1-build-7\lwjgl_stb.dll

dbghelp: loaded successfully - version: 4.0.5 - missing functions: none
symbol engine: initialized successfully - sym options: 0x614 - pdb path: .;D:\jdk-21.0.1\bin;C:\WINDOWS\SYSTEM32;C:\WINDOWS\WinSxS\amd64_microsoft.windows.common-controls_6595b64144ccf1df_6.0.22621.2506_none_270c5ae97388e100;D:\jdk-21.0.1\bin\server;D:\IntelliJ IDEA Community Edition 2023.3.3\bin;C:\Users\Vu\AppData\Local\Temp\lwjglVu\3.3.1-build-7;C:\WINDOWS\System32\DriverStore\FileRepository\iigd_dch.inf_amd64_5802b1615520e41c;C:\Users\Vu\AppData\Local\Temp\imgui-java-natives_1708473227193

VM Arguments:
jvm_args: -javaagent:D:\IntelliJ IDEA Community Edition 2023.3.3\lib\idea_rt.jar=56832:D:\IntelliJ IDEA Community Edition 2023.3.3\bin -Dfile.encoding=UTF-8 -Dsun.stdout.encoding=UTF-8 -Dsun.stderr.encoding=UTF-8 
java_command: main.Main
java_class_path (initial): D:\ducky-game\target\classes;C:\Users\Vu\.m2\repository\io\github\spair\imgui-java-app\1.81.0\imgui-java-app-1.81.0.jar;C:\Users\Vu\.m2\repository\org\lwjgl\lwjgl\3.3.1\lwjgl-3.3.1-natives-linux.jar;C:\Users\Vu\.m2\repository\org\lwjgl\lwjgl-glfw\3.3.1\lwjgl-glfw-3.3.1-natives-linux.jar;C:\Users\Vu\.m2\repository\org\lwjgl\lwjgl-opengl\3.3.1\lwjgl-opengl-3.3.1-natives-linux.jar;C:\Users\Vu\.m2\repository\org\lwjgl\lwjgl\3.3.1\lwjgl-3.3.1-natives-macos.jar;C:\Users\Vu\.m2\repository\org\lwjgl\lwjgl-glfw\3.3.1\lwjgl-glfw-3.3.1-natives-macos.jar;C:\Users\Vu\.m2\repository\org\lwjgl\lwjgl-opengl\3.3.1\lwjgl-opengl-3.3.1-natives-macos.jar;C:\Users\Vu\.m2\repository\io\github\spair\imgui-java-binding\1.81.0\imgui-java-binding-1.81.0.jar;C:\Users\Vu\.m2\repository\io\github\spair\imgui-java-lwjgl3\1.81.0\imgui-java-lwjgl3-1.81.0.jar;C:\Users\Vu\.m2\repository\org\lwjgl\lwjgl\3.3.1\lwjgl-3.3.1.jar;C:\Users\Vu\.m2\repository\com\google\code\gson\gson\2.10.1\gson-2.10.1.jar;C:\Users\Vu\.m2\repository\org\openjfx\javafx-controls\21\javafx-controls-21.jar;C:\Users\Vu\.m2\repository\org\openjfx\javafx-controls\21\javafx-controls-21-win.jar;C:\Users\Vu\.m2\repository\org\openjfx\javafx-graphics\21\javafx-graphics-21.jar;C:\Users\Vu\.m2\repository\org\openjfx\javafx-graphics\21\javafx-graphics-21-win.jar;C:\Users\Vu\.m2\repository\org\openjfx\javafx-base\21\javafx-base-21.jar;C:\Users\Vu\.m2\repository\org\openjfx\javafx-base\21\javafx-base-21-win.jar;C:\Users\Vu\.m2\repository\org\openjfx\javafx-fxml\21\javafx-fxml-21.jar;C:\Users\Vu\.m2\repository\org\openjfx\javafx-fxml\21\javafx-fxml-21-win.jar;C:\Users\Vu\.m2\repository\org\lwjgl\lwjgl-nfd\3.3.1\lwjgl-nfd-3.3.1.jar;C:\Users\Vu\.m2\repository\org\lwjgl\lwjgl-assimp\3.3.1\lwjgl-assimp-3.3.1.jar;C:\Users\Vu\.m2\repository\org\lwjgl\lwjgl-glfw\3.3.1\lwjgl-glfw-3.3.1.jar;C:\Users\Vu\.m2\repository\org\lwjgl\lwjgl-openal\3.3.1\lwjgl-openal-3.3.1.jar;C:\Users\Vu\.m2\repository\org\lwjgl\lwjgl-opengl\3.3.1\lwjgl-opengl-3.3.1.jar;C:\Users\Vu\.m2\repository\org\lwjgl\lwjgl-stb\3.3.1\lwjgl-stb-3.3.1.jar;C:\Users\Vu\.m2\repository\org\lwjgl\lwjgl\3.3.1\lwjgl-3.3.1-natives-windows.jar;C:\Users\Vu\.m2\repository\org\lwjgl\lwjgl-assimp\3.3.1\lwjgl-assimp-3.3.1-natives-windows.jar;C:\Users\Vu\.m2\repository\org\lwjgl\lwjgl-glfw\3.3.1\lwjgl-glfw-3.3.1-natives-windows.jar;C:\Users\Vu\.m2\repository\org\lwjgl\lwjgl-openal\3.3.1\lwjgl-openal-3.3.1-natives-windows.jar;C:\Users\Vu\.m2\repository\org\lwjgl\lwjgl-opengl\3.3.1\lwjgl-opengl-3.3.1-natives-windows.jar;C:\Users\Vu\.m2\repository\org\mongodb\mongodb-driver\3.12.14\mongodb-driver-3.12.14.jar;C:\Users\Vu\.m2\repository\org\mongodb\bson\3.12.14\bson-3.12.14.jar;C:\Users\Vu\.m2\repository\org\mongodb\mongodb-driver-core\3.12.14\mongodb-driver-core-3.12.14.jar;C:\Users\Vu\.m2\repository\org\lwjgl\lwjgl-stb\3.3.1\lwjgl-stb-3.3.1-natives-windows.jar;C:\Users\Vu\.m2\repository\org\lwjgl\lwjgl-nfd\3.3.1\lwjgl-nfd-3.3.1-natives-windows.jar;C:\Users\Vu\.m2\repository\org\jbox2d\jbox2d-library\2.2.1.1\jbox2d-library-2.2.1.1.jar;C:\Users\Vu\.m2\repository\org\joml\joml\1.9.24\joml-1.9.24.jar
Launcher Type: SUN_STANDARD

[Global flags]
     intx CICompilerCount                          = 4                                         {product} {ergonomic}
     uint ConcGCThreads                            = 3                                         {product} {ergonomic}
     uint G1ConcRefinementThreads                  = 10                                        {product} {ergonomic}
   size_t G1HeapRegionSize                         = 2097152                                   {product} {ergonomic}
    uintx GCDrainStackTargetSize                   = 64                                        {product} {ergonomic}
   size_t InitialHeapSize                          = 266338304                                 {product} {ergonomic}
   size_t MarkStackSize                            = 4194304                                   {product} {ergonomic}
   size_t MaxHeapSize                              = 4234149888                                {product} {ergonomic}
   size_t MaxNewSize                               = 2539651072                                {product} {ergonomic}
   size_t MinHeapDeltaBytes                        = 2097152                                   {product} {ergonomic}
   size_t MinHeapSize                              = 8388608                                   {product} {ergonomic}
    uintx NonNMethodCodeHeapSize                   = 5839372                                {pd product} {ergonomic}
    uintx NonProfiledCodeHeapSize                  = 122909434                              {pd product} {ergonomic}
    uintx ProfiledCodeHeapSize                     = 122909434                              {pd product} {ergonomic}
    uintx ReservedCodeCacheSize                    = 251658240                              {pd product} {ergonomic}
     bool SegmentedCodeCache                       = true                                      {product} {ergonomic}
   size_t SoftMaxHeapSize                          = 4234149888                             {manageable} {ergonomic}
     bool UseCompressedOops                        = true                           {product lp64_product} {ergonomic}
     bool UseG1GC                                  = true                                      {product} {ergonomic}
     bool UseLargePagesIndividualAllocation        = false                                  {pd product} {ergonomic}

Logging:
Log output configuration:
 #0: stdout all=off uptime,level,tags foldmultilines=false
 #1: stderr all=off uptime,level,tags foldmultilines=false

Environment Variables:
PATH=C:\Program Files\Common Files\Oracle\Java\javapath;C:\Windows\system32;C:\Windows;C:\Windows\System32\Wbem;C:\Windows\System32\WindowsPowerShell\v1.0\;C:\Windows\System32\OpenSSH\;C:\Program Files (x86)\NVIDIA Corporation\PhysX\Common;C:\Program Files\NVIDIA Corporation\NVIDIA NvDLISR;C:\WINDOWS\system32;C:\WINDOWS;C:\WINDOWS\System32\Wbem;C:\WINDOWS\System32\WindowsPowerShell\v1.0\;C:\WINDOWS\System32\OpenSSH\;C:\Program Files\Git\cmd;C:\Users\Vu\AppData\Local\Microsoft\WindowsApps;
USERNAME=Vu
OS=Windows_NT
PROCESSOR_IDENTIFIER=Intel64 Family 6 Model 141 Stepping 1, GenuineIntel
TMP=C:\Users\Vu\AppData\Local\Temp
TEMP=C:\Users\Vu\AppData\Local\Temp




Periodic native trim disabled

---------------  S Y S T E M  ---------------

OS:
 Windows 11 , 64 bit Build 22621 (10.0.22621.3085)
OS uptime: 0 days 15:11 hours
Hyper-V role detected

CPU: total 12 (initial active 12) (6 cores per cpu, 2 threads per core) family 6 model 141 stepping 1 microcode 0x3c, cx8, cmov, fxsr, ht, mmx, 3dnowpref, sse, sse2, sse3, ssse3, sse4.1, sse4.2, popcnt, lzcnt, tsc, tscinvbit, avx, avx2, aes, erms, clmul, bmi1, bmi2, adx, avx512f, avx512dq, avx512cd, avx512bw, avx512vl, sha, fma, vzeroupper, avx512_vpopcntdq, avx512_vpclmulqdq, avx512_vaes, avx512_vnni, clflush, clflushopt, clwb, avx512_vbmi2, avx512_vbmi, hv, rdtscp, rdpid, fsrm, gfni, avx512_bitalg, f16c, cet_ibt, cet_ss, avx512_ifma
Processor Information for all 12 processors :
  Max Mhz: 2688, Current Mhz: 2688, Mhz Limit: 2688

Memory: 4k page, system-wide physical 16147M (5675M free)
TotalPageFile size 22547M (AvailPageFile size 8334M)
current process WorkingSet (physical memory assigned to process): 469M, peak: 480M
current process commit charge ("private bytes"): 519M, peak: 537M

vm_info: Java HotSpot(TM) 64-Bit Server VM (21.0.1+12-LTS-29) for windows-amd64 JRE (21.0.1+12-LTS-29), built on 2023-10-05T13:27:09Z by "mach5one" with MS VC++ 17.1 (VS2022)

END.
