#
# A fatal error has been detected by the Java Runtime Environment:
#
#  EXCEPTION_ACCESS_VIOLATION (0xc0000005) at pc=0x00007ffdca16366c, pid=19108, tid=9720
#
# JRE version: Java(TM) SE Runtime Environment (21.0.1+12) (build 21.0.1+12-LTS-29)
# Java VM: Java HotSpot(TM) 64-Bit Server VM (21.0.1+12-LTS-29, mixed mode, sharing, tiered, compressed oops, compressed class ptrs, g1 gc, windows-amd64)
# Problematic frame:
# C  [igxelpicd64.dll+0x13366c]
#
# No core dump will be written. Minidumps are not enabled by default on client versions of Windows
#
# If you would like to submit a bug report, please visit:
#   https://bugreport.java.com/bugreport/crash.jsp
#

---------------  S U M M A R Y ------------

Command Line: -javaagent:D:\IntelliJ IDEA Community Edition 2023.3.3\lib\idea_rt.jar=57042:D:\IntelliJ IDEA Community Edition 2023.3.3\bin -Dfile.encoding=UTF-8 -Dsun.stdout.encoding=UTF-8 -Dsun.stderr.encoding=UTF-8 main.Main

Host: 11th Gen Intel(R) Core(TM) i5-11400H @ 2.70GHz, 12 cores, 15G,  Windows 11 , 64 bit Build 22621 (10.0.22621.3085)
Time: Wed Feb 21 19:14:30 2024 SE Asia Standard Time elapsed time: 110.072681 seconds (0d 0h 1m 50s)

---------------  T H R E A D  ---------------

Current thread (0x00000237fef99090):  VMThread "VM Thread"          [id=9720, stack(0x000000bfd9700000,0x000000bfd9800000) (1024K)]

Stack: [0x000000bfd9700000,0x000000bfd9800000],  sp=0x000000bfd97fe310,  free space=1016k
Native frames: (J=compiled Java code, j=interpreted, Vv=VM code, C=native code)
C  [igxelpicd64.dll+0x13366c]


siginfo: EXCEPTION_ACCESS_VIOLATION (0xc0000005), reading address 0x00000000000356f8


Registers:
RAX=0x00000237cba15bf8, RBX=0x00000237cba15af0, RCX=0x0000000000000000, RDX=0x0000000000000000
RSP=0x000000bfd97fe310, RBP=0x0000000000000000, RSI=0x00000237cba160c0, RDI=0x00000237cb7fa500
R8 =0x0000000000000014, R9 =0x0000000000000000, R10=0x0000000000000000, R11=0x0000000000000000
R12=0x0000000000000000, R13=0x00000237d512ece0, R14=0x0000000000535600, R15=0x0000000000000016
RIP=0x00007ffdca16366c, EFLAGS=0x0000000000010202


Register to memory mapping:

RAX=0x00000237cba15bf8 points into unknown readable memory: 0x000000000053564c | 4c 56 53 00 00 00 00 00
RBX=0x00000237cba15af0 points into unknown readable memory: 0x00000237cb6ea450 | 50 a4 6e cb 37 02 00 00
RCX=0x0 is null
RDX=0x0 is null
RSP=0x000000bfd97fe310 points into unknown readable memory: 0x00000237cb743970 | 70 39 74 cb 37 02 00 00
RBP=0x0 is null
RSI=0x00000237cba160c0 points into unknown readable memory: 0x00000237d512ece0 | e0 ec 12 d5 37 02 00 00
RDI=0x00000237cb7fa500 points into unknown readable memory: 0x00000237cb7a0000 | 00 00 7a cb 37 02 00 00
R8 =0x0000000000000014 is an unknown value
R9 =0x0 is null
R10=0x0 is null
R11=0x0 is null
R12=0x0 is null
R13=0x00000237d512ece0 points into unknown readable memory: 0x00000237cb6ea450 | 50 a4 6e cb 37 02 00 00
R14=0x0000000000535600 is an unknown value
R15=0x0000000000000016 is an unknown value

Top of Stack: (sp=0x000000bfd97fe310)
0x000000bfd97fe310:   00000237cb743970 0000000000000000
0x000000bfd97fe320:   0191d88e01c6908e 00007ffe1b2533b4
0x000000bfd97fe330:   01e71c90022bc08f 00d0d59002853890
0x000000bfd97fe340:   00d3239102be1e91 028f939102a95091
0x000000bfd97fe350:   00000237cb7e5678 0000000000535653
0x000000bfd97fe360:   0000000000000000 000000000000000e
0x000000bfd97fe370:   0000000000000000 0000000000000000
0x000000bfd97fe380:   000000bfd97fe490 00007ffdca2dbc3c
0x000000bfd97fe390:   00000237cb743970 00000237cb7fa500
0x000000bfd97fe3a0:   01ebba9601e39700 02c0e39702b9ec00
0x000000bfd97fe3b0:   000000bf0000088c 0000b80221130000
0x000000bfd97fe3c0:   0000000000000000 0254649a026a529a
0x000000bfd97fe3d0:   02a8a59a02827c9a 02b00b9b020ec89a
0x000000bfd97fe3e0:   02126f9c02224d9c 00a8e09c02e3a79c
0x000000bfd97fe3f0:   00929d9d028a9a9d 00007ffdca2d19a0
0x000000bfd97fe400:   0230829f0256499f 025b41a002bd8d9f
0x000000bfd97fe410:   02c328a102cc57a0 026ea0a1026386a1
0x000000bfd97fe420:   000605a2027bd0a1 029c58a2025d06a2
0x000000bfd97fe430:   021096a202ba7aa2 00007ffdca0b3cdf
0x000000bfd97fe440:   0000b80221130000 000000000000088c
0x000000bfd97fe450:   0000000000000000 4000170000000001
0x000000bfd97fe460:   0000000000000000 0000000000000000
0x000000bfd97fe470:   0000000000000000 0000000000000000
0x000000bfd97fe480:   0000000000000000 0000000000000000
0x000000bfd97fe490:   0000000000000000 0000000000000000
0x000000bfd97fe4a0:   0000000000000000 0000000000000000
0x000000bfd97fe4b0:   0000000000000000 0000000000000000
0x000000bfd97fe4c0:   0000000000000000 0000000000000000
0x000000bfd97fe4d0:   0000000000000000 0000000000000000
0x000000bfd97fe4e0:   0000000000000000 0000000000000000
0x000000bfd97fe4f0:   0000000000000000 0000000000000000
0x000000bfd97fe500:   0000000000000000 0000000000000000 

Instructions: (pc=0x00007ffdca16366c)
0x00007ffdca16356c:   ec 40 45 8a e1 48 8b fa 48 8b e9 48 8b 1d 42 08
0x00007ffdca16357c:   e0 00 48 89 58 08 48 8b cb ff 15 85 5b 9a 00 90
0x00007ffdca16358c:   4c 8b af 78 02 00 00 48 8b 05 c6 e4 cf 00 44 8b
0x00007ffdca16359c:   b8 40 0b 00 00 45 33 db 45 8a f3 4c 89 9f 78 02
0x00007ffdca1635ac:   00 00 44 89 9f 80 02 00 00 4c 89 9f 98 02 00 00
0x00007ffdca1635bc:   4c 89 9f 88 02 00 00 48 85 ed 75 38 8b 35 4a e2
0x00007ffdca1635cc:   df 00 65 48 8b 04 25 58 00 00 00 b9 14 00 00 00
0x00007ffdca1635dc:   48 8b 04 f0 44 38 1c 01 0f 84 9d da 86 00 65 48
0x00007ffdca1635ec:   8b 04 25 58 00 00 00 bd 20 00 00 00 48 8b 04 f0
0x00007ffdca1635fc:   48 8b 2c 28 48 3b 2d 39 07 e0 00 45 0f 44 fb 4d
0x00007ffdca16360c:   85 ed 0f 84 21 01 00 00 44 8a a4 24 90 00 00 00
0x00007ffdca16361c:   49 8b dd 49 8d b5 d0 05 00 00 4c 8b 2e 45 84 e4
0x00007ffdca16362c:   0f 85 2a 03 00 00 8b 97 c8 01 00 00 48 8b 05 21
0x00007ffdca16363c:   e4 cf 00 83 b8 78 03 00 00 02 75 31 83 fa 10 0f
0x00007ffdca16364c:   83 20 01 00 00 48 8d 04 d5 21 00 00 00 48 03 c2
0x00007ffdca16365c:   48 8d 04 c3 48 85 c0 0f 85 ff 00 00 00 49 8b cb
0x00007ffdca16366c:   48 3b 8d f8 56 03 00 0f 87 f3 02 00 00 4c 39 9b
0x00007ffdca16367c:   48 06 00 00 0f 85 41 da 86 00 44 8b 97 c8 01 00
0x00007ffdca16368c:   00 48 8b 87 e0 01 00 00 4c 8b 08 8b 97 c8 01 00
0x00007ffdca16369c:   00 83 fa 10 0f 83 03 01 00 00 48 8d 04 d5 21 00
0x00007ffdca1636ac:   00 00 48 03 c2 48 8d 04 c3 48 85 c0 0f 85 e2 00
0x00007ffdca1636bc:   00 00 49 8b cb 49 3b c9 0f 86 0e 01 00 00 48 8b
0x00007ffdca1636cc:   87 78 02 00 00 48 89 06 48 89 9f 78 02 00 00 ff
0x00007ffdca1636dc:   87 80 02 00 00 48 8b 43 08 48 8b 88 18 01 00 00
0x00007ffdca1636ec:   48 81 e1 00 00 ff ff 48 81 c1 00 00 01 00 48 01
0x00007ffdca1636fc:   8f 88 02 00 00 48 8b 43 08 48 8b 88 18 01 00 00
0x00007ffdca16370c:   48 01 8f 98 02 00 00 4d 85 ed 0f 85 00 ff ff ff
0x00007ffdca16371c:   45 84 f6 44 8a a4 24 98 00 00 00 0f 85 82 03 00
0x00007ffdca16372c:   00 48 8b 9c 24 80 00 00 00 48 8b cf 45 84 e4 0f
0x00007ffdca16373c:   85 8a 03 00 00 e8 fa f9 ff ff 90 48 8b cb 48 8b
0x00007ffdca16374c:   9c 24 88 00 00 00 48 83 c4 40 41 5f 41 5e 41 5d
0x00007ffdca16375c:   41 5c 5f 5e 5d 48 ff 25 b0 59 9a 00 48 8b 48 08 


Stack slot to memory mapping:

stack at sp + 0 slots: 0x00000237cb743970 points into unknown readable memory: 0xffffffffffffffff | ff ff ff ff ff ff ff ff
stack at sp + 1 slots: 0x0 is null
stack at sp + 2 slots: 0x0191d88e01c6908e is an unknown value
stack at sp + 3 slots: 0x00007ffe1b2533b4 ntdll.dll
stack at sp + 4 slots: 0x01e71c90022bc08f is an unknown value
stack at sp + 5 slots: 0x00d0d59002853890 is an unknown value
stack at sp + 6 slots: 0x00d3239102be1e91 is an unknown value
stack at sp + 7 slots: 0x028f939102a95091 is an unknown value

VM_Operation (0x000000bfd8dfed80): Exit, mode: safepoint, requested by thread 0x00000237d5150500


---------------  P R O C E S S  ---------------

Threads class SMR info:
_java_thread_list=0x00000237d4b42500, length=13, elements={
0x00000237e37e1b90, 0x00000237fefb8a00, 0x00000237fefb9a10, 0x00000237fefbbff0,
0x00000237fefbd0a0, 0x00000237fefc0c20, 0x00000237fefc17b0, 0x00000237fefcfb90,
0x00000237feff1ea0, 0x00000237fef830d0, 0x00000237cb599650, 0x00000237cb599cc0,
0x00000237d5150500
}

Java Threads: ( => current thread )
  0x00000237e37e1b90 JavaThread "main"                              [_thread_blocked, id=20144, stack(0x000000bfd9000000,0x000000bfd9100000) (1024K)]
  0x00000237fefb8a00 JavaThread "Reference Handler"          daemon [_thread_blocked, id=4268, stack(0x000000bfd9800000,0x000000bfd9900000) (1024K)]
  0x00000237fefb9a10 JavaThread "Finalizer"                  daemon [_thread_blocked, id=10436, stack(0x000000bfd9900000,0x000000bfd9a00000) (1024K)]
  0x00000237fefbbff0 JavaThread "Signal Dispatcher"          daemon [_thread_blocked, id=19224, stack(0x000000bfd9a00000,0x000000bfd9b00000) (1024K)]
  0x00000237fefbd0a0 JavaThread "Attach Listener"            daemon [_thread_blocked, id=20780, stack(0x000000bfd9b00000,0x000000bfd9c00000) (1024K)]
  0x00000237fefc0c20 JavaThread "Service Thread"             daemon [_thread_blocked, id=12980, stack(0x000000bfd9c00000,0x000000bfd9d00000) (1024K)]
  0x00000237fefc17b0 JavaThread "Monitor Deflation Thread"   daemon [_thread_blocked, id=13580, stack(0x000000bfd9d00000,0x000000bfd9e00000) (1024K)]
  0x00000237fefcfb90 JavaThread "C2 CompilerThread0"         daemon [_thread_blocked, id=11812, stack(0x000000bfd9e00000,0x000000bfd9f00000) (1024K)]
  0x00000237feff1ea0 JavaThread "C1 CompilerThread0"         daemon [_thread_blocked, id=17104, stack(0x000000bfd9f00000,0x000000bfda000000) (1024K)]
  0x00000237fef830d0 JavaThread "Common-Cleaner"             daemon [_thread_blocked, id=19832, stack(0x000000bfda000000,0x000000bfda100000) (1024K)]
  0x00000237cb599650 JavaThread "Monitor Ctrl-Break"         daemon [_thread_in_native, id=19692, stack(0x000000bfda200000,0x000000bfda300000) (1024K)]
  0x00000237cb599cc0 JavaThread "Notification Thread"        daemon [_thread_blocked, id=12300, stack(0x000000bfda300000,0x000000bfda400000) (1024K)]
  0x00000237d5150500 JavaThread "SIGINT handler"             daemon [_thread_blocked, id=12704, stack(0x000000bfd8d00000,0x000000bfd8e00000) (1024K)]
Total: 13

Other Threads:
=>0x00000237fef99090 VMThread "VM Thread"                           [id=9720, stack(0x000000bfd9700000,0x000000bfd9800000) (1024K)]
  0x00000237e5a30220 WorkerThread "GC Thread#0"                     [id=21216, stack(0x000000bfd9100000,0x000000bfd9200000) (1024K)]
  0x00000237fef97e70 WorkerThread "GC Thread#1"                     [id=21708, stack(0x000000bfdad00000,0x000000bfdae00000) (1024K)]
  0x00000237fef98950 WorkerThread "GC Thread#2"                     [id=17008, stack(0x000000bfdae00000,0x000000bfdaf00000) (1024K)]
  0x00000237fef985b0 WorkerThread "GC Thread#3"                     [id=5580, stack(0x000000bfdaf00000,0x000000bfdb000000) (1024K)]
  0x00000237fef98cf0 WorkerThread "GC Thread#4"                     [id=12760, stack(0x000000bfdb000000,0x000000bfdb100000) (1024K)]
  0x00000237fef97ad0 WorkerThread "GC Thread#5"                     [id=20816, stack(0x000000bfdb100000,0x000000bfdb200000) (1024K)]
  0x00000237d5301d70 WorkerThread "GC Thread#6"                     [id=11680, stack(0x000000bfdb200000,0x000000bfdb300000) (1024K)]
  0x00000237d5302850 WorkerThread "GC Thread#7"                     [id=20148, stack(0x000000bfdb300000,0x000000bfdb400000) (1024K)]
  0x00000237d5302f90 WorkerThread "GC Thread#8"                     [id=17600, stack(0x000000bfdb400000,0x000000bfdb500000) (1024K)]
  0x00000237d53024b0 WorkerThread "GC Thread#9"                     [id=12916, stack(0x000000bfdb500000,0x000000bfdb600000) (1024K)]
  0x00000237e5a41000 ConcurrentGCThread "G1 Main Marker"            terminated
  0x00000237e5a422a0 WorkerThread "G1 Conc#0"                       [id=18284, stack(0x000000bfd9300000,0x000000bfd9400000) (1024K)]
  0x00000237e5a8e4a0 ConcurrentGCThread "G1 Refine#0"               terminated
  0x00000237fee502d0 ConcurrentGCThread "G1 Service"                terminated
Total: 15

Threads with active compile tasks:
C2 CompilerThread0   110122 2775   !   4       java.util.concurrent.ConcurrentHashMap::putVal (432 bytes)
Total: 1

VM state: at safepoint (shutting down)

VM Mutex/Monitor currently owned by a thread:  ([mutex/lock_event])
[0x00007ffdb3a8a5f8] Threads_lock - owner thread: 0x00000237fef99090
[0x00007ffdb3a8a6f8] Heap_lock - owner thread: 0x00000237d5150500

Heap address: 0x0000000703a00000, size: 4038 MB, Compressed Oops mode: Zero based, Oop shift amount: 3

CDS archive(s) mapped at: [0x0000023786000000-0x0000023786c90000-0x0000023786c90000), size 13172736, SharedBaseAddress: 0x0000023786000000, ArchiveRelocationMode: 1.
Compressed class space mapped at: 0x0000023787000000-0x00000237c7000000, reserved size: 1073741824
Narrow klass base: 0x0000023786000000, Narrow klass shift: 0, Narrow klass range: 0x100000000

GC Precious Log:
 CardTable entry size: 512
 Card Set container configuration: InlinePtr #cards 4 size 8 Array Of Cards #cards 16 size 48 Howl #buckets 8 coarsen threshold 3686 Howl Bitmap #cards 512 size 80 coarsen threshold 460 Card regions per heap region 1 cards per card region 4096
 CPUs: 12 total, 12 available
 Memory: 16147M
 Large Page Support: Disabled
 NUMA Support: Disabled
 Compressed Oops: Enabled (Zero based)
 Heap Region Size: 2M
 Heap Min Capacity: 8M
 Heap Initial Capacity: 254M
 Heap Max Capacity: 4038M
 Pre-touch: Disabled
 Parallel Workers: 10
 Concurrent Workers: 3
 Concurrent Refinement Workers: 10
 Periodic GC: Disabled

Heap:
 garbage-first heap   total 260096K, used 42083K [0x0000000703a00000, 0x0000000800000000)
  region size 2048K, 20 young (40960K), 5 survivors (10240K)
 Metaspace       used 10253K, committed 10496K, reserved 1114112K
  class space    used 719K, committed 832K, reserved 1048576K

Heap Regions: E=young(eden), S=young(survivor), O=old, HS=humongous(starts), HC=humongous(continues), CS=collection set, F=free, TAMS=top-at-mark-start, PB=parsable bottom
|   0|0x0000000703a00000, 0x0000000703c00000, 0x0000000703c00000|100%| O|  |TAMS 0x0000000703a00000| PB 0x0000000703a00000| Untracked 
|   1|0x0000000703c00000, 0x0000000703defae8, 0x0000000703e00000| 96%| O|  |TAMS 0x0000000703c00000| PB 0x0000000703c00000| Untracked 
|   2|0x0000000703e00000, 0x0000000703e00000, 0x0000000704000000|  0%| F|  |TAMS 0x0000000703e00000| PB 0x0000000703e00000| Untracked 
|   3|0x0000000704000000, 0x0000000704000000, 0x0000000704200000|  0%| F|  |TAMS 0x0000000704000000| PB 0x0000000704000000| Untracked 
|   4|0x0000000704200000, 0x0000000704200000, 0x0000000704400000|  0%| F|  |TAMS 0x0000000704200000| PB 0x0000000704200000| Untracked 
|   5|0x0000000704400000, 0x0000000704400000, 0x0000000704600000|  0%| F|  |TAMS 0x0000000704400000| PB 0x0000000704400000| Untracked 
|   6|0x0000000704600000, 0x0000000704600000, 0x0000000704800000|  0%| F|  |TAMS 0x0000000704600000| PB 0x0000000704600000| Untracked 
|   7|0x0000000704800000, 0x0000000704800000, 0x0000000704a00000|  0%| F|  |TAMS 0x0000000704800000| PB 0x0000000704800000| Untracked 
|   8|0x0000000704a00000, 0x0000000704a00000, 0x0000000704c00000|  0%| F|  |TAMS 0x0000000704a00000| PB 0x0000000704a00000| Untracked 
|   9|0x0000000704c00000, 0x0000000704c00000, 0x0000000704e00000|  0%| F|  |TAMS 0x0000000704c00000| PB 0x0000000704c00000| Untracked 
|  10|0x0000000704e00000, 0x0000000704e00000, 0x0000000705000000|  0%| F|  |TAMS 0x0000000704e00000| PB 0x0000000704e00000| Untracked 
|  11|0x0000000705000000, 0x0000000705000000, 0x0000000705200000|  0%| F|  |TAMS 0x0000000705000000| PB 0x0000000705000000| Untracked 
|  12|0x0000000705200000, 0x0000000705200000, 0x0000000705400000|  0%| F|  |TAMS 0x0000000705200000| PB 0x0000000705200000| Untracked 
|  13|0x0000000705400000, 0x0000000705400000, 0x0000000705600000|  0%| F|  |TAMS 0x0000000705400000| PB 0x0000000705400000| Untracked 
|  14|0x0000000705600000, 0x0000000705600000, 0x0000000705800000|  0%| F|  |TAMS 0x0000000705600000| PB 0x0000000705600000| Untracked 
|  15|0x0000000705800000, 0x0000000705800000, 0x0000000705a00000|  0%| F|  |TAMS 0x0000000705800000| PB 0x0000000705800000| Untracked 
|  16|0x0000000705a00000, 0x0000000705a00000, 0x0000000705c00000|  0%| F|  |TAMS 0x0000000705a00000| PB 0x0000000705a00000| Untracked 
|  17|0x0000000705c00000, 0x0000000705c00000, 0x0000000705e00000|  0%| F|  |TAMS 0x0000000705c00000| PB 0x0000000705c00000| Untracked 
|  18|0x0000000705e00000, 0x0000000705e00000, 0x0000000706000000|  0%| F|  |TAMS 0x0000000705e00000| PB 0x0000000705e00000| Untracked 
|  19|0x0000000706000000, 0x0000000706000000, 0x0000000706200000|  0%| F|  |TAMS 0x0000000706000000| PB 0x0000000706000000| Untracked 
|  20|0x0000000706200000, 0x0000000706200000, 0x0000000706400000|  0%| F|  |TAMS 0x0000000706200000| PB 0x0000000706200000| Untracked 
|  21|0x0000000706400000, 0x0000000706400000, 0x0000000706600000|  0%| F|  |TAMS 0x0000000706400000| PB 0x0000000706400000| Untracked 
|  22|0x0000000706600000, 0x0000000706600000, 0x0000000706800000|  0%| F|  |TAMS 0x0000000706600000| PB 0x0000000706600000| Untracked 
|  23|0x0000000706800000, 0x0000000706800000, 0x0000000706a00000|  0%| F|  |TAMS 0x0000000706800000| PB 0x0000000706800000| Untracked 
|  24|0x0000000706a00000, 0x0000000706a00000, 0x0000000706c00000|  0%| F|  |TAMS 0x0000000706a00000| PB 0x0000000706a00000| Untracked 
|  25|0x0000000706c00000, 0x0000000706c00000, 0x0000000706e00000|  0%| F|  |TAMS 0x0000000706c00000| PB 0x0000000706c00000| Untracked 
|  26|0x0000000706e00000, 0x0000000706e00000, 0x0000000707000000|  0%| F|  |TAMS 0x0000000706e00000| PB 0x0000000706e00000| Untracked 
|  27|0x0000000707000000, 0x0000000707000000, 0x0000000707200000|  0%| F|  |TAMS 0x0000000707000000| PB 0x0000000707000000| Untracked 
|  28|0x0000000707200000, 0x0000000707200000, 0x0000000707400000|  0%| F|  |TAMS 0x0000000707200000| PB 0x0000000707200000| Untracked 
|  29|0x0000000707400000, 0x0000000707400000, 0x0000000707600000|  0%| F|  |TAMS 0x0000000707400000| PB 0x0000000707400000| Untracked 
|  30|0x0000000707600000, 0x0000000707600000, 0x0000000707800000|  0%| F|  |TAMS 0x0000000707600000| PB 0x0000000707600000| Untracked 
|  31|0x0000000707800000, 0x0000000707800000, 0x0000000707a00000|  0%| F|  |TAMS 0x0000000707800000| PB 0x0000000707800000| Untracked 
|  32|0x0000000707a00000, 0x0000000707a00000, 0x0000000707c00000|  0%| F|  |TAMS 0x0000000707a00000| PB 0x0000000707a00000| Untracked 
|  33|0x0000000707c00000, 0x0000000707c00000, 0x0000000707e00000|  0%| F|  |TAMS 0x0000000707c00000| PB 0x0000000707c00000| Untracked 
|  34|0x0000000707e00000, 0x0000000707e00000, 0x0000000708000000|  0%| F|  |TAMS 0x0000000707e00000| PB 0x0000000707e00000| Untracked 
|  35|0x0000000708000000, 0x0000000708000000, 0x0000000708200000|  0%| F|  |TAMS 0x0000000708000000| PB 0x0000000708000000| Untracked 
|  36|0x0000000708200000, 0x0000000708200000, 0x0000000708400000|  0%| F|  |TAMS 0x0000000708200000| PB 0x0000000708200000| Untracked 
|  37|0x0000000708400000, 0x0000000708400000, 0x0000000708600000|  0%| F|  |TAMS 0x0000000708400000| PB 0x0000000708400000| Untracked 
|  38|0x0000000708600000, 0x0000000708600000, 0x0000000708800000|  0%| F|  |TAMS 0x0000000708600000| PB 0x0000000708600000| Untracked 
|  39|0x0000000708800000, 0x0000000708800000, 0x0000000708a00000|  0%| F|  |TAMS 0x0000000708800000| PB 0x0000000708800000| Untracked 
|  40|0x0000000708a00000, 0x0000000708a00000, 0x0000000708c00000|  0%| F|  |TAMS 0x0000000708a00000| PB 0x0000000708a00000| Untracked 
|  41|0x0000000708c00000, 0x0000000708c00000, 0x0000000708e00000|  0%| F|  |TAMS 0x0000000708c00000| PB 0x0000000708c00000| Untracked 
|  42|0x0000000708e00000, 0x0000000708e00000, 0x0000000709000000|  0%| F|  |TAMS 0x0000000708e00000| PB 0x0000000708e00000| Untracked 
|  43|0x0000000709000000, 0x0000000709000000, 0x0000000709200000|  0%| F|  |TAMS 0x0000000709000000| PB 0x0000000709000000| Untracked 
|  44|0x0000000709200000, 0x0000000709200000, 0x0000000709400000|  0%| F|  |TAMS 0x0000000709200000| PB 0x0000000709200000| Untracked 
|  45|0x0000000709400000, 0x0000000709400000, 0x0000000709600000|  0%| F|  |TAMS 0x0000000709400000| PB 0x0000000709400000| Untracked 
|  46|0x0000000709600000, 0x0000000709600000, 0x0000000709800000|  0%| F|  |TAMS 0x0000000709600000| PB 0x0000000709600000| Untracked 
|  47|0x0000000709800000, 0x0000000709800000, 0x0000000709a00000|  0%| F|  |TAMS 0x0000000709800000| PB 0x0000000709800000| Untracked 
|  48|0x0000000709a00000, 0x0000000709a00000, 0x0000000709c00000|  0%| F|  |TAMS 0x0000000709a00000| PB 0x0000000709a00000| Untracked 
|  49|0x0000000709c00000, 0x0000000709c00000, 0x0000000709e00000|  0%| F|  |TAMS 0x0000000709c00000| PB 0x0000000709c00000| Untracked 
|  50|0x0000000709e00000, 0x0000000709e00000, 0x000000070a000000|  0%| F|  |TAMS 0x0000000709e00000| PB 0x0000000709e00000| Untracked 
|  51|0x000000070a000000, 0x000000070a1293c0, 0x000000070a200000| 58%| S|CS|TAMS 0x000000070a000000| PB 0x000000070a000000| Complete 
|  52|0x000000070a200000, 0x000000070a400000, 0x000000070a400000|100%| S|CS|TAMS 0x000000070a200000| PB 0x000000070a200000| Complete 
|  53|0x000000070a400000, 0x000000070a600000, 0x000000070a600000|100%| S|CS|TAMS 0x000000070a400000| PB 0x000000070a400000| Complete 
|  54|0x000000070a600000, 0x000000070a800000, 0x000000070a800000|100%| S|CS|TAMS 0x000000070a600000| PB 0x000000070a600000| Complete 
|  55|0x000000070a800000, 0x000000070aa00000, 0x000000070aa00000|100%| S|CS|TAMS 0x000000070a800000| PB 0x000000070a800000| Complete 
|  56|0x000000070aa00000, 0x000000070aa00000, 0x000000070ac00000|  0%| F|  |TAMS 0x000000070aa00000| PB 0x000000070aa00000| Untracked 
|  57|0x000000070ac00000, 0x000000070ac00000, 0x000000070ae00000|  0%| F|  |TAMS 0x000000070ac00000| PB 0x000000070ac00000| Untracked 
|  58|0x000000070ae00000, 0x000000070ae00000, 0x000000070b000000|  0%| F|  |TAMS 0x000000070ae00000| PB 0x000000070ae00000| Untracked 
|  59|0x000000070b000000, 0x000000070b000000, 0x000000070b200000|  0%| F|  |TAMS 0x000000070b000000| PB 0x000000070b000000| Untracked 
|  60|0x000000070b200000, 0x000000070b200000, 0x000000070b400000|  0%| F|  |TAMS 0x000000070b200000| PB 0x000000070b200000| Untracked 
|  61|0x000000070b400000, 0x000000070b400000, 0x000000070b600000|  0%| F|  |TAMS 0x000000070b400000| PB 0x000000070b400000| Untracked 
|  62|0x000000070b600000, 0x000000070b600000, 0x000000070b800000|  0%| F|  |TAMS 0x000000070b600000| PB 0x000000070b600000| Untracked 
|  63|0x000000070b800000, 0x000000070b800000, 0x000000070ba00000|  0%| F|  |TAMS 0x000000070b800000| PB 0x000000070b800000| Untracked 
|  64|0x000000070ba00000, 0x000000070ba00000, 0x000000070bc00000|  0%| F|  |TAMS 0x000000070ba00000| PB 0x000000070ba00000| Untracked 
|  65|0x000000070bc00000, 0x000000070bc00000, 0x000000070be00000|  0%| F|  |TAMS 0x000000070bc00000| PB 0x000000070bc00000| Untracked 
|  66|0x000000070be00000, 0x000000070be00000, 0x000000070c000000|  0%| F|  |TAMS 0x000000070be00000| PB 0x000000070be00000| Untracked 
|  67|0x000000070c000000, 0x000000070c000000, 0x000000070c200000|  0%| F|  |TAMS 0x000000070c000000| PB 0x000000070c000000| Untracked 
|  68|0x000000070c200000, 0x000000070c200000, 0x000000070c400000|  0%| F|  |TAMS 0x000000070c200000| PB 0x000000070c200000| Untracked 
|  69|0x000000070c400000, 0x000000070c400000, 0x000000070c600000|  0%| F|  |TAMS 0x000000070c400000| PB 0x000000070c400000| Untracked 
|  70|0x000000070c600000, 0x000000070c600000, 0x000000070c800000|  0%| F|  |TAMS 0x000000070c600000| PB 0x000000070c600000| Untracked 
|  71|0x000000070c800000, 0x000000070c800000, 0x000000070ca00000|  0%| F|  |TAMS 0x000000070c800000| PB 0x000000070c800000| Untracked 
|  72|0x000000070ca00000, 0x000000070ca00000, 0x000000070cc00000|  0%| F|  |TAMS 0x000000070ca00000| PB 0x000000070ca00000| Untracked 
|  73|0x000000070cc00000, 0x000000070cc00000, 0x000000070ce00000|  0%| F|  |TAMS 0x000000070cc00000| PB 0x000000070cc00000| Untracked 
|  74|0x000000070ce00000, 0x000000070ce00000, 0x000000070d000000|  0%| F|  |TAMS 0x000000070ce00000| PB 0x000000070ce00000| Untracked 
|  75|0x000000070d000000, 0x000000070d000000, 0x000000070d200000|  0%| F|  |TAMS 0x000000070d000000| PB 0x000000070d000000| Untracked 
|  76|0x000000070d200000, 0x000000070d200000, 0x000000070d400000|  0%| F|  |TAMS 0x000000070d200000| PB 0x000000070d200000| Untracked 
|  77|0x000000070d400000, 0x000000070d400000, 0x000000070d600000|  0%| F|  |TAMS 0x000000070d400000| PB 0x000000070d400000| Untracked 
|  78|0x000000070d600000, 0x000000070d600000, 0x000000070d800000|  0%| F|  |TAMS 0x000000070d600000| PB 0x000000070d600000| Untracked 
|  79|0x000000070d800000, 0x000000070d800000, 0x000000070da00000|  0%| F|  |TAMS 0x000000070d800000| PB 0x000000070d800000| Untracked 
|  80|0x000000070da00000, 0x000000070da00000, 0x000000070dc00000|  0%| F|  |TAMS 0x000000070da00000| PB 0x000000070da00000| Untracked 
|  81|0x000000070dc00000, 0x000000070dc00000, 0x000000070de00000|  0%| F|  |TAMS 0x000000070dc00000| PB 0x000000070dc00000| Untracked 
|  82|0x000000070de00000, 0x000000070de00000, 0x000000070e000000|  0%| F|  |TAMS 0x000000070de00000| PB 0x000000070de00000| Untracked 
|  83|0x000000070e000000, 0x000000070e000000, 0x000000070e200000|  0%| F|  |TAMS 0x000000070e000000| PB 0x000000070e000000| Untracked 
|  84|0x000000070e200000, 0x000000070e200000, 0x000000070e400000|  0%| F|  |TAMS 0x000000070e200000| PB 0x000000070e200000| Untracked 
|  85|0x000000070e400000, 0x000000070e400000, 0x000000070e600000|  0%| F|  |TAMS 0x000000070e400000| PB 0x000000070e400000| Untracked 
|  86|0x000000070e600000, 0x000000070e600000, 0x000000070e800000|  0%| F|  |TAMS 0x000000070e600000| PB 0x000000070e600000| Untracked 
|  87|0x000000070e800000, 0x000000070e800000, 0x000000070ea00000|  0%| F|  |TAMS 0x000000070e800000| PB 0x000000070e800000| Untracked 
|  88|0x000000070ea00000, 0x000000070ea00000, 0x000000070ec00000|  0%| F|  |TAMS 0x000000070ea00000| PB 0x000000070ea00000| Untracked 
|  89|0x000000070ec00000, 0x000000070ec00000, 0x000000070ee00000|  0%| F|  |TAMS 0x000000070ec00000| PB 0x000000070ec00000| Untracked 
|  90|0x000000070ee00000, 0x000000070ee00000, 0x000000070f000000|  0%| F|  |TAMS 0x000000070ee00000| PB 0x000000070ee00000| Untracked 
|  91|0x000000070f000000, 0x000000070f000000, 0x000000070f200000|  0%| F|  |TAMS 0x000000070f000000| PB 0x000000070f000000| Untracked 
|  92|0x000000070f200000, 0x000000070f200000, 0x000000070f400000|  0%| F|  |TAMS 0x000000070f200000| PB 0x000000070f200000| Untracked 
|  93|0x000000070f400000, 0x000000070f400000, 0x000000070f600000|  0%| F|  |TAMS 0x000000070f400000| PB 0x000000070f400000| Untracked 
|  94|0x000000070f600000, 0x000000070f600000, 0x000000070f800000|  0%| F|  |TAMS 0x000000070f600000| PB 0x000000070f600000| Untracked 
|  95|0x000000070f800000, 0x000000070f800000, 0x000000070fa00000|  0%| F|  |TAMS 0x000000070f800000| PB 0x000000070f800000| Untracked 
|  96|0x000000070fa00000, 0x000000070fa00000, 0x000000070fc00000|  0%| F|  |TAMS 0x000000070fa00000| PB 0x000000070fa00000| Untracked 
|  97|0x000000070fc00000, 0x000000070fc00000, 0x000000070fe00000|  0%| F|  |TAMS 0x000000070fc00000| PB 0x000000070fc00000| Untracked 
|  98|0x000000070fe00000, 0x000000070fe00000, 0x0000000710000000|  0%| F|  |TAMS 0x000000070fe00000| PB 0x000000070fe00000| Untracked 
|  99|0x0000000710000000, 0x0000000710000000, 0x0000000710200000|  0%| F|  |TAMS 0x0000000710000000| PB 0x0000000710000000| Untracked 
| 100|0x0000000710200000, 0x0000000710200000, 0x0000000710400000|  0%| F|  |TAMS 0x0000000710200000| PB 0x0000000710200000| Untracked 
| 101|0x0000000710400000, 0x0000000710400000, 0x0000000710600000|  0%| F|  |TAMS 0x0000000710400000| PB 0x0000000710400000| Untracked 
| 102|0x0000000710600000, 0x0000000710600000, 0x0000000710800000|  0%| F|  |TAMS 0x0000000710600000| PB 0x0000000710600000| Untracked 
| 103|0x0000000710800000, 0x0000000710800000, 0x0000000710a00000|  0%| F|  |TAMS 0x0000000710800000| PB 0x0000000710800000| Untracked 
| 104|0x0000000710a00000, 0x0000000710a00000, 0x0000000710c00000|  0%| F|  |TAMS 0x0000000710a00000| PB 0x0000000710a00000| Untracked 
| 105|0x0000000710c00000, 0x0000000710c00000, 0x0000000710e00000|  0%| F|  |TAMS 0x0000000710c00000| PB 0x0000000710c00000| Untracked 
| 106|0x0000000710e00000, 0x0000000710e00000, 0x0000000711000000|  0%| F|  |TAMS 0x0000000710e00000| PB 0x0000000710e00000| Untracked 
| 107|0x0000000711000000, 0x0000000711000000, 0x0000000711200000|  0%| F|  |TAMS 0x0000000711000000| PB 0x0000000711000000| Untracked 
| 108|0x0000000711200000, 0x0000000711200000, 0x0000000711400000|  0%| F|  |TAMS 0x0000000711200000| PB 0x0000000711200000| Untracked 
| 109|0x0000000711400000, 0x0000000711400000, 0x0000000711600000|  0%| F|  |TAMS 0x0000000711400000| PB 0x0000000711400000| Untracked 
| 110|0x0000000711600000, 0x0000000711600000, 0x0000000711800000|  0%| F|  |TAMS 0x0000000711600000| PB 0x0000000711600000| Untracked 
| 111|0x0000000711800000, 0x0000000711800000, 0x0000000711a00000|  0%| F|  |TAMS 0x0000000711800000| PB 0x0000000711800000| Untracked 
| 112|0x0000000711a00000, 0x0000000711af2df8, 0x0000000711c00000| 47%| E|  |TAMS 0x0000000711a00000| PB 0x0000000711a00000| Complete 
| 113|0x0000000711c00000, 0x0000000711e00000, 0x0000000711e00000|100%| E|CS|TAMS 0x0000000711c00000| PB 0x0000000711c00000| Complete 
| 114|0x0000000711e00000, 0x0000000712000000, 0x0000000712000000|100%| E|CS|TAMS 0x0000000711e00000| PB 0x0000000711e00000| Complete 
| 115|0x0000000712000000, 0x0000000712200000, 0x0000000712200000|100%| E|CS|TAMS 0x0000000712000000| PB 0x0000000712000000| Complete 
| 116|0x0000000712200000, 0x0000000712400000, 0x0000000712400000|100%| E|CS|TAMS 0x0000000712200000| PB 0x0000000712200000| Complete 
| 117|0x0000000712400000, 0x0000000712600000, 0x0000000712600000|100%| E|CS|TAMS 0x0000000712400000| PB 0x0000000712400000| Complete 
| 118|0x0000000712600000, 0x0000000712800000, 0x0000000712800000|100%| E|CS|TAMS 0x0000000712600000| PB 0x0000000712600000| Complete 
| 119|0x0000000712800000, 0x0000000712a00000, 0x0000000712a00000|100%| E|CS|TAMS 0x0000000712800000| PB 0x0000000712800000| Complete 
| 120|0x0000000712a00000, 0x0000000712c00000, 0x0000000712c00000|100%| E|CS|TAMS 0x0000000712a00000| PB 0x0000000712a00000| Complete 
| 121|0x0000000712c00000, 0x0000000712e00000, 0x0000000712e00000|100%| E|CS|TAMS 0x0000000712c00000| PB 0x0000000712c00000| Complete 
| 122|0x0000000712e00000, 0x0000000713000000, 0x0000000713000000|100%| E|CS|TAMS 0x0000000712e00000| PB 0x0000000712e00000| Complete 
| 123|0x0000000713000000, 0x0000000713200000, 0x0000000713200000|100%| E|CS|TAMS 0x0000000713000000| PB 0x0000000713000000| Complete 
| 124|0x0000000713200000, 0x0000000713400000, 0x0000000713400000|100%| E|CS|TAMS 0x0000000713200000| PB 0x0000000713200000| Complete 
| 125|0x0000000713400000, 0x0000000713600000, 0x0000000713600000|100%| E|CS|TAMS 0x0000000713400000| PB 0x0000000713400000| Complete 
| 126|0x0000000713600000, 0x0000000713800000, 0x0000000713800000|100%| E|CS|TAMS 0x0000000713600000| PB 0x0000000713600000| Complete 

Card table byte_map: [0x00000237fdb70000,0x00000237fe360000] _byte_map_base: 0x00000237fa353000

Marking Bits: (CMBitMap*) 0x00000237e5a30920
 Bits: [0x0000023780000000, 0x0000023783f18000)

Polling page: 0x00000237e3760000

Metaspace:

Usage:
  Non-class:      9.31 MB used.
      Class:    719.10 KB used.
       Both:     10.01 MB used.

Virtual space:
  Non-class space:       64.00 MB reserved,       9.44 MB ( 15%) committed,  1 nodes.
      Class space:        1.00 GB reserved,     832.00 KB ( <1%) committed,  1 nodes.
             Both:        1.06 GB reserved,      10.25 MB ( <1%) committed. 

Chunk freelists:
   Non-Class:  5.58 MB
       Class:  15.20 MB
        Both:  20.77 MB

MaxMetaspaceSize: unlimited
CompressedClassSpaceSize: 1.00 GB
Initial GC threshold: 21.00 MB
Current GC threshold: 21.00 MB
CDS: on
 - commit_granule_bytes: 65536.
 - commit_granule_words: 8192.
 - virtual_space_node_default_size: 8388608.
 - enlarge_chunks_in_place: 1.
 - use_allocation_guard: 0.


Internal statistics:

num_allocs_failed_limit: 0.
num_arena_births: 290.
num_arena_deaths: 0.
num_vsnodes_births: 2.
num_vsnodes_deaths: 0.
num_space_committed: 162.
num_space_uncommitted: 0.
num_chunks_returned_to_freelist: 0.
num_chunks_taken_from_freelist: 650.
num_chunk_merges: 0.
num_chunk_splits: 420.
num_chunks_enlarged: 253.
num_inconsistent_stats: 0.

CodeHeap 'non-profiled nmethods': size=120000Kb used=1790Kb max_used=1790Kb free=118209Kb
 bounds [0x00000237f58f0000, 0x00000237f5b60000, 0x00000237fce20000]
CodeHeap 'profiled nmethods': size=120000Kb used=4929Kb max_used=4929Kb free=115071Kb
 bounds [0x00000237ede20000, 0x00000237ee300000, 0x00000237f5350000]
CodeHeap 'non-nmethods': size=5760Kb used=2726Kb max_used=2773Kb free=3033Kb
 bounds [0x00000237f5350000, 0x00000237f5610000, 0x00000237f58f0000]
 total_blobs=4050 nmethods=2774 adapters=1181
 compilation: enabled
              stopped_count=0, restarted_count=0
 full_count=0

Compilation events (20 events):
Event: 58.288 Thread 0x00000237fefcfb90 nmethod 2765 0x00000237f5aa9d90 code [0x00000237f5aa9f20, 0x00000237f5aa9fb0]
Event: 60.761 Thread 0x00000237fefcfb90 2766       4       renderer.Shader::detach (10 bytes)
Event: 60.761 Thread 0x00000237fefcfb90 nmethod 2766 0x00000237f5aaa090 code [0x00000237f5aaa220, 0x00000237f5aaa2d8]
Event: 60.912 Thread 0x00000237fefcfb90 2767       4       components.EditorCamera::editorUpdate (344 bytes)
Event: 60.914 Thread 0x00000237fefcfb90 nmethod 2767 0x00000237f5aaa390 code [0x00000237f5aaa560, 0x00000237f5aaa820]
Event: 60.940 Thread 0x00000237fefcfb90 2768       4       renderer.Texture::bind (11 bytes)
Event: 60.940 Thread 0x00000237fefcfb90 nmethod 2768 0x00000237f5aaaa90 code [0x00000237f5aaac20, 0x00000237f5aaacd8]
Event: 61.849 Thread 0x00000237fefcfb90 2769       4       components.ScaleGizmo::editorUpdate (79 bytes)
Event: 61.853 Thread 0x00000237fefcfb90 nmethod 2769 0x00000237f5aaad90 code [0x00000237f5aaaf80, 0x00000237f5aab570]
Event: 62.176 Thread 0x00000237fefcfb90 2770       4       renderer.Shader::uploadIntArray (19 bytes)
Event: 62.240 Thread 0x00000237fefcfb90 nmethod 2770 0x00000237f5aab990 code [0x00000237f5aabbe0, 0x00000237f5aac320]
Event: 62.240 Thread 0x00000237fefcfb90 2771       4       org.lwjgl.opengl.GL11::glDrawElements (8 bytes)
Event: 62.240 Thread 0x00000237fefcfb90 nmethod 2771 0x00000237f5aacc10 code [0x00000237f5aacda0, 0x00000237f5aace30]
Event: 62.240 Thread 0x00000237fefcfb90 2772       4       renderer.Texture::unbind (8 bytes)
Event: 62.240 Thread 0x00000237fefcfb90 nmethod 2772 0x00000237f5aacf10 code [0x00000237f5aad0a0, 0x00000237f5aad158]
Event: 101.333 Thread 0x00000237fefcfb90 2773 % !   4       java.lang.ref.Reference::processPendingReferences @ 27 (118 bytes)
Event: 101.340 Thread 0x00000237fefcfb90 nmethod 2773% 0x00000237f5aad210 code [0x00000237f5aad440, 0x00000237f5aae118]
Event: 101.341 Thread 0x00000237fefcfb90 2774   !   4       java.lang.ref.Reference::processPendingReferences (118 bytes)
Event: 101.349 Thread 0x00000237fefcfb90 nmethod 2774 0x00000237f5aae490 code [0x00000237f5aae700, 0x00000237f5aaf5c0]
Event: 109.554 Thread 0x00000237fefcfb90 2775   !   4       java.util.concurrent.ConcurrentHashMap::putVal (432 bytes)

GC Heap History (8 events):
Event: 1.386 GC heap before
{Heap before GC invocations=0 (full 0):
 garbage-first heap   total 260096K, used 20480K [0x0000000703a00000, 0x0000000800000000)
  region size 2048K, 11 young (22528K), 0 survivors (0K)
 Metaspace       used 7666K, committed 7872K, reserved 1114112K
  class space    used 595K, committed 704K, reserved 1048576K
}
Event: 1.396 GC heap after
{Heap after GC invocations=1 (full 0):
 garbage-first heap   total 260096K, used 4978K [0x0000000703a00000, 0x0000000800000000)
  region size 2048K, 2 young (4096K), 2 survivors (4096K)
 Metaspace       used 7666K, committed 7872K, reserved 1114112K
  class space    used 595K, committed 704K, reserved 1048576K
}
Event: 7.169 GC heap before
{Heap before GC invocations=1 (full 0):
 garbage-first heap   total 260096K, used 29554K [0x0000000703a00000, 0x0000000800000000)
  region size 2048K, 15 young (30720K), 2 survivors (4096K)
 Metaspace       used 10060K, committed 10368K, reserved 1114112K
  class space    used 704K, committed 832K, reserved 1048576K
}
Event: 7.174 GC heap after
{Heap after GC invocations=2 (full 0):
 garbage-first heap   total 260096K, used 6903K [0x0000000703a00000, 0x0000000800000000)
  region size 2048K, 2 young (4096K), 2 survivors (4096K)
 Metaspace       used 10060K, committed 10368K, reserved 1114112K
  class space    used 704K, committed 832K, reserved 1048576K
}
Event: 55.936 GC heap before
{Heap before GC invocations=2 (full 0):
 garbage-first heap   total 260096K, used 158455K [0x0000000703a00000, 0x0000000800000000)
  region size 2048K, 76 young (155648K), 2 survivors (4096K)
 Metaspace       used 10168K, committed 10432K, reserved 1114112K
  class space    used 706K, committed 832K, reserved 1048576K
}
Event: 55.980 GC heap after
{Heap after GC invocations=3 (full 0):
 garbage-first heap   total 260096K, used 12968K [0x0000000703a00000, 0x0000000800000000)
  region size 2048K, 5 young (10240K), 5 survivors (10240K)
 Metaspace       used 10168K, committed 10432K, reserved 1114112K
  class space    used 706K, committed 832K, reserved 1048576K
}
Event: 101.308 GC heap before
{Heap before GC invocations=3 (full 0):
 garbage-first heap   total 260096K, used 158376K [0x0000000703a00000, 0x0000000800000000)
  region size 2048K, 76 young (155648K), 5 survivors (10240K)
 Metaspace       used 10170K, committed 10432K, reserved 1114112K
  class space    used 706K, committed 832K, reserved 1048576K
}
Event: 101.331 GC heap after
{Heap after GC invocations=4 (full 0):
 garbage-first heap   total 260096K, used 13411K [0x0000000703a00000, 0x0000000800000000)
  region size 2048K, 5 young (10240K), 5 survivors (10240K)
 Metaspace       used 10170K, committed 10432K, reserved 1114112K
  class space    used 706K, committed 832K, reserved 1048576K
}

Dll operation events (15 events):
Event: 0.010 Loaded shared library D:\jdk-21.0.1\bin\java.dll
Event: 0.043 Loaded shared library D:\jdk-21.0.1\bin\jsvml.dll
Event: 0.103 Loaded shared library D:\jdk-21.0.1\bin\zip.dll
Event: 0.105 Loaded shared library D:\jdk-21.0.1\bin\instrument.dll
Event: 0.109 Loaded shared library D:\jdk-21.0.1\bin\net.dll
Event: 0.111 Loaded shared library D:\jdk-21.0.1\bin\nio.dll
Event: 0.113 Loaded shared library D:\jdk-21.0.1\bin\zip.dll
Event: 0.147 Loaded shared library D:\IntelliJ IDEA Community Edition 2023.3.3\bin\breakgen64.dll
Event: 0.163 Loaded shared library D:\jdk-21.0.1\bin\extnet.dll
Event: 0.208 Loaded shared library D:\jdk-21.0.1\bin\jimage.dll
Event: 0.231 Loaded shared library C:\Users\Vu\AppData\Local\Temp\lwjglVu\3.3.1-build-7\lwjgl.dll
Event: 0.620 Loaded shared library C:\Users\Vu\AppData\Local\Temp\lwjglVu\3.3.1-build-7\lwjgl_opengl.dll
Event: 1.084 Loaded shared library C:\Users\Vu\AppData\Local\Temp\imgui-java-natives_1708517561480\imgui-java64.dll
Event: 1.289 Loaded shared library D:\jdk-21.0.1\bin\verify.dll
Event: 1.486 Loaded shared library C:\Users\Vu\AppData\Local\Temp\lwjglVu\3.3.1-build-7\lwjgl_stb.dll

Deoptimization events (20 events):
Event: 55.980 Thread 0x00000237e37e1b90 DEOPT PACKING pc=0x00000237f5a51a74 sp=0x000000bfd90ff3a0
Event: 55.980 Thread 0x00000237e37e1b90 DEOPT UNPACKING pc=0x00000237f53a7da2 sp=0x000000bfd90fefd8 mode 2
Event: 55.982 Thread 0x00000237e37e1b90 Uncommon trap: trap_request=0xffffff45 fr.pc=0x00000237f59aec00 relative=0x0000000000003320
Event: 55.982 Thread 0x00000237e37e1b90 Uncommon trap: reason=unstable_if action=reinterpret pc=0x00000237f59aec00 method=java.nio.Bits.tryReserveMemory(JJ)Z @ 30 c2
Event: 55.982 Thread 0x00000237e37e1b90 DEOPT PACKING pc=0x00000237f59aec00 sp=0x000000bfd90ff340
Event: 55.982 Thread 0x00000237e37e1b90 DEOPT UNPACKING pc=0x00000237f53a7da2 sp=0x000000bfd90fef98 mode 2
Event: 56.076 Thread 0x00000237e37e1b90 DEOPT PACKING pc=0x00000237ee2e8b03 sp=0x000000bfd90ff380
Event: 56.076 Thread 0x00000237e37e1b90 DEOPT UNPACKING pc=0x00000237f53a88e2 sp=0x000000bfd90fe858 mode 0
Event: 56.116 Thread 0x00000237e37e1b90 DEOPT PACKING pc=0x00000237ee2e8b03 sp=0x000000bfd90ff380
Event: 56.116 Thread 0x00000237e37e1b90 DEOPT UNPACKING pc=0x00000237f53a88e2 sp=0x000000bfd90fe858 mode 0
Event: 56.165 Thread 0x00000237e37e1b90 DEOPT PACKING pc=0x00000237ee2e8b03 sp=0x000000bfd90ff380
Event: 56.165 Thread 0x00000237e37e1b90 DEOPT UNPACKING pc=0x00000237f53a88e2 sp=0x000000bfd90fe858 mode 0
Event: 56.247 Thread 0x00000237e37e1b90 DEOPT PACKING pc=0x00000237ee2e8b03 sp=0x000000bfd90ff380
Event: 56.247 Thread 0x00000237e37e1b90 DEOPT UNPACKING pc=0x00000237f53a88e2 sp=0x000000bfd90fe858 mode 0
Event: 56.324 Thread 0x00000237e37e1b90 DEOPT PACKING pc=0x00000237ee2e8b03 sp=0x000000bfd90ff380
Event: 56.324 Thread 0x00000237e37e1b90 DEOPT UNPACKING pc=0x00000237f53a88e2 sp=0x000000bfd90fe858 mode 0
Event: 56.399 Thread 0x00000237e37e1b90 DEOPT PACKING pc=0x00000237ee2e8b03 sp=0x000000bfd90ff380
Event: 56.399 Thread 0x00000237e37e1b90 DEOPT UNPACKING pc=0x00000237f53a88e2 sp=0x000000bfd90fe858 mode 0
Event: 101.341 Thread 0x00000237fefb8a00 DEOPT PACKING pc=0x00000237ee2eb219 sp=0x000000bfd98ff450
Event: 101.341 Thread 0x00000237fefb8a00 DEOPT UNPACKING pc=0x00000237f53a88e2 sp=0x000000bfd98fe8f0 mode 0

Classes loaded (20 events):
Event: 109.555 Loading class jdk/internal/logger/AbstractLoggerWrapper
Event: 109.555 Loading class jdk/internal/logger/AbstractLoggerWrapper done
Event: 109.555 Loading class jdk/internal/logger/LazyLoggers$LazyLoggerWrapper done
Event: 109.555 Loading class jdk/internal/logger/LazyLoggers$JdkLazyLogger done
Event: 109.556 Loading class jdk/internal/logger/LazyLoggers$LazyLoggerAccessor
Event: 109.556 Loading class jdk/internal/logger/LazyLoggers$LoggerAccessor
Event: 109.556 Loading class jdk/internal/logger/LazyLoggers$LoggerAccessor done
Event: 109.556 Loading class jdk/internal/logger/LazyLoggers$LazyLoggerAccessor done
Event: 109.556 Loading class java/lang/System$Logger$Level
Event: 109.556 Loading class java/lang/System$Logger$Level done
Event: 109.556 Loading class jdk/internal/logger/SurrogateLogger
Event: 109.556 Loading class jdk/internal/logger/SimpleConsoleLogger
Event: 109.557 Loading class sun/util/logging/PlatformLogger$ConfigurableBridge$LoggerConfiguration
Event: 109.557 Loading class sun/util/logging/PlatformLogger$ConfigurableBridge$LoggerConfiguration done
Event: 109.557 Loading class jdk/internal/logger/SimpleConsoleLogger done
Event: 109.557 Loading class jdk/internal/logger/SurrogateLogger done
Event: 109.560 Loading class sun/util/logging/PlatformLogger
Event: 109.560 Loading class sun/util/logging/PlatformLogger done
Event: 109.560 Loading class sun/util/logging/PlatformLogger$Level
Event: 109.560 Loading class sun/util/logging/PlatformLogger$Level done

Classes unloaded (0 events):
No events

Classes redefined (0 events):
No events

Internal exceptions (20 events):
Event: 0.614 Thread 0x00000237e37e1b90 Exception <a 'java/lang/NoSuchMethodError'{0x0000000712ec1378}: 'void java.lang.System.load(java.lang.String, java.lang.Class)'> (0x0000000712ec1378) 
thrown [s\open\src\hotspot\share\interpreter\linkResolver.cpp, line 773]
Event: 0.615 Thread 0x00000237e37e1b90 Exception <a 'java/lang/NoSuchMethodError'{0x0000000712ec3d18}: 'void java.lang.System.loadLibrary(java.lang.String, java.lang.Class)'> (0x0000000712ec3d18) 
thrown [s\open\src\hotspot\share\interpreter\linkResolver.cpp, line 773]
Event: 0.618 Thread 0x00000237e37e1b90 Exception <a 'sun/nio/fs/WindowsException'{0x0000000712ed3ac8}> (0x0000000712ed3ac8) 
thrown [s\open\src\hotspot\share\prims\jni.cpp, line 520]
Event: 0.618 Thread 0x00000237e37e1b90 Exception <a 'sun/nio/fs/WindowsException'{0x0000000712ed3e48}> (0x0000000712ed3e48) 
thrown [s\open\src\hotspot\share\prims\jni.cpp, line 520]
Event: 0.624 Thread 0x00000237e37e1b90 Exception <a 'sun/nio/fs/WindowsException'{0x0000000712edad28}> (0x0000000712edad28) 
thrown [s\open\src\hotspot\share\prims\jni.cpp, line 520]
Event: 0.624 Thread 0x00000237e37e1b90 Exception <a 'sun/nio/fs/WindowsException'{0x0000000712edafe8}> (0x0000000712edafe8) 
thrown [s\open\src\hotspot\share\prims\jni.cpp, line 520]
Event: 0.970 Thread 0x00000237e37e1b90 Exception <a 'sun/nio/fs/WindowsException'{0x0000000712a51910}> (0x0000000712a51910) 
thrown [s\open\src\hotspot\share\prims\jni.cpp, line 520]
Event: 1.104 Thread 0x00000237e37e1b90 Exception <a 'java/lang/NoSuchMethodError'{0x0000000712b19760}: 'void java.lang.invoke.DirectMethodHandle$Holder.invokeVirtual(java.lang.Object, java.lang.Object, long, int)'> (0x0000000712b19760) 
thrown [s\open\src\hotspot\share\interpreter\linkResolver.cpp, line 773]
Event: 1.120 Thread 0x00000237fefbd0a0 Exception <a 'java/lang/NoSuchMethodError'{0x0000000712bc4690}: 'java.lang.Object java.lang.invoke.Invokers$Holder.invokeExact_MT(java.lang.Object, java.lang.Object, java.lang.Object, java.lang.Object, java.lang.Object, java.lang.Object)'> (0x0000000712bc4690) 
thrown [s\open\src\hotspot\share\interpreter\linkResolver.cpp, line 773]
Event: 1.299 Thread 0x00000237e37e1b90 Exception <a 'java/lang/NoSuchMethodError'{0x000000071258afa0}: 'float java.lang.invoke.DelegatingMethodHandle$Holder.reinvoke_L(java.lang.Object, java.lang.Object)'> (0x000000071258afa0) 
thrown [s\open\src\hotspot\share\interpreter\linkResolver.cpp, line 773]
Event: 1.301 Thread 0x00000237e37e1b90 Exception <a 'java/lang/NoSuchMethodError'{0x0000000712594f28}: 'void java.lang.invoke.DelegatingMethodHandle$Holder.reinvoke_L(java.lang.Object, java.lang.Object, float)'> (0x0000000712594f28) 
thrown [s\open\src\hotspot\share\interpreter\linkResolver.cpp, line 773]
Event: 1.304 Thread 0x00000237e37e1b90 Exception <a 'java/lang/NoSuchMethodError'{0x00000007125aff30}: 'void java.lang.invoke.Invokers$Holder.invokeExact_MT(java.lang.Object, java.lang.Object, java.lang.Object, java.lang.Object)'> (0x00000007125aff30) 
thrown [s\open\src\hotspot\share\interpreter\linkResolver.cpp, line 773]
Event: 1.305 Thread 0x00000237e37e1b90 Exception <a 'java/lang/NoSuchMethodError'{0x00000007125b8980}: 'void java.lang.invoke.DelegatingMethodHandle$Holder.reinvoke_L(java.lang.Object, java.lang.Object, int)'> (0x00000007125b8980) 
thrown [s\open\src\hotspot\share\interpreter\linkResolver.cpp, line 773]
Event: 1.305 Thread 0x00000237e37e1b90 Exception <a 'java/lang/NoSuchMethodError'{0x00000007125bf1c0}: 'void java.lang.invoke.Invokers$Holder.invokeExact_MT(java.lang.Object, java.lang.Object, int, java.lang.Object)'> (0x00000007125bf1c0) 
thrown [s\open\src\hotspot\share\interpreter\linkResolver.cpp, line 773]
Event: 1.479 Thread 0x00000237e37e1b90 Exception <a 'java/lang/NoSuchMethodError'{0x00000007137df138}: 'void java.lang.System.load(java.lang.String, java.lang.Class)'> (0x00000007137df138) 
thrown [s\open\src\hotspot\share\interpreter\linkResolver.cpp, line 773]
Event: 1.480 Thread 0x00000237e37e1b90 Exception <a 'java/lang/NoSuchMethodError'{0x00000007137e1b30}: 'void java.lang.System.loadLibrary(java.lang.String, java.lang.Class)'> (0x00000007137e1b30) 
thrown [s\open\src\hotspot\share\interpreter\linkResolver.cpp, line 773]
Event: 1.485 Thread 0x00000237e37e1b90 Exception <a 'sun/nio/fs/WindowsException'{0x00000007137f0748}> (0x00000007137f0748) 
thrown [s\open\src\hotspot\share\prims\jni.cpp, line 520]
Event: 1.485 Thread 0x00000237e37e1b90 Exception <a 'sun/nio/fs/WindowsException'{0x00000007137f0aa8}> (0x00000007137f0aa8) 
thrown [s\open\src\hotspot\share\prims\jni.cpp, line 520]
Event: 3.494 Thread 0x00000237e37e1b90 Exception <a 'java/lang/NoSuchMethodError'{0x0000000712df1f20}: 'int java.lang.invoke.Invokers$Holder.invokeExact_MT(java.lang.Object, java.lang.Object, java.lang.Object)'> (0x0000000712df1f20) 
thrown [s\open\src\hotspot\share\interpreter\linkResolver.cpp, line 773]
Event: 3.496 Thread 0x00000237e37e1b90 Exception <a 'java/lang/NoSuchMethodError'{0x0000000712df9388}: 'float java.lang.invoke.Invokers$Holder.invokeExact_MT(java.lang.Object, java.lang.Object, java.lang.Object)'> (0x0000000712df9388) 
thrown [s\open\src\hotspot\share\interpreter\linkResolver.cpp, line 773]

ZGC Phase Switch (0 events):
No events

VM Operations (20 events):
Event: 13.248 Executing VM operation: Cleanup done
Event: 14.261 Executing VM operation: Cleanup
Event: 14.263 Executing VM operation: Cleanup done
Event: 15.275 Executing VM operation: Cleanup
Event: 15.275 Executing VM operation: Cleanup done
Event: 18.292 Executing VM operation: Cleanup
Event: 18.292 Executing VM operation: Cleanup done
Event: 41.525 Executing VM operation: Cleanup
Event: 41.525 Executing VM operation: Cleanup done
Event: 55.936 Executing VM operation: G1CollectForAllocation (G1 Evacuation Pause)
Event: 55.980 Executing VM operation: G1CollectForAllocation (G1 Evacuation Pause) done
Event: 56.993 Executing VM operation: Cleanup
Event: 56.993 Executing VM operation: Cleanup done
Event: 60.115 Executing VM operation: HandshakeAllThreads (HandshakeForDeflation)
Event: 60.115 Executing VM operation: HandshakeAllThreads (HandshakeForDeflation) done
Event: 60.115 Executing VM operation: RendezvousGCThreads
Event: 60.115 Executing VM operation: RendezvousGCThreads done
Event: 101.308 Executing VM operation: G1CollectForAllocation (G1 Evacuation Pause)
Event: 101.331 Executing VM operation: G1CollectForAllocation (G1 Evacuation Pause) done
Event: 109.560 Executing VM operation: Exit

Events (20 events):
Event: 0.604 Thread 0x00000237feff2570 Thread exited: 0x00000237feff2570
Event: 0.641 Thread 0x00000237feff4780 Thread added: 0x00000237feff4780
Event: 0.779 Thread 0x00000237feff4780 Thread exited: 0x00000237feff4780
Event: 1.107 Thread 0x00000237feff3310 Thread added: 0x00000237feff3310
Event: 1.241 Thread 0x00000237feff2c40 Thread added: 0x00000237feff2c40
Event: 1.926 Thread 0x00000237feff2c40 Thread exited: 0x00000237feff2c40
Event: 2.014 Thread 0x00000237feff3310 Thread exited: 0x00000237feff3310
Event: 3.505 Thread 0x00000237feff2570 Thread added: 0x00000237feff2570
Event: 3.520 Thread 0x00000237feff4e50 Thread added: 0x00000237feff4e50
Event: 3.902 Thread 0x00000237feff4e50 Thread exited: 0x00000237feff4e50
Event: 4.017 Thread 0x00000237feff2570 Thread exited: 0x00000237feff2570
Event: 6.725 Thread 0x00000237feff3310 Thread added: 0x00000237feff3310
Event: 6.727 Thread 0x00000237feff4e50 Thread added: 0x00000237feff4e50
Event: 7.009 Thread 0x00000237feff4e50 Thread exited: 0x00000237feff4e50
Event: 7.384 Thread 0x00000237feff3310 Thread exited: 0x00000237feff3310
Event: 12.267 Thread 0x00000237feff2570 Thread added: 0x00000237feff2570
Event: 12.516 Thread 0x00000237feff2570 Thread exited: 0x00000237feff2570
Event: 13.978 Thread 0x00000237feff4780 Thread added: 0x00000237feff4780
Event: 14.580 Thread 0x00000237feff4780 Thread exited: 0x00000237feff4780
Event: 109.552 Thread 0x00000237d5150500 Thread added: 0x00000237d5150500


Dynamic libraries:
0x00007ff7ee840000 - 0x00007ff7ee850000 	D:\jdk-21.0.1\bin\java.exe
0x00007ffe1b1b0000 - 0x00007ffe1b3c7000 	C:\WINDOWS\SYSTEM32\ntdll.dll
0x00007ffe199f0000 - 0x00007ffe19ab4000 	C:\WINDOWS\System32\KERNEL32.DLL
0x00007ffe187d0000 - 0x00007ffe18b76000 	C:\WINDOWS\System32\KERNELBASE.dll
0x00007ffe18db0000 - 0x00007ffe18ec1000 	C:\WINDOWS\System32\ucrtbase.dll
0x00007ffe106c0000 - 0x00007ffe106d9000 	D:\jdk-21.0.1\bin\jli.dll
0x00007ffe106e0000 - 0x00007ffe106fb000 	D:\jdk-21.0.1\bin\VCRUNTIME140.dll
0x00007ffe1aa40000 - 0x00007ffe1aaf3000 	C:\WINDOWS\System32\ADVAPI32.dll
0x00007ffe1a690000 - 0x00007ffe1a737000 	C:\WINDOWS\System32\msvcrt.dll
0x00007ffe18f00000 - 0x00007ffe18fa8000 	C:\WINDOWS\System32\sechost.dll
0x00007ffe18570000 - 0x00007ffe18598000 	C:\WINDOWS\System32\bcrypt.dll
0x00007ffe197e0000 - 0x00007ffe198f7000 	C:\WINDOWS\System32\RPCRT4.dll
0x00007ffe1a880000 - 0x00007ffe1aa2e000 	C:\WINDOWS\System32\USER32.dll
0x00007ffe18ed0000 - 0x00007ffe18ef6000 	C:\WINDOWS\System32\win32u.dll
0x00007ffe19900000 - 0x00007ffe19929000 	C:\WINDOWS\System32\GDI32.dll
0x00007ffdf6ba0000 - 0x00007ffdf6e33000 	C:\WINDOWS\WinSxS\amd64_microsoft.windows.common-controls_6595b64144ccf1df_6.0.22621.2506_none_270c5ae97388e100\COMCTL32.dll
0x00007ffe185a0000 - 0x00007ffe186b8000 	C:\WINDOWS\System32\gdi32full.dll
0x00007ffe18730000 - 0x00007ffe187ca000 	C:\WINDOWS\System32\msvcp_win.dll
0x00007ffe0db10000 - 0x00007ffe0db1a000 	C:\WINDOWS\SYSTEM32\VERSION.dll
0x00007ffe199b0000 - 0x00007ffe199e1000 	C:\WINDOWS\System32\IMM32.DLL
0x00007ffe106b0000 - 0x00007ffe106bc000 	D:\jdk-21.0.1\bin\vcruntime140_1.dll
0x00007ffe09b20000 - 0x00007ffe09bae000 	D:\jdk-21.0.1\bin\msvcp140.dll
0x00007ffdb2e50000 - 0x00007ffdb3b65000 	D:\jdk-21.0.1\bin\server\jvm.dll
0x00007ffe19930000 - 0x00007ffe199a1000 	C:\WINDOWS\System32\WS2_32.dll
0x00007ffe0e060000 - 0x00007ffe0e094000 	C:\WINDOWS\SYSTEM32\WINMM.dll
0x00007ffe17340000 - 0x00007ffe1738d000 	C:\WINDOWS\SYSTEM32\POWRPROF.dll
0x00007ffe17320000 - 0x00007ffe17333000 	C:\WINDOWS\SYSTEM32\UMPDC.dll
0x00007ffe175e0000 - 0x00007ffe175f8000 	C:\WINDOWS\SYSTEM32\kernel.appcore.dll
0x00007ffe106a0000 - 0x00007ffe106aa000 	D:\jdk-21.0.1\bin\jimage.dll
0x00007ffe15fb0000 - 0x00007ffe161e3000 	C:\WINDOWS\SYSTEM32\DBGHELP.DLL
0x00007ffe19290000 - 0x00007ffe19619000 	C:\WINDOWS\System32\combase.dll
0x00007ffe19be0000 - 0x00007ffe19cb7000 	C:\WINDOWS\System32\OLEAUT32.dll
0x00007ffdfe150000 - 0x00007ffdfe182000 	C:\WINDOWS\SYSTEM32\dbgcore.DLL
0x00007ffe184f0000 - 0x00007ffe1856a000 	C:\WINDOWS\System32\bcryptPrimitives.dll
0x00007ffe121e0000 - 0x00007ffe121ef000 	D:\jdk-21.0.1\bin\instrument.dll
0x00007ffe09330000 - 0x00007ffe0934f000 	D:\jdk-21.0.1\bin\java.dll
0x00007ffe19d20000 - 0x00007ffe1a57b000 	C:\WINDOWS\System32\SHELL32.dll
0x00007ffe16410000 - 0x00007ffe16d06000 	C:\WINDOWS\SYSTEM32\windows.storage.dll
0x00007ffe162d0000 - 0x00007ffe1640e000 	C:\WINDOWS\SYSTEM32\wintypes.dll
0x00007ffe19ac0000 - 0x00007ffe19bb3000 	C:\WINDOWS\System32\SHCORE.dll
0x00007ffe1a790000 - 0x00007ffe1a7ee000 	C:\WINDOWS\System32\shlwapi.dll
0x00007ffe18420000 - 0x00007ffe18446000 	C:\WINDOWS\SYSTEM32\profapi.dll
0x00007ffe05340000 - 0x00007ffe05417000 	D:\jdk-21.0.1\bin\jsvml.dll
0x00007ffdbe290000 - 0x00007ffdbe2a8000 	D:\jdk-21.0.1\bin\zip.dll
0x00007ffe09a10000 - 0x00007ffe09a20000 	D:\jdk-21.0.1\bin\net.dll
0x00007ffe0eeb0000 - 0x00007ffe0efe7000 	C:\WINDOWS\SYSTEM32\WINHTTP.dll
0x00007ffe17a50000 - 0x00007ffe17ab9000 	C:\WINDOWS\system32\mswsock.dll
0x00007ffe09310000 - 0x00007ffe09326000 	D:\jdk-21.0.1\bin\nio.dll
0x00007ffe120e0000 - 0x00007ffe120fa000 	D:\IntelliJ IDEA Community Edition 2023.3.3\bin\breakgen64.dll
0x00007ffe09300000 - 0x00007ffe09307000 	D:\jdk-21.0.1\bin\extnet.dll
0x00007ffe0a070000 - 0x00007ffe0a0e5000 	C:\Users\Vu\AppData\Local\Temp\lwjglVu\3.3.1-build-7\lwjgl.dll
0x00007ffe09e40000 - 0x00007ffe09ea1000 	C:\Users\Vu\AppData\Local\Temp\lwjglVu\3.3.1-build-7\glfw.dll
0x00007ffdf49e0000 - 0x00007ffdf4a26000 	C:\WINDOWS\SYSTEM32\dinput8.dll
0x00007ffdbe410000 - 0x00007ffdbe421000 	C:\WINDOWS\SYSTEM32\xinput1_4.dll
0x00007ffe181e0000 - 0x00007ffe1822e000 	C:\WINDOWS\SYSTEM32\cfgmgr32.dll
0x00007ffe181b0000 - 0x00007ffe181dc000 	C:\WINDOWS\SYSTEM32\DEVOBJ.dll
0x00007ffe12f40000 - 0x00007ffe12f6b000 	C:\WINDOWS\SYSTEM32\dwmapi.dll
0x00007ffded560000 - 0x00007ffded76a000 	C:\WINDOWS\SYSTEM32\inputhost.dll
0x00007ffe12840000 - 0x00007ffe12974000 	C:\WINDOWS\SYSTEM32\CoreMessaging.dll
0x00007ffe12cf0000 - 0x00007ffe12d9b000 	C:\WINDOWS\system32\uxtheme.dll
0x00007ffe19680000 - 0x00007ffe197d1000 	C:\WINDOWS\System32\MSCTF.dll
0x00007ffe17d80000 - 0x00007ffe17d8c000 	C:\WINDOWS\SYSTEM32\CRYPTBASE.DLL
0x00007ffdecbb0000 - 0x00007ffdeccb0000 	C:\WINDOWS\SYSTEM32\opengl32.dll
0x00007ffe06370000 - 0x00007ffe0639d000 	C:\WINDOWS\SYSTEM32\GLU32.dll
0x00007ffe15660000 - 0x00007ffe15699000 	C:\WINDOWS\SYSTEM32\dxcore.dll
0x00007ffe0e0a0000 - 0x00007ffe0e0ea000 	C:\WINDOWS\SYSTEM32\directxdatabasehelper.dll
0x00007ffe19030000 - 0x00007ffe190e0000 	C:\WINDOWS\System32\clbcatq.dll
0x00007ffdca030000 - 0x00007ffdcb023000 	C:\WINDOWS\System32\DriverStore\FileRepository\iigd_dch.inf_amd64_5802b1615520e41c\igxelpicd64.dll
0x00007ffe190e0000 - 0x00007ffe19280000 	C:\WINDOWS\System32\ole32.dll
0x00007ffe12e20000 - 0x00007ffe12f18000 	C:\WINDOWS\system32\dxgi.dll
0x00007ffddb460000 - 0x00007ffddb747000 	C:\WINDOWS\System32\DriverStore\FileRepository\iigd_dch.inf_amd64_5802b1615520e41c\igdml64.dll
0x00007ffe0a6c0000 - 0x00007ffe0aa87000 	C:\WINDOWS\System32\DriverStore\FileRepository\iigd_dch.inf_amd64_5802b1615520e41c\igdgmm64.dll
0x00007ffe00a00000 - 0x00007ffe04011000 	C:\WINDOWS\System32\DriverStore\FileRepository\iigd_dch.inf_amd64_5802b1615520e41c\igc64.dll
0x00007ffe056a0000 - 0x00007ffe057ea000 	C:\WINDOWS\SYSTEM32\textinputframework.dll
0x00007ffe0d290000 - 0x00007ffe0d5fc000 	C:\WINDOWS\SYSTEM32\CoreUIComponents.dll
0x00007ffdeba50000 - 0x00007ffdebbe7000 	C:\Users\Vu\AppData\Local\Temp\lwjglVu\3.3.1-build-7\OpenAL.dll
0x00007ffe042a0000 - 0x00007ffe0433d000 	C:\WINDOWS\System32\MMDevApi.dll
0x00007ffe06180000 - 0x00007ffe0636c000 	C:\WINDOWS\SYSTEM32\AUDIOSES.DLL
0x00007ffe15900000 - 0x00007ffe15915000 	C:\WINDOWS\SYSTEM32\resourcepolicyclient.dll
0x00007ffe00610000 - 0x00007ffe0066d000 	C:\Users\Vu\AppData\Local\Temp\lwjglVu\3.3.1-build-7\lwjgl_opengl.dll
0x0000000064a00000 - 0x0000000064d10000 	C:\Users\Vu\AppData\Local\Temp\imgui-java-natives_1708517561480\imgui-java64.dll
0x00007ffe17da0000 - 0x00007ffe17dbb000 	C:\WINDOWS\SYSTEM32\CRYPTSP.dll
0x00007ffe17540000 - 0x00007ffe17575000 	C:\WINDOWS\system32\rsaenh.dll
0x00007ffdd9af0000 - 0x00007ffdd9b00000 	D:\jdk-21.0.1\bin\verify.dll
0x00007ffdea770000 - 0x00007ffdea7f1000 	C:\Users\Vu\AppData\Local\Temp\lwjglVu\3.3.1-build-7\lwjgl_stb.dll

dbghelp: loaded successfully - version: 4.0.5 - missing functions: none
symbol engine: initialized successfully - sym options: 0x614 - pdb path: .;D:\jdk-21.0.1\bin;C:\WINDOWS\SYSTEM32;C:\WINDOWS\WinSxS\amd64_microsoft.windows.common-controls_6595b64144ccf1df_6.0.22621.2506_none_270c5ae97388e100;D:\jdk-21.0.1\bin\server;D:\IntelliJ IDEA Community Edition 2023.3.3\bin;C:\Users\Vu\AppData\Local\Temp\lwjglVu\3.3.1-build-7;C:\WINDOWS\System32\DriverStore\FileRepository\iigd_dch.inf_amd64_5802b1615520e41c;C:\Users\Vu\AppData\Local\Temp\imgui-java-natives_1708517561480

VM Arguments:
jvm_args: -javaagent:D:\IntelliJ IDEA Community Edition 2023.3.3\lib\idea_rt.jar=57042:D:\IntelliJ IDEA Community Edition 2023.3.3\bin -Dfile.encoding=UTF-8 -Dsun.stdout.encoding=UTF-8 -Dsun.stderr.encoding=UTF-8 
java_command: main.Main
java_class_path (initial): D:\ducky-game\target\classes;C:\Users\Vu\.m2\repository\io\github\spair\imgui-java-app\1.81.0\imgui-java-app-1.81.0.jar;C:\Users\Vu\.m2\repository\org\lwjgl\lwjgl\3.3.1\lwjgl-3.3.1-natives-linux.jar;C:\Users\Vu\.m2\repository\org\lwjgl\lwjgl-glfw\3.3.1\lwjgl-glfw-3.3.1-natives-linux.jar;C:\Users\Vu\.m2\repository\org\lwjgl\lwjgl-opengl\3.3.1\lwjgl-opengl-3.3.1-natives-linux.jar;C:\Users\Vu\.m2\repository\org\lwjgl\lwjgl\3.3.1\lwjgl-3.3.1-natives-macos.jar;C:\Users\Vu\.m2\repository\org\lwjgl\lwjgl-glfw\3.3.1\lwjgl-glfw-3.3.1-natives-macos.jar;C:\Users\Vu\.m2\repository\org\lwjgl\lwjgl-opengl\3.3.1\lwjgl-opengl-3.3.1-natives-macos.jar;C:\Users\Vu\.m2\repository\io\github\spair\imgui-java-binding\1.81.0\imgui-java-binding-1.81.0.jar;C:\Users\Vu\.m2\repository\io\github\spair\imgui-java-lwjgl3\1.81.0\imgui-java-lwjgl3-1.81.0.jar;C:\Users\Vu\.m2\repository\org\lwjgl\lwjgl\3.3.1\lwjgl-3.3.1.jar;C:\Users\Vu\.m2\repository\com\google\code\gson\gson\2.10.1\gson-2.10.1.jar;C:\Users\Vu\.m2\repository\org\openjfx\javafx-controls\21\javafx-controls-21.jar;C:\Users\Vu\.m2\repository\org\openjfx\javafx-controls\21\javafx-controls-21-win.jar;C:\Users\Vu\.m2\repository\org\openjfx\javafx-graphics\21\javafx-graphics-21.jar;C:\Users\Vu\.m2\repository\org\openjfx\javafx-graphics\21\javafx-graphics-21-win.jar;C:\Users\Vu\.m2\repository\org\openjfx\javafx-base\21\javafx-base-21.jar;C:\Users\Vu\.m2\repository\org\openjfx\javafx-base\21\javafx-base-21-win.jar;C:\Users\Vu\.m2\repository\org\openjfx\javafx-fxml\21\javafx-fxml-21.jar;C:\Users\Vu\.m2\repository\org\openjfx\javafx-fxml\21\javafx-fxml-21-win.jar;C:\Users\Vu\.m2\repository\org\lwjgl\lwjgl-nfd\3.3.1\lwjgl-nfd-3.3.1.jar;C:\Users\Vu\.m2\repository\org\lwjgl\lwjgl-assimp\3.3.1\lwjgl-assimp-3.3.1.jar;C:\Users\Vu\.m2\repository\org\lwjgl\lwjgl-glfw\3.3.1\lwjgl-glfw-3.3.1.jar;C:\Users\Vu\.m2\repository\org\lwjgl\lwjgl-openal\3.3.1\lwjgl-openal-3.3.1.jar;C:\Users\Vu\.m2\repository\org\lwjgl\lwjgl-opengl\3.3.1\lwjgl-opengl-3.3.1.jar;C:\Users\Vu\.m2\repository\org\lwjgl\lwjgl-stb\3.3.1\lwjgl-stb-3.3.1.jar;C:\Users\Vu\.m2\repository\org\lwjgl\lwjgl\3.3.1\lwjgl-3.3.1-natives-windows.jar;C:\Users\Vu\.m2\repository\org\lwjgl\lwjgl-assimp\3.3.1\lwjgl-assimp-3.3.1-natives-windows.jar;C:\Users\Vu\.m2\repository\org\lwjgl\lwjgl-glfw\3.3.1\lwjgl-glfw-3.3.1-natives-windows.jar;C:\Users\Vu\.m2\repository\org\lwjgl\lwjgl-openal\3.3.1\lwjgl-openal-3.3.1-natives-windows.jar;C:\Users\Vu\.m2\repository\org\lwjgl\lwjgl-opengl\3.3.1\lwjgl-opengl-3.3.1-natives-windows.jar;C:\Users\Vu\.m2\repository\org\mongodb\mongodb-driver\3.12.14\mongodb-driver-3.12.14.jar;C:\Users\Vu\.m2\repository\org\mongodb\bson\3.12.14\bson-3.12.14.jar;C:\Users\Vu\.m2\repository\org\mongodb\mongodb-driver-core\3.12.14\mongodb-driver-core-3.12.14.jar;C:\Users\Vu\.m2\repository\org\lwjgl\lwjgl-stb\3.3.1\lwjgl-stb-3.3.1-natives-windows.jar;C:\Users\Vu\.m2\repository\org\lwjgl\lwjgl-nfd\3.3.1\lwjgl-nfd-3.3.1-natives-windows.jar;C:\Users\Vu\.m2\repository\org\jbox2d\jbox2d-library\2.2.1.1\jbox2d-library-2.2.1.1.jar;C:\Users\Vu\.m2\repository\org\joml\joml\1.9.24\joml-1.9.24.jar
Launcher Type: SUN_STANDARD

[Global flags]
     intx CICompilerCount                          = 4                                         {product} {ergonomic}
     uint ConcGCThreads                            = 3                                         {product} {ergonomic}
     uint G1ConcRefinementThreads                  = 10                                        {product} {ergonomic}
   size_t G1HeapRegionSize                         = 2097152                                   {product} {ergonomic}
    uintx GCDrainStackTargetSize                   = 64                                        {product} {ergonomic}
   size_t InitialHeapSize                          = 266338304                                 {product} {ergonomic}
   size_t MarkStackSize                            = 4194304                                   {product} {ergonomic}
   size_t MaxHeapSize                              = 4234149888                                {product} {ergonomic}
   size_t MaxNewSize                               = 2539651072                                {product} {ergonomic}
   size_t MinHeapDeltaBytes                        = 2097152                                   {product} {ergonomic}
   size_t MinHeapSize                              = 8388608                                   {product} {ergonomic}
    uintx NonNMethodCodeHeapSize                   = 5839372                                {pd product} {ergonomic}
    uintx NonProfiledCodeHeapSize                  = 122909434                              {pd product} {ergonomic}
    uintx ProfiledCodeHeapSize                     = 122909434                              {pd product} {ergonomic}
    uintx ReservedCodeCacheSize                    = 251658240                              {pd product} {ergonomic}
     bool SegmentedCodeCache                       = true                                      {product} {ergonomic}
   size_t SoftMaxHeapSize                          = 4234149888                             {manageable} {ergonomic}
     bool UseCompressedOops                        = true                           {product lp64_product} {ergonomic}
     bool UseG1GC                                  = true                                      {product} {ergonomic}
     bool UseLargePagesIndividualAllocation        = false                                  {pd product} {ergonomic}

Logging:
Log output configuration:
 #0: stdout all=off uptime,level,tags foldmultilines=false
 #1: stderr all=off uptime,level,tags foldmultilines=false

Environment Variables:
PATH=C:\Program Files\Common Files\Oracle\Java\javapath;C:\Windows\system32;C:\Windows;C:\Windows\System32\Wbem;C:\Windows\System32\WindowsPowerShell\v1.0\;C:\Windows\System32\OpenSSH\;C:\Program Files (x86)\NVIDIA Corporation\PhysX\Common;C:\Program Files\NVIDIA Corporation\NVIDIA NvDLISR;C:\WINDOWS\system32;C:\WINDOWS;C:\WINDOWS\System32\Wbem;C:\WINDOWS\System32\WindowsPowerShell\v1.0\;C:\WINDOWS\System32\OpenSSH\;C:\Program Files\Git\cmd;C:\Users\Vu\AppData\Local\Microsoft\WindowsApps;
USERNAME=Vu
OS=Windows_NT
PROCESSOR_IDENTIFIER=Intel64 Family 6 Model 141 Stepping 1, GenuineIntel
TMP=C:\Users\Vu\AppData\Local\Temp
TEMP=C:\Users\Vu\AppData\Local\Temp




Periodic native trim disabled

---------------  S Y S T E M  ---------------

OS:
 Windows 11 , 64 bit Build 22621 (10.0.22621.3085)
OS uptime: 1 days 3:29 hours
Hyper-V role detected

CPU: total 12 (initial active 12) (6 cores per cpu, 2 threads per core) family 6 model 141 stepping 1 microcode 0x3c, cx8, cmov, fxsr, ht, mmx, 3dnowpref, sse, sse2, sse3, ssse3, sse4.1, sse4.2, popcnt, lzcnt, tsc, tscinvbit, avx, avx2, aes, erms, clmul, bmi1, bmi2, adx, avx512f, avx512dq, avx512cd, avx512bw, avx512vl, sha, fma, vzeroupper, avx512_vpopcntdq, avx512_vpclmulqdq, avx512_vaes, avx512_vnni, clflush, clflushopt, clwb, avx512_vbmi2, avx512_vbmi, hv, rdtscp, rdpid, fsrm, gfni, avx512_bitalg, f16c, cet_ibt, cet_ss, avx512_ifma
Processor Information for all 12 processors :
  Max Mhz: 2688, Current Mhz: 2688, Mhz Limit: 2688

Memory: 4k page, system-wide physical 16147M (2897M free)
TotalPageFile size 22547M (AvailPageFile size 3447M)
current process WorkingSet (physical memory assigned to process): 462M, peak: 472M
current process commit charge ("private bytes"): 513M, peak: 536M

vm_info: Java HotSpot(TM) 64-Bit Server VM (21.0.1+12-LTS-29) for windows-amd64 JRE (21.0.1+12-LTS-29), built on 2023-10-05T13:27:09Z by "mach5one" with MS VC++ 17.1 (VS2022)

END.
