#
# A fatal error has been detected by the Java Runtime Environment:
#
#  EXCEPTION_ACCESS_VIOLATION (0xc0000005) at pc=0x00007ffdc9f6366c, pid=14912, tid=22640
#
# JRE version: Java(TM) SE Runtime Environment (21.0.1+12) (build 21.0.1+12-LTS-29)
# Java VM: Java HotSpot(TM) 64-Bit Server VM (21.0.1+12-LTS-29, mixed mode, sharing, tiered, compressed oops, compressed class ptrs, g1 gc, windows-amd64)
# Problematic frame:
# C  [igxelpicd64.dll+0x13366c]
#
# No core dump will be written. Minidumps are not enabled by default on client versions of Windows
#
# If you would like to submit a bug report, please visit:
#   https://bugreport.java.com/bugreport/crash.jsp
#

---------------  S U M M A R Y ------------

Command Line: -javaagent:D:\IntelliJ IDEA Community Edition 2023.3.3\lib\idea_rt.jar=58239:D:\IntelliJ IDEA Community Edition 2023.3.3\bin -Dfile.encoding=UTF-8 -Dsun.stdout.encoding=UTF-8 -Dsun.stderr.encoding=UTF-8 main.Main

Host: 11th Gen Intel(R) Core(TM) i5-11400H @ 2.70GHz, 12 cores, 15G,  Windows 11 , 64 bit Build 22621 (10.0.22621.3085)
Time: Wed Feb 21 20:10:04 2024 SE Asia Standard Time elapsed time: 1181.181948 seconds (0d 0h 19m 41s)

---------------  T H R E A D  ---------------

Current thread (0x000001dd8190eb00):  VMThread "VM Thread"          [id=22640, stack(0x0000001957100000,0x0000001957200000) (1024K)]

Stack: [0x0000001957100000,0x0000001957200000],  sp=0x00000019571fe850,  free space=1018k
Native frames: (J=compiled Java code, j=interpreted, Vv=VM code, C=native code)
C  [igxelpicd64.dll+0x13366c]


siginfo: EXCEPTION_ACCESS_VIOLATION (0xc0000005), reading address 0x00000000000356f8


Registers:
RAX=0x000001dda3b165c8, RBX=0x000001dda3b164c0, RCX=0x0000000000000000, RDX=0x0000000000000000
RSP=0x00000019571fe850, RBP=0x0000000000000000, RSI=0x000001dda3b16a90, RDI=0x000001dda3896090
R8 =0x0000000000000014, R9 =0x0000000000000000, R10=0x0000000000000000, R11=0x0000000000000000
R12=0x0000000000000000, R13=0x000001ddf18d62a0, R14=0x000000001dc32800, R15=0x0000000000000016
RIP=0x00007ffdc9f6366c, EFLAGS=0x0000000000010202


Register to memory mapping:

RAX=0x000001dda3b165c8 points into unknown readable memory: 0x000000001dc31912 | 12 19 c3 1d 00 00 00 00
RBX=0x000001dda3b164c0 points into unknown readable memory: 0x000001dda38963f0 | f0 63 89 a3 dd 01 00 00
RCX=0x0 is null
RDX=0x0 is null
RSP=0x00000019571fe850 points into unknown readable memory: 0x000001dda382cba0 | a0 cb 82 a3 dd 01 00 00
RBP=0x0 is null
RSI=0x000001dda3b16a90 points into unknown readable memory: 0x000001ddf18d62a0 | a0 62 8d f1 dd 01 00 00
RDI=0x000001dda3896090 points into unknown readable memory: 0x000001dda3819000 | 00 90 81 a3 dd 01 00 00
R8 =0x0000000000000014 is an unknown value
R9 =0x0 is null
R10=0x0 is null
R11=0x0 is null
R12=0x0 is null
R13=0x000001ddf18d62a0 points into unknown readable memory: 0x000001dda38963f0 | f0 63 89 a3 dd 01 00 00
R14=0x000000001dc32800 is an unknown value
R15=0x0000000000000016 is an unknown value

Top of Stack: (sp=0x00000019571fe850)
0x00000019571fe850:   000001dda382cba0 0000000000000000
0x00000019571fe860:   00000019571ff100 00007ffe1b2533b4
0x00000019571fe870:   00007ffdb3749010 00007ffe1b245511
0x00000019571fe880:   00000019571feb01 00007ffe1b2418f4
0x00000019571fe890:   000001dda39bb178 000000001dc328f4
0x00000019571fe8a0:   0000000000000000 000000000000000e
0x00000019571fe8b0:   0000000000000000 0000000000000000
0x00000019571fe8c0:   00000019571fe9d0 00007ffdca0dbc3c
0x00000019571fe8d0:   000001dda382cba0 000001dda3896090
0x00000019571fe8e0:   000001dd81780a00 0000000000000000
0x00000019571fe8f0:   0000001900000a80 0000b802211a0000
0x00000019571fe900:   0000000000000000 00000019571fec58
0x00000019571fe910:   000000195649c000 00007ffe1b1cd8e6
0x00000019571fe920:   000001dd81770000 0000000000000002
0x00000019571fe930:   0000000200000101 00007ffdca0d19a0
0x00000019571fe940:   00007ffe1b2197f0 00000000000004b4
0x00000019571fe950:   00000019571feab8 00000019571feae0
0x00000019571fe960:   00007ffe00000002 00000000000004b4
0x00000019571fe970:   000092d39fc4fb97 00007ffdc9eb3cdf
0x00000019571fe980:   0000b802211a0000 0000000000000a80
0x00000019571fe990:   0000000000000000 4000170000000001
0x00000019571fe9a0:   0000000000000000 0000000000000000
0x00000019571fe9b0:   0000000000000000 0000000000000000
0x00000019571fe9c0:   0000000000000000 0000000000000000
0x00000019571fe9d0:   0000000000000000 0000000000000000
0x00000019571fe9e0:   0000000000000000 0000000000000000
0x00000019571fe9f0:   0000000000000000 0000000000000000
0x00000019571fea00:   0000000000000000 0000000000000000
0x00000019571fea10:   0000000000000000 0000000000000000
0x00000019571fea20:   0000000000000000 0000000000000000
0x00000019571fea30:   0000000000000000 0000000000000000
0x00000019571fea40:   0000000000000000 0000000000000000 

Instructions: (pc=0x00007ffdc9f6366c)
0x00007ffdc9f6356c:   ec 40 45 8a e1 48 8b fa 48 8b e9 48 8b 1d 42 08
0x00007ffdc9f6357c:   e0 00 48 89 58 08 48 8b cb ff 15 85 5b 9a 00 90
0x00007ffdc9f6358c:   4c 8b af 78 02 00 00 48 8b 05 c6 e4 cf 00 44 8b
0x00007ffdc9f6359c:   b8 40 0b 00 00 45 33 db 45 8a f3 4c 89 9f 78 02
0x00007ffdc9f635ac:   00 00 44 89 9f 80 02 00 00 4c 89 9f 98 02 00 00
0x00007ffdc9f635bc:   4c 89 9f 88 02 00 00 48 85 ed 75 38 8b 35 4a e2
0x00007ffdc9f635cc:   df 00 65 48 8b 04 25 58 00 00 00 b9 14 00 00 00
0x00007ffdc9f635dc:   48 8b 04 f0 44 38 1c 01 0f 84 9d da 86 00 65 48
0x00007ffdc9f635ec:   8b 04 25 58 00 00 00 bd 20 00 00 00 48 8b 04 f0
0x00007ffdc9f635fc:   48 8b 2c 28 48 3b 2d 39 07 e0 00 45 0f 44 fb 4d
0x00007ffdc9f6360c:   85 ed 0f 84 21 01 00 00 44 8a a4 24 90 00 00 00
0x00007ffdc9f6361c:   49 8b dd 49 8d b5 d0 05 00 00 4c 8b 2e 45 84 e4
0x00007ffdc9f6362c:   0f 85 2a 03 00 00 8b 97 c8 01 00 00 48 8b 05 21
0x00007ffdc9f6363c:   e4 cf 00 83 b8 78 03 00 00 02 75 31 83 fa 10 0f
0x00007ffdc9f6364c:   83 20 01 00 00 48 8d 04 d5 21 00 00 00 48 03 c2
0x00007ffdc9f6365c:   48 8d 04 c3 48 85 c0 0f 85 ff 00 00 00 49 8b cb
0x00007ffdc9f6366c:   48 3b 8d f8 56 03 00 0f 87 f3 02 00 00 4c 39 9b
0x00007ffdc9f6367c:   48 06 00 00 0f 85 41 da 86 00 44 8b 97 c8 01 00
0x00007ffdc9f6368c:   00 48 8b 87 e0 01 00 00 4c 8b 08 8b 97 c8 01 00
0x00007ffdc9f6369c:   00 83 fa 10 0f 83 03 01 00 00 48 8d 04 d5 21 00
0x00007ffdc9f636ac:   00 00 48 03 c2 48 8d 04 c3 48 85 c0 0f 85 e2 00
0x00007ffdc9f636bc:   00 00 49 8b cb 49 3b c9 0f 86 0e 01 00 00 48 8b
0x00007ffdc9f636cc:   87 78 02 00 00 48 89 06 48 89 9f 78 02 00 00 ff
0x00007ffdc9f636dc:   87 80 02 00 00 48 8b 43 08 48 8b 88 18 01 00 00
0x00007ffdc9f636ec:   48 81 e1 00 00 ff ff 48 81 c1 00 00 01 00 48 01
0x00007ffdc9f636fc:   8f 88 02 00 00 48 8b 43 08 48 8b 88 18 01 00 00
0x00007ffdc9f6370c:   48 01 8f 98 02 00 00 4d 85 ed 0f 85 00 ff ff ff
0x00007ffdc9f6371c:   45 84 f6 44 8a a4 24 98 00 00 00 0f 85 82 03 00
0x00007ffdc9f6372c:   00 48 8b 9c 24 80 00 00 00 48 8b cf 45 84 e4 0f
0x00007ffdc9f6373c:   85 8a 03 00 00 e8 fa f9 ff ff 90 48 8b cb 48 8b
0x00007ffdc9f6374c:   9c 24 88 00 00 00 48 83 c4 40 41 5f 41 5e 41 5d
0x00007ffdc9f6375c:   41 5c 5f 5e 5d 48 ff 25 b0 59 9a 00 48 8b 48 08 


Stack slot to memory mapping:

stack at sp + 0 slots: 0x000001dda382cba0 points into unknown readable memory: 0xffffffffffffffff | ff ff ff ff ff ff ff ff
stack at sp + 1 slots: 0x0 is null
stack at sp + 2 slots: 0x00000019571ff100 points into unknown readable memory: 0x000001dda363a4a0 | a0 a4 63 a3 dd 01 00 00
stack at sp + 3 slots: 0x00007ffe1b2533b4 ntdll.dll
stack at sp + 4 slots: 0x00007ffdb3749010 jvm.dll
stack at sp + 5 slots: 0x00007ffe1b245511 ntdll.dll
stack at sp + 6 slots: 0x00000019571feb01 points into unknown readable memory: 9c c9 d1 69 d3 00 00
stack at sp + 7 slots: 0x00007ffe1b2418f4 ntdll.dll

VM_Operation (0x00000019567ff160): Exit, mode: safepoint, requested by thread 0x000001ddf202f430


---------------  P R O C E S S  ---------------

Threads class SMR info:
_java_thread_list=0x000001ddf6904120, length=13, elements={
0x000001dd819339b0, 0x000001dda29ee890, 0x000001dda29ef5b0, 0x000001dda29f2010,
0x000001dda29f2a70, 0x000001dda29f34d0, 0x000001dda29fc070, 0x000001dda2a00560,
0x000001dda31e0890, 0x000001dda32996f0, 0x000001dda352af00, 0x000001dda3576390,
0x000001ddf202f430
}

Java Threads: ( => current thread )
  0x000001dd819339b0 JavaThread "main"                              [_thread_blocked, id=3628, stack(0x0000001956a00000,0x0000001956b00000) (1024K)]
  0x000001dda29ee890 JavaThread "Reference Handler"          daemon [_thread_blocked, id=15544, stack(0x0000001957200000,0x0000001957300000) (1024K)]
  0x000001dda29ef5b0 JavaThread "Finalizer"                  daemon [_thread_blocked, id=4048, stack(0x0000001957300000,0x0000001957400000) (1024K)]
  0x000001dda29f2010 JavaThread "Signal Dispatcher"          daemon [_thread_blocked, id=11212, stack(0x0000001957400000,0x0000001957500000) (1024K)]
  0x000001dda29f2a70 JavaThread "Attach Listener"            daemon [_thread_blocked, id=18220, stack(0x0000001957500000,0x0000001957600000) (1024K)]
  0x000001dda29f34d0 JavaThread "Service Thread"             daemon [_thread_blocked, id=21860, stack(0x0000001957600000,0x0000001957700000) (1024K)]
  0x000001dda29fc070 JavaThread "Monitor Deflation Thread"   daemon [_thread_blocked, id=7224, stack(0x0000001957700000,0x0000001957800000) (1024K)]
  0x000001dda2a00560 JavaThread "C2 CompilerThread0"         daemon [_thread_blocked, id=17492, stack(0x0000001957800000,0x0000001957900000) (1024K)]
  0x000001dda31e0890 JavaThread "C1 CompilerThread0"         daemon [_thread_blocked, id=15760, stack(0x0000001957900000,0x0000001957a00000) (1024K)]
  0x000001dda32996f0 JavaThread "Common-Cleaner"             daemon [_thread_blocked, id=1340, stack(0x0000001957a00000,0x0000001957b00000) (1024K)]
  0x000001dda352af00 JavaThread "Monitor Ctrl-Break"         daemon [_thread_in_native, id=2060, stack(0x0000001957b00000,0x0000001957c00000) (1024K)]
  0x000001dda3576390 JavaThread "Notification Thread"        daemon [_thread_blocked, id=14400, stack(0x0000001957c00000,0x0000001957d00000) (1024K)]
  0x000001ddf202f430 JavaThread "SIGINT handler"             daemon [_thread_blocked, id=17560, stack(0x0000001956700000,0x0000001956800000) (1024K)]
Total: 13

Other Threads:
=>0x000001dd8190eb00 VMThread "VM Thread"                           [id=22640, stack(0x0000001957100000,0x0000001957200000) (1024K)]
  0x000001dd8190e020 WorkerThread "GC Thread#0"                     [id=4960, stack(0x0000001956b00000,0x0000001956c00000) (1024K)]
  0x000001ddf1b4b4e0 WorkerThread "GC Thread#1"                     [id=22444, stack(0x0000001958500000,0x0000001958600000) (1024K)]
  0x000001ddf1b4a660 WorkerThread "GC Thread#2"                     [id=20724, stack(0x0000001958600000,0x0000001958700000) (1024K)]
  0x000001ddf1b48960 WorkerThread "GC Thread#3"                     [id=5932, stack(0x0000001958700000,0x0000001958800000) (1024K)]
  0x000001ddf1b48d00 WorkerThread "GC Thread#4"                     [id=12648, stack(0x0000001958800000,0x0000001958900000) (1024K)]
  0x000001ddf1b4aa00 WorkerThread "GC Thread#5"                     [id=24312, stack(0x0000001958900000,0x0000001958a00000) (1024K)]
  0x000001ddf1b4a2c0 WorkerThread "GC Thread#6"                     [id=8952, stack(0x0000001958a00000,0x0000001958b00000) (1024K)]
  0x000001ddf1b490a0 WorkerThread "GC Thread#7"                     [id=18184, stack(0x0000001958b00000,0x0000001958c00000) (1024K)]
  0x000001ddf1b4bc20 WorkerThread "GC Thread#8"                     [id=21368, stack(0x0000001958c00000,0x0000001958d00000) (1024K)]
  0x000001ddf1b49440 WorkerThread "GC Thread#9"                     [id=9020, stack(0x0000001958d00000,0x0000001958e00000) (1024K)]
  0x000001dd83b95340 ConcurrentGCThread "G1 Main Marker"            terminated
  0x000001dd8190e3c0 WorkerThread "G1 Conc#0"                       [id=18272, stack(0x0000001956d00000,0x0000001956e00000) (1024K)]
  0x000001dda288bfe0 ConcurrentGCThread "G1 Refine#0"               terminated
  0x000001dda288c660 ConcurrentGCThread "G1 Service"                terminated
Total: 15

Threads with active compile tasks:
Total: 0

VM state: at safepoint (shutting down)

VM Mutex/Monitor currently owned by a thread:  ([mutex/lock_event])
[0x00007ffdb3a8a5f8] Threads_lock - owner thread: 0x000001dd8190eb00
[0x00007ffdb3a8a6f8] Heap_lock - owner thread: 0x000001ddf202f430

Heap address: 0x0000000703a00000, size: 4038 MB, Compressed Oops mode: Zero based, Oop shift amount: 3

CDS archive(s) mapped at: [0x000001dda4000000-0x000001dda4c90000-0x000001dda4c90000), size 13172736, SharedBaseAddress: 0x000001dda4000000, ArchiveRelocationMode: 1.
Compressed class space mapped at: 0x000001dda5000000-0x000001dde5000000, reserved size: 1073741824
Narrow klass base: 0x000001dda4000000, Narrow klass shift: 0, Narrow klass range: 0x100000000

GC Precious Log:
 CardTable entry size: 512
 Card Set container configuration: InlinePtr #cards 4 size 8 Array Of Cards #cards 16 size 48 Howl #buckets 8 coarsen threshold 3686 Howl Bitmap #cards 512 size 80 coarsen threshold 460 Card regions per heap region 1 cards per card region 4096
 CPUs: 12 total, 12 available
 Memory: 16147M
 Large Page Support: Disabled
 NUMA Support: Disabled
 Compressed Oops: Enabled (Zero based)
 Heap Region Size: 2M
 Heap Min Capacity: 8M
 Heap Initial Capacity: 254M
 Heap Max Capacity: 4038M
 Pre-touch: Disabled
 Parallel Workers: 10
 Concurrent Workers: 3
 Concurrent Refinement Workers: 10
 Periodic GC: Disabled

Heap:
 garbage-first heap   total 260096K, used 118748K [0x0000000703a00000, 0x0000000800000000)
  region size 2048K, 54 young (110592K), 4 survivors (8192K)
 Metaspace       used 10154K, committed 10368K, reserved 1114112K
  class space    used 706K, committed 832K, reserved 1048576K

Heap Regions: E=young(eden), S=young(survivor), O=old, HS=humongous(starts), HC=humongous(continues), CS=collection set, F=free, TAMS=top-at-mark-start, PB=parsable bottom
|   0|0x0000000703a00000, 0x0000000703c00000, 0x0000000703c00000|100%| O|  |TAMS 0x0000000703a00000| PB 0x0000000703a00000| Untracked 
|   1|0x0000000703c00000, 0x0000000703e00000, 0x0000000703e00000|100%| O|  |TAMS 0x0000000703c00000| PB 0x0000000703c00000| Untracked 
|   2|0x0000000703e00000, 0x0000000703ff70f0, 0x0000000704000000| 98%| O|  |TAMS 0x0000000703e00000| PB 0x0000000703e00000| Untracked 
|   3|0x0000000704000000, 0x0000000704000000, 0x0000000704200000|  0%| F|  |TAMS 0x0000000704000000| PB 0x0000000704000000| Untracked 
|   4|0x0000000704200000, 0x0000000704400000, 0x0000000704400000|100%|HS|  |TAMS 0x0000000704200000| PB 0x0000000704200000| Complete 
|   5|0x0000000704400000, 0x0000000704600000, 0x0000000704600000|100%|HC|  |TAMS 0x0000000704400000| PB 0x0000000704400000| Complete 
|   6|0x0000000704600000, 0x0000000704600000, 0x0000000704800000|  0%| F|  |TAMS 0x0000000704600000| PB 0x0000000704600000| Untracked 
|   7|0x0000000704800000, 0x0000000704800000, 0x0000000704a00000|  0%| F|  |TAMS 0x0000000704800000| PB 0x0000000704800000| Untracked 
|   8|0x0000000704a00000, 0x0000000704a00000, 0x0000000704c00000|  0%| F|  |TAMS 0x0000000704a00000| PB 0x0000000704a00000| Untracked 
|   9|0x0000000704c00000, 0x0000000704c00000, 0x0000000704e00000|  0%| F|  |TAMS 0x0000000704c00000| PB 0x0000000704c00000| Untracked 
|  10|0x0000000704e00000, 0x0000000704e00000, 0x0000000705000000|  0%| F|  |TAMS 0x0000000704e00000| PB 0x0000000704e00000| Untracked 
|  11|0x0000000705000000, 0x0000000705000000, 0x0000000705200000|  0%| F|  |TAMS 0x0000000705000000| PB 0x0000000705000000| Untracked 
|  12|0x0000000705200000, 0x0000000705200000, 0x0000000705400000|  0%| F|  |TAMS 0x0000000705200000| PB 0x0000000705200000| Untracked 
|  13|0x0000000705400000, 0x0000000705400000, 0x0000000705600000|  0%| F|  |TAMS 0x0000000705400000| PB 0x0000000705400000| Untracked 
|  14|0x0000000705600000, 0x0000000705600000, 0x0000000705800000|  0%| F|  |TAMS 0x0000000705600000| PB 0x0000000705600000| Untracked 
|  15|0x0000000705800000, 0x0000000705800000, 0x0000000705a00000|  0%| F|  |TAMS 0x0000000705800000| PB 0x0000000705800000| Untracked 
|  16|0x0000000705a00000, 0x0000000705a00000, 0x0000000705c00000|  0%| F|  |TAMS 0x0000000705a00000| PB 0x0000000705a00000| Untracked 
|  17|0x0000000705c00000, 0x0000000705c00000, 0x0000000705e00000|  0%| F|  |TAMS 0x0000000705c00000| PB 0x0000000705c00000| Untracked 
|  18|0x0000000705e00000, 0x0000000705e00000, 0x0000000706000000|  0%| F|  |TAMS 0x0000000705e00000| PB 0x0000000705e00000| Untracked 
|  19|0x0000000706000000, 0x0000000706000000, 0x0000000706200000|  0%| F|  |TAMS 0x0000000706000000| PB 0x0000000706000000| Untracked 
|  20|0x0000000706200000, 0x0000000706200000, 0x0000000706400000|  0%| F|  |TAMS 0x0000000706200000| PB 0x0000000706200000| Untracked 
|  21|0x0000000706400000, 0x0000000706400000, 0x0000000706600000|  0%| F|  |TAMS 0x0000000706400000| PB 0x0000000706400000| Untracked 
|  22|0x0000000706600000, 0x0000000706600000, 0x0000000706800000|  0%| F|  |TAMS 0x0000000706600000| PB 0x0000000706600000| Untracked 
|  23|0x0000000706800000, 0x0000000706800000, 0x0000000706a00000|  0%| F|  |TAMS 0x0000000706800000| PB 0x0000000706800000| Untracked 
|  24|0x0000000706a00000, 0x0000000706a00000, 0x0000000706c00000|  0%| F|  |TAMS 0x0000000706a00000| PB 0x0000000706a00000| Untracked 
|  25|0x0000000706c00000, 0x0000000706c00000, 0x0000000706e00000|  0%| F|  |TAMS 0x0000000706c00000| PB 0x0000000706c00000| Untracked 
|  26|0x0000000706e00000, 0x0000000706e00000, 0x0000000707000000|  0%| F|  |TAMS 0x0000000706e00000| PB 0x0000000706e00000| Untracked 
|  27|0x0000000707000000, 0x0000000707000000, 0x0000000707200000|  0%| F|  |TAMS 0x0000000707000000| PB 0x0000000707000000| Untracked 
|  28|0x0000000707200000, 0x0000000707200000, 0x0000000707400000|  0%| F|  |TAMS 0x0000000707200000| PB 0x0000000707200000| Untracked 
|  29|0x0000000707400000, 0x0000000707400000, 0x0000000707600000|  0%| F|  |TAMS 0x0000000707400000| PB 0x0000000707400000| Untracked 
|  30|0x0000000707600000, 0x0000000707600000, 0x0000000707800000|  0%| F|  |TAMS 0x0000000707600000| PB 0x0000000707600000| Untracked 
|  31|0x0000000707800000, 0x0000000707800000, 0x0000000707a00000|  0%| F|  |TAMS 0x0000000707800000| PB 0x0000000707800000| Untracked 
|  32|0x0000000707a00000, 0x0000000707a00000, 0x0000000707c00000|  0%| F|  |TAMS 0x0000000707a00000| PB 0x0000000707a00000| Untracked 
|  33|0x0000000707c00000, 0x0000000707c00000, 0x0000000707e00000|  0%| F|  |TAMS 0x0000000707c00000| PB 0x0000000707c00000| Untracked 
|  34|0x0000000707e00000, 0x0000000707e00000, 0x0000000708000000|  0%| F|  |TAMS 0x0000000707e00000| PB 0x0000000707e00000| Untracked 
|  35|0x0000000708000000, 0x0000000708000000, 0x0000000708200000|  0%| F|  |TAMS 0x0000000708000000| PB 0x0000000708000000| Untracked 
|  36|0x0000000708200000, 0x0000000708200000, 0x0000000708400000|  0%| F|  |TAMS 0x0000000708200000| PB 0x0000000708200000| Untracked 
|  37|0x0000000708400000, 0x0000000708400000, 0x0000000708600000|  0%| F|  |TAMS 0x0000000708400000| PB 0x0000000708400000| Untracked 
|  38|0x0000000708600000, 0x0000000708600000, 0x0000000708800000|  0%| F|  |TAMS 0x0000000708600000| PB 0x0000000708600000| Untracked 
|  39|0x0000000708800000, 0x0000000708800000, 0x0000000708a00000|  0%| F|  |TAMS 0x0000000708800000| PB 0x0000000708800000| Untracked 
|  40|0x0000000708a00000, 0x0000000708a00000, 0x0000000708c00000|  0%| F|  |TAMS 0x0000000708a00000| PB 0x0000000708a00000| Untracked 
|  41|0x0000000708c00000, 0x0000000708c00000, 0x0000000708e00000|  0%| F|  |TAMS 0x0000000708c00000| PB 0x0000000708c00000| Untracked 
|  42|0x0000000708e00000, 0x0000000708e00000, 0x0000000709000000|  0%| F|  |TAMS 0x0000000708e00000| PB 0x0000000708e00000| Untracked 
|  43|0x0000000709000000, 0x0000000709000000, 0x0000000709200000|  0%| F|  |TAMS 0x0000000709000000| PB 0x0000000709000000| Untracked 
|  44|0x0000000709200000, 0x0000000709200000, 0x0000000709400000|  0%| F|  |TAMS 0x0000000709200000| PB 0x0000000709200000| Untracked 
|  45|0x0000000709400000, 0x0000000709400000, 0x0000000709600000|  0%| F|  |TAMS 0x0000000709400000| PB 0x0000000709400000| Untracked 
|  46|0x0000000709600000, 0x0000000709600000, 0x0000000709800000|  0%| F|  |TAMS 0x0000000709600000| PB 0x0000000709600000| Untracked 
|  47|0x0000000709800000, 0x0000000709800000, 0x0000000709a00000|  0%| F|  |TAMS 0x0000000709800000| PB 0x0000000709800000| Untracked 
|  48|0x0000000709a00000, 0x0000000709a00000, 0x0000000709c00000|  0%| F|  |TAMS 0x0000000709a00000| PB 0x0000000709a00000| Untracked 
|  49|0x0000000709c00000, 0x0000000709c00000, 0x0000000709e00000|  0%| F|  |TAMS 0x0000000709c00000| PB 0x0000000709c00000| Untracked 
|  50|0x0000000709e00000, 0x0000000709e00000, 0x000000070a000000|  0%| F|  |TAMS 0x0000000709e00000| PB 0x0000000709e00000| Untracked 
|  51|0x000000070a000000, 0x000000070a000000, 0x000000070a200000|  0%| F|  |TAMS 0x000000070a000000| PB 0x000000070a000000| Untracked 
|  52|0x000000070a200000, 0x000000070a200000, 0x000000070a400000|  0%| F|  |TAMS 0x000000070a200000| PB 0x000000070a200000| Untracked 
|  53|0x000000070a400000, 0x000000070a600000, 0x000000070a600000|100%| S|CS|TAMS 0x000000070a400000| PB 0x000000070a400000| Complete 
|  54|0x000000070a600000, 0x000000070a800000, 0x000000070a800000|100%| S|CS|TAMS 0x000000070a600000| PB 0x000000070a600000| Complete 
|  55|0x000000070a800000, 0x000000070aa00000, 0x000000070aa00000|100%| S|CS|TAMS 0x000000070a800000| PB 0x000000070a800000| Complete 
|  56|0x000000070aa00000, 0x000000070ac00000, 0x000000070ac00000|100%| S|CS|TAMS 0x000000070aa00000| PB 0x000000070aa00000| Complete 
|  57|0x000000070ac00000, 0x000000070ac00000, 0x000000070ae00000|  0%| F|  |TAMS 0x000000070ac00000| PB 0x000000070ac00000| Untracked 
|  58|0x000000070ae00000, 0x000000070ae00000, 0x000000070b000000|  0%| F|  |TAMS 0x000000070ae00000| PB 0x000000070ae00000| Untracked 
|  59|0x000000070b000000, 0x000000070b000000, 0x000000070b200000|  0%| F|  |TAMS 0x000000070b000000| PB 0x000000070b000000| Untracked 
|  60|0x000000070b200000, 0x000000070b200000, 0x000000070b400000|  0%| F|  |TAMS 0x000000070b200000| PB 0x000000070b200000| Untracked 
|  61|0x000000070b400000, 0x000000070b400000, 0x000000070b600000|  0%| F|  |TAMS 0x000000070b400000| PB 0x000000070b400000| Untracked 
|  62|0x000000070b600000, 0x000000070b600000, 0x000000070b800000|  0%| F|  |TAMS 0x000000070b600000| PB 0x000000070b600000| Untracked 
|  63|0x000000070b800000, 0x000000070b800000, 0x000000070ba00000|  0%| F|  |TAMS 0x000000070b800000| PB 0x000000070b800000| Untracked 
|  64|0x000000070ba00000, 0x000000070ba00000, 0x000000070bc00000|  0%| F|  |TAMS 0x000000070ba00000| PB 0x000000070ba00000| Untracked 
|  65|0x000000070bc00000, 0x000000070bc00000, 0x000000070be00000|  0%| F|  |TAMS 0x000000070bc00000| PB 0x000000070bc00000| Untracked 
|  66|0x000000070be00000, 0x000000070be00000, 0x000000070c000000|  0%| F|  |TAMS 0x000000070be00000| PB 0x000000070be00000| Untracked 
|  67|0x000000070c000000, 0x000000070c000000, 0x000000070c200000|  0%| F|  |TAMS 0x000000070c000000| PB 0x000000070c000000| Untracked 
|  68|0x000000070c200000, 0x000000070c200000, 0x000000070c400000|  0%| F|  |TAMS 0x000000070c200000| PB 0x000000070c200000| Untracked 
|  69|0x000000070c400000, 0x000000070c400000, 0x000000070c600000|  0%| F|  |TAMS 0x000000070c400000| PB 0x000000070c400000| Untracked 
|  70|0x000000070c600000, 0x000000070c600000, 0x000000070c800000|  0%| F|  |TAMS 0x000000070c600000| PB 0x000000070c600000| Untracked 
|  71|0x000000070c800000, 0x000000070c800000, 0x000000070ca00000|  0%| F|  |TAMS 0x000000070c800000| PB 0x000000070c800000| Untracked 
|  72|0x000000070ca00000, 0x000000070ca00000, 0x000000070cc00000|  0%| F|  |TAMS 0x000000070ca00000| PB 0x000000070ca00000| Untracked 
|  73|0x000000070cc00000, 0x000000070cc00000, 0x000000070ce00000|  0%| F|  |TAMS 0x000000070cc00000| PB 0x000000070cc00000| Untracked 
|  74|0x000000070ce00000, 0x000000070ce00000, 0x000000070d000000|  0%| F|  |TAMS 0x000000070ce00000| PB 0x000000070ce00000| Untracked 
|  75|0x000000070d000000, 0x000000070d000000, 0x000000070d200000|  0%| F|  |TAMS 0x000000070d000000| PB 0x000000070d000000| Untracked 
|  76|0x000000070d200000, 0x000000070d200000, 0x000000070d400000|  0%| F|  |TAMS 0x000000070d200000| PB 0x000000070d200000| Untracked 
|  77|0x000000070d400000, 0x000000070d500800, 0x000000070d600000| 50%| E|  |TAMS 0x000000070d400000| PB 0x000000070d400000| Complete 
|  78|0x000000070d600000, 0x000000070d800000, 0x000000070d800000|100%| E|CS|TAMS 0x000000070d600000| PB 0x000000070d600000| Complete 
|  79|0x000000070d800000, 0x000000070da00000, 0x000000070da00000|100%| E|CS|TAMS 0x000000070d800000| PB 0x000000070d800000| Complete 
|  80|0x000000070da00000, 0x000000070dc00000, 0x000000070dc00000|100%| E|CS|TAMS 0x000000070da00000| PB 0x000000070da00000| Complete 
|  81|0x000000070dc00000, 0x000000070de00000, 0x000000070de00000|100%| E|CS|TAMS 0x000000070dc00000| PB 0x000000070dc00000| Complete 
|  82|0x000000070de00000, 0x000000070e000000, 0x000000070e000000|100%| E|CS|TAMS 0x000000070de00000| PB 0x000000070de00000| Complete 
|  83|0x000000070e000000, 0x000000070e200000, 0x000000070e200000|100%| E|CS|TAMS 0x000000070e000000| PB 0x000000070e000000| Complete 
|  84|0x000000070e200000, 0x000000070e400000, 0x000000070e400000|100%| E|CS|TAMS 0x000000070e200000| PB 0x000000070e200000| Complete 
|  85|0x000000070e400000, 0x000000070e600000, 0x000000070e600000|100%| E|CS|TAMS 0x000000070e400000| PB 0x000000070e400000| Complete 
|  86|0x000000070e600000, 0x000000070e800000, 0x000000070e800000|100%| E|CS|TAMS 0x000000070e600000| PB 0x000000070e600000| Complete 
|  87|0x000000070e800000, 0x000000070ea00000, 0x000000070ea00000|100%| E|CS|TAMS 0x000000070e800000| PB 0x000000070e800000| Complete 
|  88|0x000000070ea00000, 0x000000070ec00000, 0x000000070ec00000|100%| E|CS|TAMS 0x000000070ea00000| PB 0x000000070ea00000| Complete 
|  89|0x000000070ec00000, 0x000000070ee00000, 0x000000070ee00000|100%| E|CS|TAMS 0x000000070ec00000| PB 0x000000070ec00000| Complete 
|  90|0x000000070ee00000, 0x000000070f000000, 0x000000070f000000|100%| E|CS|TAMS 0x000000070ee00000| PB 0x000000070ee00000| Complete 
|  91|0x000000070f000000, 0x000000070f200000, 0x000000070f200000|100%| E|CS|TAMS 0x000000070f000000| PB 0x000000070f000000| Complete 
|  92|0x000000070f200000, 0x000000070f400000, 0x000000070f400000|100%| E|CS|TAMS 0x000000070f200000| PB 0x000000070f200000| Complete 
|  93|0x000000070f400000, 0x000000070f600000, 0x000000070f600000|100%| E|CS|TAMS 0x000000070f400000| PB 0x000000070f400000| Complete 
|  94|0x000000070f600000, 0x000000070f800000, 0x000000070f800000|100%| E|CS|TAMS 0x000000070f600000| PB 0x000000070f600000| Complete 
|  95|0x000000070f800000, 0x000000070fa00000, 0x000000070fa00000|100%| E|CS|TAMS 0x000000070f800000| PB 0x000000070f800000| Complete 
|  96|0x000000070fa00000, 0x000000070fc00000, 0x000000070fc00000|100%| E|CS|TAMS 0x000000070fa00000| PB 0x000000070fa00000| Complete 
|  97|0x000000070fc00000, 0x000000070fe00000, 0x000000070fe00000|100%| E|CS|TAMS 0x000000070fc00000| PB 0x000000070fc00000| Complete 
|  98|0x000000070fe00000, 0x0000000710000000, 0x0000000710000000|100%| E|CS|TAMS 0x000000070fe00000| PB 0x000000070fe00000| Complete 
|  99|0x0000000710000000, 0x0000000710200000, 0x0000000710200000|100%| E|CS|TAMS 0x0000000710000000| PB 0x0000000710000000| Complete 
| 100|0x0000000710200000, 0x0000000710400000, 0x0000000710400000|100%| E|CS|TAMS 0x0000000710200000| PB 0x0000000710200000| Complete 
| 101|0x0000000710400000, 0x0000000710600000, 0x0000000710600000|100%| E|CS|TAMS 0x0000000710400000| PB 0x0000000710400000| Complete 
| 102|0x0000000710600000, 0x0000000710800000, 0x0000000710800000|100%| E|CS|TAMS 0x0000000710600000| PB 0x0000000710600000| Complete 
| 103|0x0000000710800000, 0x0000000710a00000, 0x0000000710a00000|100%| E|CS|TAMS 0x0000000710800000| PB 0x0000000710800000| Complete 
| 104|0x0000000710a00000, 0x0000000710c00000, 0x0000000710c00000|100%| E|CS|TAMS 0x0000000710a00000| PB 0x0000000710a00000| Complete 
| 105|0x0000000710c00000, 0x0000000710e00000, 0x0000000710e00000|100%| E|CS|TAMS 0x0000000710c00000| PB 0x0000000710c00000| Complete 
| 106|0x0000000710e00000, 0x0000000711000000, 0x0000000711000000|100%| E|CS|TAMS 0x0000000710e00000| PB 0x0000000710e00000| Complete 
| 107|0x0000000711000000, 0x0000000711200000, 0x0000000711200000|100%| E|CS|TAMS 0x0000000711000000| PB 0x0000000711000000| Complete 
| 108|0x0000000711200000, 0x0000000711400000, 0x0000000711400000|100%| E|CS|TAMS 0x0000000711200000| PB 0x0000000711200000| Complete 
| 109|0x0000000711400000, 0x0000000711600000, 0x0000000711600000|100%| E|CS|TAMS 0x0000000711400000| PB 0x0000000711400000| Complete 
| 110|0x0000000711600000, 0x0000000711800000, 0x0000000711800000|100%| E|CS|TAMS 0x0000000711600000| PB 0x0000000711600000| Complete 
| 111|0x0000000711800000, 0x0000000711a00000, 0x0000000711a00000|100%| E|CS|TAMS 0x0000000711800000| PB 0x0000000711800000| Complete 
| 112|0x0000000711a00000, 0x0000000711c00000, 0x0000000711c00000|100%| E|CS|TAMS 0x0000000711a00000| PB 0x0000000711a00000| Complete 
| 113|0x0000000711c00000, 0x0000000711e00000, 0x0000000711e00000|100%| E|CS|TAMS 0x0000000711c00000| PB 0x0000000711c00000| Complete 
| 114|0x0000000711e00000, 0x0000000712000000, 0x0000000712000000|100%| E|CS|TAMS 0x0000000711e00000| PB 0x0000000711e00000| Complete 
| 115|0x0000000712000000, 0x0000000712200000, 0x0000000712200000|100%| E|CS|TAMS 0x0000000712000000| PB 0x0000000712000000| Complete 
| 116|0x0000000712200000, 0x0000000712400000, 0x0000000712400000|100%| E|CS|TAMS 0x0000000712200000| PB 0x0000000712200000| Complete 
| 117|0x0000000712400000, 0x0000000712600000, 0x0000000712600000|100%| E|CS|TAMS 0x0000000712400000| PB 0x0000000712400000| Complete 
| 118|0x0000000712600000, 0x0000000712800000, 0x0000000712800000|100%| E|CS|TAMS 0x0000000712600000| PB 0x0000000712600000| Complete 
| 119|0x0000000712800000, 0x0000000712a00000, 0x0000000712a00000|100%| E|CS|TAMS 0x0000000712800000| PB 0x0000000712800000| Complete 
| 120|0x0000000712a00000, 0x0000000712c00000, 0x0000000712c00000|100%| E|CS|TAMS 0x0000000712a00000| PB 0x0000000712a00000| Complete 
| 121|0x0000000712c00000, 0x0000000712e00000, 0x0000000712e00000|100%| E|CS|TAMS 0x0000000712c00000| PB 0x0000000712c00000| Complete 
| 122|0x0000000712e00000, 0x0000000713000000, 0x0000000713000000|100%| E|CS|TAMS 0x0000000712e00000| PB 0x0000000712e00000| Complete 
| 123|0x0000000713000000, 0x0000000713200000, 0x0000000713200000|100%| E|CS|TAMS 0x0000000713000000| PB 0x0000000713000000| Complete 
| 124|0x0000000713200000, 0x0000000713400000, 0x0000000713400000|100%| E|CS|TAMS 0x0000000713200000| PB 0x0000000713200000| Complete 
| 125|0x0000000713400000, 0x0000000713600000, 0x0000000713600000|100%| E|CS|TAMS 0x0000000713400000| PB 0x0000000713400000| Complete 
| 126|0x0000000713600000, 0x0000000713800000, 0x0000000713800000|100%| E|CS|TAMS 0x0000000713600000| PB 0x0000000713600000| Complete 

Card table byte_map: [0x000001dd9bcb0000,0x000001dd9c4a0000] _byte_map_base: 0x000001dd98493000

Marking Bits: (CMBitMap*) 0x000001dd83b84c60
 Bits: [0x000001dd9c4a0000, 0x000001dda03b8000)

Polling page: 0x000001dd818e0000

Metaspace:

Usage:
  Non-class:      9.23 MB used.
      Class:    706.43 KB used.
       Both:      9.92 MB used.

Virtual space:
  Non-class space:       64.00 MB reserved,       9.31 MB ( 15%) committed,  1 nodes.
      Class space:        1.00 GB reserved,     832.00 KB ( <1%) committed,  1 nodes.
             Both:        1.06 GB reserved,      10.12 MB ( <1%) committed. 

Chunk freelists:
   Non-Class:  5.69 MB
       Class:  15.22 MB
        Both:  20.91 MB

MaxMetaspaceSize: unlimited
CompressedClassSpaceSize: 1.00 GB
Initial GC threshold: 21.00 MB
Current GC threshold: 21.00 MB
CDS: on
 - commit_granule_bytes: 65536.
 - commit_granule_words: 8192.
 - virtual_space_node_default_size: 8388608.
 - enlarge_chunks_in_place: 1.
 - use_allocation_guard: 0.


Internal statistics:

num_allocs_failed_limit: 0.
num_arena_births: 256.
num_arena_deaths: 0.
num_vsnodes_births: 2.
num_vsnodes_deaths: 0.
num_space_committed: 160.
num_space_uncommitted: 0.
num_chunks_returned_to_freelist: 0.
num_chunks_taken_from_freelist: 572.
num_chunk_merges: 0.
num_chunk_splits: 393.
num_chunks_enlarged: 268.
num_inconsistent_stats: 0.

CodeHeap 'non-profiled nmethods': size=120000Kb used=1487Kb max_used=1487Kb free=118512Kb
 bounds [0x000001dd93a40000, 0x000001dd93cb0000, 0x000001dd9af70000]
CodeHeap 'profiled nmethods': size=120000Kb used=4573Kb max_used=4573Kb free=115426Kb
 bounds [0x000001dd8bf70000, 0x000001dd8c3f0000, 0x000001dd934a0000]
CodeHeap 'non-nmethods': size=5760Kb used=2725Kb max_used=2756Kb free=3034Kb
 bounds [0x000001dd934a0000, 0x000001dd93760000, 0x000001dd93a40000]
 total_blobs=3838 nmethods=2562 adapters=1181
 compilation: enabled
              stopped_count=0, restarted_count=0
 full_count=0

Compilation events (20 events):
Event: 135.881 Thread 0x000001dda2a00560 2553       4       java.nio.DirectByteBuffer$Deallocator::<init> (41 bytes)
Event: 135.882 Thread 0x000001dda2a00560 nmethod 2553 0x000001dd93baae10 code [0x000001dd93baafa0, 0x000001dd93bab030]
Event: 138.608 Thread 0x000001dda2a00560 2554   !   4       java.nio.DirectByteBuffer::<init> (171 bytes)
Event: 138.622 Thread 0x000001dda2a00560 nmethod 2554 0x000001dd93bab110 code [0x000001dd93bab380, 0x000001dd93bac410]
Event: 210.630 Thread 0x000001dda2a00560 2555 % !   4       java.lang.ref.Reference::processPendingReferences @ 27 (118 bytes)
Event: 210.644 Thread 0x000001dda2a00560 nmethod 2555% 0x000001dd93bacc10 code [0x000001dd93bace40, 0x000001dd93badb18]
Event: 210.645 Thread 0x000001dda2a00560 2556   !   4       java.lang.ref.Reference::processPendingReferences (118 bytes)
Event: 210.654 Thread 0x000001dda2a00560 nmethod 2556 0x000001dd93bade90 code [0x000001dd93bae100, 0x000001dd93baefc0]
Event: 435.752 Thread 0x000001dda31e0890 2557 %     3       jade.Window::loop @ 25 (239 bytes)
Event: 435.755 Thread 0x000001dda31e0890 nmethod 2557% 0x000001dd8c3e1410 code [0x000001dd8c3e1920, 0x000001dd8c3e36c8]
Event: 443.008 Thread 0x000001dda31e0890 2558       3       jade.Window::loop (239 bytes)
Event: 443.010 Thread 0x000001dda31e0890 nmethod 2558 0x000001dd8c3e4290 code [0x000001dd8c3e47a0, 0x000001dd8c3e63a8]
Event: 443.433 Thread 0x000001dda2a00560 2559       4       renderer.Renderer::render (46 bytes)
Event: 443.436 Thread 0x000001dda2a00560 nmethod 2559 0x000001dd93baf390 code [0x000001dd93baf580, 0x000001dd93baf8b0]
Event: 727.574 Thread 0x000001dda2a00560 2560 %     4       jade.Window::loop @ 25 (239 bytes)
Event: 727.664 Thread 0x000001dda2a00560 nmethod 2560% 0x000001dd93bafc10 code [0x000001dd93bb0160, 0x000001dd93bb20f8]
Event: 1180.654 Thread 0x000001dda31e0890 2561       3       java.lang.PublicMethods$Key::matches (31 bytes)
Event: 1180.655 Thread 0x000001dda31e0890 nmethod 2561 0x000001dd8c3e6f10 code [0x000001dd8c3e70e0, 0x000001dd8c3e7410]
Event: 1180.655 Thread 0x000001dda31e0890 2562       1       java.lang.Enum::name (5 bytes)
Event: 1180.655 Thread 0x000001dda31e0890 nmethod 2562 0x000001dd93bb3990 code [0x000001dd93bb3b20, 0x000001dd93bb3bf0]

GC Heap History (20 events):
Event: 435.106 GC heap before
{Heap before GC invocations=7 (full 0):
 garbage-first heap   total 260096K, used 158692K [0x0000000703a00000, 0x0000000800000000)
  region size 2048K, 76 young (155648K), 6 survivors (12288K)
 Metaspace       used 10066K, committed 10304K, reserved 1114112K
  class space    used 694K, committed 832K, reserved 1048576K
}
Event: 435.144 GC heap after
{Heap after GC invocations=8 (full 0):
 garbage-first heap   total 260096K, used 15037K [0x0000000703a00000, 0x0000000800000000)
  region size 2048K, 6 young (12288K), 6 survivors (12288K)
 Metaspace       used 10066K, committed 10304K, reserved 1114112K
  class space    used 694K, committed 832K, reserved 1048576K
}
Event: 510.758 GC heap before
{Heap before GC invocations=8 (full 0):
 garbage-first heap   total 260096K, used 160445K [0x0000000703a00000, 0x0000000800000000)
  region size 2048K, 76 young (155648K), 6 survivors (12288K)
 Metaspace       used 10069K, committed 10304K, reserved 1114112K
  class space    used 694K, committed 832K, reserved 1048576K
}
Event: 510.807 GC heap after
{Heap after GC invocations=9 (full 0):
 garbage-first heap   total 260096K, used 16485K [0x0000000703a00000, 0x0000000800000000)
  region size 2048K, 5 young (10240K), 5 survivors (10240K)
 Metaspace       used 10069K, committed 10304K, reserved 1114112K
  class space    used 694K, committed 832K, reserved 1048576K
}
Event: 586.266 GC heap before
{Heap before GC invocations=9 (full 0):
 garbage-first heap   total 260096K, used 161893K [0x0000000703a00000, 0x0000000800000000)
  region size 2048K, 76 young (155648K), 5 survivors (10240K)
 Metaspace       used 10069K, committed 10304K, reserved 1114112K
  class space    used 694K, committed 832K, reserved 1048576K
}
Event: 586.326 GC heap after
{Heap after GC invocations=10 (full 0):
 garbage-first heap   total 260096K, used 16790K [0x0000000703a00000, 0x0000000800000000)
  region size 2048K, 6 young (12288K), 6 survivors (12288K)
 Metaspace       used 10069K, committed 10304K, reserved 1114112K
  class space    used 694K, committed 832K, reserved 1048576K
}
Event: 661.997 GC heap before
{Heap before GC invocations=10 (full 0):
 garbage-first heap   total 260096K, used 160150K [0x0000000703a00000, 0x0000000800000000)
  region size 2048K, 76 young (155648K), 6 survivors (12288K)
 Metaspace       used 10069K, committed 10304K, reserved 1114112K
  class space    used 694K, committed 832K, reserved 1048576K
}
Event: 662.036 GC heap after
{Heap after GC invocations=11 (full 0):
 garbage-first heap   total 260096K, used 16485K [0x0000000703a00000, 0x0000000800000000)
  region size 2048K, 5 young (10240K), 5 survivors (10240K)
 Metaspace       used 10069K, committed 10304K, reserved 1114112K
  class space    used 694K, committed 832K, reserved 1048576K
}
Event: 738.434 GC heap before
{Heap before GC invocations=11 (full 0):
 garbage-first heap   total 260096K, used 161893K [0x0000000703a00000, 0x0000000800000000)
  region size 2048K, 76 young (155648K), 5 survivors (10240K)
 Metaspace       used 10069K, committed 10304K, reserved 1114112K
  class space    used 694K, committed 832K, reserved 1048576K
}
Event: 738.499 GC heap after
{Heap after GC invocations=12 (full 0):
 garbage-first heap   total 260096K, used 17392K [0x0000000703a00000, 0x0000000800000000)
  region size 2048K, 6 young (12288K), 6 survivors (12288K)
 Metaspace       used 10069K, committed 10304K, reserved 1114112K
  class space    used 694K, committed 832K, reserved 1048576K
}
Event: 816.266 GC heap before
{Heap before GC invocations=12 (full 0):
 garbage-first heap   total 260096K, used 160752K [0x0000000703a00000, 0x0000000800000000)
  region size 2048K, 76 young (155648K), 6 survivors (12288K)
 Metaspace       used 10069K, committed 10304K, reserved 1114112K
  class space    used 694K, committed 832K, reserved 1048576K
}
Event: 816.299 GC heap after
{Heap after GC invocations=13 (full 0):
 garbage-first heap   total 260096K, used 16485K [0x0000000703a00000, 0x0000000800000000)
  region size 2048K, 5 young (10240K), 5 survivors (10240K)
 Metaspace       used 10069K, committed 10304K, reserved 1114112K
  class space    used 694K, committed 832K, reserved 1048576K
}
Event: 893.813 GC heap before
{Heap before GC invocations=13 (full 0):
 garbage-first heap   total 260096K, used 161893K [0x0000000703a00000, 0x0000000800000000)
  region size 2048K, 76 young (155648K), 5 survivors (10240K)
 Metaspace       used 10069K, committed 10304K, reserved 1114112K
  class space    used 694K, committed 832K, reserved 1048576K
}
Event: 893.869 GC heap after
{Heap after GC invocations=14 (full 0):
 garbage-first heap   total 260096K, used 16786K [0x0000000703a00000, 0x0000000800000000)
  region size 2048K, 6 young (12288K), 6 survivors (12288K)
 Metaspace       used 10069K, committed 10304K, reserved 1114112K
  class space    used 694K, committed 832K, reserved 1048576K
}
Event: 970.814 GC heap before
{Heap before GC invocations=14 (full 0):
 garbage-first heap   total 260096K, used 164242K [0x0000000703a00000, 0x0000000800000000)
  region size 2048K, 76 young (155648K), 6 survivors (12288K)
 Metaspace       used 10069K, committed 10304K, reserved 1114112K
  class space    used 694K, committed 832K, reserved 1048576K
}
Event: 970.846 GC heap after
{Heap after GC invocations=15 (full 0):
 garbage-first heap   total 260096K, used 18327K [0x0000000703a00000, 0x0000000800000000)
  region size 2048K, 5 young (10240K), 5 survivors (10240K)
 Metaspace       used 10069K, committed 10304K, reserved 1114112K
  class space    used 694K, committed 832K, reserved 1048576K
}
Event: 1045.280 GC heap before
{Heap before GC invocations=15 (full 0):
 garbage-first heap   total 260096K, used 163735K [0x0000000703a00000, 0x0000000800000000)
  region size 2048K, 76 young (155648K), 5 survivors (10240K)
 Metaspace       used 10069K, committed 10304K, reserved 1114112K
  class space    used 694K, committed 832K, reserved 1048576K
}
Event: 1045.304 GC heap after
{Heap after GC invocations=16 (full 0):
 garbage-first heap   total 260096K, used 18839K [0x0000000703a00000, 0x0000000800000000)
  region size 2048K, 6 young (12288K), 6 survivors (12288K)
 Metaspace       used 10069K, committed 10304K, reserved 1114112K
  class space    used 694K, committed 832K, reserved 1048576K
}
Event: 1125.413 GC heap before
{Heap before GC invocations=16 (full 0):
 garbage-first heap   total 260096K, used 162199K [0x0000000703a00000, 0x0000000800000000)
  region size 2048K, 76 young (155648K), 6 survivors (12288K)
 Metaspace       used 10069K, committed 10304K, reserved 1114112K
  class space    used 694K, committed 832K, reserved 1048576K
}
Event: 1125.461 GC heap after
{Heap after GC invocations=17 (full 0):
 garbage-first heap   total 260096K, used 18396K [0x0000000703a00000, 0x0000000800000000)
  region size 2048K, 4 young (8192K), 4 survivors (8192K)
 Metaspace       used 10069K, committed 10304K, reserved 1114112K
  class space    used 694K, committed 832K, reserved 1048576K
}

Dll operation events (15 events):
Event: 0.017 Loaded shared library D:\jdk-21.0.1\bin\java.dll
Event: 0.058 Loaded shared library D:\jdk-21.0.1\bin\jsvml.dll
Event: 0.134 Loaded shared library D:\jdk-21.0.1\bin\zip.dll
Event: 0.137 Loaded shared library D:\jdk-21.0.1\bin\instrument.dll
Event: 0.147 Loaded shared library D:\jdk-21.0.1\bin\net.dll
Event: 0.152 Loaded shared library D:\jdk-21.0.1\bin\nio.dll
Event: 0.157 Loaded shared library D:\jdk-21.0.1\bin\zip.dll
Event: 0.209 Loaded shared library D:\IntelliJ IDEA Community Edition 2023.3.3\bin\breakgen64.dll
Event: 0.227 Loaded shared library D:\jdk-21.0.1\bin\extnet.dll
Event: 0.304 Loaded shared library D:\jdk-21.0.1\bin\jimage.dll
Event: 0.332 Loaded shared library C:\Users\Vu\AppData\Local\Temp\lwjglVu\3.3.1-build-7\lwjgl.dll
Event: 0.814 Loaded shared library C:\Users\Vu\AppData\Local\Temp\lwjglVu\3.3.1-build-7\lwjgl_opengl.dll
Event: 1.536 Loaded shared library C:\Users\Vu\AppData\Local\Temp\imgui-java-natives_1708519824488\imgui-java64.dll
Event: 1.935 Loaded shared library D:\jdk-21.0.1\bin\verify.dll
Event: 2.059 Loaded shared library C:\Users\Vu\AppData\Local\Temp\lwjglVu\3.3.1-build-7\lwjgl_stb.dll

Deoptimization events (20 events):
Event: 30.286 Thread 0x000001dd819339b0 Uncommon trap: trap_request=0xffffff45 fr.pc=0x000001dd93b430bc relative=0x000000000000061c
Event: 30.286 Thread 0x000001dd819339b0 Uncommon trap: reason=unstable_if action=reinterpret pc=0x000001dd93b430bc method=imgui.glfw.ImGuiImplGlfw.updateMousePosAndButtons()V @ 110 c2
Event: 30.286 Thread 0x000001dd819339b0 DEOPT PACKING pc=0x000001dd93b430bc sp=0x0000001956afefb0
Event: 30.286 Thread 0x000001dd819339b0 DEOPT UNPACKING pc=0x000001dd934f7da2 sp=0x0000001956afef28 mode 2
Event: 134.870 Thread 0x000001dd819339b0 Uncommon trap: trap_request=0xffffff45 fr.pc=0x000001dd93b1af54 relative=0x0000000000000e54
Event: 134.870 Thread 0x000001dd819339b0 Uncommon trap: reason=unstable_if action=reinterpret pc=0x000001dd93b1af54 method=java.nio.Bits.tryReserveMemory(JJ)Z @ 30 c2
Event: 134.870 Thread 0x000001dd819339b0 DEOPT PACKING pc=0x000001dd93b1af54 sp=0x0000001956afefa0
Event: 134.870 Thread 0x000001dd819339b0 DEOPT UNPACKING pc=0x000001dd934f7da2 sp=0x0000001956afee08 mode 2
Event: 134.893 Thread 0x000001dda29ee890 DEOPT PACKING pc=0x000001dd8c3dcd1f sp=0x00000019572ff070
Event: 134.893 Thread 0x000001dda29ee890 DEOPT UNPACKING pc=0x000001dd934f88e2 sp=0x00000019572fe530 mode 0
Event: 134.897 Thread 0x000001dda29ee890 Uncommon trap: trap_request=0xffffff45 fr.pc=0x000001dd93ba8aa8 relative=0x0000000000000a08
Event: 134.897 Thread 0x000001dda29ee890 Uncommon trap: reason=unstable_if action=reinterpret pc=0x000001dd93ba8aa8 method=java.lang.ref.Reference.processPendingReferences()V @ 28 c2
Event: 134.897 Thread 0x000001dda29ee890 DEOPT PACKING pc=0x000001dd93ba8aa8 sp=0x00000019572ff090
Event: 134.897 Thread 0x000001dda29ee890 DEOPT UNPACKING pc=0x000001dd934f7da2 sp=0x00000019572ff038 mode 2
Event: 210.645 Thread 0x000001dda29ee890 DEOPT PACKING pc=0x000001dd8c3ddc99 sp=0x00000019572ff090
Event: 210.645 Thread 0x000001dda29ee890 DEOPT UNPACKING pc=0x000001dd934f88e2 sp=0x00000019572fe530 mode 0
Event: 285.227 Thread 0x000001dda29ee890 DEOPT PACKING pc=0x000001dd8c3ddc99 sp=0x00000019572ff090
Event: 285.227 Thread 0x000001dda29ee890 DEOPT UNPACKING pc=0x000001dd934f88e2 sp=0x00000019572fe530 mode 0
Event: 788.272 Thread 0x000001dd819339b0 DEOPT PACKING pc=0x000001dd8c3e351b sp=0x0000001956aff070
Event: 788.272 Thread 0x000001dd819339b0 DEOPT UNPACKING pc=0x000001dd934f88e2 sp=0x0000001956afe5a8 mode 0

Classes loaded (20 events):
Event: 1180.652 Loading class jdk/internal/logger/AbstractLoggerWrapper
Event: 1180.652 Loading class jdk/internal/logger/AbstractLoggerWrapper done
Event: 1180.652 Loading class jdk/internal/logger/LazyLoggers$LazyLoggerWrapper done
Event: 1180.652 Loading class jdk/internal/logger/LazyLoggers$JdkLazyLogger done
Event: 1180.652 Loading class jdk/internal/logger/LazyLoggers$LazyLoggerAccessor
Event: 1180.652 Loading class jdk/internal/logger/LazyLoggers$LoggerAccessor
Event: 1180.652 Loading class jdk/internal/logger/LazyLoggers$LoggerAccessor done
Event: 1180.652 Loading class jdk/internal/logger/LazyLoggers$LazyLoggerAccessor done
Event: 1180.652 Loading class java/lang/System$Logger$Level
Event: 1180.652 Loading class java/lang/System$Logger$Level done
Event: 1180.653 Loading class jdk/internal/logger/SurrogateLogger
Event: 1180.653 Loading class jdk/internal/logger/SimpleConsoleLogger
Event: 1180.653 Loading class sun/util/logging/PlatformLogger$ConfigurableBridge$LoggerConfiguration
Event: 1180.653 Loading class sun/util/logging/PlatformLogger$ConfigurableBridge$LoggerConfiguration done
Event: 1180.653 Loading class jdk/internal/logger/SimpleConsoleLogger done
Event: 1180.653 Loading class jdk/internal/logger/SurrogateLogger done
Event: 1180.654 Loading class sun/util/logging/PlatformLogger
Event: 1180.655 Loading class sun/util/logging/PlatformLogger done
Event: 1180.655 Loading class sun/util/logging/PlatformLogger$Level
Event: 1180.655 Loading class sun/util/logging/PlatformLogger$Level done

Classes unloaded (0 events):
No events

Classes redefined (0 events):
No events

Internal exceptions (20 events):
Event: 0.812 Thread 0x000001dd819339b0 Exception <a 'sun/nio/fs/WindowsException'{0x0000000712ed36f8}> (0x0000000712ed36f8) 
thrown [s\open\src\hotspot\share\prims\jni.cpp, line 520]
Event: 0.812 Thread 0x000001dd819339b0 Exception <a 'sun/nio/fs/WindowsException'{0x0000000712ed3a78}> (0x0000000712ed3a78) 
thrown [s\open\src\hotspot\share\prims\jni.cpp, line 520]
Event: 0.816 Thread 0x000001dd819339b0 Exception <a 'sun/nio/fs/WindowsException'{0x0000000712eda958}> (0x0000000712eda958) 
thrown [s\open\src\hotspot\share\prims\jni.cpp, line 520]
Event: 0.816 Thread 0x000001dd819339b0 Exception <a 'sun/nio/fs/WindowsException'{0x0000000712edac18}> (0x0000000712edac18) 
thrown [s\open\src\hotspot\share\prims\jni.cpp, line 520]
Event: 1.094 Thread 0x000001dda29f2a70 Exception <a 'java/lang/NoSuchMethodError'{0x0000000712d20b18}: 'java.lang.Object java.lang.invoke.Invokers$Holder.invokeExact_MT(java.lang.Object, java.lang.Object, java.lang.Object, java.lang.Object, java.lang.Object, java.lang.Object)'> (0x0000000712d20b18) 
thrown [s\open\src\hotspot\share\interpreter\linkResolver.cpp, line 773]
Event: 1.233 Thread 0x000001dd819339b0 Exception <a 'sun/nio/fs/WindowsException'{0x0000000712ba3930}> (0x0000000712ba3930) 
thrown [s\open\src\hotspot\share\prims\jni.cpp, line 520]
Event: 1.580 Thread 0x000001dd819339b0 Exception <a 'java/lang/NoSuchMethodError'{0x0000000712bfacc8}: 'void java.lang.invoke.DirectMethodHandle$Holder.invokeVirtual(java.lang.Object, java.lang.Object, long, int)'> (0x0000000712bfacc8) 
thrown [s\open\src\hotspot\share\interpreter\linkResolver.cpp, line 773]
Event: 1.931 Thread 0x000001dd819339b0 Exception <a 'sun/nio/fs/WindowsException'{0x00000007124e85d0}> (0x00000007124e85d0) 
thrown [s\open\src\hotspot\share\prims\jni.cpp, line 520]
Event: 2.027 Thread 0x000001dd819339b0 Exception <a 'java/lang/NoSuchMethodError'{0x0000000712552cf0}: 'void java.lang.System.load(java.lang.String, java.lang.Class)'> (0x0000000712552cf0) 
thrown [s\open\src\hotspot\share\interpreter\linkResolver.cpp, line 773]
Event: 2.028 Thread 0x000001dd819339b0 Exception <a 'java/lang/NoSuchMethodError'{0x00000007125adc70}: 'void java.lang.System.loadLibrary(java.lang.String, java.lang.Class)'> (0x00000007125adc70) 
thrown [s\open\src\hotspot\share\interpreter\linkResolver.cpp, line 773]
Event: 2.037 Thread 0x000001dd819339b0 Exception <a 'sun/nio/fs/WindowsException'{0x00000007125bc888}> (0x00000007125bc888) 
thrown [s\open\src\hotspot\share\prims\jni.cpp, line 520]
Event: 2.037 Thread 0x000001dd819339b0 Exception <a 'sun/nio/fs/WindowsException'{0x00000007125bcbe8}> (0x00000007125bcbe8) 
thrown [s\open\src\hotspot\share\prims\jni.cpp, line 520]
Event: 5.202 Thread 0x000001dd819339b0 Exception <a 'java/lang/NoSuchMethodError'{0x00000007132a7358}: 'void java.lang.invoke.DelegatingMethodHandle$Holder.reinvoke_L(java.lang.Object, java.lang.Object, int)'> (0x00000007132a7358) 
thrown [s\open\src\hotspot\share\interpreter\linkResolver.cpp, line 773]
Event: 5.203 Thread 0x000001dd819339b0 Exception <a 'java/lang/NoSuchMethodError'{0x00000007132adb68}: 'int java.lang.invoke.Invokers$Holder.invokeExact_MT(java.lang.Object, java.lang.Object, java.lang.Object)'> (0x00000007132adb68) 
thrown [s\open\src\hotspot\share\interpreter\linkResolver.cpp, line 773]
Event: 5.208 Thread 0x000001dd819339b0 Exception <a 'java/lang/NoSuchMethodError'{0x00000007132de090}: 'float java.lang.invoke.DelegatingMethodHandle$Holder.reinvoke_L(java.lang.Object, java.lang.Object)'> (0x00000007132de090) 
thrown [s\open\src\hotspot\share\interpreter\linkResolver.cpp, line 773]
Event: 5.209 Thread 0x000001dd819339b0 Exception <a 'java/lang/NoSuchMethodError'{0x00000007132e8270}: 'void java.lang.invoke.DelegatingMethodHandle$Holder.reinvoke_L(java.lang.Object, java.lang.Object, float)'> (0x00000007132e8270) 
thrown [s\open\src\hotspot\share\interpreter\linkResolver.cpp, line 773]
Event: 5.209 Thread 0x000001dd819339b0 Exception <a 'java/lang/NoSuchMethodError'{0x00000007132eeb30}: 'float java.lang.invoke.Invokers$Holder.invokeExact_MT(java.lang.Object, java.lang.Object, java.lang.Object)'> (0x00000007132eeb30) 
thrown [s\open\src\hotspot\share\interpreter\linkResolver.cpp, line 773]
Event: 5.263 Thread 0x000001dd819339b0 Exception <a 'java/lang/NoSuchMethodError'{0x00000007133a83d8}: 'void java.lang.invoke.Invokers$Holder.invokeExact_MT(java.lang.Object, java.lang.Object, java.lang.Object, java.lang.Object)'> (0x00000007133a83d8) 
thrown [s\open\src\hotspot\share\interpreter\linkResolver.cpp, line 773]
Event: 5.264 Thread 0x000001dd819339b0 Exception <a 'java/lang/NoSuchMethodError'{0x00000007133abc48}: 'void java.lang.invoke.Invokers$Holder.invokeExact_MT(java.lang.Object, java.lang.Object, int, java.lang.Object)'> (0x00000007133abc48) 
thrown [s\open\src\hotspot\share\interpreter\linkResolver.cpp, line 773]
Event: 134.897 Thread 0x000001dda29ee890 Implicit null exception at 0x000001dd93ba83d0 to 0x000001dd93ba8a9c

ZGC Phase Switch (0 events):
No events

VM Operations (20 events):
Event: 902.597 Executing VM operation: RendezvousGCThreads done
Event: 970.814 Executing VM operation: G1CollectForAllocation (G1 Evacuation Pause)
Event: 970.846 Executing VM operation: G1CollectForAllocation (G1 Evacuation Pause) done
Event: 1023.026 Executing VM operation: HandshakeAllThreads (HandshakeForDeflation)
Event: 1023.026 Executing VM operation: HandshakeAllThreads (HandshakeForDeflation) done
Event: 1023.026 Executing VM operation: RendezvousGCThreads
Event: 1023.026 Executing VM operation: RendezvousGCThreads done
Event: 1045.280 Executing VM operation: G1CollectForAllocation (G1 Evacuation Pause)
Event: 1045.304 Executing VM operation: G1CollectForAllocation (G1 Evacuation Pause) done
Event: 1083.128 Executing VM operation: HandshakeAllThreads (HandshakeForDeflation)
Event: 1083.128 Executing VM operation: HandshakeAllThreads (HandshakeForDeflation) done
Event: 1083.128 Executing VM operation: RendezvousGCThreads
Event: 1083.128 Executing VM operation: RendezvousGCThreads done
Event: 1125.413 Executing VM operation: G1CollectForAllocation (G1 Evacuation Pause)
Event: 1125.461 Executing VM operation: G1CollectForAllocation (G1 Evacuation Pause) done
Event: 1143.187 Executing VM operation: HandshakeAllThreads (HandshakeForDeflation)
Event: 1143.187 Executing VM operation: HandshakeAllThreads (HandshakeForDeflation) done
Event: 1143.187 Executing VM operation: RendezvousGCThreads
Event: 1143.187 Executing VM operation: RendezvousGCThreads done
Event: 1180.655 Executing VM operation: Exit

Events (20 events):
Event: 0.056 Thread 0x000001dda2a00560 Thread added: 0x000001dda2a00560
Event: 0.056 Thread 0x000001dda31e0890 Thread added: 0x000001dda31e0890
Event: 0.106 Thread 0x000001dda32996f0 Thread added: 0x000001dda32996f0
Event: 0.210 Thread 0x000001dda352af00 Thread added: 0x000001dda352af00
Event: 0.210 Thread 0x000001dda3576390 Thread added: 0x000001dda3576390
Event: 0.843 Thread 0x000001ddf16ddac0 Thread added: 0x000001ddf16ddac0
Event: 1.007 Thread 0x000001ddf16ddac0 Thread exited: 0x000001ddf16ddac0
Event: 1.766 Thread 0x000001ddf17985f0 Thread added: 0x000001ddf17985f0
Event: 2.068 Thread 0x000001ddf17985f0 Thread exited: 0x000001ddf17985f0
Event: 3.424 Thread 0x000001ddf18fb790 Thread added: 0x000001ddf18fb790
Event: 3.601 Thread 0x000001ddf18fb790 Thread exited: 0x000001ddf18fb790
Event: 5.236 Thread 0x000001ddf6a85420 Thread added: 0x000001ddf6a85420
Event: 5.420 Thread 0x000001ddf6a85420 Thread exited: 0x000001ddf6a85420
Event: 6.290 Thread 0x000001ddf203a590 Thread added: 0x000001ddf203a590
Event: 6.621 Thread 0x000001ddf203a590 Thread exited: 0x000001ddf203a590
Event: 12.756 Thread 0x000001ddf68fd3b0 Thread added: 0x000001ddf68fd3b0
Event: 13.698 Thread 0x000001ddf68fd3b0 Thread exited: 0x000001ddf68fd3b0
Event: 59.127 Thread 0x000001ddf22cb010 Thread added: 0x000001ddf22cb010
Event: 69.579 Thread 0x000001ddf22cb010 Thread exited: 0x000001ddf22cb010
Event: 1180.647 Thread 0x000001ddf202f430 Thread added: 0x000001ddf202f430


Dynamic libraries:
0x00007ff7ee840000 - 0x00007ff7ee850000 	D:\jdk-21.0.1\bin\java.exe
0x00007ffe1b1b0000 - 0x00007ffe1b3c7000 	C:\WINDOWS\SYSTEM32\ntdll.dll
0x00007ffe199f0000 - 0x00007ffe19ab4000 	C:\WINDOWS\System32\KERNEL32.DLL
0x00007ffe187d0000 - 0x00007ffe18b76000 	C:\WINDOWS\System32\KERNELBASE.dll
0x00007ffe18db0000 - 0x00007ffe18ec1000 	C:\WINDOWS\System32\ucrtbase.dll
0x00007ffe106c0000 - 0x00007ffe106d9000 	D:\jdk-21.0.1\bin\jli.dll
0x00007ffe1aa40000 - 0x00007ffe1aaf3000 	C:\WINDOWS\System32\ADVAPI32.dll
0x00007ffe106e0000 - 0x00007ffe106fb000 	D:\jdk-21.0.1\bin\VCRUNTIME140.dll
0x00007ffe1a690000 - 0x00007ffe1a737000 	C:\WINDOWS\System32\msvcrt.dll
0x00007ffe18f00000 - 0x00007ffe18fa8000 	C:\WINDOWS\System32\sechost.dll
0x00007ffe18570000 - 0x00007ffe18598000 	C:\WINDOWS\System32\bcrypt.dll
0x00007ffe197e0000 - 0x00007ffe198f7000 	C:\WINDOWS\System32\RPCRT4.dll
0x00007ffe1a880000 - 0x00007ffe1aa2e000 	C:\WINDOWS\System32\USER32.dll
0x00007ffe18ed0000 - 0x00007ffe18ef6000 	C:\WINDOWS\System32\win32u.dll
0x00007ffe19900000 - 0x00007ffe19929000 	C:\WINDOWS\System32\GDI32.dll
0x00007ffdf6ba0000 - 0x00007ffdf6e33000 	C:\WINDOWS\WinSxS\amd64_microsoft.windows.common-controls_6595b64144ccf1df_6.0.22621.2506_none_270c5ae97388e100\COMCTL32.dll
0x00007ffe185a0000 - 0x00007ffe186b8000 	C:\WINDOWS\System32\gdi32full.dll
0x00007ffe18730000 - 0x00007ffe187ca000 	C:\WINDOWS\System32\msvcp_win.dll
0x00007ffe0db10000 - 0x00007ffe0db1a000 	C:\WINDOWS\SYSTEM32\VERSION.dll
0x00007ffe199b0000 - 0x00007ffe199e1000 	C:\WINDOWS\System32\IMM32.DLL
0x00007ffe106b0000 - 0x00007ffe106bc000 	D:\jdk-21.0.1\bin\vcruntime140_1.dll
0x00007ffe09b20000 - 0x00007ffe09bae000 	D:\jdk-21.0.1\bin\msvcp140.dll
0x00007ffdb2e50000 - 0x00007ffdb3b65000 	D:\jdk-21.0.1\bin\server\jvm.dll
0x00007ffe19930000 - 0x00007ffe199a1000 	C:\WINDOWS\System32\WS2_32.dll
0x00007ffe17340000 - 0x00007ffe1738d000 	C:\WINDOWS\SYSTEM32\POWRPROF.dll
0x00007ffe0e060000 - 0x00007ffe0e094000 	C:\WINDOWS\SYSTEM32\WINMM.dll
0x00007ffe17320000 - 0x00007ffe17333000 	C:\WINDOWS\SYSTEM32\UMPDC.dll
0x00007ffe175e0000 - 0x00007ffe175f8000 	C:\WINDOWS\SYSTEM32\kernel.appcore.dll
0x00007ffe106a0000 - 0x00007ffe106aa000 	D:\jdk-21.0.1\bin\jimage.dll
0x00007ffe15fb0000 - 0x00007ffe161e3000 	C:\WINDOWS\SYSTEM32\DBGHELP.DLL
0x00007ffe19290000 - 0x00007ffe19619000 	C:\WINDOWS\System32\combase.dll
0x00007ffe19be0000 - 0x00007ffe19cb7000 	C:\WINDOWS\System32\OLEAUT32.dll
0x00007ffdfe150000 - 0x00007ffdfe182000 	C:\WINDOWS\SYSTEM32\dbgcore.DLL
0x00007ffe184f0000 - 0x00007ffe1856a000 	C:\WINDOWS\System32\bcryptPrimitives.dll
0x00007ffe12210000 - 0x00007ffe1221f000 	D:\jdk-21.0.1\bin\instrument.dll
0x00007ffe09330000 - 0x00007ffe0934f000 	D:\jdk-21.0.1\bin\java.dll
0x00007ffe19d20000 - 0x00007ffe1a57b000 	C:\WINDOWS\System32\SHELL32.dll
0x00007ffe16410000 - 0x00007ffe16d06000 	C:\WINDOWS\SYSTEM32\windows.storage.dll
0x00007ffe162d0000 - 0x00007ffe1640e000 	C:\WINDOWS\SYSTEM32\wintypes.dll
0x00007ffe19ac0000 - 0x00007ffe19bb3000 	C:\WINDOWS\System32\SHCORE.dll
0x00007ffe1a790000 - 0x00007ffe1a7ee000 	C:\WINDOWS\System32\shlwapi.dll
0x00007ffe18420000 - 0x00007ffe18446000 	C:\WINDOWS\SYSTEM32\profapi.dll
0x00007ffe05340000 - 0x00007ffe05417000 	D:\jdk-21.0.1\bin\jsvml.dll
0x00007ffdbe290000 - 0x00007ffdbe2a8000 	D:\jdk-21.0.1\bin\zip.dll
0x00007ffe09a10000 - 0x00007ffe09a20000 	D:\jdk-21.0.1\bin\net.dll
0x00007ffe0eeb0000 - 0x00007ffe0efe7000 	C:\WINDOWS\SYSTEM32\WINHTTP.dll
0x00007ffe17a50000 - 0x00007ffe17ab9000 	C:\WINDOWS\system32\mswsock.dll
0x00007ffe09310000 - 0x00007ffe09326000 	D:\jdk-21.0.1\bin\nio.dll
0x00007ffe120e0000 - 0x00007ffe120fa000 	D:\IntelliJ IDEA Community Edition 2023.3.3\bin\breakgen64.dll
0x00007ffe09300000 - 0x00007ffe09307000 	D:\jdk-21.0.1\bin\extnet.dll
0x00007ffe09970000 - 0x00007ffe099e5000 	C:\Users\Vu\AppData\Local\Temp\lwjglVu\3.3.1-build-7\lwjgl.dll
0x00007ffe09a80000 - 0x00007ffe09ae1000 	C:\Users\Vu\AppData\Local\Temp\lwjglVu\3.3.1-build-7\glfw.dll
0x00007ffdf49e0000 - 0x00007ffdf4a26000 	C:\WINDOWS\SYSTEM32\dinput8.dll
0x00007ffdbe410000 - 0x00007ffdbe421000 	C:\WINDOWS\SYSTEM32\xinput1_4.dll
0x00007ffe181e0000 - 0x00007ffe1822e000 	C:\WINDOWS\SYSTEM32\cfgmgr32.dll
0x00007ffe181b0000 - 0x00007ffe181dc000 	C:\WINDOWS\SYSTEM32\DEVOBJ.dll
0x00007ffe12f40000 - 0x00007ffe12f6b000 	C:\WINDOWS\SYSTEM32\dwmapi.dll
0x00007ffded560000 - 0x00007ffded76a000 	C:\WINDOWS\SYSTEM32\inputhost.dll
0x00007ffe12840000 - 0x00007ffe12974000 	C:\WINDOWS\SYSTEM32\CoreMessaging.dll
0x00007ffe12cf0000 - 0x00007ffe12d9b000 	C:\WINDOWS\system32\uxtheme.dll
0x00007ffe17d80000 - 0x00007ffe17d8c000 	C:\WINDOWS\SYSTEM32\CRYPTBASE.DLL
0x00007ffe19680000 - 0x00007ffe197d1000 	C:\WINDOWS\System32\MSCTF.dll
0x00007ffdecbb0000 - 0x00007ffdeccb0000 	C:\WINDOWS\SYSTEM32\opengl32.dll
0x00007ffe06370000 - 0x00007ffe0639d000 	C:\WINDOWS\SYSTEM32\GLU32.dll
0x00007ffe15660000 - 0x00007ffe15699000 	C:\WINDOWS\SYSTEM32\dxcore.dll
0x00007ffe0e0a0000 - 0x00007ffe0e0ea000 	C:\WINDOWS\SYSTEM32\directxdatabasehelper.dll
0x00007ffe19030000 - 0x00007ffe190e0000 	C:\WINDOWS\System32\clbcatq.dll
0x00007ffdc9e30000 - 0x00007ffdcae23000 	C:\WINDOWS\System32\DriverStore\FileRepository\iigd_dch.inf_amd64_5802b1615520e41c\igxelpicd64.dll
0x00007ffe190e0000 - 0x00007ffe19280000 	C:\WINDOWS\System32\ole32.dll
0x00007ffe12e20000 - 0x00007ffe12f18000 	C:\WINDOWS\system32\dxgi.dll
0x00007ffe002c0000 - 0x00007ffe005a7000 	C:\WINDOWS\System32\DriverStore\FileRepository\iigd_dch.inf_amd64_5802b1615520e41c\igdml64.dll
0x00007ffe0a6c0000 - 0x00007ffe0aa87000 	C:\WINDOWS\System32\DriverStore\FileRepository\iigd_dch.inf_amd64_5802b1615520e41c\igdgmm64.dll
0x00007ffe00a00000 - 0x00007ffe04011000 	C:\WINDOWS\System32\DriverStore\FileRepository\iigd_dch.inf_amd64_5802b1615520e41c\igc64.dll
0x00007ffe056a0000 - 0x00007ffe057ea000 	C:\WINDOWS\SYSTEM32\textinputframework.dll
0x00007ffe0d290000 - 0x00007ffe0d5fc000 	C:\WINDOWS\SYSTEM32\CoreUIComponents.dll
0x00007ffdffee0000 - 0x00007ffe00077000 	C:\Users\Vu\AppData\Local\Temp\lwjglVu\3.3.1-build-7\OpenAL.dll
0x00007ffe042a0000 - 0x00007ffe0433d000 	C:\WINDOWS\System32\MMDevApi.dll
0x00007ffe06180000 - 0x00007ffe0636c000 	C:\WINDOWS\SYSTEM32\AUDIOSES.DLL
0x00007ffe15900000 - 0x00007ffe15915000 	C:\WINDOWS\SYSTEM32\resourcepolicyclient.dll
0x00007ffe09f20000 - 0x00007ffe09f7d000 	C:\Users\Vu\AppData\Local\Temp\lwjglVu\3.3.1-build-7\lwjgl_opengl.dll
0x0000000064a00000 - 0x0000000064d10000 	C:\Users\Vu\AppData\Local\Temp\imgui-java-natives_1708519824488\imgui-java64.dll
0x00007ffe17da0000 - 0x00007ffe17dbb000 	C:\WINDOWS\SYSTEM32\CRYPTSP.dll
0x00007ffe17540000 - 0x00007ffe17575000 	C:\WINDOWS\system32\rsaenh.dll
0x00007ffdd9af0000 - 0x00007ffdd9b00000 	D:\jdk-21.0.1\bin\verify.dll
0x00007ffe09560000 - 0x00007ffe095e1000 	C:\Users\Vu\AppData\Local\Temp\lwjglVu\3.3.1-build-7\lwjgl_stb.dll

dbghelp: loaded successfully - version: 4.0.5 - missing functions: none
symbol engine: initialized successfully - sym options: 0x614 - pdb path: .;D:\jdk-21.0.1\bin;C:\WINDOWS\SYSTEM32;C:\WINDOWS\WinSxS\amd64_microsoft.windows.common-controls_6595b64144ccf1df_6.0.22621.2506_none_270c5ae97388e100;D:\jdk-21.0.1\bin\server;D:\IntelliJ IDEA Community Edition 2023.3.3\bin;C:\Users\Vu\AppData\Local\Temp\lwjglVu\3.3.1-build-7;C:\WINDOWS\System32\DriverStore\FileRepository\iigd_dch.inf_amd64_5802b1615520e41c;C:\Users\Vu\AppData\Local\Temp\imgui-java-natives_1708519824488

VM Arguments:
jvm_args: -javaagent:D:\IntelliJ IDEA Community Edition 2023.3.3\lib\idea_rt.jar=58239:D:\IntelliJ IDEA Community Edition 2023.3.3\bin -Dfile.encoding=UTF-8 -Dsun.stdout.encoding=UTF-8 -Dsun.stderr.encoding=UTF-8 
java_command: main.Main
java_class_path (initial): D:\ducky-game\target\classes;C:\Users\Vu\.m2\repository\io\github\spair\imgui-java-app\1.81.0\imgui-java-app-1.81.0.jar;C:\Users\Vu\.m2\repository\org\lwjgl\lwjgl\3.3.1\lwjgl-3.3.1-natives-linux.jar;C:\Users\Vu\.m2\repository\org\lwjgl\lwjgl-glfw\3.3.1\lwjgl-glfw-3.3.1-natives-linux.jar;C:\Users\Vu\.m2\repository\org\lwjgl\lwjgl-opengl\3.3.1\lwjgl-opengl-3.3.1-natives-linux.jar;C:\Users\Vu\.m2\repository\org\lwjgl\lwjgl\3.3.1\lwjgl-3.3.1-natives-macos.jar;C:\Users\Vu\.m2\repository\org\lwjgl\lwjgl-glfw\3.3.1\lwjgl-glfw-3.3.1-natives-macos.jar;C:\Users\Vu\.m2\repository\org\lwjgl\lwjgl-opengl\3.3.1\lwjgl-opengl-3.3.1-natives-macos.jar;C:\Users\Vu\.m2\repository\io\github\spair\imgui-java-binding\1.81.0\imgui-java-binding-1.81.0.jar;C:\Users\Vu\.m2\repository\io\github\spair\imgui-java-lwjgl3\1.81.0\imgui-java-lwjgl3-1.81.0.jar;C:\Users\Vu\.m2\repository\org\lwjgl\lwjgl\3.3.1\lwjgl-3.3.1.jar;C:\Users\Vu\.m2\repository\com\google\code\gson\gson\2.10.1\gson-2.10.1.jar;C:\Users\Vu\.m2\repository\org\openjfx\javafx-controls\21\javafx-controls-21.jar;C:\Users\Vu\.m2\repository\org\openjfx\javafx-controls\21\javafx-controls-21-win.jar;C:\Users\Vu\.m2\repository\org\openjfx\javafx-graphics\21\javafx-graphics-21.jar;C:\Users\Vu\.m2\repository\org\openjfx\javafx-graphics\21\javafx-graphics-21-win.jar;C:\Users\Vu\.m2\repository\org\openjfx\javafx-base\21\javafx-base-21.jar;C:\Users\Vu\.m2\repository\org\openjfx\javafx-base\21\javafx-base-21-win.jar;C:\Users\Vu\.m2\repository\org\openjfx\javafx-fxml\21\javafx-fxml-21.jar;C:\Users\Vu\.m2\repository\org\openjfx\javafx-fxml\21\javafx-fxml-21-win.jar;C:\Users\Vu\.m2\repository\org\lwjgl\lwjgl-nfd\3.3.1\lwjgl-nfd-3.3.1.jar;C:\Users\Vu\.m2\repository\org\lwjgl\lwjgl-assimp\3.3.1\lwjgl-assimp-3.3.1.jar;C:\Users\Vu\.m2\repository\org\lwjgl\lwjgl-glfw\3.3.1\lwjgl-glfw-3.3.1.jar;C:\Users\Vu\.m2\repository\org\lwjgl\lwjgl-openal\3.3.1\lwjgl-openal-3.3.1.jar;C:\Users\Vu\.m2\repository\org\lwjgl\lwjgl-opengl\3.3.1\lwjgl-opengl-3.3.1.jar;C:\Users\Vu\.m2\repository\org\lwjgl\lwjgl-stb\3.3.1\lwjgl-stb-3.3.1.jar;C:\Users\Vu\.m2\repository\org\lwjgl\lwjgl\3.3.1\lwjgl-3.3.1-natives-windows.jar;C:\Users\Vu\.m2\repository\org\lwjgl\lwjgl-assimp\3.3.1\lwjgl-assimp-3.3.1-natives-windows.jar;C:\Users\Vu\.m2\repository\org\lwjgl\lwjgl-glfw\3.3.1\lwjgl-glfw-3.3.1-natives-windows.jar;C:\Users\Vu\.m2\repository\org\lwjgl\lwjgl-openal\3.3.1\lwjgl-openal-3.3.1-natives-windows.jar;C:\Users\Vu\.m2\repository\org\lwjgl\lwjgl-opengl\3.3.1\lwjgl-opengl-3.3.1-natives-windows.jar;C:\Users\Vu\.m2\repository\org\mongodb\mongodb-driver\3.12.14\mongodb-driver-3.12.14.jar;C:\Users\Vu\.m2\repository\org\mongodb\bson\3.12.14\bson-3.12.14.jar;C:\Users\Vu\.m2\repository\org\mongodb\mongodb-driver-core\3.12.14\mongodb-driver-core-3.12.14.jar;C:\Users\Vu\.m2\repository\org\lwjgl\lwjgl-stb\3.3.1\lwjgl-stb-3.3.1-natives-windows.jar;C:\Users\Vu\.m2\repository\org\lwjgl\lwjgl-nfd\3.3.1\lwjgl-nfd-3.3.1-natives-windows.jar;C:\Users\Vu\.m2\repository\org\jbox2d\jbox2d-library\2.2.1.1\jbox2d-library-2.2.1.1.jar;C:\Users\Vu\.m2\repository\org\joml\joml\1.9.24\joml-1.9.24.jar
Launcher Type: SUN_STANDARD

[Global flags]
     intx CICompilerCount                          = 4                                         {product} {ergonomic}
     uint ConcGCThreads                            = 3                                         {product} {ergonomic}
     uint G1ConcRefinementThreads                  = 10                                        {product} {ergonomic}
   size_t G1HeapRegionSize                         = 2097152                                   {product} {ergonomic}
    uintx GCDrainStackTargetSize                   = 64                                        {product} {ergonomic}
   size_t InitialHeapSize                          = 266338304                                 {product} {ergonomic}
   size_t MarkStackSize                            = 4194304                                   {product} {ergonomic}
   size_t MaxHeapSize                              = 4234149888                                {product} {ergonomic}
   size_t MaxNewSize                               = 2539651072                                {product} {ergonomic}
   size_t MinHeapDeltaBytes                        = 2097152                                   {product} {ergonomic}
   size_t MinHeapSize                              = 8388608                                   {product} {ergonomic}
    uintx NonNMethodCodeHeapSize                   = 5839372                                {pd product} {ergonomic}
    uintx NonProfiledCodeHeapSize                  = 122909434                              {pd product} {ergonomic}
    uintx ProfiledCodeHeapSize                     = 122909434                              {pd product} {ergonomic}
    uintx ReservedCodeCacheSize                    = 251658240                              {pd product} {ergonomic}
     bool SegmentedCodeCache                       = true                                      {product} {ergonomic}
   size_t SoftMaxHeapSize                          = 4234149888                             {manageable} {ergonomic}
     bool UseCompressedOops                        = true                           {product lp64_product} {ergonomic}
     bool UseG1GC                                  = true                                      {product} {ergonomic}
     bool UseLargePagesIndividualAllocation        = false                                  {pd product} {ergonomic}

Logging:
Log output configuration:
 #0: stdout all=off uptime,level,tags foldmultilines=false
 #1: stderr all=off uptime,level,tags foldmultilines=false

Environment Variables:
PATH=C:\Program Files\Common Files\Oracle\Java\javapath;C:\Windows\system32;C:\Windows;C:\Windows\System32\Wbem;C:\Windows\System32\WindowsPowerShell\v1.0\;C:\Windows\System32\OpenSSH\;C:\Program Files (x86)\NVIDIA Corporation\PhysX\Common;C:\Program Files\NVIDIA Corporation\NVIDIA NvDLISR;C:\WINDOWS\system32;C:\WINDOWS;C:\WINDOWS\System32\Wbem;C:\WINDOWS\System32\WindowsPowerShell\v1.0\;C:\WINDOWS\System32\OpenSSH\;C:\Program Files\Git\cmd;C:\Users\Vu\AppData\Local\Microsoft\WindowsApps;
USERNAME=Vu
OS=Windows_NT
PROCESSOR_IDENTIFIER=Intel64 Family 6 Model 141 Stepping 1, GenuineIntel
TMP=C:\Users\Vu\AppData\Local\Temp
TEMP=C:\Users\Vu\AppData\Local\Temp




Periodic native trim disabled

---------------  S Y S T E M  ---------------

OS:
 Windows 11 , 64 bit Build 22621 (10.0.22621.3085)
OS uptime: 1 days 4:25 hours
Hyper-V role detected

CPU: total 12 (initial active 12) (6 cores per cpu, 2 threads per core) family 6 model 141 stepping 1 microcode 0x3c, cx8, cmov, fxsr, ht, mmx, 3dnowpref, sse, sse2, sse3, ssse3, sse4.1, sse4.2, popcnt, lzcnt, tsc, tscinvbit, avx, avx2, aes, erms, clmul, bmi1, bmi2, adx, avx512f, avx512dq, avx512cd, avx512bw, avx512vl, sha, fma, vzeroupper, avx512_vpopcntdq, avx512_vpclmulqdq, avx512_vaes, avx512_vnni, clflush, clflushopt, clwb, avx512_vbmi2, avx512_vbmi, hv, rdtscp, rdpid, fsrm, gfni, avx512_bitalg, f16c, cet_ibt, cet_ss, avx512_ifma
Processor Information for all 12 processors :
  Max Mhz: 2688, Current Mhz: 2688, Mhz Limit: 2688

Memory: 4k page, system-wide physical 16147M (3567M free)
TotalPageFile size 22547M (AvailPageFile size 3408M)
current process WorkingSet (physical memory assigned to process): 469M, peak: 478M
current process commit charge ("private bytes"): 516M, peak: 536M

vm_info: Java HotSpot(TM) 64-Bit Server VM (21.0.1+12-LTS-29) for windows-amd64 JRE (21.0.1+12-LTS-29), built on 2023-10-05T13:27:09Z by "mach5one" with MS VC++ 17.1 (VS2022)

END.
